[14:50:39.5921][1][Info]: enter Launch procedure 
[14:50:39.7133][1][Info]: ===>加载配置 
[14:50:41.3918][1][Info]: ===>开始解析BuffConfig 
[14:50:41.3918][1][Info]: <===解析BuffConfig完毕 
[14:50:41.3918][1][Info]: ===>开始解析SkillConfig 
[14:50:41.4177][1][Info]: <===解析SkillConfig完毕 
[14:50:41.4177][1][Info]: <===配置加载完毕 
[14:50:41.4935][2][Info]: enter Init Procedure 
[14:50:41.5048][2][Warn]: Not found awake system:<PlayerComponent> 
[14:50:44.5594][203][Info]: 登录 
[14:50:44.5594][203][Info]: 1001 
[14:50:44.5748][203][Info]: 大厅阶段 
[14:50:44.6407][204][Info]: Scene Add Entity, Current Count:1 
[14:50:49.0043][629][Info]: Scene Remove Entity, Current Count:0 
[14:50:49.0043][629][Info]: Scene Add Entity, Current Count:1 
[14:50:51.9433][958][Info]: 2=====transform.position======== 
[14:50:51.9528][959][Info]: 4=====transform.position======== 
[14:50:51.9764][962][Info]: 5=====transform.position======== 
[14:50:51.9934][964][Info]: 5=====transform.position======== 
[14:50:52.0164][967][Info]: 5=====transform.position======== 
[14:50:52.0404][969][Info]: 5=====transform.position======== 
[14:50:52.0524][970][Info]: 5=====transform.position======== 
[14:50:52.0767][972][Info]: 5=====transform.position======== 
[14:50:52.0942][974][Info]: 3=====transform.position======== 
[14:50:52.1182][977][Info]: 1=====transform.position======== 
[14:50:52.1343][979][Info]: 0=====transform.position======== 
[14:50:53.4143][1153][Info]: 2=====transform.position======== 
[14:50:53.4373][1156][Info]: 4=====transform.position======== 
[14:50:53.4583][1158][Info]: 5=====transform.position======== 
[14:50:53.4744][1160][Info]: 5=====transform.position======== 
[14:50:53.4973][1163][Info]: 5=====transform.position======== 
[14:50:53.5133][1165][Info]: 5=====transform.position======== 
[14:50:53.5383][1168][Info]: 3=====transform.position======== 
[14:50:53.5545][1170][Info]: 1=====transform.position======== 
[14:50:53.5773][1173][Info]: 0=====transform.position======== 
[14:50:55.3750][1402][Info]: 2=====transform.position======== 
[14:50:55.3985][1405][Info]: 4=====transform.position======== 
[14:50:55.4145][1407][Info]: 5=====transform.position======== 
[14:50:55.4382][1410][Info]: 5=====transform.position======== 
[14:50:55.4582][1412][Info]: 5=====transform.position======== 
[14:50:55.4772][1414][Info]: 5=====transform.position======== 
[14:50:55.4972][1416][Info]: 5=====transform.position======== 
[14:50:55.5132][1418][Info]: 5=====transform.position======== 
[14:50:55.5362][1421][Info]: 5=====transform.position======== 
[14:50:55.5521][1423][Info]: 5=====transform.position======== 
[14:50:55.5772][1426][Info]: 3=====transform.position======== 
[14:50:55.5932][1428][Info]: 1=====transform.position======== 
[14:50:55.6142][1430][Info]: 0=====transform.position======== 
[14:50:56.6312][1568][Info]: 2=====transform.position======== 
[14:50:56.6552][1571][Info]: 4=====transform.position======== 
[14:50:56.6723][1573][Info]: 5=====transform.position======== 
[14:50:56.6965][1575][Info]: 5=====transform.position======== 
[14:50:56.7165][1577][Info]: 5=====transform.position======== 
[14:50:56.7337][1579][Info]: 5=====transform.position======== 
[14:50:56.7564][1582][Info]: 5=====transform.position======== 
[14:50:56.7731][1584][Info]: 5=====transform.position======== 
[14:50:56.7961][1587][Info]: 5=====transform.position======== 
[14:50:56.8121][1589][Info]: 5=====transform.position======== 
[14:50:56.8394][1592][Info]: 5=====transform.position======== 
[14:50:56.8394][1593][Info]: 5=====transform.position======== 
[14:50:56.8762][1596][Info]: 5=====transform.position======== 
[14:50:56.8912][1598][Info]: 5=====transform.position======== 
[14:50:56.9202][1601][Info]: 5=====transform.position======== 
[14:50:56.9362][1603][Info]: 5=====transform.position======== 
[14:50:56.9522][1605][Info]: 5=====transform.position======== 
[14:50:56.9751][1608][Info]: 5=====transform.position======== 
[14:50:56.9961][1610][Info]: 5=====transform.position======== 
[14:50:57.0171][1612][Info]: 5=====transform.position======== 
[14:50:57.0336][1614][Info]: 5=====transform.position======== 
[14:50:57.0582][1617][Info]: 5=====transform.position======== 
[14:50:57.0748][1619][Info]: 5=====transform.position======== 
[14:50:57.0984][1622][Info]: 5=====transform.position======== 
[14:50:57.1144][1624][Info]: 5=====transform.position======== 
[14:50:57.1364][1626][Info]: 5=====transform.position======== 
[14:50:57.1615][1628][Info]: 5=====transform.position======== 
[14:50:57.1713][1629][Info]: 5=====transform.position======== 
[14:50:57.1961][1632][Info]: 5=====transform.position======== 
[14:50:57.2121][1634][Info]: 5=====transform.position======== 
[14:50:57.2371][1637][Info]: 5=====transform.position======== 
[14:50:57.2531][1639][Info]: 5=====transform.position======== 
[14:50:57.2788][1642][Info]: 3=====transform.position======== 
[14:50:57.2995][1644][Info]: 1=====transform.position======== 
[14:50:57.3115][1645][Info]: 0=====transform.position======== 
[14:50:58.3713][1792][Info]: 2=====transform.position======== 
[14:50:58.3943][1795][Info]: 4=====transform.position======== 
[14:50:58.4183][1798][Info]: 5=====transform.position======== 
[14:50:58.4342][1800][Info]: 5=====transform.position======== 
[14:50:58.4562][1802][Info]: 5=====transform.position======== 
[14:50:58.4732][1804][Info]: 5=====transform.position======== 
[14:50:58.4954][1807][Info]: 5=====transform.position======== 
[14:50:58.5114][1809][Info]: 5=====transform.position======== 
[14:50:58.5323][1811][Info]: 5=====transform.position======== 
[14:50:58.5513][1813][Info]: 5=====transform.position======== 
[14:50:58.5713][1815][Info]: 5=====transform.position======== 
[14:50:58.5933][1818][Info]: 5=====transform.position======== 
[14:50:58.6172][1821][Info]: 5=====transform.position======== 
[14:50:58.6332][1823][Info]: 5=====transform.position======== 
[14:50:58.6553][1826][Info]: 5=====transform.position======== 
[14:50:58.6713][1828][Info]: 5=====transform.position======== 
[14:50:58.6963][1830][Info]: 5=====transform.position======== 
[14:50:58.7133][1832][Info]: 5=====transform.position======== 
[14:50:58.7358][1835][Info]: 5=====transform.position======== 
[14:50:58.7514][1837][Info]: 5=====transform.position======== 
[14:50:58.7744][1839][Info]: 3=====transform.position======== 
[14:50:58.7972][1842][Info]: 1=====transform.position======== 
[14:50:58.8132][1844][Info]: 0=====transform.position======== 
[14:51:00.0944][2018][Info]: 2=====transform.position======== 
[14:51:00.1171][2021][Info]: 4=====transform.position======== 
[14:51:00.1331][2023][Info]: 5=====transform.position======== 
[14:51:00.1571][2026][Info]: 5=====transform.position======== 
[14:51:00.1731][2028][Info]: 5=====transform.position======== 
[14:51:00.2012][2031][Info]: 5=====transform.position======== 
[14:51:00.2154][2032][Info]: 5=====transform.position======== 
[14:51:00.2354][2034][Info]: 5=====transform.position======== 
[14:51:00.2581][2037][Info]: 5=====transform.position======== 
[14:51:00.2739][2039][Info]: 5=====transform.position======== 
[14:51:00.2974][2042][Info]: 5=====transform.position======== 
[14:51:00.3133][2044][Info]: 5=====transform.position======== 
[14:51:00.3363][2047][Info]: 5=====transform.position======== 
[14:51:00.3543][2049][Info]: 5=====transform.position======== 
[14:51:00.3794][2051][Info]: 5=====transform.position======== 
[14:51:00.3965][2053][Info]: 5=====transform.position======== 
[14:51:00.4162][2055][Info]: 5=====transform.position======== 
[14:51:00.4312][2056][Info]: 5=====transform.position======== 
[14:51:00.4552][2058][Info]: 5=====transform.position======== 
[14:51:00.4822][2059][Info]: 5=====transform.position======== 
[14:51:00.4822][2060][Info]: 5=====transform.position======== 
[14:51:00.5212][2063][Info]: 5=====transform.position======== 
[14:51:00.5342][2064][Info]: 5=====transform.position======== 
[14:51:00.5562][2067][Info]: 5=====transform.position======== 
[14:51:00.5722][2069][Info]: 5=====transform.position======== 
[14:51:00.5972][2072][Info]: 5=====transform.position======== 
[14:51:00.6112][2073][Info]: 5=====transform.position======== 
[14:51:00.6342][2076][Info]: 5=====transform.position======== 
[14:51:00.6581][2079][Info]: 5=====transform.position======== 
[14:51:00.6792][2081][Info]: 5=====transform.position======== 
[14:51:00.6922][2082][Info]: 5=====transform.position======== 
[14:51:00.7173][2085][Info]: 5=====transform.position======== 
[14:51:00.7343][2087][Info]: 5=====transform.position======== 
[14:51:00.7573][2090][Info]: 5=====transform.position======== 
[14:51:00.7744][2092][Info]: 5=====transform.position======== 
[14:51:00.7986][2095][Info]: 5=====transform.position======== 
[14:51:00.8132][2096][Info]: 5=====transform.position======== 
[14:51:00.8333][2098][Info]: 5=====transform.position======== 
[14:51:00.8543][2100][Info]: 5=====transform.position======== 
[14:51:00.8785][2103][Info]: 5=====transform.position======== 
[14:51:00.8952][2105][Info]: 5=====transform.position======== 
[14:51:00.9122][2107][Info]: 5=====transform.position======== 
[14:51:00.9351][2110][Info]: 5=====transform.position======== 
[14:51:00.9521][2112][Info]: 5=====transform.position======== 
[14:51:00.9771][2115][Info]: 5=====transform.position======== 
[14:51:00.9911][2116][Info]: 3=====transform.position======== 
[14:51:01.0153][2118][Info]: 1=====transform.position======== 
[14:51:01.0323][2120][Info]: 0=====transform.position======== 
[14:51:02.2162][2271][Info]: 2=====transform.position======== 
[14:51:02.2392][2273][Info]: 4=====transform.position======== 
[14:51:02.2582][2275][Info]: 5=====transform.position======== 
[14:51:02.2751][2277][Info]: 5=====transform.position======== 
[14:51:02.2921][2279][Info]: 5=====transform.position======== 
[14:51:02.3182][2282][Info]: 5=====transform.position======== 
[14:51:02.3362][2284][Info]: 5=====transform.position======== 
[14:51:02.3542][2286][Info]: 5=====transform.position======== 
[14:51:02.3833][2288][Info]: 3=====transform.position======== 
[14:51:02.3923][2289][Info]: 1=====transform.position======== 
[14:51:02.4111][2291][Info]: 0=====transform.position======== 
