[10:31:33.0051][1][Info]: enter Launch procedure 
[10:31:33.1221][1][Info]: ===>加载配置 
[10:31:34.4722][1][Info]: ===>开始解析BuffConfig 
[10:31:34.4802][1][Info]: <===解析BuffConfig完毕 
[10:31:34.4802][1][Info]: ===>开始解析SkillConfig 
[10:31:34.4982][1][Info]: <===解析SkillConfig完毕 
[10:31:34.5532][1][Info]: <===配置加载完毕 
[10:31:34.7184][2][Info]: enter Init Procedure 
[10:31:34.7184][2][Warn]: Not found awake system:<PlayerComponent> 
[10:31:48.3443][2592][Info]: 登录 
[10:31:48.3543][2592][Info]: 1001 
[10:31:48.3543][2592][Info]: 大厅阶段 
[10:31:48.4263][2593][Info]: Scene Add Entity, Current Count:1 
[10:31:49.8527][2763][Info]: 0 ----0 
[10:31:49.8557][2763][Info]: Scene Remove Entity, Current Count:0 
[10:31:49.8557][2763][Info]: Scene Add Entity, Current Count:1 
[10:31:49.9399][2764][Info]: 0 ----0 
[10:31:50.0469][2765][Info]: 0 ----0 
[10:31:50.1199][2766][Info]: 0 ----0 
[10:31:50.1199][2767][Info]: 0 ----0 
[10:31:50.1369][2768][Info]: 0 ----0 
[10:31:50.1369][2769][Info]: 0 ----0 
[10:31:50.1369][2770][Info]: 0 ----0 
[10:31:50.1559][2771][Info]: 0 ----0 
[10:31:50.1559][2772][Info]: 0 ----0 
[10:31:50.1718][2773][Info]: 0 ----0 
[10:31:50.1718][2774][Info]: 0 ----0 
[10:31:50.1888][2775][Info]: 0 ----0 
[10:31:50.1888][2776][Info]: 0 ----0 
[10:31:50.2018][2777][Info]: 0 ----0 
[10:31:50.2018][2778][Info]: 0 ----0 
[10:31:50.2138][2779][Info]: 0 ----0 
[10:31:50.2138][2780][Info]: 0 ----0 
[10:31:50.2138][2781][Info]: 0 ----0 
[10:31:50.2348][2782][Info]: 0 ----0 
[10:31:50.2348][2783][Info]: 0 ----0 
[10:31:50.2468][2784][Info]: 0 ----0 
[10:31:50.2468][2785][Info]: 0 ----0 
[10:31:50.2628][2786][Info]: 0 ----0 
[10:31:50.2628][2787][Info]: 0 ----0 
[10:31:50.2758][2788][Info]: 0 ----0 
[10:31:50.2758][2789][Info]: 0 ----0 
[10:31:50.2916][2790][Info]: 0 ----0 
[10:31:50.2916][2791][Info]: 0 ----0 
[10:31:50.2916][2792][Info]: 0 ----0 
[10:31:50.3116][2793][Info]: 0 ----0 
[10:31:50.3116][2794][Info]: 0 ----0 
[10:31:50.3236][2795][Info]: 0 ----0 
[10:31:50.3236][2796][Info]: 0 ----0 
[10:31:50.3386][2797][Info]: 0 ----0 
[10:31:50.3386][2798][Info]: 0 ----0 
[10:31:50.3536][2799][Info]: 0 ----0 
[10:31:50.3536][2800][Info]: 0 ----0 
[10:31:50.3536][2801][Info]: 0 ----0 
[10:31:50.3731][2802][Info]: 0 ----0 
[10:31:50.3731][2803][Info]: 0 ----0 
[10:31:50.3861][2804][Info]: 0 ----0 
[10:31:50.3861][2805][Info]: 0 ----0 
[10:31:50.3861][2806][Info]: 0 ----0 
[10:31:50.4061][2807][Info]: 0 ----0 
[10:31:50.4061][2808][Info]: 0 ----0 
[10:31:50.4191][2809][Info]: 0 ----0 
[10:31:50.4191][2810][Info]: 0 ----0 
[10:31:50.4331][2811][Info]: 0 ----0 
[10:31:50.4331][2812][Info]: 0 ----0 
[10:31:50.4481][2813][Info]: 0 ----0 
[10:31:50.4481][2814][Info]: 0 ----0 
[10:31:50.4481][2815][Info]: 0 ----0 
[10:31:50.4681][2816][Info]: 0 ----0 
[10:31:50.4681][2817][Info]: 0 ----0 
[10:31:50.4799][2818][Info]: 0 ----0 
[10:31:50.4799][2819][Info]: 0 ----0 
[10:31:50.4799][2820][Info]: 0 ----0 
[10:31:50.4989][2821][Info]: 0 ----0 
[10:31:50.4989][2822][Info]: 0 ----0 
[10:31:50.5158][2823][Info]: 0 ----0 
[10:31:50.5158][2824][Info]: 0 ----0 
[10:31:50.5288][2825][Info]: 0 ----0 
[10:31:50.5288][2826][Info]: 0 ----0 
[10:31:50.5439][2827][Info]: 0 ----0 
[10:31:50.5439][2828][Info]: 0 ----0 
[10:31:50.5571][2829][Info]: 0 ----0 
[10:31:50.5571][2830][Info]: 0 ----0 
[10:31:50.5571][2831][Info]: 0 ----0 
[10:31:50.5763][2832][Info]: 0 ----0 
[10:31:50.5763][2833][Info]: 0 ----0 
[10:31:50.5903][2834][Info]: 0 ----0 
[10:31:50.5903][2835][Info]: 0 ----0 
[10:31:50.6053][2836][Info]: 0 ----0 
[10:31:50.6053][2837][Info]: 0 ----0 
[10:31:50.6213][2838][Info]: 0 ----0 
[10:31:50.6213][2839][Info]: 0 ----0 
[10:31:50.6213][2840][Info]: 0 ----0 
[10:31:50.6383][2841][Info]: 0 ----0 
[10:31:50.6383][2842][Info]: 0 ----0 
[10:31:50.6513][2843][Info]: 0 ----0 
[10:31:50.6513][2844][Info]: 0 ----0 
[10:31:50.6513][2845][Info]: 0 ----0 
[10:31:50.6700][2846][Info]: 0 ----0 
[10:31:50.6700][2847][Info]: 0 ----0 
[10:31:50.6830][2848][Info]: 0 ----0 
[10:31:50.6830][2849][Info]: 0 ----0 
[10:31:50.6830][2850][Info]: 0 ----0 
[10:31:50.7016][2851][Info]: 0 ----0 
[10:31:50.7016][2852][Info]: 0 ----0 
[10:31:50.7156][2853][Info]: 0 ----0 
[10:31:50.7156][2854][Info]: 0 ----0 
[10:31:50.7286][2855][Info]: 0 ----0 
[10:31:50.7286][2856][Info]: 0 ----0 
[10:31:50.7476][2857][Info]: 0 ----0 
[10:31:50.7476][2858][Info]: 0 ----0 
[10:31:50.7673][2859][Info]: 0 ----0 
[10:31:50.7760][2860][Info]: 0 ----0 
[10:31:50.7760][2861][Info]: 0 ----0 
[10:31:50.7909][2862][Info]: 0 ----0 
[10:31:50.7909][2863][Info]: 0 ----0 
[10:31:50.7909][2864][Info]: 0 ----0 
[10:31:50.8099][2865][Info]: 0 ----0 
[10:31:50.8099][2866][Info]: 0 ----0 
[10:31:50.8239][2867][Info]: 0 ----0 
[10:31:50.8239][2868][Info]: 0 ----0 
[10:31:50.8409][2869][Info]: 0 ----0 
[10:31:50.8409][2870][Info]: 0 ----0 
[10:31:50.8559][2871][Info]: 0 ----0 
[10:31:50.8559][2872][Info]: 0 ----0 
[10:31:50.8699][2873][Info]: 0 ----0 
[10:31:50.8699][2874][Info]: 0 ----0 
[10:31:50.8869][2875][Info]: 0 ----0 
[10:31:50.8869][2876][Info]: 0 ----0 
[10:31:50.9009][2877][Info]: 0 ----0 
[10:31:50.9009][2878][Info]: 0 ----0 
[10:31:50.9249][2879][Info]: 0 ----0 
[10:31:50.9349][2880][Info]: 0 ----0 
[10:31:50.9349][2881][Info]: 0 ----0 
[10:31:50.9515][2882][Info]: 0 ----0 
[10:31:50.9515][2883][Info]: 0 ----0 
[10:31:50.9655][2884][Info]: 0 ----0 
[10:31:50.9655][2885][Info]: 0 ----0 
[10:31:50.9815][2886][Info]: 0 ----0 
[10:31:50.9815][2887][Info]: 0 ----0 
[10:31:50.9945][2888][Info]: 0 ----0 
[10:31:50.9945][2889][Info]: 0 ----0 
[10:31:51.0154][2890][Info]: 0 ----0 
[10:31:51.0154][2891][Info]: 0 ----0 
[10:31:51.0324][2892][Info]: 0 ----0 
[10:31:51.0324][2893][Info]: 0 ----0 
[10:31:51.0464][2894][Info]: 0 ----0 
[10:31:51.0464][2895][Info]: 0 ----0 
[10:31:51.0614][2896][Info]: 0 ----0 
[10:31:51.0614][2897][Info]: 0 ----0 
[10:31:51.0784][2898][Info]: 0 ----0 
[10:31:51.0904][2899][Info]: 0 ----0 
[10:31:51.0904][2900][Info]: 0 ----0 
[10:31:51.1064][2901][Info]: 0 ----0 
[10:31:51.1064][2902][Info]: 0 ----0 
[10:31:51.1214][2903][Info]: 0 ----0 
[10:31:51.1214][2904][Info]: 0 ----0 
[10:31:51.1374][2905][Info]: 0 ----0 
[10:31:51.1374][2906][Info]: 0 ----0 
[10:31:51.1544][2907][Info]: 0 ----0 
[10:31:51.1544][2908][Info]: 0 ----0 
[10:31:51.1694][2909][Info]: 0 ----0 
[10:31:51.1694][2910][Info]: 0 ----0 
[10:31:51.1874][2911][Info]: 0 ----0 
[10:31:51.1874][2912][Info]: 0 ----0 
[10:31:51.2024][2913][Info]: 0 ----0 
[10:31:51.2024][2914][Info]: 0 ----0 
[10:31:51.2154][2915][Info]: 0 ----0 
[10:31:51.2154][2916][Info]: 0 ----0 
[10:31:51.2324][2917][Info]: 0 ----0 
[10:31:51.2324][2918][Info]: 0 ----0 
[10:31:51.2454][2919][Info]: 0 ----0 
[10:31:51.2454][2920][Info]: 0 ----0 
[10:31:51.2634][2921][Info]: 0 ----0 
[10:31:51.2634][2922][Info]: 0 ----0 
[10:31:51.2774][2923][Info]: 0 ----0 
[10:31:51.2774][2924][Info]: 0 ----0 
[10:31:51.2774][2925][Info]: 0 ----0 
[10:31:51.2982][2926][Info]: 0 ----0 
[10:31:51.2982][2927][Info]: 0 ----0 
[10:31:51.3112][2928][Info]: 0 ----0 
[10:31:51.3112][2929][Info]: 0 ----0 
[10:31:51.3262][2930][Info]: 0 ----0 
[10:31:51.3262][2931][Info]: 0 ----0 
[10:31:51.3422][2932][Info]: 0 ----0 
[10:31:51.3422][2933][Info]: 0 ----0 
[10:31:51.3602][2934][Info]: 0 ----0 
[10:31:51.3602][2935][Info]: 0 ----0 
[10:31:51.3752][2936][Info]: 0 ----0 
[10:31:51.3752][2937][Info]: 0 ----0 
[10:31:51.3891][2938][Info]: 0 ----0 
[10:31:51.3891][2939][Info]: 0 ----0 
[10:31:51.4021][2940][Info]: 0 ----0 
[10:31:51.4021][2941][Info]: 0 ----0 
[10:31:51.4021][2942][Info]: 0 ----0 
[10:31:51.4221][2943][Info]: 0 ----0 
[10:31:51.4321][2944][Info]: 0 ----0 
[10:31:51.4321][2945][Info]: 0 ----0 
[10:31:51.4321][2946][Info]: 0 ----0 
[10:31:51.4511][2947][Info]: 0 ----0 
[10:31:51.4511][2948][Info]: 0 ----0 
[10:31:51.4651][2949][Info]: 0 ----0 
[10:31:51.4651][2950][Info]: 0 ----0 
[10:31:51.4781][2951][Info]: 0 ----0 
[10:31:51.4781][2952][Info]: 0 ----0 
[10:31:51.4781][2953][Info]: 0 ----0 
[10:31:51.4998][2954][Info]: 0 ----0 
[10:31:51.4998][2955][Info]: 0 ----0 
[10:31:51.5128][2956][Info]: 0 ----0 
[10:31:51.5128][2957][Info]: 0 ----0 
[10:31:51.5268][2958][Info]: 0 ----0 
[10:31:51.5268][2959][Info]: 0 ----0 
[10:31:51.5268][2960][Info]: 0 ----0 
[10:31:51.5478][2961][Info]: 0 ----0 
[10:31:51.5478][2962][Info]: 0 ----0 
[10:31:51.5628][2963][Info]: 0 ----0 
[10:31:51.5628][2964][Info]: 0 ----0 
[10:31:51.5758][2965][Info]: 0 ----0 
[10:31:51.5758][2966][Info]: 0 ----0 
[10:31:51.5908][2967][Info]: 0 ----0 
[10:31:51.5908][2968][Info]: 0 ----0 
[10:31:51.6068][2969][Info]: 0 ----0 
[10:31:51.6068][2970][Info]: 0 ----0 
[10:31:51.6207][2971][Info]: 0 ----0 
[10:31:51.6207][2972][Info]: 0 ----0 
[10:31:51.6207][2973][Info]: 0 ----0 
[10:31:51.6377][2974][Info]: 0 ----0 
[10:31:51.6377][2975][Info]: 0 ----0 
[10:31:51.6507][2976][Info]: 0 ----0 
[10:31:51.6507][2977][Info]: 0 ----0 
[10:31:51.6507][2978][Info]: 0 ----0 
[10:31:51.6707][2979][Info]: 0 ----0 
[10:31:51.6707][2980][Info]: 0 ----0 
[10:31:51.6887][2981][Info]: 0 ----0 
[10:31:51.6977][2982][Info]: 0 ----0 
[10:31:51.6977][2983][Info]: 0 ----0 
[10:31:51.6977][2984][Info]: 0 ----0 
[10:31:51.7147][2985][Info]: 0 ----0 
[10:31:51.7147][2986][Info]: 0 ----0 
[10:31:51.7147][2987][Info]: 0 ----0 
[10:31:51.7327][2988][Info]: 0 ----0 
[10:31:51.7327][2989][Info]: 0 ----0 
[10:31:51.7447][2990][Info]: 0 ----0 
[10:31:51.7447][2991][Info]: 0 ----0 
[10:31:51.7607][2992][Info]: 0 ----0 
[10:31:51.7607][2993][Info]: 0 ----0 
[10:31:51.7802][2994][Info]: 0 ----0 
[10:31:51.7802][2995][Info]: 0 ----0 
[10:31:51.7929][2996][Info]: 0 ----0 
[10:31:51.7929][2997][Info]: 0 ----0 
[10:31:51.7929][2998][Info]: 0 ----0 
[10:31:51.8129][2999][Info]: 0 ----0 
[10:31:51.8129][3000][Info]: 0 ----0 
[10:31:51.8289][3001][Info]: 0 ----0 
[10:31:51.8389][3002][Info]: 0 ----0 
[10:31:51.8389][3003][Info]: 0 ----0 
[10:31:51.8616][3004][Info]: 0 ----0 
[10:31:51.8616][3005][Info]: 0 ----0 
[10:31:51.8761][3006][Info]: 0 ----0 
[10:31:51.8761][3007][Info]: 0 ----0 
[10:31:51.8907][3008][Info]: 0 ----0 
[10:31:51.8907][3009][Info]: 0 ----0 
[10:31:51.9047][3010][Info]: 0 ----0 
[10:31:51.9047][3011][Info]: 0 ----0 
[10:31:51.9197][3012][Info]: 0 ----0 
[10:31:51.9197][3013][Info]: 0 ----0 
[10:31:51.9387][3014][Info]: 0 ----0 
[10:31:51.9387][3015][Info]: 0 ----0 
[10:31:51.9526][3016][Info]: 0 ----0 
[10:31:51.9526][3017][Info]: 0 ----0 
[10:31:51.9656][3018][Info]: 0 ----0 
[10:31:51.9656][3019][Info]: 0 ----0 
[10:31:51.9835][3020][Info]: 0 ----0 
[10:31:51.9835][3021][Info]: 0 ----0 
[10:31:52.0005][3022][Info]: 0 ----0 
[10:31:52.0105][3023][Info]: 0 ----0 
[10:31:52.0105][3024][Info]: 0 ----0 
[10:31:52.0305][3025][Info]: 0 ----0 
[10:31:52.0305][3026][Info]: 0 ----0 
[10:31:52.0435][3027][Info]: 0 ----0 
[10:31:52.0435][3028][Info]: 0 ----0 
[10:31:52.0565][3029][Info]: 0 ----0 
[10:31:52.0565][3030][Info]: 0 ----0 
[10:31:52.0725][3031][Info]: 0 ----0 
[10:31:52.0725][3032][Info]: 0 ----0 
[10:31:52.0915][3033][Info]: 0 ----0 
[10:31:52.0915][3034][Info]: 0 ----0 
[10:31:52.1102][3035][Info]: 0 ----0 
[10:31:52.1102][3036][Info]: 0 ----0 
[10:31:52.1252][3037][Info]: 0 ----0 
[10:31:52.1252][3038][Info]: 0 ----0 
[10:31:52.1402][3039][Info]: 0 ----0 
[10:31:52.1402][3040][Info]: 0 ----0 
[10:31:52.1578][3041][Info]: 0 ----0 
[10:31:52.1578][3042][Info]: 0 ----0 
[10:31:52.1728][3043][Info]: 0 ----0 
[10:31:52.1818][3044][Info]: 0 ----0 
[10:31:52.1818][3045][Info]: 0 ----0 
[10:31:52.1818][3046][Info]: 0 ----0 
[10:31:52.2018][3047][Info]: 0 ----0 
[10:31:52.2018][3048][Info]: 0 ----0 
[10:31:52.2138][3049][Info]: 0 ----0 
[10:31:52.2138][3050][Info]: 0 ----0 
[10:31:52.2138][3051][Info]: 0 ----0 
[10:31:52.2338][3052][Info]: 0 ----0 
[10:31:52.2338][3053][Info]: 0 ----0 
[10:31:52.2478][3054][Info]: 0 ----0 
[10:31:52.2478][3055][Info]: 0 ----0 
[10:31:52.2638][3056][Info]: 0 ----0 
[10:31:52.2638][3057][Info]: 0 ----0 
[10:31:52.2780][3058][Info]: 0 ----0 
[10:31:52.2780][3059][Info]: 0 ----0 
[10:31:52.2938][3060][Info]: 0 ----0 
[10:31:52.2938][3061][Info]: 0 ----0 
[10:31:52.3128][3062][Info]: 0 ----0 
[10:31:52.3128][3063][Info]: 0 ----0 
[10:31:52.3287][3064][Info]: 0 ----0 
[10:31:52.3287][3065][Info]: 0 ----0 
[10:31:52.3447][3066][Info]: 0 ----0 
[10:31:52.3447][3067][Info]: 0 ----0 
[10:31:52.3588][3068][Info]: 0 ----0 
[10:31:52.3588][3069][Info]: 0 ----0 
[10:31:52.3728][3070][Info]: 0 ----0 
[10:31:52.3728][3071][Info]: 0 ----0 
[10:31:52.3888][3072][Info]: 0 ----0 
[10:31:52.3888][3073][Info]: 0 ----0 
[10:31:52.4008][3074][Info]: 0 ----0 
[10:31:52.4008][3075][Info]: 0 ----0 
[10:31:52.4158][3076][Info]: 0 ----0 
[10:31:52.4158][3077][Info]: 0 ----0 
[10:31:52.4358][3078][Info]: 0 ----0 
[10:31:52.4358][3079][Info]: 0 ----0 
[10:31:52.4496][3080][Info]: 0 ----0 
[10:31:52.4496][3081][Info]: 0 ----0 
[10:31:52.4656][3082][Info]: 0 ----0 
[10:31:52.4656][3083][Info]: 0 ----0 
[10:31:52.4786][3084][Info]: 0 ----0 
[10:31:52.4786][3085][Info]: 0 ----0 
[10:31:52.4786][3086][Info]: 0 ----0 
[10:31:52.4976][3087][Info]: 0 ----0 
[10:31:52.4976][3088][Info]: 0 ----0 
[10:31:52.5116][3089][Info]: 0 ----0 
[10:31:52.5116][3090][Info]: 0 ----0 
[10:31:52.5276][3091][Info]: 0 ----0 
[10:31:52.5276][3092][Info]: 0 ----0 
[10:31:52.5276][3093][Info]: 0 ----0 
[10:31:52.5446][3094][Info]: 0 ----0 
[10:31:52.5446][3095][Info]: 0 ----0 
[10:31:52.5566][3096][Info]: 0 ----0 
[10:31:52.5566][3097][Info]: 0 ----0 
[10:31:52.5566][3098][Info]: 0 ----0 
[10:31:52.5756][3099][Info]: 0 ----0 
[10:31:52.5756][3100][Info]: 0 ----0 
[10:31:52.5916][3101][Info]: 0 ----0 
[10:31:52.5916][3102][Info]: 0 ----0 
[10:31:52.6075][3103][Info]: 0 ----0 
[10:31:52.6075][3104][Info]: 0 ----0 
[10:31:52.6225][3105][Info]: 0 ----0 
[10:31:52.6225][3106][Info]: 0 ----0 
[10:31:52.6355][3107][Info]: 0 ----0 
[10:31:52.6355][3108][Info]: 0 ----0 
[10:31:52.6355][3109][Info]: 0 ----0 
[10:31:52.6574][3110][Info]: 0 ----0 
[10:31:52.6574][3111][Info]: 0 ----0 
[10:31:52.6724][3112][Info]: 0 ----0 
[10:31:52.6814][3113][Info]: 0 ----0 
[10:31:52.6814][3114][Info]: 0 ----0 
[10:31:52.6814][3115][Info]: 0 ----0 
[10:31:52.7028][3116][Info]: 0 ----0 
[10:31:52.7028][3117][Info]: 0 ----0 
[10:31:52.7168][3118][Info]: 0 ----0 
[10:31:52.7168][3119][Info]: 0 ----0 
[10:31:52.7308][3120][Info]: 0 ----0 
[10:31:52.7308][3121][Info]: 0 ----0 
[10:31:52.7558][3122][Info]: -1 ----0 
[10:31:52.7638][3123][Info]: -1 ----0 
[10:31:52.7638][3124][Info]: -1 ----0 
[10:31:52.7783][3125][Info]: -1 ----0 
[10:31:52.7783][3126][Info]: -1 ----0 
[10:31:52.7923][3127][Info]: -1 ----0 
[10:31:52.7923][3128][Info]: -1 ----0 
[10:31:52.7923][3129][Info]: -1 ----0 
[10:31:52.8093][3130][Info]: -1 ----0 
[10:31:52.8093][3131][Info]: -1 ----0 
[10:31:52.8223][3132][Info]: -1 ----0 
[10:31:52.8223][3133][Info]: -1 ----0 
[10:31:52.8223][3134][Info]: -1 ----0 
[10:31:52.8423][3135][Info]: -1 ----0 
[10:31:52.8423][3136][Info]: -1 ----0 
[10:31:52.8560][3137][Info]: -1 ----0 
[10:31:52.8560][3138][Info]: -1 ----0 
[10:31:52.8560][3139][Info]: -1 ----0 
[10:31:52.8740][3140][Info]: -1 ----0 
[10:31:52.8740][3141][Info]: -1 ----0 
[10:31:52.8867][3142][Info]: -1 ----0 
[10:31:52.8867][3143][Info]: -1 ----0 
[10:31:52.8867][3144][Info]: -1 ----0 
[10:31:52.9047][3145][Info]: -1 ----0 
[10:31:52.9047][3146][Info]: -1 ----0 
[10:31:52.9227][3147][Info]: -1 ----0 
[10:31:52.9227][3148][Info]: -1 ----0 
[10:31:52.9357][3149][Info]: -1 ----0 
[10:31:52.9357][3150][Info]: -1 ----0 
[10:31:52.9357][3151][Info]: -1 ----0 
[10:31:52.9534][3152][Info]: -1 ----0 
[10:31:52.9534][3153][Info]: -1 ----0 
[10:31:52.9654][3154][Info]: -1 ----0 
[10:31:52.9654][3155][Info]: -1 ----0 
[10:31:52.9654][3156][Info]: -1 ----0 
[10:31:52.9834][3157][Info]: -1 ----0 
[10:31:52.9834][3158][Info]: -1 ----0 
[10:31:52.9984][3159][Info]: -1 -----1 
[10:31:52.9984][3160][Info]: -1 -----1 
[10:31:53.0143][3161][Info]: -1 -----1 
[10:31:53.0143][3162][Info]: -1 -----1 
[10:31:53.0273][3163][Info]: -1 -----1 
[10:31:53.0273][3164][Info]: -1 -----1 
[10:31:53.0273][3165][Info]: -1 -----1 
[10:31:53.0454][3166][Info]: -1 -----1 
[10:31:53.0454][3167][Info]: -1 -----1 
[10:31:53.0573][3168][Info]: -1 -----1 
[10:31:53.0573][3169][Info]: -1 -----1 
[10:31:53.0573][3170][Info]: -1 -----1 
[10:31:53.0773][3171][Info]: -1 -----1 
[10:31:53.0773][3172][Info]: -1 -----1 
[10:31:53.0913][3173][Info]: -1 -----1 
[10:31:53.0913][3174][Info]: -1 -----1 
[10:31:53.1067][3175][Info]: -1 -----1 
[10:31:53.1067][3176][Info]: -1 -----1 
[10:31:53.1067][3177][Info]: -1 -----1 
[10:31:53.1237][3178][Info]: -1 -----1 
[10:31:53.1237][3179][Info]: -1 -----1 
[10:31:53.1357][3180][Info]: -1 -----1 
[10:31:53.1357][3181][Info]: -1 -----1 
[10:31:53.1357][3182][Info]: -1 -----1 
[10:31:53.1537][3183][Info]: -1 -----1 
[10:31:53.1662][3184][Info]: -1 -----1 
[10:31:53.1662][3185][Info]: 0 -----1 
[10:31:53.1832][3186][Info]: 0 -----1 
[10:31:53.1832][3187][Info]: 0 -----1 
[10:31:53.1832][3188][Info]: 0 -----1 
[10:31:53.2042][3189][Info]: 0 -----1 
[10:31:53.2042][3190][Info]: 0 -----1 
[10:31:53.2192][3191][Info]: 1 -----1 
[10:31:53.2192][3192][Info]: 1 -----1 
[10:31:53.2332][3193][Info]: 1 -----1 
[10:31:53.2332][3194][Info]: 1 -----1 
[10:31:53.2452][3195][Info]: 1 -----1 
[10:31:53.2452][3196][Info]: 1 -----1 
[10:31:53.2612][3197][Info]: 1 -----1 
[10:31:53.2612][3198][Info]: 1 -----1 
[10:31:53.2752][3199][Info]: 1 -----1 
[10:31:53.2752][3200][Info]: 1 -----1 
[10:31:53.2752][3201][Info]: 1 -----1 
[10:31:53.2942][3202][Info]: 1 ----0 
[10:31:53.2942][3203][Info]: 1 ----0 
[10:31:53.3062][3204][Info]: 1 ----0 
[10:31:53.3062][3205][Info]: 1 ----0 
[10:31:53.3062][3206][Info]: 1 ----0 
[10:31:53.3242][3207][Info]: 1 ----0 
[10:31:53.3242][3208][Info]: 1 ----0 
[10:31:53.3381][3209][Info]: 1 ----0 
[10:31:53.3381][3210][Info]: 1 ----0 
[10:31:53.3381][3211][Info]: 1 ----0 
[10:31:53.3561][3212][Info]: 1 ----0 
[10:31:53.3561][3213][Info]: 1 ----0 
[10:31:53.3701][3214][Info]: 1 ----0 
[10:31:53.3701][3215][Info]: 1 ----0 
[10:31:53.3701][3216][Info]: 1 ----0 
[10:31:53.3881][3217][Info]: 1 ----0 
[10:31:53.3881][3218][Info]: 1 ----0 
[10:31:53.4001][3219][Info]: 1 ----0 
[10:31:53.4001][3220][Info]: 1 ----0 
[10:31:53.4001][3221][Info]: 1 ----0 
[10:31:53.4221][3222][Info]: 1 ----0 
[10:31:53.4221][3223][Info]: 1 ----0 
[10:31:53.4391][3224][Info]: 1 ----0 
[10:31:53.4391][3225][Info]: 1 ----0 
[10:31:53.4521][3226][Info]: 1 ----0 
[10:31:53.4521][3227][Info]: 1 ----0 
[10:31:53.4641][3228][Info]: 1 ----0 
[10:31:53.4641][3229][Info]: 1 ----1 
[10:31:53.4791][3230][Info]: 1 ----1 
[10:31:53.4791][3231][Info]: 1 ----1 
[10:31:53.4791][3232][Info]: 1 ----1 
[10:31:53.4971][3233][Info]: 1 ----1 
[10:31:53.4971][3234][Info]: 1 ----1 
[10:31:53.5131][3235][Info]: 1 ----1 
[10:31:53.5131][3236][Info]: 1 ----1 
[10:31:53.5261][3237][Info]: 1 ----1 
[10:31:53.5261][3238][Info]: 1 ----1 
[10:31:53.5261][3239][Info]: 1 ----1 
[10:31:53.5461][3240][Info]: 0 ----1 
[10:31:53.5461][3241][Info]: 0 ----1 
[10:31:53.5601][3242][Info]: 0 ----1 
[10:31:53.5601][3243][Info]: 0 ----1 
[10:31:53.5741][3244][Info]: 0 ----1 
[10:31:53.5741][3245][Info]: 0 ----1 
[10:31:53.5881][3246][Info]: 0 ----1 
[10:31:53.5881][3247][Info]: 0 ----1 
[10:31:53.5881][3248][Info]: 0 ----1 
[10:31:53.6081][3249][Info]: 0 ----1 
[10:31:53.6081][3250][Info]: 0 ----1 
[10:31:53.6221][3251][Info]: 0 ----1 
[10:31:53.6221][3252][Info]: 0 ----1 
[10:31:53.6351][3253][Info]: 0 ----1 
[10:31:53.6351][3254][Info]: -1 ----1 
[10:31:53.6351][3255][Info]: -1 ----1 
[10:31:53.6561][3256][Info]: -1 ----1 
[10:31:53.6561][3257][Info]: -1 ----1 
[10:31:53.6800][3258][Info]: -1 ----1 
[10:31:53.6940][3259][Info]: -1 ----1 
[10:31:53.7060][3260][Info]: -1 ----0 
[10:31:53.7170][3261][Info]: -1 ----0 
[10:31:53.7390][3262][Info]: -1 ----0 
[10:31:53.7460][3263][Info]: -1 ----0 
[10:31:53.7460][3264][Info]: -1 ----0 
[10:31:53.7634][3265][Info]: -1 ----0 
[10:31:53.7634][3266][Info]: -1 ----0 
[10:31:53.7789][3267][Info]: -1 ----0 
[10:31:53.7789][3268][Info]: -1 ----0 
[10:31:53.7919][3269][Info]: -1 ----0 
[10:31:53.7919][3270][Info]: -1 ----0 
[10:31:53.7919][3271][Info]: -1 ----0 
[10:31:53.8149][3272][Info]: -1 ----0 
[10:31:53.8219][3273][Info]: -1 ----0 
[10:31:53.8219][3274][Info]: -1 ----0 
[10:31:53.8389][3275][Info]: -1 ----0 
[10:31:53.8389][3276][Info]: -1 ----0 
[10:31:53.8579][3277][Info]: -1 ----0 
[10:31:53.8579][3278][Info]: -1 ----0 
[10:31:53.8749][3279][Info]: 0 ----0 
[10:31:53.8749][3280][Info]: 0 ----0 
[10:31:53.8889][3281][Info]: 0 ----0 
[10:31:53.9009][3282][Info]: 1 ----1 
[10:31:53.9009][3283][Info]: 1 ----1 
[10:31:53.9199][3284][Info]: 1 ----1 
[10:31:53.9199][3285][Info]: 1 ----1 
[10:31:53.9369][3286][Info]: 1 ----1 
[10:31:53.9369][3287][Info]: 1 ----1 
[10:31:53.9509][3288][Info]: 1 ----1 
[10:31:53.9509][3289][Info]: 1 ----1 
[10:31:53.9629][3290][Info]: 1 ----1 
[10:31:53.9629][3291][Info]: 1 ----1 
[10:31:53.9629][3292][Info]: 1 ----1 
[10:31:53.9859][3293][Info]: 1 ----1 
[10:31:53.9939][3294][Info]: 1 ----1 
[10:31:53.9939][3295][Info]: 1 ----1 
[10:31:54.0159][3296][Info]: 0 ----1 
[10:31:54.0259][3297][Info]: 0 ----0 
[10:31:54.0259][3298][Info]: 0 ----0 
[10:31:54.0408][3299][Info]: 0 ----0 
[10:31:54.0408][3300][Info]: 0 ----0 
[10:31:54.0408][3301][Info]: 0 ----0 
[10:31:54.0628][3302][Info]: 0 ----0 
[10:31:54.0628][3303][Info]: 0 ----0 
[10:31:54.0775][3304][Info]: 0 ----0 
[10:31:54.0775][3305][Info]: 0 ----0 
[10:31:54.0955][3306][Info]: 0 ----0 
[10:31:54.1051][3307][Info]: 0 ----0 
[10:31:54.1051][3308][Info]: 0 ----0 
[10:31:54.1051][3309][Info]: 0 ----0 
[10:31:54.1241][3310][Info]: 0 ----0 
[10:31:54.1241][3311][Info]: 0 ----0 
[10:31:54.1381][3312][Info]: 0 ----0 
[10:31:54.1381][3313][Info]: 0 ----0 
[10:31:54.1551][3314][Info]: 0 ----0 
[10:31:54.1551][3315][Info]: 0 ----0 
[10:31:54.1701][3316][Info]: 0 ----0 
[10:31:54.1701][3317][Info]: 0 ----0 
[10:31:54.1841][3318][Info]: 0 ----0 
[10:31:54.1841][3319][Info]: 0 ----0 
[10:31:54.1971][3320][Info]: 0 ----0 
[10:31:54.1971][3321][Info]: 0 ----0 
[10:31:54.1971][3322][Info]: 0 ----0 
[10:31:54.2190][3323][Info]: 0 ----0 
[10:31:54.2190][3324][Info]: 0 ----0 
[10:31:54.2331][3325][Info]: 0 ----0 
[10:31:54.2331][3326][Info]: 0 ----0 
[10:31:54.2450][3327][Info]: 0 ----0 
[10:31:54.2450][3328][Info]: 0 ----0 
[10:31:54.2610][3329][Info]: 0 ----0 
[10:31:54.2610][3330][Info]: 0 ----0 
[10:31:54.2752][3331][Info]: 0 ----0 
[10:31:54.2752][3332][Info]: 0 ----0 
[10:31:54.2752][3333][Info]: 0 ----0 
[10:31:54.2931][3334][Info]: 0 ----0 
[10:31:54.2931][3335][Info]: 0 ----0 
[10:31:54.3071][3336][Info]: 0 ----0 
[10:31:54.3071][3337][Info]: 0 ----0 
[10:31:54.3071][3338][Info]: 0 ----0 
[10:31:54.3251][3339][Info]: 0 ----0 
[10:31:54.3251][3340][Info]: 0 ----0 
[10:31:54.3411][3341][Info]: 0 ----0 
[10:31:54.3411][3342][Info]: 0 ----0 
[10:31:54.3551][3343][Info]: 0 ----0 
[10:31:54.3551][3344][Info]: 0 ----0 
[10:31:54.3551][3345][Info]: 0 ----0 
[10:31:54.3740][3346][Info]: 0 ----0 
[10:31:54.3740][3347][Info]: 0 ----0 
[10:31:54.3860][3348][Info]: 0 ----0 
[10:31:54.3860][3349][Info]: 0 ----0 
[10:31:54.3860][3350][Info]: 0 ----0 
[10:31:54.4040][3351][Info]: 0 ----0 
[10:31:54.4040][3352][Info]: 0 ----0 
[10:31:54.4170][3353][Info]: 0 ----0 
[10:31:54.4170][3354][Info]: 0 ----0 
[10:31:54.4330][3355][Info]: 0 ----0 
[10:31:54.4330][3356][Info]: 0 ----0 
[10:31:54.4330][3357][Info]: 0 ----0 
[10:31:54.4520][3358][Info]: 0 ----0 
[10:31:54.4520][3359][Info]: 0 ----0 
[10:31:54.4650][3360][Info]: 0 ----0 
[10:31:54.4650][3361][Info]: 0 ----0 
[10:31:54.4650][3362][Info]: 0 ----0 
[10:31:54.4826][3363][Info]: 0 ----0 
[10:31:54.4826][3364][Info]: 0 ----0 
[10:31:54.4948][3365][Info]: 0 ----0 
[10:31:54.4948][3366][Info]: 0 ----0 
[10:31:54.4948][3367][Info]: 0 ----0 
[10:31:54.5158][3368][Info]: 0 ----0 
[10:31:54.5158][3369][Info]: 0 ----0 
[10:31:54.5298][3370][Info]: 0 ----0 
[10:31:54.5298][3371][Info]: 0 ----0 
[10:31:54.5408][3372][Info]: 0 ----0 
[10:31:54.5408][3373][Info]: 0 ----0 
[10:31:54.5408][3374][Info]: 0 ----0 
[10:31:54.5608][3375][Info]: 0 ----0 
[10:31:54.5608][3376][Info]: 0 ----0 
[10:31:54.5728][3377][Info]: 0 ----0 
[10:31:54.5728][3378][Info]: 0 ----0 
[10:31:54.5728][3379][Info]: 0 ----0 
[10:31:54.5938][3380][Info]: 0 ----0 
[10:31:54.5938][3381][Info]: 0 ----0 
[10:31:54.6063][3382][Info]: 0 ----0 
[10:31:54.6063][3383][Info]: 0 ----0 
[10:31:54.6063][3384][Info]: 0 ----0 
[10:31:54.6243][3385][Info]: 0 ----0 
[10:31:54.6243][3386][Info]: 0 ----0 
[10:31:54.6383][3387][Info]: 0 ----0 
[10:31:54.6383][3388][Info]: 0 ----0 
[10:31:54.6503][3389][Info]: 0 ----0 
[10:31:54.6503][3390][Info]: 0 ----0 
[10:31:54.6503][3391][Info]: 0 ----0 
[10:31:54.6709][3392][Info]: 0 ----0 
[10:31:54.6709][3393][Info]: 0 ----0 
[10:31:54.6849][3394][Info]: 0 ----0 
[10:31:54.6849][3395][Info]: 0 ----0 
[10:31:54.6979][3396][Info]: 0 ----0 
[10:31:54.6979][3397][Info]: 0 ----0 
[10:31:54.6979][3398][Info]: 0 ----0 
[10:31:54.7159][3399][Info]: 0 ----0 
[10:31:54.7159][3400][Info]: 0 ----0 
[10:31:54.7159][3401][Info]: 0 ----0 
[10:31:54.7339][3402][Info]: 0 ----0 
[10:31:54.7339][3403][Info]: 0 ----0 
[10:31:54.7459][3404][Info]: 0 ----0 
[10:31:54.7459][3405][Info]: 0 ----0 
[10:31:54.7609][3406][Info]: 0 ----0 
[10:31:54.7609][3407][Info]: 0 ----0 
[10:31:54.7769][3408][Info]: 0 ----0 
[10:31:54.7769][3409][Info]: 0 ----0 
[10:31:54.7769][3410][Info]: 0 ----0 
[10:31:54.7958][3411][Info]: 0 ----0 
[10:31:54.7958][3412][Info]: 0 ----0 
[10:31:54.8068][3413][Info]: 0 ----0 
[10:31:54.8068][3414][Info]: 0 ----0 
[10:31:54.8068][3415][Info]: 0 ----0 
[10:31:54.8248][3416][Info]: 0 ----0 
[10:31:54.8248][3417][Info]: 0 ----0 
[10:31:54.8398][3418][Info]: 0 ----0 
[10:31:54.8398][3419][Info]: 0 ----0 
[10:31:54.8398][3420][Info]: 0 ----0 
[10:31:54.8585][3421][Info]: 0 ----0 
[10:31:54.8585][3422][Info]: 0 ----0 
[10:31:54.8704][3423][Info]: 0 ----0 
[10:31:54.8704][3424][Info]: 0 ----0 
[10:31:54.8704][3425][Info]: 0 ----0 
[10:31:54.8894][3426][Info]: 0 ----0 
[10:31:54.8894][3427][Info]: 0 ----0 
[10:31:54.9014][3428][Info]: 0 ----0 
[10:31:54.9014][3429][Info]: 0 ----0 
[10:31:54.9014][3430][Info]: 0 ----0 
[10:31:54.9253][3431][Info]: 0 ----0 
[10:31:54.9333][3432][Info]: 0 ----0 
[10:31:54.9333][3433][Info]: 0 ----0 
[10:31:54.9333][3434][Info]: 0 ----0 
[10:31:54.9513][3435][Info]: 0 ----0 
[10:31:54.9513][3436][Info]: 0 ----0 
[10:31:54.9629][3437][Info]: 0 ----0 
[10:31:54.9629][3438][Info]: 0 ----0 
[10:31:54.9629][3439][Info]: 0 ----0 
[10:31:54.9814][3440][Info]: 0 ----0 
[10:31:54.9814][3441][Info]: 0 ----0 
[10:31:54.9940][3442][Info]: 0 ----0 
[10:31:54.9940][3443][Info]: 0 ----0 
[10:31:54.9940][3444][Info]: 0 ----0 
[10:31:55.0150][3445][Info]: 0 ----0 
[10:31:55.0150][3446][Info]: 0 ----0 
[10:31:55.0270][3447][Info]: 0 ----0 
[10:31:55.0270][3448][Info]: 0 ----0 
[10:31:55.0410][3449][Info]: 0 ----0 
[10:31:55.0410][3450][Info]: 0 ----0 
[10:31:55.0410][3451][Info]: 0 ----0 
[10:31:55.0600][3452][Info]: 0 ----0 
[10:31:55.0600][3453][Info]: 0 ----0 
[10:31:55.0745][3454][Info]: 0 ----0 
[10:31:55.0745][3455][Info]: 0 ----0 
[10:31:55.0886][3456][Info]: 0 ----0 
[10:31:55.0886][3457][Info]: 0 ----0 
[10:31:55.0886][3458][Info]: 0 ----0 
[10:31:55.1086][3459][Info]: 0 ----0 
[10:31:55.1086][3460][Info]: 0 ----0 
[10:31:55.1206][3461][Info]: 0 ----0 
[10:31:55.1206][3462][Info]: 0 ----0 
[10:31:55.1206][3463][Info]: 0 ----0 
[10:31:55.1396][3464][Info]: 0 ----0 
[10:31:55.1396][3465][Info]: 0 ----0 
[10:31:55.1516][3466][Info]: 0 ----0 
[10:31:55.1516][3467][Info]: 0 ----0 
[10:31:55.1516][3468][Info]: 0 ----0 
[10:31:55.1736][3469][Info]: 0 ----0 
[10:31:55.1736][3470][Info]: 0 ----0 
[10:31:55.1846][3471][Info]: 0 ----0 
[10:31:55.1846][3472][Info]: 0 ----0 
[10:31:55.1976][3473][Info]: 0 ----0 
[10:31:55.1976][3474][Info]: 0 ----0 
[10:31:55.1976][3475][Info]: 0 ----0 
[10:31:55.2176][3476][Info]: 0 ----0 
[10:31:55.2176][3477][Info]: 0 ----0 
[10:31:55.2305][3478][Info]: 0 ----0 
[10:31:55.2305][3479][Info]: 0 ----0 
[10:31:55.2445][3480][Info]: 0 ----0 
[10:31:55.2445][3481][Info]: 0 ----0 
[10:31:55.2605][3482][Info]: 0 ----0 
[10:31:55.2605][3483][Info]: 0 ----0 
[10:31:55.2765][3484][Info]: 0 ----0 
[10:31:55.2765][3485][Info]: 0 ----0 
[10:31:55.2912][3486][Info]: 0 ----0 
[10:31:55.2912][3487][Info]: 0 ----0 
[10:31:55.2912][3488][Info]: 0 ----0 
[10:31:55.3102][3489][Info]: 0 ----0 
[10:31:55.3102][3490][Info]: 0 ----0 
[10:31:55.3242][3491][Info]: 0 ----0 
[10:31:55.3242][3492][Info]: 0 ----0 
[10:31:55.3392][3493][Info]: 0 ----0 
[10:31:55.3392][3494][Info]: 0 ----0 
[10:31:55.3392][3495][Info]: 0 ----0 
[10:31:55.3600][3496][Info]: 0 ----0 
[10:31:55.3600][3497][Info]: 0 ----0 
[10:31:55.3747][3498][Info]: 0 ----0 
[10:31:55.3747][3499][Info]: 0 ----0 
[10:31:55.3895][3500][Info]: 0 ----0 
[10:31:55.3895][3501][Info]: 0 ----0 
[10:31:55.4035][3502][Info]: 0 ----0 
[10:31:55.4035][3503][Info]: 0 ----0 
[10:31:55.4185][3504][Info]: 0 ----0 
[10:31:55.4185][3505][Info]: 0 ----0 
[10:31:55.4335][3506][Info]: 0 ----0 
[10:31:55.4335][3507][Info]: 0 ----0 
[10:31:55.4505][3508][Info]: 0 ----0 
[10:31:55.4505][3509][Info]: 0 ----0 
[10:31:55.4635][3510][Info]: 0 ----0 
[10:31:55.4635][3511][Info]: 0 ----0 
[10:31:55.4635][3512][Info]: 0 ----0 
[10:31:55.4845][3513][Info]: -1 ----0 
[10:31:55.4845][3514][Info]: -1 ----0 
[10:31:55.4999][3515][Info]: -1 ----0 
[10:31:55.4999][3516][Info]: -1 ----0 
[10:31:55.5219][3517][Info]: -1 ----0 
[10:31:55.5309][3518][Info]: -1 ----0 
[10:31:55.5309][3519][Info]: -1 ----0 
[10:31:55.5459][3520][Info]: -1 ----0 
[10:31:55.5459][3521][Info]: -1 ----0 
[10:31:55.5599][3522][Info]: -1 ----0 
[10:31:55.5599][3523][Info]: -1 ----0 
[10:31:55.5737][3524][Info]: -1 ----0 
[10:31:55.5737][3525][Info]: -1 ----0 
[10:31:55.5893][3526][Info]: -1 ----0 
[10:31:55.5893][3527][Info]: -1 ----0 
[10:31:55.5893][3528][Info]: -1 ----0 
[10:31:55.6084][3529][Info]: -1 ----0 
[10:31:55.6084][3530][Info]: -1 ----0 
[10:31:55.6234][3531][Info]: -1 ----0 
[10:31:55.6234][3532][Info]: -1 -----1 
[10:31:55.6394][3533][Info]: -1 -----1 
[10:31:55.6394][3534][Info]: -1 -----1 
[10:31:55.6554][3535][Info]: -1 -----1 
[10:31:55.6554][3536][Info]: -1 -----1 
[10:31:55.6713][3537][Info]: -1 -----1 
[10:31:55.6833][3538][Info]: -1 -----1 
[10:31:55.6833][3539][Info]: -1 -----1 
[10:31:55.6993][3540][Info]: -1 -----1 
[10:31:55.6993][3541][Info]: -1 -----1 
[10:31:55.7133][3542][Info]: -1 -----1 
[10:31:55.7133][3543][Info]: -1 -----1 
[10:31:55.7133][3544][Info]: -1 -----1 
[10:31:55.7333][3545][Info]: -1 -----1 
[10:31:55.7333][3546][Info]: -1 -----1 
[10:31:55.7473][3547][Info]: -1 -----1 
[10:31:55.7473][3548][Info]: -1 -----1 
[10:31:55.7633][3549][Info]: -1 -----1 
[10:31:55.7633][3550][Info]: -1 -----1 
[10:31:55.7783][3551][Info]: 1 -----1 
[10:31:55.7783][3552][Info]: 1 -----1 
[10:31:55.7920][3553][Info]: 1 -----1 
[10:31:55.7920][3554][Info]: 1 -----1 
[10:31:55.8070][3555][Info]: 1 -----1 
[10:31:55.8070][3556][Info]: 1 -----1 
[10:31:55.8070][3557][Info]: 1 -----1 
[10:31:55.8270][3558][Info]: 1 -----1 
[10:31:55.8270][3559][Info]: 1 -----1 
[10:31:55.8430][3560][Info]: 1 -----1 
[10:31:55.8430][3561][Info]: 1 -----1 
[10:31:55.8590][3562][Info]: 1 -----1 
[10:31:55.8590][3563][Info]: 1 -----1 
[10:31:55.8740][3564][Info]: 1 -----1 
[10:31:55.8740][3565][Info]: 1 -----1 
[10:31:55.8900][3566][Info]: 1 ----0 
[10:31:55.8900][3567][Info]: 1 ----0 
[10:31:55.9030][3568][Info]: 1 ----0 
[10:31:55.9030][3569][Info]: 1 ----0 
[10:31:55.9170][3570][Info]: 1 ----0 
[10:31:55.9170][3571][Info]: 1 ----0 
[10:31:55.9350][3572][Info]: 1 ----0 
[10:31:55.9350][3573][Info]: 1 ----0 
[10:31:55.9470][3574][Info]: 1 ----0 
[10:31:55.9470][3575][Info]: 1 ----0 
[10:31:55.9470][3576][Info]: 1 ----0 
[10:31:55.9660][3577][Info]: 1 ----0 
[10:31:55.9660][3578][Info]: 1 ----0 
[10:31:55.9800][3579][Info]: 1 ----0 
[10:31:55.9800][3580][Info]: 1 ----0 
[10:31:55.9800][3581][Info]: 1 ----0 
[10:31:56.0020][3582][Info]: 1 ----0 
[10:31:56.0020][3583][Info]: 1 ----0 
[10:31:56.0149][3584][Info]: 1 ----0 
[10:31:56.0149][3585][Info]: 1 ----0 
[10:31:56.0259][3586][Info]: 1 ----0 
[10:31:56.0259][3587][Info]: 1 ----0 
[10:31:56.0259][3588][Info]: 1 ----0 
[10:31:56.0449][3589][Info]: 1 ----0 
[10:31:56.0449][3590][Info]: 1 ----0 
[10:31:56.0589][3591][Info]: 1 ----0 
[10:31:56.0589][3592][Info]: 1 ----0 
[10:31:56.0589][3593][Info]: 1 ----0 
[10:31:56.0779][3594][Info]: 1 ----0 
[10:31:56.0779][3595][Info]: 1 ----0 
[10:31:56.0929][3596][Info]: 1 ----0 
[10:31:56.0929][3597][Info]: 1 ----0 
[10:31:56.1066][3598][Info]: 1 ----0 
[10:31:56.1066][3599][Info]: 1 ----0 
[10:31:56.1196][3600][Info]: 1 ----0 
[10:31:56.1196][3601][Info]: 1 ----0 
[10:31:56.1196][3602][Info]: 1 ----0 
[10:31:56.1386][3603][Info]: 1 ----0 
[10:31:56.1386][3604][Info]: 1 ----0 
[10:31:56.1516][3605][Info]: 1 ----0 
[10:31:56.1516][3606][Info]: 1 ----0 
[10:31:56.1516][3607][Info]: 1 ----0 
[10:31:56.1725][3608][Info]: 1 ----0 
[10:31:56.1725][3609][Info]: 1 ----0 
[10:31:56.1852][3610][Info]: 1 ----0 
[10:31:56.1852][3611][Info]: 1 ----0 
[10:31:56.1972][3612][Info]: 1 ----0 
[10:31:56.1972][3613][Info]: 1 ----0 
[10:31:56.1972][3614][Info]: 1 ----0 
[10:31:56.2152][3615][Info]: 1 ----0 
[10:31:56.2152][3616][Info]: 1 ----0 
[10:31:56.2152][3617][Info]: 1 ----0 
[10:31:56.2332][3618][Info]: 1 ----0 
[10:31:56.2332][3619][Info]: 1 ----0 
[10:31:56.2442][3620][Info]: 1 ----0 
[10:31:56.2442][3621][Info]: 1 ----0 
[10:31:56.2611][3622][Info]: 1 ----0 
[10:31:56.2611][3623][Info]: 1 ----0 
[10:31:56.2611][3624][Info]: 1 ----0 
[10:31:56.2801][3625][Info]: 1 ----0 
[10:31:56.2801][3626][Info]: 1 ----0 
[10:31:56.2949][3627][Info]: 1 ----0 
[10:31:56.2949][3628][Info]: 1 ----0 
[10:31:56.3069][3629][Info]: 1 ----0 
[10:31:56.3069][3630][Info]: 1 ----0 
[10:31:56.3069][3631][Info]: 1 ----0 
[10:31:56.3249][3632][Info]: 1 ----0 
[10:31:56.3249][3633][Info]: 1 ----0 
[10:31:56.3408][3634][Info]: 1 ----0 
[10:31:56.3408][3635][Info]: 1 ----0 
[10:31:56.3589][3636][Info]: 1 ----0 
[10:31:56.3589][3637][Info]: 1 ----0 
[10:31:56.3733][3638][Info]: 1 ----0 
[10:31:56.3733][3639][Info]: 1 ----0 
[10:31:56.3849][3640][Info]: 1 ----0 
[10:31:56.3849][3641][Info]: 1 ----0 
[10:31:56.3849][3642][Info]: 1 ----0 
[10:31:56.4039][3643][Info]: 1 ----0 
[10:31:56.4039][3644][Info]: 1 ----0 
[10:31:56.4159][3645][Info]: 1 ----0 
[10:31:56.4159][3646][Info]: 1 ----0 
[10:31:56.4159][3647][Info]: 1 ----0 
[10:31:56.4359][3648][Info]: 1 ----0 
[10:31:56.4359][3649][Info]: 1 -----1 
[10:31:56.4510][3650][Info]: 1 -----1 
[10:31:56.4510][3651][Info]: 1 -----1 
[10:31:56.4660][3652][Info]: 1 -----1 
[10:31:56.4660][3653][Info]: 1 -----1 
[10:31:56.4780][3654][Info]: 1 -----1 
[10:31:56.4780][3655][Info]: 1 -----1 
[10:31:56.4780][3656][Info]: 1 -----1 
[10:31:56.4960][3657][Info]: 1 -----1 
[10:31:56.4960][3658][Info]: 1 -----1 
[10:31:56.5110][3659][Info]: 1 -----1 
[10:31:56.5110][3660][Info]: 1 -----1 
[10:31:56.5250][3661][Info]: 1 -----1 
[10:31:56.5250][3662][Info]: 1 -----1 
[10:31:56.5250][3663][Info]: 1 -----1 
[10:31:56.5430][3664][Info]: 0 -----1 
[10:31:56.5430][3665][Info]: 0 -----1 
[10:31:56.5430][3666][Info]: 0 -----1 
[10:31:56.5620][3667][Info]: 0 -----1 
[10:31:56.5620][3668][Info]: 0 -----1 
[10:31:56.5740][3669][Info]: 0 -----1 
[10:31:56.5740][3670][Info]: 0 -----1 
[10:31:56.5890][3671][Info]: 0 -----1 
[10:31:56.5890][3672][Info]: 0 -----1 
[10:31:56.5890][3673][Info]: 0 -----1 
[10:31:56.6096][3674][Info]: 0 -----1 
[10:31:56.6096][3675][Info]: 0 -----1 
[10:31:56.6216][3676][Info]: 0 -----1 
[10:31:56.6216][3677][Info]: 0 -----1 
[10:31:56.6346][3678][Info]: 0 -----1 
[10:31:56.6346][3679][Info]: 0 -----1 
[10:31:56.6346][3680][Info]: -1 -----1 
[10:31:56.6536][3681][Info]: -1 -----1 
[10:31:56.6536][3682][Info]: -1 -----1 
[10:31:56.6701][3683][Info]: -1 -----1 
[10:31:56.6701][3684][Info]: -1 -----1 
[10:31:56.6851][3685][Info]: -1 -----1 
[10:31:56.6851][3686][Info]: -1 -----1 
[10:31:56.6971][3687][Info]: -1 -----1 
[10:31:56.6971][3688][Info]: -1 -----1 
[10:31:56.6971][3689][Info]: -1 -----1 
[10:31:56.7151][3690][Info]: -1 ----0 
[10:31:56.7151][3691][Info]: -1 ----0 
[10:31:56.7281][3692][Info]: -1 ----0 
[10:31:56.7281][3693][Info]: -1 ----0 
[10:31:56.7281][3694][Info]: -1 ----0 
[10:31:56.7461][3695][Info]: -1 ----0 
[10:31:56.7461][3696][Info]: -1 ----0 
[10:31:56.7631][3697][Info]: -1 ----0 
[10:31:56.7631][3698][Info]: -1 ----0 
[10:31:56.7631][3699][Info]: -1 ----0 
[10:31:56.7801][3700][Info]: -1 ----0 
[10:31:56.7801][3701][Info]: -1 ----0 
[10:31:56.7931][3702][Info]: -1 ----0 
[10:31:56.7931][3703][Info]: -1 ----0 
[10:31:56.7931][3704][Info]: -1 ----0 
[10:31:56.8101][3705][Info]: -1 ----0 
[10:31:56.8101][3706][Info]: 0 ----0 
[10:31:56.8241][3707][Info]: 0 ----0 
[10:31:56.8241][3708][Info]: 0 ----0 
[10:31:56.8381][3709][Info]: 0 ----0 
[10:31:56.8381][3710][Info]: 0 ----0 
[10:31:56.8381][3711][Info]: 0 ----0 
[10:31:56.8579][3712][Info]: 0 ----0 
[10:31:56.8579][3713][Info]: 0 ----0 
[10:31:56.8729][3714][Info]: 0 ----0 
[10:31:56.8729][3715][Info]: 0 ----0 
[10:31:56.8849][3716][Info]: 0 ----0 
[10:31:56.8849][3717][Info]: 0 ----0 
[10:31:56.8849][3718][Info]: 0 ----0 
[10:31:56.9039][3719][Info]: 0 ----0 
[10:31:56.9039][3720][Info]: 0 ----1 
[10:31:56.9209][3721][Info]: 0 ----1 
[10:31:56.9209][3722][Info]: 0 ----1 
[10:31:56.9359][3723][Info]: 0 ----1 
[10:31:56.9359][3724][Info]: 0 ----1 
[10:31:56.9489][3725][Info]: 0 ----1 
[10:31:56.9489][3726][Info]: 0 ----1 
[10:31:56.9489][3727][Info]: 0 ----1 
[10:31:56.9679][3728][Info]: 0 ----1 
[10:31:56.9679][3729][Info]: 0 ----1 
[10:31:56.9799][3730][Info]: 0 ----1 
[10:31:56.9799][3731][Info]: 0 ----1 
[10:31:56.9799][3732][Info]: 0 ----1 
[10:31:56.9989][3733][Info]: 0 ----1 
[10:31:56.9989][3734][Info]: 1 ----1 
[10:31:57.0139][3735][Info]: 1 ----1 
[10:31:57.0139][3736][Info]: 1 ----1 
[10:31:57.0269][3737][Info]: 1 ----1 
[10:31:57.0269][3738][Info]: 1 ----1 
[10:31:57.0269][3739][Info]: 1 ----1 
[10:31:57.0449][3740][Info]: 1 ----1 
[10:31:57.0449][3741][Info]: 1 ----1 
[10:31:57.0589][3742][Info]: 1 ----1 
[10:31:57.0589][3743][Info]: 0 ----1 
[10:31:57.0769][3744][Info]: 0 ----1 
[10:31:57.0769][3745][Info]: 0 ----1 
[10:31:57.0909][3746][Info]: 0 ----1 
[10:31:57.0909][3747][Info]: 0 ----1 
[10:31:57.1039][3748][Info]: 0 ----1 
[10:31:57.1039][3749][Info]: 0 ----1 
[10:31:57.1039][3750][Info]: 0 ----1 
[10:31:57.1218][3751][Info]: 0 ----1 
[10:31:57.1218][3752][Info]: 0 ----1 
[10:31:57.1348][3753][Info]: 1 ----1 
[10:31:57.1348][3754][Info]: 1 ----1 
[10:31:57.1348][3755][Info]: 1 ----1 
[10:31:57.1528][3756][Info]: 1 ----1 
[10:31:57.1658][3757][Info]: 1 ----1 
[10:31:57.1658][3758][Info]: 1 ----1 
[10:31:57.1875][3759][Info]: 1 ----1 
[10:31:57.1975][3760][Info]: 1 ----1 
[10:31:57.2184][3761][Info]: 1 ----0 
[10:31:57.2184][3762][Info]: 1 ----0 
[10:31:57.2344][3763][Info]: 1 ----0 
[10:31:57.2344][3764][Info]: 1 ----0 
[10:31:57.2474][3765][Info]: 1 ----0 
[10:31:57.2474][3766][Info]: 1 ----0 
[10:31:57.2604][3767][Info]: 1 ----0 
[10:31:57.2604][3768][Info]: 1 ----0 
[10:31:57.2752][3769][Info]: 1 ----0 
[10:31:57.2752][3770][Info]: 1 ----0 
[10:31:57.2752][3771][Info]: 1 ----0 
[10:31:57.2932][3772][Info]: 1 ----0 
[10:31:57.2932][3773][Info]: 1 ----0 
[10:31:57.2932][3774][Info]: 1 ----0 
[10:31:57.3122][3775][Info]: 1 ----0 
[10:31:57.3122][3776][Info]: 1 ----0 
[10:31:57.3232][3777][Info]: 1 ----0 
[10:31:57.3232][3778][Info]: 1 ----0 
[10:31:57.3232][3779][Info]: 1 ----0 
[10:31:57.3442][3780][Info]: 1 ----0 
[10:31:57.3442][3781][Info]: 1 ----0 
[10:31:57.3587][3782][Info]: 1 ----0 
[10:31:57.3587][3783][Info]: 1 ----0 
[10:31:57.3733][3784][Info]: 1 ----0 
[10:31:57.3733][3785][Info]: 1 ----0 
[10:31:57.3863][3786][Info]: 1 ----0 
[10:31:57.3863][3787][Info]: 1 ----0 
[10:31:57.3863][3788][Info]: 1 ----0 
[10:31:57.4033][3789][Info]: 1 ----0 
[10:31:57.4033][3790][Info]: 1 ----0 
[10:31:57.4163][3791][Info]: 1 ----0 
[10:31:57.4163][3792][Info]: 1 ----0 
[10:31:57.4163][3793][Info]: 1 ----0 
[10:31:57.4353][3794][Info]: 1 ----0 
[10:31:57.4353][3795][Info]: 1 ----0 
[10:31:57.4473][3796][Info]: 1 ----0 
[10:31:57.4473][3797][Info]: 1 ----0 
[10:31:57.4473][3798][Info]: 1 ----0 
[10:31:57.4663][3799][Info]: 1 ----0 
[10:31:57.4663][3800][Info]: 1 ----0 
[10:31:57.4803][3801][Info]: 1 ----0 
[10:31:57.4803][3802][Info]: 1 ----0 
[10:31:57.4803][3803][Info]: 1 ----0 
[10:31:57.4993][3804][Info]: 1 ----0 
[10:31:57.4993][3805][Info]: 1 ----0 
[10:31:57.5153][3806][Info]: 1 ----0 
[10:31:57.5153][3807][Info]: 1 ----0 
[10:31:57.5293][3808][Info]: 1 ----0 
[10:31:57.5293][3809][Info]: 1 ----0 
[10:31:57.5423][3810][Info]: 1 -----1 
[10:31:57.5423][3811][Info]: 1 -----1 
[10:31:57.5423][3812][Info]: 1 -----1 
[10:31:57.5613][3813][Info]: 1 -----1 
[10:31:57.5613][3814][Info]: 1 -----1 
[10:31:57.5733][3815][Info]: 1 -----1 
[10:31:57.5733][3816][Info]: 1 -----1 
[10:31:57.5733][3817][Info]: 1 -----1 
[10:31:57.5933][3818][Info]: 1 -----1 
[10:31:57.5933][3819][Info]: 1 -----1 
[10:31:57.6043][3820][Info]: 1 -----1 
[10:31:57.6043][3821][Info]: 1 -----1 
[10:31:57.6043][3822][Info]: 1 -----1 
[10:31:57.6223][3823][Info]: 1 -----1 
[10:31:57.6223][3824][Info]: 1 -----1 
[10:31:57.6353][3825][Info]: 1 -----1 
[10:31:57.6353][3826][Info]: 0 -----1 
[10:31:57.6353][3827][Info]: 0 -----1 
[10:31:57.6552][3828][Info]: 0 -----1 
[10:31:57.6552][3829][Info]: 0 -----1 
[10:31:57.6672][3830][Info]: 0 -----1 
[10:31:57.6672][3831][Info]: -1 -----1 
[10:31:57.6862][3832][Info]: -1 -----1 
[10:31:57.6862][3833][Info]: -1 -----1 
[10:31:57.6992][3834][Info]: -1 -----1 
[10:31:57.6992][3835][Info]: -1 -----1 
[10:31:57.6992][3836][Info]: -1 -----1 
[10:31:57.7182][3837][Info]: -1 -----1 
[10:31:57.7182][3838][Info]: -1 -----1 
[10:31:57.7312][3839][Info]: -1 -----1 
[10:31:57.7312][3840][Info]: -1 -----1 
[10:31:57.7312][3841][Info]: -1 ----0 
[10:31:57.7512][3842][Info]: -1 ----0 
[10:31:57.7512][3843][Info]: -1 ----0 
[10:31:57.7662][3844][Info]: -1 ----0 
[10:31:57.7662][3845][Info]: -1 ----0 
[10:31:57.7802][3846][Info]: -1 ----0 
[10:31:57.7802][3847][Info]: -1 ----0 
[10:31:57.7922][3848][Info]: -1 ----0 
[10:31:57.7922][3849][Info]: -1 ----0 
[10:31:57.7922][3850][Info]: -1 ----0 
[10:31:57.8092][3851][Info]: -1 ----0 
[10:31:57.8092][3852][Info]: -1 ----0 
[10:31:57.8092][3853][Info]: -1 ----0 
[10:31:57.8282][3854][Info]: -1 ----0 
[10:31:57.8282][3855][Info]: -1 ----0 
[10:31:57.8432][3856][Info]: -1 ----0 
[10:31:57.8432][3857][Info]: -1 ----0 
[10:31:57.8552][3858][Info]: -1 ----0 
[10:31:57.8552][3859][Info]: -1 ----0 
[10:31:57.8552][3860][Info]: -1 ----0 
[10:31:57.8762][3861][Info]: -1 ----0 
[10:31:57.8762][3862][Info]: -1 ----0 
[10:31:57.8892][3863][Info]: -1 ----0 
[10:31:57.8892][3864][Info]: -1 ----0 
[10:31:57.9012][3865][Info]: -1 ----0 
[10:31:57.9012][3866][Info]: -1 ----0 
[10:31:57.9012][3867][Info]: -1 ----0 
[10:31:57.9222][3868][Info]: -1 ----0 
[10:31:57.9222][3869][Info]: -1 ----0 
[10:31:57.9362][3870][Info]: -1 ----0 
[10:31:57.9362][3871][Info]: 0 ----0 
[10:31:57.9512][3872][Info]: 0 ----0 
[10:31:57.9512][3873][Info]: 0 ----0 
[10:31:57.9632][3874][Info]: 0 ----0 
[10:31:57.9632][3875][Info]: 0 ----0 
[10:31:57.9632][3876][Info]: 0 ----0 
[10:31:57.9821][3877][Info]: 0 ----0 
[10:31:57.9821][3878][Info]: 0 ----0 
[10:31:57.9961][3879][Info]: 0 ----0 
[10:31:57.9961][3880][Info]: 0 ----0 
[10:31:57.9961][3881][Info]: 0 ----0 
[10:31:58.0161][3882][Info]: 0 ----0 
[10:31:58.0161][3883][Info]: 0 ----0 
[10:31:58.0281][3884][Info]: 0 ----0 
[10:31:58.0281][3885][Info]: 0 -----1 
[10:31:58.0411][3886][Info]: 0 -----1 
[10:31:58.0411][3887][Info]: 0 -----1 
[10:31:58.0411][3888][Info]: 0 -----1 
[10:31:58.0601][3889][Info]: 0 -----1 
[10:31:58.0601][3890][Info]: 0 -----1 
[10:31:58.0721][3891][Info]: 1 -----1 
[10:31:58.0721][3892][Info]: 1 -----1 
[10:31:58.0901][3893][Info]: 1 -----1 
[10:31:58.0901][3894][Info]: 1 -----1 
[10:31:58.1051][3895][Info]: 1 -----1 
[10:31:58.1051][3896][Info]: 1 -----1 
[10:31:58.1051][3897][Info]: 1 -----1 
[10:31:58.1231][3898][Info]: 1 -----1 
[10:31:58.1231][3899][Info]: 1 -----1 
[10:31:58.1371][3900][Info]: 1 -----1 
[10:31:58.1371][3901][Info]: 1 -----1 
[10:31:58.1371][3902][Info]: 1 -----1 
[10:31:58.1561][3903][Info]: 1 -----1 
[10:31:58.1561][3904][Info]: 1 -----1 
[10:31:58.1691][3905][Info]: 1 -----1 
[10:31:58.1691][3906][Info]: 1 -----1 
[10:31:58.1851][3907][Info]: 1 -----1 
[10:31:58.1851][3908][Info]: 1 -----1 
[10:31:58.1971][3909][Info]: 1 -----1 
[10:31:58.1971][3910][Info]: 1 ----0 
[10:31:58.1971][3911][Info]: 1 ----0 
[10:31:58.2171][3912][Info]: 1 ----0 
[10:31:58.2171][3913][Info]: 1 ----0 
[10:31:58.2281][3914][Info]: 1 ----0 
[10:31:58.2281][3915][Info]: 1 ----0 
[10:31:58.2281][3916][Info]: 1 ----0 
[10:31:58.2481][3917][Info]: 1 ----0 
[10:31:58.2481][3918][Info]: 1 ----0 
[10:31:58.2611][3919][Info]: 1 ----0 
[10:31:58.2611][3920][Info]: 1 ----0 
[10:31:58.2611][3921][Info]: 1 ----0 
[10:31:58.2830][3922][Info]: 1 ----0 
[10:31:58.2830][3923][Info]: 1 ----0 
[10:31:58.2970][3924][Info]: 1 ----0 
[10:31:58.2970][3925][Info]: 1 ----0 
[10:31:58.3080][3926][Info]: 1 ----0 
[10:31:58.3080][3927][Info]: 1 ----0 
[10:31:58.3080][3928][Info]: 1 ----0 
[10:31:58.3270][3929][Info]: 1 ----0 
[10:31:58.3270][3930][Info]: 1 ----0 
[10:31:58.3410][3931][Info]: 1 ----0 
[10:31:58.3410][3932][Info]: 1 ----0 
[10:31:58.3580][3933][Info]: 1 ----0 
[10:31:58.3580][3934][Info]: 1 ----0 
[10:31:58.3740][3935][Info]: 1 ----1 
[10:31:58.3740][3936][Info]: 1 ----1 
[10:31:58.3870][3937][Info]: 1 ----1 
[10:31:58.3870][3938][Info]: 1 ----1 
[10:31:58.3870][3939][Info]: 1 ----1 
[10:31:58.4050][3940][Info]: 1 ----1 
[10:31:58.4050][3941][Info]: 1 ----1 
[10:31:58.4170][3942][Info]: 1 ----1 
[10:31:58.4170][3943][Info]: 1 ----1 
[10:31:58.4170][3944][Info]: 1 ----1 
[10:31:58.4360][3945][Info]: 1 ----1 
[10:31:58.4360][3946][Info]: 1 ----1 
[10:31:58.4520][3947][Info]: 1 ----1 
[10:31:58.4520][3948][Info]: 1 ----1 
[10:31:58.4630][3949][Info]: 1 ----1 
[10:31:58.4630][3950][Info]: 1 ----1 
[10:31:58.4630][3951][Info]: 1 ----1 
[10:31:58.4850][3952][Info]: 1 ----1 
[10:31:58.4850][3953][Info]: 1 ----1 
[10:31:58.4970][3954][Info]: 1 ----1 
[10:31:58.4970][3955][Info]: 1 ----1 
[10:31:58.5120][3956][Info]: 1 ----1 
[10:31:58.5120][3957][Info]: 1 ----1 
[10:31:58.5260][3958][Info]: 0 ----1 
[10:31:58.5260][3959][Info]: 0 ----1 
[10:31:58.5260][3960][Info]: 0 ----1 
[10:31:58.5440][3961][Info]: 0 ----1 
[10:31:58.5440][3962][Info]: 0 ----1 
[10:31:58.5570][3963][Info]: 0 ----1 
[10:31:58.5570][3964][Info]: 0 ----1 
[10:31:58.5570][3965][Info]: 0 ----1 
[10:31:58.5740][3966][Info]: 0 ----1 
[10:31:58.5740][3967][Info]: 0 ----1 
[10:31:58.5880][3968][Info]: 0 ----1 
[10:31:58.5880][3969][Info]: 0 ----1 
[10:31:58.5880][3970][Info]: 0 ----1 
[10:31:58.6089][3971][Info]: 0 ----1 
[10:31:58.6279][3972][Info]: 0 ----1 
[10:31:58.6349][3973][Info]: 0 ----1 
[10:31:58.6349][3974][Info]: 0 ----1 
[10:31:58.6349][3975][Info]: 0 ----1 
[10:31:58.6519][3976][Info]: 0 ----1 
[10:31:58.6519][3977][Info]: 0 ----1 
[10:31:58.6519][3978][Info]: 0 ----1 
[10:31:58.6709][3979][Info]: 0 ----1 
[10:31:58.6709][3980][Info]: 0 ----1 
[10:31:58.6849][3981][Info]: 0 ----1 
[10:31:58.6849][3982][Info]: -1 ----1 
[10:31:58.6989][3983][Info]: -1 ----1 
[10:31:58.6989][3984][Info]: -1 ----1 
[10:31:58.6989][3985][Info]: -1 ----1 
[10:31:58.7169][3986][Info]: -1 ----1 
[10:31:58.7169][3987][Info]: -1 ----1 
[10:31:58.7289][3988][Info]: -1 ----1 
[10:31:58.7289][3989][Info]: -1 ----1 
[10:31:58.7289][3990][Info]: -1 ----0 
[10:31:58.7509][3991][Info]: -1 ----0 
[10:31:58.7599][3992][Info]: -1 ----0 
[10:31:58.7599][3993][Info]: -1 ----0 
[10:31:58.7749][3994][Info]: -1 ----0 
[10:31:58.7749][3995][Info]: -1 ----0 
[10:31:58.7749][3996][Info]: -1 ----0 
[10:31:58.7939][3997][Info]: -1 ----0 
[10:31:58.7939][3998][Info]: -1 ----0 
[10:31:58.7939][3999][Info]: -1 ----0 
[10:31:58.8119][4000][Info]: -1 ----0 
[10:31:58.8119][4001][Info]: -1 ----0 
[10:31:58.8239][4002][Info]: -1 ----0 
[10:31:58.8239][4003][Info]: -1 ----0 
[10:31:58.8239][4004][Info]: -1 ----0 
[10:31:58.8429][4005][Info]: -1 ----0 
[10:31:58.8429][4006][Info]: -1 ----0 
[10:31:58.8549][4007][Info]: -1 ----0 
[10:31:58.8549][4008][Info]: -1 ----0 
[10:31:58.8549][4009][Info]: -1 ----0 
[10:31:58.8739][4010][Info]: -1 ----0 
[10:31:58.8739][4011][Info]: -1 ----0 
[10:31:58.8879][4012][Info]: -1 ----0 
[10:31:58.8879][4013][Info]: -1 ----0 
[10:31:58.9019][4014][Info]: -1 ----0 
[10:31:58.9019][4015][Info]: -1 ----0 
[10:31:58.9158][4016][Info]: -1 ----0 
[10:31:58.9158][4017][Info]: -1 ----0 
[10:31:58.9319][4018][Info]: -1 ----0 
[10:31:58.9319][4019][Info]: -1 ----0 
[10:31:58.9319][4020][Info]: -1 ----0 
[10:31:58.9498][4021][Info]: -1 ----0 
[10:31:58.9498][4022][Info]: -1 ----0 
[10:31:58.9498][4023][Info]: -1 ----0 
[10:31:58.9674][4024][Info]: -1 ----0 
[10:31:58.9674][4025][Info]: -1 -----1 
[10:31:58.9814][4026][Info]: -1 -----1 
[10:31:58.9814][4027][Info]: -1 -----1 
[10:31:58.9814][4028][Info]: -1 -----1 
[10:31:58.9994][4029][Info]: -1 -----1 
[10:31:58.9994][4030][Info]: -1 -----1 
[10:31:59.0144][4031][Info]: -1 -----1 
[10:31:59.0144][4032][Info]: -1 -----1 
[10:31:59.0254][4033][Info]: -1 -----1 
[10:31:59.0254][4034][Info]: -1 -----1 
[10:31:59.0254][4035][Info]: -1 -----1 
[10:31:59.0434][4036][Info]: -1 -----1 
[10:31:59.0434][4037][Info]: -1 -----1 
[10:31:59.0574][4038][Info]: -1 -----1 
[10:31:59.0574][4039][Info]: -1 -----1 
[10:31:59.0574][4040][Info]: -1 -----1 
[10:31:59.0754][4041][Info]: -1 -----1 
[10:31:59.0754][4042][Info]: -1 -----1 
[10:31:59.0924][4043][Info]: -1 -----1 
[10:31:59.0924][4044][Info]: -1 -----1 
[10:31:59.1054][4045][Info]: -1 -----1 
[10:31:59.1054][4046][Info]: -1 -----1 
[10:31:59.1054][4047][Info]: -1 -----1 
[10:31:59.1234][4048][Info]: 0 -----1 
[10:31:59.1234][4049][Info]: 0 -----1 
[10:31:59.1364][4050][Info]: 0 -----1 
[10:31:59.1364][4051][Info]: 0 -----1 
[10:31:59.1364][4052][Info]: 0 -----1 
[10:31:59.1544][4053][Info]: 1 -----1 
[10:31:59.1544][4054][Info]: 1 -----1 
[10:31:59.1684][4055][Info]: 1 -----1 
[10:31:59.1684][4056][Info]: 1 -----1 
[10:31:59.1833][4057][Info]: 1 -----1 
[10:31:59.1833][4058][Info]: 1 -----1 
[10:31:59.1833][4059][Info]: 1 -----1 
[10:31:59.2023][4060][Info]: 1 -----1 
[10:31:59.2023][4061][Info]: 1 -----1 
[10:31:59.2163][4062][Info]: 1 -----1 
[10:31:59.2163][4063][Info]: 1 -----1 
[10:31:59.2283][4064][Info]: 1 -----1 
[10:31:59.2283][4065][Info]: 1 -----1 
[10:31:59.2283][4066][Info]: 1 -----1 
[10:31:59.2463][4067][Info]: 1 -----1 
[10:31:59.2463][4068][Info]: 1 ----0 
[10:31:59.2623][4069][Info]: 1 ----0 
[10:31:59.2623][4070][Info]: 1 ----0 
[10:31:59.2623][4071][Info]: 1 ----0 
[10:31:59.2803][4072][Info]: 1 ----0 
[10:31:59.2803][4073][Info]: 1 ----0 
[10:31:59.2953][4074][Info]: 1 ----0 
[10:31:59.2953][4075][Info]: 1 ----0 
[10:31:59.3063][4076][Info]: 1 ----0 
[10:31:59.3063][4077][Info]: 1 ----0 
[10:31:59.3063][4078][Info]: 1 ----0 
[10:31:59.3253][4079][Info]: 1 ----0 
[10:31:59.3253][4080][Info]: 1 ----0 
[10:31:59.3383][4081][Info]: 1 ----0 
[10:31:59.3383][4082][Info]: 1 ----0 
[10:31:59.3533][4083][Info]: 1 ----0 
[10:31:59.3533][4084][Info]: 1 ----0 
[10:31:59.3533][4085][Info]: 1 ----0 
[10:31:59.3743][4086][Info]: 1 ----0 
[10:31:59.3743][4087][Info]: 1 ----0 
[10:31:59.3853][4088][Info]: 1 ----0 
[10:31:59.3853][4089][Info]: 1 ----0 
[10:31:59.4093][4090][Info]: 1 ----0 
[10:31:59.4093][4091][Info]: 1 ----0 
[10:31:59.4233][4092][Info]: 1 ----0 
[10:31:59.4233][4093][Info]: 1 ----0 
[10:31:59.4363][4094][Info]: 1 ----1 
[10:31:59.4363][4095][Info]: 1 ----1 
[10:31:59.4483][4096][Info]: 1 ----1 
[10:31:59.4483][4097][Info]: 1 ----1 
[10:31:59.4483][4098][Info]: 1 ----1 
[10:31:59.4673][4099][Info]: 1 ----1 
[10:31:59.4673][4100][Info]: 1 ----1 
[10:31:59.4783][4101][Info]: 1 ----1 
[10:31:59.4783][4102][Info]: 1 ----1 
[10:31:59.4783][4103][Info]: 1 ----1 
[10:31:59.4993][4104][Info]: 1 ----1 
[10:31:59.4993][4105][Info]: 1 ----1 
[10:31:59.5143][4106][Info]: 1 ----1 
[10:31:59.5143][4107][Info]: 1 ----1 
[10:31:59.5273][4108][Info]: 1 ----1 
[10:31:59.5273][4109][Info]: 1 ----1 
[10:31:59.5273][4110][Info]: 1 ----1 
[10:31:59.5442][4111][Info]: 1 ----1 
[10:31:59.5442][4112][Info]: 1 ----1 
[10:31:59.5562][4113][Info]: 1 ----1 
[10:31:59.5562][4114][Info]: 1 ----1 
[10:31:59.5562][4115][Info]: 1 ----1 
[10:31:59.5742][4116][Info]: 1 ----1 
[10:31:59.5742][4117][Info]: 1 ----1 
[10:31:59.5742][4118][Info]: 1 ----1 
[10:31:59.5962][4119][Info]: 0 ----1 
[10:31:59.6032][4120][Info]: 0 ----1 
[10:31:59.6032][4121][Info]: 0 ----1 
[10:31:59.6032][4122][Info]: 0 ----1 
[10:31:59.6232][4123][Info]: 0 ----1 
[10:31:59.6232][4124][Info]: 0 ----1 
[10:31:59.6352][4125][Info]: 0 ----1 
[10:31:59.6352][4126][Info]: 0 ----1 
[10:31:59.6352][4127][Info]: 0 ----1 
[10:31:59.6532][4128][Info]: 0 ----1 
[10:31:59.6532][4129][Info]: 0 ----1 
[10:31:59.6672][4130][Info]: 0 ----1 
[10:31:59.6672][4131][Info]: 0 ----1 
[10:31:59.6812][4132][Info]: 0 ----1 
[10:31:59.6812][4133][Info]: 0 ----1 
[10:31:59.6812][4134][Info]: 0 ----1 
[10:31:59.7022][4135][Info]: 0 ----1 
[10:31:59.7022][4136][Info]: 0 ----1 
[10:31:59.7142][4137][Info]: 0 ----1 
[10:31:59.7142][4138][Info]: 0 ----1 
[10:31:59.7142][4139][Info]: 0 ----1 
[10:31:59.7322][4140][Info]: 0 ----1 
[10:31:59.7322][4141][Info]: 0 ----1 
[10:31:59.7322][4142][Info]: 0 ----1 
[10:31:59.7502][4143][Info]: 0 ----1 
[10:31:59.7502][4144][Info]: 0 ----1 
[10:31:59.7642][4145][Info]: 0 ----1 
[10:31:59.7642][4146][Info]: 0 ----1 
[10:31:59.7782][4147][Info]: 0 ----1 
[10:31:59.7782][4148][Info]: 0 ----1 
[10:31:59.7782][4149][Info]: 0 ----1 
[10:31:59.7962][4150][Info]: 0 ----1 
[10:31:59.7962][4151][Info]: 0 ----1 
[10:31:59.8082][4152][Info]: 0 ----1 
[10:31:59.8082][4153][Info]: 0 ----1 
[10:31:59.8222][4154][Info]: -1 ----0 
[10:31:59.8222][4155][Info]: -1 ----0 
[10:31:59.8392][4156][Info]: -1 ----0 
[10:31:59.8392][4157][Info]: -1 ----0 
[10:31:59.8392][4158][Info]: -1 ----0 
[10:31:59.8572][4159][Info]: -1 ----0 
[10:31:59.8572][4160][Info]: -1 ----0 
[10:31:59.8692][4161][Info]: -1 ----0 
[10:31:59.8692][4162][Info]: -1 ----0 
[10:31:59.8692][4163][Info]: -1 ----0 
[10:31:59.8871][4164][Info]: -1 ----0 
[10:31:59.8871][4165][Info]: -1 ----0 
[10:31:59.8871][4166][Info]: -1 ----0 
[10:31:59.9072][4167][Info]: -1 ----0 
[10:31:59.9072][4168][Info]: -1 ----0 
[10:31:59.9211][4169][Info]: -1 ----0 
[10:31:59.9211][4170][Info]: -1 ----0 
[10:31:59.9361][4171][Info]: -1 ----0 
[10:31:59.9361][4172][Info]: -1 ----0 
[10:31:59.9471][4173][Info]: -1 ----0 
[10:31:59.9471][4174][Info]: -1 ----0 
[10:31:59.9471][4175][Info]: -1 ----0 
[10:31:59.9661][4176][Info]: -1 ----0 
[10:31:59.9661][4177][Info]: -1 ----0 
[10:31:59.9801][4178][Info]: -1 ----0 
[10:31:59.9801][4179][Info]: -1 ----0 
[10:31:59.9801][4180][Info]: -1 ----0 
[10:32:00.0001][4181][Info]: -1 ----0 
[10:32:00.0001][4182][Info]: -1 ----0 
[10:32:00.0131][4183][Info]: -1 ----0 
[10:32:00.0131][4184][Info]: -1 ----0 
[10:32:00.0251][4185][Info]: -1 ----0 
[10:32:00.0251][4186][Info]: -1 ----0 
[10:32:00.0251][4187][Info]: -1 ----0 
[10:32:00.0431][4188][Info]: -1 ----0 
[10:32:00.0431][4189][Info]: -1 ----0 
[10:32:00.0431][4190][Info]: -1 ----0 
[10:32:00.0611][4191][Info]: -1 ----0 
[10:32:00.0611][4192][Info]: -1 ----0 
[10:32:00.0741][4193][Info]: -1 ----0 
[10:32:00.0741][4194][Info]: -1 ----0 
[10:32:00.0741][4195][Info]: -1 ----0 
[10:32:00.0941][4196][Info]: -1 ----0 
[10:32:00.0941][4197][Info]: -1 ----0 
[10:32:00.1081][4198][Info]: -1 ----0 
[10:32:00.1081][4199][Info]: -1 ----0 
[10:32:00.1211][4200][Info]: -1 ----0 
[10:32:00.1211][4201][Info]: -1 ----0 
[10:32:00.1211][4202][Info]: -1 ----0 
[10:32:00.1401][4203][Info]: -1 ----0 
[10:32:00.1401][4204][Info]: -1 ----0 
[10:32:00.1521][4205][Info]: -1 ----0 
[10:32:00.1521][4206][Info]: -1 ----0 
[10:32:00.1661][4207][Info]: -1 ----0 
[10:32:00.1661][4208][Info]: -1 -----1 
[10:32:00.1820][4209][Info]: -1 -----1 
[10:32:00.1820][4210][Info]: -1 -----1 
[10:32:00.1820][4211][Info]: -1 -----1 
[10:32:00.2010][4212][Info]: -1 -----1 
[10:32:00.2010][4213][Info]: -1 -----1 
[10:32:00.2131][4214][Info]: -1 -----1 
[10:32:00.2131][4215][Info]: -1 -----1 
[10:32:00.2131][4216][Info]: -1 -----1 
[10:32:00.2310][4217][Info]: -1 -----1 
[10:32:00.2310][4218][Info]: -1 -----1 
[10:32:00.2310][4219][Info]: -1 -----1 
[10:32:00.2490][4220][Info]: -1 -----1 
[10:32:00.2490][4221][Info]: -1 -----1 
[10:32:00.2610][4222][Info]: -1 -----1 
[10:32:00.2610][4223][Info]: -1 -----1 
[10:32:00.2610][4224][Info]: -1 -----1 
[10:32:00.2810][4225][Info]: -1 -----1 
[10:32:00.2810][4226][Info]: -1 -----1 
[10:32:00.2940][4227][Info]: -1 -----1 
[10:32:00.2940][4228][Info]: -1 -----1 
[10:32:00.3070][4229][Info]: 0 -----1 
[10:32:00.3070][4230][Info]: 0 -----1 
[10:32:00.3220][4231][Info]: 0 -----1 
[10:32:00.3220][4232][Info]: 0 -----1 
[10:32:00.3220][4233][Info]: 1 -----1 
[10:32:00.3450][4234][Info]: 1 -----1 
[10:32:00.3450][4235][Info]: 1 -----1 
[10:32:00.3580][4236][Info]: 1 -----1 
[10:32:00.3580][4237][Info]: 1 -----1 
[10:32:00.3710][4238][Info]: 1 -----1 
[10:32:00.3710][4239][Info]: 1 -----1 
[10:32:00.3880][4240][Info]: 1 -----1 
[10:32:00.3880][4241][Info]: 1 -----1 
[10:32:00.4060][4242][Info]: 1 -----1 
[10:32:00.4160][4243][Info]: 1 -----1 
[10:32:00.4160][4244][Info]: 1 -----1 
[10:32:00.4360][4245][Info]: 1 -----1 
[10:32:00.4360][4246][Info]: 1 -----1 
[10:32:00.4551][4247][Info]: 1 ----0 
[10:32:00.4641][4248][Info]: 1 ----0 
[10:32:00.4641][4249][Info]: 1 ----0 
[10:32:00.4791][4250][Info]: 1 ----0 
[10:32:00.4791][4251][Info]: 1 ----0 
[10:32:00.4791][4252][Info]: 1 ----0 
[10:32:00.4991][4253][Info]: 1 ----0 
[10:32:00.4991][4254][Info]: 1 ----0 
[10:32:00.5191][4255][Info]: 1 ----0 
[10:32:00.5251][4256][Info]: 1 ----0 
[10:32:00.5251][4257][Info]: 1 ----0 
[10:32:00.5431][4258][Info]: 1 ----0 
[10:32:00.5431][4259][Info]: 1 ----0 
[10:32:00.5601][4260][Info]: 1 ----0 
[10:32:00.5601][4261][Info]: 1 ----0 
[10:32:00.5801][4262][Info]: 1 ----0 
[10:32:00.5961][4263][Info]: 1 ----0 
[10:32:00.6141][4264][Info]: 1 ----0 
[10:32:00.6301][4265][Info]: 1 ----1 
[10:32:00.6541][4266][Info]: 1 ----1 
[10:32:00.6541][4267][Info]: 1 ----1 
[10:32:00.6711][4268][Info]: 1 ----1 
[10:32:00.6711][4269][Info]: 1 ----1 
[10:32:00.6831][4270][Info]: 1 ----1 
[10:32:00.6831][4271][Info]: 1 ----1 
[10:32:00.6831][4272][Info]: 1 ----1 
[10:32:00.7002][4273][Info]: 1 ----1 
[10:32:00.7002][4274][Info]: 1 ----1 
[10:32:00.7132][4275][Info]: 1 ----1 
[10:32:00.7132][4276][Info]: 1 ----1 
[10:32:00.7132][4277][Info]: 1 ----1 
[10:32:00.7332][4278][Info]: 0 ----1 
[10:32:00.7332][4279][Info]: 0 ----1 
[10:32:00.7452][4280][Info]: 0 ----1 
[10:32:00.7452][4281][Info]: 0 ----1 
[10:32:00.7642][4282][Info]: 0 ----1 
[10:32:00.7642][4283][Info]: 0 ----1 
[10:32:00.7782][4284][Info]: 0 ----1 
[10:32:00.7782][4285][Info]: 0 ----1 
[10:32:00.7782][4286][Info]: 0 ----1 
[10:32:00.7962][4287][Info]: 0 ----1 
[10:32:00.7962][4288][Info]: 0 ----1 
[10:32:00.8081][4289][Info]: 0 ----1 
[10:32:00.8081][4290][Info]: 0 ----1 
[10:32:00.8081][4291][Info]: 0 ----1 
[10:32:00.8262][4292][Info]: 0 ----1 
[10:32:00.8262][4293][Info]: 0 ----1 
[10:32:00.8401][4294][Info]: 0 ----1 
[10:32:00.8401][4295][Info]: 0 ----1 
[10:32:00.8401][4296][Info]: 0 ----1 
[10:32:00.8571][4297][Info]: 0 ----1 
[10:32:00.8571][4298][Info]: 0 ----1 
[10:32:00.8711][4299][Info]: 0 ----1 
[10:32:00.8711][4300][Info]: 0 ----1 
[10:32:00.8711][4301][Info]: 0 ----1 
[10:32:00.8891][4302][Info]: 0 ----1 
[10:32:00.8891][4303][Info]: 0 ----1 
[10:32:00.9011][4304][Info]: 0 ----1 
[10:32:00.9011][4305][Info]: 0 ----1 
[10:32:00.9161][4306][Info]: 0 ----1 
[10:32:00.9161][4307][Info]: 0 ----1 
[10:32:00.9321][4308][Info]: 0 ----1 
[10:32:00.9321][4309][Info]: 0 ----1 
[10:32:00.9321][4310][Info]: 0 ----1 
[10:32:00.9509][4311][Info]: 0 ----1 
[10:32:00.9509][4312][Info]: -1 ----1 
[10:32:00.9639][4313][Info]: -1 ----1 
[10:32:00.9639][4314][Info]: -1 ----1 
[10:32:00.9639][4315][Info]: -1 ----1 
[10:32:00.9822][4316][Info]: -1 ----1 
[10:32:00.9822][4317][Info]: -1 ----1 
[10:32:00.9962][4318][Info]: -1 ----0 
[10:32:00.9962][4319][Info]: -1 ----0 
[10:32:01.0112][4320][Info]: -1 ----0 
[10:32:01.0112][4321][Info]: -1 ----0 
[10:32:01.0252][4322][Info]: -1 ----0 
[10:32:01.0252][4323][Info]: -1 ----0 
[10:32:01.0252][4324][Info]: -1 ----0 
[10:32:01.0432][4325][Info]: -1 ----0 
[10:32:01.0432][4326][Info]: -1 ----0 
[10:32:01.0432][4327][Info]: -1 ----0 
[10:32:01.0622][4328][Info]: -1 ----0 
[10:32:01.0622][4329][Info]: -1 ----0 
[10:32:01.0772][4330][Info]: -1 ----0 
[10:32:01.0772][4331][Info]: -1 ----0 
[10:32:01.0912][4332][Info]: -1 ----0 
[10:32:01.0912][4333][Info]: -1 ----0 
[10:32:01.1062][4334][Info]: -1 ----0 
[10:32:01.1062][4335][Info]: -1 ----0 
[10:32:01.1192][4336][Info]: -1 ----0 
[10:32:01.1192][4337][Info]: -1 ----0 
[10:32:01.1192][4338][Info]: -1 ----0 
[10:32:01.1392][4339][Info]: -1 ----0 
[10:32:01.1392][4340][Info]: -1 ----0 
[10:32:01.1522][4341][Info]: -1 ----0 
[10:32:01.1522][4342][Info]: -1 ----0 
[10:32:01.1522][4343][Info]: -1 ----0 
[10:32:01.1731][4344][Info]: -1 ----0 
[10:32:01.1731][4345][Info]: -1 ----0 
[10:32:01.1871][4346][Info]: -1 ----0 
[10:32:01.1871][4347][Info]: -1 ----0 
[10:32:01.1996][4348][Info]: -1 ----0 
[10:32:01.1996][4349][Info]: -1 ----0 
[10:32:01.2126][4350][Info]: -1 ----0 
[10:32:01.2126][4351][Info]: -1 ----0 
[10:32:01.2126][4352][Info]: -1 ----0 
[10:32:01.2316][4353][Info]: -1 ----0 
[10:32:01.2316][4354][Info]: -1 ----0 
[10:32:01.2316][4355][Info]: -1 ----0 
[10:32:01.2496][4356][Info]: -1 ----0 
[10:32:01.2496][4357][Info]: -1 ----0 
[10:32:01.2626][4358][Info]: -1 ----0 
[10:32:01.2626][4359][Info]: -1 ----0 
[10:32:01.2754][4360][Info]: -1 ----0 
[10:32:01.2754][4361][Info]: -1 -----1 
[10:32:01.2754][4362][Info]: -1 -----1 
[10:32:01.2954][4363][Info]: -1 -----1 
[10:32:01.2954][4364][Info]: -1 -----1 
[10:32:01.3074][4365][Info]: -1 -----1 
[10:32:01.3074][4366][Info]: -1 -----1 
[10:32:01.3074][4367][Info]: -1 -----1 
[10:32:01.3284][4368][Info]: -1 -----1 
[10:32:01.3284][4369][Info]: -1 -----1 
[10:32:01.3414][4370][Info]: -1 -----1 
[10:32:01.3414][4371][Info]: -1 -----1 
[10:32:01.3574][4372][Info]: -1 -----1 
[10:32:01.3574][4373][Info]: -1 -----1 
[10:32:01.3724][4374][Info]: -1 -----1 
[10:32:01.3724][4375][Info]: -1 -----1 
[10:32:01.3844][4376][Info]: -1 -----1 
[10:32:01.3844][4377][Info]: -1 -----1 
[10:32:01.3844][4378][Info]: -1 -----1 
[10:32:01.4034][4379][Info]: 0 -----1 
[10:32:01.4034][4380][Info]: 0 -----1 
[10:32:01.4164][4381][Info]: 0 -----1 
[10:32:01.4164][4382][Info]: 0 -----1 
[10:32:01.4164][4383][Info]: 0 -----1 
[10:32:01.4374][4384][Info]: 1 -----1 
[10:32:01.4374][4385][Info]: 1 -----1 
[10:32:01.4514][4386][Info]: 1 -----1 
[10:32:01.4514][4387][Info]: 1 -----1 
[10:32:01.4514][4388][Info]: 1 -----1 
[10:32:01.4693][4389][Info]: 1 -----1 
[10:32:01.4693][4390][Info]: 1 -----1 
[10:32:01.4814][4391][Info]: 1 -----1 
[10:32:01.4814][4392][Info]: 1 -----1 
[10:32:01.4943][4393][Info]: 1 ----0 
[10:32:01.4943][4394][Info]: 1 ----0 
[10:32:01.4943][4395][Info]: 1 ----0 
[10:32:01.5163][4396][Info]: 1 ----0 
[10:32:01.5163][4397][Info]: 1 ----0 
[10:32:01.5323][4398][Info]: 1 ----0 
[10:32:01.5323][4399][Info]: 1 ----0 
[10:32:01.5433][4400][Info]: 1 ----0 
[10:32:01.5433][4401][Info]: 1 ----0 
[10:32:01.5563][4402][Info]: 1 ----0 
[10:32:01.5563][4403][Info]: 1 ----0 
[10:32:01.5563][4404][Info]: 1 ----0 
[10:32:01.5743][4405][Info]: 1 ----0 
[10:32:01.5743][4406][Info]: 1 ----0 
[10:32:01.5883][4407][Info]: 1 ----0 
[10:32:01.5883][4408][Info]: 1 ----0 
[10:32:01.5883][4409][Info]: 1 ----0 
[10:32:01.6093][4410][Info]: 1 ----0 
[10:32:01.6093][4411][Info]: 1 ----0 
[10:32:01.6213][4412][Info]: 1 ----0 
[10:32:01.6213][4413][Info]: 1 ----0 
[10:32:01.6343][4414][Info]: 1 ----0 
[10:32:01.6343][4415][Info]: 1 ----0 
[10:32:01.6343][4416][Info]: 1 ----0 
[10:32:01.6523][4417][Info]: 1 ----0 
[10:32:01.6523][4418][Info]: 1 ----0 
[10:32:01.6523][4419][Info]: 1 ----0 
[10:32:01.6743][4420][Info]: 1 ----0 
[10:32:01.6743][4421][Info]: 1 ----0 
[10:32:01.6873][4422][Info]: 1 ----1 
[10:32:01.6873][4423][Info]: 1 ----1 
[10:32:01.6993][4424][Info]: 1 ----1 
[10:32:01.6993][4425][Info]: 1 ----1 
[10:32:01.6993][4426][Info]: 1 ----1 
[10:32:01.7183][4427][Info]: 1 ----1 
[10:32:01.7183][4428][Info]: 1 ----1 
[10:32:01.7323][4429][Info]: 0 ----1 
[10:32:01.7323][4430][Info]: 0 ----1 
[10:32:01.7443][4431][Info]: 0 ----1 
[10:32:01.7443][4432][Info]: 0 ----1 
[10:32:01.7593][4433][Info]: 0 ----1 
[10:32:01.7593][4434][Info]: 0 ----1 
[10:32:01.7593][4435][Info]: 0 ----1 
[10:32:01.7813][4436][Info]: 0 ----1 
[10:32:01.7813][4437][Info]: 0 ----1 
[10:32:01.7953][4438][Info]: 0 ----1 
[10:32:01.7953][4439][Info]: 0 ----1 
[10:32:01.8093][4440][Info]: 0 ----1 
[10:32:01.8093][4441][Info]: 0 ----1 
[10:32:01.8262][4442][Info]: 0 ----1 
[10:32:01.8262][4443][Info]: 0 ----1 
[10:32:01.8432][4444][Info]: 0 ----1 
[10:32:01.8432][4445][Info]: 0 ----1 
[10:32:01.8572][4446][Info]: 0 ----1 
[10:32:01.8572][4447][Info]: 0 ----1 
[10:32:01.8702][4448][Info]: 0 ----1 
[10:32:01.8702][4449][Info]: 0 ----1 
[10:32:01.8702][4450][Info]: 0 ----1 
[10:32:01.8882][4451][Info]: 0 ----1 
[10:32:01.8882][4452][Info]: 0 ----1 
[10:32:01.9002][4453][Info]: 0 ----1 
[10:32:01.9002][4454][Info]: 0 ----1 
[10:32:01.9002][4455][Info]: 0 ----1 
[10:32:01.9192][4456][Info]: 0 ----1 
[10:32:01.9192][4457][Info]: 0 ----1 
[10:32:01.9342][4458][Info]: 0 ----1 
[10:32:01.9342][4459][Info]: 0 ----1 
[10:32:01.9342][4460][Info]: 0 ----1 
[10:32:01.9522][4461][Info]: 0 ----1 
[10:32:01.9522][4462][Info]: 0 ----1 
[10:32:01.9652][4463][Info]: 0 ----1 
[10:32:01.9652][4464][Info]: 0 ----1 
[10:32:01.9792][4465][Info]: 0 ----1 
[10:32:01.9792][4466][Info]: 0 ----1 
[10:32:01.9792][4467][Info]: 0 ----1 
[10:32:01.9982][4468][Info]: 0 ----1 
[10:32:01.9982][4469][Info]: 0 ----1 
[10:32:02.0132][4470][Info]: 0 ----1 
[10:32:02.0132][4471][Info]: 0 ----1 
[10:32:02.0262][4472][Info]: 0 ----1 
[10:32:02.0262][4473][Info]: 0 ----1 
[10:32:02.0262][4474][Info]: 0 ----1 
[10:32:02.0452][4475][Info]: 0 ----1 
[10:32:02.0452][4476][Info]: 0 ----1 
[10:32:02.0582][4477][Info]: 0 ----1 
[10:32:02.0582][4478][Info]: 0 ----1 
[10:32:02.0582][4479][Info]: 0 ----1 
[10:32:02.0762][4480][Info]: 0 ----1 
[10:32:02.0762][4481][Info]: 0 ----1 
[10:32:02.0902][4482][Info]: 0 ----1 
[10:32:02.0902][4483][Info]: 0 ----1 
[10:32:02.1032][4484][Info]: 0 ----1 
[10:32:02.1032][4485][Info]: 0 ----1 
[10:32:02.1032][4486][Info]: 0 ----1 
[10:32:02.1232][4487][Info]: 0 ----1 
[10:32:02.1232][4488][Info]: 0 ----1 
[10:32:02.1392][4489][Info]: 0 ----1 
[10:32:02.1392][4490][Info]: 0 ----1 
[10:32:02.1521][4491][Info]: 0 ----1 
[10:32:02.1521][4492][Info]: 0 ----1 
[10:32:02.1521][4493][Info]: 0 ----1 
[10:32:02.1712][4494][Info]: 0 ----1 
[10:32:02.1712][4495][Info]: 0 ----1 
[10:32:02.1851][4496][Info]: 0 ----1 
[10:32:02.1851][4497][Info]: 0 ----1 
[10:32:02.1981][4498][Info]: 0 ----1 
[10:32:02.1981][4499][Info]: 0 ----1 
[10:32:02.1981][4500][Info]: 0 ----1 
[10:32:02.2161][4501][Info]: 0 ----1 
[10:32:02.2161][4502][Info]: 0 ----0 
[10:32:02.2301][4503][Info]: 0 ----0 
[10:32:02.2301][4504][Info]: 0 ----0 
[10:32:02.2301][4505][Info]: 0 ----0 
[10:32:02.2471][4506][Info]: 0 ----0 
[10:32:02.2471][4507][Info]: 0 ----0 
[10:32:02.2611][4508][Info]: 0 ----0 
[10:32:02.2611][4509][Info]: 0 ----0 
[10:32:02.2611][4510][Info]: 0 ----0 
[10:32:02.2821][4511][Info]: 0 ----0 
[10:32:02.2821][4512][Info]: 0 ----0 
[10:32:02.2941][4513][Info]: 0 ----0 
[10:32:02.2941][4514][Info]: 0 ----0 
[10:32:02.2941][4515][Info]: 0 ----0 
[10:32:02.3121][4516][Info]: 0 ----0 
[10:32:02.3121][4517][Info]: 0 ----0 
[10:32:02.3241][4518][Info]: 0 ----0 
[10:32:02.3241][4519][Info]: 0 ----0 
[10:32:02.3421][4520][Info]: 0 ----0 
[10:32:02.3421][4521][Info]: 0 ----0 
[10:32:02.3541][4522][Info]: 0 ----0 
[10:32:02.3541][4523][Info]: 0 ----0 
[10:32:02.3541][4524][Info]: 0 ----0 
[10:32:02.3721][4525][Info]: 0 ----0 
[10:32:02.3721][4526][Info]: 0 ----0 
[10:32:02.3721][4527][Info]: 0 ----0 
[10:32:02.3911][4528][Info]: 0 ----0 
[10:32:02.3911][4529][Info]: 0 ----0 
[10:32:02.4031][4530][Info]: 0 ----0 
[10:32:02.4031][4531][Info]: 0 ----0 
[10:32:02.4031][4532][Info]: 0 ----0 
[10:32:02.4241][4533][Info]: 0 ----0 
[10:32:02.4331][4534][Info]: 0 ----0 
[10:32:02.4331][4535][Info]: 0 ----0 
[10:32:02.4491][4536][Info]: 0 ----0 
[10:32:02.4491][4537][Info]: 0 ----0 
[10:32:02.4491][4538][Info]: 0 ----0 
[10:32:02.4671][4539][Info]: 0 ----0 
[10:32:02.4671][4540][Info]: 0 ----0 
[10:32:02.4791][4541][Info]: 0 ----0 
[10:32:02.4791][4542][Info]: 0 ----0 
[10:32:02.4791][4543][Info]: 0 ----0 
[10:32:02.4970][4544][Info]: 0 ----0 
[10:32:02.4970][4545][Info]: 0 ----0 
[10:32:02.5100][4546][Info]: 0 ----0 
[10:32:02.5100][4547][Info]: 0 -----1 
[10:32:02.5100][4548][Info]: 0 -----1 
[10:32:02.5290][4549][Info]: 0 -----1 
[10:32:02.5290][4550][Info]: 0 -----1 
[10:32:02.5430][4551][Info]: 0 -----1 
[10:32:02.5430][4552][Info]: 0 -----1 
[10:32:02.5430][4553][Info]: 0 -----1 
[10:32:02.5620][4554][Info]: 0 -----1 
[10:32:02.5620][4555][Info]: 0 -----1 
[10:32:02.5750][4556][Info]: 0 -----1 
[10:32:02.5750][4557][Info]: 0 -----1 
[10:32:02.5920][4558][Info]: 0 -----1 
[10:32:02.5920][4559][Info]: 0 -----1 
[10:32:02.6050][4560][Info]: 0 -----1 
[10:32:02.6050][4561][Info]: 0 -----1 
[10:32:02.6190][4562][Info]: 0 -----1 
[10:32:02.6190][4563][Info]: 0 -----1 
[10:32:02.6190][4564][Info]: 0 -----1 
[10:32:02.6370][4565][Info]: 0 -----1 
[10:32:02.6370][4566][Info]: 0 -----1 
[10:32:02.6500][4567][Info]: 0 -----1 
[10:32:02.6500][4568][Info]: 0 -----1 
[10:32:02.6500][4569][Info]: 0 -----1 
[10:32:02.6700][4570][Info]: 0 -----1 
[10:32:02.6700][4571][Info]: 0 -----1 
[10:32:02.6830][4572][Info]: 0 -----1 
[10:32:02.6830][4573][Info]: 0 -----1 
[10:32:02.6830][4574][Info]: 0 -----1 
[10:32:02.7010][4575][Info]: 0 -----1 
[10:32:02.7010][4576][Info]: 0 -----1 
[10:32:02.7150][4577][Info]: 1 -----1 
[10:32:02.7150][4578][Info]: 1 -----1 
[10:32:02.7150][4579][Info]: 1 -----1 
[10:32:02.7350][4580][Info]: 1 -----1 
[10:32:02.7450][4581][Info]: 1 -----1 
[10:32:02.7450][4582][Info]: 1 -----1 
[10:32:02.7600][4583][Info]: 1 -----1 
[10:32:02.7600][4584][Info]: 1 -----1 
[10:32:02.7760][4585][Info]: 1 -----1 
[10:32:02.7760][4586][Info]: 1 -----1 
[10:32:02.7760][4587][Info]: 1 -----1 
[10:32:02.7940][4588][Info]: 1 -----1 
[10:32:02.7940][4589][Info]: 1 -----1 
[10:32:02.7940][4590][Info]: 1 -----1 
[10:32:02.8120][4591][Info]: 1 ----0 
[10:32:02.8120][4592][Info]: 1 ----0 
[10:32:02.8260][4593][Info]: 1 ----0 
[10:32:02.8260][4594][Info]: 1 ----0 
[10:32:02.8400][4595][Info]: 1 ----0 
[10:32:02.8400][4596][Info]: 1 ----0 
[10:32:02.8400][4597][Info]: 1 ----0 
[10:32:02.8580][4598][Info]: 1 ----0 
[10:32:02.8580][4599][Info]: 1 ----0 
[10:32:02.8699][4600][Info]: 1 ----0 
[10:32:02.8699][4601][Info]: 1 ----0 
[10:32:02.8699][4602][Info]: 1 ----0 
[10:32:02.8889][4603][Info]: 1 ----0 
[10:32:02.8889][4604][Info]: 1 ----0 
[10:32:02.9019][4605][Info]: 1 ----0 
[10:32:02.9019][4606][Info]: 1 ----0 
[10:32:02.9019][4607][Info]: 1 ----0 
[10:32:02.9219][4608][Info]: 1 ----0 
[10:32:02.9219][4609][Info]: 1 ----0 
[10:32:02.9349][4610][Info]: 1 ----0 
[10:32:02.9349][4611][Info]: 1 ----0 
[10:32:02.9499][4612][Info]: 1 ----0 
[10:32:02.9499][4613][Info]: 1 ----0 
[10:32:02.9499][4614][Info]: 1 ----0 
[10:32:02.9689][4615][Info]: 1 ----0 
[10:32:02.9689][4616][Info]: 1 ----0 
[10:32:02.9809][4617][Info]: 1 ----0 
[10:32:02.9809][4618][Info]: 1 ----0 
[10:32:02.9939][4619][Info]: 1 ----0 
[10:32:02.9939][4620][Info]: 1 ----0 
[10:32:02.9939][4621][Info]: 1 ----0 
[10:32:03.0149][4622][Info]: 1 ----0 
[10:32:03.0149][4623][Info]: 1 ----0 
[10:32:03.0279][4624][Info]: 1 ----0 
[10:32:03.0279][4625][Info]: 1 ----0 
[10:32:03.0429][4626][Info]: 1 ----1 
[10:32:03.0429][4627][Info]: 1 ----1 
[10:32:03.0579][4628][Info]: 1 ----1 
[10:32:03.0579][4629][Info]: 1 ----1 
[10:32:03.0579][4630][Info]: 1 ----1 
[10:32:03.0760][4631][Info]: 1 ----1 
[10:32:03.0760][4632][Info]: 1 ----1 
[10:32:03.0910][4633][Info]: 1 ----1 
[10:32:03.0910][4634][Info]: 1 ----1 
[10:32:03.1050][4635][Info]: 1 ----1 
[10:32:03.1050][4636][Info]: 1 ----1 
[10:32:03.1050][4637][Info]: 1 ----1 
[10:32:03.1230][4638][Info]: 1 ----1 
[10:32:03.1230][4639][Info]: 1 ----1 
[10:32:03.1350][4640][Info]: 1 ----1 
[10:32:03.1350][4641][Info]: 0 ----1 
[10:32:03.1520][4642][Info]: 0 ----1 
[10:32:03.1520][4643][Info]: 0 ----1 
[10:32:03.1520][4644][Info]: 0 ----1 
[10:32:03.1711][4645][Info]: 0 ----1 
[10:32:03.1711][4646][Info]: 0 ----1 
[10:32:03.1861][4647][Info]: 0 ----1 
[10:32:03.1861][4648][Info]: 0 ----1 
[10:32:03.2011][4649][Info]: 0 ----1 
[10:32:03.2011][4650][Info]: 0 ----1 
[10:32:03.2131][4651][Info]: 0 ----1 
[10:32:03.2131][4652][Info]: 0 ----1 
[10:32:03.2131][4653][Info]: 0 ----1 
[10:32:03.2321][4654][Info]: 0 ----1 
[10:32:03.2321][4655][Info]: 0 ----1 
[10:32:03.2441][4656][Info]: -1 ----1 
[10:32:03.2441][4657][Info]: -1 ----1 
[10:32:03.2441][4658][Info]: -1 ----1 
[10:32:03.2651][4659][Info]: -1 ----1 
[10:32:03.2651][4660][Info]: -1 ----1 
[10:32:03.2761][4661][Info]: -1 ----1 
[10:32:03.2761][4662][Info]: -1 ----0 
[10:32:03.2761][4663][Info]: -1 ----0 
[10:32:03.2951][4664][Info]: -1 ----0 
[10:32:03.2951][4665][Info]: -1 ----0 
[10:32:03.3071][4666][Info]: -1 ----0 
[10:32:03.3071][4667][Info]: -1 ----0 
[10:32:03.3071][4668][Info]: -1 ----0 
[10:32:03.3251][4669][Info]: -1 ----0 
[10:32:03.3251][4670][Info]: -1 ----0 
[10:32:03.3391][4671][Info]: -1 ----0 
[10:32:03.3391][4672][Info]: -1 ----0 
[10:32:03.3561][4673][Info]: -1 ----0 
[10:32:03.3561][4674][Info]: -1 ----0 
[10:32:03.3561][4675][Info]: -1 ----0 
[10:32:03.3751][4676][Info]: -1 ----0 
[10:32:03.3751][4677][Info]: -1 ----0 
[10:32:03.3871][4678][Info]: -1 ----0 
[10:32:03.3871][4679][Info]: -1 ----0 
[10:32:03.4001][4680][Info]: -1 ----0 
[10:32:03.4001][4681][Info]: -1 ----0 
[10:32:03.4001][4682][Info]: -1 ----0 
[10:32:03.4181][4683][Info]: -1 ----0 
[10:32:03.4181][4684][Info]: -1 ----0 
[10:32:03.4321][4685][Info]: -1 ----0 
[10:32:03.4321][4686][Info]: -1 ----0 
[10:32:03.4470][4687][Info]: -1 ----0 
[10:32:03.4470][4688][Info]: -1 ----0 
[10:32:03.4470][4689][Info]: -1 ----0 
[10:32:03.4663][4690][Info]: -1 ----0 
[10:32:03.4663][4691][Info]: -1 ----0 
[10:32:03.4793][4692][Info]: -1 ----0 
[10:32:03.4793][4693][Info]: -1 ----0 
[10:32:03.4793][4694][Info]: -1 ----0 
[10:32:03.4983][4695][Info]: -1 ----0 
[10:32:03.4983][4696][Info]: -1 ----0 
[10:32:03.5133][4697][Info]: -1 ----0 
[10:32:03.5133][4698][Info]: -1 ----0 
[10:32:03.5133][4699][Info]: -1 ----0 
[10:32:03.5317][4700][Info]: -1 ----0 
[10:32:03.5317][4701][Info]: -1 ----0 
[10:32:03.5437][4702][Info]: -1 ----0 
[10:32:03.5437][4703][Info]: -1 ----0 
[10:32:03.5587][4704][Info]: -1 ----0 
[10:32:03.5587][4705][Info]: -1 ----0 
[10:32:03.5587][4706][Info]: -1 ----0 
[10:32:03.5762][4707][Info]: -1 ----0 
[10:32:03.5762][4708][Info]: -1 -----1 
[10:32:03.5912][4709][Info]: -1 -----1 
[10:32:03.5912][4710][Info]: -1 -----1 
[10:32:03.6052][4711][Info]: -1 -----1 
[10:32:03.6052][4712][Info]: -1 -----1 
[10:32:03.6192][4713][Info]: -1 -----1 
[10:32:03.6192][4714][Info]: -1 -----1 
[10:32:03.6192][4715][Info]: -1 -----1 
[10:32:03.6372][4716][Info]: -1 -----1 
[10:32:03.6372][4717][Info]: -1 -----1 
[10:32:03.6512][4718][Info]: -1 -----1 
[10:32:03.6512][4719][Info]: -1 -----1 
[10:32:03.6512][4720][Info]: -1 -----1 
[10:32:03.6692][4721][Info]: -1 -----1 
[10:32:03.6692][4722][Info]: -1 -----1 
[10:32:03.6838][4723][Info]: -1 -----1 
[10:32:03.6838][4724][Info]: -1 -----1 
[10:32:03.6968][4725][Info]: -1 -----1 
[10:32:03.6968][4726][Info]: -1 -----1 
[10:32:03.6968][4727][Info]: -1 -----1 
[10:32:03.7148][4728][Info]: -1 -----1 
[10:32:03.7148][4729][Info]: -1 -----1 
[10:32:03.7148][4730][Info]: 1 -----1 
[10:32:03.7348][4731][Info]: 1 -----1 
[10:32:03.7348][4732][Info]: 1 -----1 
[10:32:03.7467][4733][Info]: 1 -----1 
[10:32:03.7467][4734][Info]: 1 -----1 
[10:32:03.7639][4735][Info]: 1 -----1 
[10:32:03.7639][4736][Info]: 1 -----1 
[10:32:03.7764][4737][Info]: 1 -----1 
[10:32:03.7764][4738][Info]: 1 -----1 
[10:32:03.7764][4739][Info]: 1 -----1 
[10:32:03.7954][4740][Info]: 1 -----1 
[10:32:03.7954][4741][Info]: 1 -----1 
[10:32:03.8094][4742][Info]: 1 -----1 
[10:32:03.8094][4743][Info]: 1 ----0 
[10:32:03.8224][4744][Info]: 1 ----0 
[10:32:03.8224][4745][Info]: 1 ----0 
[10:32:03.8224][4746][Info]: 1 ----0 
[10:32:03.8420][4747][Info]: 1 ----0 
[10:32:03.8420][4748][Info]: 1 ----0 
[10:32:03.8559][4749][Info]: 1 ----0 
[10:32:03.8559][4750][Info]: 1 ----0 
[10:32:03.8704][4751][Info]: 1 ----0 
[10:32:03.8704][4752][Info]: 1 ----0 
[10:32:03.8704][4753][Info]: 1 ----0 
[10:32:03.8884][4754][Info]: 1 ----0 
[10:32:03.8884][4755][Info]: 1 ----0 
[10:32:03.9004][4756][Info]: 1 ----0 
[10:32:03.9004][4757][Info]: 1 ----0 
[10:32:03.9004][4758][Info]: 1 ----0 
[10:32:03.9184][4759][Info]: 1 ----0 
[10:32:03.9184][4760][Info]: 1 ----0 
[10:32:03.9324][4761][Info]: 1 ----0 
[10:32:03.9324][4762][Info]: 1 ----0 
[10:32:03.9324][4763][Info]: 1 ----0 
[10:32:03.9513][4764][Info]: 1 ----0 
[10:32:03.9513][4765][Info]: 1 ----0 
[10:32:03.9676][4766][Info]: 1 ----0 
[10:32:03.9676][4767][Info]: 1 ----0 
[10:32:03.9806][4768][Info]: 1 ----0 
[10:32:03.9946][4769][Info]: 1 ----1 
[10:32:03.9946][4770][Info]: 1 ----1 
[10:32:04.0216][4771][Info]: 1 ----1 
[10:32:04.0346][4772][Info]: 1 ----1 
[10:32:04.0466][4773][Info]: 0 ----1 
[10:32:04.0715][4774][Info]: 0 ----1 
[10:32:04.0795][4775][Info]: 0 ----1 
[10:32:04.0895][4776][Info]: 0 ----1 
[10:32:04.0895][4777][Info]: 0 ----1 
[10:32:04.1065][4778][Info]: 0 ----1 
[10:32:04.1065][4779][Info]: 0 ----1 
[10:32:04.1245][4780][Info]: 0 ----1 
[10:32:04.1245][4781][Info]: 0 ----1 
[10:32:04.1385][4782][Info]: 0 ----1 
[10:32:04.1385][4783][Info]: 0 ----1 
[10:32:04.1535][4784][Info]: 0 ----1 
[10:32:04.1535][4785][Info]: 0 ----1 
[10:32:04.1741][4786][Info]: 0 ----1 
[10:32:04.1821][4787][Info]: 0 ----1 
[10:32:04.1821][4788][Info]: 0 ----1 
[10:32:04.1975][4789][Info]: 0 ----1 
[10:32:04.1975][4790][Info]: 0 ----1 
[10:32:04.2125][4791][Info]: -1 ----1 
[10:32:04.2125][4792][Info]: -1 ----1 
[10:32:04.2125][4793][Info]: -1 ----1 
[10:32:04.2345][4794][Info]: -1 ----1 
[10:32:04.2345][4795][Info]: -1 ----1 
[10:32:04.2475][4796][Info]: -1 ----1 
[10:32:04.2475][4797][Info]: -1 ----0 
[10:32:04.2690][4798][Info]: -1 ----0 
[10:32:04.2800][4799][Info]: -1 ----0 
[10:32:04.2800][4800][Info]: -1 ----0 
[10:32:04.2953][4801][Info]: -1 ----0 
[10:32:04.2953][4802][Info]: -1 ----0 
[10:32:04.3123][4803][Info]: -1 ----0 
[10:32:04.3223][4804][Info]: -1 ----0 
[10:32:04.3223][4805][Info]: -1 ----0 
[10:32:04.3382][4806][Info]: -1 ----0 
[10:32:04.3382][4807][Info]: -1 ----0 
[10:32:04.3542][4808][Info]: -1 ----0 
[10:32:04.3542][4809][Info]: -1 ----0 
[10:32:04.3733][4810][Info]: -1 ----0 
[10:32:04.3733][4811][Info]: -1 ----0 
[10:32:04.3873][4812][Info]: -1 ----0 
[10:32:04.3873][4813][Info]: -1 ----0 
[10:32:04.4023][4814][Info]: -1 ----0 
[10:32:04.4023][4815][Info]: -1 ----0 
[10:32:04.4203][4816][Info]: -1 ----0 
[10:32:04.4323][4817][Info]: -1 ----0 
[10:32:04.4323][4818][Info]: -1 ----0 
[10:32:04.4483][4819][Info]: -1 ----0 
[10:32:04.4483][4820][Info]: -1 -----1 
[10:32:04.4690][4821][Info]: -1 -----1 
[10:32:04.4790][4822][Info]: -1 -----1 
[10:32:04.4790][4823][Info]: -1 -----1 
[10:32:04.4960][4824][Info]: -1 -----1 
[10:32:04.4960][4825][Info]: -1 -----1 
[10:32:04.5160][4826][Info]: -1 -----1 
[10:32:04.5250][4827][Info]: -1 -----1 
[10:32:04.5250][4828][Info]: -1 -----1 
[10:32:04.5430][4829][Info]: -1 -----1 
[10:32:04.5430][4830][Info]: 0 -----1 
[10:32:04.5628][4831][Info]: 0 -----1 
[10:32:04.5778][4832][Info]: 1 -----1 
[10:32:04.5908][4833][Info]: 1 -----1 
[10:32:04.5908][4834][Info]: 1 -----1 
[10:32:04.6138][4835][Info]: 1 ----0 
[10:32:04.6248][4836][Info]: 1 ----0 
[10:32:04.6358][4837][Info]: 1 ----0 
[10:32:04.6358][4838][Info]: 1 ----0 
[10:32:04.6528][4839][Info]: 1 ----0 
[10:32:04.6528][4840][Info]: 1 ----0 
[10:32:04.6688][4841][Info]: 1 ----0 
[10:32:04.6688][4842][Info]: 1 ----0 
[10:32:04.6848][4843][Info]: 1 ----0 
[10:32:04.6848][4844][Info]: 1 ----0 
[10:32:04.7008][4845][Info]: 1 ----0 
[10:32:04.7008][4846][Info]: 1 ----0 
[10:32:04.7168][4847][Info]: 1 ----0 
[10:32:04.7168][4848][Info]: 1 ----0 
[10:32:04.7338][4849][Info]: 1 ----0 
[10:32:04.7338][4850][Info]: 1 ----0 
[10:32:04.7488][4851][Info]: 1 ----0 
[10:32:04.7488][4852][Info]: 1 ----1 
[10:32:04.7678][4853][Info]: 1 ----1 
[10:32:04.7789][4854][Info]: 1 ----1 
[10:32:04.7789][4855][Info]: 1 ----1 
[10:32:04.7976][4856][Info]: 0 ----1 
[10:32:04.8066][4857][Info]: 0 ----1 
[10:32:04.8066][4858][Info]: 0 ----1 
[10:32:04.8226][4859][Info]: 0 ----1 
[10:32:04.8226][4860][Info]: 0 ----1 
[10:32:04.8226][4861][Info]: 0 ----1 
[10:32:04.8446][4862][Info]: 0 ----1 
[10:32:04.8446][4863][Info]: 0 ----1 
[10:32:04.8593][4864][Info]: 0 ----1 
[10:32:04.8593][4865][Info]: 0 ----1 
[10:32:04.8749][4866][Info]: 0 ----1 
[10:32:04.8749][4867][Info]: 0 ----1 
[10:32:04.8909][4868][Info]: 0 ----1 
[10:32:04.8909][4869][Info]: 0 ----1 
[10:32:04.9059][4870][Info]: 0 ----1 
[10:32:04.9059][4871][Info]: 0 ----0 
[10:32:04.9219][4872][Info]: 0 ----0 
[10:32:04.9219][4873][Info]: 0 ----0 
[10:32:04.9379][4874][Info]: 0 ----0 
[10:32:04.9379][4875][Info]: 0 ----0 
[10:32:04.9529][4876][Info]: 0 ----0 
[10:32:04.9529][4877][Info]: 0 ----0 
[10:32:04.9666][4878][Info]: 0 ----0 
[10:32:04.9666][4879][Info]: 0 ----0 
[10:32:04.9831][4880][Info]: 0 ----0 
[10:32:04.9831][4881][Info]: 0 ----0 
[10:32:04.9980][4882][Info]: 0 ----0 
[10:32:04.9980][4883][Info]: 0 ----0 
[10:32:05.0130][4884][Info]: 0 ----0 
[10:32:05.0130][4885][Info]: 0 ----0 
[10:32:05.0310][4886][Info]: 0 ----0 
[10:32:05.0310][4887][Info]: 0 ----0 
[10:32:05.0449][4888][Info]: 0 ----0 
[10:32:05.0449][4889][Info]: 0 ----0 
[10:32:05.0569][4890][Info]: 0 ----0 
[10:32:05.0569][4891][Info]: 0 ----0 
[10:32:05.0569][4892][Info]: 0 ----0 
[10:32:05.0759][4893][Info]: 0 ----0 
[10:32:05.0759][4894][Info]: 0 ----0 
[10:32:05.0885][4895][Info]: 0 ----0 
[10:32:05.0885][4896][Info]: 0 ----0 
[10:32:05.0885][4897][Info]: 0 ----0 
[10:32:05.1108][4898][Info]: 0 ----0 
[10:32:05.1108][4899][Info]: 0 ----0 
[10:32:05.1228][4900][Info]: 0 ----0 
[10:32:05.1228][4901][Info]: 0 ----0 
[10:32:05.1368][4902][Info]: 0 ----0 
[10:32:05.1368][4903][Info]: 0 ----0 
[10:32:05.1518][4904][Info]: 0 ----0 
[10:32:05.1518][4905][Info]: 0 ----0 
[10:32:05.1518][4906][Info]: 0 ----0 
[10:32:05.1731][4907][Info]: 0 ----0 
[10:32:05.1831][4908][Info]: 0 ----0 
[10:32:05.1831][4909][Info]: 0 ----0 
[10:32:05.2020][4910][Info]: 0 ----0 
[10:32:05.2020][4911][Info]: 0 ----0 
[10:32:05.2150][4912][Info]: 0 ----0 
[10:32:05.2150][4913][Info]: 0 ----0 
[10:32:05.2150][4914][Info]: 0 ----0 
[10:32:05.2330][4915][Info]: 0 ----0 
[10:32:05.2330][4916][Info]: 0 ----0 
[10:32:05.2440][4917][Info]: 0 ----0 
[10:32:05.2440][4918][Info]: 0 ----0 
[10:32:05.2440][4919][Info]: 0 ----0 
[10:32:05.2649][4920][Info]: 0 ----0 
[10:32:05.2649][4921][Info]: 0 ----0 
[10:32:05.2809][4922][Info]: 0 ----0 
[10:32:05.2809][4923][Info]: 0 ----0 
[10:32:05.2932][4924][Info]: 0 ----0 
[10:32:05.2932][4925][Info]: 0 ----0 
[10:32:05.2932][4926][Info]: 0 ----0 
[10:32:05.3112][4927][Info]: 0 ----0 
[10:32:05.3112][4928][Info]: 0 ----0 
[10:32:05.3232][4929][Info]: 0 ----0 
[10:32:05.3442][4930][Info]: 0 ----0 
[10:32:05.3552][4931][Info]: 0 ----0 
[10:32:05.3552][4932][Info]: 0 ----0 
[10:32:05.3704][4933][Info]: 0 ----0 
[10:32:05.3704][4934][Info]: 0 ----0 
[10:32:05.3844][4935][Info]: 0 ----0 
[10:32:05.3844][4936][Info]: 0 ----0 
[10:32:05.4011][4937][Info]: 0 ----0 
[10:32:05.4011][4938][Info]: 0 ----0 
[10:32:05.4181][4939][Info]: 0 ----0 
[10:32:05.4181][4940][Info]: 0 ----0 
[10:32:05.4351][4941][Info]: 0 ----0 
[10:32:05.4351][4942][Info]: 0 ----0 
[10:32:05.4549][4943][Info]: 0 ----0 
[10:32:05.4626][4944][Info]: 0 ----0 
[10:32:05.4626][4945][Info]: 0 ----0 
[10:32:05.4626][4946][Info]: 0 ----0 
[10:32:05.4841][4947][Info]: 0 ----0 
[10:32:05.4970][4948][Info]: 0 ----0 
[10:32:05.4970][4949][Info]: 0 ----0 
[10:32:05.5170][4950][Info]: 0 ----0 
[10:32:05.5250][4951][Info]: 0 ----0 
[10:32:05.5250][4952][Info]: 0 ----0 
[10:32:05.5410][4953][Info]: 0 ----0 
[10:32:05.5410][4954][Info]: 0 ----0 
[10:32:05.5410][4955][Info]: 0 ----0 
[10:32:05.5620][4956][Info]: 0 ----0 
[10:32:05.5620][4957][Info]: 0 ----0 
[10:32:05.5760][4958][Info]: 0 ----0 
[10:32:05.5760][4959][Info]: 0 ----0 
[10:32:05.5922][4960][Info]: 0 ----0 
[10:32:05.5922][4961][Info]: 0 ----0 
[10:32:05.6091][4962][Info]: 0 ----0 
[10:32:05.6091][4963][Info]: 0 ----0 
[10:32:05.6241][4964][Info]: 0 ----0 
[10:32:05.6241][4965][Info]: 0 ----0 
[10:32:05.6401][4966][Info]: 0 ----0 
[10:32:05.6401][4967][Info]: 0 ----0 
[10:32:05.6551][4968][Info]: 0 ----0 
[10:32:05.6551][4969][Info]: 0 ----0 
[10:32:05.6671][4970][Info]: 0 ----0 
[10:32:05.6671][4971][Info]: 0 ----0 
[10:32:05.6671][4972][Info]: 0 ----0 
[10:32:05.6881][4973][Info]: 0 ----0 
[10:32:05.6881][4974][Info]: 0 ----0 
[10:32:05.7005][4975][Info]: 0 ----0 
[10:32:05.7005][4976][Info]: 0 ----0 
[10:32:05.7125][4977][Info]: 0 ----0 
[10:32:05.7125][4978][Info]: 0 ----0 
[10:32:05.7125][4979][Info]: 0 ----0 
[10:32:05.7305][4980][Info]: 0 ----0 
[10:32:05.7305][4981][Info]: 0 ----0 
[10:32:05.7305][4982][Info]: 0 ----0 
[10:32:05.7485][4983][Info]: 0 ----0 
[10:32:05.7485][4984][Info]: 0 ----0 
[10:32:05.7620][4985][Info]: 0 ----0 
[10:32:05.7620][4986][Info]: 0 ----0 
[10:32:05.7620][4987][Info]: 0 ----0 
[10:32:05.7800][4988][Info]: 0 ----0 
[10:32:05.7800][4989][Info]: 0 ----0 
[10:32:05.7930][4990][Info]: 0 ----0 
[10:32:05.7930][4991][Info]: 0 ----0 
[10:32:05.8080][4992][Info]: 0 ----0 
[10:32:05.8080][4993][Info]: 0 ----0 
[10:32:05.8080][4994][Info]: 0 ----0 
[10:32:05.8260][4995][Info]: 0 ----0 
[10:32:05.8260][4996][Info]: 0 ----0 
[10:32:05.8390][4997][Info]: 0 ----0 
[10:32:05.8390][4998][Info]: 0 ----0 
[10:32:05.8540][4999][Info]: 0 ----0 
[10:32:05.8540][5000][Info]: 0 ----0 
[10:32:05.8707][5001][Info]: 0 ----0 
[10:32:05.8707][5002][Info]: 0 ----0 
[10:32:05.8847][5003][Info]: 0 ----0 
[10:32:05.8847][5004][Info]: 0 ----0 
[10:32:05.8847][5005][Info]: 0 ----0 
[10:32:05.9057][5006][Info]: 0 ----0 
[10:32:05.9057][5007][Info]: 0 ----0 
[10:32:05.9197][5008][Info]: 0 ----0 
[10:32:05.9197][5009][Info]: 0 ----0 
[10:32:05.9357][5010][Info]: 0 ----0 
[10:32:05.9357][5011][Info]: 0 ----0 
[10:32:05.9497][5012][Info]: 0 ----0 
[10:32:05.9497][5013][Info]: 0 ----0 
[10:32:05.9665][5014][Info]: 0 ----0 
[10:32:05.9665][5015][Info]: 0 ----0 
[10:32:05.9796][5016][Info]: 0 ----0 
[10:32:05.9796][5017][Info]: 0 ----0 
[10:32:05.9796][5018][Info]: 0 ----0 
[10:32:06.0006][5019][Info]: 0 ----0 
[10:32:06.0106][5020][Info]: 0 ----0 
[10:32:06.0106][5021][Info]: 0 ----0 
[10:32:06.0256][5022][Info]: 0 ----0 
[10:32:06.0256][5023][Info]: 0 ----0 
[10:32:06.0256][5024][Info]: 0 ----0 
[10:32:06.0465][5025][Info]: 0 ----0 
[10:32:06.0465][5026][Info]: 0 ----0 
[10:32:06.0595][5027][Info]: 0 ----0 
[10:32:06.0595][5028][Info]: 0 ----0 
[10:32:06.0745][5029][Info]: 0 ----0 
[10:32:06.0745][5030][Info]: 0 ----0 
[10:32:06.0893][5031][Info]: 0 ----0 
[10:32:06.0893][5032][Info]: 0 ----0 
[10:32:06.1094][5033][Info]: 0 ----0 
[10:32:06.1204][5034][Info]: 0 ----0 
[10:32:06.1204][5035][Info]: 0 ----0 
[10:32:06.1364][5036][Info]: 0 ----0 
[10:32:06.1364][5037][Info]: 0 ----0 
[10:32:06.1504][5038][Info]: 0 ----0 
[10:32:06.1504][5039][Info]: 0 ----0 
[10:32:06.1504][5040][Info]: 0 ----0 
[10:32:06.1704][5041][Info]: 0 ----0 
[10:32:06.1704][5042][Info]: 0 ----0 
[10:32:06.1864][5043][Info]: 0 ----0 
[10:32:06.1864][5044][Info]: 0 ----0 
[10:32:06.1994][5045][Info]: 0 ----0 
[10:32:06.1994][5046][Info]: 0 ----0 
[10:32:06.2159][5047][Info]: 0 ----0 
[10:32:06.2159][5048][Info]: 0 ----0 
[10:32:06.2299][5049][Info]: 0 ----0 
[10:32:06.2299][5050][Info]: 0 ----0 
[10:32:06.2299][5051][Info]: 0 ----0 
[10:32:06.2509][5052][Info]: 0 ----0 
[10:32:06.2509][5053][Info]: 0 ----0 
[10:32:06.2699][5054][Info]: 0 ----0 
[10:32:06.2769][5055][Info]: 0 ----0 
[10:32:06.2769][5056][Info]: 0 ----0 
[10:32:06.2942][5057][Info]: 0 ----0 
[10:32:06.2942][5058][Info]: 0 ----0 
[10:32:06.3072][5059][Info]: 0 ----0 
[10:32:06.3072][5060][Info]: 0 ----0 
[10:32:06.3072][5061][Info]: 0 ----0 
[10:32:06.3262][5062][Info]: 0 ----0 
[10:32:06.3262][5063][Info]: 0 ----0 
[10:32:06.3382][5064][Info]: 0 ----0 
[10:32:06.3382][5065][Info]: 0 ----0 
[10:32:06.3532][5066][Info]: 0 ----0 
[10:32:06.3532][5067][Info]: 0 ----0 
[10:32:06.3532][5068][Info]: 0 ----0 
[10:32:06.3714][5069][Info]: 0 ----0 
[10:32:06.3714][5070][Info]: 0 ----0 
[10:32:06.3714][5071][Info]: 0 ----0 
[10:32:06.3900][5072][Info]: 0 ----0 
[10:32:06.3900][5073][Info]: 0 ----0 
[10:32:06.4040][5074][Info]: 0 ----0 
[10:32:06.4040][5075][Info]: 0 ----0 
[10:32:06.4210][5076][Info]: 0 ----0 
[10:32:06.4210][5077][Info]: 0 ----0 
[10:32:06.4360][5078][Info]: 0 ----0 
[10:32:06.4360][5079][Info]: 0 ----0 
[10:32:06.4480][5080][Info]: 0 ----0 
[10:32:06.4480][5081][Info]: 0 ----0 
[10:32:06.4683][5082][Info]: 0 ----0 
[10:32:06.4683][5083][Info]: 0 ----0 
[10:32:06.4823][5084][Info]: 0 ----0 
[10:32:06.4823][5085][Info]: 0 ----0 
[10:32:06.4958][5086][Info]: 0 ----0 
[10:32:06.4958][5087][Info]: 0 ----0 
[10:32:06.4958][5088][Info]: 0 ----0 
[10:32:06.5169][5089][Info]: 0 ----0 
[10:32:06.5169][5090][Info]: 0 ----0 
[10:32:06.5309][5091][Info]: 0 ----0 
[10:32:06.5309][5092][Info]: 0 ----0 
[10:32:06.5429][5093][Info]: 0 ----0 
[10:32:06.5429][5094][Info]: 0 ----0 
