[14:12:54.0317][1][Info]: enter Launch procedure 
[14:12:54.1607][1][Info]: ===>加载配置 
[14:12:56.0434][1][Info]: ===>开始解析BuffConfig 
[14:12:56.0579][1][Info]: <===解析BuffConfig完毕 
[14:12:56.0579][1][Info]: ===>开始解析SkillConfig 
[14:12:56.1146][1][Info]: <===解析SkillConfig完毕 
[14:12:56.1312][1][Info]: <===配置加载完毕 
[14:12:56.2511][2][Info]: enter Init Procedure 
[14:12:56.2638][2][Warn]: Not found awake system:<PlayerComponent> 
[14:13:00.7838][354][Info]: 登录 
[14:13:00.7927][354][Info]: 1001 
[14:13:00.7927][354][Info]: 大厅阶段 
[14:13:00.8589][355][Info]: Scene Add Entity, Current Count:1 
[14:13:10.8322][628][Info]: (0.00, 0.00, 0.00)=======inputDirection============ 
[14:13:10.8379][628][Info]: Scene Remove Entity, Current Count:0 
[14:13:10.8379][628][Info]: Scene Add Entity, Current Count:1 
[14:13:11.3043][629][Info]: (0.00, 0.00, 0.00)=======inputDirection============ 
[14:13:11.5953][630][Info]: (0.00, 0.00, 0.00)=======inputDirection============ 
[14:13:11.7160][631][Info]: (0.00, 0.00, 0.00)=======inputDirection============ 
[14:13:11.7310][632][Info]: (0.00, 0.00, 0.00)=======inputDirection============ 
[14:13:11.7503][633][Info]: (0.00, 0.00, 0.00)=======inputDirection============ 
[14:13:11.7603][634][Info]: (0.00, 0.00, 0.00)=======inputDirection============ 
[14:13:11.7603][635][Info]: (0.00, 0.00, 0.00)=======inputDirection============ 
[14:13:11.7805][636][Info]: (0.00, 0.00, 0.00)=======inputDirection============ 
[14:13:11.7805][637][Info]: (0.00, 0.00, 0.00)=======inputDirection============ 
[14:13:11.8003][638][Info]: (0.00, 0.00, 0.00)=======inputDirection============ 
[14:13:11.8153][639][Info]: (0.00, 0.00, 0.00)=======inputDirection============ 
[14:13:11.8315][640][Info]: (0.00, 0.00, 0.00)=======inputDirection============ 
[14:13:11.8405][641][Info]: (0.00, 0.00, 0.00)=======inputDirection============ 
[14:13:11.8405][642][Info]: (0.00, 0.00, 0.00)=======inputDirection============ 
[14:13:11.8603][643][Info]: (0.00, 0.00, 0.00)=======inputDirection============ 
[14:13:11.8703][644][Info]: (0.00, 0.00, 0.00)=======inputDirection============ 
[14:13:11.8703][645][Info]: (0.00, 0.00, 0.00)=======inputDirection============ 
[14:13:11.8900][646][Info]: (0.00, 0.00, 0.00)=======inputDirection============ 
[14:13:11.8900][647][Info]: (0.00, 0.00, 0.00)=======inputDirection============ 
[14:13:11.9070][648][Info]: (0.00, 0.00, 0.00)=======inputDirection============ 
[14:13:11.9160][649][Info]: (0.00, 0.00, 0.00)=======inputDirection============ 
[14:13:11.9160][650][Info]: (0.00, 0.00, 0.00)=======inputDirection============ 
[14:13:11.9371][651][Info]: (0.00, 0.00, 0.00)=======inputDirection============ 
[14:13:11.9499][652][Info]: (0.00, 0.00, 0.00)=======inputDirection============ 
[14:13:11.9499][653][Info]: (0.00, 0.00, 0.00)=======inputDirection============ 
[14:13:11.9720][654][Info]: (0.00, 0.00, 0.00)=======inputDirection============ 
[14:13:11.9861][655][Info]: (0.00, 0.00, 0.00)=======inputDirection============ 
[14:13:11.9995][656][Info]: (0.00, 0.00, 0.00)=======inputDirection============ 
[14:13:12.0110][657][Info]: (0.00, 0.00, 0.00)=======inputDirection============ 
[14:13:12.0110][658][Info]: (0.00, 0.00, 0.00)=======inputDirection============ 
[14:13:12.0310][659][Info]: (0.00, 0.00, 0.00)=======inputDirection============ 
[14:13:12.0410][660][Info]: (0.00, 0.00, 0.00)=======inputDirection============ 
[14:13:12.0410][661][Info]: (0.00, 0.00, 0.00)=======inputDirection============ 
[14:13:12.0676][662][Info]: (0.00, 0.00, 0.00)=======inputDirection============ 
[14:13:12.0786][663][Info]: (0.00, 0.00, 0.00)=======inputDirection============ 
[14:13:12.0906][664][Info]: (0.00, 0.00, 0.00)=======inputDirection============ 
[14:13:12.0906][665][Info]: (0.00, 0.00, 0.00)=======inputDirection============ 
[14:13:12.1137][666][Info]: (0.00, 0.00, 0.00)=======inputDirection============ 
[14:13:12.1288][667][Info]: (0.00, 0.00, 0.00)=======inputDirection============ 
[14:13:12.1443][668][Info]: (0.00, 0.00, 0.00)=======inputDirection============ 
[14:13:12.1609][669][Info]: (0.00, 0.00, 0.00)=======inputDirection============ 
[14:13:12.1721][670][Info]: (0.00, 0.00, 0.00)=======inputDirection============ 
[14:13:12.1834][671][Info]: (0.00, 0.00, 0.00)=======inputDirection============ 
[14:13:12.1834][672][Info]: (0.00, 0.00, 0.00)=======inputDirection============ 
[14:13:12.2074][673][Info]: (0.00, 0.00, 0.00)=======inputDirection============ 
[14:13:12.2186][674][Info]: (0.00, 0.00, 0.00)=======inputDirection============ 
[14:13:12.2302][675][Info]: (0.00, 0.00, 0.00)=======inputDirection============ 
[14:13:12.2302][676][Info]: (0.00, 0.00, 0.00)=======inputDirection============ 
[14:13:12.2532][677][Info]: (0.00, 0.00, 0.00)=======inputDirection============ 
[14:13:12.2632][678][Info]: (0.00, 0.00, 0.00)=======inputDirection============ 
[14:13:12.2775][679][Info]: (0.00, 0.00, 0.00)=======inputDirection============ 
[14:13:12.2926][680][Info]: (0.00, 0.00, 0.00)=======inputDirection============ 
[14:13:12.2926][681][Info]: (0.00, 0.00, 0.00)=======inputDirection============ 
[14:13:12.3138][682][Info]: (0.00, 0.00, 0.00)=======inputDirection============ 
[14:13:12.3250][683][Info]: (0.00, 0.00, 0.00)=======inputDirection============ 
[14:13:12.3250][684][Info]: (0.00, 0.00, 0.00)=======inputDirection============ 
[14:13:12.3491][685][Info]: (0.00, 0.00, 0.00)=======inputDirection============ 
[14:13:12.3747][686][Info]: (0.00, 0.00, 0.00)=======inputDirection============ 
[14:13:12.3912][687][Info]: (0.00, 0.00, 0.00)=======inputDirection============ 
[14:13:12.4072][688][Info]: (0.00, 0.00, 0.00)=======inputDirection============ 
[14:13:12.4217][689][Info]: (0.00, 0.00, 0.00)=======inputDirection============ 
[14:13:12.4430][690][Info]: (0.00, 0.00, 0.00)=======inputDirection============ 
[14:13:12.4580][691][Info]: (0.00, 0.00, 0.00)=======inputDirection============ 
[14:13:12.4695][692][Info]: (0.00, 0.00, 0.00)=======inputDirection============ 
[14:13:12.4805][693][Info]: (0.00, 0.00, 0.00)=======inputDirection============ 
[14:13:12.4805][694][Info]: (0.00, 0.00, 0.00)=======inputDirection============ 
[14:13:12.5025][695][Info]: (0.00, 0.00, 0.00)=======inputDirection============ 
[14:13:12.5145][696][Info]: (0.00, 0.00, 0.00)=======inputDirection============ 
[14:13:12.5259][697][Info]: (0.00, 0.00, 0.00)=======inputDirection============ 
[14:13:12.5259][698][Info]: (0.00, 0.00, 0.00)=======inputDirection============ 
[14:13:12.5462][699][Info]: (0.00, 0.00, 0.00)=======inputDirection============ 
[14:13:12.5562][700][Info]: (0.00, 0.00, 0.00)=======inputDirection============ 
[14:13:12.5719][701][Info]: (0.00, 0.00, 0.00)=======inputDirection============ 
[14:13:12.5719][702][Info]: (0.00, 0.00, 0.00)=======inputDirection============ 
[14:13:12.5974][703][Info]: (0.00, 0.00, 0.00)=======inputDirection============ 
[14:13:12.6114][704][Info]: (0.00, 0.00, 0.00)=======inputDirection============ 
[14:13:12.6221][705][Info]: (0.00, 0.00, 0.00)=======inputDirection============ 
[14:13:12.6221][706][Info]: (0.00, 0.00, 0.00)=======inputDirection============ 
[14:13:12.6430][707][Info]: (0.00, 0.00, 0.00)=======inputDirection============ 
[14:13:12.6520][708][Info]: (0.00, 0.00, 0.00)=======inputDirection============ 
[14:13:12.6520][709][Info]: (0.00, 0.00, 0.00)=======inputDirection============ 
[14:13:12.6708][710][Info]: (0.00, 0.00, 0.00)=======inputDirection============ 
[14:13:12.6708][711][Info]: (0.00, 0.00, 0.00)=======inputDirection============ 
[14:13:12.6884][712][Info]: (0.00, 0.00, 0.00)=======inputDirection============ 
[14:13:12.6973][713][Info]: (0.00, 0.00, 0.00)=======inputDirection============ 
[14:13:12.6973][714][Info]: (0.00, 0.00, 0.00)=======inputDirection============ 
[14:13:12.7178][715][Info]: (0.00, 0.00, 0.00)=======inputDirection============ 
[14:13:12.7178][716][Info]: (0.00, 0.00, 0.00)=======inputDirection============ 
[14:13:12.7351][717][Info]: (0.00, 0.00, 0.00)=======inputDirection============ 
[14:13:12.7511][718][Info]: (0.00, 0.00, 0.00)=======inputDirection============ 
[14:13:12.7669][719][Info]: (0.00, 0.00, 0.00)=======inputDirection============ 
[14:13:12.7837][720][Info]: (0.00, 0.00, 0.00)=======inputDirection============ 
[14:13:12.7957][721][Info]: (0.00, 0.00, 0.00)=======inputDirection============ 
[14:13:12.7957][722][Info]: (0.00, 0.00, 0.00)=======inputDirection============ 
[14:13:12.8172][723][Info]: (0.00, 0.00, 0.00)=======inputDirection============ 
[14:13:12.8287][724][Info]: (0.00, 0.00, 0.00)=======inputDirection============ 
[14:13:12.8412][725][Info]: (0.00, 0.00, 0.00)=======inputDirection============ 
[14:13:12.8532][726][Info]: (0.00, 0.00, 0.00)=======inputDirection============ 
[14:13:12.8532][727][Info]: (0.00, 0.00, 0.00)=======inputDirection============ 
[14:13:12.8732][728][Info]: (0.00, 0.00, 0.00)=======inputDirection============ 
[14:13:12.8732][729][Info]: (0.00, 0.00, 0.00)=======inputDirection============ 
[14:13:12.8932][730][Info]: (0.00, 0.00, 0.00)=======inputDirection============ 
[14:13:12.9142][731][Info]: (0.00, 0.00, 0.00)=======inputDirection============ 
[14:13:12.9286][732][Info]: (0.00, 0.00, 0.00)=======inputDirection============ 
[14:13:12.9386][733][Info]: (0.00, 0.00, 0.00)=======inputDirection============ 
[14:13:12.9482][734][Info]: (0.00, 0.00, 0.00)=======inputDirection============ 
[14:13:12.9482][735][Info]: (0.00, 0.00, 0.00)=======inputDirection============ 
[14:13:12.9679][736][Info]: (0.00, 0.00, 0.00)=======inputDirection============ 
[14:13:12.9829][737][Info]: (0.00, 0.00, 0.00)=======inputDirection============ 
[14:13:12.9829][738][Info]: (0.00, 0.00, 0.00)=======inputDirection============ 
[14:13:13.0013][739][Info]: (0.00, 0.00, 0.00)=======inputDirection============ 
[14:13:13.0143][740][Info]: (0.00, 0.00, 0.00)=======inputDirection============ 
[14:13:13.0276][741][Info]: (0.00, 0.00, 0.00)=======inputDirection============ 
[14:13:13.0276][742][Info]: (0.00, 0.00, 0.00)=======inputDirection============ 
[14:13:13.0463][743][Info]: (0.00, 0.00, 0.00)=======inputDirection============ 
[14:13:13.0601][744][Info]: (0.00, 0.00, 0.00)=======inputDirection============ 
[14:13:13.0739][745][Info]: (0.00, 0.00, 0.00)=======inputDirection============ 
[14:13:13.0739][746][Info]: (0.00, 0.00, 0.00)=======inputDirection============ 
[14:13:13.0931][747][Info]: (0.00, 0.00, 0.00)=======inputDirection============ 
[14:13:13.1037][748][Info]: (0.00, 0.00, 0.00)=======inputDirection============ 
[14:13:13.1037][749][Info]: (0.00, 0.00, 0.00)=======inputDirection============ 
[14:13:13.1233][750][Info]: (0.00, 0.00, 0.00)=======inputDirection============ 
[14:13:13.1233][751][Info]: (0.00, 0.00, 0.00)=======inputDirection============ 
[14:13:13.1413][752][Info]: (0.00, 0.00, 0.00)=======inputDirection============ 
[14:13:13.1514][753][Info]: (0.00, 0.00, 0.00)=======inputDirection============ 
[14:13:13.1514][754][Info]: (0.00, 0.00, 0.00)=======inputDirection============ 
[14:13:13.1720][755][Info]: (0.00, 0.00, 0.00)=======inputDirection============ 
[14:13:13.1867][756][Info]: (0.00, 0.00, 0.00)=======inputDirection============ 
[14:13:13.1976][757][Info]: (0.00, 0.00, 0.00)=======inputDirection============ 
[14:13:13.1976][758][Info]: (0.00, 0.00, 0.00)=======inputDirection============ 
[14:13:13.2260][759][Info]: (0.00, 0.00, 0.00)=======inputDirection============ 
[14:13:13.2355][760][Info]: (0.00, 0.00, 0.00)=======inputDirection============ 
[14:13:13.2479][761][Info]: (0.00, 0.00, 0.00)=======inputDirection============ 
[14:13:13.2479][762][Info]: (0.00, 0.00, 0.00)=======inputDirection============ 
[14:13:13.2685][763][Info]: (0.00, 0.00, 0.00)=======inputDirection============ 
[14:13:13.2780][764][Info]: (0.00, 0.00, 0.00)=======inputDirection============ 
[14:13:13.2780][765][Info]: (0.00, 0.00, 0.00)=======inputDirection============ 
[14:13:13.2982][766][Info]: (0.00, 0.00, 0.00)=======inputDirection============ 
[14:13:13.3092][767][Info]: (0.00, 0.00, 0.00)=======inputDirection============ 
[14:13:13.3092][768][Info]: (0.00, 0.00, 0.00)=======inputDirection============ 
[14:13:13.3322][769][Info]: (0.00, 0.00, 0.00)=======inputDirection============ 
[14:13:13.3432][770][Info]: (0.00, 0.00, 0.00)=======inputDirection============ 
[14:13:13.3542][771][Info]: (0.00, 0.00, 0.00)=======inputDirection============ 
[14:13:13.3708][772][Info]: (0.00, 0.00, 0.00)=======inputDirection============ 
[14:13:13.3879][773][Info]: (0.00, 0.00, 0.00)=======inputDirection============ 
[14:13:13.4070][774][Info]: (0.00, 0.00, 0.00)=======inputDirection============ 
[14:13:13.4198][775][Info]: (0.00, 0.00, 0.00)=======inputDirection============ 
[14:13:13.4332][776][Info]: (0.00, 0.00, 0.00)=======inputDirection============ 
[14:13:13.4332][777][Info]: (0.00, 0.00, 0.00)=======inputDirection============ 
[14:13:13.4562][778][Info]: (0.00, 0.00, 0.00)=======inputDirection============ 
[14:13:13.4683][779][Info]: (0.00, 0.00, 0.00)=======inputDirection============ 
[14:13:13.4793][780][Info]: (0.00, 0.00, 0.00)=======inputDirection============ 
[14:13:13.4793][781][Info]: (0.00, 0.00, 0.00)=======inputDirection============ 
[14:13:13.4991][782][Info]: (0.00, 0.00, 0.00)=======inputDirection============ 
[14:13:13.4991][783][Info]: (0.00, 0.00, 0.00)=======inputDirection============ 
[14:13:13.5220][784][Info]: (0.00, 0.00, 0.00)=======inputDirection============ 
[14:13:13.5362][785][Info]: (0.00, 0.00, 0.00)=======inputDirection============ 
[14:13:13.5445][786][Info]: (0.00, 0.00, 0.00)=======inputDirection============ 
[14:13:13.5445][787][Info]: (0.00, 0.00, 0.00)=======inputDirection============ 
[14:13:13.5644][788][Info]: (0.00, 0.00, 0.00)=======inputDirection============ 
[14:13:13.5756][789][Info]: (0.00, 0.00, 0.00)=======inputDirection============ 
[14:13:13.5756][790][Info]: (0.00, 0.00, 0.00)=======inputDirection============ 
[14:13:13.5952][791][Info]: (0.00, 0.00, 0.00)=======inputDirection============ 
[14:13:13.6091][792][Info]: (0.00, 0.00, 0.00)=======inputDirection============ 
[14:13:13.6091][793][Info]: (0.00, 0.00, 0.00)=======inputDirection============ 
[14:13:13.6843][794][Info]: (0.00, 0.00, 0.00)=======inputDirection============ 
[14:13:13.6978][795][Info]: (0.00, 0.00, 0.00)=======inputDirection============ 
[14:13:13.6978][796][Info]: (0.00, 0.00, 0.00)=======inputDirection============ 
[14:13:13.7181][797][Info]: (0.00, 0.00, 0.00)=======inputDirection============ 
[14:13:13.7283][798][Info]: (0.00, 0.00, 0.00)=======inputDirection============ 
[14:13:13.7283][799][Info]: (0.00, 0.00, 0.00)=======inputDirection============ 
[14:13:13.7494][800][Info]: (0.00, 0.00, 0.00)=======inputDirection============ 
[14:13:13.7683][801][Info]: (0.00, 0.00, 0.00)=======inputDirection============ 
[14:13:13.7793][802][Info]: (0.00, 0.00, 0.00)=======inputDirection============ 
[14:13:13.7924][803][Info]: (0.00, 0.00, 0.00)=======inputDirection============ 
[14:13:13.8071][804][Info]: (0.00, 0.00, 0.00)=======inputDirection============ 
[14:13:13.8380][805][Info]: (0.00, 0.00, 0.00)=======inputDirection============ 
[14:13:13.8647][806][Info]: (0.00, 0.00, 0.00)=======inputDirection============ 
[14:13:13.8843][807][Info]: (0.00, 0.00, 0.00)=======inputDirection============ 
[14:13:13.8843][808][Info]: (0.00, 0.00, 0.00)=======inputDirection============ 
[14:13:13.9163][809][Info]: (0.00, 0.00, 0.00)=======inputDirection============ 
[14:13:13.9413][810][Info]: (-1.00, 0.00, 0.00)=======inputDirection============ 
[14:13:13.9574][811][Info]: (-1.00, 0.00, 0.00)=======inputDirection============ 
[14:13:13.9707][812][Info]: (-1.00, 0.00, 0.00)=======inputDirection============ 
[14:13:13.9903][813][Info]: (-1.00, 0.00, 0.00)=======inputDirection============ 
[14:13:14.0102][814][Info]: (-1.00, 0.00, 0.00)=======inputDirection============ 
[14:13:14.0371][815][Info]: (-1.00, 0.00, 0.00)=======inputDirection============ 
[14:13:14.0501][816][Info]: (-1.00, 0.00, 0.00)=======inputDirection============ 
[14:13:14.0601][817][Info]: (-1.00, 0.00, 0.00)=======inputDirection============ 
[14:13:14.0741][818][Info]: (-1.00, 0.00, 0.00)=======inputDirection============ 
[14:13:14.0741][819][Info]: (-1.00, 0.00, 0.00)=======inputDirection============ 
[14:13:14.0981][820][Info]: (-1.00, 0.00, -1.00)=======inputDirection============ 
[14:13:14.1111][821][Info]: (-1.00, 0.00, -1.00)=======inputDirection============ 
[14:13:14.1210][822][Info]: (-1.00, 0.00, -1.00)=======inputDirection============ 
[14:13:14.1210][823][Info]: (-1.00, 0.00, -1.00)=======inputDirection============ 
[14:13:14.1390][824][Info]: (-1.00, 0.00, -1.00)=======inputDirection============ 
[14:13:14.1390][825][Info]: (-1.00, 0.00, -1.00)=======inputDirection============ 
[14:13:14.1619][826][Info]: (-1.00, 0.00, -1.00)=======inputDirection============ 
[14:13:14.1754][827][Info]: (-1.00, 0.00, -1.00)=======inputDirection============ 
[14:13:14.1834][828][Info]: (-1.00, 0.00, -1.00)=======inputDirection============ 
[14:13:14.1834][829][Info]: (-1.00, 0.00, -1.00)=======inputDirection============ 
[14:13:14.2005][830][Info]: (-1.00, 0.00, -1.00)=======inputDirection============ 
[14:13:14.2005][831][Info]: (-1.00, 0.00, -1.00)=======inputDirection============ 
[14:13:14.2225][832][Info]: (-1.00, 0.00, -1.00)=======inputDirection============ 
[14:13:14.2310][833][Info]: (-1.00, 0.00, -1.00)=======inputDirection============ 
[14:13:14.2310][834][Info]: (-1.00, 0.00, -1.00)=======inputDirection============ 
[14:13:14.2510][835][Info]: (0.00, 0.00, -1.00)=======inputDirection============ 
[14:13:14.2610][836][Info]: (0.00, 0.00, -1.00)=======inputDirection============ 
[14:13:14.2610][837][Info]: (0.00, 0.00, -1.00)=======inputDirection============ 
[14:13:14.2788][838][Info]: (0.00, 0.00, -1.00)=======inputDirection============ 
[14:13:14.2788][839][Info]: (0.00, 0.00, -1.00)=======inputDirection============ 
[14:13:14.2979][840][Info]: (0.00, 0.00, -1.00)=======inputDirection============ 
[14:13:14.3088][841][Info]: (0.00, 0.00, -1.00)=======inputDirection============ 
[14:13:14.3246][842][Info]: (0.00, 0.00, -1.00)=======inputDirection============ 
[14:13:14.3392][843][Info]: (0.00, 0.00, -1.00)=======inputDirection============ 
[14:13:14.3392][844][Info]: (0.00, 0.00, -1.00)=======inputDirection============ 
[14:13:14.3580][845][Info]: (0.00, 0.00, -1.00)=======inputDirection============ 
[14:13:14.3580][846][Info]: (0.00, 0.00, -1.00)=======inputDirection============ 
[14:13:14.3757][847][Info]: (0.00, 0.00, -1.00)=======inputDirection============ 
[14:13:14.3757][848][Info]: (0.00, 0.00, -1.00)=======inputDirection============ 
[14:13:14.3953][849][Info]: (0.00, 0.00, -1.00)=======inputDirection============ 
[14:13:14.4062][850][Info]: (0.00, 0.00, -1.00)=======inputDirection============ 
[14:13:14.4162][851][Info]: (0.00, 0.00, -1.00)=======inputDirection============ 
[14:13:14.4314][852][Info]: (0.00, 0.00, -1.00)=======inputDirection============ 
[14:13:14.4314][853][Info]: (0.00, 0.00, -1.00)=======inputDirection============ 
[14:13:14.4553][854][Info]: (0.00, 0.00, -1.00)=======inputDirection============ 
[14:13:14.4663][855][Info]: (0.00, 0.00, -1.00)=======inputDirection============ 
[14:13:14.4813][856][Info]: (0.00, 0.00, -1.00)=======inputDirection============ 
[14:13:14.5005][857][Info]: (-1.00, 0.00, -1.00)=======inputDirection============ 
[14:13:14.5135][858][Info]: (-1.00, 0.00, -1.00)=======inputDirection============ 
[14:13:14.5135][859][Info]: (-1.00, 0.00, -1.00)=======inputDirection============ 
[14:13:14.5341][860][Info]: (-1.00, 0.00, -1.00)=======inputDirection============ 
[14:13:14.5450][861][Info]: (-1.00, 0.00, -1.00)=======inputDirection============ 
[14:13:14.5450][862][Info]: (-1.00, 0.00, -1.00)=======inputDirection============ 
[14:13:14.5660][863][Info]: (-1.00, 0.00, -1.00)=======inputDirection============ 
[14:13:14.5767][864][Info]: (-1.00, 0.00, -1.00)=======inputDirection============ 
[14:13:14.5767][865][Info]: (-1.00, 0.00, -1.00)=======inputDirection============ 
[14:13:14.5977][866][Info]: (-1.00, 0.00, -1.00)=======inputDirection============ 
[14:13:14.6082][867][Info]: (-1.00, 0.00, -1.00)=======inputDirection============ 
[14:13:14.6082][868][Info]: (-1.00, 0.00, 0.00)=======inputDirection============ 
[14:13:14.6401][869][Info]: (-1.00, 0.00, 0.00)=======inputDirection============ 
[14:13:14.6541][870][Info]: (-1.00, 0.00, 0.00)=======inputDirection============ 
[14:13:14.6541][871][Info]: (-1.00, 0.00, 0.00)=======inputDirection============ 
[14:13:14.6748][872][Info]: (-1.00, 0.00, 0.00)=======inputDirection============ 
[14:13:14.6858][873][Info]: (-1.00, 0.00, 0.00)=======inputDirection============ 
[14:13:14.6982][874][Info]: (-1.00, 0.00, 0.00)=======inputDirection============ 
[14:13:14.6982][875][Info]: (-1.00, 0.00, 0.00)=======inputDirection============ 
[14:13:14.7188][876][Info]: (-1.00, 0.00, 0.00)=======inputDirection============ 
[14:13:14.7292][877][Info]: (-1.00, 0.00, 0.00)=======inputDirection============ 
[14:13:14.7292][878][Info]: (-1.00, 0.00, 0.00)=======inputDirection============ 
[14:13:14.7523][879][Info]: (-1.00, 0.00, 0.00)=======inputDirection============ 
[14:13:14.7623][880][Info]: (-1.00, 0.00, 0.00)=======inputDirection============ 
[14:13:14.7623][881][Info]: (-1.00, 0.00, 0.00)=======inputDirection============ 
[14:13:14.7944][882][Info]: (-1.00, 0.00, 0.00)=======inputDirection============ 
[14:13:14.8113][883][Info]: (-1.00, 0.00, -1.00)=======inputDirection============ 
[14:13:14.8245][884][Info]: (-1.00, 0.00, -1.00)=======inputDirection============ 
[14:13:14.8406][885][Info]: (-1.00, 0.00, -1.00)=======inputDirection============ 
[14:13:14.8406][886][Info]: (-1.00, 0.00, -1.00)=======inputDirection============ 
[14:13:14.8615][887][Info]: (-1.00, 0.00, -1.00)=======inputDirection============ 
[14:13:14.8757][888][Info]: (-1.00, 0.00, -1.00)=======inputDirection============ 
[14:13:14.8862][889][Info]: (-1.00, 0.00, -1.00)=======inputDirection============ 
[14:13:14.8862][890][Info]: (-1.00, 0.00, -1.00)=======inputDirection============ 
[14:13:14.9042][891][Info]: (-1.00, 0.00, -1.00)=======inputDirection============ 
[14:13:14.9042][892][Info]: (-1.00, 0.00, -1.00)=======inputDirection============ 
[14:13:14.9213][893][Info]: (-1.00, 0.00, -1.00)=======inputDirection============ 
[14:13:14.9314][894][Info]: (-1.00, 0.00, -1.00)=======inputDirection============ 
[14:13:14.9314][895][Info]: (-1.00, 0.00, -1.00)=======inputDirection============ 
[14:13:14.9589][896][Info]: (-1.00, 0.00, -1.00)=======inputDirection============ 
[14:13:14.9681][897][Info]: (-1.00, 0.00, -1.00)=======inputDirection============ 
[14:13:14.9790][898][Info]: (0.00, 0.00, -1.00)=======inputDirection============ 
[14:13:14.9790][899][Info]: (0.00, 0.00, -1.00)=======inputDirection============ 
[14:13:14.9966][900][Info]: (0.00, 0.00, -1.00)=======inputDirection============ 
[14:13:14.9966][901][Info]: (0.00, 0.00, -1.00)=======inputDirection============ 
[14:13:15.0151][902][Info]: (0.00, 0.00, -1.00)=======inputDirection============ 
[14:13:15.0151][903][Info]: (0.00, 0.00, -1.00)=======inputDirection============ 
[14:13:15.0336][904][Info]: (0.00, 0.00, -1.00)=======inputDirection============ 
[14:13:15.0476][905][Info]: (0.00, 0.00, -1.00)=======inputDirection============ 
[14:13:15.0561][906][Info]: (0.00, 0.00, -1.00)=======inputDirection============ 
[14:13:15.0561][907][Info]: (0.00, 0.00, -1.00)=======inputDirection============ 
[14:13:15.0761][908][Info]: (0.00, 0.00, -1.00)=======inputDirection============ 
[14:13:15.0761][909][Info]: (1.00, 0.00, -1.00)=======inputDirection============ 
[14:13:15.0996][910][Info]: (1.00, 0.00, -1.00)=======inputDirection============ 
[14:13:15.1131][911][Info]: (1.00, 0.00, -1.00)=======inputDirection============ 
[14:13:15.1211][912][Info]: (1.00, 0.00, -1.00)=======inputDirection============ 
[14:13:15.1211][913][Info]: (1.00, 0.00, -1.00)=======inputDirection============ 
[14:13:15.1406][914][Info]: (1.00, 0.00, -1.00)=======inputDirection============ 
[14:13:15.1406][915][Info]: (1.00, 0.00, -1.00)=======inputDirection============ 
[14:13:15.1576][916][Info]: (1.00, 0.00, -1.00)=======inputDirection============ 
[14:13:15.1682][917][Info]: (1.00, 0.00, -1.00)=======inputDirection============ 
[14:13:15.1682][918][Info]: (1.00, 0.00, -1.00)=======inputDirection============ 
[14:13:15.1842][919][Info]: (1.00, 0.00, -1.00)=======inputDirection============ 
[14:13:15.1842][920][Info]: (1.00, 0.00, -1.00)=======inputDirection============ 
[14:13:15.2022][921][Info]: (1.00, 0.00, -1.00)=======inputDirection============ 
[14:13:15.2022][922][Info]: (1.00, 0.00, -1.00)=======inputDirection============ 
[14:13:15.2188][923][Info]: (1.00, 0.00, -1.00)=======inputDirection============ 
[14:13:15.2282][924][Info]: (1.00, 0.00, -1.00)=======inputDirection============ 
[14:13:15.2282][925][Info]: (1.00, 0.00, -1.00)=======inputDirection============ 
[14:13:15.2549][926][Info]: (1.00, 0.00, -1.00)=======inputDirection============ 
[14:13:15.2694][927][Info]: (1.00, 0.00, -1.00)=======inputDirection============ 
[14:13:15.2784][928][Info]: (1.00, 0.00, -1.00)=======inputDirection============ 
[14:13:15.2784][929][Info]: (1.00, 0.00, -1.00)=======inputDirection============ 
[14:13:15.2956][930][Info]: (1.00, 0.00, -1.00)=======inputDirection============ 
[14:13:15.2956][931][Info]: (1.00, 0.00, -1.00)=======inputDirection============ 
[14:13:15.3136][932][Info]: (1.00, 0.00, -1.00)=======inputDirection============ 
[14:13:15.3226][933][Info]: (1.00, 0.00, -1.00)=======inputDirection============ 
[14:13:15.3226][934][Info]: (1.00, 0.00, -1.00)=======inputDirection============ 
[14:13:15.3403][935][Info]: (1.00, 0.00, -1.00)=======inputDirection============ 
[14:13:15.3403][936][Info]: (1.00, 0.00, -1.00)=======inputDirection============ 
[14:13:15.3585][937][Info]: (1.00, 0.00, -1.00)=======inputDirection============ 
[14:13:15.3585][938][Info]: (1.00, 0.00, -1.00)=======inputDirection============ 
[14:13:15.3815][939][Info]: (1.00, 0.00, -1.00)=======inputDirection============ 
[14:13:15.3965][940][Info]: (1.00, 0.00, -1.00)=======inputDirection============ 
[14:13:15.4271][941][Info]: (1.00, 0.00, 0.00)=======inputDirection============ 
[14:13:15.4441][942][Info]: (1.00, 0.00, 0.00)=======inputDirection============ 
[14:13:15.4591][943][Info]: (1.00, 0.00, 0.00)=======inputDirection============ 
[14:13:15.4696][944][Info]: (1.00, 0.00, 0.00)=======inputDirection============ 
[14:13:15.4806][945][Info]: (1.00, 0.00, 0.00)=======inputDirection============ 
[14:13:15.4806][946][Info]: (1.00, 0.00, 0.00)=======inputDirection============ 
[14:13:15.5012][947][Info]: (1.00, 0.00, 0.00)=======inputDirection============ 
[14:13:15.5112][948][Info]: (1.00, 0.00, 0.00)=======inputDirection============ 
[14:13:15.5112][949][Info]: (1.00, 0.00, 0.00)=======inputDirection============ 
[14:13:15.5325][950][Info]: (1.00, 0.00, 0.00)=======inputDirection============ 
[14:13:15.5430][951][Info]: (1.00, 0.00, 0.00)=======inputDirection============ 
[14:13:15.5430][952][Info]: (1.00, 0.00, 0.00)=======inputDirection============ 
[14:13:15.5708][953][Info]: (1.00, 0.00, 0.00)=======inputDirection============ 
[14:13:15.5863][954][Info]: (1.00, 0.00, 0.00)=======inputDirection============ 
[14:13:15.5963][955][Info]: (1.00, 0.00, 0.00)=======inputDirection============ 
[14:13:15.6087][956][Info]: (1.00, 0.00, 0.00)=======inputDirection============ 
[14:13:15.6197][957][Info]: (1.00, 0.00, 0.00)=======inputDirection============ 
[14:13:15.6197][958][Info]: (1.00, 0.00, 0.00)=======inputDirection============ 
[14:13:15.6419][959][Info]: (1.00, 0.00, 0.00)=======inputDirection============ 
[14:13:15.6529][960][Info]: (1.00, 0.00, 0.00)=======inputDirection============ 
[14:13:15.6663][961][Info]: (1.00, 0.00, 0.00)=======inputDirection============ 
[14:13:15.6663][962][Info]: (1.00, 0.00, 0.00)=======inputDirection============ 
[14:13:15.6833][963][Info]: (1.00, 0.00, 0.00)=======inputDirection============ 
[14:13:15.6833][964][Info]: (1.00, 0.00, 0.00)=======inputDirection============ 
[14:13:15.7022][965][Info]: (1.00, 0.00, 0.00)=======inputDirection============ 
[14:13:15.7132][966][Info]: (1.00, 0.00, 0.00)=======inputDirection============ 
[14:13:15.7132][967][Info]: (1.00, 0.00, 0.00)=======inputDirection============ 
[14:13:15.7394][968][Info]: (1.00, 0.00, 0.00)=======inputDirection============ 
[14:13:15.7484][969][Info]: (1.00, 0.00, 0.00)=======inputDirection============ 
[14:13:15.7593][970][Info]: (1.00, 0.00, 1.00)=======inputDirection============ 
[14:13:15.7593][971][Info]: (1.00, 0.00, 1.00)=======inputDirection============ 
[14:13:15.7764][972][Info]: (1.00, 0.00, 1.00)=======inputDirection============ 
[14:13:15.7764][973][Info]: (1.00, 0.00, 1.00)=======inputDirection============ 
[14:13:15.7941][974][Info]: (1.00, 0.00, 1.00)=======inputDirection============ 
[14:13:15.7941][975][Info]: (1.00, 0.00, 1.00)=======inputDirection============ 
[14:13:15.8113][976][Info]: (1.00, 0.00, 1.00)=======inputDirection============ 
[14:13:15.8113][977][Info]: (1.00, 0.00, 1.00)=======inputDirection============ 
[14:13:15.8307][978][Info]: (1.00, 0.00, 1.00)=======inputDirection============ 
[14:13:15.8401][979][Info]: (1.00, 0.00, 1.00)=======inputDirection============ 
[14:13:15.8401][980][Info]: (1.00, 0.00, 1.00)=======inputDirection============ 
[14:13:15.8598][981][Info]: (1.00, 0.00, 1.00)=======inputDirection============ 
[14:13:15.8738][982][Info]: (1.00, 0.00, 1.00)=======inputDirection============ 
[14:13:15.8871][983][Info]: (1.00, 0.00, 1.00)=======inputDirection============ 
[14:13:15.9006][984][Info]: (1.00, 0.00, 1.00)=======inputDirection============ 
[14:13:15.9006][985][Info]: (1.00, 0.00, 1.00)=======inputDirection============ 
[14:13:15.9186][986][Info]: (1.00, 0.00, 1.00)=======inputDirection============ 
[14:13:15.9186][987][Info]: (1.00, 0.00, 1.00)=======inputDirection============ 
[14:13:15.9392][988][Info]: (1.00, 0.00, 1.00)=======inputDirection============ 
[14:13:15.9482][989][Info]: (1.00, 0.00, 1.00)=======inputDirection============ 
[14:13:15.9482][990][Info]: (1.00, 0.00, 0.00)=======inputDirection============ 
[14:13:15.9702][991][Info]: (1.00, 0.00, 0.00)=======inputDirection============ 
[14:13:15.9792][992][Info]: (1.00, 0.00, 0.00)=======inputDirection============ 
[14:13:15.9792][993][Info]: (1.00, 0.00, 0.00)=======inputDirection============ 
[14:13:16.0002][994][Info]: (1.00, 0.00, 0.00)=======inputDirection============ 
[14:13:16.0112][995][Info]: (1.00, 0.00, 0.00)=======inputDirection============ 
[14:13:16.0112][996][Info]: (1.00, 0.00, 0.00)=======inputDirection============ 
[14:13:16.0342][997][Info]: (1.00, 0.00, 0.00)=======inputDirection============ 
[14:13:16.0481][998][Info]: (1.00, 0.00, 0.00)=======inputDirection============ 
[14:13:16.0634][999][Info]: (1.00, 0.00, 0.00)=======inputDirection============ 
[14:13:16.0789][1000][Info]: (1.00, 0.00, 0.00)=======inputDirection============ 
[14:13:16.0905][1001][Info]: (1.00, 0.00, 0.00)=======inputDirection============ 
[14:13:16.0905][1002][Info]: (1.00, 0.00, 0.00)=======inputDirection============ 
[14:13:16.1121][1003][Info]: (1.00, 0.00, 0.00)=======inputDirection============ 
[14:13:16.1251][1004][Info]: (0.00, 0.00, 0.00)=======inputDirection============ 
[14:13:16.1391][1005][Info]: (0.00, 0.00, 0.00)=======inputDirection============ 
[14:13:16.1506][1006][Info]: (0.00, 0.00, 0.00)=======inputDirection============ 
[14:13:16.1506][1007][Info]: (0.00, 0.00, 0.00)=======inputDirection============ 
[14:13:16.1699][1008][Info]: (0.00, 0.00, 0.00)=======inputDirection============ 
[14:13:16.1699][1009][Info]: (0.00, 0.00, 0.00)=======inputDirection============ 
[14:13:16.1945][1010][Info]: (0.00, 0.00, 0.00)=======inputDirection============ 
[14:13:16.2138][1011][Info]: (0.00, 0.00, 0.00)=======inputDirection============ 
[14:13:16.2138][1012][Info]: (0.00, 0.00, 0.00)=======inputDirection============ 
[14:13:16.2382][1013][Info]: (-1.00, 0.00, 0.00)=======inputDirection============ 
[14:13:16.2472][1014][Info]: (-1.00, 0.00, 0.00)=======inputDirection============ 
[14:13:16.2472][1015][Info]: (-1.00, 0.00, -1.00)=======inputDirection============ 
[14:13:16.2684][1016][Info]: (-1.00, 0.00, -1.00)=======inputDirection============ 
[14:13:16.2827][1017][Info]: (-1.00, 0.00, -1.00)=======inputDirection============ 
[14:13:16.2941][1018][Info]: (-1.00, 0.00, -1.00)=======inputDirection============ 
[14:13:16.2941][1019][Info]: (-1.00, 0.00, -1.00)=======inputDirection============ 
[14:13:16.3156][1020][Info]: (-1.00, 0.00, -1.00)=======inputDirection============ 
[14:13:16.3262][1021][Info]: (-1.00, 0.00, -1.00)=======inputDirection============ 
[14:13:16.3262][1022][Info]: (-1.00, 0.00, -1.00)=======inputDirection============ 
[14:13:16.3462][1023][Info]: (-1.00, 0.00, -1.00)=======inputDirection============ 
[14:13:16.3694][1024][Info]: (-1.00, 0.00, -1.00)=======inputDirection============ 
[14:13:16.3894][1025][Info]: (-1.00, 0.00, -1.00)=======inputDirection============ 
[14:13:16.4028][1026][Info]: (-1.00, 0.00, -1.00)=======inputDirection============ 
[14:13:16.4282][1027][Info]: (-1.00, 0.00, -1.00)=======inputDirection============ 
[14:13:16.4467][1028][Info]: (0.00, 0.00, -1.00)=======inputDirection============ 
[14:13:16.4662][1029][Info]: (1.00, 0.00, -1.00)=======inputDirection============ 
[14:13:16.4803][1030][Info]: (1.00, 0.00, -1.00)=======inputDirection============ 
[14:13:16.4982][1031][Info]: (1.00, 0.00, -1.00)=======inputDirection============ 
[14:13:16.5152][1032][Info]: (1.00, 0.00, 0.00)=======inputDirection============ 
[14:13:16.5340][1033][Info]: (1.00, 0.00, 0.00)=======inputDirection============ 
[14:13:16.5430][1034][Info]: (1.00, 0.00, 0.00)=======inputDirection============ 
[14:13:16.5430][1035][Info]: (1.00, 0.00, 0.00)=======inputDirection============ 
[14:13:16.5660][1036][Info]: (1.00, 0.00, 0.00)=======inputDirection============ 
[14:13:16.5760][1037][Info]: (1.00, 0.00, 0.00)=======inputDirection============ 
[14:13:16.5930][1038][Info]: (1.00, 0.00, 0.00)=======inputDirection============ 
[14:13:16.6039][1039][Info]: (1.00, 0.00, 0.00)=======inputDirection============ 
[14:13:16.6039][1040][Info]: (1.00, 0.00, 0.00)=======inputDirection============ 
[14:13:16.6275][1041][Info]: (1.00, 0.00, 0.00)=======inputDirection============ 
[14:13:16.6379][1042][Info]: (1.00, 0.00, 0.00)=======inputDirection============ 
[14:13:16.6501][1043][Info]: (1.00, 0.00, 0.00)=======inputDirection============ 
[14:13:16.6664][1044][Info]: (1.00, 0.00, 0.00)=======inputDirection============ 
[14:13:16.6830][1045][Info]: (1.00, 0.00, 0.00)=======inputDirection============ 
[14:13:16.7010][1046][Info]: (1.00, 0.00, 0.00)=======inputDirection============ 
[14:13:16.7010][1047][Info]: (1.00, 0.00, 0.00)=======inputDirection============ 
[14:13:16.7245][1048][Info]: (0.00, 0.00, 0.00)=======inputDirection============ 
[14:13:16.7364][1049][Info]: (0.00, 0.00, 0.00)=======inputDirection============ 
[14:13:16.7452][1050][Info]: (0.00, 0.00, 0.00)=======inputDirection============ 
[14:13:16.7452][1051][Info]: (0.00, 0.00, 0.00)=======inputDirection============ 
[14:13:16.7675][1052][Info]: (0.00, 0.00, 0.00)=======inputDirection============ 
[14:13:16.7833][1053][Info]: (0.00, 0.00, 0.00)=======inputDirection============ 
[14:13:16.7964][1054][Info]: (0.00, 0.00, 0.00)=======inputDirection============ 
[14:13:16.8064][1055][Info]: (0.00, 0.00, 0.00)=======inputDirection============ 
[14:13:16.8064][1056][Info]: (0.00, 0.00, 0.00)=======inputDirection============ 
[14:13:16.8347][1057][Info]: (0.00, 0.00, 0.00)=======inputDirection============ 
[14:13:16.8440][1058][Info]: (0.00, 0.00, 0.00)=======inputDirection============ 
[14:13:16.8440][1059][Info]: (0.00, 0.00, 0.00)=======inputDirection============ 
[14:13:16.8634][1060][Info]: (0.00, 0.00, 0.00)=======inputDirection============ 
[14:13:16.8737][1061][Info]: (0.00, 0.00, 0.00)=======inputDirection============ 
[14:13:16.8874][1062][Info]: (0.00, 0.00, 0.00)=======inputDirection============ 
[14:13:16.9020][1063][Info]: (0.00, 0.00, 0.00)=======inputDirection============ 
[14:13:16.9020][1064][Info]: (0.00, 0.00, 0.00)=======inputDirection============ 
[14:13:16.9225][1065][Info]: (0.00, 0.00, 0.00)=======inputDirection============ 
[14:13:16.9346][1066][Info]: (0.00, 0.00, 0.00)=======inputDirection============ 
[14:13:16.9346][1067][Info]: (0.00, 0.00, 0.00)=======inputDirection============ 
[14:13:16.9541][1068][Info]: (0.00, 0.00, 0.00)=======inputDirection============ 
[14:13:16.9642][1069][Info]: (0.00, 0.00, 0.00)=======inputDirection============ 
[14:13:16.9786][1070][Info]: (0.00, 0.00, 0.00)=======inputDirection============ 
[14:13:16.9786][1071][Info]: (0.00, 0.00, 0.00)=======inputDirection============ 
[14:13:17.0021][1072][Info]: (0.00, 0.00, 0.00)=======inputDirection============ 
[14:13:17.0129][1073][Info]: (0.00, 0.00, 0.00)=======inputDirection============ 
[14:13:17.0129][1074][Info]: (0.00, 0.00, 0.00)=======inputDirection============ 
[14:13:17.0312][1075][Info]: (0.00, 0.00, 0.00)=======inputDirection============ 
[14:13:17.0312][1076][Info]: (0.00, 0.00, 0.00)=======inputDirection============ 
[14:13:17.0492][1077][Info]: (0.00, 0.00, 0.00)=======inputDirection============ 
[14:13:17.0566][1078][Info]: (0.00, 0.00, 0.00)=======inputDirection============ 
[14:13:17.0566][1079][Info]: (0.00, 0.00, 0.00)=======inputDirection============ 
[14:13:17.0836][1080][Info]: (0.00, 0.00, 0.00)=======inputDirection============ 
[14:13:17.0976][1081][Info]: (0.00, 0.00, 0.00)=======inputDirection============ 
[14:13:17.1093][1082][Info]: (0.00, 0.00, 0.00)=======inputDirection============ 
[14:13:17.1093][1083][Info]: (0.00, 0.00, 0.00)=======inputDirection============ 
[14:13:17.1311][1084][Info]: (0.00, 0.00, 0.00)=======inputDirection============ 
[14:13:17.1435][1085][Info]: (0.00, 0.00, 0.00)=======inputDirection============ 
[14:13:17.1515][1086][Info]: (0.00, 0.00, 0.00)=======inputDirection============ 
[14:13:17.1515][1087][Info]: (0.00, 0.00, 0.00)=======inputDirection============ 
[14:13:17.1770][1088][Info]: (0.00, 0.00, 0.00)=======inputDirection============ 
[14:13:17.1895][1089][Info]: (0.00, 0.00, 0.00)=======inputDirection============ 
[14:13:17.1994][1090][Info]: (0.00, 0.00, 0.00)=======inputDirection============ 
[14:13:17.1994][1091][Info]: (0.00, 0.00, 0.00)=======inputDirection============ 
[14:13:17.2184][1092][Info]: (0.00, 0.00, 0.00)=======inputDirection============ 
[14:13:17.2284][1093][Info]: (0.00, 0.00, 0.00)=======inputDirection============ 
[14:13:17.2284][1094][Info]: (0.00, 0.00, 0.00)=======inputDirection============ 
[14:13:17.2491][1095][Info]: (0.00, 0.00, 0.00)=======inputDirection============ 
[14:13:17.2491][1096][Info]: (0.00, 0.00, 0.00)=======inputDirection============ 
[14:13:17.2687][1097][Info]: (0.00, 0.00, 0.00)=======inputDirection============ 
[14:13:17.2840][1098][Info]: (0.00, 0.00, 0.00)=======inputDirection============ 
[14:13:17.3040][1099][Info]: (0.00, 0.00, 0.00)=======inputDirection============ 
[14:13:17.3190][1100][Info]: (0.00, 0.00, 0.00)=======inputDirection============ 
[14:13:17.3331][1101][Info]: (0.00, 0.00, 0.00)=======inputDirection============ 
[14:13:17.3421][1102][Info]: (0.00, 0.00, 0.00)=======inputDirection============ 
[14:13:17.3421][1103][Info]: (0.00, 0.00, 0.00)=======inputDirection============ 
[14:13:17.3631][1104][Info]: (0.00, 0.00, 0.00)=======inputDirection============ 
[14:13:17.3753][1105][Info]: (0.00, 0.00, 0.00)=======inputDirection============ 
[14:13:17.3900][1106][Info]: (0.00, 0.00, 0.00)=======inputDirection============ 
[14:13:17.4035][1107][Info]: (0.00, 0.00, 0.00)=======inputDirection============ 
[14:13:17.4182][1108][Info]: (0.00, 0.00, 0.00)=======inputDirection============ 
[14:13:17.4182][1109][Info]: (0.00, 0.00, 0.00)=======inputDirection============ 
[14:13:17.4508][1110][Info]: (0.00, 0.00, 0.00)=======inputDirection============ 
[14:13:17.4674][1111][Info]: (0.00, 0.00, 0.00)=======inputDirection============ 
[14:13:17.4844][1112][Info]: (0.00, 0.00, 0.00)=======inputDirection============ 
[14:13:17.4974][1113][Info]: (0.00, 0.00, 0.00)=======inputDirection============ 
[14:13:17.5159][1114][Info]: (0.00, 0.00, 0.00)=======inputDirection============ 
[14:13:17.5364][1115][Info]: (0.00, 0.00, 0.00)=======inputDirection============ 
[14:13:17.5473][1116][Info]: (0.00, 0.00, 0.00)=======inputDirection============ 
[14:13:17.5582][1117][Info]: (0.00, 0.00, 0.00)=======inputDirection============ 
[14:13:17.5582][1118][Info]: (0.00, 0.00, 0.00)=======inputDirection============ 
[14:13:17.5774][1119][Info]: (0.00, 0.00, 0.00)=======inputDirection============ 
[14:13:17.5926][1120][Info]: (0.00, 0.00, 0.00)=======inputDirection============ 
[14:13:17.6158][1121][Info]: (0.00, 0.00, 0.00)=======inputDirection============ 
[14:13:17.6344][1122][Info]: (0.00, 0.00, 0.00)=======inputDirection============ 
[14:13:17.6344][1123][Info]: (0.00, 0.00, 0.00)=======inputDirection============ 
[14:13:17.6636][1124][Info]: (0.00, 0.00, 0.00)=======inputDirection============ 
[14:13:17.6776][1125][Info]: (0.00, 0.00, 0.00)=======inputDirection============ 
[14:13:17.6916][1126][Info]: (0.00, 0.00, 0.00)=======inputDirection============ 
[14:13:17.7036][1127][Info]: (0.00, 0.00, 0.00)=======inputDirection============ 
[14:13:17.7126][1128][Info]: (0.00, 0.00, 0.00)=======inputDirection============ 
[14:13:17.7126][1129][Info]: (0.00, 0.00, 0.00)=======inputDirection============ 
[14:13:17.7396][1130][Info]: (0.00, 0.00, 0.00)=======inputDirection============ 
[14:13:17.7512][1131][Info]: (0.00, 0.00, 0.00)=======inputDirection============ 
[14:13:17.7684][1132][Info]: (0.00, 0.00, 0.00)=======inputDirection============ 
[14:13:17.7866][1133][Info]: (0.00, 0.00, 0.00)=======inputDirection============ 
[14:13:17.8000][1134][Info]: (0.00, 0.00, 0.00)=======inputDirection============ 
[14:13:17.8130][1135][Info]: (0.00, 0.00, 0.00)=======inputDirection============ 
[14:13:17.8250][1136][Info]: (0.00, 0.00, 0.00)=======inputDirection============ 
[14:13:17.8250][1137][Info]: (0.00, 0.00, 0.00)=======inputDirection============ 
[14:13:17.8497][1138][Info]: (0.00, 0.00, 0.00)=======inputDirection============ 
[14:13:17.8653][1139][Info]: (0.00, 0.00, 0.00)=======inputDirection============ 
[14:13:17.8793][1140][Info]: (0.00, 0.00, 0.00)=======inputDirection============ 
[14:13:17.8900][1141][Info]: (0.00, 0.00, 0.00)=======inputDirection============ 
[14:13:17.8900][1142][Info]: (0.00, 0.00, 0.00)=======inputDirection============ 
[14:13:17.9100][1143][Info]: (0.00, 0.00, 0.00)=======inputDirection============ 
[14:13:17.9270][1144][Info]: (0.00, 0.00, 0.00)=======inputDirection============ 
[14:13:17.9480][1145][Info]: (0.00, 0.00, 0.00)=======inputDirection============ 
[14:13:17.9480][1146][Info]: (0.00, 0.00, 0.00)=======inputDirection============ 
[14:13:17.9670][1147][Info]: (0.00, 0.00, 0.00)=======inputDirection============ 
[14:13:17.9670][1148][Info]: (0.00, 0.00, 0.00)=======inputDirection============ 
[14:13:17.9860][1149][Info]: (0.00, 0.00, 0.00)=======inputDirection============ 
[14:13:18.0000][1150][Info]: (1.00, 0.00, -1.00)=======inputDirection============ 
[14:13:18.0131][1151][Info]: (1.00, 0.00, -1.00)=======inputDirection============ 
[14:13:18.0261][1152][Info]: (0.00, 0.00, 0.00)=======inputDirection============ 
[14:13:18.0261][1153][Info]: (0.00, 0.00, 0.00)=======inputDirection============ 
[14:13:18.0476][1154][Info]: (0.00, 0.00, 0.00)=======inputDirection============ 
[14:13:18.0576][1155][Info]: (0.00, 0.00, 0.00)=======inputDirection============ 
[14:13:18.0576][1156][Info]: (0.00, 0.00, 0.00)=======inputDirection============ 
[14:13:18.0816][1157][Info]: (0.00, 0.00, 0.00)=======inputDirection============ 
[14:13:18.0956][1158][Info]: (0.00, 0.00, 0.00)=======inputDirection============ 
[14:13:18.1076][1159][Info]: (0.00, 0.00, 0.00)=======inputDirection============ 
[14:13:18.1076][1160][Info]: (0.00, 0.00, 0.00)=======inputDirection============ 
[14:13:18.1281][1161][Info]: (0.00, 0.00, 0.00)=======inputDirection============ 
[14:13:18.1411][1162][Info]: (0.00, 0.00, 0.00)=======inputDirection============ 
[14:13:18.1511][1163][Info]: (0.00, 0.00, 0.00)=======inputDirection============ 
[14:13:18.1511][1164][Info]: (0.00, 0.00, 0.00)=======inputDirection============ 
[14:13:18.1711][1165][Info]: (0.00, 0.00, 0.00)=======inputDirection============ 
[14:13:18.1711][1166][Info]: (0.00, 0.00, 0.00)=======inputDirection============ 
[14:13:18.1940][1167][Info]: (0.00, 0.00, 0.00)=======inputDirection============ 
[14:13:18.2045][1168][Info]: (0.00, 0.00, 0.00)=======inputDirection============ 
[14:13:18.2141][1169][Info]: (0.00, 0.00, 0.00)=======inputDirection============ 
[14:13:18.2141][1170][Info]: (0.00, 0.00, 0.00)=======inputDirection============ 
[14:13:18.2386][1171][Info]: (0.00, 0.00, 0.00)=======inputDirection============ 
[14:13:18.2531][1172][Info]: (0.00, 0.00, 0.00)=======inputDirection============ 
[14:13:18.2631][1173][Info]: (-1.00, 0.00, 0.00)=======inputDirection============ 
[14:13:18.2760][1174][Info]: (-1.00, 0.00, 0.00)=======inputDirection============ 
[14:13:18.2760][1175][Info]: (-1.00, 0.00, 0.00)=======inputDirection============ 
[14:13:18.2950][1176][Info]: (-1.00, 0.00, 0.00)=======inputDirection============ 
[14:13:18.2950][1177][Info]: (-1.00, 0.00, 0.00)=======inputDirection============ 
[14:13:18.3149][1178][Info]: (-1.00, 0.00, 0.00)=======inputDirection============ 
[14:13:18.3249][1179][Info]: (-1.00, 0.00, 0.00)=======inputDirection============ 
[14:13:18.3249][1180][Info]: (-1.00, 0.00, 0.00)=======inputDirection============ 
[14:13:18.3469][1181][Info]: (-1.00, 0.00, 0.00)=======inputDirection============ 
[14:13:18.3549][1182][Info]: (-1.00, 0.00, 0.00)=======inputDirection============ 
[14:13:18.3549][1183][Info]: (-1.00, 0.00, 0.00)=======inputDirection============ 
[14:13:18.3754][1184][Info]: (-1.00, 0.00, 0.00)=======inputDirection============ 
[14:13:18.3924][1185][Info]: (-1.00, 0.00, -1.00)=======inputDirection============ 
[14:13:18.4094][1186][Info]: (-1.00, 0.00, -1.00)=======inputDirection============ 
[14:13:18.4178][1187][Info]: (-1.00, 0.00, -1.00)=======inputDirection============ 
[14:13:18.4178][1188][Info]: (-1.00, 0.00, -1.00)=======inputDirection============ 
[14:13:18.4393][1189][Info]: (-1.00, 0.00, -1.00)=======inputDirection============ 
[14:13:18.4513][1190][Info]: (-1.00, 0.00, -1.00)=======inputDirection============ 
[14:13:18.4513][1191][Info]: (-1.00, 0.00, -1.00)=======inputDirection============ 
[14:13:18.4725][1192][Info]: (-1.00, 0.00, -1.00)=======inputDirection============ 
[14:13:18.4825][1193][Info]: (0.00, 0.00, -1.00)=======inputDirection============ 
[14:13:18.4975][1194][Info]: (1.00, 0.00, -1.00)=======inputDirection============ 
[14:13:18.5115][1195][Info]: (1.00, 0.00, -1.00)=======inputDirection============ 
[14:13:18.5115][1196][Info]: (1.00, 0.00, -1.00)=======inputDirection============ 
[14:13:18.5336][1197][Info]: (1.00, 0.00, -1.00)=======inputDirection============ 
[14:13:18.5538][1198][Info]: (1.00, 0.00, -1.00)=======inputDirection============ 
[14:13:18.5686][1199][Info]: (1.00, 0.00, -1.00)=======inputDirection============ 
[14:13:18.5774][1200][Info]: (1.00, 0.00, -1.00)=======inputDirection============ 
[14:13:18.5876][1201][Info]: (1.00, 0.00, 0.00)=======inputDirection============ 
[14:13:18.5876][1202][Info]: (1.00, 0.00, 0.00)=======inputDirection============ 
[14:13:18.6078][1203][Info]: (1.00, 0.00, 0.00)=======inputDirection============ 
[14:13:18.6078][1204][Info]: (1.00, 0.00, 0.00)=======inputDirection============ 
[14:13:18.6277][1205][Info]: (1.00, 0.00, 0.00)=======inputDirection============ 
[14:13:18.6376][1206][Info]: (1.00, 0.00, 0.00)=======inputDirection============ 
[14:13:18.6376][1207][Info]: (0.00, 0.00, 0.00)=======inputDirection============ 
[14:13:18.6609][1208][Info]: (0.00, 0.00, 0.00)=======inputDirection============ 
[14:13:18.6703][1209][Info]: (0.00, 0.00, 0.00)=======inputDirection============ 
[14:13:18.6703][1210][Info]: (0.00, 0.00, 0.00)=======inputDirection============ 
[14:13:18.6895][1211][Info]: (0.00, 0.00, 0.00)=======inputDirection============ 
[14:13:18.7010][1212][Info]: (0.00, 0.00, 0.00)=======inputDirection============ 
[14:13:18.7150][1213][Info]: (0.00, 0.00, 0.00)=======inputDirection============ 
[14:13:18.7150][1214][Info]: (0.00, 0.00, 0.00)=======inputDirection============ 
[14:13:18.7324][1215][Info]: (0.00, 0.00, 0.00)=======inputDirection============ 
[14:13:18.7437][1216][Info]: (-1.00, 0.00, 0.00)=======inputDirection============ 
[14:13:18.7597][1217][Info]: (-1.00, 0.00, 0.00)=======inputDirection============ 
[14:13:18.7597][1218][Info]: (-1.00, 0.00, 0.00)=======inputDirection============ 
[14:13:18.7794][1219][Info]: (-1.00, 0.00, 0.00)=======inputDirection============ 
[14:13:18.7794][1220][Info]: (-1.00, 0.00, 0.00)=======inputDirection============ 
[14:13:18.8000][1221][Info]: (-1.00, 0.00, 0.00)=======inputDirection============ 
[14:13:18.8110][1222][Info]: (-1.00, 0.00, 1.00)=======inputDirection============ 
[14:13:18.8220][1223][Info]: (-1.00, 0.00, 1.00)=======inputDirection============ 
[14:13:18.8220][1224][Info]: (-1.00, 0.00, 1.00)=======inputDirection============ 
[14:13:18.8420][1225][Info]: (-1.00, 0.00, 1.00)=======inputDirection============ 
[14:13:18.8560][1226][Info]: (-1.00, 0.00, 1.00)=======inputDirection============ 
[14:13:18.8704][1227][Info]: (-1.00, 0.00, 1.00)=======inputDirection============ 
[14:13:18.8704][1228][Info]: (-1.00, 0.00, 1.00)=======inputDirection============ 
[14:13:18.8924][1229][Info]: (0.00, 0.00, 1.00)=======inputDirection============ 
[14:13:18.9014][1230][Info]: (0.00, 0.00, 1.00)=======inputDirection============ 
[14:13:18.9014][1231][Info]: (0.00, 0.00, 1.00)=======inputDirection============ 
[14:13:18.9214][1232][Info]: (0.00, 0.00, 1.00)=======inputDirection============ 
[14:13:18.9319][1233][Info]: (0.00, 0.00, 1.00)=======inputDirection============ 
[14:13:18.9319][1234][Info]: (1.00, 0.00, 1.00)=======inputDirection============ 
[14:13:18.9589][1235][Info]: (1.00, 0.00, 1.00)=======inputDirection============ 
[14:13:18.9689][1236][Info]: (1.00, 0.00, 1.00)=======inputDirection============ 
[14:13:18.9799][1237][Info]: (1.00, 0.00, 1.00)=======inputDirection============ 
[14:13:18.9799][1238][Info]: (1.00, 0.00, 1.00)=======inputDirection============ 
[14:13:19.0003][1239][Info]: (1.00, 0.00, 1.00)=======inputDirection============ 
[14:13:19.0153][1240][Info]: (1.00, 0.00, 1.00)=======inputDirection============ 
[14:13:19.0313][1241][Info]: (1.00, 0.00, 1.00)=======inputDirection============ 
[14:13:19.0415][1242][Info]: (1.00, 0.00, 1.00)=======inputDirection============ 
[14:13:19.0415][1243][Info]: (1.00, 0.00, 1.00)=======inputDirection============ 
[14:13:19.0626][1244][Info]: (1.00, 0.00, 1.00)=======inputDirection============ 
[14:13:19.0756][1245][Info]: (1.00, 0.00, 1.00)=======inputDirection============ 
[14:13:19.0756][1246][Info]: (1.00, 0.00, 1.00)=======inputDirection============ 
[14:13:19.0952][1247][Info]: (1.00, 0.00, 1.00)=======inputDirection============ 
[14:13:19.1045][1248][Info]: (1.00, 0.00, 1.00)=======inputDirection============ 
[14:13:19.1045][1249][Info]: (1.00, 0.00, 0.00)=======inputDirection============ 
[14:13:19.1268][1250][Info]: (0.00, 0.00, 0.00)=======inputDirection============ 
[14:13:19.1369][1251][Info]: (0.00, 0.00, 0.00)=======inputDirection============ 
[14:13:19.1369][1252][Info]: (0.00, 0.00, 0.00)=======inputDirection============ 
[14:13:19.1601][1253][Info]: (0.00, 0.00, 0.00)=======inputDirection============ 
[14:13:19.1741][1254][Info]: (0.00, 0.00, 0.00)=======inputDirection============ 
[14:13:19.1880][1255][Info]: (0.00, 0.00, 0.00)=======inputDirection============ 
[14:13:19.1990][1256][Info]: (0.00, 0.00, 0.00)=======inputDirection============ 
[14:13:19.1990][1257][Info]: (0.00, 0.00, 0.00)=======inputDirection============ 
[14:13:19.2194][1258][Info]: (0.00, 0.00, 0.00)=======inputDirection============ 
[14:13:19.2301][1259][Info]: (0.00, 0.00, 0.00)=======inputDirection============ 
[14:13:19.2301][1260][Info]: (0.00, 0.00, 0.00)=======inputDirection============ 
[14:13:19.2486][1261][Info]: (0.00, 0.00, 0.00)=======inputDirection============ 
[14:13:19.2486][1262][Info]: (0.00, 0.00, 0.00)=======inputDirection============ 
[14:13:19.2682][1263][Info]: (0.00, 0.00, 0.00)=======inputDirection============ 
[14:13:19.2782][1264][Info]: (0.00, 0.00, 0.00)=======inputDirection============ 
[14:13:19.2782][1265][Info]: (0.00, 0.00, 0.00)=======inputDirection============ 
[14:13:19.2981][1266][Info]: (0.00, 0.00, 0.00)=======inputDirection============ 
[14:13:19.3079][1267][Info]: (0.00, 0.00, 0.00)=======inputDirection============ 
[14:13:19.3079][1268][Info]: (0.00, 0.00, 0.00)=======inputDirection============ 
[14:13:19.3338][1269][Info]: (0.00, 0.00, 0.00)=======inputDirection============ 
[14:13:19.3512][1270][Info]: (0.00, 0.00, 1.00)=======inputDirection============ 
[14:13:19.3662][1271][Info]: (0.00, 0.00, 1.00)=======inputDirection============ 
[14:13:19.3762][1272][Info]: (0.00, 0.00, 1.00)=======inputDirection============ 
[14:13:19.3852][1273][Info]: (0.00, 0.00, 1.00)=======inputDirection============ 
[14:13:19.3852][1274][Info]: (0.00, 0.00, 1.00)=======inputDirection============ 
[14:13:19.4068][1275][Info]: (0.00, 0.00, 1.00)=======inputDirection============ 
[14:13:19.4168][1276][Info]: (0.00, 0.00, 1.00)=======inputDirection============ 
[14:13:19.4168][1277][Info]: (0.00, 0.00, 1.00)=======inputDirection============ 
[14:13:19.4353][1278][Info]: (0.00, 0.00, 1.00)=======inputDirection============ 
[14:13:19.4353][1279][Info]: (0.00, 0.00, 1.00)=======inputDirection============ 
[14:13:19.4546][1280][Info]: (0.00, 0.00, 1.00)=======inputDirection============ 
[14:13:19.4644][1281][Info]: (0.00, 0.00, 1.00)=======inputDirection============ 
[14:13:19.4644][1282][Info]: (0.00, 0.00, 1.00)=======inputDirection============ 
[14:13:19.4911][1283][Info]: (0.00, 0.00, 1.00)=======inputDirection============ 
[14:13:19.5071][1284][Info]: (0.00, 0.00, 1.00)=======inputDirection============ 
[14:13:19.5171][1285][Info]: (0.00, 0.00, 1.00)=======inputDirection============ 
[14:13:19.5316][1286][Info]: (0.00, 0.00, 1.00)=======inputDirection============ 
[14:13:19.5432][1287][Info]: (0.00, 0.00, 1.00)=======inputDirection============ 
[14:13:19.5569][1288][Info]: (0.00, 0.00, 1.00)=======inputDirection============ 
[14:13:19.5569][1289][Info]: (0.00, 0.00, 1.00)=======inputDirection============ 
[14:13:19.5819][1290][Info]: (0.00, 0.00, 1.00)=======inputDirection============ 
[14:13:19.5909][1291][Info]: (0.00, 0.00, 1.00)=======inputDirection============ 
[14:13:19.5909][1292][Info]: (0.00, 0.00, 1.00)=======inputDirection============ 
[14:13:19.6114][1293][Info]: (0.00, 0.00, 1.00)=======inputDirection============ 
[14:13:19.6224][1294][Info]: (0.00, 0.00, 1.00)=======inputDirection============ 
[14:13:19.6224][1295][Info]: (0.00, 0.00, 1.00)=======inputDirection============ 
[14:13:19.6461][1296][Info]: (0.00, 0.00, 1.00)=======inputDirection============ 
[14:13:19.6596][1297][Info]: (0.00, 0.00, 0.00)=======inputDirection============ 
[14:13:19.6708][1298][Info]: (0.00, 0.00, 0.00)=======inputDirection============ 
[14:13:19.6818][1299][Info]: (0.00, 0.00, 0.00)=======inputDirection============ 
[14:13:19.6818][1300][Info]: (0.00, 0.00, 0.00)=======inputDirection============ 
[14:13:19.6995][1301][Info]: (0.00, 0.00, 0.00)=======inputDirection============ 
[14:13:19.6995][1302][Info]: (0.00, 0.00, 0.00)=======inputDirection============ 
[14:13:19.7168][1303][Info]: (0.00, 0.00, 0.00)=======inputDirection============ 
[14:13:19.7168][1304][Info]: (0.00, 0.00, 0.00)=======inputDirection============ 
[14:13:19.7371][1305][Info]: (0.00, 0.00, 0.00)=======inputDirection============ 
[14:13:19.7461][1306][Info]: (0.00, 0.00, 0.00)=======inputDirection============ 
[14:13:19.7461][1307][Info]: (0.00, 0.00, 0.00)=======inputDirection============ 
[14:13:19.7632][1308][Info]: (0.00, 0.00, 0.00)=======inputDirection============ 
[14:13:19.7804][1309][Info]: (0.00, 0.00, 0.00)=======inputDirection============ 
[14:13:19.7804][1310][Info]: (0.00, 0.00, 0.00)=======inputDirection============ 
[14:13:19.8024][1311][Info]: (0.00, 0.00, 0.00)=======inputDirection============ 
[14:13:19.8154][1312][Info]: (0.00, 0.00, 0.00)=======inputDirection============ 
[14:13:19.8246][1313][Info]: (0.00, 0.00, 0.00)=======inputDirection============ 
[14:13:19.8246][1314][Info]: (0.00, 0.00, 0.00)=======inputDirection============ 
[14:13:19.8451][1315][Info]: (0.00, 0.00, 0.00)=======inputDirection============ 
[14:13:19.8551][1316][Info]: (0.00, 0.00, 0.00)=======inputDirection============ 
[14:13:19.8551][1317][Info]: (0.00, 0.00, 0.00)=======inputDirection============ 
[14:13:19.8753][1318][Info]: (0.00, 0.00, 0.00)=======inputDirection============ 
[14:13:19.8843][1319][Info]: (0.00, 0.00, 0.00)=======inputDirection============ 
[14:13:19.8843][1320][Info]: (0.00, 0.00, 0.00)=======inputDirection============ 
[14:13:19.9043][1321][Info]: (0.00, 0.00, 0.00)=======inputDirection============ 
[14:13:19.9043][1322][Info]: (0.00, 0.00, 0.00)=======inputDirection============ 
[14:13:19.9230][1323][Info]: (0.00, 0.00, 0.00)=======inputDirection============ 
[14:13:19.9330][1324][Info]: (-1.00, 0.00, 0.00)=======inputDirection============ 
[14:13:19.9330][1325][Info]: (-1.00, 0.00, 0.00)=======inputDirection============ 
[14:13:19.9560][1326][Info]: (-1.00, 0.00, 0.00)=======inputDirection============ 
[14:13:19.9678][1327][Info]: (-1.00, 0.00, 0.00)=======inputDirection============ 
[14:13:19.9823][1328][Info]: (-1.00, 0.00, 0.00)=======inputDirection============ 
[14:13:19.9823][1329][Info]: (-1.00, 0.00, 0.00)=======inputDirection============ 
[14:13:20.0016][1330][Info]: (-1.00, 0.00, 0.00)=======inputDirection============ 
[14:13:20.0865][1331][Info]: (-1.00, 0.00, -1.00)=======inputDirection============ 
[14:13:20.0974][1332][Info]: (-1.00, 0.00, -1.00)=======inputDirection============ 
[14:13:20.1114][1333][Info]: (-1.00, 0.00, -1.00)=======inputDirection============ 
[14:13:20.1243][1334][Info]: (-1.00, 0.00, -1.00)=======inputDirection============ 
[14:13:20.1363][1335][Info]: (-1.00, 0.00, -1.00)=======inputDirection============ 
[14:13:20.1363][1336][Info]: (0.00, 0.00, -1.00)=======inputDirection============ 
[14:13:20.1590][1337][Info]: (0.00, 0.00, -1.00)=======inputDirection============ 
[14:13:20.1685][1338][Info]: (0.00, 0.00, -1.00)=======inputDirection============ 
[14:13:20.1685][1339][Info]: (0.00, 0.00, -1.00)=======inputDirection============ 
[14:13:20.1939][1340][Info]: (0.00, 0.00, -1.00)=======inputDirection============ 
[14:13:20.2065][1341][Info]: (1.00, 0.00, -1.00)=======inputDirection============ 
[14:13:20.2170][1342][Info]: (1.00, 0.00, -1.00)=======inputDirection============ 
[14:13:20.2170][1343][Info]: (1.00, 0.00, -1.00)=======inputDirection============ 
[14:13:20.2371][1344][Info]: (1.00, 0.00, -1.00)=======inputDirection============ 
[14:13:20.2477][1345][Info]: (1.00, 0.00, -1.00)=======inputDirection============ 
[14:13:20.2619][1346][Info]: (1.00, 0.00, -1.00)=======inputDirection============ 
[14:13:20.2768][1347][Info]: (1.00, 0.00, -1.00)=======inputDirection============ 
[14:13:20.2768][1348][Info]: (1.00, 0.00, -1.00)=======inputDirection============ 
[14:13:20.2985][1349][Info]: (1.00, 0.00, 0.00)=======inputDirection============ 
[14:13:20.3090][1350][Info]: (1.00, 0.00, 0.00)=======inputDirection============ 
[14:13:20.3090][1351][Info]: (1.00, 0.00, 0.00)=======inputDirection============ 
[14:13:20.3300][1352][Info]: (1.00, 0.00, 0.00)=======inputDirection============ 
[14:13:20.3395][1353][Info]: (1.00, 0.00, 0.00)=======inputDirection============ 
[14:13:20.3395][1354][Info]: (1.00, 0.00, 0.00)=======inputDirection============ 
[14:13:20.3590][1355][Info]: (1.00, 0.00, 0.00)=======inputDirection============ 
[14:13:20.3700][1356][Info]: (1.00, 0.00, 0.00)=======inputDirection============ 
[14:13:20.3700][1357][Info]: (1.00, 0.00, 0.00)=======inputDirection============ 
[14:13:20.3954][1358][Info]: (1.00, 0.00, 0.00)=======inputDirection============ 
[14:13:20.4064][1359][Info]: (1.00, 0.00, 0.00)=======inputDirection============ 
[14:13:20.4230][1360][Info]: (0.00, 0.00, 0.00)=======inputDirection============ 
[14:13:20.4386][1361][Info]: (0.00, 0.00, 0.00)=======inputDirection============ 
[14:13:20.4492][1362][Info]: (0.00, 0.00, 0.00)=======inputDirection============ 
[14:13:20.4492][1363][Info]: (0.00, 0.00, 0.00)=======inputDirection============ 
[14:13:20.4721][1364][Info]: (0.00, 0.00, 0.00)=======inputDirection============ 
[14:13:20.4821][1365][Info]: (0.00, 0.00, 0.00)=======inputDirection============ 
[14:13:20.4821][1366][Info]: (0.00, 0.00, 0.00)=======inputDirection============ 
[14:13:20.5021][1367][Info]: (0.00, 0.00, 0.00)=======inputDirection============ 
[14:13:20.5121][1368][Info]: (0.00, 0.00, 0.00)=======inputDirection============ 
[14:13:20.5121][1369][Info]: (0.00, 0.00, 0.00)=======inputDirection============ 
[14:13:20.5317][1370][Info]: (0.00, 0.00, 0.00)=======inputDirection============ 
[14:13:20.5407][1371][Info]: (0.00, 0.00, 0.00)=======inputDirection============ 
[14:13:20.5407][1372][Info]: (-1.00, 0.00, 0.00)=======inputDirection============ 
[14:13:20.5643][1373][Info]: (-1.00, 0.00, 0.00)=======inputDirection============ 
[14:13:20.5792][1374][Info]: (-1.00, 0.00, 0.00)=======inputDirection============ 
[14:13:20.5950][1375][Info]: (-1.00, 0.00, 0.00)=======inputDirection============ 
[14:13:20.6090][1376][Info]: (-1.00, 0.00, 0.00)=======inputDirection============ 
[14:13:20.6090][1377][Info]: (-1.00, 0.00, 0.00)=======inputDirection============ 
[14:13:20.6280][1378][Info]: (-1.00, 0.00, 0.00)=======inputDirection============ 
[14:13:20.6376][1379][Info]: (-1.00, 0.00, 0.00)=======inputDirection============ 
[14:13:20.6376][1380][Info]: (-1.00, 0.00, 0.00)=======inputDirection============ 
[14:13:20.6584][1381][Info]: (-1.00, 0.00, 0.00)=======inputDirection============ 
[14:13:20.6673][1382][Info]: (-1.00, 0.00, 0.00)=======inputDirection============ 
[14:13:20.6673][1383][Info]: (-1.00, 0.00, 0.00)=======inputDirection============ 
[14:13:20.6893][1384][Info]: (-1.00, 0.00, 0.00)=======inputDirection============ 
[14:13:20.6981][1385][Info]: (-1.00, 0.00, 0.00)=======inputDirection============ 
[14:13:20.6981][1386][Info]: (-1.00, 0.00, 0.00)=======inputDirection============ 
[14:13:20.7183][1387][Info]: (-1.00, 0.00, 0.00)=======inputDirection============ 
[14:13:20.7349][1388][Info]: (-1.00, 0.00, 0.00)=======inputDirection============ 
[14:13:20.7509][1389][Info]: (-1.00, 0.00, -1.00)=======inputDirection============ 
[14:13:20.7619][1390][Info]: (-1.00, 0.00, -1.00)=======inputDirection============ 
[14:13:20.7619][1391][Info]: (-1.00, 0.00, -1.00)=======inputDirection============ 
[14:13:20.7795][1392][Info]: (-1.00, 0.00, -1.00)=======inputDirection============ 
[14:13:20.7795][1393][Info]: (-1.00, 0.00, -1.00)=======inputDirection============ 
[14:13:20.7973][1394][Info]: (-1.00, 0.00, -1.00)=======inputDirection============ 
[14:13:20.8099][1395][Info]: (-1.00, 0.00, -1.00)=======inputDirection============ 
[14:13:20.8099][1396][Info]: (-1.00, 0.00, -1.00)=======inputDirection============ 
[14:13:20.8297][1397][Info]: (-1.00, 0.00, -1.00)=======inputDirection============ 
[14:13:20.8382][1398][Info]: (-1.00, 0.00, -1.00)=======inputDirection============ 
[14:13:20.8382][1399][Info]: (-1.00, 0.00, -1.00)=======inputDirection============ 
[14:13:20.8566][1400][Info]: (-1.00, 0.00, -1.00)=======inputDirection============ 
[14:13:20.8566][1401][Info]: (-1.00, 0.00, -1.00)=======inputDirection============ 
[14:13:20.8783][1402][Info]: (1.00, 0.00, -1.00)=======inputDirection============ 
[14:13:20.8929][1403][Info]: (1.00, 0.00, -1.00)=======inputDirection============ 
[14:13:20.9069][1404][Info]: (1.00, 0.00, -1.00)=======inputDirection============ 
[14:13:20.9069][1405][Info]: (1.00, 0.00, -1.00)=======inputDirection============ 
[14:13:20.9235][1406][Info]: (1.00, 0.00, -1.00)=======inputDirection============ 
[14:13:20.9351][1407][Info]: (1.00, 0.00, -1.00)=======inputDirection============ 
[14:13:20.9351][1408][Info]: (1.00, 0.00, -1.00)=======inputDirection============ 
[14:13:20.9549][1409][Info]: (1.00, 0.00, -1.00)=======inputDirection============ 
[14:13:20.9651][1410][Info]: (1.00, 0.00, -1.00)=======inputDirection============ 
[14:13:20.9651][1411][Info]: (1.00, 0.00, -1.00)=======inputDirection============ 
[14:13:20.9906][1412][Info]: (1.00, 0.00, -1.00)=======inputDirection============ 
[14:13:21.0081][1413][Info]: (1.00, 0.00, 0.00)=======inputDirection============ 
[14:13:21.0290][1414][Info]: (1.00, 0.00, 0.00)=======inputDirection============ 
[14:13:21.0564][1415][Info]: (1.00, 0.00, 0.00)=======inputDirection============ 
[14:13:21.0724][1416][Info]: (1.00, 0.00, 0.00)=======inputDirection============ 
[14:13:21.0724][1417][Info]: (1.00, 0.00, 0.00)=======inputDirection============ 
[14:13:21.0961][1418][Info]: (1.00, 0.00, 0.00)=======inputDirection============ 
[14:13:21.1071][1419][Info]: (1.00, 0.00, 0.00)=======inputDirection============ 
[14:13:21.1071][1420][Info]: (1.00, 0.00, 0.00)=======inputDirection============ 
[14:13:21.1266][1421][Info]: (1.00, 0.00, 0.00)=======inputDirection============ 
[14:13:21.1376][1422][Info]: (1.00, 0.00, 0.00)=======inputDirection============ 
[14:13:21.1376][1423][Info]: (1.00, 0.00, 0.00)=======inputDirection============ 
[14:13:21.1565][1424][Info]: (1.00, 0.00, 0.00)=======inputDirection============ 
[14:13:21.1668][1425][Info]: (1.00, 0.00, 0.00)=======inputDirection============ 
[14:13:21.1668][1426][Info]: (1.00, 0.00, 0.00)=======inputDirection============ 
[14:13:21.1859][1427][Info]: (1.00, 0.00, 0.00)=======inputDirection============ 
[14:13:21.1859][1428][Info]: (1.00, 0.00, 0.00)=======inputDirection============ 
[14:13:21.2119][1429][Info]: (1.00, 0.00, 0.00)=======inputDirection============ 
[14:13:21.2323][1430][Info]: (1.00, 0.00, 0.00)=======inputDirection============ 
[14:13:21.2323][1431][Info]: (1.00, 0.00, 0.00)=======inputDirection============ 
[14:13:21.2518][1432][Info]: (1.00, 0.00, 0.00)=======inputDirection============ 
[14:13:21.2619][1433][Info]: (1.00, 0.00, 0.00)=======inputDirection============ 
[14:13:21.2619][1434][Info]: (1.00, 0.00, 0.00)=======inputDirection============ 
[14:13:21.2804][1435][Info]: (1.00, 0.00, 0.00)=======inputDirection============ 
[14:13:21.2804][1436][Info]: (1.00, 0.00, 0.00)=======inputDirection============ 
[14:13:21.2979][1437][Info]: (1.00, 0.00, 0.00)=======inputDirection============ 
[14:13:21.3069][1438][Info]: (1.00, 0.00, 0.00)=======inputDirection============ 
[14:13:21.3069][1439][Info]: (1.00, 0.00, 0.00)=======inputDirection============ 
[14:13:21.3239][1440][Info]: (1.00, 0.00, 0.00)=======inputDirection============ 
[14:13:21.3239][1441][Info]: (1.00, 0.00, 0.00)=======inputDirection============ 
[14:13:21.3421][1442][Info]: (0.00, 0.00, 0.00)=======inputDirection============ 
[14:13:21.3550][1443][Info]: (0.00, 0.00, 0.00)=======inputDirection============ 
[14:13:21.3723][1444][Info]: (0.00, 0.00, 1.00)=======inputDirection============ 
[14:13:21.4089][1445][Info]: (0.00, 0.00, 1.00)=======inputDirection============ 
[14:13:21.4185][1446][Info]: (0.00, 0.00, 1.00)=======inputDirection============ 
[14:13:21.4321][1447][Info]: (0.00, 0.00, 1.00)=======inputDirection============ 
[14:13:21.4321][1448][Info]: (0.00, 0.00, 1.00)=======inputDirection============ 
[14:13:21.4508][1449][Info]: (0.00, 0.00, 1.00)=======inputDirection============ 
[14:13:21.4508][1450][Info]: (0.00, 0.00, 1.00)=======inputDirection============ 
[14:13:21.4681][1451][Info]: (0.00, 0.00, 1.00)=======inputDirection============ 
[14:13:21.4681][1452][Info]: (0.00, 0.00, 1.00)=======inputDirection============ 
[14:13:21.4857][1453][Info]: (0.00, 0.00, 1.00)=======inputDirection============ 
[14:13:21.4956][1454][Info]: (0.00, 0.00, 1.00)=======inputDirection============ 
[14:13:21.4956][1455][Info]: (0.00, 0.00, 1.00)=======inputDirection============ 
[14:13:21.5215][1456][Info]: (0.00, 0.00, 1.00)=======inputDirection============ 
[14:13:21.5352][1457][Info]: (0.00, 0.00, 1.00)=======inputDirection============ 
[14:13:21.5442][1458][Info]: (0.00, 0.00, 1.00)=======inputDirection============ 
[14:13:21.5442][1459][Info]: (0.00, 0.00, 1.00)=======inputDirection============ 
[14:13:21.5652][1460][Info]: (0.00, 0.00, 1.00)=======inputDirection============ 
[14:13:21.5772][1461][Info]: (0.00, 0.00, 1.00)=======inputDirection============ 
[14:13:21.5895][1462][Info]: (0.00, 0.00, 1.00)=======inputDirection============ 
[14:13:21.5895][1463][Info]: (0.00, 0.00, 1.00)=======inputDirection============ 
[14:13:21.6070][1464][Info]: (0.00, 0.00, 1.00)=======inputDirection============ 
[14:13:21.6070][1465][Info]: (0.00, 0.00, 1.00)=======inputDirection============ 
[14:13:21.6266][1466][Info]: (0.00, 0.00, 1.00)=======inputDirection============ 
[14:13:21.6445][1467][Info]: (0.00, 0.00, 1.00)=======inputDirection============ 
[14:13:21.6538][1468][Info]: (0.00, 0.00, 1.00)=======inputDirection============ 
[14:13:21.6538][1469][Info]: (0.00, 0.00, 1.00)=======inputDirection============ 
[14:13:21.6756][1470][Info]: (0.00, 0.00, 1.00)=======inputDirection============ 
[14:13:21.6890][1471][Info]: (0.00, 0.00, 1.00)=======inputDirection============ 
[14:13:21.7000][1472][Info]: (0.00, 0.00, 1.00)=======inputDirection============ 
[14:13:21.7000][1473][Info]: (0.00, 0.00, 1.00)=======inputDirection============ 
[14:13:21.7223][1474][Info]: (0.00, 0.00, 1.00)=======inputDirection============ 
[14:13:21.7316][1475][Info]: (0.00, 0.00, 1.00)=======inputDirection============ 
[14:13:21.7316][1476][Info]: (0.00, 0.00, 0.00)=======inputDirection============ 
[14:13:21.7541][1477][Info]: (0.00, 0.00, 0.00)=======inputDirection============ 
[14:13:21.7647][1478][Info]: (0.00, 0.00, 0.00)=======inputDirection============ 
[14:13:21.7647][1479][Info]: (0.00, 0.00, 0.00)=======inputDirection============ 
[14:13:21.7833][1480][Info]: (0.00, 0.00, 0.00)=======inputDirection============ 
[14:13:21.7933][1481][Info]: (0.00, 0.00, 0.00)=======inputDirection============ 
[14:13:21.7933][1482][Info]: (0.00, 0.00, 0.00)=======inputDirection============ 
[14:13:21.8116][1483][Info]: (0.00, 0.00, 0.00)=======inputDirection============ 
[14:13:21.8116][1484][Info]: (0.00, 0.00, 0.00)=======inputDirection============ 
[14:13:21.8377][1485][Info]: (0.00, 0.00, 0.00)=======inputDirection============ 
[14:13:21.8564][1486][Info]: (0.00, 0.00, 0.00)=======inputDirection============ 
[14:13:21.8564][1487][Info]: (0.00, 0.00, 0.00)=======inputDirection============ 
[14:13:21.8742][1488][Info]: (0.00, 0.00, 0.00)=======inputDirection============ 
[14:13:21.8742][1489][Info]: (0.00, 0.00, 0.00)=======inputDirection============ 
[14:13:21.8954][1490][Info]: (0.00, 0.00, 0.00)=======inputDirection============ 
[14:13:21.9045][1491][Info]: (0.00, 0.00, 0.00)=======inputDirection============ 
[14:13:21.9045][1492][Info]: (0.00, 0.00, 0.00)=======inputDirection============ 
[14:13:21.9255][1493][Info]: (0.00, 0.00, 0.00)=======inputDirection============ 
[14:13:21.9354][1494][Info]: (0.00, 0.00, 0.00)=======inputDirection============ 
[14:13:21.9354][1495][Info]: (0.00, 0.00, 0.00)=======inputDirection============ 
[14:13:21.9554][1496][Info]: (0.00, 0.00, 0.00)=======inputDirection============ 
[14:13:21.9664][1497][Info]: (0.00, 0.00, 0.00)=======inputDirection============ 
[14:13:21.9664][1498][Info]: (0.00, 0.00, 0.00)=======inputDirection============ 
[14:13:21.9953][1499][Info]: (0.00, 0.00, 0.00)=======inputDirection============ 
[14:13:22.0103][1500][Info]: (0.00, 0.00, 0.00)=======inputDirection============ 
[14:13:22.0103][1501][Info]: (0.00, 0.00, 0.00)=======inputDirection============ 
[14:13:22.0303][1502][Info]: (0.00, 0.00, 0.00)=======inputDirection============ 
[14:13:22.0303][1503][Info]: (0.00, 0.00, 0.00)=======inputDirection============ 
[14:13:22.0548][1504][Info]: (0.00, 0.00, 0.00)=======inputDirection============ 
[14:13:22.0644][1505][Info]: (0.00, 0.00, 0.00)=======inputDirection============ 
[14:13:22.0746][1506][Info]: (0.00, 0.00, 0.00)=======inputDirection============ 
[14:13:22.0746][1507][Info]: (0.00, 0.00, 0.00)=======inputDirection============ 
[14:13:22.0923][1508][Info]: (0.00, 0.00, 0.00)=======inputDirection============ 
[14:13:22.0923][1509][Info]: (0.00, 0.00, 0.00)=======inputDirection============ 
[14:13:22.1095][1510][Info]: (0.00, 0.00, 0.00)=======inputDirection============ 
[14:13:22.1194][1511][Info]: (0.00, 0.00, 0.00)=======inputDirection============ 
[14:13:22.1194][1512][Info]: (0.00, 0.00, 0.00)=======inputDirection============ 
[14:13:22.1417][1513][Info]: (0.00, 0.00, 0.00)=======inputDirection============ 
[14:13:22.1537][1514][Info]: (0.00, 0.00, 0.00)=======inputDirection============ 
[14:13:22.1537][1515][Info]: (0.00, 0.00, 0.00)=======inputDirection============ 
[14:13:22.1720][1516][Info]: (0.00, 0.00, 0.00)=======inputDirection============ 
[14:13:22.1720][1517][Info]: (0.00, 0.00, 0.00)=======inputDirection============ 
[14:13:22.1899][1518][Info]: (0.00, 0.00, 0.00)=======inputDirection============ 
[14:13:22.1981][1519][Info]: (0.00, 0.00, 0.00)=======inputDirection============ 
[14:13:22.1981][1520][Info]: (0.00, 0.00, 0.00)=======inputDirection============ 
[14:13:22.2167][1521][Info]: (0.00, 0.00, 0.00)=======inputDirection============ 
[14:13:22.2167][1522][Info]: (0.00, 0.00, 0.00)=======inputDirection============ 
[14:13:22.2344][1523][Info]: (0.00, 0.00, 0.00)=======inputDirection============ 
[14:13:22.2451][1524][Info]: (-1.00, 0.00, 0.00)=======inputDirection============ 
[14:13:22.2597][1525][Info]: (-1.00, 0.00, 0.00)=======inputDirection============ 
[14:13:22.2597][1526][Info]: (-1.00, 0.00, 0.00)=======inputDirection============ 
[14:13:22.2789][1527][Info]: (-1.00, 0.00, 0.00)=======inputDirection============ 
[14:13:22.2936][1528][Info]: (-1.00, 0.00, 0.00)=======inputDirection============ 
[14:13:22.3081][1529][Info]: (-1.00, 0.00, 0.00)=======inputDirection============ 
[14:13:22.3081][1530][Info]: (-1.00, 0.00, 0.00)=======inputDirection============ 
[14:13:22.3288][1531][Info]: (-1.00, 0.00, 0.00)=======inputDirection============ 
[14:13:22.3288][1532][Info]: (-1.00, 0.00, 0.00)=======inputDirection============ 
[14:13:22.3471][1533][Info]: (-1.00, 0.00, 0.00)=======inputDirection============ 
[14:13:22.3561][1534][Info]: (-1.00, 0.00, 0.00)=======inputDirection============ 
[14:13:22.3561][1535][Info]: (-1.00, 0.00, 0.00)=======inputDirection============ 
[14:13:22.3763][1536][Info]: (-1.00, 0.00, 0.00)=======inputDirection============ 
[14:13:22.3863][1537][Info]: (-1.00, 0.00, 0.00)=======inputDirection============ 
[14:13:22.3863][1538][Info]: (-1.00, 0.00, -1.00)=======inputDirection============ 
[14:13:22.4073][1539][Info]: (-1.00, 0.00, -1.00)=======inputDirection============ 
[14:13:22.4157][1540][Info]: (-1.00, 0.00, -1.00)=======inputDirection============ 
[14:13:22.4157][1541][Info]: (-1.00, 0.00, -1.00)=======inputDirection============ 
[14:13:22.4335][1542][Info]: (-1.00, 0.00, -1.00)=======inputDirection============ 
[14:13:22.4471][1543][Info]: (-1.00, 0.00, -1.00)=======inputDirection============ 
[14:13:22.4639][1544][Info]: (-1.00, 0.00, -1.00)=======inputDirection============ 
[14:13:22.4639][1545][Info]: (0.00, 0.00, -1.00)=======inputDirection============ 
[14:13:22.4836][1546][Info]: (0.00, 0.00, -1.00)=======inputDirection============ 
[14:13:22.4944][1547][Info]: (0.00, 0.00, -1.00)=======inputDirection============ 
[14:13:22.4944][1548][Info]: (1.00, 0.00, -1.00)=======inputDirection============ 
[14:13:22.5167][1549][Info]: (1.00, 0.00, -1.00)=======inputDirection============ 
[14:13:22.5250][1550][Info]: (1.00, 0.00, -1.00)=======inputDirection============ 
[14:13:22.5250][1551][Info]: (1.00, 0.00, -1.00)=======inputDirection============ 
[14:13:22.5428][1552][Info]: (1.00, 0.00, -1.00)=======inputDirection============ 
[14:13:22.5428][1553][Info]: (1.00, 0.00, -1.00)=======inputDirection============ 
[14:13:22.5651][1554][Info]: (1.00, 0.00, -1.00)=======inputDirection============ 
[14:13:22.5744][1555][Info]: (1.00, 0.00, -1.00)=======inputDirection============ 
[14:13:22.5744][1556][Info]: (1.00, 0.00, -1.00)=======inputDirection============ 
[14:13:22.6004][1557][Info]: (1.00, 0.00, -1.00)=======inputDirection============ 
[14:13:22.6182][1558][Info]: (1.00, 0.00, 0.00)=======inputDirection============ 
[14:13:22.6292][1559][Info]: (1.00, 0.00, 0.00)=======inputDirection============ 
[14:13:22.6402][1560][Info]: (1.00, 0.00, 0.00)=======inputDirection============ 
[14:13:22.6502][1561][Info]: (1.00, 0.00, 0.00)=======inputDirection============ 
[14:13:22.6502][1562][Info]: (1.00, 0.00, 0.00)=======inputDirection============ 
[14:13:22.6748][1563][Info]: (1.00, 0.00, 0.00)=======inputDirection============ 
[14:13:22.6828][1564][Info]: (1.00, 0.00, 0.00)=======inputDirection============ 
[14:13:22.6828][1565][Info]: (1.00, 0.00, 0.00)=======inputDirection============ 
[14:13:22.7023][1566][Info]: (1.00, 0.00, 0.00)=======inputDirection============ 
[14:13:22.7023][1567][Info]: (1.00, 0.00, 0.00)=======inputDirection============ 
[14:13:22.7200][1568][Info]: (1.00, 0.00, 0.00)=======inputDirection============ 
[14:13:22.7290][1569][Info]: (1.00, 0.00, 0.00)=======inputDirection============ 
[14:13:22.7290][1570][Info]: (1.00, 0.00, 0.00)=======inputDirection============ 
[14:13:22.7539][1571][Info]: (1.00, 0.00, 0.00)=======inputDirection============ 
[14:13:22.7683][1572][Info]: (1.00, 0.00, 0.00)=======inputDirection============ 
[14:13:22.7773][1573][Info]: (1.00, 0.00, 0.00)=======inputDirection============ 
[14:13:22.7773][1574][Info]: (1.00, 0.00, 0.00)=======inputDirection============ 
[14:13:22.7972][1575][Info]: (1.00, 0.00, 0.00)=======inputDirection============ 
[14:13:22.8072][1576][Info]: (1.00, 0.00, 0.00)=======inputDirection============ 
[14:13:22.8072][1577][Info]: (1.00, 0.00, 0.00)=======inputDirection============ 
[14:13:22.8250][1578][Info]: (1.00, 0.00, 0.00)=======inputDirection============ 
[14:13:22.8250][1579][Info]: (0.00, 0.00, 0.00)=======inputDirection============ 
[14:13:22.8446][1580][Info]: (0.00, 0.00, 0.00)=======inputDirection============ 
[14:13:22.8541][1581][Info]: (0.00, 0.00, 0.00)=======inputDirection============ 
[14:13:22.8694][1582][Info]: (0.00, 0.00, 0.00)=======inputDirection============ 
[14:13:22.8694][1583][Info]: (0.00, 0.00, 0.00)=======inputDirection============ 
[14:13:22.8895][1584][Info]: (0.00, 0.00, 0.00)=======inputDirection============ 
[14:13:22.8895][1585][Info]: (0.00, 0.00, 0.00)=======inputDirection============ 
[14:13:22.9142][1586][Info]: (0.00, 0.00, 0.00)=======inputDirection============ 
[14:13:22.9292][1587][Info]: (0.00, 0.00, 0.00)=======inputDirection============ 
[14:13:22.9385][1588][Info]: (0.00, 0.00, 0.00)=======inputDirection============ 
[14:13:22.9485][1589][Info]: (0.00, 0.00, 0.00)=======inputDirection============ 
[14:13:22.9485][1590][Info]: (0.00, 0.00, 0.00)=======inputDirection============ 
[14:13:22.9712][1591][Info]: (0.00, 0.00, 1.00)=======inputDirection============ 
[14:13:22.9812][1592][Info]: (0.00, 0.00, 1.00)=======inputDirection============ 
[14:13:22.9812][1593][Info]: (0.00, 0.00, 1.00)=======inputDirection============ 
[14:13:23.0022][1594][Info]: (0.00, 0.00, 1.00)=======inputDirection============ 
[14:13:23.0125][1595][Info]: (0.00, 0.00, 1.00)=======inputDirection============ 
[14:13:23.0125][1596][Info]: (0.00, 0.00, 1.00)=======inputDirection============ 
[14:13:23.0325][1597][Info]: (0.00, 0.00, 1.00)=======inputDirection============ 
[14:13:23.0421][1598][Info]: (0.00, 0.00, 1.00)=======inputDirection============ 
[14:13:23.0421][1599][Info]: (0.00, 0.00, 1.00)=======inputDirection============ 
[14:13:23.0702][1600][Info]: (0.00, 0.00, 1.00)=======inputDirection============ 
[14:13:23.0922][1601][Info]: (0.00, 0.00, 1.00)=======inputDirection============ 
[14:13:23.1032][1602][Info]: (0.00, 0.00, 1.00)=======inputDirection============ 
[14:13:23.1032][1603][Info]: (0.00, 0.00, 1.00)=======inputDirection============ 
[14:13:23.1288][1604][Info]: (0.00, 0.00, 1.00)=======inputDirection============ 
[14:13:23.1402][1605][Info]: (0.00, 0.00, 1.00)=======inputDirection============ 
[14:13:23.1502][1606][Info]: (0.00, 0.00, 1.00)=======inputDirection============ 
[14:13:23.1502][1607][Info]: (0.00, 0.00, 1.00)=======inputDirection============ 
[14:13:23.1722][1608][Info]: (0.00, 0.00, 1.00)=======inputDirection============ 
[14:13:23.1813][1609][Info]: (0.00, 0.00, 1.00)=======inputDirection============ 
[14:13:23.1813][1610][Info]: (0.00, 0.00, 1.00)=======inputDirection============ 
[14:13:23.2033][1611][Info]: (0.00, 0.00, 1.00)=======inputDirection============ 
[14:13:23.2183][1612][Info]: (0.00, 0.00, 1.00)=======inputDirection============ 
[14:13:23.2330][1613][Info]: (0.00, 0.00, 0.00)=======inputDirection============ 
[14:13:23.2330][1614][Info]: (0.00, 0.00, 0.00)=======inputDirection============ 
[14:13:23.2530][1615][Info]: (0.00, 0.00, 0.00)=======inputDirection============ 
[14:13:23.2644][1616][Info]: (0.00, 0.00, 0.00)=======inputDirection============ 
[14:13:23.2644][1617][Info]: (0.00, 0.00, 0.00)=======inputDirection============ 
[14:13:23.2894][1618][Info]: (0.00, 0.00, 0.00)=======inputDirection============ 
[14:13:23.3004][1619][Info]: (0.00, 0.00, 0.00)=======inputDirection============ 
[14:13:23.3106][1620][Info]: (0.00, 0.00, 0.00)=======inputDirection============ 
[14:13:23.3106][1621][Info]: (0.00, 0.00, 0.00)=======inputDirection============ 
[14:13:23.3282][1622][Info]: (0.00, 0.00, 0.00)=======inputDirection============ 
[14:13:23.3282][1623][Info]: (0.00, 0.00, 0.00)=======inputDirection============ 
[14:13:23.3454][1624][Info]: (0.00, 0.00, 0.00)=======inputDirection============ 
[14:13:23.3544][1625][Info]: (0.00, 0.00, 0.00)=======inputDirection============ 
[14:13:23.3544][1626][Info]: (0.00, 0.00, 0.00)=======inputDirection============ 
[14:13:23.3901][1627][Info]: (0.00, 0.00, 0.00)=======inputDirection============ 
[14:13:23.4038][1628][Info]: (0.00, 0.00, 0.00)=======inputDirection============ 
[14:13:23.4038][1629][Info]: (0.00, 0.00, 0.00)=======inputDirection============ 
[14:13:23.4233][1630][Info]: (0.00, 0.00, 0.00)=======inputDirection============ 
[14:13:23.4339][1631][Info]: (0.00, 0.00, 0.00)=======inputDirection============ 
[14:13:23.4339][1632][Info]: (0.00, 0.00, 0.00)=======inputDirection============ 
[14:13:23.4544][1633][Info]: (0.00, 0.00, 0.00)=======inputDirection============ 
[14:13:23.4625][1634][Info]: (0.00, 0.00, 0.00)=======inputDirection============ 
[14:13:23.4625][1635][Info]: (0.00, 0.00, 0.00)=======inputDirection============ 
[14:13:23.4830][1636][Info]: (0.00, 0.00, 0.00)=======inputDirection============ 
[14:13:23.4990][1637][Info]: (0.00, 0.00, 0.00)=======inputDirection============ 
[14:13:23.4990][1638][Info]: (0.00, 0.00, 0.00)=======inputDirection============ 
[14:13:23.5224][1639][Info]: (0.00, 0.00, 0.00)=======inputDirection============ 
[14:13:23.5358][1640][Info]: (0.00, 0.00, 0.00)=======inputDirection============ 
[14:13:23.5468][1641][Info]: (0.00, 0.00, -1.00)=======inputDirection============ 
[14:13:23.5568][1642][Info]: (0.00, 0.00, -1.00)=======inputDirection============ 
[14:13:23.5568][1643][Info]: (0.00, 0.00, -1.00)=======inputDirection============ 
[14:13:23.5767][1644][Info]: (0.00, 0.00, -1.00)=======inputDirection============ 
[14:13:23.5767][1645][Info]: (0.00, 0.00, -1.00)=======inputDirection============ 
[14:13:23.5947][1646][Info]: (0.00, 0.00, -1.00)=======inputDirection============ 
[14:13:23.5947][1647][Info]: (0.00, 0.00, -1.00)=======inputDirection============ 
[14:13:23.6127][1648][Info]: (0.00, 0.00, -1.00)=======inputDirection============ 
[14:13:23.6230][1649][Info]: (0.00, 0.00, -1.00)=======inputDirection============ 
[14:13:23.6230][1650][Info]: (0.00, 0.00, -1.00)=======inputDirection============ 
[14:13:23.6433][1651][Info]: (-1.00, 0.00, -1.00)=======inputDirection============ 
[14:13:23.6536][1652][Info]: (-1.00, 0.00, -1.00)=======inputDirection============ 
[14:13:23.6536][1653][Info]: (-1.00, 0.00, -1.00)=======inputDirection============ 
[14:13:23.6776][1654][Info]: (-1.00, 0.00, -1.00)=======inputDirection============ 
[14:13:23.6911][1655][Info]: (-1.00, 0.00, -1.00)=======inputDirection============ 
[14:13:23.7061][1656][Info]: (-1.00, 0.00, -1.00)=======inputDirection============ 
[14:13:23.7157][1657][Info]: (-1.00, 0.00, -1.00)=======inputDirection============ 
[14:13:23.7157][1658][Info]: (-1.00, 0.00, -1.00)=======inputDirection============ 
[14:13:23.7339][1659][Info]: (-1.00, 0.00, -1.00)=======inputDirection============ 
[14:13:23.7339][1660][Info]: (-1.00, 0.00, -1.00)=======inputDirection============ 
[14:13:23.7529][1661][Info]: (-1.00, 0.00, -1.00)=======inputDirection============ 
[14:13:23.7613][1662][Info]: (-1.00, 0.00, -1.00)=======inputDirection============ 
[14:13:23.7613][1663][Info]: (-1.00, 0.00, -1.00)=======inputDirection============ 
[14:13:23.7800][1664][Info]: (-1.00, 0.00, -1.00)=======inputDirection============ 
[14:13:23.7800][1665][Info]: (-1.00, 0.00, -1.00)=======inputDirection============ 
[14:13:23.8000][1666][Info]: (0.00, 0.00, 0.00)=======inputDirection============ 
[14:13:23.8107][1667][Info]: (0.00, 0.00, 0.00)=======inputDirection============ 
[14:13:23.8107][1668][Info]: (0.00, 0.00, 0.00)=======inputDirection============ 
[14:13:23.8326][1669][Info]: (0.00, 0.00, 0.00)=======inputDirection============ 
[14:13:23.8463][1670][Info]: (0.00, 0.00, 0.00)=======inputDirection============ 
[14:13:23.8553][1671][Info]: (0.00, 0.00, 0.00)=======inputDirection============ 
[14:13:23.8553][1672][Info]: (0.00, 0.00, 0.00)=======inputDirection============ 
[14:13:23.8742][1673][Info]: (0.00, 0.00, 0.00)=======inputDirection============ 
[14:13:23.8742][1674][Info]: (0.00, 0.00, 0.00)=======inputDirection============ 
[14:13:23.8916][1675][Info]: (0.00, 0.00, 0.00)=======inputDirection============ 
[14:13:23.9056][1676][Info]: (0.00, 0.00, 0.00)=======inputDirection============ 
[14:13:23.9056][1677][Info]: (0.00, 0.00, 0.00)=======inputDirection============ 
[14:13:23.9248][1678][Info]: (0.00, 0.00, 0.00)=======inputDirection============ 
[14:13:23.9358][1679][Info]: (0.00, 0.00, 0.00)=======inputDirection============ 
[14:13:23.9358][1680][Info]: (0.00, 0.00, 0.00)=======inputDirection============ 
[14:13:23.9537][1681][Info]: (0.00, 0.00, 0.00)=======inputDirection============ 
[14:13:23.9632][1682][Info]: (0.00, 0.00, 0.00)=======inputDirection============ 
[14:13:23.9632][1683][Info]: (0.00, 0.00, 0.00)=======inputDirection============ 
[14:13:23.9912][1684][Info]: (0.00, 0.00, 0.00)=======inputDirection============ 
[14:13:24.0042][1685][Info]: (0.00, 0.00, 0.00)=======inputDirection============ 
[14:13:24.0140][1686][Info]: (0.00, 0.00, 0.00)=======inputDirection============ 
[14:13:24.0140][1687][Info]: (0.00, 0.00, 0.00)=======inputDirection============ 
[14:13:24.0338][1688][Info]: (0.00, 0.00, 0.00)=======inputDirection============ 
[14:13:24.0433][1689][Info]: (0.00, 0.00, 0.00)=======inputDirection============ 
[14:13:24.0433][1690][Info]: (0.00, 0.00, 1.00)=======inputDirection============ 
[14:13:24.0671][1691][Info]: (0.00, 0.00, 1.00)=======inputDirection============ 
[14:13:24.0776][1692][Info]: (0.00, 0.00, 1.00)=======inputDirection============ 
[14:13:24.0776][1693][Info]: (0.00, 0.00, 1.00)=======inputDirection============ 
[14:13:24.0956][1694][Info]: (0.00, 0.00, 1.00)=======inputDirection============ 
[14:13:24.1101][1695][Info]: (0.00, 0.00, 1.00)=======inputDirection============ 
[14:13:24.1189][1696][Info]: (1.00, 0.00, 1.00)=======inputDirection============ 
[14:13:24.1189][1697][Info]: (1.00, 0.00, 1.00)=======inputDirection============ 
[14:13:24.1421][1698][Info]: (1.00, 0.00, 1.00)=======inputDirection============ 
[14:13:24.1557][1699][Info]: (0.00, 0.00, 1.00)=======inputDirection============ 
[14:13:24.1557][1700][Info]: (0.00, 0.00, 1.00)=======inputDirection============ 
[14:13:24.1745][1701][Info]: (0.00, 0.00, 1.00)=======inputDirection============ 
[14:13:24.1838][1702][Info]: (0.00, 0.00, 1.00)=======inputDirection============ 
[14:13:24.1838][1703][Info]: (0.00, 0.00, 1.00)=======inputDirection============ 
[14:13:24.2082][1704][Info]: (0.00, 0.00, 1.00)=======inputDirection============ 
[14:13:24.2183][1705][Info]: (0.00, 0.00, 1.00)=======inputDirection============ 
[14:13:24.2183][1706][Info]: (0.00, 0.00, 1.00)=======inputDirection============ 
[14:13:24.2373][1707][Info]: (0.00, 0.00, 1.00)=======inputDirection============ 
[14:13:24.2483][1708][Info]: (0.00, 0.00, 1.00)=======inputDirection============ 
[14:13:24.2483][1709][Info]: (0.00, 0.00, 1.00)=======inputDirection============ 
[14:13:24.2673][1710][Info]: (0.00, 0.00, 1.00)=======inputDirection============ 
[14:13:24.2783][1711][Info]: (0.00, 0.00, 0.00)=======inputDirection============ 
[14:13:24.2783][1712][Info]: (0.00, 0.00, 0.00)=======inputDirection============ 
[14:13:24.3038][1713][Info]: (0.00, 0.00, 0.00)=======inputDirection============ 
[14:13:24.3234][1714][Info]: (0.00, 0.00, 0.00)=======inputDirection============ 
[14:13:24.3234][1715][Info]: (0.00, 0.00, 0.00)=======inputDirection============ 
[14:13:24.3450][1716][Info]: (0.00, 0.00, 0.00)=======inputDirection============ 
[14:13:24.3560][1717][Info]: (0.00, 0.00, 0.00)=======inputDirection============ 
[14:13:24.3560][1718][Info]: (0.00, 0.00, 0.00)=======inputDirection============ 
[14:13:24.3802][1719][Info]: (0.00, 0.00, 0.00)=======inputDirection============ 
[14:13:24.3922][1720][Info]: (0.00, 0.00, 0.00)=======inputDirection============ 
[14:13:24.4022][1721][Info]: (0.00, 0.00, 0.00)=======inputDirection============ 
[14:13:24.4022][1722][Info]: (0.00, 0.00, 0.00)=======inputDirection============ 
[14:13:24.4254][1723][Info]: (0.00, 0.00, 0.00)=======inputDirection============ 
[14:13:24.4370][1724][Info]: (0.00, 0.00, 0.00)=======inputDirection============ 
[14:13:24.4479][1725][Info]: (0.00, 0.00, 0.00)=======inputDirection============ 
[14:13:24.4479][1726][Info]: (0.00, 0.00, 0.00)=======inputDirection============ 
[14:13:24.4749][1727][Info]: (0.00, 0.00, 0.00)=======inputDirection============ 
[14:13:24.4846][1728][Info]: (0.00, 0.00, 0.00)=======inputDirection============ 
[14:13:24.4989][1729][Info]: (0.00, 0.00, 0.00)=======inputDirection============ 
[14:13:24.5127][1730][Info]: (0.00, 0.00, 0.00)=======inputDirection============ 
[14:13:24.5281][1731][Info]: (0.00, 0.00, 0.00)=======inputDirection============ 
[14:13:24.5281][1732][Info]: (0.00, 0.00, 0.00)=======inputDirection============ 
[14:13:24.5481][1733][Info]: (0.00, 0.00, 0.00)=======inputDirection============ 
[14:13:24.5579][1734][Info]: (0.00, 0.00, 0.00)=======inputDirection============ 
[14:13:24.5579][1735][Info]: (0.00, 0.00, 0.00)=======inputDirection============ 
[14:13:24.5820][1736][Info]: (0.00, 0.00, 0.00)=======inputDirection============ 
[14:13:24.5935][1737][Info]: (0.00, 0.00, 0.00)=======inputDirection============ 
[14:13:24.6055][1738][Info]: (0.00, 0.00, 0.00)=======inputDirection============ 
[14:13:24.6225][1739][Info]: (0.00, 0.00, 0.00)=======inputDirection============ 
[14:13:24.6403][1740][Info]: (0.00, 0.00, 0.00)=======inputDirection============ 
[14:13:24.6550][1741][Info]: (0.00, 0.00, 0.00)=======inputDirection============ 
[14:13:24.6667][1742][Info]: (0.00, 0.00, 0.00)=======inputDirection============ 
[14:13:24.6667][1743][Info]: (0.00, 0.00, 0.00)=======inputDirection============ 
[14:13:24.6873][1744][Info]: (0.00, 0.00, 0.00)=======inputDirection============ 
[14:13:24.6873][1745][Info]: (0.00, 0.00, 0.00)=======inputDirection============ 
[14:13:24.7067][1746][Info]: (0.00, 0.00, 0.00)=======inputDirection============ 
[14:13:24.7173][1747][Info]: (0.00, 0.00, 0.00)=======inputDirection============ 
[14:13:24.7313][1748][Info]: (0.00, 0.00, 0.00)=======inputDirection============ 
[14:13:24.7313][1749][Info]: (0.00, 0.00, 0.00)=======inputDirection============ 
[14:13:24.7511][1750][Info]: (0.00, 0.00, 0.00)=======inputDirection============ 
[14:13:24.7610][1751][Info]: (0.00, 0.00, 0.00)=======inputDirection============ 
[14:13:24.7750][1752][Info]: (0.00, 0.00, 0.00)=======inputDirection============ 
[14:13:24.7750][1753][Info]: (0.00, 0.00, 0.00)=======inputDirection============ 
[14:13:24.7970][1754][Info]: (0.00, 0.00, 0.00)=======inputDirection============ 
[14:13:24.8076][1755][Info]: (0.00, 0.00, 0.00)=======inputDirection============ 
[14:13:24.8076][1756][Info]: (0.00, 0.00, 0.00)=======inputDirection============ 
[14:13:24.8278][1757][Info]: (0.00, 0.00, 0.00)=======inputDirection============ 
[14:13:24.8378][1758][Info]: (0.00, 0.00, 0.00)=======inputDirection============ 
[14:13:24.8378][1759][Info]: (0.00, 0.00, 0.00)=======inputDirection============ 
[14:13:24.8564][1760][Info]: (0.00, 0.00, 0.00)=======inputDirection============ 
[14:13:24.8564][1761][Info]: (0.00, 0.00, 0.00)=======inputDirection============ 
[14:13:24.8760][1762][Info]: (0.00, 0.00, 0.00)=======inputDirection============ 
[14:13:24.8870][1763][Info]: (0.00, 0.00, 0.00)=======inputDirection============ 
[14:13:24.8870][1764][Info]: (0.00, 0.00, 0.00)=======inputDirection============ 
[14:13:24.9080][1765][Info]: (0.00, 0.00, 0.00)=======inputDirection============ 
[14:13:24.9200][1766][Info]: (0.00, 0.00, 0.00)=======inputDirection============ 
[14:13:24.9413][1767][Info]: (0.00, 0.00, 0.00)=======inputDirection============ 
[14:13:24.9571][1768][Info]: (0.00, 0.00, 0.00)=======inputDirection============ 
[14:13:24.9686][1769][Info]: (0.00, 0.00, 0.00)=======inputDirection============ 
[14:13:24.9800][1770][Info]: (0.00, 0.00, 0.00)=======inputDirection============ 
[14:13:24.9800][1771][Info]: (0.00, 0.00, 0.00)=======inputDirection============ 
[14:13:25.0033][1772][Info]: (0.00, 0.00, 0.00)=======inputDirection============ 
[14:13:25.0148][1773][Info]: (0.00, 0.00, 0.00)=======inputDirection============ 
[14:13:25.0148][1774][Info]: (0.00, 0.00, 0.00)=======inputDirection============ 
[14:13:25.0350][1775][Info]: (0.00, 0.00, 0.00)=======inputDirection============ 
[14:13:25.0457][1776][Info]: (0.00, 0.00, 0.00)=======inputDirection============ 
[14:13:25.0577][1777][Info]: (0.00, 0.00, 0.00)=======inputDirection============ 
[14:13:25.0577][1778][Info]: (0.00, 0.00, 0.00)=======inputDirection============ 
[14:13:25.0872][1779][Info]: (0.00, 0.00, 0.00)=======inputDirection============ 
[14:13:25.1022][1780][Info]: (0.00, 0.00, 0.00)=======inputDirection============ 
[14:13:25.1144][1781][Info]: (0.00, 0.00, 0.00)=======inputDirection============ 
[14:13:25.1229][1782][Info]: (0.00, 0.00, 0.00)=======inputDirection============ 
[14:13:25.1367][1783][Info]: (0.00, 0.00, 0.00)=======inputDirection============ 
[14:13:25.1367][1784][Info]: (0.00, 0.00, 0.00)=======inputDirection============ 
[14:13:25.1574][1785][Info]: (0.00, 0.00, 0.00)=======inputDirection============ 
[14:13:25.1710][1786][Info]: (0.00, 0.00, 0.00)=======inputDirection============ 
[14:13:25.1821][1787][Info]: (0.00, 0.00, 0.00)=======inputDirection============ 
[14:13:25.1821][1788][Info]: (0.00, 0.00, 0.00)=======inputDirection============ 
[14:13:25.2040][1789][Info]: (0.00, 0.00, 0.00)=======inputDirection============ 
[14:13:25.2143][1790][Info]: (0.00, 0.00, 0.00)=======inputDirection============ 
[14:13:25.2143][1791][Info]: (0.00, 0.00, 0.00)=======inputDirection============ 
[14:13:25.2412][1792][Info]: (0.00, 0.00, 0.00)=======inputDirection============ 
[14:13:25.2569][1793][Info]: (0.00, 0.00, 0.00)=======inputDirection============ 
[14:13:25.2674][1794][Info]: (0.00, 0.00, 0.00)=======inputDirection============ 
[14:13:25.2810][1795][Info]: (0.00, 0.00, 0.00)=======inputDirection============ 
[14:13:25.2940][1796][Info]: (0.00, 0.00, 0.00)=======inputDirection============ 
[14:13:25.2940][1797][Info]: (0.00, 0.00, 0.00)=======inputDirection============ 
[14:13:25.3162][1798][Info]: (0.00, 0.00, 0.00)=======inputDirection============ 
[14:13:25.3248][1799][Info]: (0.00, 0.00, 0.00)=======inputDirection============ 
[14:13:25.3397][1800][Info]: (0.00, 0.00, 0.00)=======inputDirection============ 
[14:13:25.3397][1801][Info]: (0.00, 0.00, 0.00)=======inputDirection============ 
[14:13:25.3583][1802][Info]: (0.00, 0.00, 0.00)=======inputDirection============ 
[14:13:25.3583][1803][Info]: (0.00, 0.00, 0.00)=======inputDirection============ 
[14:13:25.3800][1804][Info]: (0.00, 0.00, 0.00)=======inputDirection============ 
[14:13:25.3920][1805][Info]: (0.00, 0.00, 0.00)=======inputDirection============ 
[14:13:25.4045][1806][Info]: (0.00, 0.00, 0.00)=======inputDirection============ 
[14:13:25.4045][1807][Info]: (0.00, 0.00, 0.00)=======inputDirection============ 
[14:13:25.4231][1808][Info]: (0.00, 0.00, 0.00)=======inputDirection============ 
[14:13:25.4404][1809][Info]: (0.00, 0.00, 0.00)=======inputDirection============ 
[14:13:25.4568][1810][Info]: (0.00, 0.00, 0.00)=======inputDirection============ 
[14:13:25.4709][1811][Info]: (0.00, 0.00, 0.00)=======inputDirection============ 
[14:13:25.4827][1812][Info]: (0.00, 0.00, 0.00)=======inputDirection============ 
[14:13:25.5081][1813][Info]: (0.00, 0.00, 0.00)=======inputDirection============ 
[14:13:25.5226][1814][Info]: (0.00, 0.00, 0.00)=======inputDirection============ 
