[15:02:08.1149][1][Info]: enter Launch procedure 
[15:02:08.2179][1][Info]: ===>加载配置 
[15:02:09.8366][1][Info]: ===>开始解析BuffConfig 
[15:02:09.8456][1][Info]: <===解析BuffConfig完毕 
[15:02:09.8456][1][Info]: ===>开始解析SkillConfig 
[15:02:09.8676][1][Info]: <===解析SkillConfig完毕 
[15:02:09.8795][1][Info]: <===配置加载完毕 
[15:02:09.9855][2][Info]: enter Init Procedure 
[15:02:09.9995][2][Warn]: Not found awake system:<PlayerComponent> 
[15:02:13.5641][298][Info]: 登录 
[15:02:13.5731][298][Info]: 1001 
[15:02:13.5731][298][Info]: 大厅阶段 
[15:02:13.6461][299][Info]: Scene Add Entity, Current Count:1 
[15:02:18.7963][817][Info]: Scene Remove Entity, Current Count:0 
[15:02:18.7963][817][Info]: Scene Add Entity, Current Count:1 
[15:02:19.9939][925][Info]: 2=====transform.position======== 
[15:02:19.9939][926][Info]: 4=====transform.position======== 
[15:02:20.0289][928][Info]: 5=====transform.position======== 
[15:02:20.0459][930][Info]: 5=====transform.position======== 
[15:02:20.0659][932][Info]: 5=====transform.position======== 
[15:02:20.0859][934][Info]: 5=====transform.position======== 
[15:02:20.1069][936][Info]: 5=====transform.position======== 
[15:02:20.1249][937][Info]: 5=====transform.position======== 
[15:02:20.1459][939][Info]: 5=====transform.position======== 
[15:02:20.1689][941][Info]: 5=====transform.position======== 
[15:02:20.1844][942][Info]: 5=====transform.position======== 
[15:02:20.2034][944][Info]: 5=====transform.position======== 
[15:02:20.2214][946][Info]: 5=====transform.position======== 
[15:02:20.2494][949][Info]: 3=====transform.position======== 
[15:02:20.2684][951][Info]: 1=====transform.position======== 
[15:02:20.2874][953][Info]: 0=====transform.position======== 
[15:02:20.9045][1031][Info]: 2=====transform.position======== 
[15:02:20.9205][1033][Info]: 4=====transform.position======== 
[15:02:20.9425][1035][Info]: 5=====transform.position======== 
[15:02:20.9665][1037][Info]: 5=====transform.position======== 
[15:02:20.9825][1039][Info]: 5=====transform.position======== 
[15:02:21.0045][1042][Info]: 5=====transform.position======== 
[15:02:21.0365][1044][Info]: 3=====transform.position======== 
[15:02:21.0504][1045][Info]: 1=====transform.position======== 
[15:02:21.0634][1046][Info]: 0=====transform.position======== 
[15:02:22.2241][1196][Info]: 2=====transform.position======== 
[15:02:22.2471][1199][Info]: 4=====transform.position======== 
[15:02:22.2641][1201][Info]: 5=====transform.position======== 
[15:02:22.2860][1204][Info]: 5=====transform.position======== 
[15:02:22.3021][1206][Info]: 5=====transform.position======== 
[15:02:22.3260][1209][Info]: 5=====transform.position======== 
[15:02:22.3500][1211][Info]: 5=====transform.position======== 
[15:02:22.3710][1213][Info]: 5=====transform.position======== 
[15:02:22.3870][1215][Info]: 5=====transform.position======== 
[15:02:22.4030][1217][Info]: 5=====transform.position======== 
[15:02:22.4260][1220][Info]: 5=====transform.position======== 
[15:02:22.4420][1222][Info]: 5=====transform.position======== 
[15:02:22.4650][1225][Info]: 5=====transform.position======== 
[15:02:22.4830][1227][Info]: 5=====transform.position======== 
[15:02:22.5100][1229][Info]: 5=====transform.position======== 
[15:02:22.5270][1231][Info]: 3=====transform.position======== 
[15:02:22.5440][1233][Info]: 1=====transform.position======== 
[15:02:22.5700][1236][Info]: 0=====transform.position======== 
[15:02:24.4470][1495][Info]: 2=====transform.position======== 
[15:02:24.4630][1497][Info]: 4=====transform.position======== 
[15:02:24.4870][1500][Info]: 5=====transform.position======== 
[15:02:24.5110][1502][Info]: 5=====transform.position======== 
[15:02:24.5260][1504][Info]: 5=====transform.position======== 
[15:02:24.5420][1506][Info]: 5=====transform.position======== 
[15:02:24.5649][1509][Info]: 5=====transform.position======== 
[15:02:24.5809][1511][Info]: 5=====transform.position======== 
[15:02:24.6089][1514][Info]: 5=====transform.position======== 
[15:02:24.6239][1516][Info]: 5=====transform.position======== 
[15:02:24.6409][1518][Info]: 5=====transform.position======== 
[15:02:24.6648][1520][Info]: 5=====transform.position======== 
[15:02:24.6808][1522][Info]: 5=====transform.position======== 
[15:02:24.7056][1525][Info]: 5=====transform.position======== 
[15:02:24.7216][1527][Info]: 3=====transform.position======== 
[15:02:24.7436][1530][Info]: 1=====transform.position======== 
[15:02:24.7681][1533][Info]: 0=====transform.position======== 
[15:02:25.7015][1656][Info]: 2=====transform.position======== 
[15:02:25.7265][1659][Info]: 4=====transform.position======== 
[15:02:25.7425][1661][Info]: 5=====transform.position======== 
[15:02:25.7656][1664][Info]: 5=====transform.position======== 
[15:02:25.7825][1666][Info]: 5=====transform.position======== 
[15:02:25.8065][1669][Info]: 5=====transform.position======== 
[15:02:25.8265][1671][Info]: 5=====transform.position======== 
[15:02:25.8425][1673][Info]: 5=====transform.position======== 
[15:02:25.8696][1676][Info]: 5=====transform.position======== 
[15:02:25.8696][1677][Info]: 5=====transform.position======== 
[15:02:25.9056][1680][Info]: 5=====transform.position======== 
[15:02:25.9216][1682][Info]: 5=====transform.position======== 
[15:02:25.9466][1685][Info]: 3=====transform.position======== 
[15:02:25.9626][1687][Info]: 1=====transform.position======== 
[15:02:25.9856][1690][Info]: 0=====transform.position======== 
[15:02:26.7824][1798][Info]: 2=====transform.position======== 
[15:02:26.8044][1801][Info]: 4=====transform.position======== 
[15:02:26.8204][1803][Info]: 5=====transform.position======== 
[15:02:26.8414][1805][Info]: 5=====transform.position======== 
[15:02:26.8637][1808][Info]: 5=====transform.position======== 
[15:02:26.8857][1811][Info]: 5=====transform.position======== 
[15:02:26.9027][1813][Info]: 5=====transform.position======== 
[15:02:26.9247][1816][Info]: 5=====transform.position======== 
[15:02:26.9446][1818][Info]: 5=====transform.position======== 
[15:02:26.9646][1820][Info]: 5=====transform.position======== 
[15:02:26.9807][1822][Info]: 5=====transform.position======== 
[15:02:27.0036][1825][Info]: 5=====transform.position======== 
[15:02:27.0206][1827][Info]: 5=====transform.position======== 
[15:02:27.0476][1830][Info]: 5=====transform.position======== 
[15:02:27.0645][1832][Info]: 5=====transform.position======== 
[15:02:27.0875][1835][Info]: 5=====transform.position======== 
[15:02:27.1105][1837][Info]: 5=====transform.position======== 
[15:02:27.1265][1839][Info]: 5=====transform.position======== 
[15:02:27.1415][1841][Info]: 5=====transform.position======== 
[15:02:27.1655][1844][Info]: 5=====transform.position======== 
[15:02:27.1805][1846][Info]: 5=====transform.position======== 
[15:02:27.2035][1849][Info]: 5=====transform.position======== 
[15:02:27.2205][1851][Info]: 3=====transform.position======== 
[15:02:27.2515][1854][Info]: 1=====transform.position======== 
[15:02:27.2645][1855][Info]: 0=====transform.position======== 
[15:02:29.5880][2176][Info]: 2=====transform.position======== 
[15:02:29.6040][2178][Info]: 4=====transform.position======== 
[15:02:29.6270][2181][Info]: 5=====transform.position======== 
[15:02:29.6440][2183][Info]: 5=====transform.position======== 
[15:02:29.6659][2186][Info]: 5=====transform.position======== 
[15:02:29.6819][2188][Info]: 5=====transform.position======== 
[15:02:29.7079][2190][Info]: 5=====transform.position======== 
[15:02:29.7219][2191][Info]: 3=====transform.position======== 
[15:02:29.7449][2194][Info]: 1=====transform.position======== 
[15:02:29.7619][2196][Info]: 0=====transform.position======== 
[15:02:32.8241][2614][Info]: 2=====transform.position======== 
[15:02:32.8481][2617][Info]: 4=====transform.position======== 
[15:02:32.8641][2619][Info]: 5=====transform.position======== 
[15:02:32.8811][2621][Info]: 5=====transform.position======== 
[15:02:32.9031][2624][Info]: 5=====transform.position======== 
[15:02:32.9241][2626][Info]: 5=====transform.position======== 
[15:02:32.9471][2628][Info]: 5=====transform.position======== 
[15:02:32.9631][2630][Info]: 5=====transform.position======== 
[15:02:32.9861][2633][Info]: 5=====transform.position======== 
[15:02:33.0031][2635][Info]: 5=====transform.position======== 
[15:02:33.0271][2638][Info]: 5=====transform.position======== 
[15:02:33.0431][2640][Info]: 5=====transform.position======== 
[15:02:33.0661][2643][Info]: 5=====transform.position======== 
[15:02:33.0900][2645][Info]: 5=====transform.position======== 
[15:02:33.1060][2647][Info]: 5=====transform.position======== 
[15:02:33.1210][2649][Info]: 5=====transform.position======== 
[15:02:33.1480][2652][Info]: 5=====transform.position======== 
[15:02:33.1640][2654][Info]: 5=====transform.position======== 
[15:02:33.1880][2657][Info]: 5=====transform.position======== 
[15:02:33.2030][2659][Info]: 5=====transform.position======== 
[15:02:33.2310][2662][Info]: 5=====transform.position======== 
[15:02:33.2440][2663][Info]: 5=====transform.position======== 
[15:02:33.2610][2665][Info]: 5=====transform.position======== 
[15:02:33.2840][2668][Info]: 5=====transform.position======== 
[15:02:33.3070][2671][Info]: 5=====transform.position======== 
[15:02:33.3230][2673][Info]: 5=====transform.position======== 
[15:02:33.3520][2676][Info]: 5=====transform.position======== 
[15:02:33.3610][2677][Info]: 5=====transform.position======== 
[15:02:33.3899][2680][Info]: 5=====transform.position======== 
[15:02:33.4019][2681][Info]: 5=====transform.position======== 
[15:02:33.4269][2684][Info]: 5=====transform.position======== 
[15:02:33.4449][2686][Info]: 5=====transform.position======== 
[15:02:33.4609][2688][Info]: 5=====transform.position======== 
[15:02:33.4869][2691][Info]: 5=====transform.position======== 
[15:02:33.5039][2693][Info]: 5=====transform.position======== 
[15:02:33.5269][2696][Info]: 5=====transform.position======== 
[15:02:33.5499][2698][Info]: 5=====transform.position======== 
[15:02:33.5679][2699][Info]: 5=====transform.position======== 
[15:02:33.5849][2701][Info]: 5=====transform.position======== 
[15:02:33.6019][2703][Info]: 5=====transform.position======== 
[15:02:33.6249][2706][Info]: 5=====transform.position======== 
[15:02:33.6419][2708][Info]: 5=====transform.position======== 
[15:02:33.6639][2711][Info]: 5=====transform.position======== 
[15:02:33.6819][2713][Info]: 5=====transform.position======== 
[15:02:33.7039][2715][Info]: 5=====transform.position======== 
[15:02:33.7239][2717][Info]: 5=====transform.position======== 
[15:02:33.7429][2719][Info]: 3=====transform.position======== 
[15:02:33.7629][2721][Info]: 1=====transform.position======== 
[15:02:33.7859][2724][Info]: 0=====transform.position======== 
[15:02:34.6262][2839][Info]: 2=====transform.position======== 
[15:02:34.6422][2841][Info]: 4=====transform.position======== 
[15:02:34.6652][2844][Info]: 5=====transform.position======== 
[15:02:34.6812][2846][Info]: 5=====transform.position======== 
[15:02:34.7032][2849][Info]: 5=====transform.position======== 
[15:02:34.7272][2852][Info]: 5=====transform.position======== 
[15:02:34.7432][2854][Info]: 5=====transform.position======== 
[15:02:34.7672][2857][Info]: 5=====transform.position======== 
[15:02:34.7841][2858][Info]: 5=====transform.position======== 
[15:02:34.8041][2860][Info]: 5=====transform.position======== 
[15:02:34.8271][2863][Info]: 5=====transform.position======== 
[15:02:34.8441][2865][Info]: 5=====transform.position======== 
[15:02:34.8601][2867][Info]: 5=====transform.position======== 
[15:02:34.8831][2870][Info]: 5=====transform.position======== 
[15:02:34.9061][2873][Info]: 5=====transform.position======== 
[15:02:34.9221][2875][Info]: 5=====transform.position======== 
[15:02:34.9471][2877][Info]: 3=====transform.position======== 
[15:02:34.9631][2879][Info]: 1=====transform.position======== 
[15:02:34.9831][2881][Info]: 0=====transform.position======== 
