[17:05:56.0003][1][Info]: enter Launch procedure 
[17:05:56.3040][1][Info]: ===>加载配置 
[17:05:58.0662][1][Info]: ===>开始解析BuffConfig 
[17:05:58.0742][1][Info]: <===解析BuffConfig完毕 
[17:05:58.0742][1][Info]: ===>开始解析SkillConfig 
[17:05:58.1341][1][Info]: <===解析SkillConfig完毕 
[17:05:58.1531][1][Info]: <===配置加载完毕 
[17:05:58.2501][2][Info]: enter Init Procedure 
[17:05:58.2751][2][Warn]: Not found awake system:<PlayerComponent> 
[17:07:02.4479][4052][Info]: 登录 
[17:07:02.4479][4052][Info]: 1001 
[17:07:02.4659][4052][Info]: 大厅阶段 
[17:07:02.5560][4053][Info]: Scene Add Entity, Current Count:1 
[17:07:05.9681][4139][Info]: Scene Remove Entity, Current Count:0 
[17:07:05.9681][4139][Info]: Scene Add Entity, Current Count:1 
[17:07:14.2013][4443][Info]: 2=====transform.position======== 
[17:07:14.2362][4444][Info]: 4=====transform.position======== 
[17:07:14.2362][4444][Info]: 5=====transform.position======== 
[17:07:14.2692][4445][Info]: 5=====transform.position======== 
[17:07:14.2692][4445][Info]: 5=====transform.position======== 
[17:07:14.2992][4446][Info]: 5=====transform.position======== 
[17:07:14.3252][4447][Info]: 5=====transform.position======== 
[17:07:14.3492][4448][Info]: 5=====transform.position======== 
[17:07:14.3492][4448][Info]: 5=====transform.position======== 
[17:07:14.3782][4449][Info]: 5=====transform.position======== 
[17:07:14.4102][4450][Info]: 5=====transform.position======== 
[17:07:14.4102][4450][Info]: 5=====transform.position======== 
[17:07:14.4432][4451][Info]: 5=====transform.position======== 
[17:07:14.4722][4452][Info]: 5=====transform.position======== 
[17:07:14.4722][4452][Info]: 5=====transform.position======== 
[17:07:14.5002][4453][Info]: 5=====transform.position======== 
[17:07:14.5232][4454][Info]: 5=====transform.position======== 
[17:07:14.5462][4455][Info]: 5=====transform.position======== 
[17:07:14.5751][4456][Info]: 5=====transform.position======== 
[17:07:14.5751][4456][Info]: 5=====transform.position======== 
[17:07:14.6081][4457][Info]: 5=====transform.position======== 
[17:07:14.6367][4458][Info]: 5=====transform.position======== 
[17:07:14.6367][4458][Info]: 5=====transform.position======== 
[17:07:14.6657][4459][Info]: 5=====transform.position======== 
[17:07:14.6957][4460][Info]: 5=====transform.position======== 
[17:07:14.6984][4460][Info]: 5=====transform.position======== 
[17:07:14.7294][4461][Info]: 5=====transform.position======== 
[17:07:14.7294][4461][Info]: 5=====transform.position======== 
[17:07:14.7624][4462][Info]: 5=====transform.position======== 
[17:07:14.7904][4463][Info]: 5=====transform.position======== 
[17:07:14.7924][4463][Info]: 5=====transform.position======== 
[17:07:14.8222][4464][Info]: 5=====transform.position======== 
[17:07:14.8482][4465][Info]: 5=====transform.position======== 
[17:07:14.8482][4465][Info]: 5=====transform.position======== 
[17:07:14.8742][4466][Info]: 5=====transform.position======== 
[17:07:14.9002][4467][Info]: 5=====transform.position======== 
[17:07:14.9322][4468][Info]: 5=====transform.position======== 
[17:07:14.9322][4468][Info]: 5=====transform.position======== 
[17:07:14.9622][4469][Info]: 5=====transform.position======== 
[17:07:14.9892][4470][Info]: 5=====transform.position======== 
[17:07:14.9892][4470][Info]: 5=====transform.position======== 
[17:07:15.0157][4471][Info]: 5=====transform.position======== 
[17:07:15.0437][4472][Info]: 5=====transform.position======== 
[17:07:15.0716][4473][Info]: 5=====transform.position======== 
[17:07:15.0736][4473][Info]: 5=====transform.position======== 
[17:07:15.1036][4474][Info]: 5=====transform.position======== 
[17:07:15.1348][4475][Info]: 5=====transform.position======== 
[17:07:15.1348][4475][Info]: 5=====transform.position======== 
[17:07:15.1638][4476][Info]: 5=====transform.position======== 
[17:07:15.1878][4477][Info]: 5=====transform.position======== 
[17:07:15.2108][4478][Info]: 5=====transform.position======== 
[17:07:15.2138][4478][Info]: 5=====transform.position======== 
[17:07:15.2418][4479][Info]: 5=====transform.position======== 
[17:07:15.2748][4480][Info]: 5=====transform.position======== 
[17:07:15.2767][4480][Info]: 5=====transform.position======== 
[17:07:15.3085][4481][Info]: 5=====transform.position======== 
[17:07:15.3085][4481][Info]: 5=====transform.position======== 
[17:07:15.3385][4482][Info]: 5=====transform.position======== 
[17:07:15.3635][4483][Info]: 5=====transform.position======== 
[17:07:15.3905][4484][Info]: 5=====transform.position======== 
[17:07:15.3905][4484][Info]: 5=====transform.position======== 
[17:07:15.4181][4485][Info]: 5=====transform.position======== 
[17:07:15.4467][4486][Info]: 5=====transform.position======== 
[17:07:15.4827][4487][Info]: 3=====transform.position======== 
[17:07:15.4827][4487][Info]: 1=====transform.position======== 
[17:07:15.5112][4488][Info]: 0=====transform.position======== 
[17:07:17.8193][4636][Info]: 2=====transform.position======== 
[17:07:17.8323][4637][Info]: 4=====transform.position======== 
[17:07:17.8553][4639][Info]: 5=====transform.position======== 
[17:07:17.8793][4641][Info]: 5=====transform.position======== 
[17:07:17.8962][4642][Info]: 5=====transform.position======== 
[17:07:17.9092][4643][Info]: 5=====transform.position======== 
[17:07:17.9312][4645][Info]: 5=====transform.position======== 
[17:07:17.9572][4647][Info]: 5=====transform.position======== 
[17:07:17.9702][4648][Info]: 5=====transform.position======== 
[17:07:18.0031][4650][Info]: 5=====transform.position======== 
[17:07:18.0202][4651][Info]: 5=====transform.position======== 
[17:07:18.0311][4652][Info]: 5=====transform.position======== 
[17:07:18.0561][4654][Info]: 5=====transform.position======== 
[17:07:18.0561][4655][Info]: 5=====transform.position======== 
[17:07:18.0931][4657][Info]: 5=====transform.position======== 
[17:07:18.1167][4659][Info]: 5=====transform.position======== 
[17:07:18.1303][4660][Info]: 5=====transform.position======== 
[17:07:18.1593][4662][Info]: 5=====transform.position======== 
[17:07:18.1793][4663][Info]: 5=====transform.position======== 
[17:07:18.1903][4664][Info]: 5=====transform.position======== 
[17:07:18.2133][4666][Info]: 5=====transform.position======== 
[17:07:18.2293][4667][Info]: 5=====transform.position======== 
[17:07:18.2583][4669][Info]: 5=====transform.position======== 
[17:07:18.2703][4670][Info]: 5=====transform.position======== 
[17:07:18.2943][4672][Info]: 5=====transform.position======== 
[17:07:18.3123][4673][Info]: 5=====transform.position======== 
[17:07:18.3303][4674][Info]: 5=====transform.position======== 
[17:07:18.3523][4676][Info]: 5=====transform.position======== 
[17:07:18.3773][4678][Info]: 5=====transform.position======== 
[17:07:18.3943][4679][Info]: 5=====transform.position======== 
[17:07:18.4182][4681][Info]: 5=====transform.position======== 
[17:07:18.4182][4682][Info]: 5=====transform.position======== 
[17:07:18.4542][4684][Info]: 5=====transform.position======== 
[17:07:18.4742][4685][Info]: 5=====transform.position======== 
[17:07:18.4932][4686][Info]: 5=====transform.position======== 
[17:07:18.5172][4688][Info]: 5=====transform.position======== 
[17:07:18.5302][4689][Info]: 5=====transform.position======== 
[17:07:18.5552][4691][Info]: 5=====transform.position======== 
[17:07:18.5692][4692][Info]: 5=====transform.position======== 
[17:07:18.5972][4694][Info]: 5=====transform.position======== 
[17:07:18.6122][4695][Info]: 5=====transform.position======== 
[17:07:18.6292][4696][Info]: 5=====transform.position======== 
[17:07:18.6502][4697][Info]: 5=====transform.position======== 
[17:07:18.6762][4699][Info]: 5=====transform.position======== 
[17:07:18.6932][4700][Info]: 3=====transform.position======== 
[17:07:18.7172][4702][Info]: 1=====transform.position======== 
[17:07:18.7302][4703][Info]: 0=====transform.position======== 
[17:07:19.4004][4761][Info]: 2=====transform.position======== 
[17:07:19.4004][4762][Info]: 4=====transform.position======== 
[17:07:19.4338][4764][Info]: 5=====transform.position======== 
[17:07:19.4558][4766][Info]: 5=====transform.position======== 
[17:07:19.4818][4768][Info]: 5=====transform.position======== 
[17:07:19.4948][4769][Info]: 5=====transform.position======== 
[17:07:19.5178][4771][Info]: 5=====transform.position======== 
[17:07:19.5298][4772][Info]: 5=====transform.position======== 
[17:07:19.5588][4774][Info]: 5=====transform.position======== 
[17:07:19.5768][4775][Info]: 5=====transform.position======== 
[17:07:19.5888][4776][Info]: 5=====transform.position======== 
[17:07:19.6148][4778][Info]: 5=====transform.position======== 
[17:07:19.6377][4780][Info]: 5=====transform.position======== 
[17:07:19.6517][4781][Info]: 5=====transform.position======== 
[17:07:19.6757][4783][Info]: 5=====transform.position======== 
[17:07:19.6976][4785][Info]: 5=====transform.position======== 
[17:07:19.7147][4786][Info]: 5=====transform.position======== 
[17:07:19.7332][4787][Info]: 5=====transform.position======== 
[17:07:19.7551][4789][Info]: 5=====transform.position======== 
[17:07:19.7771][4791][Info]: 5=====transform.position======== 
[17:07:19.7771][4792][Info]: 5=====transform.position======== 
[17:07:19.8199][4794][Info]: 5=====transform.position======== 
[17:07:19.8319][4795][Info]: 5=====transform.position======== 
[17:07:19.8539][4797][Info]: 5=====transform.position======== 
[17:07:19.8719][4798][Info]: 5=====transform.position======== 
[17:07:19.8919][4799][Info]: 5=====transform.position======== 
[17:07:19.9168][4801][Info]: 5=====transform.position======== 
[17:07:19.9168][4802][Info]: 5=====transform.position======== 
[17:07:19.9642][4804][Info]: 5=====transform.position======== 
[17:07:19.9832][4805][Info]: 5=====transform.position======== 
[17:07:20.0112][4806][Info]: 5=====transform.position======== 
[17:07:20.0112][4806][Info]: 5=====transform.position======== 
[17:07:20.0443][4808][Info]: 5=====transform.position======== 
[17:07:20.0644][4809][Info]: 5=====transform.position======== 
[17:07:20.0763][4810][Info]: 5=====transform.position======== 
[17:07:20.0999][4812][Info]: 5=====transform.position======== 
[17:07:20.1119][4813][Info]: 5=====transform.position======== 
[17:07:20.1390][4815][Info]: 5=====transform.position======== 
[17:07:20.1530][4816][Info]: 5=====transform.position======== 
[17:07:20.1790][4818][Info]: 5=====transform.position======== 
[17:07:20.1960][4819][Info]: 5=====transform.position======== 
[17:07:20.2120][4820][Info]: 5=====transform.position======== 
[17:07:20.2290][4821][Info]: 5=====transform.position======== 
[17:07:20.2563][4823][Info]: 5=====transform.position======== 
[17:07:20.2692][4824][Info]: 5=====transform.position======== 
[17:07:20.2932][4826][Info]: 5=====transform.position======== 
[17:07:20.3198][4828][Info]: 5=====transform.position======== 
[17:07:20.3334][4829][Info]: 5=====transform.position======== 
[17:07:20.3514][4830][Info]: 5=====transform.position======== 
[17:07:20.3764][4832][Info]: 5=====transform.position======== 
[17:07:20.3903][4833][Info]: 5=====transform.position======== 
[17:07:20.4148][4835][Info]: 5=====transform.position======== 
[17:07:20.4378][4837][Info]: 5=====transform.position======== 
[17:07:20.4538][4838][Info]: 5=====transform.position======== 
[17:07:20.4698][4839][Info]: 5=====transform.position======== 
[17:07:20.5014][4841][Info]: 5=====transform.position======== 
[17:07:20.5164][4842][Info]: 5=====transform.position======== 
[17:07:20.5307][4843][Info]: 5=====transform.position======== 
[17:07:20.5557][4845][Info]: 5=====transform.position======== 
[17:07:20.5697][4846][Info]: 5=====transform.position======== 
[17:07:20.5927][4848][Info]: 5=====transform.position======== 
[17:07:20.6178][4850][Info]: 5=====transform.position======== 
[17:07:20.6285][4851][Info]: 5=====transform.position======== 
[17:07:20.6625][4853][Info]: 5=====transform.position======== 
[17:07:20.6785][4854][Info]: 5=====transform.position======== 
[17:07:20.6925][4855][Info]: 5=====transform.position======== 
[17:07:20.7175][4857][Info]: 5=====transform.position======== 
[17:07:20.7307][4858][Info]: 5=====transform.position======== 
[17:07:20.7567][4860][Info]: 5=====transform.position======== 
[17:07:20.7797][4862][Info]: 5=====transform.position======== 
[17:07:20.7937][4863][Info]: 5=====transform.position======== 
[17:07:20.8123][4864][Info]: 5=====transform.position======== 
[17:07:20.8293][4865][Info]: 5=====transform.position======== 
[17:07:20.8509][4867][Info]: 5=====transform.position======== 
[17:07:20.8779][4869][Info]: 5=====transform.position======== 
[17:07:20.8909][4870][Info]: 5=====transform.position======== 
[17:07:20.9179][4872][Info]: 3=====transform.position======== 
[17:07:20.9179][4873][Info]: 1=====transform.position======== 
[17:07:20.9529][4875][Info]: 0=====transform.position======== 
[17:07:24.2833][5090][Info]: 2=====transform.position======== 
[17:07:24.2963][5091][Info]: 4=====transform.position======== 
[17:07:24.3243][5093][Info]: 5=====transform.position======== 
[17:07:24.3243][5094][Info]: 5=====transform.position======== 
[17:07:24.3713][5095][Info]: 5=====transform.position======== 
[17:07:24.3893][5096][Info]: 5=====transform.position======== 
[17:07:24.4043][5097][Info]: 5=====transform.position======== 
[17:07:24.4163][5098][Info]: 5=====transform.position======== 
[17:07:24.4392][5100][Info]: 5=====transform.position======== 
[17:07:24.4632][5102][Info]: 5=====transform.position======== 
[17:07:24.4782][5103][Info]: 5=====transform.position======== 
[17:07:24.5302][5105][Info]: 5=====transform.position======== 
[17:07:24.5302][5105][Info]: 5=====transform.position======== 
[17:07:24.5492][5106][Info]: 3=====transform.position======== 
[17:07:24.5622][5107][Info]: 1=====transform.position======== 
[17:07:24.5852][5109][Info]: 0=====transform.position======== 
[17:07:25.1051][5149][Info]: 2=====transform.position======== 
[17:07:25.1051][5150][Info]: 4=====transform.position======== 
[17:07:25.1500][5151][Info]: 5=====transform.position======== 
[17:07:25.1500][5152][Info]: 5=====transform.position======== 
[17:07:25.1880][5154][Info]: 5=====transform.position======== 
[17:07:25.2017][5155][Info]: 5=====transform.position======== 
[17:07:25.2167][5156][Info]: 5=====transform.position======== 
[17:07:25.2452][5158][Info]: 5=====transform.position======== 
[17:07:25.2452][5159][Info]: 5=====transform.position======== 
[17:07:25.3052][5161][Info]: 5=====transform.position======== 
[17:07:25.3072][5161][Info]: 5=====transform.position======== 
[17:07:25.3292][5162][Info]: 5=====transform.position======== 
[17:07:25.3412][5163][Info]: 5=====transform.position======== 
[17:07:25.3632][5165][Info]: 5=====transform.position======== 
[17:07:25.3882][5167][Info]: 5=====transform.position======== 
[17:07:25.4032][5168][Info]: 5=====transform.position======== 
[17:07:25.4172][5169][Info]: 5=====transform.position======== 
[17:07:25.4602][5171][Info]: 5=====transform.position======== 
[17:07:25.4602][5171][Info]: 5=====transform.position======== 
[17:07:25.4811][5172][Info]: 5=====transform.position======== 
[17:07:25.5031][5174][Info]: 5=====transform.position======== 
[17:07:25.5301][5176][Info]: 5=====transform.position======== 
[17:07:25.5421][5177][Info]: 5=====transform.position======== 
[17:07:25.5681][5179][Info]: 5=====transform.position======== 
[17:07:25.5841][5180][Info]: 5=====transform.position======== 
[17:07:25.6184][5181][Info]: 5=====transform.position======== 
[17:07:25.6204][5181][Info]: 5=====transform.position======== 
[17:07:25.6384][5182][Info]: 5=====transform.position======== 
[17:07:25.6644][5184][Info]: 3=====transform.position======== 
[17:07:25.6764][5185][Info]: 1=====transform.position======== 
[17:07:25.6994][5187][Info]: 0=====transform.position======== 
[17:07:26.2647][5230][Info]: 2=====transform.position======== 
[17:07:26.2777][5231][Info]: 4=====transform.position======== 
[17:07:26.3017][5233][Info]: 5=====transform.position======== 
[17:07:26.3167][5234][Info]: 5=====transform.position======== 
[17:07:26.3414][5236][Info]: 5=====transform.position======== 
[17:07:26.3574][5237][Info]: 5=====transform.position======== 
[17:07:26.4064][5239][Info]: 5=====transform.position======== 
[17:07:26.4064][5239][Info]: 5=====transform.position======== 
[17:07:26.4245][5240][Info]: 5=====transform.position======== 
[17:07:26.4365][5241][Info]: 5=====transform.position======== 
[17:07:26.4601][5243][Info]: 5=====transform.position======== 
[17:07:26.4851][5245][Info]: 5=====transform.position======== 
[17:07:26.4971][5246][Info]: 5=====transform.position======== 
[17:07:26.5203][5248][Info]: 5=====transform.position======== 
[17:07:26.5723][5250][Info]: 5=====transform.position======== 
[17:07:26.5723][5250][Info]: 5=====transform.position======== 
[17:07:26.5953][5251][Info]: 5=====transform.position======== 
[17:07:26.6083][5252][Info]: 5=====transform.position======== 
[17:07:26.6213][5253][Info]: 5=====transform.position======== 
[17:07:26.6463][5255][Info]: 5=====transform.position======== 
[17:07:26.6593][5256][Info]: 5=====transform.position======== 
[17:07:26.6813][5258][Info]: 5=====transform.position======== 
[17:07:26.7323][5260][Info]: 5=====transform.position======== 
[17:07:26.7323][5260][Info]: 5=====transform.position======== 
[17:07:26.7503][5261][Info]: 3=====transform.position======== 
[17:07:26.7633][5262][Info]: 1=====transform.position======== 
[17:07:26.7903][5264][Info]: 0=====transform.position======== 
[17:07:28.2647][5374][Info]: 2=====transform.position======== 
[17:07:28.2777][5375][Info]: 4=====transform.position======== 
[17:07:28.3093][5376][Info]: 5=====transform.position======== 
[17:07:28.3233][5377][Info]: 5=====transform.position======== 
[17:07:28.3453][5379][Info]: 5=====transform.position======== 
[17:07:28.3573][5380][Info]: 5=====transform.position======== 
[17:07:28.3803][5382][Info]: 5=====transform.position======== 
[17:07:28.4073][5384][Info]: 5=====transform.position======== 
[17:07:28.4193][5385][Info]: 5=====transform.position======== 
[17:07:28.4653][5387][Info]: 3=====transform.position======== 
[17:07:28.4653][5387][Info]: 1=====transform.position======== 
[17:07:28.4903][5388][Info]: 0=====transform.position======== 
[17:07:29.1051][5433][Info]: 2=====transform.position======== 
[17:07:29.1051][5434][Info]: 4=====transform.position======== 
[17:07:29.1441][5436][Info]: 5=====transform.position======== 
[17:07:29.1601][5437][Info]: 5=====transform.position======== 
[17:07:29.1821][5439][Info]: 5=====transform.position======== 
[17:07:29.2056][5441][Info]: 5=====transform.position======== 
[17:07:29.2206][5442][Info]: 5=====transform.position======== 
[17:07:29.2576][5443][Info]: 5=====transform.position======== 
[17:07:29.2596][5443][Info]: 5=====transform.position======== 
[17:07:29.2866][5445][Info]: 5=====transform.position======== 
[17:07:29.3002][5446][Info]: 5=====transform.position======== 
[17:07:29.3202][5447][Info]: 5=====transform.position======== 
[17:07:29.3441][5449][Info]: 5=====transform.position======== 
[17:07:29.3662][5451][Info]: 5=====transform.position======== 
[17:07:29.3791][5452][Info]: 5=====transform.position======== 
[17:07:29.4172][5453][Info]: 5=====transform.position======== 
[17:07:29.4172][5453][Info]: 5=====transform.position======== 
[17:07:29.4452][5455][Info]: 5=====transform.position======== 
[17:07:29.4572][5456][Info]: 5=====transform.position======== 
[17:07:29.4841][5458][Info]: 5=====transform.position======== 
[17:07:29.4995][5459][Info]: 5=====transform.position======== 
[17:07:29.5255][5461][Info]: 5=====transform.position======== 
[17:07:29.5255][5462][Info]: 5=====transform.position======== 
[17:07:29.5744][5463][Info]: 5=====transform.position======== 
[17:07:29.5905][5464][Info]: 5=====transform.position======== 
[17:07:29.6034][5465][Info]: 5=====transform.position======== 
[17:07:29.6274][5467][Info]: 5=====transform.position======== 
[17:07:29.6434][5468][Info]: 5=====transform.position======== 
[17:07:29.6564][5469][Info]: 5=====transform.position======== 
[17:07:29.6814][5471][Info]: 5=====transform.position======== 
[17:07:29.7294][5473][Info]: 5=====transform.position======== 
[17:07:29.7294][5473][Info]: 5=====transform.position======== 
[17:07:29.7534][5474][Info]: 5=====transform.position======== 
[17:07:29.7674][5475][Info]: 5=====transform.position======== 
[17:07:29.7804][5476][Info]: 5=====transform.position======== 
[17:07:29.8044][5478][Info]: 5=====transform.position======== 
[17:07:29.8184][5479][Info]: 5=====transform.position======== 
[17:07:29.8444][5481][Info]: 5=====transform.position======== 
[17:07:29.8813][5482][Info]: 5=====transform.position======== 
[17:07:29.8813][5482][Info]: 5=====transform.position======== 
[17:07:29.9043][5483][Info]: 5=====transform.position======== 
[17:07:29.9163][5484][Info]: 5=====transform.position======== 
[17:07:29.9463][5486][Info]: 5=====transform.position======== 
[17:07:29.9583][5487][Info]: 5=====transform.position======== 
[17:07:29.9843][5489][Info]: 5=====transform.position======== 
[17:07:29.9983][5490][Info]: 5=====transform.position======== 
[17:07:30.0363][5491][Info]: 5=====transform.position======== 
[17:07:30.0363][5491][Info]: 5=====transform.position======== 
[17:07:30.0693][5493][Info]: 5=====transform.position======== 
[17:07:30.0813][5494][Info]: 5=====transform.position======== 
[17:07:30.1053][5496][Info]: 5=====transform.position======== 
[17:07:30.1053][5497][Info]: 5=====transform.position======== 
[17:07:30.1492][5499][Info]: 5=====transform.position======== 
[17:07:30.1842][5500][Info]: 5=====transform.position======== 
[17:07:30.1842][5500][Info]: 5=====transform.position======== 
[17:07:30.2032][5501][Info]: 5=====transform.position======== 
[17:07:30.2162][5502][Info]: 5=====transform.position======== 
[17:07:30.2442][5504][Info]: 5=====transform.position======== 
[17:07:30.2442][5505][Info]: 5=====transform.position======== 
[17:07:30.2832][5507][Info]: 5=====transform.position======== 
[17:07:30.2972][5508][Info]: 5=====transform.position======== 
[17:07:30.3472][5510][Info]: 5=====transform.position======== 
[17:07:30.3472][5510][Info]: 5=====transform.position======== 
[17:07:30.3692][5511][Info]: 5=====transform.position======== 
[17:07:30.3692][5512][Info]: 5=====transform.position======== 
[17:07:30.3982][5513][Info]: 5=====transform.position======== 
[17:07:30.4242][5515][Info]: 5=====transform.position======== 
[17:07:30.4382][5516][Info]: 5=====transform.position======== 
[17:07:30.4601][5518][Info]: 5=====transform.position======== 
[17:07:30.5101][5520][Info]: 5=====transform.position======== 
[17:07:30.5101][5520][Info]: 5=====transform.position======== 
[17:07:30.5291][5521][Info]: 5=====transform.position======== 
[17:07:30.5421][5522][Info]: 5=====transform.position======== 
[17:07:30.5711][5524][Info]: 5=====transform.position======== 
[17:07:30.5831][5525][Info]: 5=====transform.position======== 
[17:07:30.6081][5527][Info]: 5=====transform.position======== 
[17:07:30.6221][5528][Info]: 5=====transform.position======== 
[17:07:30.6391][5529][Info]: 5=====transform.position======== 
[17:07:30.6771][5530][Info]: 5=====transform.position======== 
[17:07:30.6771][5530][Info]: 5=====transform.position======== 
[17:07:30.7096][5532][Info]: 5=====transform.position======== 
[17:07:30.7256][5533][Info]: 5=====transform.position======== 
[17:07:30.7376][5534][Info]: 5=====transform.position======== 
[17:07:30.7616][5536][Info]: 5=====transform.position======== 
[17:07:30.7776][5537][Info]: 5=====transform.position======== 
[17:07:30.8244][5539][Info]: 5=====transform.position======== 
[17:07:30.8244][5539][Info]: 5=====transform.position======== 
[17:07:30.8432][5540][Info]: 5=====transform.position======== 
[17:07:30.8672][5542][Info]: 5=====transform.position======== 
[17:07:30.8792][5543][Info]: 5=====transform.position======== 
[17:07:30.9062][5545][Info]: 5=====transform.position======== 
[17:07:30.9172][5546][Info]: 5=====transform.position======== 
[17:07:30.9412][5548][Info]: 5=====transform.position======== 
[17:07:30.9772][5549][Info]: 5=====transform.position======== 
[17:07:30.9792][5549][Info]: 5=====transform.position======== 
[17:07:30.9992][5550][Info]: 5=====transform.position======== 
[17:07:31.0222][5552][Info]: 5=====transform.position======== 
[17:07:31.0461][5554][Info]: 5=====transform.position======== 
[17:07:31.0607][5555][Info]: 5=====transform.position======== 
[17:07:31.0860][5557][Info]: 5=====transform.position======== 
[17:07:31.0980][5558][Info]: 5=====transform.position======== 
[17:07:31.1336][5559][Info]: 5=====transform.position======== 
[17:07:31.1536][5560][Info]: 5=====transform.position======== 
[17:07:31.1666][5561][Info]: 5=====transform.position======== 
[17:07:31.1666][5562][Info]: 5=====transform.position======== 
[17:07:31.1966][5563][Info]: 3=====transform.position======== 
[17:07:31.2196][5565][Info]: 1=====transform.position======== 
[17:07:31.2466][5567][Info]: 0=====transform.position======== 
[17:07:33.3567][5717][Info]: 2=====transform.position======== 
[17:07:33.3797][5719][Info]: 4=====transform.position======== 
[17:07:33.4072][5721][Info]: 5=====transform.position======== 
[17:07:33.4192][5722][Info]: 5=====transform.position======== 
[17:07:33.4422][5724][Info]: 5=====transform.position======== 
[17:07:33.4572][5725][Info]: 5=====transform.position======== 
[17:07:33.5072][5727][Info]: 5=====transform.position======== 
[17:07:33.5072][5727][Info]: 5=====transform.position======== 
[17:07:33.5242][5728][Info]: 5=====transform.position======== 
[17:07:33.5472][5730][Info]: 5=====transform.position======== 
[17:07:33.5592][5731][Info]: 5=====transform.position======== 
[17:07:33.5762][5732][Info]: 5=====transform.position======== 
[17:07:33.6051][5734][Info]: 5=====transform.position======== 
[17:07:33.6051][5735][Info]: 5=====transform.position======== 
[17:07:33.6642][5737][Info]: 5=====transform.position======== 
[17:07:33.6642][5737][Info]: 5=====transform.position======== 
[17:07:33.6842][5738][Info]: 5=====transform.position======== 
[17:07:33.6842][5739][Info]: 5=====transform.position======== 
[17:07:33.7204][5741][Info]: 5=====transform.position======== 
[17:07:33.7454][5743][Info]: 5=====transform.position======== 
[17:07:33.7454][5744][Info]: 5=====transform.position======== 
[17:07:33.7804][5746][Info]: 5=====transform.position======== 
[17:07:33.8164][5747][Info]: 5=====transform.position======== 
[17:07:33.8164][5747][Info]: 5=====transform.position======== 
[17:07:33.8454][5749][Info]: 5=====transform.position======== 
[17:07:33.8591][5750][Info]: 5=====transform.position======== 
[17:07:33.8871][5752][Info]: 5=====transform.position======== 
[17:07:33.9031][5753][Info]: 5=====transform.position======== 
[17:07:33.9261][5755][Info]: 5=====transform.position======== 
[17:07:33.9391][5756][Info]: 5=====transform.position======== 
[17:07:33.9761][5757][Info]: 5=====transform.position======== 
[17:07:33.9781][5757][Info]: 5=====transform.position======== 
[17:07:33.9972][5758][Info]: 5=====transform.position======== 
[17:07:34.0192][5760][Info]: 5=====transform.position======== 
[17:07:34.0432][5762][Info]: 5=====transform.position======== 
[17:07:34.0682][5764][Info]: 5=====transform.position======== 
[17:07:34.0822][5765][Info]: 5=====transform.position======== 
[17:07:34.0982][5766][Info]: 5=====transform.position======== 
[17:07:34.1332][5767][Info]: 5=====transform.position======== 
[17:07:34.1511][5768][Info]: 5=====transform.position======== 
[17:07:34.1662][5769][Info]: 5=====transform.position======== 
[17:07:34.1662][5770][Info]: 5=====transform.position======== 
[17:07:34.2031][5772][Info]: 5=====transform.position======== 
[17:07:34.2171][5773][Info]: 5=====transform.position======== 
[17:07:34.2421][5775][Info]: 5=====transform.position======== 
[17:07:34.2891][5777][Info]: 5=====transform.position======== 
[17:07:34.2891][5777][Info]: 5=====transform.position======== 
[17:07:34.3151][5778][Info]: 5=====transform.position======== 
[17:07:34.3291][5779][Info]: 5=====transform.position======== 
[17:07:34.3411][5780][Info]: 5=====transform.position======== 
[17:07:34.3651][5782][Info]: 5=====transform.position======== 
[17:07:34.3771][5783][Info]: 5=====transform.position======== 
[17:07:34.4066][5785][Info]: 5=====transform.position======== 
[17:07:34.4416][5786][Info]: 5=====transform.position======== 
[17:07:34.4416][5786][Info]: 5=====transform.position======== 
[17:07:34.4596][5787][Info]: 5=====transform.position======== 
[17:07:34.4876][5789][Info]: 5=====transform.position======== 
[17:07:34.4986][5790][Info]: 5=====transform.position======== 
[17:07:34.5176][5791][Info]: 5=====transform.position======== 
[17:07:34.5406][5793][Info]: 5=====transform.position======== 
[17:07:34.5686][5795][Info]: 5=====transform.position======== 
[17:07:34.6026][5796][Info]: 5=====transform.position======== 
[17:07:34.6045][5796][Info]: 5=====transform.position======== 
[17:07:34.6205][5797][Info]: 5=====transform.position======== 
[17:07:34.6465][5799][Info]: 5=====transform.position======== 
[17:07:34.6615][5800][Info]: 5=====transform.position======== 
[17:07:34.6865][5802][Info]: 5=====transform.position======== 
[17:07:34.7012][5803][Info]: 5=====transform.position======== 
[17:07:34.7192][5804][Info]: 5=====transform.position======== 
[17:07:34.7622][5805][Info]: 5=====transform.position======== 
[17:07:34.7622][5805][Info]: 5=====transform.position======== 
[17:07:34.7842][5806][Info]: 5=====transform.position======== 
[17:07:34.7992][5807][Info]: 3=====transform.position======== 
[17:07:34.8272][5809][Info]: 1=====transform.position======== 
[17:07:34.8412][5810][Info]: 0=====transform.position======== 
[17:07:36.6641][5940][Info]: 2=====transform.position======== 
[17:07:36.6761][5941][Info]: 4=====transform.position======== 
[17:07:36.7021][5943][Info]: 5=====transform.position======== 
[17:07:36.7271][5945][Info]: 5=====transform.position======== 
[17:07:36.7641][5946][Info]: 5=====transform.position======== 
[17:07:36.7641][5946][Info]: 5=====transform.position======== 
[17:07:36.7851][5947][Info]: 5=====transform.position======== 
[17:07:36.7971][5948][Info]: 5=====transform.position======== 
[17:07:36.8241][5950][Info]: 5=====transform.position======== 
[17:07:36.8241][5951][Info]: 5=====transform.position======== 
[17:07:36.8591][5953][Info]: 5=====transform.position======== 
[17:07:36.8851][5955][Info]: 5=====transform.position======== 
[17:07:36.9201][5956][Info]: 5=====transform.position======== 
[17:07:36.9201][5956][Info]: 5=====transform.position======== 
[17:07:36.9377][5957][Info]: 5=====transform.position======== 
[17:07:36.9607][5959][Info]: 5=====transform.position======== 
[17:07:36.9907][5961][Info]: 5=====transform.position======== 
[17:07:37.0047][5962][Info]: 5=====transform.position======== 
[17:07:37.0177][5963][Info]: 5=====transform.position======== 
[17:07:37.0427][5965][Info]: 3=====transform.position======== 
[17:07:37.0817][5966][Info]: 1=====transform.position======== 
[17:07:37.0817][5966][Info]: 0=====transform.position======== 
[17:07:37.2490][5977][Info]: 2=====transform.position======== 
[17:07:37.2620][5978][Info]: 4=====transform.position======== 
[17:07:37.2860][5980][Info]: 5=====transform.position======== 
[17:07:37.3000][5981][Info]: 5=====transform.position======== 
[17:07:37.3270][5983][Info]: 5=====transform.position======== 
[17:07:37.3400][5984][Info]: 5=====transform.position======== 
[17:07:37.3890][5986][Info]: 5=====transform.position======== 
[17:07:37.3890][5986][Info]: 5=====transform.position======== 
[17:07:37.4140][5987][Info]: 5=====transform.position======== 
[17:07:37.4270][5988][Info]: 5=====transform.position======== 
[17:07:37.4399][5989][Info]: 5=====transform.position======== 
[17:07:37.4650][5991][Info]: 5=====transform.position======== 
[17:07:37.4799][5992][Info]: 5=====transform.position======== 
[17:07:37.5059][5994][Info]: 5=====transform.position======== 
[17:07:37.5419][5995][Info]: 5=====transform.position======== 
[17:07:37.5419][5995][Info]: 5=====transform.position======== 
[17:07:37.5629][5996][Info]: 3=====transform.position======== 
[17:07:37.5759][5997][Info]: 1=====transform.position======== 
[17:07:37.5999][5999][Info]: 0=====transform.position======== 
