[11:45:30.8371][1][Info]: enter Launch procedure 
[11:45:30.9867][1][Info]: ===>加载配置 
[11:45:32.8349][1][Info]: ===>开始解析BuffConfig 
[11:45:32.8469][1][Info]: <===解析BuffConfig完毕 
[11:45:32.8469][1][Info]: ===>开始解析SkillConfig 
[11:45:32.8779][1][Info]: <===解析SkillConfig完毕 
[11:45:32.8919][1][Info]: <===配置加载完毕 
[11:45:33.0359][2][Info]: enter Init Procedure 
[11:45:33.0619][2][Warn]: Not found awake system:<PlayerComponent> 
[11:45:36.0569][139][Info]: 登录 
[11:45:36.0569][139][Info]: 1001 
[11:45:36.0738][139][Info]: 大厅阶段 
[11:45:36.1349][140][Info]: Scene Add Entity, Current Count:1 
[11:45:38.3034][245][Info]: 0 ----0 
[11:45:38.3064][245][Info]: Scene Remove Entity, Current Count:0 
[11:45:38.3064][245][Info]: Scene Add Entity, Current Count:1 
[11:45:38.4024][246][Info]: 0 ----0 
[11:45:38.5484][247][Info]: 0 ----0 
[11:45:38.6543][248][Info]: 0 ----0 
[11:45:38.6663][249][Info]: 0 ----0 
[11:45:38.6663][250][Info]: 0 ----0 
[11:45:38.6823][251][Info]: 0 ----0 
[11:45:38.6823][252][Info]: 0 ----0 
[11:45:38.6823][253][Info]: 0 ----0 
[11:45:38.7013][254][Info]: 0 ----0 
[11:45:38.7013][255][Info]: 0 ----0 
[11:45:38.7153][256][Info]: 0 ----0 
[11:45:38.7153][257][Info]: 0 ----0 
[11:45:38.7313][258][Info]: 0 ----0 
[11:45:38.7313][259][Info]: 0 ----0 
[11:45:38.7474][260][Info]: 0 ----0 
[11:45:38.7474][261][Info]: 0 ----0 
[11:45:38.7624][262][Info]: 0 ----0 
[11:45:38.7624][263][Info]: 0 ----0 
[11:45:38.7624][264][Info]: 0 ----0 
[11:45:38.7804][265][Info]: 0 ----0 
[11:45:38.7804][266][Info]: 0 ----0 
[11:45:38.7954][267][Info]: 0 ----0 
[11:45:38.7954][268][Info]: 0 ----0 
[11:45:38.8103][269][Info]: 0 ----0 
[11:45:38.8103][270][Info]: 0 ----0 
[11:45:38.8253][271][Info]: 0 ----0 
[11:45:38.8253][272][Info]: 0 ----0 
[11:45:38.8383][273][Info]: 0 ----0 
[11:45:38.8383][274][Info]: 0 ----0 
[11:45:38.8383][275][Info]: 0 ----0 
[11:45:38.8573][276][Info]: 0 ----0 
[11:45:38.8573][277][Info]: 0 ----0 
[11:45:38.8693][278][Info]: 0 ----0 
[11:45:38.8693][279][Info]: 0 ----0 
[11:45:38.8843][280][Info]: 0 ----0 
[11:45:38.8843][281][Info]: 0 ----0 
[11:45:38.9013][282][Info]: 0 ----0 
[11:45:38.9013][283][Info]: 0 ----0 
[11:45:38.9203][284][Info]: 0 ----0 
[11:45:38.9203][285][Info]: 0 ----0 
[11:45:38.9323][286][Info]: 0 ----0 
[11:45:38.9323][287][Info]: 0 ----0 
[11:45:38.9323][288][Info]: 0 ----0 
[11:45:38.9514][289][Info]: 0 ----0 
[11:45:38.9514][290][Info]: 0 ----0 
[11:45:38.9664][291][Info]: 0 ----0 
[11:45:38.9664][292][Info]: 0 ----0 
[11:45:38.9824][293][Info]: 0 ----0 
[11:45:38.9824][294][Info]: 0 ----0 
[11:45:38.9964][295][Info]: 0 ----0 
[11:45:38.9964][296][Info]: 0 ----0 
[11:45:39.0094][297][Info]: 0 ----0 
[11:45:39.0094][298][Info]: 0 ----0 
[11:45:39.0094][299][Info]: 0 ----0 
[11:45:39.0284][300][Info]: 0 ----0 
[11:45:39.0284][301][Info]: 0 ----0 
[11:45:39.0414][302][Info]: 0 ----0 
[11:45:39.0414][303][Info]: 0 ----0 
[11:45:39.0597][304][Info]: 0 ----0 
[11:45:39.0597][305][Info]: 0 ----0 
[11:45:39.0777][306][Info]: 0 ----0 
[11:45:39.0777][307][Info]: 0 ----0 
[11:45:39.0907][308][Info]: 0 ----0 
[11:45:39.0907][309][Info]: 0 ----0 
[11:45:39.0907][310][Info]: 0 ----0 
[11:45:39.1097][311][Info]: 0 ----0 
[11:45:39.1097][312][Info]: 0 ----0 
[11:45:39.1247][313][Info]: 0 ----0 
[11:45:39.1247][314][Info]: 0 ----0 
[11:45:39.1389][315][Info]: 0 ----0 
[11:45:39.1389][316][Info]: 0 ----0 
[11:45:39.1509][317][Info]: 0 ----0 
[11:45:39.1509][318][Info]: 0 ----0 
[11:45:39.1509][319][Info]: 0 ----0 
[11:45:39.1709][320][Info]: 0 ----0 
[11:45:39.1709][321][Info]: 0 ----0 
[11:45:39.1828][322][Info]: 0 ----0 
[11:45:39.1828][323][Info]: 0 ----0 
[11:45:39.1988][324][Info]: 0 ----0 
[11:45:39.1988][325][Info]: 0 ----0 
[11:45:39.2168][326][Info]: 0 ----0 
[11:45:39.2288][327][Info]: 0 ----0 
[11:45:39.2288][328][Info]: 0 ----0 
[11:45:39.2460][329][Info]: 0 ----0 
[11:45:39.2460][330][Info]: 0 ----0 
[11:45:39.2600][331][Info]: 0 ----0 
[11:45:39.2600][332][Info]: 0 ----0 
[11:45:39.2600][333][Info]: 0 ----0 
[11:45:39.2800][334][Info]: 0 ----0 
[11:45:39.2800][335][Info]: 0 ----0 
[11:45:39.2970][336][Info]: 0 ----0 
[11:45:39.2970][337][Info]: 0 ----0 
[11:45:39.3160][338][Info]: 0 ----0 
[11:45:39.3230][339][Info]: 0 ----0 
[11:45:39.3230][340][Info]: 0 ----0 
[11:45:39.3379][341][Info]: 0 ----0 
[11:45:39.3379][342][Info]: 0 ----0 
[11:45:39.3559][343][Info]: 0 ----0 
[11:45:39.3559][344][Info]: 0 ----0 
[11:45:39.3798][345][Info]: 0 ----0 
[11:45:39.3928][346][Info]: 0 ----0 
[11:45:39.4048][347][Info]: 0 ----0 
[11:45:39.4048][348][Info]: 0 ----0 
[11:45:39.4218][349][Info]: 0 ----0 
[11:45:39.4218][350][Info]: 0 ----0 
[11:45:39.4369][351][Info]: 0 ----0 
[11:45:39.4369][352][Info]: 0 ----0 
[11:45:39.4519][353][Info]: 0 ----0 
[11:45:39.4519][354][Info]: 0 ----0 
[11:45:39.4689][355][Info]: 0 ----0 
[11:45:39.4689][356][Info]: 0 ----0 
[11:45:39.4859][357][Info]: 0 ----0 
[11:45:39.4943][358][Info]: 0 ----0 
[11:45:39.5143][359][Info]: -1 ----0 
[11:45:39.5143][360][Info]: -1 ----0 
[11:45:39.5322][361][Info]: -1 ----0 
[11:45:39.5422][362][Info]: -1 ----0 
[11:45:39.5422][363][Info]: -1 ----0 
[11:45:39.5592][364][Info]: -1 ----0 
[11:45:39.5592][365][Info]: -1 ----0 
[11:45:39.5732][366][Info]: -1 ----0 
[11:45:39.5732][367][Info]: -1 ----0 
[11:45:39.5732][368][Info]: -1 ----0 
[11:45:39.5922][369][Info]: -1 ----0 
[11:45:39.5922][370][Info]: -1 ----0 
[11:45:39.6082][371][Info]: -1 ----0 
[11:45:39.6082][372][Info]: -1 ----0 
[11:45:39.6212][373][Info]: -1 ----0 
[11:45:39.6212][374][Info]: -1 ----0 
[11:45:39.6362][375][Info]: -1 ----0 
[11:45:39.6362][376][Info]: -1 ----0 
[11:45:39.6532][377][Info]: -1 ----0 
[11:45:39.6532][378][Info]: -1 ----0 
[11:45:39.6662][379][Info]: -1 ----0 
[11:45:39.6662][380][Info]: -1 ----0 
[11:45:39.6662][381][Info]: -1 ----0 
[11:45:39.6872][382][Info]: -1 ----0 
[11:45:39.6872][383][Info]: -1 ----0 
[11:45:39.7022][384][Info]: -1 ----0 
[11:45:39.7022][385][Info]: -1 ----0 
[11:45:39.7162][386][Info]: -1 ----0 
[11:45:39.7162][387][Info]: -1 ----0 
[11:45:39.7322][388][Info]: -1 ----0 
[11:45:39.7322][389][Info]: -1 ----0 
[11:45:39.7444][390][Info]: -1 ----0 
[11:45:39.7444][391][Info]: -1 ----0 
[11:45:39.7444][392][Info]: -1 ----0 
[11:45:39.7644][393][Info]: -1 -----1 
[11:45:39.7644][394][Info]: -1 -----1 
[11:45:39.7774][395][Info]: -1 -----1 
[11:45:39.7774][396][Info]: -1 -----1 
[11:45:39.7774][397][Info]: -1 -----1 
[11:45:39.7964][398][Info]: -1 -----1 
[11:45:39.8064][399][Info]: -1 -----1 
[11:45:39.8064][400][Info]: -1 -----1 
[11:45:39.8064][401][Info]: -1 -----1 
[11:45:39.8274][402][Info]: -1 -----1 
[11:45:39.8274][403][Info]: -1 -----1 
[11:45:39.8434][404][Info]: -1 -----1 
[11:45:39.8434][405][Info]: -1 -----1 
[11:45:39.8574][406][Info]: -1 -----1 
[11:45:39.8574][407][Info]: -1 -----1 
[11:45:39.8694][408][Info]: -1 -----1 
[11:45:39.8694][409][Info]: -1 -----1 
[11:45:39.8849][410][Info]: -1 -----1 
[11:45:39.8849][411][Info]: -1 -----1 
[11:45:39.9009][412][Info]: -1 -----1 
[11:45:39.9009][413][Info]: -1 -----1 
[11:45:39.9009][414][Info]: -1 -----1 
[11:45:39.9228][415][Info]: -1 -----1 
[11:45:39.9228][416][Info]: -1 -----1 
[11:45:39.9365][417][Info]: -1 -----1 
[11:45:39.9365][418][Info]: 0 -----1 
[11:45:39.9545][419][Info]: 0 -----1 
[11:45:39.9625][420][Info]: 0 -----1 
[11:45:39.9625][421][Info]: 0 -----1 
[11:45:39.9805][422][Info]: 0 -----1 
[11:45:39.9805][423][Info]: 0 -----1 
[11:45:39.9995][424][Info]: 0 -----1 
[11:45:40.0105][425][Info]: 0 -----1 
[11:45:40.0105][426][Info]: 0 -----1 
[11:45:40.0265][427][Info]: 0 -----1 
[11:45:40.0265][428][Info]: 0 -----1 
[11:45:40.0265][429][Info]: 0 -----1 
[11:45:40.0502][430][Info]: 0 -----1 
[11:45:40.0592][431][Info]: 0 -----1 
[11:45:40.0592][432][Info]: 0 -----1 
[11:45:40.0772][433][Info]: 0 -----1 
[11:45:40.0772][434][Info]: 0 -----1 
[11:45:40.0922][435][Info]: 0 -----1 
[11:45:40.0922][436][Info]: 0 -----1 
[11:45:40.1082][437][Info]: 0 -----1 
[11:45:40.1082][438][Info]: 0 -----1 
[11:45:40.1222][439][Info]: 0 -----1 
[11:45:40.1222][440][Info]: 1 -----1 
[11:45:40.1419][441][Info]: 0 -----1 
[11:45:40.1519][442][Info]: 0 -----1 
[11:45:40.1519][443][Info]: 0 -----1 
[11:45:40.1699][444][Info]: 0 -----1 
[11:45:40.1699][445][Info]: 0 -----1 
[11:45:40.1829][446][Info]: 0 -----1 
[11:45:40.1829][447][Info]: 0 -----1 
[11:45:40.1989][448][Info]: 0 -----1 
[11:45:40.2139][449][Info]: 0 ----0 
[11:45:40.2139][450][Info]: 0 ----0 
[11:45:40.2359][451][Info]: 0 ----0 
[11:45:40.2359][452][Info]: 0 ----0 
[11:45:40.2519][453][Info]: 0 ----0 
[11:45:40.2519][454][Info]: 0 ----0 
[11:45:40.2669][455][Info]: 0 ----0 
[11:45:40.2669][456][Info]: 0 ----0 
[11:45:40.2869][457][Info]: 0 ----0 
[11:45:40.2979][458][Info]: 0 ----0 
[11:45:40.3128][459][Info]: 0 ----0 
[11:45:40.3218][460][Info]: 0 ----0 
[11:45:40.3218][461][Info]: 0 ----0 
[11:45:40.3218][462][Info]: 0 ----0 
[11:45:40.3422][463][Info]: -1 ----0 
[11:45:40.3422][464][Info]: -1 ----0 
[11:45:40.3542][465][Info]: -1 ----0 
[11:45:40.3542][466][Info]: -1 ----0 
[11:45:40.3542][467][Info]: -1 ----0 
[11:45:40.3722][468][Info]: -1 ----0 
[11:45:40.3722][469][Info]: -1 ----0 
[11:45:40.3871][470][Info]: -1 ----0 
[11:45:40.3871][471][Info]: -1 ----0 
[11:45:40.4002][472][Info]: -1 -----1 
[11:45:40.4002][473][Info]: -1 -----1 
[11:45:40.4161][474][Info]: -1 -----1 
[11:45:40.4161][475][Info]: -1 -----1 
[11:45:40.4161][476][Info]: -1 -----1 
[11:45:40.4341][477][Info]: -1 -----1 
[11:45:40.4341][478][Info]: -1 -----1 
[11:45:40.4341][479][Info]: -1 -----1 
[11:45:40.4521][480][Info]: -1 -----1 
[11:45:40.4521][481][Info]: -1 -----1 
[11:45:40.4721][482][Info]: -1 -----1 
[11:45:40.4801][483][Info]: -1 -----1 
[11:45:40.4801][484][Info]: -1 -----1 
[11:45:40.4941][485][Info]: 0 -----1 
[11:45:40.4941][486][Info]: 0 -----1 
[11:45:40.4941][487][Info]: 0 -----1 
[11:45:40.5131][488][Info]: 0 -----1 
[11:45:40.5131][489][Info]: 0 -----1 
[11:45:40.5271][490][Info]: 0 -----1 
[11:45:40.5271][491][Info]: 0 -----1 
[11:45:40.5431][492][Info]: 0 -----1 
[11:45:40.5431][493][Info]: 0 -----1 
[11:45:40.5621][494][Info]: 1 -----1 
[11:45:40.5621][495][Info]: 1 -----1 
[11:45:40.5771][496][Info]: 1 -----1 
[11:45:40.5771][497][Info]: 1 -----1 
[11:45:40.5921][498][Info]: 1 -----1 
[11:45:40.5921][499][Info]: 1 -----1 
[11:45:40.6071][500][Info]: 1 -----1 
[11:45:40.6201][501][Info]: 1 -----1 
[11:45:40.6373][502][Info]: 1 ----0 
[11:45:40.6373][503][Info]: 1 ----0 
[11:45:40.6593][504][Info]: 1 ----0 
[11:45:40.6713][505][Info]: 1 ----0 
[11:45:40.6713][506][Info]: 1 ----0 
[11:45:40.6883][507][Info]: 1 ----0 
[11:45:40.6883][508][Info]: 1 ----0 
[11:45:40.7043][509][Info]: 1 ----0 
[11:45:40.7043][510][Info]: 1 ----0 
[11:45:40.7183][511][Info]: 1 ----0 
[11:45:40.7183][512][Info]: 1 ----0 
[11:45:40.7366][513][Info]: 1 ----0 
[11:45:40.7366][514][Info]: 1 ----0 
[11:45:40.7486][515][Info]: 1 ----0 
[11:45:40.7486][516][Info]: 1 ----0 
[11:45:40.7616][517][Info]: 1 ----0 
[11:45:40.7616][518][Info]: 1 ----0 
[11:45:40.7806][519][Info]: 1 ----0 
[11:45:40.7806][520][Info]: 1 ----0 
[11:45:40.7926][521][Info]: 1 ----0 
[11:45:40.7926][522][Info]: 1 ----1 
[11:45:40.8116][523][Info]: 1 ----1 
[11:45:40.8116][524][Info]: 1 ----1 
[11:45:40.8266][525][Info]: 1 ----1 
[11:45:40.8266][526][Info]: 1 ----1 
[11:45:40.8391][527][Info]: 1 ----1 
[11:45:40.8391][528][Info]: 1 ----1 
[11:45:40.8531][529][Info]: 1 ----1 
[11:45:40.8531][530][Info]: 1 ----1 
[11:45:40.8531][531][Info]: 1 ----1 
[11:45:40.8759][532][Info]: 1 ----1 
[11:45:40.8849][533][Info]: 1 ----1 
[11:45:40.8849][534][Info]: 0 ----1 
[11:45:40.9058][535][Info]: 0 ----1 
[11:45:40.9058][536][Info]: 0 ----1 
[11:45:40.9248][537][Info]: 0 ----1 
[11:45:40.9338][538][Info]: 0 ----1 
[11:45:40.9338][539][Info]: 0 ----1 
[11:45:40.9488][540][Info]: 0 ----1 
[11:45:40.9488][541][Info]: 0 ----1 
[11:45:40.9638][542][Info]: 0 ----1 
[11:45:40.9638][543][Info]: 0 ----1 
[11:45:40.9788][544][Info]: 0 ----1 
[11:45:40.9788][545][Info]: 0 ----1 
[11:45:40.9938][546][Info]: 0 ----1 
[11:45:40.9938][547][Info]: 0 ----1 
[11:45:40.9938][548][Info]: 0 ----1 
[11:45:41.0138][549][Info]: 0 ----1 
[11:45:41.0278][550][Info]: 0 ----1 
[11:45:41.0278][551][Info]: 0 ----1 
[11:45:41.0448][552][Info]: 0 ----1 
[11:45:41.0448][553][Info]: 0 ----1 
[11:45:41.0598][554][Info]: 0 ----1 
[11:45:41.0598][555][Info]: 0 ----1 
[11:45:41.0768][556][Info]: 0 ----1 
[11:45:41.0768][557][Info]: 0 ----1 
[11:45:41.0928][558][Info]: 0 ----1 
[11:45:41.0928][559][Info]: 0 ----1 
[11:45:41.1088][560][Info]: 0 ----1 
[11:45:41.1088][561][Info]: 0 ----1 
[11:45:41.1228][562][Info]: 0 ----1 
[11:45:41.1228][563][Info]: 0 ----1 
[11:45:41.1378][564][Info]: 0 ----1 
[11:45:41.1378][565][Info]: 0 ----1 
[11:45:41.1528][566][Info]: 0 ----1 
[11:45:41.1528][567][Info]: 0 ----0 
[11:45:41.1678][568][Info]: 0 ----0 
[11:45:41.1678][569][Info]: 0 ----0 
[11:45:41.1818][570][Info]: 0 ----0 
[11:45:41.1818][571][Info]: 0 ----0 
[11:45:41.1818][572][Info]: 0 ----0 
[11:45:41.2018][573][Info]: 0 ----0 
[11:45:41.2018][574][Info]: 0 ----0 
[11:45:41.2178][575][Info]: 0 ----0 
[11:45:41.2297][576][Info]: 0 ----0 
[11:45:41.2297][577][Info]: 0 ----0 
[11:45:41.2497][578][Info]: 0 ----0 
[11:45:41.2497][579][Info]: 0 ----0 
[11:45:41.2667][580][Info]: 0 ----0 
[11:45:41.2667][581][Info]: 0 ----0 
[11:45:41.2817][582][Info]: 0 ----0 
[11:45:41.2907][583][Info]: 0 ----0 
[11:45:41.2907][584][Info]: 0 ----0 
[11:45:41.3107][585][Info]: 0 ----0 
[11:45:41.3107][586][Info]: 0 ----0 
[11:45:41.3287][587][Info]: 0 ----0 
[11:45:41.3287][588][Info]: 0 ----0 
[11:45:41.3457][589][Info]: 0 ----0 
[11:45:41.3457][590][Info]: 0 ----0 
[11:45:41.3627][591][Info]: 0 ----1 
[11:45:41.3753][592][Info]: 0 ----1 
[11:45:41.3903][593][Info]: 0 ----1 
[11:45:41.4023][594][Info]: 0 ----1 
[11:45:41.4023][595][Info]: 0 ----1 
[11:45:41.4213][596][Info]: 0 ----1 
[11:45:41.4313][597][Info]: 0 ----1 
[11:45:41.4313][598][Info]: 0 ----1 
[11:45:41.4313][599][Info]: 0 ----0 
[11:45:41.4543][600][Info]: 0 ----0 
[11:45:41.4543][601][Info]: 0 ----0 
[11:45:41.4713][602][Info]: 0 ----0 
[11:45:41.4783][603][Info]: 0 ----0 
[11:45:41.4783][604][Info]: 0 ----0 
[11:45:41.4783][605][Info]: 0 ----0 
[11:45:41.5003][606][Info]: 0 ----0 
[11:45:41.5003][607][Info]: 0 ----0 
[11:45:41.5143][608][Info]: 0 ----0 
[11:45:41.5143][609][Info]: 0 ----0 
[11:45:41.5293][610][Info]: 0 ----0 
[11:45:41.5503][611][Info]: 0 ----0 
[11:45:41.5643][612][Info]: 0 ----0 
[11:45:41.5643][613][Info]: 0 ----0 
[11:45:41.5783][614][Info]: 0 ----0 
[11:45:41.5783][615][Info]: 0 ----0 
[11:45:41.5923][616][Info]: 0 ----0 
[11:45:41.5923][617][Info]: 0 ----0 
[11:45:41.6052][618][Info]: 0 ----0 
[11:45:41.6052][619][Info]: 0 ----0 
[11:45:41.6192][620][Info]: 0 ----0 
[11:45:41.6344][621][Info]: 0 ----0 
[11:45:41.6344][622][Info]: 0 ----0 
[11:45:41.6549][623][Info]: 0 ----0 
[11:45:41.6549][624][Info]: 0 ----0 
[11:45:41.6699][625][Info]: 0 ----0 
[11:45:41.6699][626][Info]: 0 ----0 
[11:45:41.6909][627][Info]: 0 ----0 
[11:45:41.7009][628][Info]: 0 ----0 
[11:45:41.7009][629][Info]: 0 ----0 
[11:45:41.7179][630][Info]: 0 ----0 
[11:45:41.7287][631][Info]: 0 ----0 
[11:45:41.7287][632][Info]: 0 ----0 
[11:45:41.7507][633][Info]: 0 ----0 
[11:45:41.7507][634][Info]: 0 ----0 
[11:45:41.7707][635][Info]: 0 ----0 
[11:45:41.7787][636][Info]: 0 ----0 
[11:45:41.7787][637][Info]: 0 ----0 
[11:45:41.7947][638][Info]: 0 ----0 
[11:45:41.8093][639][Info]: 0 ----0 
[11:45:41.8093][640][Info]: 0 ----0 
[11:45:41.8313][641][Info]: 0 ----0 
[11:45:41.8439][642][Info]: 0 ----0 
[11:45:41.8569][643][Info]: 0 ----0 
[11:45:41.8569][644][Info]: 0 ----0 
[11:45:41.8744][645][Info]: 0 ----0 
[11:45:41.8864][646][Info]: 0 ----0 
[11:45:41.9004][647][Info]: 0 ----0 
[11:45:41.9004][648][Info]: 0 ----0 
[11:45:41.9224][649][Info]: 0 ----0 
[11:45:41.9324][650][Info]: 0 ----0 
[11:45:41.9324][651][Info]: 0 ----0 
[11:45:41.9547][652][Info]: 0 ----0 
[11:45:41.9627][653][Info]: 0 ----0 
[11:45:41.9627][654][Info]: 0 ----0 
[11:45:41.9877][655][Info]: 0 ----0 
[11:45:42.0027][656][Info]: 0 ----0 
[11:45:42.0147][657][Info]: 0 ----0 
[11:45:42.0147][658][Info]: 0 ----0 
[11:45:42.0332][659][Info]: 0 ----0 
[11:45:42.0507][660][Info]: 0 ----0 
[11:45:42.0707][661][Info]: 0 ----0 
[11:45:42.0887][662][Info]: 0 ----0 
[11:45:42.0887][663][Info]: 0 ----0 
[11:45:42.1292][664][Info]: 0 ----0 
[11:45:42.1432][665][Info]: 0 ----0 
[11:45:42.1592][666][Info]: 0 ----0 
[11:45:42.1722][667][Info]: 0 ----0 
[11:45:42.1722][668][Info]: 0 ----0 
[11:45:42.1902][669][Info]: 0 ----0 
[11:45:42.2002][670][Info]: 0 ----0 
[11:45:42.2002][671][Info]: 0 ----0 
[11:45:42.2202][672][Info]: 0 ----0 
[11:45:42.2322][673][Info]: 0 ----0 
[11:45:42.2322][674][Info]: 0 ----0 
[11:45:42.2505][675][Info]: 0 ----0 
[11:45:42.2635][676][Info]: 0 ----0 
[11:45:42.2635][677][Info]: 0 ----0 
[11:45:42.2775][678][Info]: 0 ----0 
[11:45:42.2775][679][Info]: 0 ----0 
[11:45:42.2925][680][Info]: 0 ----0 
[11:45:42.2925][681][Info]: 0 ----0 
[11:45:42.3115][682][Info]: 0 ----0 
[11:45:42.3224][683][Info]: 0 ----0 
[11:45:42.3224][684][Info]: 0 ----0 
[11:45:42.3384][685][Info]: 0 ----0 
[11:45:42.3384][686][Info]: 0 ----0 
[11:45:42.3384][687][Info]: 0 ----0 
[11:45:42.3584][688][Info]: 0 ----0 
[11:45:42.3584][689][Info]: 0 ----0 
[11:45:42.3704][690][Info]: 0 ----0 
[11:45:42.3704][691][Info]: 0 ----0 
[11:45:42.3854][692][Info]: 0 ----0 
[11:45:42.3854][693][Info]: 0 ----0 
[11:45:42.3854][694][Info]: 0 ----0 
[11:45:42.4064][695][Info]: 0 ----0 
[11:45:42.4064][696][Info]: 0 ----0 
[11:45:42.4194][697][Info]: 0 ----0 
[11:45:42.4194][698][Info]: 0 ----0 
[11:45:42.4344][699][Info]: 0 ----0 
[11:45:42.4344][700][Info]: 0 ----0 
[11:45:42.4344][701][Info]: 0 ----0 
[11:45:42.4514][702][Info]: 0 ----0 
[11:45:42.4624][703][Info]: 0 ----0 
[11:45:42.4624][704][Info]: 0 ----0 
[11:45:42.4814][705][Info]: 0 ----0 
[11:45:42.4814][706][Info]: 0 ----0 
[11:45:42.4944][707][Info]: 0 ----0 
[11:45:42.4944][708][Info]: 0 ----0 
[11:45:42.4944][709][Info]: 0 ----0 
[11:45:42.5124][710][Info]: 0 ----0 
[11:45:42.5124][711][Info]: 0 ----0 
[11:45:42.5124][712][Info]: 0 ----0 
[11:45:42.5304][713][Info]: 0 ----0 
[11:45:42.5304][714][Info]: 0 ----0 
[11:45:42.5424][715][Info]: 0 ----0 
[11:45:42.5424][716][Info]: 0 ----0 
[11:45:42.5424][717][Info]: 0 ----0 
[11:45:42.5634][718][Info]: 0 ----0 
[11:45:42.5634][719][Info]: 0 ----0 
[11:45:42.5774][720][Info]: 0 ----0 
[11:45:42.5774][721][Info]: 0 ----0 
[11:45:42.5884][722][Info]: 0 ----0 
[11:45:42.5884][723][Info]: 0 ----0 
[11:45:42.5884][724][Info]: 0 ----0 
[11:45:42.6064][725][Info]: 0 ----0 
[11:45:42.6064][726][Info]: 0 ----0 
[11:45:42.6242][727][Info]: 0 ----0 
[11:45:42.6242][728][Info]: 0 ----0 
[11:45:42.6362][729][Info]: 0 ----0 
[11:45:42.6362][730][Info]: 0 ----0 
[11:45:42.6362][731][Info]: 0 ----0 
[11:45:42.6562][732][Info]: 0 ----0 
[11:45:42.6562][733][Info]: 0 ----0 
[11:45:42.6712][734][Info]: 0 ----0 
[11:45:42.6712][735][Info]: 0 ----0 
[11:45:42.6832][736][Info]: 0 ----0 
[11:45:42.6832][737][Info]: 0 ----0 
[11:45:42.6832][738][Info]: 0 ----0 
[11:45:42.7012][739][Info]: 0 ----0 
[11:45:42.7012][740][Info]: 0 ----0 
[11:45:42.7132][741][Info]: 0 ----0 
[11:45:42.7132][742][Info]: 0 ----0 
[11:45:42.7132][743][Info]: 0 ----0 
[11:45:42.7349][744][Info]: 0 ----0 
[11:45:42.7349][745][Info]: 0 ----0 
[11:45:42.7514][746][Info]: 0 ----0 
[11:45:42.7514][747][Info]: 0 ----0 
[11:45:42.7664][748][Info]: 0 ----0 
[11:45:42.7664][749][Info]: 0 ----0 
[11:45:42.7853][750][Info]: 0 ----0 
[11:45:42.7923][751][Info]: 0 ----0 
[11:45:42.7923][752][Info]: 0 ----0 
[11:45:42.8073][753][Info]: 0 ----0 
[11:45:42.8333][754][Info]: 0 ----0 
[11:45:42.8423][755][Info]: 0 ----0 
[11:45:42.8423][756][Info]: 0 ----0 
[11:45:42.8593][757][Info]: 0 ----0 
[11:45:42.8703][758][Info]: 0 ----0 
[11:45:42.8703][759][Info]: 0 ----0 
[11:45:42.8907][760][Info]: 0 ----0 
[11:45:42.9017][761][Info]: 0 ----0 
[11:45:42.9017][762][Info]: 0 ----0 
[11:45:42.9266][763][Info]: 0 ----0 
[11:45:42.9406][764][Info]: 0 ----0 
[11:45:42.9476][765][Info]: 0 ----0 
[11:45:42.9476][766][Info]: 0 ----0 
[11:45:42.9646][767][Info]: 0 ----0 
[11:45:42.9646][768][Info]: 0 ----0 
[11:45:42.9876][769][Info]: 0 ----0 
[11:45:42.9966][770][Info]: 0 ----0 
[11:45:42.9966][771][Info]: 0 ----0 
[11:45:43.0115][772][Info]: 0 ----0 
[11:45:43.0115][773][Info]: 0 ----0 
[11:45:43.0305][774][Info]: 0 ----0 
[11:45:43.0305][775][Info]: 0 ----0 
[11:45:43.0435][776][Info]: 0 ----0 
[11:45:43.0435][777][Info]: 0 ----0 
[11:45:43.0625][778][Info]: 0 ----0 
[11:45:43.0825][779][Info]: 0 ----0 
[11:45:43.0935][780][Info]: 0 ----0 
[11:45:43.0935][781][Info]: 0 ----0 
[11:45:43.1075][782][Info]: 0 ----0 
[11:45:43.1075][783][Info]: 0 ----0 
[11:45:43.1215][784][Info]: 0 ----0 
[11:45:43.1215][785][Info]: 0 ----0 
[11:45:43.1405][786][Info]: 0 ----0 
[11:45:43.1405][787][Info]: 0 ----0 
[11:45:43.1545][788][Info]: 0 ----0 
[11:45:43.1545][789][Info]: 0 ----0 
[11:45:43.1675][790][Info]: 0 ----0 
[11:45:43.1675][791][Info]: 0 ----0 
[11:45:43.1675][792][Info]: 0 ----0 
[11:45:43.1865][793][Info]: 0 ----0 
[11:45:43.1865][794][Info]: 0 ----0 
[11:45:43.1995][795][Info]: 0 ----0 
[11:45:43.1995][796][Info]: 0 ----0 
[11:45:43.1995][797][Info]: 0 ----0 
[11:45:43.2195][798][Info]: 0 ----0 
[11:45:43.2285][799][Info]: 0 ----0 
[11:45:43.2285][800][Info]: 0 ----0 
[11:45:43.2285][801][Info]: 0 ----0 
[11:45:43.2505][802][Info]: 0 ----0 
[11:45:43.2505][803][Info]: 0 ----0 
[11:45:43.2635][804][Info]: 0 ----0 
[11:45:43.2635][805][Info]: 0 ----0 
[11:45:43.2775][806][Info]: 0 ----0 
[11:45:43.2775][807][Info]: 0 ----0 
[11:45:43.2775][808][Info]: 0 ----0 
[11:45:43.2965][809][Info]: 0 ----0 
[11:45:43.2965][810][Info]: 0 ----0 
[11:45:43.3119][811][Info]: 0 ----0 
[11:45:43.3119][812][Info]: 0 ----0 
[11:45:43.3268][813][Info]: 0 ----0 
[11:45:43.3268][814][Info]: 0 ----0 
[11:45:43.3395][815][Info]: 0 ----0 
[11:45:43.3395][816][Info]: 0 ----0 
[11:45:43.3395][817][Info]: 0 ----0 
[11:45:43.3574][818][Info]: 0 ----0 
[11:45:43.3574][819][Info]: 0 ----0 
[11:45:43.3704][820][Info]: 0 ----0 
[11:45:43.3704][821][Info]: 0 ----0 
[11:45:43.3889][822][Info]: 0 ----0 
[11:45:43.3889][823][Info]: 0 ----0 
[11:45:43.4029][824][Info]: 0 ----0 
[11:45:43.4029][825][Info]: 0 ----0 
[11:45:43.4159][826][Info]: 0 ----0 
[11:45:43.4159][827][Info]: 0 ----0 
[11:45:43.4159][828][Info]: 0 ----0 
[11:45:43.4339][829][Info]: 0 ----0 
[11:45:43.4339][830][Info]: 0 ----0 
[11:45:43.4484][831][Info]: 0 ----0 
[11:45:43.4484][832][Info]: 0 ----0 
[11:45:43.4484][833][Info]: 0 ----0 
[11:45:43.4684][834][Info]: 0 ----0 
[11:45:43.4814][835][Info]: 0 ----0 
[11:45:43.4814][836][Info]: 0 ----0 
[11:45:43.4954][837][Info]: 0 ----0 
[11:45:43.4954][838][Info]: 0 ----0 
[11:45:43.4954][839][Info]: 0 ----0 
[11:45:43.5134][840][Info]: 0 ----0 
[11:45:43.5134][841][Info]: 0 ----0 
[11:45:43.5294][842][Info]: 0 ----0 
[11:45:43.5294][843][Info]: 0 ----0 
[11:45:43.5460][844][Info]: 0 ----0 
[11:45:43.5460][845][Info]: 0 ----0 
[11:45:43.5600][846][Info]: 0 ----0 
[11:45:43.5600][847][Info]: 0 ----0 
[11:45:43.5750][848][Info]: 0 ----0 
[11:45:43.5750][849][Info]: 0 ----0 
[11:45:43.5750][850][Info]: 0 ----0 
[11:45:43.5930][851][Info]: 0 ----0 
[11:45:43.5930][852][Info]: 0 ----0 
[11:45:43.6060][853][Info]: 0 ----0 
[11:45:43.6060][854][Info]: 0 ----0 
[11:45:43.6190][855][Info]: 0 ----0 
[11:45:43.6190][856][Info]: 0 ----0 
[11:45:43.6190][857][Info]: 0 ----0 
[11:45:43.6407][858][Info]: 0 ----0 
[11:45:43.6407][859][Info]: 0 ----0 
[11:45:43.6537][860][Info]: 0 ----0 
[11:45:43.6537][861][Info]: 0 ----0 
[11:45:43.6657][862][Info]: 0 ----0 
[11:45:43.6657][863][Info]: 0 ----0 
[11:45:43.6837][864][Info]: 0 ----0 
[11:45:43.6837][865][Info]: 0 ----0 
[11:45:43.6987][866][Info]: 0 ----0 
[11:45:43.6987][867][Info]: 0 ----0 
[11:45:43.6987][868][Info]: 0 ----0 
[11:45:43.7177][869][Info]: 0 ----0 
[11:45:43.7177][870][Info]: 0 ----0 
[11:45:43.7327][871][Info]: 0 ----0 
[11:45:43.7327][872][Info]: 0 ----0 
[11:45:43.7469][873][Info]: 0 ----0 
[11:45:43.7469][874][Info]: 0 ----0 
[11:45:43.7469][875][Info]: 0 ----0 
[11:45:43.7649][876][Info]: 0 ----0 
[11:45:43.7649][877][Info]: 0 ----0 
[11:45:43.7789][878][Info]: 0 ----0 
[11:45:43.7789][879][Info]: 0 ----0 
[11:45:43.7918][880][Info]: 0 ----0 
[11:45:43.7918][881][Info]: 0 ----0 
[11:45:43.8068][882][Info]: 0 ----0 
[11:45:43.8068][883][Info]: 0 ----0 
[11:45:43.8068][884][Info]: 0 ----0 
[11:45:43.8268][885][Info]: 0 ----0 
[11:45:43.8268][886][Info]: 0 ----0 
[11:45:43.8464][887][Info]: 0 ----0 
[11:45:43.8464][888][Info]: 0 ----0 
[11:45:43.8584][889][Info]: 0 ----0 
[11:45:43.8584][890][Info]: 0 ----0 
[11:45:43.8714][891][Info]: 0 ----0 
[11:45:43.8714][892][Info]: 0 ----0 
[11:45:43.8874][893][Info]: 0 ----0 
[11:45:43.8874][894][Info]: 0 ----0 
[11:45:43.9024][895][Info]: 0 ----0 
[11:45:43.9024][896][Info]: 0 ----0 
[11:45:43.9164][897][Info]: 0 ----0 
[11:45:43.9164][898][Info]: 0 ----0 
[11:45:43.9164][899][Info]: 0 ----0 
[11:45:43.9374][900][Info]: 0 ----0 
[11:45:43.9374][901][Info]: 0 ----0 
[11:45:43.9524][902][Info]: 0 ----0 
[11:45:43.9524][903][Info]: 0 ----0 
[11:45:43.9674][904][Info]: 0 ----0 
[11:45:43.9674][905][Info]: 0 ----0 
[11:45:43.9864][906][Info]: 0 ----0 
[11:45:43.9954][907][Info]: 0 ----0 
[11:45:43.9954][908][Info]: 0 ----0 
[11:45:44.0144][909][Info]: 0 ----0 
[11:45:44.0144][910][Info]: 0 ----0 
[11:45:44.0294][911][Info]: 0 ----0 
[11:45:44.0294][912][Info]: 0 ----0 
[11:45:44.0423][913][Info]: 0 ----0 
[11:45:44.0423][914][Info]: 0 ----0 
[11:45:44.0603][915][Info]: 0 ----0 
[11:45:44.0603][916][Info]: 0 ----0 
[11:45:44.0783][917][Info]: 0 ----0 
[11:45:44.0783][918][Info]: 0 ----0 
[11:45:44.0953][919][Info]: 0 ----0 
[11:45:44.0953][920][Info]: 0 ----0 
[11:45:44.1093][921][Info]: 0 ----0 
[11:45:44.1093][922][Info]: 0 ----0 
[11:45:44.1223][923][Info]: 0 ----0 
[11:45:44.1223][924][Info]: 0 ----0 
[11:45:44.1373][925][Info]: 0 ----0 
[11:45:44.1373][926][Info]: 0 ----0 
[11:45:44.1603][927][Info]: 0 ----0 
[11:45:44.1663][928][Info]: 0 ----0 
[11:45:44.1663][929][Info]: 0 ----0 
[11:45:44.1663][930][Info]: 0 ----0 
[11:45:44.1883][931][Info]: 0 ----0 
[11:45:44.1883][932][Info]: 0 ----0 
[11:45:44.2013][933][Info]: 0 ----0 
[11:45:44.2013][934][Info]: 0 ----0 
[11:45:44.2163][935][Info]: 0 ----0 
[11:45:44.2163][936][Info]: 0 ----0 
[11:45:44.2333][937][Info]: 0 ----0 
[11:45:44.2333][938][Info]: 0 ----0 
[11:45:44.2473][939][Info]: 0 ----0 
[11:45:44.2473][940][Info]: 0 ----0 
[11:45:44.2613][941][Info]: 0 ----0 
[11:45:44.2613][942][Info]: 0 ----0 
[11:45:44.2613][943][Info]: 0 ----0 
[11:45:44.2813][944][Info]: 0 ----0 
[11:45:44.2933][945][Info]: -1 ----0 
[11:45:44.3063][946][Info]: -1 ----0 
[11:45:44.3063][947][Info]: -1 ----0 
[11:45:44.3223][948][Info]: -1 ----0 
[11:45:44.3223][949][Info]: -1 ----0 
[11:45:44.3223][950][Info]: -1 ----0 
[11:45:44.3423][951][Info]: -1 ----0 
[11:45:44.3423][952][Info]: -1 ----0 
[11:45:44.3543][953][Info]: -1 ----0 
[11:45:44.3543][954][Info]: -1 ----0 
[11:45:44.3543][955][Info]: -1 ----0 
[11:45:44.3752][956][Info]: -1 ----0 
[11:45:44.3752][957][Info]: -1 ----0 
[11:45:44.3872][958][Info]: -1 ----0 
[11:45:44.3872][959][Info]: -1 ----0 
[11:45:44.4033][960][Info]: -1 ----0 
[11:45:44.4033][961][Info]: -1 ----0 
[11:45:44.4033][962][Info]: -1 ----0 
[11:45:44.4232][963][Info]: -1 -----1 
[11:45:44.4232][964][Info]: -1 -----1 
[11:45:44.4352][965][Info]: -1 -----1 
[11:45:44.4352][966][Info]: -1 -----1 
[11:45:44.4482][967][Info]: -1 -----1 
[11:45:44.4482][968][Info]: 0 -----1 
[11:45:44.4682][969][Info]: 0 -----1 
[11:45:44.4682][970][Info]: 0 -----1 
[11:45:44.4812][971][Info]: 0 -----1 
[11:45:44.4812][972][Info]: 0 -----1 
[11:45:44.4962][973][Info]: 0 -----1 
[11:45:44.4962][974][Info]: 0 -----1 
[11:45:44.5102][975][Info]: 0 -----1 
[11:45:44.5102][976][Info]: 0 -----1 
[11:45:44.5102][977][Info]: 0 -----1 
[11:45:44.5292][978][Info]: 0 -----1 
[11:45:44.5292][979][Info]: 0 -----1 
[11:45:44.5418][980][Info]: 0 -----1 
[11:45:44.5418][981][Info]: 0 -----1 
[11:45:44.5568][982][Info]: 0 -----1 
[11:45:44.5568][983][Info]: 0 -----1 
[11:45:44.5728][984][Info]: 0 -----1 
[11:45:44.5728][985][Info]: 0 -----1 
[11:45:44.5728][986][Info]: 0 -----1 
[11:45:44.5918][987][Info]: 0 -----1 
[11:45:44.5918][988][Info]: 0 -----1 
[11:45:44.6078][989][Info]: 0 -----1 
[11:45:44.6078][990][Info]: 0 -----1 
[11:45:44.6218][991][Info]: 0 -----1 
[11:45:44.6218][992][Info]: 0 -----1 
[11:45:44.6359][993][Info]: 0 -----1 
[11:45:44.6359][994][Info]: 0 -----1 
[11:45:44.6359][995][Info]: 0 -----1 
[11:45:44.6549][996][Info]: 0 -----1 
[11:45:44.6549][997][Info]: -1 -----1 
[11:45:44.6699][998][Info]: -1 -----1 
[11:45:44.6699][999][Info]: -1 -----1 
[11:45:44.6818][1000][Info]: -1 -----1 
[11:45:44.6818][1001][Info]: -1 -----1 
[11:45:44.6968][1002][Info]: -1 -----1 
[11:45:44.6968][1003][Info]: -1 -----1 
[11:45:44.6968][1004][Info]: -1 -----1 
[11:45:44.7168][1005][Info]: -1 -----1 
[11:45:44.7168][1006][Info]: -1 ----0 
[11:45:44.7338][1007][Info]: -1 ----0 
[11:45:44.7338][1008][Info]: -1 ----0 
[11:45:44.7469][1009][Info]: -1 ----0 
[11:45:44.7469][1010][Info]: -1 ----0 
[11:45:44.7618][1011][Info]: -1 ----0 
[11:45:44.7618][1012][Info]: -1 ----0 
[11:45:44.7768][1013][Info]: -1 ----0 
[11:45:44.7768][1014][Info]: -1 ----0 
[11:45:44.7908][1015][Info]: -1 ----0 
[11:45:44.7908][1016][Info]: -1 ----0 
[11:45:44.7908][1017][Info]: -1 ----0 
[11:45:44.8108][1018][Info]: -1 ----0 
[11:45:44.8108][1019][Info]: -1 ----0 
[11:45:44.8248][1020][Info]: -1 ----0 
[11:45:44.8248][1021][Info]: -1 ----0 
[11:45:44.8248][1022][Info]: -1 ----0 
[11:45:44.8439][1023][Info]: -1 ----0 
[11:45:44.8439][1024][Info]: -1 -----1 
[11:45:44.8579][1025][Info]: -1 -----1 
[11:45:44.8579][1026][Info]: -1 -----1 
[11:45:44.8698][1027][Info]: -1 -----1 
[11:45:44.8698][1028][Info]: -1 -----1 
[11:45:44.8698][1029][Info]: -1 -----1 
[11:45:44.8899][1030][Info]: -1 -----1 
[11:45:44.8899][1031][Info]: -1 -----1 
[11:45:44.9059][1032][Info]: -1 -----1 
[11:45:44.9059][1033][Info]: -1 -----1 
[11:45:44.9238][1034][Info]: -1 -----1 
[11:45:44.9238][1035][Info]: -1 -----1 
[11:45:44.9369][1036][Info]: -1 -----1 
[11:45:44.9369][1037][Info]: -1 -----1 
[11:45:44.9509][1038][Info]: 0 -----1 
[11:45:44.9509][1039][Info]: 0 -----1 
[11:45:44.9658][1040][Info]: 0 -----1 
[11:45:44.9658][1041][Info]: 0 -----1 
[11:45:44.9818][1042][Info]: 0 -----1 
[11:45:44.9818][1043][Info]: 0 -----1 
[11:45:44.9968][1044][Info]: 0 -----1 
[11:45:44.9968][1045][Info]: 0 -----1 
[11:45:45.0098][1046][Info]: 1 -----1 
[11:45:45.0098][1047][Info]: 1 -----1 
[11:45:45.0098][1048][Info]: 1 -----1 
[11:45:45.0298][1049][Info]: 1 -----1 
[11:45:45.0298][1050][Info]: 1 -----1 
[11:45:45.0439][1051][Info]: 1 -----1 
[11:45:45.0439][1052][Info]: 1 ----0 
[11:45:45.0606][1053][Info]: 1 ----0 
[11:45:45.0606][1054][Info]: 1 ----0 
[11:45:45.0786][1055][Info]: 1 ----0 
[11:45:45.0786][1056][Info]: 1 ----0 
[11:45:45.0916][1057][Info]: 1 ----0 
[11:45:45.0916][1058][Info]: 1 ----0 
[11:45:45.1076][1059][Info]: 1 ----0 
[11:45:45.1076][1060][Info]: 1 ----0 
[11:45:45.1196][1061][Info]: 1 ----0 
[11:45:45.1196][1062][Info]: 1 ----0 
[11:45:45.1196][1063][Info]: 1 ----0 
[11:45:45.1409][1064][Info]: 1 ----0 
[11:45:45.1409][1065][Info]: 1 ----0 
[11:45:45.1559][1066][Info]: 1 ----0 
[11:45:45.1559][1067][Info]: 1 ----0 
[11:45:45.1698][1068][Info]: 1 ----0 
[11:45:45.1698][1069][Info]: 1 ----0 
[11:45:45.1818][1070][Info]: 1 ----0 
[11:45:45.1818][1071][Info]: 1 ----0 
[11:45:45.1818][1072][Info]: 1 ----1 
[11:45:45.2028][1073][Info]: 1 ----1 
[11:45:45.2028][1074][Info]: 1 ----1 
[11:45:45.2218][1075][Info]: 1 ----1 
[11:45:45.2308][1076][Info]: 1 ----1 
[11:45:45.2308][1077][Info]: 1 ----1 
[11:45:45.2446][1078][Info]: 1 ----1 
[11:45:45.2446][1079][Info]: 1 ----1 
[11:45:45.2616][1080][Info]: 1 ----1 
[11:45:45.2616][1081][Info]: 1 ----1 
[11:45:45.2786][1082][Info]: 0 ----1 
[11:45:45.2786][1083][Info]: 0 ----1 
[11:45:45.2996][1084][Info]: 0 ----1 
[11:45:45.3146][1085][Info]: 0 ----1 
[11:45:45.3359][1086][Info]: 0 ----1 
[11:45:45.3429][1087][Info]: 0 ----1 
[11:45:45.3429][1088][Info]: 0 ----1 
[11:45:45.3548][1089][Info]: 0 ----1 
[11:45:45.3548][1090][Info]: 0 ----1 
[11:45:45.3709][1091][Info]: 0 ----1 
[11:45:45.3709][1092][Info]: 0 ----1 
[11:45:45.3879][1093][Info]: 0 ----1 
[11:45:45.3879][1094][Info]: 0 ----1 
[11:45:45.4039][1095][Info]: 0 ----1 
[11:45:45.4039][1096][Info]: 0 ----1 
[11:45:45.4169][1097][Info]: 0 ----1 
[11:45:45.4169][1098][Info]: 0 ----1 
[11:45:45.4169][1099][Info]: 0 ----1 
[11:45:45.4349][1100][Info]: 0 ----1 
[11:45:45.4349][1101][Info]: 0 ----1 
[11:45:45.4479][1102][Info]: 0 ----1 
[11:45:45.4479][1103][Info]: 0 ----1 
[11:45:45.4479][1104][Info]: 0 ----1 
[11:45:45.4669][1105][Info]: 0 ----1 
[11:45:45.4669][1106][Info]: 0 ----0 
[11:45:45.4829][1107][Info]: 0 ----0 
[11:45:45.4829][1108][Info]: 0 ----0 
[11:45:45.4948][1109][Info]: 0 ----0 
[11:45:45.4948][1110][Info]: 0 ----0 
[11:45:45.5108][1111][Info]: 0 ----0 
[11:45:45.5108][1112][Info]: 0 ----0 
[11:45:45.5258][1113][Info]: 0 ----0 
[11:45:45.5258][1114][Info]: 0 ----0 
[11:45:45.5258][1115][Info]: 0 ----0 
[11:45:45.5474][1116][Info]: 0 ----0 
[11:45:45.5564][1117][Info]: 0 ----0 
[11:45:45.5564][1118][Info]: 0 ----0 
[11:45:45.5564][1119][Info]: 0 ----0 
[11:45:45.5774][1120][Info]: 0 ----0 
[11:45:45.5774][1121][Info]: 0 ----0 
[11:45:45.5894][1122][Info]: 0 ----0 
[11:45:45.5894][1123][Info]: 0 ----0 
[11:45:45.5894][1124][Info]: 0 ----0 
[11:45:45.6094][1125][Info]: 0 ----0 
[11:45:45.6094][1126][Info]: 0 ----0 
[11:45:45.6214][1127][Info]: 0 ----0 
[11:45:45.6214][1128][Info]: 0 ----0 
[11:45:45.6346][1129][Info]: 0 ----0 
[11:45:45.6346][1130][Info]: 0 ----0 
[11:45:45.6346][1131][Info]: 0 ----0 
[11:45:45.6546][1132][Info]: 0 ----0 
[11:45:45.6546][1133][Info]: 0 ----0 
[11:45:45.6676][1134][Info]: 0 ----0 
[11:45:45.6676][1135][Info]: 0 ----0 
[11:45:45.6856][1136][Info]: 0 ----0 
[11:45:45.6856][1137][Info]: 0 ----0 
[11:45:45.6976][1138][Info]: 0 ----0 
[11:45:45.6976][1139][Info]: 0 ----0 
[11:45:45.7146][1140][Info]: 0 ----1 
[11:45:45.7146][1141][Info]: 0 ----1 
[11:45:45.7286][1142][Info]: 0 ----1 
[11:45:45.7286][1143][Info]: 0 ----1 
[11:45:45.7286][1144][Info]: 0 ----1 
[11:45:45.7489][1145][Info]: 0 ----1 
[11:45:45.7489][1146][Info]: 0 ----1 
[11:45:45.7609][1147][Info]: 0 ----1 
[11:45:45.7609][1148][Info]: 0 ----1 
[11:45:45.7609][1149][Info]: 0 ----1 
[11:45:45.7799][1150][Info]: 0 ----1 
[11:45:45.7799][1151][Info]: 0 ----1 
[11:45:45.7929][1152][Info]: 0 ----1 
[11:45:45.7929][1153][Info]: 0 ----1 
[11:45:45.8099][1154][Info]: 0 ----1 
[11:45:45.8099][1155][Info]: 0 ----1 
[11:45:45.8239][1156][Info]: 0 ----1 
[11:45:45.8239][1157][Info]: 0 ----1 
[11:45:45.8424][1158][Info]: 0 ----1 
[11:45:45.8424][1159][Info]: 0 ----1 
[11:45:45.8544][1160][Info]: 0 ----1 
[11:45:45.8544][1161][Info]: 0 ----1 
[11:45:45.8544][1162][Info]: 0 ----1 
[11:45:45.8734][1163][Info]: 0 ----1 
[11:45:45.8734][1164][Info]: 0 ----1 
[11:45:45.8884][1165][Info]: 0 ----1 
[11:45:45.8884][1166][Info]: 0 ----1 
[11:45:45.9044][1167][Info]: 0 ----1 
[11:45:45.9044][1168][Info]: 0 ----1 
[11:45:45.9204][1169][Info]: 0 ----1 
[11:45:45.9204][1170][Info]: 0 ----1 
[11:45:45.9324][1171][Info]: 0 ----1 
[11:45:45.9324][1172][Info]: 0 ----1 
[11:45:45.9324][1173][Info]: 0 ----1 
[11:45:45.9519][1174][Info]: 0 ----1 
[11:45:45.9519][1175][Info]: 0 ----1 
[11:45:45.9649][1176][Info]: 0 ----1 
[11:45:45.9649][1177][Info]: 0 ----1 
[11:45:45.9799][1178][Info]: 0 ----1 
[11:45:45.9799][1179][Info]: 0 ----1 
[11:45:45.9959][1180][Info]: 0 ----1 
[11:45:45.9959][1181][Info]: 0 ----1 
[11:45:46.0098][1182][Info]: 0 ----0 
[11:45:46.0098][1183][Info]: 0 ----0 
[11:45:46.0098][1184][Info]: 0 ----0 
[11:45:46.0309][1185][Info]: 0 ----0 
[11:45:46.0309][1186][Info]: 0 ----0 
[11:45:46.0429][1187][Info]: 0 ----0 
[11:45:46.0429][1188][Info]: 0 ----0 
[11:45:46.0579][1189][Info]: 0 ----0 
[11:45:46.0579][1190][Info]: 0 ----0 
[11:45:46.0579][1191][Info]: 0 ----0 
[11:45:46.0769][1192][Info]: 0 ----0 
[11:45:46.0769][1193][Info]: 0 ----0 
[11:45:46.0898][1194][Info]: 0 ----0 
[11:45:46.0898][1195][Info]: 0 ----0 
[11:45:46.0898][1196][Info]: 0 ----0 
[11:45:46.1079][1197][Info]: 0 ----0 
[11:45:46.1079][1198][Info]: 0 ----0 
[11:45:46.1238][1199][Info]: 0 ----0 
[11:45:46.1238][1200][Info]: 0 ----0 
[11:45:46.1419][1201][Info]: 0 ----0 
[11:45:46.1509][1202][Info]: 0 ----0 
[11:45:46.1509][1203][Info]: 0 ----0 
[11:45:46.1509][1204][Info]: 0 ----0 
[11:45:46.1698][1205][Info]: 0 ----0 
[11:45:46.1698][1206][Info]: 0 ----0 
[11:45:46.1818][1207][Info]: 0 ----0 
[11:45:46.1818][1208][Info]: 0 ----0 
[11:45:46.1818][1209][Info]: 0 ----0 
[11:45:46.2028][1210][Info]: 0 ----0 
[11:45:46.2028][1211][Info]: 0 ----1 
[11:45:46.2178][1212][Info]: 0 ----1 
[11:45:46.2178][1213][Info]: 0 ----1 
[11:45:46.2308][1214][Info]: 0 ----1 
[11:45:46.2308][1215][Info]: 0 ----1 
[11:45:46.2308][1216][Info]: 0 ----1 
[11:45:46.2519][1217][Info]: 0 ----1 
[11:45:46.2519][1218][Info]: 0 ----1 
[11:45:46.2659][1219][Info]: 0 ----1 
[11:45:46.2659][1220][Info]: 0 ----1 
[11:45:46.2849][1221][Info]: 0 ----1 
[11:45:46.2989][1222][Info]: 0 ----1 
[11:45:46.3079][1223][Info]: 0 ----1 
[11:45:46.3079][1224][Info]: 0 ----1 
[11:45:46.3239][1225][Info]: 0 ----1 
[11:45:46.3239][1226][Info]: 0 ----1 
[11:45:46.3239][1227][Info]: 0 ----1 
[11:45:46.3440][1228][Info]: 0 ----1 
[11:45:46.3440][1229][Info]: 0 ----1 
[11:45:46.3570][1230][Info]: 0 ----1 
[11:45:46.3570][1231][Info]: 0 ----1 
[11:45:46.3729][1232][Info]: 0 ----1 
[11:45:46.3729][1233][Info]: 0 ----1 
[11:45:46.3869][1234][Info]: 0 ----1 
[11:45:46.3869][1235][Info]: 0 ----0 
[11:45:46.4009][1236][Info]: 0 ----0 
[11:45:46.4009][1237][Info]: 0 ----0 
[11:45:46.4009][1238][Info]: 0 ----0 
[11:45:46.4189][1239][Info]: 0 ----0 
[11:45:46.4189][1240][Info]: 0 ----0 
[11:45:46.4189][1241][Info]: 0 ----0 
[11:45:46.4375][1242][Info]: 0 ----0 
[11:45:46.4475][1243][Info]: 0 ----0 
[11:45:46.4475][1244][Info]: 0 ----0 
[11:45:46.4645][1245][Info]: 0 ----0 
[11:45:46.4645][1246][Info]: 0 ----0 
[11:45:46.4795][1247][Info]: 0 ----0 
[11:45:46.4795][1248][Info]: 0 ----0 
[11:45:46.4795][1249][Info]: 0 ----0 
[11:45:46.4995][1250][Info]: 0 ----0 
[11:45:46.4995][1251][Info]: 0 ----0 
[11:45:46.5135][1252][Info]: 0 ----0 
[11:45:46.5135][1253][Info]: 0 ----0 
[11:45:46.5285][1254][Info]: 0 ----0 
[11:45:46.5285][1255][Info]: 0 ----0 
[11:45:46.5423][1256][Info]: 0 ----0 
[11:45:46.5423][1257][Info]: 0 ----0 
[11:45:46.5563][1258][Info]: 0 ----0 
[11:45:46.5563][1259][Info]: 0 ----0 
[11:45:46.5563][1260][Info]: 0 ----0 
[11:45:46.5773][1261][Info]: 0 ----0 
[11:45:46.5773][1262][Info]: 0 ----0 
[11:45:46.5913][1263][Info]: 0 ----0 
[11:45:46.5913][1264][Info]: 0 ----0 
[11:45:46.6113][1265][Info]: 0 ----1 
[11:45:46.6113][1266][Info]: 0 ----1 
[11:45:46.6233][1267][Info]: 0 ----1 
[11:45:46.6233][1268][Info]: 0 ----1 
[11:45:46.6383][1269][Info]: 0 ----1 
[11:45:46.6383][1270][Info]: 0 ----1 
[11:45:46.6513][1271][Info]: 0 ----1 
[11:45:46.6513][1272][Info]: 0 ----1 
[11:45:46.6513][1273][Info]: 0 ----1 
[11:45:46.6693][1274][Info]: 0 ----1 
[11:45:46.6693][1275][Info]: 0 ----0 
[11:45:46.6833][1276][Info]: 0 ----0 
[11:45:46.6833][1277][Info]: 0 ----0 
[11:45:46.6833][1278][Info]: 0 ----0 
[11:45:46.7033][1279][Info]: 0 ----0 
[11:45:46.7033][1280][Info]: 0 ----0 
[11:45:46.7183][1281][Info]: 0 ----0 
[11:45:46.7183][1282][Info]: 0 ----0 
[11:45:46.7333][1283][Info]: 0 ----0 
[11:45:46.7333][1284][Info]: 0 ----0 
[11:45:46.7464][1285][Info]: 0 ----0 
[11:45:46.7464][1286][Info]: 0 ----0 
[11:45:46.7644][1287][Info]: 0 ----0 
[11:45:46.7644][1288][Info]: 0 ----0 
[11:45:46.7774][1289][Info]: 0 ----0 
[11:45:46.7774][1290][Info]: 0 ----0 
[11:45:46.7774][1291][Info]: 0 ----0 
[11:45:46.7954][1292][Info]: 0 ----0 
[11:45:46.7954][1293][Info]: 0 ----0 
[11:45:46.8113][1294][Info]: 0 ----0 
[11:45:46.8113][1295][Info]: 0 ----0 
[11:45:46.8243][1296][Info]: 0 ----0 
[11:45:46.8243][1297][Info]: 0 ----0 
[11:45:46.8243][1298][Info]: 0 ----0 
[11:45:46.8424][1299][Info]: 0 ----0 
[11:45:46.8424][1300][Info]: 0 ----0 
[11:45:46.8544][1301][Info]: 0 ----0 
[11:45:46.8544][1302][Info]: 0 ----0 
[11:45:46.8544][1303][Info]: 0 ----0 
[11:45:46.8744][1304][Info]: 0 ----0 
[11:45:46.8744][1305][Info]: 0 ----0 
[11:45:46.8884][1306][Info]: 0 ----0 
[11:45:46.8884][1307][Info]: 0 ----0 
[11:45:46.9014][1308][Info]: -1 ----0 
[11:45:46.9014][1309][Info]: -1 ----0 
[11:45:46.9204][1310][Info]: -1 ----0 
[11:45:46.9204][1311][Info]: -1 ----0 
[11:45:46.9369][1312][Info]: -1 ----0 
[11:45:46.9369][1313][Info]: -1 ----0 
[11:45:46.9489][1314][Info]: -1 ----0 
[11:45:46.9489][1315][Info]: -1 ----0 
[11:45:46.9489][1316][Info]: -1 ----0 
[11:45:46.9708][1317][Info]: -1 ----0 
[11:45:46.9788][1318][Info]: -1 ----0 
[11:45:46.9788][1319][Info]: -1 -----1 
[11:45:46.9788][1320][Info]: -1 -----1 
[11:45:47.0004][1321][Info]: -1 -----1 
[11:45:47.0004][1322][Info]: -1 -----1 
[11:45:47.0124][1323][Info]: -1 -----1 
[11:45:47.0124][1324][Info]: -1 -----1 
[11:45:47.0254][1325][Info]: -1 -----1 
[11:45:47.0254][1326][Info]: -1 -----1 
[11:45:47.0254][1327][Info]: -1 -----1 
[11:45:47.0459][1328][Info]: -1 -----1 
[11:45:47.0459][1329][Info]: -1 -----1 
[11:45:47.0659][1330][Info]: -1 -----1 
[11:45:47.0738][1331][Info]: -1 -----1 
[11:45:47.0738][1332][Info]: -1 -----1 
[11:45:47.0738][1333][Info]: -1 -----1 
[11:45:47.0918][1334][Info]: -1 -----1 
[11:45:47.0918][1335][Info]: -1 -----1 
[11:45:47.1048][1336][Info]: -1 -----1 
[11:45:47.1048][1337][Info]: -1 -----1 
[11:45:47.1048][1338][Info]: -1 -----1 
[11:45:47.1228][1339][Info]: -1 -----1 
[11:45:47.1228][1340][Info]: 1 -----1 
[11:45:47.1409][1341][Info]: 1 -----1 
[11:45:47.1409][1342][Info]: 1 -----1 
[11:45:47.1539][1343][Info]: 1 -----1 
[11:45:47.1539][1344][Info]: 1 -----1 
[11:45:47.1678][1345][Info]: 1 -----1 
[11:45:47.1678][1346][Info]: 1 -----1 
[11:45:47.1678][1347][Info]: 1 -----1 
[11:45:47.1858][1348][Info]: 1 -----1 
[11:45:47.1858][1349][Info]: 1 -----1 
[11:45:47.2008][1350][Info]: 1 -----1 
[11:45:47.2008][1351][Info]: 1 -----1 
[11:45:47.2208][1352][Info]: 1 -----1 
[11:45:47.2328][1353][Info]: 1 -----1 
[11:45:47.2328][1354][Info]: 1 -----1 
[11:45:47.2485][1355][Info]: 1 -----1 
[11:45:47.2485][1356][Info]: 1 -----1 
[11:45:47.2665][1357][Info]: 1 -----1 
[11:45:47.2755][1358][Info]: 1 -----1 
[11:45:47.2755][1359][Info]: 1 -----1 
[11:45:47.2755][1360][Info]: 1 -----1 
[11:45:47.2975][1361][Info]: 1 -----1 
[11:45:47.3075][1362][Info]: 0 -----1 
[11:45:47.3075][1363][Info]: 0 -----1 
[11:45:47.3225][1364][Info]: 0 -----1 
[11:45:47.3225][1365][Info]: 0 -----1 
[11:45:47.3377][1366][Info]: 0 -----1 
[11:45:47.3377][1367][Info]: 0 ----0 
[11:45:47.3607][1368][Info]: 0 ----0 
[11:45:47.3727][1369][Info]: 0 ----0 
[11:45:47.3893][1370][Info]: -1 ----0 
[11:45:47.3893][1371][Info]: -1 ----0 
[11:45:47.4073][1372][Info]: -1 ----0 
[11:45:47.4073][1373][Info]: -1 ----0 
[11:45:47.4233][1374][Info]: -1 ----0 
[11:45:47.4233][1375][Info]: -1 ----0 
[11:45:47.4387][1376][Info]: -1 ----0 
[11:45:47.4387][1377][Info]: -1 ----0 
[11:45:47.4537][1378][Info]: -1 ----0 
[11:45:47.4627][1379][Info]: -1 ----0 
[11:45:47.4627][1380][Info]: -1 ----0 
[11:45:47.4827][1381][Info]: -1 ----1 
[11:45:47.4827][1382][Info]: -1 ----1 
[11:45:47.4993][1383][Info]: -1 ----1 
[11:45:47.4993][1384][Info]: -1 ----1 
[11:45:47.5153][1385][Info]: -1 ----1 
[11:45:47.5253][1386][Info]: -1 ----1 
[11:45:47.5253][1387][Info]: -1 ----1 
[11:45:47.5469][1388][Info]: -1 ----1 
[11:45:47.5619][1389][Info]: -1 ----1 
[11:45:47.5619][1390][Info]: -1 ----1 
[11:45:47.5809][1391][Info]: -1 ----0 
[11:45:47.5919][1392][Info]: -1 ----0 
[11:45:47.5919][1393][Info]: -1 ----0 
[11:45:47.6069][1394][Info]: -1 ----0 
[11:45:47.6069][1395][Info]: -1 ----0 
[11:45:47.6219][1396][Info]: -1 ----0 
[11:45:47.6219][1397][Info]: -1 ----0 
[11:45:47.6415][1398][Info]: -1 ----0 
[11:45:47.6415][1399][Info]: -1 ----0 
[11:45:47.6545][1400][Info]: -1 ----0 
[11:45:47.6545][1401][Info]: -1 ----0 
[11:45:47.6685][1402][Info]: -1 ----0 
[11:45:47.6685][1403][Info]: -1 ----0 
[11:45:47.6875][1404][Info]: -1 ----0 
[11:45:47.6875][1405][Info]: -1 ----0 
[11:45:47.7005][1406][Info]: -1 ----0 
[11:45:47.7005][1407][Info]: -1 ----0 
[11:45:47.7155][1408][Info]: -1 ----0 
[11:45:47.7155][1409][Info]: -1 ----0 
[11:45:47.7305][1410][Info]: -1 ----0 
[11:45:47.7305][1411][Info]: -1 ----0 
[11:45:47.7305][1412][Info]: -1 ----0 
[11:45:47.7488][1413][Info]: -1 ----0 
[11:45:47.7488][1414][Info]: -1 ----0 
[11:45:47.7628][1415][Info]: -1 ----0 
[11:45:47.7628][1416][Info]: -1 ----0 
[11:45:47.7758][1417][Info]: -1 ----0 
[11:45:47.7758][1418][Info]: -1 ----0 
[11:45:47.7758][1419][Info]: -1 ----0 
[11:45:47.7958][1420][Info]: -1 ----0 
[11:45:47.7958][1421][Info]: -1 ----1 
[11:45:47.8138][1422][Info]: -1 ----1 
[11:45:47.8258][1423][Info]: -1 ----1 
[11:45:47.8258][1424][Info]: -1 ----1 
[11:45:47.8453][1425][Info]: -1 ----1 
[11:45:47.8453][1426][Info]: -1 ----1 
[11:45:47.8593][1427][Info]: -1 ----1 
[11:45:47.8593][1428][Info]: -1 ----1 
[11:45:47.8733][1429][Info]: 0 ----1 
[11:45:47.8853][1430][Info]: 0 ----1 
[11:45:47.8853][1431][Info]: 0 ----1 
[11:45:47.9033][1432][Info]: 0 ----1 
[11:45:47.9033][1433][Info]: 0 ----1 
[11:45:47.9183][1434][Info]: 0 ----1 
[11:45:47.9183][1435][Info]: 0 ----1 
[11:45:47.9339][1436][Info]: 0 ----1 
[11:45:47.9339][1437][Info]: 0 ----1 
[11:45:47.9474][1438][Info]: 0 ----1 
[11:45:47.9474][1439][Info]: 0 ----1 
[11:45:47.9664][1440][Info]: 0 ----1 
[11:45:47.9664][1441][Info]: 0 ----1 
[11:45:47.9834][1442][Info]: 0 ----1 
[11:45:47.9834][1443][Info]: 0 ----1 
[11:45:48.0014][1444][Info]: 0 ----1 
[11:45:48.0104][1445][Info]: 0 ----0 
[11:45:48.0104][1446][Info]: 0 ----0 
[11:45:48.0274][1447][Info]: 0 ----0 
[11:45:48.0274][1448][Info]: 0 ----0 
[11:45:48.0428][1449][Info]: 0 ----0 
[11:45:48.0428][1450][Info]: 0 ----0 
[11:45:48.0618][1451][Info]: 0 ----0 
[11:45:48.0618][1452][Info]: 0 ----0 
[11:45:48.0758][1453][Info]: 0 ----0 
[11:45:48.0758][1454][Info]: 0 ----0 
[11:45:48.0898][1455][Info]: 0 ----0 
[11:45:48.0898][1456][Info]: 0 ----0 
[11:45:48.0898][1457][Info]: 0 ----0 
[11:45:48.1088][1458][Info]: 0 ----0 
[11:45:48.1088][1459][Info]: 0 ----0 
[11:45:48.1208][1460][Info]: 0 ----0 
[11:45:48.1208][1461][Info]: 0 ----0 
[11:45:48.1348][1462][Info]: 0 ----0 
[11:45:48.1348][1463][Info]: 0 ----0 
[11:45:48.1528][1464][Info]: 0 ----0 
[11:45:48.1528][1465][Info]: 0 ----0 
[11:45:48.1678][1466][Info]: 0 ----0 
[11:45:48.1678][1467][Info]: 0 ----0 
[11:45:48.1818][1468][Info]: 0 ----0 
[11:45:48.1818][1469][Info]: 0 ----0 
[11:45:48.1818][1470][Info]: 0 ----0 
[11:45:48.2017][1471][Info]: 0 ----0 
[11:45:48.2017][1472][Info]: 0 ----0 
[11:45:48.2157][1473][Info]: 0 ----0 
[11:45:48.2157][1474][Info]: 0 ----0 
[11:45:48.2297][1475][Info]: 0 ----0 
[11:45:48.2297][1476][Info]: 0 ----0 
[11:45:48.2517][1477][Info]: 0 ----0 
[11:45:48.2517][1478][Info]: 0 ----0 
[11:45:48.2647][1479][Info]: 0 ----0 
[11:45:48.2647][1480][Info]: 0 ----0 
[11:45:48.2787][1481][Info]: 0 ----0 
[11:45:48.2787][1482][Info]: 0 ----0 
[11:45:48.3007][1483][Info]: 0 ----0 
[11:45:48.3197][1484][Info]: 0 ----0 
[11:45:48.3277][1485][Info]: 0 ----0 
[11:45:48.3277][1486][Info]: 0 ----0 
[11:45:48.3477][1487][Info]: 0 ----0 
[11:45:48.3547][1488][Info]: 0 ----0 
[11:45:48.3547][1489][Info]: 0 ----0 
[11:45:48.3757][1490][Info]: 0 ----0 
[11:45:48.3847][1491][Info]: 0 ----0 
[11:45:48.3847][1492][Info]: 0 ----0 
[11:45:48.4067][1493][Info]: 0 ----0 
[11:45:48.4067][1494][Info]: 0 ----0 
[11:45:48.4227][1495][Info]: 0 ----0 
[11:45:48.4347][1496][Info]: 0 ----0 
[11:45:48.4487][1497][Info]: 0 ----0 
[11:45:48.4627][1498][Info]: 0 ----0 
[11:45:48.4797][1499][Info]: 0 ----0 
[11:45:48.4797][1500][Info]: 0 ----0 
[11:45:48.5166][1501][Info]: 0 ----0 
[11:45:48.5266][1502][Info]: 0 ----0 
[11:45:48.5266][1503][Info]: 0 ----0 
[11:45:48.5406][1504][Info]: 0 ----0 
[11:45:48.5406][1505][Info]: 0 ----0 
[11:45:48.5606][1506][Info]: 0 ----0 
[11:45:48.5606][1507][Info]: 0 ----0 
[11:45:48.5796][1508][Info]: 0 ----0 
[11:45:48.5796][1509][Info]: 0 ----0 
[11:45:48.5956][1510][Info]: 0 ----0 
[11:45:48.6056][1511][Info]: 0 ----0 
[11:45:48.6056][1512][Info]: 0 ----0 
[11:45:48.6196][1513][Info]: 0 ----0 
[11:45:48.6196][1514][Info]: 0 ----0 
[11:45:48.6346][1515][Info]: 0 ----0 
[11:45:48.6346][1516][Info]: 0 ----0 
[11:45:48.6506][1517][Info]: 0 ----0 
[11:45:48.6506][1518][Info]: 0 ----0 
[11:45:48.6506][1519][Info]: 0 ----0 
[11:45:48.6686][1520][Info]: 0 ----0 
[11:45:48.6686][1521][Info]: 0 ----0 
[11:45:48.6686][1522][Info]: 0 ----0 
[11:45:48.6876][1523][Info]: 0 ----0 
[11:45:48.6876][1524][Info]: 0 ----0 
[11:45:48.6996][1525][Info]: 0 ----0 
[11:45:48.6996][1526][Info]: 0 ----0 
[11:45:48.7146][1527][Info]: 0 ----0 
[11:45:48.7146][1528][Info]: 0 ----0 
[11:45:48.7286][1529][Info]: 0 ----0 
[11:45:48.7286][1530][Info]: 0 ----0 
[11:45:48.7286][1531][Info]: 0 ----0 
[11:45:48.7476][1532][Info]: 0 ----0 
[11:45:48.7476][1533][Info]: 0 ----0 
[11:45:48.7646][1534][Info]: 0 ----0 
[11:45:48.7646][1535][Info]: 0 ----0 
[11:45:48.7796][1536][Info]: 0 ----0 
[11:45:48.7796][1537][Info]: 0 ----0 
[11:45:48.7956][1538][Info]: 0 ----0 
[11:45:48.7956][1539][Info]: 0 ----0 
[11:45:48.8146][1540][Info]: 0 ----0 
[11:45:48.8225][1541][Info]: 0 ----0 
[11:45:48.8225][1542][Info]: 0 ----0 
[11:45:48.8375][1543][Info]: 0 ----0 
[11:45:48.8375][1544][Info]: 0 ----0 
[11:45:48.8375][1545][Info]: 0 ----0 
[11:45:48.8595][1546][Info]: 0 ----0 
[11:45:48.8595][1547][Info]: 0 ----0 
[11:45:48.8745][1548][Info]: 0 ----0 
[11:45:48.8855][1549][Info]: 0 ----0 
[11:45:48.8855][1550][Info]: 0 ----0 
[11:45:48.9025][1551][Info]: 0 ----0 
[11:45:48.9025][1552][Info]: 0 ----0 
[11:45:48.9245][1553][Info]: 0 ----0 
[11:45:48.9315][1554][Info]: 0 ----0 
[11:45:48.9315][1555][Info]: 0 ----0 
[11:45:48.9315][1556][Info]: 0 ----0 
[11:45:48.9525][1557][Info]: 0 ----0 
[11:45:48.9525][1558][Info]: 0 ----0 
[11:45:48.9675][1559][Info]: 0 ----0 
[11:45:48.9675][1560][Info]: 0 ----0 
[11:45:48.9825][1561][Info]: 0 ----0 
[11:45:48.9825][1562][Info]: 0 ----0 
[11:45:48.9945][1563][Info]: 0 ----0 
[11:45:48.9945][1564][Info]: 0 ----0 
[11:45:48.9945][1565][Info]: 0 ----0 
[11:45:49.0125][1566][Info]: 0 ----0 
[11:45:49.0125][1567][Info]: 0 ----0 
[11:45:49.0265][1568][Info]: 0 ----0 
[11:45:49.0265][1569][Info]: 0 ----0 
[11:45:49.0265][1570][Info]: 0 ----0 
[11:45:49.0482][1571][Info]: 0 ----0 
[11:45:49.0582][1572][Info]: 0 ----0 
[11:45:49.0582][1573][Info]: 0 ----0 
[11:45:49.0792][1574][Info]: 0 ----0 
[11:45:49.0792][1575][Info]: 0 ----0 
[11:45:49.0942][1576][Info]: 0 ----0 
[11:45:49.0942][1577][Info]: 0 ----0 
[11:45:49.1082][1578][Info]: 0 ----0 
[11:45:49.1082][1579][Info]: 0 ----0 
[11:45:49.1242][1580][Info]: 0 ----0 
[11:45:49.1242][1581][Info]: 0 ----0 
[11:45:49.1409][1582][Info]: 0 ----0 
[11:45:49.1409][1583][Info]: 0 ----0 
[11:45:49.1529][1584][Info]: 0 ----0 
[11:45:49.1529][1585][Info]: 0 ----0 
[11:45:49.1679][1586][Info]: 0 ----0 
[11:45:49.1679][1587][Info]: 0 ----0 
[11:45:49.1839][1588][Info]: 0 ----0 
[11:45:49.1839][1589][Info]: 0 ----0 
[11:45:49.1839][1590][Info]: 0 ----0 
[11:45:49.2029][1591][Info]: 0 ----0 
[11:45:49.2029][1592][Info]: 0 ----0 
[11:45:49.2189][1593][Info]: 0 ----0 
[11:45:49.2289][1594][Info]: 0 ----0 
[11:45:49.2289][1595][Info]: 0 ----0 
[11:45:49.2289][1596][Info]: 0 ----0 
[11:45:49.2498][1597][Info]: 0 ----0 
[11:45:49.2498][1598][Info]: 0 ----0 
[11:45:49.2668][1599][Info]: 0 ----0 
[11:45:49.2668][1600][Info]: 0 ----0 
[11:45:49.2788][1601][Info]: 0 ----0 
[11:45:49.2788][1602][Info]: 0 ----0 
[11:45:49.2908][1603][Info]: 0 ----0 
[11:45:49.2908][1604][Info]: 0 ----0 
[11:45:49.2908][1605][Info]: 0 ----0 
[11:45:49.3128][1606][Info]: 0 ----0 
[11:45:49.3128][1607][Info]: 0 ----0 
[11:45:49.3258][1608][Info]: 0 ----0 
[11:45:49.3258][1609][Info]: 0 ----0 
[11:45:49.3379][1610][Info]: 0 ----0 
[11:45:49.3379][1611][Info]: 0 ----0 
[11:45:49.3559][1612][Info]: 0 ----0 
[11:45:49.3559][1613][Info]: 0 ----0 
[11:45:49.3749][1614][Info]: 0 ----0 
[11:45:49.3879][1615][Info]: 0 ----0 
[11:45:49.3879][1616][Info]: 0 ----0 
[11:45:49.4028][1617][Info]: 0 ----0 
[11:45:49.4028][1618][Info]: 0 ----0 
[11:45:49.4208][1619][Info]: 0 ----0 
