[15:33:51.1789][1][Info]: enter Launch procedure 
[15:33:51.2884][1][Info]: ===>加载配置 
[15:33:52.6409][1][Info]: ===>开始解析BuffConfig 
[15:33:52.6409][1][Info]: <===解析BuffConfig完毕 
[15:33:52.6409][1][Info]: ===>开始解析SkillConfig 
[15:33:52.7798][1][Info]: <===解析SkillConfig完毕 
[15:33:52.7909][1][Info]: <===配置加载完毕 
[15:33:52.8558][2][Info]: enter Init Procedure 
[15:33:52.8688][2][Warn]: Not found awake system:<PlayerComponent> 
[15:33:56.3476][271][Info]: 登录 
[15:33:56.3566][271][Info]: 1001 
[15:33:56.3566][271][Info]: 大厅阶段 
[15:33:56.4214][272][Info]: (0.00, -0.60, 0.00)rig.velocity 
[15:33:56.4214][272][Info]: (0.00, -0.60, 0.00)ControllerUpdate 
[15:33:56.4214][272][Info]: (0.00, -1.20, 0.00)rig.velocity 
[15:33:56.4214][272][Info]: (0.00, -1.20, 0.00)ControllerUpdate 
[15:33:56.4214][272][Info]: (0.00, -1.80, 0.00)rig.velocity 
[15:33:56.4214][272][Info]: (0.00, -1.80, 0.00)ControllerUpdate 
[15:33:56.4344][272][Info]: Scene Add Entity, Current Count:1 
[15:33:56.4624][273][Info]: (0.00, -2.40, 0.00)rig.velocity 
[15:33:56.4634][273][Info]: (0.00, -2.40, 0.00)ControllerUpdate 
[15:33:56.4634][273][Info]: (0.00, -3.00, 0.00)rig.velocity 
[15:33:56.4634][273][Info]: (0.00, -3.00, 0.00)ControllerUpdate 
[15:33:56.5554][274][Info]: (0.00, 9.00, 0.00)rig.velocity 
[15:33:56.5564][274][Info]: (0.00, 0.00, 0.00)ControllerUpdate 
[15:33:56.6544][276][Info]: (0.00, 0.00, 0.00)rig.velocity 
[15:33:56.6544][276][Info]: (0.00, 0.00, 0.00)ControllerUpdate 
[15:33:56.6674][277][Info]: (0.00, 0.00, 0.00)rig.velocity 
[15:33:56.6674][277][Info]: (0.00, 0.00, 0.00)ControllerUpdate 
[15:33:56.6854][278][Info]: (0.00, 0.00, 0.00)rig.velocity 
[15:33:56.6854][278][Info]: (0.00, 0.00, 0.00)ControllerUpdate 
[15:33:56.6854][279][Info]: (0.00, 0.00, 0.00)rig.velocity 
[15:33:56.6974][279][Info]: (0.00, 0.00, 0.00)ControllerUpdate 
[15:33:56.7181][282][Info]: (0.00, 0.00, 0.00)rig.velocity 
[15:33:56.7181][282][Info]: (0.00, 0.00, 0.00)ControllerUpdate 
[15:33:56.7391][285][Info]: (0.00, 0.00, 0.00)rig.velocity 
[15:33:56.7391][285][Info]: (0.00, 0.00, 0.00)ControllerUpdate 
[15:33:56.7552][287][Info]: (0.00, 0.00, 0.00)rig.velocity 
[15:33:56.7552][287][Info]: (0.00, 0.00, 0.00)ControllerUpdate 
[15:33:56.7762][290][Info]: (0.00, 0.00, 0.00)rig.velocity 
[15:33:56.7762][290][Info]: (0.00, 0.00, 0.00)ControllerUpdate 
[15:33:56.7982][293][Info]: (0.00, 0.00, 0.00)rig.velocity 
[15:33:56.7982][293][Info]: (0.00, 0.00, 0.00)ControllerUpdate 
[15:33:56.8182][295][Info]: (0.00, 0.00, 0.00)rig.velocity 
[15:33:56.8182][295][Info]: (0.00, 0.00, 0.00)ControllerUpdate 
[15:33:56.8382][297][Info]: (0.00, 0.00, 0.00)rig.velocity 
[15:33:56.8382][297][Info]: (0.00, 0.00, 0.00)ControllerUpdate 
[15:33:56.8582][300][Info]: (0.00, 0.00, 0.00)rig.velocity 
[15:33:56.8582][300][Info]: (0.00, 0.00, 0.00)ControllerUpdate 
[15:33:56.8852][303][Info]: (0.00, 0.00, 0.00)rig.velocity 
[15:33:56.8852][303][Info]: (0.00, 0.00, 0.00)ControllerUpdate 
[15:33:56.9002][305][Info]: (0.00, 0.00, 0.00)rig.velocity 
[15:33:56.9002][305][Info]: (0.00, 0.00, 0.00)ControllerUpdate 
[15:33:56.9172][307][Info]: (0.00, 0.00, 0.00)rig.velocity 
[15:33:56.9172][307][Info]: (0.00, 0.00, 0.00)ControllerUpdate 
[15:33:56.9392][310][Info]: (0.00, 0.00, 0.00)rig.velocity 
[15:33:56.9392][310][Info]: (0.00, 0.00, 0.00)ControllerUpdate 
[15:33:56.9602][313][Info]: (0.00, 0.00, 0.00)rig.velocity 
[15:33:56.9602][313][Info]: (0.00, 0.00, 0.00)ControllerUpdate 
[15:33:56.9842][315][Info]: (0.00, 0.00, 0.00)rig.velocity 
[15:33:56.9842][315][Info]: (0.00, 0.00, 0.00)ControllerUpdate 
[15:33:56.9992][317][Info]: (0.00, 0.00, 0.00)rig.velocity 
[15:33:56.9992][317][Info]: (0.00, 0.00, 0.00)ControllerUpdate 
[15:33:57.0151][319][Info]: (0.00, 0.00, 0.00)rig.velocity 
[15:33:57.0151][319][Info]: (0.00, 0.00, 0.00)ControllerUpdate 
[15:33:57.0381][322][Info]: (0.00, 0.00, 0.00)rig.velocity 
[15:33:57.0381][322][Info]: (0.00, 0.00, 0.00)ControllerUpdate 
[15:33:57.0603][325][Info]: (0.00, 0.00, 0.00)rig.velocity 
[15:33:57.0603][325][Info]: (0.00, 0.00, 0.00)ControllerUpdate 
[15:33:57.0753][327][Info]: (0.00, 0.00, 0.00)rig.velocity 
[15:33:57.0753][327][Info]: (0.00, 0.00, 0.00)ControllerUpdate 
[15:33:57.0963][329][Info]: (0.00, 0.00, 0.00)rig.velocity 
[15:33:57.0963][329][Info]: (0.00, 0.00, 0.00)ControllerUpdate 
[15:33:57.1223][332][Info]: (0.00, 0.00, 0.00)rig.velocity 
[15:33:57.1223][332][Info]: (0.00, 0.00, 0.00)ControllerUpdate 
[15:33:57.1403][334][Info]: (0.00, 0.00, 0.00)rig.velocity 
[15:33:57.1403][334][Info]: (0.00, 0.00, 0.00)ControllerUpdate 
[15:33:57.1578][336][Info]: (0.00, 0.00, 0.00)rig.velocity 
[15:33:57.1578][336][Info]: (0.00, 0.00, 0.00)ControllerUpdate 
[15:33:57.1748][338][Info]: (0.00, 0.00, 0.00)rig.velocity 
[15:33:57.1748][338][Info]: (0.00, 0.00, 0.00)ControllerUpdate 
[15:33:57.2008][341][Info]: (0.00, 0.00, 0.00)rig.velocity 
[15:33:57.2008][341][Info]: (0.00, 0.00, 0.00)ControllerUpdate 
[15:33:57.2173][343][Info]: (0.00, 0.00, 0.00)rig.velocity 
[15:33:57.2173][343][Info]: (0.00, 0.00, 0.00)ControllerUpdate 
[15:33:57.2413][346][Info]: (0.00, 0.00, 0.00)rig.velocity 
[15:33:57.2413][346][Info]: (0.00, 0.00, 0.00)ControllerUpdate 
[15:33:57.2583][348][Info]: (0.00, 0.00, 0.00)rig.velocity 
[15:33:57.2583][348][Info]: (0.00, 0.00, 0.00)ControllerUpdate 
[15:33:57.2812][350][Info]: (0.00, 0.00, 0.00)rig.velocity 
[15:33:57.2812][350][Info]: (0.00, 0.00, 0.00)ControllerUpdate 
[15:33:57.3042][351][Info]: (0.00, 0.00, 0.00)rig.velocity 
[15:33:57.3062][351][Info]: (0.00, 0.00, 0.00)ControllerUpdate 
[15:33:57.3062][352][Info]: (0.00, 0.00, 0.00)rig.velocity 
[15:33:57.3062][352][Info]: (0.00, 0.00, 0.00)ControllerUpdate 
[15:33:57.3362][354][Info]: (0.00, 0.00, 0.00)rig.velocity 
[15:33:57.3362][354][Info]: (0.00, 0.00, 0.00)ControllerUpdate 
[15:33:57.3552][356][Info]: (0.00, 0.00, 0.00)rig.velocity 
[15:33:57.3552][356][Info]: (0.00, 0.00, 0.00)ControllerUpdate 
[15:33:57.3812][359][Info]: (0.00, 0.00, 0.00)rig.velocity 
[15:33:57.3812][359][Info]: (0.00, 0.00, 0.00)ControllerUpdate 
[15:33:57.4032][361][Info]: (0.00, 0.00, 0.00)rig.velocity 
[15:33:57.4032][361][Info]: (0.00, 0.00, 0.00)ControllerUpdate 
[15:33:57.4202][363][Info]: (0.00, 0.00, 0.00)rig.velocity 
[15:33:57.4202][363][Info]: (0.00, 0.00, 0.00)ControllerUpdate 
[15:33:57.4352][364][Info]: (0.00, 0.00, 0.00)rig.velocity 
[15:33:57.4352][364][Info]: (0.00, 0.00, 0.00)ControllerUpdate 
[15:33:57.4632][366][Info]: (0.00, 0.00, 0.00)rig.velocity 
[15:33:57.4632][366][Info]: (0.00, 0.00, 0.00)ControllerUpdate 
[15:33:57.4792][368][Info]: (0.00, 0.00, 0.00)rig.velocity 
[15:33:57.4792][368][Info]: (0.00, 0.00, 0.00)ControllerUpdate 
[15:33:57.5014][370][Info]: (0.00, 0.00, 0.00)rig.velocity 
[15:33:57.5014][370][Info]: (0.00, 0.00, 0.00)ControllerUpdate 
[15:33:57.5174][372][Info]: (0.00, 0.00, 0.00)rig.velocity 
[15:33:57.5174][372][Info]: (0.00, 0.00, 0.00)ControllerUpdate 
[15:33:57.5364][374][Info]: (0.00, 0.00, 0.00)rig.velocity 
[15:33:57.5364][374][Info]: (0.00, 0.00, 0.00)ControllerUpdate 
[15:33:57.5625][377][Info]: (0.00, 0.00, 0.00)rig.velocity 
[15:33:57.5625][377][Info]: (0.00, 0.00, 0.00)ControllerUpdate 
[15:33:57.5845][379][Info]: (0.00, 0.00, 0.00)rig.velocity 
[15:33:57.5845][379][Info]: (0.00, 0.00, 0.00)ControllerUpdate 
[15:33:57.6005][380][Info]: (0.00, 0.00, 0.00)rig.velocity 
[15:33:57.6005][380][Info]: (0.00, 0.00, 0.00)ControllerUpdate 
[15:33:57.6155][381][Info]: (0.00, 0.00, 0.00)rig.velocity 
[15:33:57.6155][381][Info]: (0.00, 0.00, 0.00)ControllerUpdate 
[15:33:57.6395][384][Info]: (0.00, 0.00, 0.00)rig.velocity 
[15:33:57.6395][384][Info]: (0.00, 0.00, 0.00)ControllerUpdate 
[15:33:57.6565][386][Info]: (0.00, 0.00, 0.00)rig.velocity 
[15:33:57.6565][386][Info]: (0.00, 0.00, 0.00)ControllerUpdate 
[15:33:57.6815][389][Info]: (0.00, 0.00, 0.00)rig.velocity 
[15:33:57.6815][389][Info]: (0.00, 0.00, 0.00)ControllerUpdate 
[15:33:57.7032][391][Info]: (0.00, 0.00, 0.00)rig.velocity 
[15:33:57.7032][391][Info]: (0.00, 0.00, 0.00)ControllerUpdate 
[15:33:57.7222][393][Info]: (0.00, 0.00, 0.00)rig.velocity 
[15:33:57.7222][393][Info]: (0.00, 0.00, 0.00)ControllerUpdate 
[15:33:57.7392][394][Info]: (0.00, 0.00, 0.00)rig.velocity 
[15:33:57.7392][394][Info]: (0.00, 0.00, 0.00)ControllerUpdate 
[15:33:57.7602][396][Info]: (0.00, 0.00, 0.00)rig.velocity 
[15:33:57.7602][396][Info]: (0.00, 0.00, 0.00)ControllerUpdate 
[15:33:57.7772][398][Info]: (0.00, 0.00, 0.00)rig.velocity 
[15:33:57.7772][398][Info]: (0.00, 0.00, 0.00)ControllerUpdate 
[15:33:57.7982][400][Info]: (0.00, 0.00, 0.00)rig.velocity 
[15:33:57.7982][400][Info]: (0.00, 0.00, 0.00)ControllerUpdate 
[15:33:57.8152][402][Info]: (0.00, 0.00, 0.00)rig.velocity 
[15:33:57.8152][402][Info]: (0.00, 0.00, 0.00)ControllerUpdate 
[15:33:57.8392][405][Info]: (0.00, 0.00, 0.00)rig.velocity 
[15:33:57.8392][405][Info]: (0.00, 0.00, 0.00)ControllerUpdate 
[15:33:57.8562][407][Info]: (0.00, 0.00, 0.00)rig.velocity 
[15:33:57.8562][407][Info]: (0.00, 0.00, 0.00)ControllerUpdate 
[15:33:57.8842][410][Info]: (0.00, 0.00, 0.00)rig.velocity 
[15:33:57.8852][410][Info]: (0.00, 0.00, 0.00)ControllerUpdate 
[15:33:57.8852][411][Info]: (0.00, 0.00, 0.00)rig.velocity 
[15:33:57.8852][411][Info]: (0.00, 0.00, 0.00)ControllerUpdate 
[15:33:57.9182][413][Info]: (0.00, 0.00, 0.00)rig.velocity 
[15:33:57.9182][413][Info]: (0.00, 0.00, 0.00)ControllerUpdate 
[15:33:57.9352][415][Info]: (0.00, 0.00, 0.00)rig.velocity 
[15:33:57.9352][415][Info]: (0.00, 0.00, 0.00)ControllerUpdate 
[15:33:57.9572][418][Info]: (0.00, 0.00, 0.00)rig.velocity 
[15:33:57.9572][418][Info]: (0.00, 0.00, 0.00)ControllerUpdate 
[15:33:57.9792][421][Info]: (0.00, 0.00, 0.00)rig.velocity 
[15:33:57.9792][421][Info]: (0.00, 0.00, 0.00)ControllerUpdate 
[15:33:58.0012][423][Info]: (0.00, 0.00, 0.00)rig.velocity 
[15:33:58.0012][423][Info]: (0.00, 0.00, 0.00)ControllerUpdate 
[15:33:58.0242][425][Info]: (0.00, 0.00, 0.00)rig.velocity 
[15:33:58.0252][425][Info]: (0.00, 0.00, 0.00)ControllerUpdate 
[15:33:58.0252][426][Info]: (0.00, 0.00, 0.00)rig.velocity 
[15:33:58.0252][426][Info]: (0.00, 0.00, 0.00)ControllerUpdate 
[15:33:58.0692][428][Info]: (0.00, 0.00, 0.00)rig.velocity 
[15:33:58.0692][428][Info]: (0.00, 0.00, 0.00)ControllerUpdate 
[15:33:58.0832][429][Info]: (0.00, 0.00, 0.00)rig.velocity 
[15:33:58.0832][429][Info]: (0.00, 0.00, 0.00)ControllerUpdate 
[15:33:58.1002][431][Info]: (0.00, 0.00, 0.00)rig.velocity 
[15:33:58.1002][431][Info]: (0.00, 0.00, 0.00)ControllerUpdate 
[15:33:58.1212][433][Info]: (0.00, 0.00, 0.00)rig.velocity 
[15:33:58.1212][433][Info]: (0.00, 0.00, 0.00)ControllerUpdate 
[15:33:58.1402][435][Info]: (0.00, 0.00, 0.00)rig.velocity 
[15:33:58.1402][435][Info]: (0.00, 0.00, 0.00)ControllerUpdate 
[15:33:58.1622][437][Info]: (0.00, 0.00, 0.00)rig.velocity 
[15:33:58.1622][437][Info]: (0.00, 0.00, 0.00)ControllerUpdate 
[15:33:58.1832][439][Info]: (0.00, 0.00, 0.00)rig.velocity 
[15:33:58.1832][439][Info]: (0.00, 0.00, 0.00)ControllerUpdate 
[15:33:58.1972][440][Info]: (0.00, 0.00, 0.00)rig.velocity 
[15:33:58.1972][440][Info]: (0.00, 0.00, 0.00)ControllerUpdate 
[15:33:58.2232][442][Info]: (0.00, 0.00, 0.00)rig.velocity 
[15:33:58.2232][442][Info]: (0.00, 0.00, 0.00)ControllerUpdate 
[15:33:58.2362][443][Info]: (0.00, 0.00, 0.00)rig.velocity 
[15:33:58.2362][443][Info]: (0.00, 0.00, 0.00)ControllerUpdate 
[15:33:58.2556][445][Info]: (0.00, 0.00, 0.00)rig.velocity 
[15:33:58.2556][445][Info]: (0.00, 0.00, 0.00)ControllerUpdate 
[15:33:58.2806][448][Info]: (0.00, 0.00, 0.00)rig.velocity 
[15:33:58.2806][448][Info]: (0.00, 0.00, 0.00)ControllerUpdate 
[15:33:58.2976][450][Info]: (0.00, 0.00, 0.00)rig.velocity 
[15:33:58.2976][450][Info]: (0.00, 0.00, 0.00)ControllerUpdate 
[15:33:58.3186][452][Info]: (0.00, 0.00, 0.00)rig.velocity 
[15:33:58.3186][452][Info]: (0.00, 0.00, 0.00)ControllerUpdate 
[15:33:58.3366][454][Info]: (0.00, 0.00, 0.00)rig.velocity 
[15:33:58.3386][454][Info]: (0.00, 0.00, 0.00)ControllerUpdate 
[15:33:58.3626][456][Info]: (0.00, 0.00, 0.00)rig.velocity 
[15:33:58.3626][456][Info]: (0.00, 0.00, 0.00)ControllerUpdate 
[15:33:58.3826][458][Info]: (0.00, 0.00, 0.00)rig.velocity 
[15:33:58.3826][458][Info]: (0.00, 0.00, 0.00)ControllerUpdate 
[15:33:58.3975][459][Info]: (0.00, 0.00, 0.00)rig.velocity 
[15:33:58.3975][459][Info]: (0.00, 0.00, 0.00)ControllerUpdate 
[15:33:58.4235][461][Info]: (0.00, 0.00, 0.00)rig.velocity 
[15:33:58.4235][461][Info]: (0.00, 0.00, 0.00)ControllerUpdate 
[15:33:58.4425][463][Info]: (0.00, 0.00, 0.00)rig.velocity 
[15:33:58.4425][463][Info]: (0.00, 0.00, 0.00)ControllerUpdate 
[15:33:58.4615][465][Info]: (0.00, 0.00, 0.00)rig.velocity 
[15:33:58.4625][465][Info]: (0.00, 0.00, 0.00)ControllerUpdate 
[15:33:58.4815][467][Info]: (0.00, 0.00, 0.00)rig.velocity 
[15:33:58.4815][467][Info]: (0.00, 0.00, 0.00)ControllerUpdate 
[15:33:58.5046][469][Info]: (0.00, 0.00, 0.00)rig.velocity 
[15:33:58.5046][469][Info]: (0.00, 0.00, 0.00)ControllerUpdate 
[15:33:58.5186][470][Info]: (0.00, 0.00, 0.00)rig.velocity 
[15:33:58.5186][470][Info]: (0.00, 0.00, 0.00)ControllerUpdate 
[15:33:58.5406][472][Info]: (0.00, 0.00, 0.00)rig.velocity 
[15:33:58.5406][472][Info]: (0.00, 0.00, 0.00)ControllerUpdate 
[15:33:58.5576][474][Info]: (0.00, 0.00, 0.00)rig.velocity 
[15:33:58.5576][474][Info]: (0.00, 0.00, 0.00)ControllerUpdate 
[15:33:58.5796][477][Info]: (0.00, 0.00, 0.00)rig.velocity 
[15:33:58.5796][477][Info]: (0.00, 0.00, 0.00)ControllerUpdate 
[15:33:58.5962][479][Info]: (0.00, 0.00, 0.00)rig.velocity 
[15:33:58.5962][479][Info]: (0.00, 0.00, 0.00)ControllerUpdate 
[15:33:58.6192][482][Info]: (0.00, 0.00, 0.00)rig.velocity 
[15:33:58.6192][482][Info]: (0.00, 0.00, 0.00)ControllerUpdate 
[15:33:58.6372][484][Info]: (0.00, 0.00, 0.00)rig.velocity 
[15:33:58.6372][484][Info]: (0.00, 0.00, 0.00)ControllerUpdate 
[15:33:58.6608][486][Info]: (0.00, 0.00, 0.00)rig.velocity 
[15:33:58.6608][486][Info]: (0.00, 0.00, 0.00)ControllerUpdate 
[15:33:58.6828][488][Info]: (0.00, 0.00, 0.00)rig.velocity 
[15:33:58.6828][488][Info]: (0.00, 0.00, 0.00)ControllerUpdate 
[15:33:58.6998][490][Info]: (0.00, 0.00, 0.00)rig.velocity 
[15:33:58.6998][490][Info]: (0.00, 0.00, 0.00)ControllerUpdate 
[15:33:58.7184][492][Info]: (0.00, 0.00, 0.00)rig.velocity 
[15:33:58.7184][492][Info]: (0.00, 0.00, 0.00)ControllerUpdate 
[15:33:58.7354][493][Info]: (0.00, 0.00, 0.00)rig.velocity 
[15:33:58.7354][493][Info]: (0.00, 0.00, 0.00)ControllerUpdate 
[15:33:58.7561][495][Info]: (0.00, 0.00, 0.00)rig.velocity 
[15:33:58.7561][495][Info]: (0.00, 0.00, 0.00)ControllerUpdate 
[15:33:58.7751][497][Info]: (0.00, 0.00, 0.00)rig.velocity 
[15:33:58.7751][497][Info]: (0.00, 0.00, 0.00)ControllerUpdate 
[15:33:58.7969][499][Info]: (0.00, 0.00, 0.00)rig.velocity 
[15:33:58.7969][499][Info]: (0.00, 0.00, 0.00)ControllerUpdate 
[15:33:58.8214][501][Info]: (0.00, 0.00, 0.00)rig.velocity 
[15:33:58.8224][501][Info]: (0.00, 0.00, 0.00)ControllerUpdate 
[15:33:58.8374][502][Info]: (0.00, 0.00, 0.00)rig.velocity 
[15:33:58.8374][502][Info]: (0.00, 0.00, 0.00)ControllerUpdate 
[15:33:58.8580][504][Info]: (0.00, 0.00, 0.00)rig.velocity 
[15:33:58.8580][504][Info]: (0.00, 0.00, 0.00)ControllerUpdate 
[15:33:58.8770][506][Info]: (0.00, 0.00, 0.00)rig.velocity 
[15:33:58.8770][506][Info]: (0.00, 0.00, 0.00)ControllerUpdate 
[15:33:58.9020][509][Info]: (0.00, 0.00, 0.00)rig.velocity 
[15:33:58.9020][509][Info]: (0.00, 0.00, 0.00)ControllerUpdate 
[15:33:58.9197][511][Info]: (0.00, 0.00, 0.00)rig.velocity 
[15:33:58.9197][511][Info]: (0.00, 0.00, 0.00)ControllerUpdate 
[15:33:58.9427][513][Info]: (0.00, 0.00, 0.00)rig.velocity 
[15:33:58.9427][513][Info]: (0.00, 0.00, 0.00)ControllerUpdate 
[15:33:58.9643][515][Info]: (0.00, 0.00, 0.00)rig.velocity 
[15:33:58.9643][515][Info]: (0.00, 0.00, 0.00)ControllerUpdate 
[15:33:58.9803][516][Info]: (0.00, 0.00, 0.00)rig.velocity 
[15:33:58.9803][516][Info]: (0.00, 0.00, 0.00)ControllerUpdate 
[15:33:59.0023][518][Info]: (0.00, 0.00, 0.00)rig.velocity 
[15:33:59.0023][518][Info]: (0.00, 0.00, 0.00)ControllerUpdate 
[15:33:59.0163][519][Info]: (0.00, 0.00, 0.00)rig.velocity 
[15:33:59.0163][519][Info]: (0.00, 0.00, 0.00)ControllerUpdate 
[15:33:59.0373][521][Info]: (0.00, 0.00, 0.00)rig.velocity 
[15:33:59.0373][521][Info]: (0.00, 0.00, 0.00)ControllerUpdate 
[15:33:59.0593][523][Info]: (0.00, 0.00, 0.00)rig.velocity 
[15:33:59.0593][523][Info]: (0.00, 0.00, 0.00)ControllerUpdate 
[15:33:59.0753][525][Info]: (0.00, 0.00, 0.00)rig.velocity 
[15:33:59.0753][525][Info]: (0.00, 0.00, 0.00)ControllerUpdate 
[15:33:59.0982][528][Info]: (0.00, 0.00, 0.00)rig.velocity 
[15:33:59.0982][528][Info]: (0.00, 0.00, 0.00)ControllerUpdate 
[15:33:59.1162][530][Info]: (0.00, 0.00, 0.00)rig.velocity 
[15:33:59.1162][530][Info]: (0.00, 0.00, 0.00)ControllerUpdate 
[15:33:59.1462][532][Info]: (0.00, 0.00, 0.00)rig.velocity 
[15:33:59.1462][532][Info]: (0.00, 0.00, 0.00)ControllerUpdate 
[15:33:59.1552][533][Info]: (0.00, 0.00, 0.00)rig.velocity 
[15:33:59.1552][533][Info]: (0.00, 0.00, 0.00)ControllerUpdate 
[15:33:59.1792][536][Info]: (0.00, 0.00, 0.00)rig.velocity 
[15:33:59.1792][536][Info]: (0.00, 0.00, 0.00)ControllerUpdate 
[15:33:59.1952][538][Info]: (0.00, 0.00, 0.00)rig.velocity 
[15:33:59.1952][538][Info]: (0.00, 0.00, 0.00)ControllerUpdate 
[15:33:59.2172][541][Info]: (0.00, 0.00, 0.00)rig.velocity 
[15:33:59.2172][541][Info]: (0.00, 0.00, 0.00)ControllerUpdate 
[15:33:59.2382][544][Info]: (0.00, 0.00, 0.00)rig.velocity 
[15:33:59.2382][544][Info]: (0.00, 0.00, 0.00)ControllerUpdate 
[15:33:59.2602][547][Info]: (0.00, 0.00, 0.00)rig.velocity 
[15:33:59.2602][547][Info]: (0.00, 0.00, 0.00)ControllerUpdate 
[15:33:59.2812][549][Info]: (0.00, 0.00, 0.00)rig.velocity 
[15:33:59.2812][549][Info]: (0.00, 0.00, 0.00)ControllerUpdate 
[15:33:59.2962][550][Info]: (0.00, 0.00, 0.00)rig.velocity 
[15:33:59.2962][550][Info]: (0.00, 0.00, 0.00)ControllerUpdate 
[15:33:59.3182][553][Info]: (0.00, 0.00, 0.00)rig.velocity 
[15:33:59.3182][553][Info]: (0.00, 0.00, 0.00)ControllerUpdate 
[15:33:59.3462][556][Info]: (0.00, 0.00, 0.00)rig.velocity 
[15:33:59.3462][556][Info]: (0.00, 0.00, 0.00)ControllerUpdate 
[15:33:59.3584][557][Info]: (0.00, 0.00, 0.00)rig.velocity 
[15:33:59.3584][557][Info]: (0.00, 0.00, 0.00)ControllerUpdate 
[15:33:59.3804][560][Info]: (0.00, 0.00, 0.00)rig.velocity 
[15:33:59.3804][560][Info]: (0.00, 0.00, 0.00)ControllerUpdate 
[15:33:59.3964][562][Info]: (0.00, 0.00, 0.00)rig.velocity 
[15:33:59.3964][562][Info]: (0.00, 0.00, 0.00)ControllerUpdate 
[15:33:59.4173][565][Info]: (0.00, 0.00, 0.00)rig.velocity 
[15:33:59.4173][565][Info]: (0.00, 0.00, 0.00)ControllerUpdate 
[15:33:59.4453][567][Info]: (0.00, 0.00, 0.00)rig.velocity 
[15:33:59.4473][567][Info]: (0.00, 0.00, 0.00)ControllerUpdate 
[15:33:59.4473][568][Info]: (0.00, 0.00, 0.00)rig.velocity 
[15:33:59.4633][568][Info]: (0.00, 0.00, 0.00)ControllerUpdate 
[15:33:59.4803][570][Info]: (0.00, 0.00, 0.00)rig.velocity 
[15:33:59.4803][570][Info]: (0.00, 0.00, 0.00)ControllerUpdate 
[15:33:59.4993][572][Info]: (0.00, 0.00, 0.00)rig.velocity 
[15:33:59.4993][572][Info]: (0.00, 0.00, 0.00)ControllerUpdate 
[15:33:59.5203][574][Info]: (0.00, 0.00, 0.00)rig.velocity 
[15:33:59.5203][574][Info]: (0.00, 0.00, 0.00)ControllerUpdate 
[15:33:59.5413][576][Info]: (0.00, 0.00, 0.00)rig.velocity 
[15:33:59.5413][576][Info]: (0.00, 0.00, 0.00)ControllerUpdate 
[15:33:59.5672][578][Info]: (0.00, 0.00, 0.00)rig.velocity 
[15:33:59.5672][578][Info]: (0.00, 0.00, 0.00)ControllerUpdate 
[15:33:59.5822][579][Info]: (0.00, 0.00, 0.00)rig.velocity 
[15:33:59.5822][579][Info]: (0.00, 0.00, 0.00)ControllerUpdate 
[15:33:59.5972][580][Info]: (0.00, 0.00, 0.00)rig.velocity 
[15:33:59.5972][580][Info]: (0.00, 0.00, 0.00)ControllerUpdate 
[15:33:59.6222][582][Info]: (0.00, 0.00, 0.00)rig.velocity 
[15:33:59.6222][582][Info]: (0.00, 0.00, 0.00)ControllerUpdate 
[15:33:59.6392][584][Info]: (0.00, 0.00, 0.00)rig.velocity 
[15:33:59.6392][584][Info]: (0.00, 0.00, 0.00)ControllerUpdate 
[15:33:59.6632][586][Info]: (0.00, 0.00, 0.00)rig.velocity 
[15:33:59.6632][586][Info]: (0.00, 0.00, 0.00)ControllerUpdate 
[15:33:59.6822][588][Info]: (0.00, 0.00, 0.00)rig.velocity 
[15:33:59.6822][588][Info]: (0.00, 0.00, 0.00)ControllerUpdate 
[15:33:59.7032][590][Info]: (0.00, 0.00, 0.00)rig.velocity 
[15:33:59.7032][590][Info]: (0.00, 0.00, 0.00)ControllerUpdate 
[15:33:59.7202][592][Info]: (0.00, 0.00, 0.00)rig.velocity 
[15:33:59.7202][592][Info]: (0.00, 0.00, 0.00)ControllerUpdate 
[15:33:59.7392][594][Info]: (0.00, 0.00, 0.00)rig.velocity 
[15:33:59.7392][594][Info]: (0.00, 0.00, 0.00)ControllerUpdate 
[15:33:59.7681][596][Info]: (0.00, 0.00, 0.00)rig.velocity 
[15:33:59.7681][596][Info]: (0.00, 0.00, 0.00)ControllerUpdate 
[15:33:59.7801][597][Info]: (0.00, 0.00, 0.00)rig.velocity 
[15:33:59.7801][597][Info]: (0.00, 0.00, 0.00)ControllerUpdate 
[15:33:59.7981][599][Info]: (0.00, 0.00, 0.00)rig.velocity 
[15:33:59.7981][599][Info]: (0.00, 0.00, 0.00)ControllerUpdate 
[15:33:59.8161][601][Info]: (0.00, 0.00, 0.00)rig.velocity 
[15:33:59.8161][601][Info]: (0.00, 0.00, 0.00)ControllerUpdate 
[15:33:59.8421][604][Info]: (0.00, 0.00, 0.00)rig.velocity 
[15:33:59.8421][604][Info]: (0.00, 0.00, 0.00)ControllerUpdate 
[15:33:59.8601][606][Info]: (0.00, 0.00, 0.00)rig.velocity 
[15:33:59.8601][606][Info]: (0.00, 0.00, 0.00)ControllerUpdate 
[15:33:59.8781][608][Info]: (0.00, 0.00, 0.00)rig.velocity 
[15:33:59.8781][608][Info]: (0.00, 0.00, 0.00)ControllerUpdate 
[15:33:59.9001][610][Info]: (0.00, 0.00, 0.00)rig.velocity 
[15:33:59.9001][610][Info]: (0.00, 0.00, 0.00)ControllerUpdate 
[15:33:59.9218][612][Info]: (0.00, 0.00, 0.00)rig.velocity 
[15:33:59.9218][612][Info]: (0.00, 0.00, 0.00)ControllerUpdate 
[15:33:59.9398][614][Info]: (0.00, 0.00, 0.00)rig.velocity 
[15:33:59.9398][614][Info]: (0.00, 0.00, 0.00)ControllerUpdate 
[15:33:59.9574][616][Info]: (0.00, 0.00, 0.00)rig.velocity 
[15:33:59.9574][616][Info]: (0.00, 0.00, 0.00)ControllerUpdate 
[15:33:59.9804][618][Info]: (0.00, 0.00, 0.00)rig.velocity 
[15:33:59.9804][618][Info]: (0.00, 0.00, 0.00)ControllerUpdate 
[15:33:59.9984][620][Info]: (0.00, 0.00, 0.00)rig.velocity 
[15:33:59.9984][620][Info]: (0.00, 0.00, 0.00)ControllerUpdate 
[15:34:00.0163][622][Info]: (0.00, 0.00, 0.00)rig.velocity 
[15:34:00.0163][622][Info]: (0.00, 0.00, 0.00)ControllerUpdate 
[15:34:00.0353][624][Info]: (0.00, 0.00, 0.00)rig.velocity 
[15:34:00.0353][624][Info]: (0.00, 0.00, 0.00)ControllerUpdate 
[15:34:00.0593][626][Info]: (0.00, 0.00, 0.00)rig.velocity 
[15:34:00.0593][626][Info]: (0.00, 0.00, 0.00)ControllerUpdate 
[15:34:00.0753][627][Info]: (0.00, 0.00, 0.00)rig.velocity 
[15:34:00.0753][627][Info]: (0.00, 0.00, 0.00)ControllerUpdate 
[15:34:00.0996][630][Info]: (0.00, 0.00, 0.00)rig.velocity 
[15:34:00.0996][630][Info]: (0.00, 0.00, 0.00)ControllerUpdate 
[15:34:00.1156][632][Info]: (0.00, 0.00, 0.00)rig.velocity 
[15:34:00.1156][632][Info]: (0.00, 0.00, 0.00)ControllerUpdate 
[15:34:00.1376][635][Info]: (0.00, 0.00, 0.00)rig.velocity 
[15:34:00.1376][635][Info]: (0.00, 0.00, 0.00)ControllerUpdate 
[15:34:00.1593][638][Info]: (0.00, 0.00, 0.00)rig.velocity 
[15:34:00.1593][638][Info]: (0.00, 0.00, 0.00)ControllerUpdate 
[15:34:00.1793][640][Info]: (0.00, 0.00, 0.00)rig.velocity 
[15:34:00.1793][640][Info]: (0.00, 0.00, 0.00)ControllerUpdate 
[15:34:00.2013][642][Info]: (0.00, 0.00, 0.00)rig.velocity 
[15:34:00.2013][642][Info]: (0.00, 0.00, 0.00)ControllerUpdate 
[15:34:00.2213][643][Info]: (0.00, 0.00, 0.00)rig.velocity 
[15:34:00.2213][643][Info]: (0.00, 0.00, 0.00)ControllerUpdate 
[15:34:00.2393][644][Info]: (0.00, 0.00, 0.00)rig.velocity 
[15:34:00.2393][644][Info]: (0.00, 0.00, 0.00)ControllerUpdate 
[15:34:00.2613][645][Info]: (0.00, 0.00, 0.00)rig.velocity 
[15:34:00.2613][645][Info]: (0.00, 0.00, 0.00)ControllerUpdate 
[15:34:00.2802][647][Info]: (0.00, 0.00, 0.00)rig.velocity 
[15:34:00.2802][647][Info]: (0.00, 0.00, 0.00)ControllerUpdate 
[15:34:00.2962][649][Info]: (0.00, 0.00, 0.00)rig.velocity 
[15:34:00.2962][649][Info]: (0.00, 0.00, 0.00)ControllerUpdate 
[15:34:00.3202][652][Info]: (0.00, 0.00, 0.00)rig.velocity 
[15:34:00.3222][652][Info]: (0.00, 0.00, 0.00)ControllerUpdate 
[15:34:00.3382][654][Info]: (0.00, 0.00, 0.00)rig.velocity 
[15:34:00.3382][654][Info]: (0.00, 0.00, 0.00)ControllerUpdate 
[15:34:00.3647][657][Info]: (0.00, 0.00, 0.00)rig.velocity 
[15:34:00.3647][657][Info]: (0.00, 0.00, 0.00)ControllerUpdate 
[15:34:00.3807][658][Info]: (0.00, 0.00, 0.00)rig.velocity 
[15:34:00.3807][658][Info]: (0.00, 0.00, 0.00)ControllerUpdate 
[15:34:00.3957][660][Info]: (0.00, 0.00, 0.00)rig.velocity 
[15:34:00.3957][660][Info]: (0.00, 0.00, 0.00)ControllerUpdate 
[15:34:00.4177][663][Info]: (0.00, 0.00, 0.00)rig.velocity 
[15:34:00.4177][663][Info]: (0.00, 0.00, 0.00)ControllerUpdate 
[15:34:00.4387][666][Info]: (0.00, 0.00, 0.00)rig.velocity 
[15:34:00.4387][666][Info]: (0.00, 0.00, 0.00)ControllerUpdate 
[15:34:00.4616][669][Info]: (0.00, 0.00, 0.00)rig.velocity 
[15:34:00.4626][669][Info]: (0.00, 0.00, 0.00)ControllerUpdate 
[15:34:00.4796][671][Info]: (0.00, 0.00, 0.00)rig.velocity 
[15:34:00.4796][671][Info]: (0.00, 0.00, 0.00)ControllerUpdate 
[15:34:00.4986][673][Info]: (0.00, 0.00, 0.00)rig.velocity 
[15:34:00.4986][673][Info]: (0.00, 0.00, 0.00)ControllerUpdate 
[15:34:00.5186][675][Info]: (0.00, 0.00, 0.00)rig.velocity 
[15:34:00.5186][675][Info]: (0.00, 0.00, 0.00)ControllerUpdate 
[15:34:00.5376][677][Info]: (0.00, 0.00, 0.00)rig.velocity 
[15:34:00.5376][677][Info]: (0.00, 0.00, 0.00)ControllerUpdate 
[15:34:00.5586][680][Info]: (0.00, 0.00, 0.00)rig.velocity 
[15:34:00.5586][680][Info]: (0.00, 0.00, 0.00)ControllerUpdate 
[15:34:00.5796][682][Info]: (0.00, 0.00, 0.00)rig.velocity 
[15:34:00.5796][682][Info]: (0.00, 0.00, 0.00)ControllerUpdate 
[15:34:00.6006][685][Info]: (0.00, 0.00, 0.00)rig.velocity 
[15:34:00.6006][685][Info]: (0.00, 0.00, 0.00)ControllerUpdate 
[15:34:00.6166][687][Info]: (0.00, 0.00, 0.00)rig.velocity 
[15:34:00.6166][687][Info]: (0.00, 0.00, 0.00)ControllerUpdate 
[15:34:00.6406][690][Info]: (0.00, 0.00, 0.00)rig.velocity 
[15:34:00.6406][690][Info]: (0.00, 0.00, 0.00)ControllerUpdate 
[15:34:00.6565][692][Info]: (0.00, 0.00, 0.00)rig.velocity 
[15:34:00.6565][692][Info]: (0.00, 0.00, 0.00)ControllerUpdate 
[15:34:00.6765][694][Info]: (0.00, 0.00, 0.00)rig.velocity 
[15:34:00.6765][694][Info]: (0.00, 0.00, 0.00)ControllerUpdate 
[15:34:00.6958][696][Info]: (0.00, 0.00, 0.00)rig.velocity 
[15:34:00.6968][696][Info]: (0.00, 0.00, 0.00)ControllerUpdate 
[15:34:00.7188][699][Info]: (0.00, 0.00, 0.00)rig.velocity 
[15:34:00.7188][699][Info]: (0.00, 0.00, 0.00)ControllerUpdate 
[15:34:00.7408][702][Info]: (0.00, 0.00, 0.00)rig.velocity 
[15:34:00.7408][702][Info]: (0.00, 0.00, 0.00)ControllerUpdate 
[15:34:00.7566][704][Info]: (0.00, 0.00, 0.00)rig.velocity 
[15:34:00.7566][704][Info]: (0.00, 0.00, 0.00)ControllerUpdate 
[15:34:00.7826][707][Info]: (0.00, 0.00, 0.00)rig.velocity 
[15:34:00.7826][707][Info]: (0.00, 0.00, 0.00)ControllerUpdate 
[15:34:00.7976][709][Info]: (0.00, 0.00, 0.00)rig.velocity 
[15:34:00.7976][709][Info]: (0.00, 0.00, 0.00)ControllerUpdate 
[15:34:00.8196][712][Info]: (0.00, 0.00, 0.00)rig.velocity 
[15:34:00.8196][712][Info]: (0.00, 0.00, 0.00)ControllerUpdate 
[15:34:00.8436][714][Info]: (0.00, 0.00, 0.00)rig.velocity 
[15:34:00.8436][714][Info]: (0.00, 0.00, 0.00)ControllerUpdate 
[15:34:00.8596][716][Info]: (0.00, 0.00, 0.00)rig.velocity 
[15:34:00.8596][716][Info]: (0.00, 0.00, 0.00)ControllerUpdate 
[15:34:00.8746][718][Info]: (0.00, 0.00, 0.00)rig.velocity 
[15:34:00.8746][718][Info]: (0.00, 0.00, 0.00)ControllerUpdate 
[15:34:00.8976][721][Info]: (0.00, 0.00, 0.00)rig.velocity 
[15:34:00.8976][721][Info]: (0.00, 0.00, 0.00)ControllerUpdate 
[15:34:00.9196][724][Info]: (0.00, 0.00, 0.00)rig.velocity 
[15:34:00.9196][724][Info]: (0.00, 0.00, 0.00)ControllerUpdate 
[15:34:00.9356][726][Info]: (0.00, 0.00, 0.00)rig.velocity 
[15:34:00.9356][726][Info]: (0.00, 0.00, 0.00)ControllerUpdate 
[15:34:00.9576][729][Info]: (0.00, 0.00, 0.00)rig.velocity 
[15:34:00.9576][729][Info]: (0.00, 0.00, 0.00)ControllerUpdate 
[15:34:00.9886][732][Info]: (0.00, 0.00, 0.00)rig.velocity 
[15:34:00.9886][732][Info]: (0.00, 0.00, 0.00)ControllerUpdate 
[15:34:01.0025][733][Info]: (0.00, 0.00, 0.00)rig.velocity 
[15:34:01.0025][733][Info]: (0.00, 0.00, 0.00)ControllerUpdate 
[15:34:01.0185][735][Info]: (0.00, 0.00, 0.00)rig.velocity 
[15:34:01.0185][735][Info]: (0.00, 0.00, 0.00)ControllerUpdate 
[15:34:01.0345][737][Info]: (0.00, 0.00, 0.00)rig.velocity 
[15:34:01.0345][737][Info]: (0.00, 0.00, 0.00)ControllerUpdate 
[15:34:01.0565][740][Info]: (0.00, 0.00, 0.00)rig.velocity 
[15:34:01.0565][740][Info]: (0.00, 0.00, 0.00)ControllerUpdate 
[15:34:01.0775][743][Info]: (0.00, 0.00, 0.00)rig.velocity 
[15:34:01.0775][743][Info]: (0.00, 0.00, 0.00)ControllerUpdate 
[15:34:01.0995][746][Info]: (0.00, 0.00, 0.00)rig.velocity 
[15:34:01.0995][746][Info]: (0.00, 0.00, 0.00)ControllerUpdate 
[15:34:01.1155][748][Info]: (0.00, 0.00, 0.00)rig.velocity 
[15:34:01.1155][748][Info]: (0.00, 0.00, 0.00)ControllerUpdate 
[15:34:01.1355][750][Info]: (0.00, 0.00, 0.00)rig.velocity 
[15:34:01.1355][750][Info]: (0.00, 0.00, 0.00)ControllerUpdate 
[15:34:01.1555][752][Info]: (0.00, 0.00, 0.00)rig.velocity 
[15:34:01.1555][752][Info]: (0.00, 0.00, 0.00)ControllerUpdate 
[15:34:01.1765][755][Info]: (0.00, 0.00, 0.00)rig.velocity 
[15:34:01.1765][755][Info]: (0.00, 0.00, 0.00)ControllerUpdate 
[15:34:01.1965][757][Info]: (0.00, 0.00, 0.00)rig.velocity 
[15:34:01.1975][757][Info]: (0.00, 0.00, 0.00)ControllerUpdate 
[15:34:01.2185][760][Info]: (0.00, 0.00, 0.00)rig.velocity 
[15:34:01.2185][760][Info]: (0.00, 0.00, 0.00)ControllerUpdate 
[15:34:01.2345][762][Info]: (0.00, 0.00, 0.00)rig.velocity 
[15:34:01.2345][762][Info]: (0.00, 0.00, 0.00)ControllerUpdate 
[15:34:01.2575][765][Info]: (0.00, 0.00, 0.00)rig.velocity 
[15:34:01.2575][765][Info]: (0.00, 0.00, 0.00)ControllerUpdate 
[15:34:01.2794][768][Info]: (0.00, 0.00, 0.00)rig.velocity 
[15:34:01.2794][768][Info]: (0.00, 0.00, 0.00)ControllerUpdate 
[15:34:01.3014][770][Info]: (0.00, 0.00, 0.00)rig.velocity 
[15:34:01.3014][770][Info]: (0.00, 0.00, 0.00)ControllerUpdate 
[15:34:01.3184][772][Info]: (0.00, 0.00, 0.00)rig.velocity 
[15:34:01.3184][772][Info]: (0.00, 0.00, 0.00)ControllerUpdate 
[15:34:01.3424][775][Info]: (0.00, 0.00, 0.00)rig.velocity 
[15:34:01.3424][775][Info]: (0.00, 0.00, 0.00)ControllerUpdate 
[15:34:01.3579][777][Info]: (0.00, 0.00, 0.00)rig.velocity 
[15:34:01.3579][777][Info]: (0.00, 0.00, 0.00)ControllerUpdate 
[15:34:01.3799][780][Info]: (0.00, 0.00, 0.00)rig.velocity 
[15:34:01.3799][780][Info]: (0.00, 0.00, 0.00)ControllerUpdate 
[15:34:01.4009][782][Info]: (0.00, 0.00, 0.00)rig.velocity 
[15:34:01.4009][782][Info]: (0.00, 0.00, 0.00)ControllerUpdate 
[15:34:01.4159][784][Info]: (0.00, 0.00, 0.00)rig.velocity 
[15:34:01.4159][784][Info]: (0.00, 0.00, 0.00)ControllerUpdate 
[15:34:01.4438][787][Info]: (0.00, 0.00, 0.00)rig.velocity 
[15:34:01.4438][787][Info]: (0.00, 0.00, 0.00)ControllerUpdate 
[15:34:01.4568][788][Info]: (0.00, 0.00, 0.00)rig.velocity 
[15:34:01.4568][788][Info]: (0.00, 0.00, 0.00)ControllerUpdate 
[15:34:01.4798][791][Info]: (0.00, 0.00, 0.00)rig.velocity 
[15:34:01.4798][791][Info]: (0.00, 0.00, 0.00)ControllerUpdate 
[15:34:01.4948][793][Info]: (0.00, 0.00, 0.00)rig.velocity 
[15:34:01.4948][793][Info]: (0.00, 0.00, 0.00)ControllerUpdate 
[15:34:01.5178][796][Info]: (0.00, 0.00, 0.00)rig.velocity 
[15:34:01.5178][796][Info]: (0.00, 0.00, 0.00)ControllerUpdate 
[15:34:01.5398][799][Info]: (0.00, 0.00, 0.00)rig.velocity 
[15:34:01.5408][799][Info]: (0.00, 0.00, 0.00)ControllerUpdate 
[15:34:01.5408][801][Info]: (0.00, 0.00, 0.00)rig.velocity 
[15:34:01.5408][801][Info]: (0.00, 0.00, 0.00)ControllerUpdate 
[15:34:01.5768][804][Info]: (0.00, 0.00, 0.00)rig.velocity 
[15:34:01.5768][804][Info]: (0.00, 0.00, 0.00)ControllerUpdate 
[15:34:01.6008][806][Info]: (0.00, 0.00, 0.00)rig.velocity 
[15:34:01.6008][806][Info]: (0.00, 0.00, 0.00)ControllerUpdate 
[15:34:01.6158][807][Info]: (0.00, 0.00, 0.00)rig.velocity 
[15:34:01.6158][807][Info]: (0.00, 0.00, 0.00)ControllerUpdate 
[15:34:01.6398][810][Info]: (0.00, 0.00, 0.00)rig.velocity 
[15:34:01.6398][810][Info]: (0.00, 0.00, 0.00)ControllerUpdate 
[15:34:01.6558][812][Info]: (0.00, 0.00, 0.00)rig.velocity 
[15:34:01.6558][812][Info]: (0.00, 0.00, 0.00)ControllerUpdate 
[15:34:01.6778][815][Info]: (0.00, 0.00, 0.00)rig.velocity 
[15:34:01.6778][815][Info]: (0.00, 0.00, 0.00)ControllerUpdate 
[15:34:01.6998][818][Info]: (0.00, 0.00, 0.00)rig.velocity 
[15:34:01.6998][818][Info]: (0.00, 0.00, 0.00)ControllerUpdate 
[15:34:01.7148][820][Info]: (0.00, 0.00, 0.00)rig.velocity 
[15:34:01.7148][820][Info]: (0.00, 0.00, 0.00)ControllerUpdate 
[15:34:01.7378][823][Info]: (0.00, 0.00, 0.00)rig.velocity 
[15:34:01.7378][823][Info]: (0.00, 0.00, 0.00)ControllerUpdate 
[15:34:01.7608][825][Info]: (0.00, 0.00, 0.00)rig.velocity 
[15:34:01.7608][825][Info]: (0.00, 0.00, 0.00)ControllerUpdate 
[15:34:01.7767][827][Info]: (0.00, 0.00, 0.00)rig.velocity 
[15:34:01.7767][827][Info]: (0.00, 0.00, 0.00)ControllerUpdate 
[15:34:01.7967][829][Info]: (0.00, 0.00, 0.00)rig.velocity 
[15:34:01.7967][829][Info]: (0.00, 0.00, 0.00)ControllerUpdate 
[15:34:01.8177][832][Info]: (0.00, 0.00, 0.00)rig.velocity 
[15:34:01.8177][832][Info]: (0.00, 0.00, 0.00)ControllerUpdate 
[15:34:01.8407][835][Info]: (0.00, 0.00, 0.00)rig.velocity 
[15:34:01.8407][835][Info]: (0.00, 0.00, 0.00)ControllerUpdate 
[15:34:01.8559][837][Info]: (0.00, 0.00, 0.00)rig.velocity 
[15:34:01.8559][837][Info]: (0.00, 0.00, 0.00)ControllerUpdate 
[15:34:01.8779][840][Info]: (0.00, 0.00, 0.00)rig.velocity 
[15:34:01.8779][840][Info]: (0.00, 0.00, 0.00)ControllerUpdate 
[15:34:01.8949][842][Info]: (0.00, 0.00, 0.00)rig.velocity 
[15:34:01.8949][842][Info]: (0.00, 0.00, 0.00)ControllerUpdate 
[15:34:01.9178][844][Info]: (0.00, 0.00, 0.00)rig.velocity 
[15:34:01.9178][844][Info]: (0.00, 0.00, 0.00)ControllerUpdate 
[15:34:01.9388][847][Info]: (0.00, 0.00, 0.00)rig.velocity 
[15:34:01.9388][847][Info]: (0.00, 0.00, 0.00)ControllerUpdate 
[15:34:01.9548][849][Info]: (0.00, 0.00, 0.00)rig.velocity 
[15:34:01.9548][849][Info]: (0.00, 0.00, 0.00)ControllerUpdate 
[15:34:01.9768][852][Info]: (0.00, 0.00, 0.00)rig.velocity 
[15:34:01.9768][852][Info]: (0.00, 0.00, 0.00)ControllerUpdate 
[15:34:02.0018][855][Info]: (0.00, 0.00, 0.00)rig.velocity 
[15:34:02.0018][855][Info]: (0.00, 0.00, 0.00)ControllerUpdate 
[15:34:02.0178][857][Info]: (0.00, 0.00, 0.00)rig.velocity 
[15:34:02.0178][857][Info]: (0.00, 0.00, 0.00)ControllerUpdate 
[15:34:02.0408][860][Info]: (0.00, 0.00, 0.00)rig.velocity 
[15:34:02.0408][860][Info]: (0.00, 0.00, 0.00)ControllerUpdate 
[15:34:02.0608][862][Info]: (0.00, 0.00, 0.00)rig.velocity 
[15:34:02.0608][862][Info]: (0.00, 0.00, 0.00)ControllerUpdate 
[15:34:02.0798][864][Info]: (0.00, 0.00, 0.00)rig.velocity 
[15:34:02.0798][864][Info]: (0.00, 0.00, 0.00)ControllerUpdate 
[15:34:02.0948][866][Info]: (0.00, 0.00, 0.00)rig.velocity 
[15:34:02.0948][866][Info]: (0.00, 0.00, 0.00)ControllerUpdate 
[15:34:02.1178][869][Info]: (0.00, 0.00, 0.00)rig.velocity 
[15:34:02.1188][869][Info]: (0.00, 0.00, 0.00)ControllerUpdate 
[15:34:02.1398][872][Info]: (0.00, 0.00, 0.00)rig.velocity 
[15:34:02.1398][872][Info]: (0.00, 0.00, 0.00)ControllerUpdate 
[15:34:02.1558][874][Info]: (0.00, 0.00, 0.00)rig.velocity 
[15:34:02.1558][874][Info]: (0.00, 0.00, 0.00)ControllerUpdate 
[15:34:02.1778][877][Info]: (0.00, 0.00, 0.00)rig.velocity 
[15:34:02.1778][877][Info]: (0.00, 0.00, 0.00)ControllerUpdate 
[15:34:02.2037][880][Info]: (0.00, 0.00, 0.00)rig.velocity 
[15:34:02.2037][880][Info]: (0.00, 0.00, 0.00)ControllerUpdate 
[15:34:02.2167][881][Info]: (0.00, 0.00, 0.00)rig.velocity 
[15:34:02.2167][881][Info]: (0.00, 0.00, 0.00)ControllerUpdate 
[15:34:02.2367][883][Info]: (0.00, 0.00, 0.00)rig.velocity 
[15:34:02.2367][883][Info]: (0.00, 0.00, 0.00)ControllerUpdate 
[15:34:02.2597][886][Info]: (0.00, 0.00, 0.00)rig.velocity 
[15:34:02.2597][886][Info]: (0.00, 0.00, 0.00)ControllerUpdate 
[15:34:02.2757][888][Info]: (0.00, 0.00, 0.00)rig.velocity 
[15:34:02.2757][888][Info]: (0.00, 0.00, 0.00)ControllerUpdate 
[15:34:02.2967][891][Info]: (0.00, 0.00, 0.00)rig.velocity 
[15:34:02.2967][891][Info]: (0.00, 0.00, 0.00)ControllerUpdate 
[15:34:02.3187][894][Info]: (0.00, 0.00, 0.00)rig.velocity 
[15:34:02.3187][894][Info]: (0.00, 0.00, 0.00)ControllerUpdate 
[15:34:02.3417][897][Info]: (0.00, 0.00, 0.00)rig.velocity 
[15:34:02.3417][897][Info]: (0.00, 0.00, 0.00)ControllerUpdate 
[15:34:02.3569][899][Info]: (0.00, 0.00, 0.00)rig.velocity 
[15:34:02.3569][899][Info]: (0.00, 0.00, 0.00)ControllerUpdate 
[15:34:02.3809][901][Info]: (0.00, 0.00, 0.00)rig.velocity 
[15:34:02.3809][901][Info]: (0.00, 0.00, 0.00)ControllerUpdate 
[15:34:02.3959][903][Info]: (0.00, 0.00, 0.00)rig.velocity 
[15:34:02.3959][903][Info]: (0.00, 0.00, 0.00)ControllerUpdate 
[15:34:02.4159][905][Info]: (0.00, 0.00, 0.00)rig.velocity 
[15:34:02.4159][905][Info]: (0.00, 0.00, 0.00)ControllerUpdate 
[15:34:02.4378][908][Info]: (0.00, 0.00, 0.00)rig.velocity 
[15:34:02.4378][908][Info]: (0.00, 0.00, 0.00)ControllerUpdate 
[15:34:02.4598][911][Info]: (0.00, 0.00, 0.00)rig.velocity 
[15:34:02.4598][911][Info]: (0.00, 0.00, 0.00)ControllerUpdate 
[15:34:02.4818][914][Info]: (0.00, 0.00, 0.00)rig.velocity 
[15:34:02.4818][914][Info]: (0.00, 0.00, 0.00)ControllerUpdate 
[15:34:02.4968][916][Info]: (0.00, 0.00, 0.00)rig.velocity 
[15:34:02.4968][916][Info]: (0.00, 0.00, 0.00)ControllerUpdate 
[15:34:02.5248][919][Info]: (0.00, 0.00, 0.00)rig.velocity 
[15:34:02.5258][919][Info]: (0.00, 0.00, 0.00)ControllerUpdate 
[15:34:02.5258][920][Info]: (0.00, 0.00, 0.00)rig.velocity 
[15:34:02.5258][920][Info]: (0.00, 0.00, 0.00)ControllerUpdate 
[15:34:02.5598][923][Info]: (0.00, 0.00, 0.00)rig.velocity 
[15:34:02.5598][923][Info]: (0.00, 0.00, 0.00)ControllerUpdate 
[15:34:02.5748][925][Info]: (0.00, 0.00, 0.00)rig.velocity 
[15:34:02.5748][925][Info]: (0.00, 0.00, 0.00)ControllerUpdate 
[15:34:02.5958][928][Info]: (0.00, 0.00, 0.00)rig.velocity 
[15:34:02.5958][928][Info]: (0.00, 0.00, 0.00)ControllerUpdate 
[15:34:02.6168][930][Info]: (0.00, 0.00, 0.00)rig.velocity 
[15:34:02.6168][930][Info]: (0.00, 0.00, 0.00)ControllerUpdate 
[15:34:02.6398][933][Info]: (0.00, 0.00, 0.00)rig.velocity 
[15:34:02.6398][933][Info]: (0.00, 0.00, 0.00)ControllerUpdate 
[15:34:02.6558][935][Info]: (0.00, 0.00, 0.00)rig.velocity 
[15:34:02.6558][935][Info]: (0.00, 0.00, 0.00)ControllerUpdate 
[15:34:02.6768][937][Info]: (0.00, 0.00, 0.00)rig.velocity 
[15:34:02.6768][937][Info]: (0.00, 0.00, 0.00)ControllerUpdate 
[15:34:02.6948][939][Info]: (0.00, 0.00, 0.00)rig.velocity 
[15:34:02.6948][939][Info]: (0.00, 0.00, 0.00)ControllerUpdate 
[15:34:02.7167][942][Info]: (0.00, 0.00, 0.00)rig.velocity 
[15:34:02.7167][942][Info]: (0.00, 0.00, 0.00)ControllerUpdate 
[15:34:02.7387][945][Info]: (0.00, 0.00, 0.00)rig.velocity 
[15:34:02.7387][945][Info]: (0.00, 0.00, 0.00)ControllerUpdate 
[15:34:02.7547][947][Info]: (0.00, 0.00, 0.00)rig.velocity 
[15:34:02.7547][947][Info]: (0.00, 0.00, 0.00)ControllerUpdate 
[15:34:02.7797][950][Info]: (0.00, 0.00, 0.00)rig.velocity 
[15:34:02.7797][950][Info]: (0.00, 0.00, 0.00)ControllerUpdate 
[15:34:02.7967][952][Info]: (0.00, 0.00, 0.00)rig.velocity 
[15:34:02.7967][952][Info]: (0.00, 0.00, 0.00)ControllerUpdate 
[15:34:02.8167][954][Info]: (0.00, 0.00, 0.00)rig.velocity 
[15:34:02.8167][954][Info]: (0.00, 0.00, 0.00)ControllerUpdate 
[15:34:02.8417][956][Info]: (0.00, 0.00, 0.00)rig.velocity 
[15:34:02.8417][956][Info]: (0.00, 0.00, 0.00)ControllerUpdate 
[15:34:02.8569][958][Info]: (0.00, 0.00, 0.00)rig.velocity 
[15:34:02.8569][958][Info]: (0.00, 0.00, 0.00)ControllerUpdate 
[15:34:02.8789][961][Info]: (0.00, 0.00, 0.00)rig.velocity 
[15:34:02.8789][961][Info]: (0.00, 0.00, 0.00)ControllerUpdate 
[15:34:02.9008][964][Info]: (0.00, 0.00, 0.00)rig.velocity 
[15:34:02.9008][964][Info]: (0.00, 0.00, 0.00)ControllerUpdate 
[15:34:02.9168][966][Info]: (0.00, 0.00, 0.00)rig.velocity 
[15:34:02.9168][966][Info]: (0.00, 0.00, 0.00)ControllerUpdate 
[15:34:02.9388][969][Info]: (0.00, 0.00, 0.00)rig.velocity 
[15:34:02.9388][969][Info]: (0.00, 0.00, 0.00)ControllerUpdate 
[15:34:02.9550][971][Info]: (0.00, 0.00, 0.00)rig.velocity 
[15:34:02.9550][971][Info]: (0.00, 0.00, 0.00)ControllerUpdate 
[15:34:02.9820][974][Info]: (0.00, 0.00, 0.00)rig.velocity 
[15:34:02.9820][974][Info]: (0.00, 0.00, 0.00)ControllerUpdate 
[15:34:03.0010][976][Info]: (0.00, 0.00, 0.00)rig.velocity 
[15:34:03.0010][976][Info]: (0.00, 0.00, 0.00)ControllerUpdate 
[15:34:03.0150][977][Info]: (0.00, 0.00, 0.00)rig.velocity 
[15:34:03.0150][977][Info]: (0.00, 0.00, 0.00)ControllerUpdate 
[15:34:03.0370][980][Info]: (0.00, 0.00, 0.00)rig.velocity 
[15:34:03.0370][980][Info]: (0.00, 0.00, 0.00)ControllerUpdate 
[15:34:03.0549][982][Info]: (0.00, 0.00, 0.00)rig.velocity 
[15:34:03.0549][982][Info]: (0.00, 0.00, 0.00)ControllerUpdate 
[15:34:03.0769][985][Info]: (0.00, 0.00, 0.00)rig.velocity 
[15:34:03.0769][985][Info]: (0.00, 0.00, 0.00)ControllerUpdate 
[15:34:03.0989][988][Info]: (0.00, 0.00, 0.00)rig.velocity 
[15:34:03.0989][988][Info]: (0.00, 0.00, 0.00)ControllerUpdate 
[15:34:03.1148][990][Info]: (0.00, 0.00, 0.00)rig.velocity 
[15:34:03.1148][990][Info]: (0.00, 0.00, 0.00)ControllerUpdate 
[15:34:03.1358][992][Info]: (0.00, 0.00, 0.00)rig.velocity 
[15:34:03.1358][992][Info]: (0.00, 0.00, 0.00)ControllerUpdate 
[15:34:03.1549][994][Info]: (0.00, 0.00, 0.00)rig.velocity 
[15:34:03.1549][994][Info]: (0.00, 0.00, 0.00)ControllerUpdate 
[15:34:03.1789][997][Info]: (0.00, 0.00, 0.00)rig.velocity 
[15:34:03.1789][997][Info]: (0.00, 0.00, 0.00)ControllerUpdate 
[15:34:03.2009][1000][Info]: (0.00, 0.00, 0.00)rig.velocity 
[15:34:03.2009][1000][Info]: (0.00, 0.00, 0.00)ControllerUpdate 
[15:34:03.2218][1002][Info]: (0.00, 0.00, 0.00)rig.velocity 
[15:34:03.2218][1002][Info]: (0.00, 0.00, 0.00)ControllerUpdate 
[15:34:03.2398][1004][Info]: (0.00, 0.00, 0.00)rig.velocity 
[15:34:03.2398][1004][Info]: (0.00, 0.00, 0.00)ControllerUpdate 
[15:34:03.2568][1006][Info]: (0.00, 0.00, 0.00)rig.velocity 
[15:34:03.2568][1006][Info]: (0.00, 0.00, 0.00)ControllerUpdate 
[15:34:03.2818][1009][Info]: (0.00, 0.00, 0.00)rig.velocity 
[15:34:03.2818][1009][Info]: (0.00, 0.00, 0.00)ControllerUpdate 
[15:34:03.2978][1010][Info]: (0.00, 0.00, 0.00)rig.velocity 
[15:34:03.2978][1010][Info]: (0.00, 0.00, 0.00)ControllerUpdate 
[15:34:03.3198][1012][Info]: (0.00, 0.00, 0.00)rig.velocity 
[15:34:03.3198][1012][Info]: (0.00, 0.00, 0.00)ControllerUpdate 
[15:34:03.3378][1014][Info]: (0.00, 0.00, 0.00)rig.velocity 
[15:34:03.3378][1014][Info]: (0.00, 0.00, 0.00)ControllerUpdate 
[15:34:03.3558][1016][Info]: (0.00, 0.00, 0.00)rig.velocity 
[15:34:03.3558][1016][Info]: (0.00, 0.00, 0.00)ControllerUpdate 
[15:34:03.3798][1019][Info]: (0.00, 0.00, 0.00)rig.velocity 
[15:34:03.3798][1019][Info]: (0.00, 0.00, 0.00)ControllerUpdate 
[15:34:03.3978][1021][Info]: (0.00, 0.00, 0.00)rig.velocity 
[15:34:03.3978][1021][Info]: (0.00, 0.00, 0.00)ControllerUpdate 
[15:34:03.4258][1024][Info]: (0.00, 0.00, 0.00)rig.velocity 
[15:34:03.4258][1024][Info]: (0.00, 0.00, 0.00)ControllerUpdate 
[15:34:03.4348][1025][Info]: (0.00, 0.00, 0.00)rig.velocity 
[15:34:03.4348][1025][Info]: (0.00, 0.00, 0.00)ControllerUpdate 
[15:34:03.4608][1027][Info]: (0.00, 0.00, 0.00)rig.velocity 
[15:34:03.4608][1027][Info]: (0.00, 0.00, 0.00)ControllerUpdate 
[15:34:03.4788][1029][Info]: (0.00, 0.00, 0.00)rig.velocity 
[15:34:03.4788][1029][Info]: (0.00, 0.00, 0.00)ControllerUpdate 
[15:34:03.4958][1031][Info]: (0.00, 0.00, 0.00)rig.velocity 
[15:34:03.4958][1031][Info]: (0.00, 0.00, 0.00)ControllerUpdate 
[15:34:03.5198][1034][Info]: (0.00, 0.00, 0.00)rig.velocity 
[15:34:03.5198][1034][Info]: (0.00, 0.00, 0.00)ControllerUpdate 
[15:34:03.5368][1036][Info]: (0.00, 0.00, 0.00)rig.velocity 
[15:34:03.5368][1036][Info]: (0.00, 0.00, 0.00)ControllerUpdate 
[15:34:03.5548][1038][Info]: (0.00, 0.00, 0.00)rig.velocity 
[15:34:03.5548][1038][Info]: (0.00, 0.00, 0.00)ControllerUpdate 
[15:34:03.5768][1041][Info]: (0.00, 0.00, 0.00)rig.velocity 
[15:34:03.5768][1041][Info]: (0.00, 0.00, 0.00)ControllerUpdate 
[15:34:03.5968][1043][Info]: (0.00, 0.00, 0.00)rig.velocity 
[15:34:03.5968][1043][Info]: (0.00, 0.00, 0.00)ControllerUpdate 
[15:34:03.6188][1045][Info]: (0.00, 0.00, 0.00)rig.velocity 
[15:34:03.6188][1045][Info]: (0.00, 0.00, 0.00)ControllerUpdate 
[15:34:03.6408][1047][Info]: (0.00, 0.00, 0.00)rig.velocity 
[15:34:03.6408][1047][Info]: (0.00, 0.00, 0.00)ControllerUpdate 
[15:34:03.6619][1049][Info]: (0.00, 0.00, 0.00)rig.velocity 
[15:34:03.6619][1049][Info]: (0.00, 0.00, 0.00)ControllerUpdate 
[15:34:03.6789][1051][Info]: (0.00, 0.00, 0.00)rig.velocity 
[15:34:03.6789][1051][Info]: (0.00, 0.00, 0.00)ControllerUpdate 
[15:34:03.6969][1053][Info]: (0.00, 0.00, 0.00)rig.velocity 
[15:34:03.6969][1053][Info]: (0.00, 0.00, 0.00)ControllerUpdate 
[15:34:03.7209][1056][Info]: (0.00, 0.00, 0.00)rig.velocity 
[15:34:03.7209][1056][Info]: (0.00, 0.00, 0.00)ControllerUpdate 
[15:34:03.7369][1057][Info]: (0.00, 0.00, 0.00)rig.velocity 
[15:34:03.7369][1057][Info]: (0.00, 0.00, 0.00)ControllerUpdate 
[15:34:03.7679][1059][Info]: (0.00, 0.00, 0.00)rig.velocity 
[15:34:03.7679][1059][Info]: (0.00, 0.00, 0.00)ControllerUpdate 
[15:34:03.7939][1060][Info]: (0.00, 0.00, 0.00)rig.velocity 
[15:34:03.7939][1060][Info]: (0.00, 0.00, 0.00)ControllerUpdate 
[15:34:03.7939][1061][Info]: (0.00, 0.00, 0.00)rig.velocity 
[15:34:03.7939][1061][Info]: (0.00, 0.00, 0.00)ControllerUpdate 
[15:34:03.8159][1062][Info]: (0.00, 0.00, 0.00)rig.velocity 
[15:34:03.8159][1062][Info]: (0.00, 0.00, 0.00)ControllerUpdate 
[15:34:03.8359][1064][Info]: (0.00, 0.00, 0.00)rig.velocity 
[15:34:03.8359][1064][Info]: (0.00, 0.00, 0.00)ControllerUpdate 
[15:34:03.8579][1067][Info]: (0.00, 0.00, 0.00)rig.velocity 
[15:34:03.8579][1067][Info]: (0.00, 0.00, 0.00)ControllerUpdate 
[15:34:03.8808][1070][Info]: (0.00, 0.00, 0.00)rig.velocity 
[15:34:03.8808][1070][Info]: (0.00, 0.00, 0.00)ControllerUpdate 
[15:34:03.8968][1072][Info]: (0.00, 0.00, 0.00)rig.velocity 
[15:34:03.8968][1072][Info]: (0.00, 0.00, 0.00)ControllerUpdate 
[15:34:03.9178][1074][Info]: (0.00, 0.00, 0.00)rig.velocity 
[15:34:03.9178][1074][Info]: (0.00, 0.00, 0.00)ControllerUpdate 
[15:34:03.9378][1076][Info]: (0.00, 0.00, 0.00)rig.velocity 
[15:34:03.9378][1076][Info]: (0.00, 0.00, 0.00)ControllerUpdate 
[15:34:03.9598][1079][Info]: (0.00, 0.00, 0.00)rig.velocity 
[15:34:03.9598][1079][Info]: (0.00, 0.00, 0.00)ControllerUpdate 
[15:34:03.9748][1081][Info]: (0.00, 0.00, 0.00)rig.velocity 
[15:34:03.9748][1081][Info]: (0.00, 0.00, 0.00)ControllerUpdate 
[15:34:03.9978][1084][Info]: (0.00, 0.00, 0.00)rig.velocity 
[15:34:03.9978][1084][Info]: (0.00, 0.00, 0.00)ControllerUpdate 
[15:34:04.0148][1086][Info]: (0.00, 0.00, 0.00)rig.velocity 
[15:34:04.0148][1086][Info]: (0.00, 0.00, 0.00)ControllerUpdate 
[15:34:04.0368][1088][Info]: (0.00, 0.00, 0.00)rig.velocity 
[15:34:04.0368][1088][Info]: (0.00, 0.00, 0.00)ControllerUpdate 
[15:34:04.0588][1091][Info]: (0.00, 0.00, 0.00)rig.velocity 
[15:34:04.0588][1091][Info]: (0.00, 0.00, 0.00)ControllerUpdate 
[15:34:04.0828][1093][Info]: (0.00, 0.00, 0.00)rig.velocity 
[15:34:04.0828][1093][Info]: (0.00, 0.00, 0.00)ControllerUpdate 
[15:34:04.0978][1095][Info]: (0.00, 0.00, 0.00)rig.velocity 
[15:34:04.0978][1095][Info]: (0.00, 0.00, 0.00)ControllerUpdate 
[15:34:05.0443][1096][Info]: Scene Remove Entity, Current Count:0 
[15:34:05.0443][1096][Info]: Scene Add Entity, Current Count:1 
[15:34:05.1333][1097][Info]: (0.00, 0.00, 0.00)rig.velocity 
[15:34:05.1343][1097][Info]: (0.00, 0.00, 0.00)ControllerUpdate 
[15:34:05.1343][1097][Info]: (0.00, 0.00, 0.00)rig.velocity 
[15:34:05.1343][1097][Info]: (0.00, 0.00, 0.00)ControllerUpdate 
[15:34:05.1343][1097][Info]: (0.00, 0.00, 0.00)rig.velocity 
[15:34:05.1343][1097][Info]: (0.00, 0.00, 0.00)ControllerUpdate 
[15:34:05.1343][1097][Info]: (0.00, 0.00, 0.00)rig.velocity 
[15:34:05.1343][1097][Info]: (0.00, 0.00, 0.00)ControllerUpdate 
[15:34:05.1343][1097][Info]: (0.00, 0.00, 0.00)rig.velocity 
[15:34:05.1343][1097][Info]: (0.00, 0.00, 0.00)ControllerUpdate 
[15:34:05.1343][1097][Info]: (0.00, 0.00, 0.00)rig.velocity 
[15:34:05.1343][1097][Info]: (0.00, 0.00, 0.00)ControllerUpdate 
[15:34:05.1343][1097][Info]: (0.00, 0.00, 0.00)rig.velocity 
[15:34:05.1343][1097][Info]: (0.00, 0.00, 0.00)ControllerUpdate 
[15:34:05.1343][1097][Info]: (0.00, 0.00, 0.00)rig.velocity 
[15:34:05.1503][1097][Info]: (0.00, 0.00, 0.00)ControllerUpdate 
[15:34:05.1503][1097][Info]: (0.00, 0.00, 0.00)rig.velocity 
[15:34:05.1503][1097][Info]: (0.00, 0.00, 0.00)ControllerUpdate 
[15:34:05.1503][1097][Info]: (0.00, 0.00, 0.00)rig.velocity 
[15:34:05.1503][1097][Info]: (0.00, 0.00, 0.00)ControllerUpdate 
[15:34:05.1503][1097][Info]: (0.00, 0.00, 0.00)rig.velocity 
[15:34:05.1503][1097][Info]: (0.00, 0.00, 0.00)ControllerUpdate 
[15:34:05.1503][1097][Info]: (0.00, 0.00, 0.00)rig.velocity 
[15:34:05.1503][1097][Info]: (0.00, 0.00, 0.00)ControllerUpdate 
[15:34:05.1503][1097][Info]: (0.00, 0.00, 0.00)rig.velocity 
[15:34:05.1503][1097][Info]: (0.00, 0.00, 0.00)ControllerUpdate 
[15:34:05.1503][1097][Info]: (0.00, 0.00, 0.00)rig.velocity 
[15:34:05.1503][1097][Info]: (0.00, 0.00, 0.00)ControllerUpdate 
[15:34:05.1503][1097][Info]: (0.00, 0.00, 0.00)rig.velocity 
[15:34:05.1503][1097][Info]: (0.00, 0.00, 0.00)ControllerUpdate 
[15:34:05.1503][1097][Info]: (0.00, 0.00, 0.00)rig.velocity 
[15:34:05.1662][1097][Info]: (0.00, 0.00, 0.00)ControllerUpdate 
[15:34:05.1662][1097][Info]: (0.00, 0.00, 0.00)rig.velocity 
[15:34:05.1662][1097][Info]: (0.00, 0.00, 0.00)ControllerUpdate 
[15:34:05.3207][1098][Info]: (0.00, 0.00, 0.00)rig.velocity 
[15:34:05.3207][1098][Info]: (0.00, 0.00, 0.00)ControllerUpdate 
[15:34:05.3237][1098][Info]: (0.00, 0.00, 0.00)rig.velocity 
[15:34:05.3237][1098][Info]: (0.00, 0.00, 0.00)ControllerUpdate 
[15:34:05.3237][1098][Info]: (0.00, 0.00, 0.00)rig.velocity 
[15:34:05.3237][1098][Info]: (0.00, 0.00, 0.00)ControllerUpdate 
[15:34:05.3237][1098][Info]: (0.00, 0.00, 0.00)rig.velocity 
[15:34:05.3237][1098][Info]: (0.00, 0.00, 0.00)ControllerUpdate 
[15:34:05.4577][1100][Info]: (0.00, 0.00, 0.00)rig.velocity 
[15:34:05.4577][1100][Info]: (0.00, 0.00, 0.00)ControllerUpdate 
[15:34:05.4727][1101][Info]: (0.00, 0.00, 0.00)rig.velocity 
[15:34:05.4727][1101][Info]: (0.00, 0.00, 0.00)ControllerUpdate 
[15:34:05.4937][1103][Info]: (0.00, 0.00, 0.00)rig.velocity 
[15:34:05.4937][1103][Info]: (0.00, 0.00, 0.00)ControllerUpdate 
[15:34:05.5157][1105][Info]: (0.00, 0.00, 0.00)rig.velocity 
[15:34:05.5157][1105][Info]: (0.00, 0.00, 0.00)ControllerUpdate 
[15:34:05.5417][1107][Info]: (0.00, 0.00, 0.00)rig.velocity 
[15:34:05.5417][1107][Info]: (0.00, 0.00, 0.00)ControllerUpdate 
[15:34:05.5417][1108][Info]: (0.00, 0.00, 0.00)rig.velocity 
[15:34:05.5567][1108][Info]: (0.00, 0.00, 0.00)ControllerUpdate 
[15:34:05.5726][1110][Info]: (0.00, 0.00, 0.00)rig.velocity 
[15:34:05.5726][1110][Info]: (0.00, 0.00, 0.00)ControllerUpdate 
[15:34:05.5926][1112][Info]: (0.00, 0.00, 0.00)rig.velocity 
[15:34:05.5926][1112][Info]: (0.00, 0.00, 0.00)ControllerUpdate 
[15:34:05.6146][1115][Info]: (0.00, 0.00, 0.00)rig.velocity 
[15:34:05.6146][1115][Info]: (0.00, 0.00, 0.00)ControllerUpdate 
[15:34:05.6306][1117][Info]: (0.00, 0.00, 0.00)rig.velocity 
[15:34:05.6306][1117][Info]: (0.00, 0.00, 0.00)ControllerUpdate 
[15:34:05.6566][1120][Info]: (0.00, 0.00, 0.00)rig.velocity 
[15:34:05.6566][1120][Info]: (0.00, 0.00, 0.00)ControllerUpdate 
[15:34:05.6736][1122][Info]: (0.00, 0.00, 0.00)rig.velocity 
[15:34:05.6736][1122][Info]: (0.00, 0.00, 0.00)ControllerUpdate 
[15:34:05.7006][1124][Info]: (0.00, 0.00, 0.00)rig.velocity 
[15:34:05.7006][1124][Info]: (0.00, 0.00, 0.00)ControllerUpdate 
[15:34:05.7156][1125][Info]: (0.00, 0.00, 0.00)rig.velocity 
[15:34:05.7156][1125][Info]: (0.00, 0.00, 0.00)ControllerUpdate 
[15:34:05.7296][1126][Info]: (0.00, 0.00, 0.00)rig.velocity 
[15:34:05.7296][1126][Info]: (0.00, 0.00, 0.00)ControllerUpdate 
[15:34:05.7506][1128][Info]: (0.00, 0.00, 0.00)rig.velocity 
[15:34:05.7506][1128][Info]: (0.00, 0.00, 0.00)ControllerUpdate 
[15:34:05.7696][1130][Info]: (0.00, 0.00, 0.00)rig.velocity 
[15:34:05.7696][1130][Info]: (0.00, 0.00, 0.00)ControllerUpdate 
[15:34:05.7956][1132][Info]: (0.00, 0.00, 0.00)rig.velocity 
[15:34:05.7956][1132][Info]: (0.00, 0.00, 0.00)ControllerUpdate 
[15:34:05.8146][1134][Info]: (0.00, 0.00, 0.00)rig.velocity 
[15:34:05.8146][1134][Info]: (0.00, 0.00, 0.00)ControllerUpdate 
[15:34:05.8346][1136][Info]: (0.00, 0.00, 0.00)rig.velocity 
[15:34:05.8346][1136][Info]: (0.00, 0.00, 0.00)ControllerUpdate 
[15:34:05.8586][1138][Info]: (0.00, 0.00, 0.00)rig.velocity 
[15:34:05.8586][1138][Info]: (0.00, 0.00, 0.00)ControllerUpdate 
[15:34:05.8735][1139][Info]: (0.00, 0.00, 0.00)rig.velocity 
[15:34:05.8735][1139][Info]: (0.00, 0.00, 0.00)ControllerUpdate 
[15:34:05.8916][1141][Info]: (0.00, 0.00, 0.00)rig.velocity 
[15:34:05.8916][1141][Info]: (0.00, 0.00, 0.00)ControllerUpdate 
[15:34:05.9105][1143][Info]: (0.00, 0.00, 0.00)rig.velocity 
[15:34:05.9105][1143][Info]: (0.00, 0.00, 0.00)ControllerUpdate 
[15:34:05.9365][1146][Info]: (0.00, 0.00, 0.00)rig.velocity 
[15:34:05.9365][1146][Info]: (0.00, 0.00, 0.00)ControllerUpdate 
[15:34:05.9545][1148][Info]: (0.00, 0.00, 0.00)rig.velocity 
[15:34:05.9545][1148][Info]: (0.00, 0.00, 0.00)ControllerUpdate 
[15:34:05.9725][1150][Info]: (0.00, 0.00, 0.00)rig.velocity 
[15:34:05.9725][1150][Info]: (0.00, 0.00, 0.00)ControllerUpdate 
[15:34:05.9975][1152][Info]: (0.00, 0.00, 0.00)rig.velocity 
[15:34:05.9975][1152][Info]: (0.00, 0.00, 0.00)ControllerUpdate 
[15:34:06.0102][1153][Info]: (0.00, 0.00, 0.00)rig.velocity 
[15:34:06.0102][1153][Info]: (0.00, 0.00, 0.00)ControllerUpdate 
[15:34:06.0342][1155][Info]: (0.00, 0.00, 0.00)rig.velocity 
[15:34:06.0342][1155][Info]: (0.00, 0.00, 0.00)ControllerUpdate 
[15:34:06.0532][1157][Info]: (0.00, 0.00, 0.00)rig.velocity 
[15:34:06.0532][1157][Info]: (0.00, 0.00, 0.00)ControllerUpdate 
[15:34:06.0712][1159][Info]: (0.00, 0.00, 0.00)rig.velocity 
[15:34:06.0732][1159][Info]: (0.00, 0.00, 0.00)ControllerUpdate 
[15:34:06.0902][1161][Info]: (0.00, 0.00, 0.00)rig.velocity 
[15:34:06.0902][1161][Info]: (0.00, 0.00, 0.00)ControllerUpdate 
[15:34:06.1152][1164][Info]: (0.00, 0.00, 0.00)rig.velocity 
[15:34:06.1152][1164][Info]: (0.00, 0.00, 0.00)ControllerUpdate 
[15:34:06.1332][1166][Info]: (0.00, 0.00, 0.00)rig.velocity 
[15:34:06.1332][1166][Info]: (0.00, 0.00, 0.00)ControllerUpdate 
[15:34:06.1532][1168][Info]: (0.00, 0.00, 0.00)rig.velocity 
[15:34:06.1532][1168][Info]: (0.00, 0.00, 0.00)ControllerUpdate 
[15:34:06.1782][1170][Info]: (0.00, 0.00, 0.00)rig.velocity 
[15:34:06.1782][1170][Info]: (0.00, 0.00, 0.00)ControllerUpdate 
[15:34:06.2012][1172][Info]: (0.00, 0.00, 0.00)rig.velocity 
[15:34:06.2012][1172][Info]: (0.00, 0.00, 0.00)ControllerUpdate 
[15:34:06.2153][1173][Info]: (0.00, 0.00, 0.00)rig.velocity 
[15:34:06.2153][1173][Info]: (0.00, 0.00, 0.00)ControllerUpdate 
[15:34:06.2363][1175][Info]: (0.00, 0.00, 0.00)rig.velocity 
[15:34:06.2363][1175][Info]: (0.00, 0.00, 0.00)ControllerUpdate 
[15:34:06.2552][1177][Info]: (0.00, 0.00, 0.00)rig.velocity 
[15:34:06.2552][1177][Info]: (0.00, 0.00, 0.00)ControllerUpdate 
[15:34:06.2722][1179][Info]: (0.00, 0.00, 0.00)rig.velocity 
[15:34:06.2722][1179][Info]: (0.00, 0.00, 0.00)ControllerUpdate 
[15:34:06.2962][1182][Info]: (0.00, 0.00, 0.00)rig.velocity 
[15:34:06.2962][1182][Info]: (0.00, 0.00, 0.00)ControllerUpdate 
[15:34:06.3163][1184][Info]: (0.00, 0.00, 0.00)rig.velocity 
[15:34:06.3163][1184][Info]: (0.00, 0.00, 0.00)ControllerUpdate 
[15:34:06.3302][1185][Info]: (0.00, 0.00, 0.00)rig.velocity 
[15:34:06.3302][1185][Info]: (0.00, 0.00, 0.00)ControllerUpdate 
[15:34:06.3542][1188][Info]: (0.00, 0.00, 0.00)rig.velocity 
[15:34:06.3542][1188][Info]: (0.00, 0.00, 0.00)ControllerUpdate 
[15:34:06.3692][1190][Info]: (0.00, 0.00, 0.00)rig.velocity 
[15:34:06.3692][1190][Info]: (0.00, 0.00, 0.00)ControllerUpdate 
[15:34:06.3922][1193][Info]: (0.00, 0.00, 0.00)rig.velocity 
[15:34:06.3922][1193][Info]: (0.00, 0.00, 0.00)ControllerUpdate 
[15:34:06.4205][1195][Info]: (0.00, 0.00, 0.00)rig.velocity 
[15:34:06.4205][1195][Info]: (0.00, 0.00, 0.00)ControllerUpdate 
[15:34:06.4205][1196][Info]: (0.00, 0.00, 0.00)rig.velocity 
[15:34:06.4315][1196][Info]: (0.00, 0.00, 0.00)ControllerUpdate 
[15:34:06.4526][1199][Info]: (0.00, 0.00, 0.00)rig.velocity 
[15:34:06.4526][1199][Info]: (0.00, 0.00, 0.00)ControllerUpdate 
[15:34:06.4725][1201][Info]: (0.00, 0.00, 0.00)rig.velocity 
[15:34:06.4725][1201][Info]: (0.00, 0.00, 0.00)ControllerUpdate 
[15:34:06.4915][1203][Info]: (0.00, 0.00, 0.00)rig.velocity 
[15:34:06.4915][1203][Info]: (0.00, 0.00, 0.00)ControllerUpdate 
[15:34:06.5154][1205][Info]: (0.00, 0.00, 0.00)rig.velocity 
[15:34:06.5154][1205][Info]: (0.00, 0.00, 0.00)ControllerUpdate 
[15:34:06.5314][1207][Info]: (0.00, 0.00, 0.00)rig.velocity 
[15:34:06.5314][1207][Info]: (0.00, 0.00, 0.00)ControllerUpdate 
[15:34:06.5554][1210][Info]: (0.00, 0.00, 0.00)rig.velocity 
[15:34:06.5564][1210][Info]: (0.00, 0.00, 0.00)ControllerUpdate 
[15:34:06.5724][1212][Info]: (0.00, 0.00, 0.00)rig.velocity 
[15:34:06.5724][1212][Info]: (0.00, 0.00, 0.00)ControllerUpdate 
[15:34:06.5934][1214][Info]: (0.00, 0.00, 0.00)rig.velocity 
[15:34:06.5934][1214][Info]: (0.00, 0.00, 0.00)ControllerUpdate 
[15:34:06.6156][1216][Info]: (0.00, 0.00, 0.00)rig.velocity 
[15:34:06.6156][1216][Info]: (0.00, 0.00, 0.00)ControllerUpdate 
[15:34:06.6335][1217][Info]: (0.00, 0.00, 0.00)rig.velocity 
[15:34:06.6345][1217][Info]: (0.00, 0.00, 0.00)ControllerUpdate 
[15:34:06.6615][1219][Info]: (0.00, 0.00, 0.00)rig.velocity 
[15:34:06.6615][1219][Info]: (0.00, 0.00, 0.00)ControllerUpdate 
[15:34:06.6755][1220][Info]: (0.00, 0.00, 0.00)rig.velocity 
[15:34:06.6755][1220][Info]: (0.00, 0.00, 0.00)ControllerUpdate 
[15:34:06.6935][1222][Info]: (0.00, 0.00, 0.00)rig.velocity 
[15:34:06.6935][1222][Info]: (0.00, 0.00, 0.00)ControllerUpdate 
[15:34:06.7115][1224][Info]: (0.00, 0.00, 0.00)rig.velocity 
[15:34:06.7115][1224][Info]: (0.00, 0.00, 0.00)ControllerUpdate 
[15:34:06.7312][1226][Info]: (0.00, 0.00, 0.00)rig.velocity 
[15:34:06.7312][1226][Info]: (0.00, 0.00, 0.00)ControllerUpdate 
[15:34:06.7552][1228][Info]: (0.00, 0.00, 0.00)rig.velocity 
[15:34:06.7552][1228][Info]: (0.00, 0.00, 0.00)ControllerUpdate 
[15:34:06.7702][1229][Info]: (0.00, 0.00, 0.00)rig.velocity 
[15:34:06.7702][1229][Info]: (0.00, 0.00, 0.00)ControllerUpdate 
[15:34:06.7972][1231][Info]: (0.00, 0.00, 0.00)rig.velocity 
[15:34:06.7972][1231][Info]: (0.00, 0.00, 0.00)ControllerUpdate 
[15:34:06.8125][1232][Info]: (0.00, 0.00, 0.00)rig.velocity 
[15:34:06.8125][1232][Info]: (0.00, 0.00, 0.00)ControllerUpdate 
[15:34:06.8325][1234][Info]: (0.00, 0.00, 0.00)rig.velocity 
[15:34:06.8325][1234][Info]: (0.00, 0.00, 0.00)ControllerUpdate 
[15:34:06.8515][1236][Info]: (0.00, 0.00, 0.00)rig.velocity 
[15:34:06.8515][1236][Info]: (0.00, 0.00, 0.00)ControllerUpdate 
[15:34:06.8715][1238][Info]: (0.00, 0.00, 0.00)rig.velocity 
[15:34:06.8715][1238][Info]: (0.00, 0.00, 0.00)ControllerUpdate 
[15:34:06.8905][1240][Info]: (0.00, 0.00, 0.00)rig.velocity 
[15:34:06.8905][1240][Info]: (0.00, 0.00, 0.00)ControllerUpdate 
[15:34:06.9153][1243][Info]: (0.00, 0.00, 0.00)rig.velocity 
[15:34:06.9173][1243][Info]: (0.00, 0.00, 0.00)ControllerUpdate 
[15:34:06.9383][1245][Info]: (0.00, 0.00, 0.00)rig.velocity 
[15:34:06.9383][1245][Info]: (0.00, 0.00, 0.00)ControllerUpdate 
[15:34:06.9543][1246][Info]: (0.00, 0.00, 0.00)rig.velocity 
[15:34:06.9543][1246][Info]: (0.00, 0.00, 0.00)ControllerUpdate 
[15:34:06.9733][1248][Info]: (0.00, 0.00, 0.00)rig.velocity 
[15:34:06.9733][1248][Info]: (0.00, 0.00, 0.00)ControllerUpdate 
[15:34:06.9922][1250][Info]: (0.00, 0.00, 0.00)rig.velocity 
[15:34:06.9922][1250][Info]: (0.00, 0.00, 0.00)ControllerUpdate 
[15:34:07.0152][1252][Info]: (0.00, 0.00, 0.00)rig.velocity 
[15:34:07.0152][1252][Info]: (0.00, 0.00, 0.00)ControllerUpdate 
[15:34:07.0332][1254][Info]: (0.00, 0.00, 0.00)rig.velocity 
[15:34:07.0332][1254][Info]: (0.00, 0.00, 0.00)ControllerUpdate 
[15:34:07.0522][1256][Info]: (0.00, 0.00, 0.00)rig.velocity 
[15:34:07.0522][1256][Info]: (0.00, 0.00, 0.00)ControllerUpdate 
[15:34:07.0702][1258][Info]: (0.00, 0.00, 0.00)rig.velocity 
[15:34:07.0702][1258][Info]: (0.00, 0.00, 0.00)ControllerUpdate 
[15:34:07.0942][1260][Info]: (0.00, 0.00, 0.00)rig.velocity 
[15:34:07.0942][1260][Info]: (0.00, 0.00, 0.00)ControllerUpdate 
[15:34:07.1122][1261][Info]: (0.00, 0.00, 0.00)rig.velocity 
[15:34:07.1122][1261][Info]: (0.00, 0.00, 0.00)ControllerUpdate 
[15:34:07.1362][1264][Info]: (0.00, 0.00, 0.00)rig.velocity 
[15:34:07.1362][1264][Info]: (0.00, 0.00, 0.00)ControllerUpdate 
[15:34:07.1532][1266][Info]: (0.00, 0.00, 0.00)rig.velocity 
[15:34:07.1532][1266][Info]: (0.00, 0.00, 0.00)ControllerUpdate 
[15:34:07.1702][1268][Info]: (0.00, 0.00, 0.00)rig.velocity 
[15:34:07.1702][1268][Info]: (0.00, 0.00, 0.00)ControllerUpdate 
[15:34:07.1932][1271][Info]: (0.00, 0.00, 0.00)rig.velocity 
[15:34:07.1932][1271][Info]: (0.00, 0.00, 0.00)ControllerUpdate 
[15:34:07.2191][1274][Info]: (0.00, 0.00, 0.00)rig.velocity 
[15:34:07.2191][1274][Info]: (0.00, 0.00, 0.00)ControllerUpdate 
[15:34:07.2351][1276][Info]: (0.00, 0.00, 0.00)rig.velocity 
[15:34:07.2351][1276][Info]: (0.00, 0.00, 0.00)ControllerUpdate 
[15:34:07.2611][1278][Info]: (0.00, 0.00, 0.00)rig.velocity 
[15:34:07.2611][1278][Info]: (0.00, 0.00, 0.00)ControllerUpdate 
[15:34:07.2611][1279][Info]: (0.00, 0.00, 0.00)rig.velocity 
[15:34:07.2751][1279][Info]: (0.00, 0.00, 0.00)ControllerUpdate 
[15:34:07.2751][1281][Info]: (0.00, 0.00, 0.00)rig.velocity 
[15:34:07.2911][1281][Info]: (0.00, 0.00, 0.00)ControllerUpdate 
[15:34:07.3151][1284][Info]: (0.00, 0.00, 0.00)rig.velocity 
[15:34:07.3151][1284][Info]: (0.00, 0.00, 0.00)ControllerUpdate 
[15:34:07.3311][1286][Info]: (0.00, 0.00, 0.00)rig.velocity 
[15:34:07.3311][1286][Info]: (0.00, 0.00, 0.00)ControllerUpdate 
[15:34:07.3551][1289][Info]: (0.00, 0.00, 0.00)rig.velocity 
[15:34:07.3551][1289][Info]: (0.00, 0.00, 0.00)ControllerUpdate 
[15:34:07.3721][1291][Info]: (0.00, 0.00, 0.00)rig.velocity 
[15:34:07.3721][1291][Info]: (0.00, 0.00, 0.00)ControllerUpdate 
[15:34:07.3981][1294][Info]: (0.00, 0.00, 0.00)rig.velocity 
[15:34:07.4001][1294][Info]: (0.00, 0.00, 0.00)ControllerUpdate 
[15:34:07.4001][1295][Info]: (0.00, 0.00, 0.00)rig.velocity 
[15:34:07.4001][1295][Info]: (0.00, 0.00, 0.00)ControllerUpdate 
[15:34:07.4332][1297][Info]: (0.00, 0.00, 0.00)rig.velocity 
[15:34:07.4332][1297][Info]: (0.00, 0.00, 0.00)ControllerUpdate 
[15:34:07.4552][1300][Info]: (0.00, 0.00, 0.00)rig.velocity 
[15:34:07.4552][1300][Info]: (0.00, 0.00, 0.00)ControllerUpdate 
[15:34:07.4702][1302][Info]: (0.00, 0.00, 0.00)rig.velocity 
[15:34:07.4702][1302][Info]: (0.00, 0.00, 0.00)ControllerUpdate 
[15:34:07.4931][1305][Info]: (0.00, 0.00, 0.00)rig.velocity 
[15:34:07.4941][1305][Info]: (0.00, 0.00, 0.00)ControllerUpdate 
[15:34:07.5161][1308][Info]: (0.00, 0.00, 0.00)rig.velocity 
[15:34:07.5161][1308][Info]: (0.00, 0.00, 0.00)ControllerUpdate 
[15:34:07.5321][1310][Info]: (0.00, 0.00, 0.00)rig.velocity 
[15:34:07.5321][1310][Info]: (0.00, 0.00, 0.00)ControllerUpdate 
[15:34:07.5531][1312][Info]: (0.00, 0.00, 0.00)rig.velocity 
[15:34:07.5531][1312][Info]: (0.00, 0.00, 0.00)ControllerUpdate 
[15:34:07.5731][1314][Info]: (0.00, 0.00, 0.00)rig.velocity 
[15:34:07.5731][1314][Info]: (0.00, 0.00, 0.00)ControllerUpdate 
[15:34:07.5901][1316][Info]: (0.00, 0.00, 0.00)rig.velocity 
[15:34:07.5901][1316][Info]: (0.00, 0.00, 0.00)ControllerUpdate 
[15:34:07.6121][1319][Info]: (0.00, 0.00, 0.00)rig.velocity 
[15:34:07.6121][1319][Info]: (0.00, 0.00, 0.00)ControllerUpdate 
[15:34:07.6351][1321][Info]: (0.00, 0.00, 0.00)rig.velocity 
[15:34:07.6351][1321][Info]: (0.00, 0.00, 0.00)ControllerUpdate 
[15:34:07.6521][1323][Info]: (0.00, 0.00, 0.00)rig.velocity 
[15:34:07.6521][1323][Info]: (0.00, 0.00, 0.00)ControllerUpdate 
[15:34:07.6701][1325][Info]: (0.00, 0.00, 0.00)rig.velocity 
[15:34:07.6701][1325][Info]: (0.00, 0.00, 0.00)ControllerUpdate 
[15:34:07.6971][1328][Info]: (0.00, 0.00, 0.00)rig.velocity 
[15:34:07.6971][1328][Info]: (0.00, 0.00, 0.00)ControllerUpdate 
[15:34:07.7131][1329][Info]: (0.00, 0.00, 0.00)rig.velocity 
[15:34:07.7131][1329][Info]: (0.00, 0.00, 0.00)ControllerUpdate 
[15:34:07.7341][1331][Info]: (0.00, 0.00, 0.00)rig.velocity 
[15:34:07.7341][1331][Info]: (0.00, 0.00, 0.00)ControllerUpdate 
[15:34:07.7511][1333][Info]: (0.00, 0.00, 0.00)rig.velocity 
[15:34:07.7511][1333][Info]: (0.00, 0.00, 0.00)ControllerUpdate 
[15:34:07.7750][1336][Info]: (0.00, 0.00, 0.00)rig.velocity 
[15:34:07.7750][1336][Info]: (0.00, 0.00, 0.00)ControllerUpdate 
[15:34:07.7910][1338][Info]: (0.00, 0.00, 0.00)rig.velocity 
[15:34:07.7910][1338][Info]: (0.00, 0.00, 0.00)ControllerUpdate 
[15:34:07.8141][1341][Info]: (0.00, 0.00, 0.00)rig.velocity 
[15:34:07.8141][1341][Info]: (0.00, 0.00, 0.00)ControllerUpdate 
[15:34:07.8341][1343][Info]: (0.00, 0.00, 0.00)rig.velocity 
[15:34:07.8341][1343][Info]: (0.00, 0.00, 0.00)ControllerUpdate 
[15:34:07.8501][1345][Info]: (0.00, 0.00, 0.00)rig.velocity 
[15:34:07.8501][1345][Info]: (0.00, 0.00, 0.00)ControllerUpdate 
[15:34:07.8741][1347][Info]: (0.00, 0.00, 0.00)rig.velocity 
[15:34:07.8741][1347][Info]: (0.00, 0.00, 0.00)ControllerUpdate 
[15:34:07.8911][1349][Info]: (0.00, 0.00, 0.00)rig.velocity 
[15:34:07.8911][1349][Info]: (0.00, 0.00, 0.00)ControllerUpdate 
[15:34:07.9111][1350][Info]: (0.00, 0.00, 0.00)rig.velocity 
[15:34:07.9111][1350][Info]: (0.00, 0.00, 0.00)ControllerUpdate 
[15:34:07.9351][1352][Info]: 2=====transform.position======== 
[15:34:07.9351][1352][Info]: (0.00, 0.00, 2.00)rig.velocity 
[15:34:07.9351][1352][Info]: (0.00, 0.00, 2.00)ControllerUpdate 
[15:34:07.9531][1354][Info]: 4=====transform.position======== 
[15:34:07.9531][1354][Info]: (0.00, 0.00, 4.00)rig.velocity 
[15:34:07.9531][1354][Info]: (0.00, 0.00, 4.00)ControllerUpdate 
[15:34:07.9710][1356][Info]: 5=====transform.position======== 
[15:34:07.9710][1356][Info]: (0.00, 0.00, 5.00)rig.velocity 
[15:34:07.9710][1356][Info]: (0.00, 0.00, 5.00)ControllerUpdate 
[15:34:07.9901][1358][Info]: 5=====transform.position======== 
[15:34:07.9901][1358][Info]: (0.00, 0.00, 5.00)rig.velocity 
[15:34:07.9901][1358][Info]: (0.00, 0.00, 5.00)ControllerUpdate 
[15:34:08.0131][1360][Info]: 3=====transform.position======== 
[15:34:08.0131][1360][Info]: (0.00, 0.00, 3.00)rig.velocity 
[15:34:08.0131][1360][Info]: (0.00, 0.00, 3.00)ControllerUpdate 
[15:34:08.0391][1362][Info]: 1=====transform.position======== 
[15:34:08.0391][1362][Info]: (0.00, 0.00, 1.00)rig.velocity 
[15:34:08.0411][1362][Info]: (0.00, 0.00, 1.00)ControllerUpdate 
[15:34:08.0571][1364][Info]: 0=====transform.position======== 
