[11:24:57.2609][1][Info]: enter Launch procedure 
[11:24:57.3889][1][Info]: ===>加载配置 
[11:24:58.9908][1][Info]: ===>开始解析BuffConfig 
[11:24:59.0028][1][Info]: <===解析BuffConfig完毕 
[11:24:59.0028][1][Info]: ===>开始解析SkillConfig 
[11:24:59.0338][1][Info]: <===解析SkillConfig完毕 
[11:24:59.0438][1][Info]: <===配置加载完毕 
[11:24:59.2197][2][Info]: enter Init Procedure 
[11:24:59.2307][2][Warn]: Not found awake system:<PlayerComponent> 
[11:25:03.8808][673][Info]: 登录 
[11:25:03.8888][673][Info]: 1001 
[11:25:03.8888][673][Info]: 大厅阶段 
[11:25:03.9608][674][Info]: Scene Add Entity, Current Count:1 
[11:25:16.7341][1008][Info]: 0 ----0 
[11:25:16.7521][1008][Info]: Scene Remove Entity, Current Count:0 
[11:25:16.7521][1008][Info]: Scene Add Entity, Current Count:1 
[11:25:17.3569][1009][Info]: 0 ----0 
[11:25:17.4827][1010][Info]: 0 ----0 
[11:25:17.5817][1011][Info]: 0 ----0 
[11:25:17.5929][1012][Info]: 0 ----0 
[11:25:17.6048][1013][Info]: 0 ----0 
[11:25:17.6048][1014][Info]: 0 ----0 
[11:25:17.6243][1015][Info]: 0 ----0 
[11:25:17.6243][1016][Info]: 0 ----0 
[11:25:17.6521][1017][Info]: 0 ----0 
[11:25:17.6521][1018][Info]: 0 ----0 
[11:25:17.6819][1019][Info]: 0 ----0 
[11:25:17.6989][1020][Info]: 0 ----0 
[11:25:17.7149][1021][Info]: 0 ----0 
[11:25:17.7149][1022][Info]: 0 ----0 
[11:25:17.7319][1023][Info]: 0 ----0 
[11:25:17.7319][1024][Info]: 0 ----0 
[11:25:17.7509][1025][Info]: 0 ----0 
[11:25:17.7509][1026][Info]: 0 ----0 
[11:25:17.7649][1027][Info]: 0 ----0 
[11:25:17.7649][1028][Info]: 0 ----0 
[11:25:17.7768][1029][Info]: 0 ----0 
[11:25:17.7768][1030][Info]: 0 ----0 
[11:25:17.7908][1031][Info]: 0 ----0 
[11:25:17.7908][1032][Info]: 0 ----0 
[11:25:17.8088][1033][Info]: 0 ----0 
[11:25:17.8088][1034][Info]: 0 ----0 
[11:25:17.8258][1035][Info]: 0 ----0 
[11:25:17.8258][1036][Info]: 0 ----0 
[11:25:17.8428][1037][Info]: 0 ----0 
[11:25:17.8428][1038][Info]: 0 ----0 
[11:25:17.8608][1039][Info]: 0 ----0 
[11:25:17.8688][1040][Info]: 0 ----0 
[11:25:17.8688][1041][Info]: 0 ----0 
[11:25:17.8688][1042][Info]: 0 ----0 
[11:25:17.8938][1043][Info]: 0 ----0 
[11:25:17.9038][1044][Info]: 0 ----0 
[11:25:17.9038][1045][Info]: 0 ----0 
[11:25:17.9188][1046][Info]: 0 ----0 
[11:25:17.9188][1047][Info]: 0 ----0 
[11:25:17.9338][1048][Info]: 0 ----0 
[11:25:17.9338][1049][Info]: 0 ----0 
[11:25:17.9338][1050][Info]: 0 ----0 
[11:25:17.9557][1051][Info]: 0 ----0 
[11:25:17.9627][1052][Info]: 0 ----0 
[11:25:17.9627][1053][Info]: 0 ----0 
[11:25:17.9797][1054][Info]: 0 ----0 
[11:25:17.9797][1055][Info]: 0 ----0 
[11:25:17.9977][1056][Info]: 0 ----0 
[11:25:17.9977][1057][Info]: 0 ----0 
[11:25:18.0177][1058][Info]: 0 ----0 
[11:25:18.0297][1059][Info]: 0 ----0 
[11:25:18.0297][1060][Info]: 0 ----0 
[11:25:18.0467][1061][Info]: 0 ----0 
[11:25:18.0467][1062][Info]: 0 ----0 
[11:25:18.0637][1063][Info]: 0 ----0 
[11:25:18.0739][1064][Info]: 0 ----0 
[11:25:18.0739][1065][Info]: 0 ----0 
[11:25:18.0879][1066][Info]: 0 ----0 
[11:25:18.0879][1067][Info]: 0 ----0 
[11:25:18.0879][1068][Info]: 0 ----0 
[11:25:18.1079][1069][Info]: 0 ----0 
[11:25:18.1079][1070][Info]: 0 ----0 
[11:25:18.1189][1071][Info]: 0 ----0 
[11:25:18.1189][1072][Info]: 0 ----0 
[11:25:18.1189][1073][Info]: 0 ----0 
[11:25:18.1379][1074][Info]: 0 ----0 
[11:25:18.1379][1075][Info]: 0 ----0 
[11:25:18.1549][1076][Info]: 0 ----0 
[11:25:18.1549][1077][Info]: 0 ----0 
[11:25:18.1670][1078][Info]: 0 ----0 
[11:25:18.1670][1079][Info]: 0 ----0 
[11:25:18.1670][1080][Info]: 0 ----0 
[11:25:18.1839][1081][Info]: 0 ----0 
[11:25:18.1839][1082][Info]: 0 ----0 
[11:25:18.1839][1083][Info]: 0 ----0 
[11:25:18.2005][1084][Info]: 0 ----0 
[11:25:18.2005][1085][Info]: 0 ----0 
[11:25:18.2165][1086][Info]: 0 ----0 
[11:25:18.2165][1087][Info]: 0 ----0 
[11:25:18.2295][1088][Info]: 0 ----0 
[11:25:18.2295][1089][Info]: 0 ----0 
[11:25:18.2295][1090][Info]: 0 ----0 
[11:25:18.2485][1091][Info]: 0 ----0 
[11:25:18.2485][1092][Info]: 0 ----0 
[11:25:18.2595][1093][Info]: 0 ----0 
[11:25:18.2595][1094][Info]: 0 ----0 
[11:25:18.2595][1095][Info]: 0 ----0 
[11:25:18.2774][1096][Info]: 0 ----0 
[11:25:18.2774][1097][Info]: 0 ----0 
[11:25:18.2774][1098][Info]: 0 ----0 
[11:25:18.2964][1099][Info]: 0 ----0 
[11:25:18.2964][1100][Info]: 0 ----0 
[11:25:18.3114][1101][Info]: 0 ----0 
[11:25:18.3114][1102][Info]: 0 ----0 
[11:25:18.3258][1103][Info]: 0 ----0 
[11:25:18.3258][1104][Info]: 0 ----0 
[11:25:18.3258][1105][Info]: 0 ----0 
[11:25:18.3428][1106][Info]: 0 ----0 
[11:25:18.3428][1107][Info]: 0 ----0 
[11:25:18.3558][1108][Info]: 0 ----0 
[11:25:18.3558][1109][Info]: 0 ----0 
[11:25:18.3698][1110][Info]: 0 ----0 
[11:25:18.3698][1111][Info]: 0 ----0 
[11:25:18.3698][1112][Info]: 0 ----0 
[11:25:18.3934][1113][Info]: 0 ----0 
[11:25:18.4024][1114][Info]: 0 ----0 
[11:25:18.4024][1115][Info]: 0 ----0 
[11:25:18.4184][1116][Info]: 0 ----0 
[11:25:18.4184][1117][Info]: 0 ----0 
[11:25:18.4324][1118][Info]: 0 ----0 
[11:25:18.4324][1119][Info]: 0 ----0 
[11:25:18.4324][1120][Info]: 0 ----0 
[11:25:18.4553][1121][Info]: 0 ----0 
[11:25:18.4633][1122][Info]: 0 ----0 
[11:25:18.4633][1123][Info]: 0 ----0 
[11:25:18.4823][1124][Info]: 0 ----0 
[11:25:18.4823][1125][Info]: 0 ----0 
[11:25:18.4973][1126][Info]: 0 ----0 
[11:25:18.4973][1127][Info]: 0 ----0 
[11:25:18.5103][1128][Info]: 0 ----0 
[11:25:18.5103][1129][Info]: 0 ----0 
[11:25:18.5103][1130][Info]: 0 ----0 
[11:25:18.5313][1131][Info]: 0 ----0 
[11:25:18.5313][1132][Info]: 0 ----0 
[11:25:18.5453][1133][Info]: 0 ----0 
[11:25:18.5453][1134][Info]: 0 ----0 
[11:25:18.5623][1135][Info]: 0 ----0 
[11:25:18.5623][1136][Info]: 0 ----0 
[11:25:18.5783][1137][Info]: 0 ----0 
[11:25:18.5783][1138][Info]: 0 ----0 
[11:25:18.5923][1139][Info]: 0 ----0 
[11:25:18.5923][1140][Info]: 0 ----0 
[11:25:18.6083][1141][Info]: 0 ----0 
[11:25:18.6083][1142][Info]: 0 ----0 
[11:25:18.6253][1143][Info]: 0 ----0 
[11:25:18.6253][1144][Info]: 0 ----0 
[11:25:18.6393][1145][Info]: 0 ----0 
[11:25:18.6393][1146][Info]: 0 ----0 
[11:25:18.6533][1147][Info]: 0 ----0 
[11:25:18.6533][1148][Info]: 0 ----0 
[11:25:18.6673][1149][Info]: 0 ----0 
[11:25:18.6673][1150][Info]: 0 ----0 
[11:25:18.6673][1151][Info]: 0 ----0 
[11:25:18.6833][1152][Info]: 0 ----0 
[11:25:18.6833][1153][Info]: 0 ----0 
[11:25:18.6973][1154][Info]: 0 ----0 
[11:25:18.6973][1155][Info]: 0 ----0 
[11:25:18.6973][1156][Info]: 0 ----0 
[11:25:18.7163][1157][Info]: 0 ----0 
[11:25:18.7163][1158][Info]: 0 ----0 
[11:25:18.7313][1159][Info]: 0 ----0 
[11:25:18.7313][1160][Info]: 0 ----0 
[11:25:18.7313][1161][Info]: 0 ----0 
[11:25:18.7483][1162][Info]: 0 ----0 
[11:25:18.7483][1163][Info]: 0 ----0 
[11:25:18.7623][1164][Info]: 0 ----0 
[11:25:18.7623][1165][Info]: 0 ----0 
[11:25:18.7753][1166][Info]: 0 ----0 
[11:25:18.7753][1167][Info]: 0 ----0 
[11:25:18.7753][1168][Info]: 0 ----0 
[11:25:18.7933][1169][Info]: 0 ----0 
[11:25:18.7933][1170][Info]: 0 ----0 
[11:25:18.8073][1171][Info]: 0 ----0 
[11:25:18.8073][1172][Info]: 0 ----0 
[11:25:18.8238][1173][Info]: 0 ----0 
[11:25:18.8238][1174][Info]: 0 ----0 
[11:25:18.8238][1175][Info]: 0 ----0 
[11:25:18.8408][1176][Info]: 0 ----0 
[11:25:18.8408][1177][Info]: 0 ----0 
[11:25:18.8408][1178][Info]: 0 ----0 
[11:25:18.8568][1179][Info]: 0 ----0 
[11:25:18.8568][1180][Info]: 0 ----0 
[11:25:18.8688][1181][Info]: 0 ----0 
[11:25:18.8688][1182][Info]: 0 ----0 
[11:25:18.8688][1183][Info]: 0 ----0 
[11:25:18.8858][1184][Info]: 0 ----0 
[11:25:18.8858][1185][Info]: 0 ----0 
[11:25:18.8858][1186][Info]: 0 ----0 
[11:25:18.9064][1187][Info]: 0 ----0 
[11:25:18.9164][1188][Info]: 0 ----0 
[11:25:18.9164][1189][Info]: 0 ----0 
[11:25:18.9314][1190][Info]: 0 ----0 
[11:25:18.9314][1191][Info]: 0 ----0 
[11:25:18.9314][1192][Info]: 0 ----0 
[11:25:18.9494][1193][Info]: 0 ----0 
[11:25:18.9494][1194][Info]: 0 ----0 
[11:25:18.9634][1195][Info]: 0 ----0 
[11:25:18.9634][1196][Info]: 0 ----0 
[11:25:18.9790][1197][Info]: 0 ----0 
[11:25:19.0050][1198][Info]: 0 ----0 
[11:25:19.0110][1199][Info]: 0 ----0 
[11:25:19.0110][1200][Info]: 0 ----0 
[11:25:19.0260][1201][Info]: 0 ----0 
[11:25:19.0260][1202][Info]: 0 ----0 
[11:25:19.0260][1203][Info]: 0 ----0 
[11:25:19.0460][1204][Info]: 0 ----0 
[11:25:19.0460][1205][Info]: 0 ----0 
[11:25:19.0600][1206][Info]: 0 ----0 
[11:25:19.0600][1207][Info]: 0 ----0 
[11:25:19.0790][1208][Info]: 0 ----0 
[11:25:19.0790][1209][Info]: 0 ----0 
[11:25:19.0920][1210][Info]: 0 ----0 
[11:25:19.0920][1211][Info]: 0 ----0 
[11:25:19.1039][1212][Info]: 0 ----0 
[11:25:19.1039][1213][Info]: 0 ----0 
[11:25:19.1039][1214][Info]: 0 ----0 
[11:25:19.1229][1215][Info]: 0 ----0 
[11:25:19.1229][1216][Info]: 0 ----0 
[11:25:19.1379][1217][Info]: 0 ----0 
[11:25:19.1379][1218][Info]: 0 ----0 
[11:25:19.1529][1219][Info]: 0 ----0 
[11:25:19.1529][1220][Info]: 0 ----0 
[11:25:19.1529][1221][Info]: 0 ----0 
[11:25:19.1699][1222][Info]: 0 ----0 
[11:25:19.1699][1223][Info]: 0 ----0 
[11:25:19.1819][1224][Info]: 0 ----0 
[11:25:19.1819][1225][Info]: 0 ----0 
[11:25:19.1819][1226][Info]: 0 ----0 
[11:25:19.1989][1227][Info]: 0 ----0 
[11:25:19.1989][1228][Info]: 0 ----0 
[11:25:19.1989][1229][Info]: 0 ----0 
[11:25:19.2209][1230][Info]: 0 ----0 
[11:25:19.2319][1231][Info]: 0 ----0 
[11:25:19.2319][1232][Info]: 0 ----0 
[11:25:19.2439][1233][Info]: 0 ----0 
[11:25:19.2439][1234][Info]: 0 ----0 
[11:25:19.2439][1235][Info]: 0 ----0 
[11:25:19.2599][1236][Info]: 0 ----0 
[11:25:19.2599][1237][Info]: 0 ----0 
[11:25:19.2599][1238][Info]: 0 ----0 
[11:25:19.2779][1239][Info]: 0 ----0 
[11:25:19.2779][1240][Info]: 0 ----0 
[11:25:19.2779][1241][Info]: 0 ----0 
[11:25:19.2949][1242][Info]: 0 ----0 
[11:25:19.2949][1243][Info]: 0 ----0 
[11:25:19.3109][1244][Info]: 0 ----0 
[11:25:19.3109][1245][Info]: 0 ----0 
[11:25:19.3239][1246][Info]: 0 ----0 
[11:25:19.3239][1247][Info]: 0 ----0 
[11:25:19.3239][1248][Info]: 0 ----0 
[11:25:19.3419][1249][Info]: 0 ----0 
[11:25:19.3419][1250][Info]: 0 ----0 
[11:25:19.3539][1251][Info]: 0 ----0 
[11:25:19.3539][1252][Info]: 0 ----0 
[11:25:19.3689][1253][Info]: 0 ----0 
[11:25:19.3689][1254][Info]: 0 ----0 
[11:25:19.3689][1255][Info]: 0 ----0 
[11:25:19.3909][1256][Info]: 0 ----0 
[11:25:19.3909][1257][Info]: 0 ----0 
[11:25:19.4079][1258][Info]: 0 ----0 
[11:25:19.4079][1259][Info]: 0 ----0 
[11:25:19.4188][1260][Info]: 0 ----0 
[11:25:19.4188][1261][Info]: 0 ----0 
[11:25:19.4338][1262][Info]: 0 ----0 
[11:25:19.4338][1263][Info]: 0 ----0 
[11:25:19.4338][1264][Info]: 0 ----0 
[11:25:19.4518][1265][Info]: 0 ----0 
[11:25:19.4518][1266][Info]: 0 ----0 
[11:25:19.4638][1267][Info]: 0 ----0 
[11:25:19.4638][1268][Info]: 0 ----0 
[11:25:19.4798][1269][Info]: 0 ----0 
[11:25:19.4798][1270][Info]: 0 ----0 
[11:25:19.4798][1271][Info]: 0 ----0 
[11:25:19.4988][1272][Info]: 0 ----0 
[11:25:19.4988][1273][Info]: 0 ----0 
[11:25:19.5108][1274][Info]: 0 ----0 
[11:25:19.5108][1275][Info]: 0 ----0 
[11:25:19.5108][1276][Info]: 0 ----0 
[11:25:19.5308][1277][Info]: 0 ----0 
[11:25:19.5308][1278][Info]: 0 ----0 
[11:25:19.5418][1279][Info]: 0 ----0 
[11:25:19.5418][1280][Info]: 0 ----0 
[11:25:19.5418][1281][Info]: 0 ----0 
[11:25:19.5608][1282][Info]: 0 ----0 
[11:25:19.5608][1283][Info]: 0 ----0 
[11:25:19.5878][1284][Info]: 0 ----0 
[11:25:19.5878][1285][Info]: 0 ----0 
[11:25:19.5878][1286][Info]: 0 ----0 
[11:25:19.6058][1287][Info]: 0 ----0 
[11:25:19.6058][1288][Info]: 0 ----0 
[11:25:19.6058][1289][Info]: 0 ----0 
[11:25:19.6218][1290][Info]: 0 ----0 
[11:25:19.6218][1291][Info]: 0 ----0 
[11:25:19.6357][1292][Info]: 0 ----0 
[11:25:19.6357][1293][Info]: 0 ----0 
[11:25:19.6357][1294][Info]: 0 ----0 
[11:25:19.6537][1295][Info]: 0 ----0 
[11:25:19.6537][1296][Info]: 0 ----0 
[11:25:19.6657][1297][Info]: 0 ----0 
[11:25:19.6657][1298][Info]: 0 ----0 
[11:25:19.6657][1299][Info]: 0 ----0 
[11:25:19.6867][1300][Info]: 0 ----0 
[11:25:19.6867][1301][Info]: 0 ----0 
[11:25:19.6987][1302][Info]: 0 ----0 
[11:25:19.6987][1303][Info]: 0 ----0 
[11:25:19.6987][1304][Info]: 0 ----0 
[11:25:19.7157][1305][Info]: 0 ----0 
[11:25:19.7157][1306][Info]: 0 ----0 
[11:25:19.7297][1307][Info]: 0 ----0 
[11:25:19.7297][1308][Info]: 0 ----0 
[11:25:19.7297][1309][Info]: 0 ----0 
[11:25:19.7487][1310][Info]: 0 ----0 
[11:25:19.7487][1311][Info]: 0 ----0 
[11:25:19.7617][1312][Info]: 0 ----0 
[11:25:19.7617][1313][Info]: 0 ----0 
[11:25:19.7617][1314][Info]: 0 ----0 
[11:25:19.7787][1315][Info]: 0 ----0 
[11:25:19.7787][1316][Info]: 0 ----0 
[11:25:19.7907][1317][Info]: 0 ----0 
[11:25:19.7907][1318][Info]: 0 ----0 
[11:25:19.7907][1319][Info]: 0 ----0 
[11:25:19.8103][1320][Info]: 0 ----0 
[11:25:19.8103][1321][Info]: 0 ----0 
[11:25:19.8233][1322][Info]: 0 ----0 
[11:25:19.8233][1323][Info]: 0 ----0 
[11:25:19.8403][1324][Info]: 0 ----0 
[11:25:19.8403][1325][Info]: 0 ----0 
[11:25:19.8403][1326][Info]: 0 ----0 
[11:25:19.8573][1327][Info]: 0 ----0 
[11:25:19.8573][1328][Info]: 0 ----0 
[11:25:19.8703][1329][Info]: 0 ----0 
[11:25:19.8703][1330][Info]: 0 ----0 
[11:25:19.8703][1331][Info]: 0 ----0 
[11:25:19.8881][1332][Info]: 0 ----0 
[11:25:19.8881][1333][Info]: 0 ----0 
[11:25:19.9040][1334][Info]: 0 ----0 
[11:25:19.9040][1335][Info]: 0 ----0 
[11:25:19.9180][1336][Info]: 0 ----0 
[11:25:19.9180][1337][Info]: 0 ----0 
[11:25:19.9180][1338][Info]: 0 ----0 
[11:25:19.9350][1339][Info]: 0 ----0 
[11:25:19.9350][1340][Info]: 0 ----0 
[11:25:19.9350][1341][Info]: 0 ----0 
[11:25:19.9510][1342][Info]: 0 ----0 
[11:25:19.9510][1343][Info]: 0 ----0 
[11:25:19.9510][1344][Info]: 0 ----0 
[11:25:19.9706][1345][Info]: 0 ----0 
[11:25:19.9786][1346][Info]: 0 ----0 
[11:25:19.9786][1347][Info]: 0 ----0 
[11:25:19.9951][1348][Info]: 0 ----0 
[11:25:19.9951][1349][Info]: 0 ----0 
[11:25:19.9951][1350][Info]: 0 ----0 
[11:25:20.0131][1351][Info]: 0 ----0 
[11:25:20.0131][1352][Info]: 0 ----0 
[11:25:20.0131][1353][Info]: 0 ----0 
[11:25:20.0301][1354][Info]: 0 ----0 
[11:25:20.0301][1355][Info]: 0 ----0 
[11:25:20.0441][1356][Info]: 0 ----0 
[11:25:20.0441][1357][Info]: 0 ----0 
[11:25:20.0441][1358][Info]: 0 ----0 
[11:25:20.0631][1359][Info]: 0 ----0 
[11:25:20.0631][1360][Info]: 0 ----0 
[11:25:20.0761][1361][Info]: 0 ----0 
[11:25:20.0761][1362][Info]: 0 ----0 
[11:25:20.0877][1363][Info]: 0 ----0 
[11:25:20.0877][1364][Info]: 0 ----0 
[11:25:20.0877][1365][Info]: 0 ----0 
[11:25:20.1037][1366][Info]: 0 ----0 
[11:25:20.1037][1367][Info]: 0 ----0 
[11:25:20.1037][1368][Info]: 0 ----0 
[11:25:20.1207][1369][Info]: 0 ----0 
[11:25:20.1207][1370][Info]: 0 ----0 
[11:25:20.1207][1371][Info]: 0 ----0 
[11:25:20.1407][1372][Info]: 0 ----0 
[11:25:20.1407][1373][Info]: 0 ----0 
[11:25:20.1537][1374][Info]: 0 ----0 
[11:25:20.1537][1375][Info]: 0 ----0 
[11:25:20.1657][1376][Info]: 0 ----0 
[11:25:20.1657][1377][Info]: 0 ----0 
[11:25:20.1657][1378][Info]: 0 ----0 
[11:25:20.1817][1379][Info]: 0 ----0 
[11:25:20.1817][1380][Info]: 0 ----0 
[11:25:20.1817][1381][Info]: 0 ----0 
[11:25:20.1986][1382][Info]: 0 ----0 
[11:25:20.1986][1383][Info]: 0 ----0 
[11:25:20.1986][1384][Info]: 0 ----0 
[11:25:20.2155][1385][Info]: 0 ----0 
[11:25:20.2155][1386][Info]: 0 ----0 
[11:25:20.2155][1387][Info]: 0 ----0 
[11:25:20.2345][1388][Info]: 0 ----0 
[11:25:20.2345][1389][Info]: 0 ----0 
[11:25:20.2475][1390][Info]: 0 ----0 
[11:25:20.2475][1391][Info]: 0 ----0 
[11:25:20.2475][1392][Info]: 0 ----0 
[11:25:20.2645][1393][Info]: 0 ----0 
[11:25:20.2645][1394][Info]: 0 ----0 
[11:25:20.2645][1395][Info]: 0 ----0 
[11:25:20.2817][1396][Info]: 0 ----0 
[11:25:20.2817][1397][Info]: 0 ----0 
[11:25:20.2947][1398][Info]: 0 ----0 
[11:25:20.2947][1399][Info]: 0 ----0 
[11:25:20.3097][1400][Info]: 0 ----0 
[11:25:20.3097][1401][Info]: 0 ----0 
[11:25:20.3227][1402][Info]: 0 ----0 
[11:25:20.3227][1403][Info]: 0 ----0 
[11:25:20.3227][1404][Info]: 0 ----0 
[11:25:20.3387][1405][Info]: 0 ----0 
[11:25:20.3387][1406][Info]: 0 ----0 
[11:25:20.3387][1407][Info]: 0 ----0 
[11:25:20.3547][1408][Info]: 0 ----0 
[11:25:20.3547][1409][Info]: 0 ----0 
[11:25:20.3547][1410][Info]: 0 ----0 
[11:25:20.3727][1411][Info]: 0 ----0 
[11:25:20.3727][1412][Info]: 0 ----0 
[11:25:20.3727][1413][Info]: 0 ----0 
[11:25:20.3907][1414][Info]: 0 ----0 
[11:25:20.3907][1415][Info]: 0 ----0 
[11:25:20.4047][1416][Info]: 0 ----0 
[11:25:20.4047][1417][Info]: 0 ----0 
[11:25:20.4047][1418][Info]: 0 ----0 
[11:25:20.4217][1419][Info]: 0 ----0 
[11:25:20.4217][1420][Info]: 0 ----0 
[11:25:20.4327][1421][Info]: 0 ----0 
[11:25:20.4327][1422][Info]: 0 ----0 
[11:25:20.4327][1423][Info]: 0 ----0 
[11:25:20.4557][1424][Info]: 0 ----0 
[11:25:20.4557][1425][Info]: 0 ----0 
[11:25:20.4687][1426][Info]: 0 ----0 
[11:25:20.4687][1427][Info]: 0 ----0 
[11:25:20.4817][1428][Info]: 0 ----0 
[11:25:20.4817][1429][Info]: 0 ----0 
[11:25:20.4817][1430][Info]: 0 ----0 
[11:25:20.4995][1431][Info]: 0 ----0 
[11:25:20.4995][1432][Info]: 0 ----0 
[11:25:20.5100][1433][Info]: 0 ----0 
[11:25:20.5100][1434][Info]: 0 ----0 
[11:25:20.5100][1435][Info]: 0 ----0 
[11:25:20.5270][1436][Info]: 0 ----0 
[11:25:20.5270][1437][Info]: 0 ----0 
[11:25:20.5270][1438][Info]: 0 ----0 
[11:25:20.5440][1439][Info]: 0 ----0 
[11:25:20.5440][1440][Info]: 0 ----0 
[11:25:20.5440][1441][Info]: 0 ----0 
[11:25:20.5620][1442][Info]: 0 ----0 
[11:25:20.5620][1443][Info]: 0 ----0 
[11:25:20.5733][1444][Info]: 0 ----0 
[11:25:20.5733][1445][Info]: 0 ----0 
[11:25:20.5733][1446][Info]: 0 ----0 
[11:25:20.5902][1447][Info]: 0 ----0 
[11:25:20.5902][1448][Info]: 0 ----0 
[11:25:20.6042][1449][Info]: 0 ----0 
[11:25:20.6042][1450][Info]: 0 ----0 
[11:25:20.6042][1451][Info]: 0 ----0 
[11:25:20.6211][1452][Info]: 0 ----0 
[11:25:20.6211][1453][Info]: 0 ----0 
[11:25:20.6211][1454][Info]: 0 ----0 
[11:25:20.6381][1455][Info]: 0 ----0 
[11:25:20.6381][1456][Info]: 0 ----0 
[11:25:20.6531][1457][Info]: 0 ----0 
[11:25:20.6531][1458][Info]: 0 ----0 
[11:25:20.6531][1459][Info]: 0 ----0 
[11:25:20.6711][1460][Info]: 0 ----0 
[11:25:20.6711][1461][Info]: 0 ----0 
[11:25:20.6831][1462][Info]: 0 ----0 
[11:25:20.6831][1463][Info]: 0 ----0 
[11:25:20.6831][1464][Info]: 0 ----0 
[11:25:20.6992][1465][Info]: 0 ----0 
[11:25:20.6992][1466][Info]: 0 ----0 
[11:25:20.6992][1467][Info]: 0 ----0 
[11:25:20.7172][1468][Info]: 0 ----0 
[11:25:20.7172][1469][Info]: 0 ----0 
[11:25:20.7312][1470][Info]: 0 ----0 
[11:25:20.7312][1471][Info]: 0 ----0 
[11:25:20.7451][1472][Info]: 0 ----0 
[11:25:20.7451][1473][Info]: 0 ----0 
[11:25:20.7451][1474][Info]: 0 ----0 
[11:25:20.7641][1475][Info]: 0 ----0 
[11:25:20.7641][1476][Info]: 0 ----0 
[11:25:20.7750][1477][Info]: 0 ----0 
[11:25:20.7750][1478][Info]: 0 ----0 
[11:25:20.7750][1479][Info]: 0 ----0 
[11:25:20.7936][1480][Info]: 0 ----0 
[11:25:20.7936][1481][Info]: 0 ----0 
[11:25:20.8096][1482][Info]: 0 ----0 
[11:25:20.8096][1483][Info]: 0 ----0 
[11:25:20.8226][1484][Info]: 0 ----0 
[11:25:20.8226][1485][Info]: 0 ----0 
[11:25:20.8226][1486][Info]: 0 ----0 
[11:25:20.8416][1487][Info]: 0 ----0 
[11:25:20.8416][1488][Info]: 0 ----0 
[11:25:20.8546][1489][Info]: 0 ----0 
[11:25:20.8546][1490][Info]: 0 ----0 
[11:25:20.8546][1491][Info]: 0 ----0 
[11:25:20.8756][1492][Info]: 0 ----0 
[11:25:20.8866][1493][Info]: 0 ----0 
[11:25:20.8866][1494][Info]: 0 ----0 
[11:25:20.9086][1495][Info]: 0 ----0 
[11:25:20.9296][1496][Info]: 0 ----0 
[11:25:20.9476][1497][Info]: 0 ----0 
[11:25:20.9476][1498][Info]: 0 ----0 
[11:25:20.9476][1499][Info]: 0 ----0 
[11:25:20.9706][1500][Info]: 0 ----0 
[11:25:20.9706][1501][Info]: 0 ----0 
[11:25:20.9826][1502][Info]: 0 ----0 
[11:25:20.9826][1503][Info]: 0 ----0 
[11:25:20.9942][1504][Info]: 0 ----0 
[11:25:20.9942][1505][Info]: 0 ----0 
[11:25:20.9942][1506][Info]: 0 ----0 
[11:25:21.0132][1507][Info]: 0 ----0 
[11:25:21.0132][1508][Info]: 0 ----0 
[11:25:21.0252][1509][Info]: 0 ----0 
[11:25:21.0252][1510][Info]: 0 ----0 
[11:25:21.0252][1511][Info]: 0 ----0 
[11:25:21.0432][1512][Info]: 0 ----0 
[11:25:21.0432][1513][Info]: 0 ----0 
[11:25:21.0602][1514][Info]: 0 ----0 
[11:25:21.0602][1515][Info]: 0 ----0 
[11:25:21.0773][1516][Info]: 0 ----0 
[11:25:21.0773][1517][Info]: 0 ----0 
[11:25:21.0893][1518][Info]: 0 ----0 
[11:25:21.0893][1519][Info]: 0 ----0 
[11:25:21.0893][1520][Info]: 0 ----0 
[11:25:21.1083][1521][Info]: 0 ----0 
[11:25:21.1083][1522][Info]: 0 ----0 
[11:25:21.1213][1523][Info]: 0 ----0 
[11:25:21.1213][1524][Info]: 0 ----0 
[11:25:21.1213][1525][Info]: 0 ----0 
[11:25:21.1403][1526][Info]: 0 ----0 
[11:25:21.1403][1527][Info]: 0 ----0 
[11:25:21.1543][1528][Info]: 0 ----0 
[11:25:21.1543][1529][Info]: 0 ----0 
[11:25:21.1543][1530][Info]: 0 ----0 
[11:25:21.1713][1531][Info]: 0 ----0 
[11:25:21.1713][1532][Info]: 0 ----0 
[11:25:21.1823][1533][Info]: 0 ----0 
[11:25:21.1823][1534][Info]: 0 ----0 
[11:25:21.1823][1535][Info]: 0 ----0 
[11:25:21.1988][1536][Info]: 0 ----0 
[11:25:21.1988][1537][Info]: 0 ----0 
[11:25:21.1988][1538][Info]: 0 ----0 
[11:25:21.2173][1539][Info]: 0 ----0 
[11:25:21.2173][1540][Info]: 0 ----0 
[11:25:21.2333][1541][Info]: 0 ----0 
[11:25:21.2333][1542][Info]: 0 ----0 
[11:25:21.2453][1543][Info]: 0 ----0 
[11:25:21.2453][1544][Info]: 0 ----0 
[11:25:21.2453][1545][Info]: 0 ----0 
[11:25:21.2633][1546][Info]: 0 ----0 
[11:25:21.2633][1547][Info]: 0 ----0 
[11:25:21.2753][1548][Info]: 0 ----0 
[11:25:21.2753][1549][Info]: 0 ----0 
[11:25:21.2753][1550][Info]: 0 ----0 
[11:25:21.2938][1551][Info]: 0 ----0 
[11:25:21.2938][1552][Info]: 0 ----0 
[11:25:21.3077][1553][Info]: 0 ----0 
[11:25:21.3077][1554][Info]: 0 ----0 
[11:25:21.3077][1555][Info]: 0 ----0 
[11:25:21.3267][1556][Info]: 0 ----0 
[11:25:21.3267][1557][Info]: 0 ----0 
[11:25:21.3387][1558][Info]: 0 ----0 
[11:25:21.3387][1559][Info]: 0 ----0 
[11:25:21.3387][1560][Info]: 0 ----0 
[11:25:21.3557][1561][Info]: 0 ----0 
[11:25:21.3557][1562][Info]: 0 ----0 
[11:25:21.3557][1563][Info]: 0 ----0 
[11:25:21.3736][1564][Info]: 0 ----0 
[11:25:21.3736][1565][Info]: 0 ----0 
[11:25:21.3896][1566][Info]: 0 ----0 
[11:25:21.3896][1567][Info]: 0 ----0 
[11:25:21.4016][1568][Info]: 0 ----0 
[11:25:21.4016][1569][Info]: 0 ----0 
[11:25:21.4016][1570][Info]: 0 ----0 
[11:25:21.4216][1571][Info]: 0 ----0 
[11:25:21.4216][1572][Info]: 0 ----0 
[11:25:21.4336][1573][Info]: 0 ----0 
[11:25:21.4336][1574][Info]: 0 ----0 
[11:25:21.4336][1575][Info]: 0 ----0 
[11:25:21.4506][1576][Info]: 0 ----0 
[11:25:21.4506][1577][Info]: 0 ----0 
[11:25:21.4636][1578][Info]: 0 ----0 
[11:25:21.4636][1579][Info]: 0 ----0 
[11:25:21.4786][1580][Info]: 0 ----0 
[11:25:21.4786][1581][Info]: 0 ----0 
[11:25:21.4948][1582][Info]: 0 ----0 
[11:25:21.4948][1583][Info]: 0 ----0 
[11:25:21.4948][1584][Info]: 0 ----0 
[11:25:21.5140][1585][Info]: 0 ----0 
[11:25:21.5140][1586][Info]: 0 ----0 
[11:25:21.5250][1587][Info]: 0 ----0 
[11:25:21.5250][1588][Info]: 0 ----0 
[11:25:21.5250][1589][Info]: 0 ----0 
[11:25:21.5460][1590][Info]: 0 ----0 
[11:25:21.5460][1591][Info]: 0 ----0 
[11:25:21.5580][1592][Info]: 0 ----0 
[11:25:21.5580][1593][Info]: 0 ----0 
[11:25:21.5580][1594][Info]: 0 ----0 
[11:25:21.5779][1595][Info]: 0 ----0 
[11:25:21.5779][1596][Info]: 0 ----0 
[11:25:21.5889][1597][Info]: 0 ----0 
[11:25:21.5889][1598][Info]: 0 ----0 
[11:25:21.5889][1599][Info]: 0 ----0 
[11:25:21.6059][1600][Info]: 0 ----0 
[11:25:21.6059][1601][Info]: 0 ----0 
[11:25:21.6059][1602][Info]: 0 ----0 
[11:25:21.6219][1603][Info]: 0 ----0 
[11:25:21.6219][1604][Info]: 0 ----0 
[11:25:21.6219][1605][Info]: 0 ----0 
[11:25:21.6409][1606][Info]: 0 ----0 
[11:25:21.6409][1607][Info]: 0 ----0 
[11:25:21.6519][1608][Info]: 0 ----0 
[11:25:21.6519][1609][Info]: 0 ----0 
[11:25:21.6659][1610][Info]: 0 ----0 
[11:25:21.6659][1611][Info]: 0 ----0 
[11:25:21.6659][1612][Info]: 0 ----0 
[11:25:21.6853][1613][Info]: 0 ----0 
[11:25:21.6853][1614][Info]: 0 ----0 
[11:25:21.6978][1615][Info]: 0 ----0 
[11:25:21.6978][1616][Info]: 0 ----0 
[11:25:21.6978][1617][Info]: 0 ----0 
[11:25:21.7158][1618][Info]: 0 ----0 
[11:25:21.7158][1619][Info]: 0 ----0 
[11:25:21.7318][1620][Info]: 0 ----0 
[11:25:21.7318][1621][Info]: 0 ----0 
[11:25:21.7448][1622][Info]: 0 ----0 
[11:25:21.7448][1623][Info]: 0 ----0 
[11:25:21.7448][1624][Info]: 0 ----0 
[11:25:21.7628][1625][Info]: 0 ----0 
[11:25:21.7628][1626][Info]: 0 ----0 
[11:25:21.7628][1627][Info]: 0 ----0 
[11:25:21.7798][1628][Info]: 0 ----0 
[11:25:21.7798][1629][Info]: 0 ----0 
[11:25:21.7908][1630][Info]: 0 ----0 
[11:25:21.7908][1631][Info]: 0 ----0 
[11:25:21.7908][1632][Info]: 0 ----0 
[11:25:21.8104][1633][Info]: 0 ----0 
[11:25:21.8104][1634][Info]: 0 ----0 
[11:25:21.8223][1635][Info]: 0 ----0 
[11:25:21.8223][1636][Info]: 0 ----0 
[11:25:21.8223][1637][Info]: 0 ----0 
[11:25:21.8423][1638][Info]: 0 ----0 
[11:25:21.8423][1639][Info]: 0 ----0 
[11:25:21.8542][1640][Info]: 0 ----0 
[11:25:21.8542][1641][Info]: 0 ----0 
[11:25:21.8692][1642][Info]: 0 ----0 
[11:25:21.8692][1643][Info]: 0 ----0 
[11:25:21.8692][1644][Info]: 0 ----0 
[11:25:21.8864][1645][Info]: 0 ----0 
[11:25:21.8864][1646][Info]: 0 ----0 
[11:25:21.9004][1647][Info]: 0 ----0 
[11:25:21.9004][1648][Info]: 0 ----0 
[11:25:21.9004][1649][Info]: 0 ----0 
[11:25:21.9174][1650][Info]: 0 ----0 
[11:25:21.9174][1651][Info]: 0 ----0 
[11:25:21.9174][1652][Info]: 0 ----0 
[11:25:21.9354][1653][Info]: 0 ----0 
[11:25:21.9354][1654][Info]: 0 ----0 
[11:25:21.9474][1655][Info]: 0 ----0 
[11:25:21.9474][1656][Info]: 0 ----0 
[11:25:21.9474][1657][Info]: 0 ----0 
[11:25:21.9644][1658][Info]: 0 ----0 
[11:25:21.9644][1659][Info]: 0 ----0 
[11:25:21.9644][1660][Info]: 0 ----0 
[11:25:21.9870][1661][Info]: 0 ----0 
[11:25:21.9940][1662][Info]: 0 ----0 
[11:25:21.9940][1663][Info]: 0 ----0 
[11:25:21.9940][1664][Info]: 0 ----0 
[11:25:22.0110][1665][Info]: 0 ----0 
[11:25:22.0110][1666][Info]: 0 ----0 
[11:25:22.0110][1667][Info]: 0 ----0 
[11:25:22.0290][1668][Info]: 0 ----0 
[11:25:22.0290][1669][Info]: 0 ----0 
[11:25:22.0290][1670][Info]: 0 ----0 
[11:25:22.0460][1671][Info]: 0 ----0 
[11:25:22.0460][1672][Info]: 0 ----0 
[11:25:22.0590][1673][Info]: 0 ----0 
[11:25:22.0590][1674][Info]: 0 ----0 
[11:25:22.0750][1675][Info]: 0 ----0 
[11:25:22.0750][1676][Info]: 0 ----0 
[11:25:22.0750][1677][Info]: 0 ----0 
[11:25:22.0919][1678][Info]: 0 ----0 
[11:25:22.0919][1679][Info]: 0 ----0 
[11:25:22.0919][1680][Info]: 0 ----0 
[11:25:22.1089][1681][Info]: 0 ----0 
[11:25:22.1089][1682][Info]: 0 ----0 
[11:25:22.1199][1683][Info]: 0 ----0 
[11:25:22.1199][1684][Info]: 0 ----0 
[11:25:22.1199][1685][Info]: 0 ----0 
[11:25:22.1399][1686][Info]: 0 ----0 
[11:25:22.1399][1687][Info]: 0 ----0 
[11:25:22.1559][1688][Info]: 0 ----0 
[11:25:22.1559][1689][Info]: 0 ----0 
[11:25:22.1679][1690][Info]: 0 ----0 
[11:25:22.1679][1691][Info]: 0 ----0 
[11:25:22.1679][1692][Info]: 0 ----0 
[11:25:22.1839][1693][Info]: 0 ----0 
[11:25:22.1839][1694][Info]: 0 ----0 
[11:25:22.1969][1695][Info]: 0 ----0 
[11:25:22.1969][1696][Info]: 0 ----0 
[11:25:22.1969][1697][Info]: 0 ----0 
[11:25:22.2139][1698][Info]: 0 ----0 
[11:25:22.2139][1699][Info]: 0 ----0 
[11:25:22.2139][1700][Info]: 0 ----0 
[11:25:22.2319][1701][Info]: 0 ----0 
[11:25:22.2319][1702][Info]: 0 ----0 
[11:25:22.2439][1703][Info]: 0 ----0 
[11:25:22.2439][1704][Info]: 0 ----0 
[11:25:22.2439][1705][Info]: 0 ----0 
[11:25:22.2609][1706][Info]: 0 ----0 
[11:25:22.2609][1707][Info]: 0 ----0 
[11:25:22.2609][1708][Info]: 0 ----0 
[11:25:22.2799][1709][Info]: 0 ----0 
[11:25:22.2799][1710][Info]: 0 ----0 
[11:25:22.2939][1711][Info]: 0 ----0 
[11:25:22.3089][1712][Info]: 0 ----0 
[11:25:22.3089][1713][Info]: 0 ----0 
[11:25:22.3219][1714][Info]: 0 ----0 
[11:25:22.3219][1715][Info]: 0 ----0 
[11:25:22.3219][1716][Info]: 0 ----0 
[11:25:22.3389][1717][Info]: 0 ----0 
[11:25:22.3389][1718][Info]: 0 ----0 
[11:25:22.3389][1719][Info]: 0 ----0 
[11:25:22.3569][1720][Info]: 0 ----0 
[11:25:22.3569][1721][Info]: 0 ----0 
[11:25:22.3689][1722][Info]: 0 ----0 
[11:25:22.3689][1723][Info]: 0 ----0 
[11:25:22.3689][1724][Info]: 0 ----0 
[11:25:22.3859][1725][Info]: 0 ----0 
[11:25:22.3859][1726][Info]: 0 ----0 
[11:25:22.3859][1727][Info]: 0 ----0 
[11:25:22.4058][1728][Info]: 0 ----0 
[11:25:22.4058][1729][Info]: 0 ----0 
[11:25:22.4168][1730][Info]: 0 ----0 
[11:25:22.4168][1731][Info]: 0 ----0 
[11:25:22.4168][1732][Info]: 0 ----0 
[11:25:22.4338][1733][Info]: 0 ----0 
[11:25:22.4338][1734][Info]: 0 ----0 
[11:25:22.4468][1735][Info]: 0 ----0 
[11:25:22.4468][1736][Info]: 0 ----0 
[11:25:22.4468][1737][Info]: 0 ----0 
[11:25:22.4668][1738][Info]: 0 ----0 
[11:25:22.4668][1739][Info]: 0 ----0 
[11:25:22.4808][1740][Info]: 0 ----0 
[11:25:22.4808][1741][Info]: 0 ----0 
[11:25:22.4808][1742][Info]: 0 ----0 
[11:25:22.4978][1743][Info]: 0 ----0 
[11:25:22.4978][1744][Info]: 0 ----0 
[11:25:22.4978][1745][Info]: 0 ----0 
[11:25:22.5158][1746][Info]: 0 ----0 
[11:25:22.5158][1747][Info]: 0 ----0 
[11:25:22.5268][1748][Info]: 0 ----0 
[11:25:22.5268][1749][Info]: 0 ----0 
[11:25:22.5268][1750][Info]: 0 ----0 
[11:25:22.5428][1751][Info]: 0 ----0 
[11:25:22.5428][1752][Info]: 0 ----0 
[11:25:22.5428][1753][Info]: 0 ----0 
[11:25:22.5638][1754][Info]: 0 ----0 
[11:25:22.5638][1755][Info]: 0 ----0 
[11:25:22.5748][1756][Info]: 0 ----0 
[11:25:22.5748][1757][Info]: 0 ----0 
[11:25:22.5748][1758][Info]: 0 ----0 
[11:25:22.5928][1759][Info]: 0 ----0 
[11:25:22.5928][1760][Info]: 0 ----0 
[11:25:22.6068][1761][Info]: 0 ----0 
[11:25:22.6068][1762][Info]: 0 ----0 
[11:25:22.6188][1763][Info]: 0 ----0 
[11:25:22.6188][1764][Info]: 0 ----0 
[11:25:22.6188][1765][Info]: 0 ----0 
[11:25:22.6378][1766][Info]: 0 ----0 
[11:25:22.6378][1767][Info]: 0 ----0 
[11:25:22.6508][1768][Info]: 0 ----0 
[11:25:22.6508][1769][Info]: 0 ----0 
[11:25:22.6508][1770][Info]: 0 ----0 
[11:25:22.6698][1771][Info]: 0 ----0 
[11:25:22.6698][1772][Info]: 0 ----0 
[11:25:22.6858][1773][Info]: 0 ----0 
[11:25:22.6858][1774][Info]: 0 ----0 
[11:25:22.6998][1775][Info]: 0 ----0 
[11:25:22.6998][1776][Info]: 0 ----0 
[11:25:22.7138][1777][Info]: 0 ----0 
[11:25:22.7138][1778][Info]: 0 ----0 
[11:25:22.7317][1779][Info]: 0 ----0 
[11:25:22.7317][1780][Info]: 0 ----0 
[11:25:22.7477][1781][Info]: 0 ----0 
[11:25:22.7477][1782][Info]: 0 ----0 
[11:25:22.7647][1783][Info]: 0 ----0 
[11:25:22.7647][1784][Info]: 0 ----0 
[11:25:22.7777][1785][Info]: 0 ----0 
[11:25:22.7777][1786][Info]: 0 ----0 
[11:25:22.7927][1787][Info]: 0 ----0 
[11:25:22.7927][1788][Info]: 0 ----0 
[11:25:22.8111][1789][Info]: 0 ----0 
[11:25:22.8111][1790][Info]: 0 ----0 
[11:25:22.8288][1791][Info]: 0 ----0 
[11:25:22.8288][1792][Info]: 0 ----0 
[11:25:22.8438][1793][Info]: 0 ----0 
[11:25:22.8438][1794][Info]: 0 ----0 
[11:25:22.8628][1795][Info]: 0 ----0 
[11:25:22.8728][1796][Info]: 0 ----0 
[11:25:22.8888][1797][Info]: 0 ----0 
[11:25:22.8888][1798][Info]: 0 ----0 
[11:25:22.9098][1799][Info]: 0 ----0 
[11:25:22.9208][1800][Info]: 0 ----0 
[11:25:22.9208][1801][Info]: 0 ----0 
[11:25:22.9368][1802][Info]: 0 ----0 
[11:25:22.9368][1803][Info]: 0 ----0 
[11:25:22.9508][1804][Info]: 0 ----0 
[11:25:22.9508][1805][Info]: 0 ----0 
[11:25:22.9668][1806][Info]: 0 ----0 
[11:25:22.9668][1807][Info]: 0 ----0 
[11:25:22.9845][1808][Info]: 0 ----0 
[11:25:22.9845][1809][Info]: 0 ----0 
[11:25:23.0005][1810][Info]: 0 ----0 
[11:25:23.0005][1811][Info]: 0 ----0 
[11:25:23.0155][1812][Info]: 0 ----0 
[11:25:23.0155][1813][Info]: 0 ----0 
[11:25:23.0275][1814][Info]: 0 ----0 
[11:25:23.0275][1815][Info]: 0 ----0 
[11:25:23.0275][1816][Info]: 0 ----0 
[11:25:23.0465][1817][Info]: 0 ----0 
[11:25:23.0465][1818][Info]: 0 ----0 
[11:25:23.0635][1819][Info]: 0 ----0 
[11:25:23.0745][1820][Info]: 0 ----0 
[11:25:23.0745][1821][Info]: 0 ----0 
[11:25:23.0922][1822][Info]: 0 ----0 
[11:25:23.0922][1823][Info]: 0 ----0 
[11:25:23.1062][1824][Info]: 0 ----0 
[11:25:23.1062][1825][Info]: 0 ----0 
[11:25:23.1191][1826][Info]: 0 ----0 
[11:25:23.1191][1827][Info]: 0 ----0 
[11:25:23.1191][1828][Info]: 0 ----0 
[11:25:23.1381][1829][Info]: 0 ----0 
[11:25:23.1381][1830][Info]: 0 ----0 
[11:25:23.1521][1831][Info]: 0 ----0 
[11:25:23.1521][1832][Info]: 0 ----0 
[11:25:23.1521][1833][Info]: 0 ----0 
[11:25:23.1711][1834][Info]: 0 ----0 
[11:25:23.1711][1835][Info]: 0 ----0 
[11:25:23.1839][1836][Info]: 0 ----0 
[11:25:23.1839][1837][Info]: 0 ----0 
[11:25:23.1839][1838][Info]: 0 ----0 
[11:25:23.2019][1839][Info]: 0 ----0 
[11:25:23.2019][1840][Info]: 0 ----0 
[11:25:23.2159][1841][Info]: 0 ----0 
[11:25:23.2159][1842][Info]: 0 ----0 
[11:25:23.2329][1843][Info]: 0 ----0 
[11:25:23.2329][1844][Info]: 0 ----0 
[11:25:23.2449][1845][Info]: 0 ----0 
[11:25:23.2449][1846][Info]: 0 ----0 
[11:25:23.2449][1847][Info]: 0 ----0 
[11:25:23.2619][1848][Info]: 0 ----0 
[11:25:23.2619][1849][Info]: 0 ----0 
[11:25:23.2619][1850][Info]: 0 ----0 
[11:25:23.2789][1851][Info]: 0 ----0 
[11:25:23.2789][1852][Info]: 0 ----0 
[11:25:23.2926][1853][Info]: 0 ----0 
[11:25:23.2926][1854][Info]: 0 ----0 
[11:25:23.2926][1855][Info]: 0 ----0 
[11:25:23.3116][1856][Info]: 0 ----0 
[11:25:23.3116][1857][Info]: 0 ----0 
[11:25:23.3246][1858][Info]: 0 ----0 
[11:25:23.3246][1859][Info]: 0 ----0 
[11:25:23.3246][1860][Info]: 0 ----0 
[11:25:23.3405][1861][Info]: 0 ----0 
[11:25:23.3405][1862][Info]: 0 ----0 
[11:25:23.3405][1863][Info]: 0 ----0 
[11:25:23.3565][1864][Info]: 0 ----0 
[11:25:23.3565][1865][Info]: 0 ----0 
[11:25:23.3705][1866][Info]: 0 ----0 
[11:25:23.3705][1867][Info]: 0 ----0 
[11:25:23.3873][1868][Info]: 0 ----0 
[11:25:23.3873][1869][Info]: 0 ----0 
[11:25:23.4013][1870][Info]: 0 ----0 
[11:25:23.4013][1871][Info]: 0 ----0 
[11:25:23.4013][1872][Info]: 0 ----0 
[11:25:23.4183][1873][Info]: 0 ----0 
[11:25:23.4183][1874][Info]: 0 ----0 
[11:25:23.4183][1875][Info]: 0 ----0 
[11:25:23.4423][1876][Info]: 0 ----0 
[11:25:23.4503][1877][Info]: 0 ----0 
[11:25:23.4503][1878][Info]: 0 ----0 
[11:25:23.4653][1879][Info]: 0 ----0 
[11:25:23.4653][1880][Info]: 0 ----0 
[11:25:23.4803][1881][Info]: 0 ----0 
[11:25:23.4803][1882][Info]: 0 ----0 
[11:25:23.4981][1883][Info]: 0 ----0 
[11:25:23.4981][1884][Info]: 0 ----0 
[11:25:23.5101][1885][Info]: 0 ----0 
[11:25:23.5101][1886][Info]: 0 ----0 
[11:25:23.5101][1887][Info]: 0 ----0 
[11:25:23.5301][1888][Info]: 0 ----0 
[11:25:23.5301][1889][Info]: 0 ----0 
[11:25:23.5441][1890][Info]: 0 ----0 
[11:25:23.5441][1891][Info]: 0 ----0 
[11:25:23.5571][1892][Info]: 0 ----0 
[11:25:23.5571][1893][Info]: 0 ----0 
[11:25:23.5571][1894][Info]: 0 ----0 
[11:25:23.5769][1895][Info]: 0 ----0 
[11:25:23.5769][1896][Info]: 0 ----0 
[11:25:23.5769][1897][Info]: 0 ----0 
[11:25:23.5929][1898][Info]: 0 ----0 
[11:25:23.5929][1899][Info]: 0 ----0 
[11:25:23.6039][1900][Info]: 0 ----0 
[11:25:23.6039][1901][Info]: 0 ----0 
[11:25:23.6039][1902][Info]: 0 ----0 
[11:25:23.6199][1903][Info]: 0 ----0 
[11:25:23.6199][1904][Info]: 0 ----0 
[11:25:23.6199][1905][Info]: 0 ----0 
[11:25:23.6389][1906][Info]: 0 ----0 
[11:25:23.6389][1907][Info]: 0 ----0 
[11:25:23.6389][1908][Info]: 0 ----0 
[11:25:23.6549][1909][Info]: 0 ----0 
[11:25:23.6549][1910][Info]: 0 ----0 
[11:25:23.6669][1911][Info]: 0 ----0 
[11:25:23.6669][1912][Info]: 0 ----0 
[11:25:23.6669][1913][Info]: 0 ----0 
[11:25:23.6869][1914][Info]: 0 ----0 
[11:25:23.6869][1915][Info]: 0 ----0 
[11:25:23.6999][1916][Info]: 0 ----0 
[11:25:23.6999][1917][Info]: 0 ----0 
[11:25:23.6999][1918][Info]: 0 ----0 
[11:25:23.7198][1919][Info]: 0 ----0 
[11:25:23.7198][1920][Info]: 0 ----0 
[11:25:23.7348][1921][Info]: 0 ----0 
[11:25:23.7348][1922][Info]: 0 ----0 
[11:25:23.7488][1923][Info]: 0 ----0 
[11:25:23.7488][1924][Info]: 0 ----0 
[11:25:23.7598][1925][Info]: 0 ----0 
[11:25:23.7598][1926][Info]: 0 ----0 
[11:25:23.7598][1927][Info]: 0 ----0 
[11:25:23.7768][1928][Info]: 0 ----0 
[11:25:23.7768][1929][Info]: 0 ----0 
[11:25:23.7768][1930][Info]: 0 ----0 
[11:25:23.7938][1931][Info]: 0 ----0 
[11:25:23.7938][1932][Info]: 0 ----0 
[11:25:23.8078][1933][Info]: 0 ----0 
[11:25:23.8078][1934][Info]: 0 ----0 
[11:25:23.8078][1935][Info]: 0 ----0 
[11:25:23.8243][1936][Info]: 0 ----0 
[11:25:23.8243][1937][Info]: 0 ----0 
[11:25:23.8393][1938][Info]: 0 ----0 
[11:25:23.8393][1939][Info]: 0 ----0 
[11:25:23.8393][1940][Info]: 0 ----0 
[11:25:23.8552][1941][Info]: 0 ----0 
[11:25:23.8552][1942][Info]: 0 ----0 
[11:25:23.8552][1943][Info]: 0 ----0 
[11:25:23.8722][1944][Info]: 0 ----0 
[11:25:23.8722][1945][Info]: 0 ----0 
[11:25:23.8888][1946][Info]: 0 ----0 
[11:25:23.8888][1947][Info]: 0 ----0 
[11:25:23.9107][1948][Info]: 0 ----0 
[11:25:23.9167][1949][Info]: 0 ----0 
[11:25:23.9167][1950][Info]: 0 ----0 
[11:25:23.9327][1951][Info]: 0 ----0 
[11:25:23.9327][1952][Info]: 0 ----0 
[11:25:23.9487][1953][Info]: 0 ----0 
[11:25:23.9487][1954][Info]: 0 ----0 
[11:25:23.9637][1955][Info]: 0 ----0 
[11:25:23.9637][1956][Info]: 0 ----0 
[11:25:23.9867][1957][Info]: 0 ----0 
[11:25:23.9977][1958][Info]: 0 ----0 
[11:25:23.9977][1959][Info]: 0 ----0 
[11:25:24.0187][1960][Info]: 0 ----0 
[11:25:24.0297][1961][Info]: 0 ----0 
[11:25:24.0297][1962][Info]: 0 ----0 
[11:25:24.0447][1963][Info]: 0 ----0 
[11:25:24.0447][1964][Info]: 0 ----0 
[11:25:24.0597][1965][Info]: 0 ----0 
[11:25:24.0722][1966][Info]: 0 ----0 
[11:25:24.0902][1967][Info]: 0 ----0 
[11:25:24.0902][1968][Info]: 0 ----0 
[11:25:24.1142][1969][Info]: 0 ----0 
[11:25:24.1342][1970][Info]: 0 ----0 
[11:25:24.1432][1971][Info]: 0 ----0 
[11:25:24.1512][1972][Info]: 0 ----0 
[11:25:24.1512][1973][Info]: 0 ----0 
[11:25:24.1512][1974][Info]: 0 ----0 
[11:25:24.1702][1975][Info]: 0 ----0 
[11:25:24.1702][1976][Info]: 0 ----0 
[11:25:24.1832][1977][Info]: 0 ----0 
[11:25:24.1832][1978][Info]: 0 ----0 
[11:25:24.1832][1979][Info]: 0 ----0 
[11:25:24.2002][1980][Info]: 0 ----0 
[11:25:24.2002][1981][Info]: 0 ----0 
[11:25:24.2002][1982][Info]: 0 ----0 
[11:25:24.2172][1983][Info]: 0 ----0 
[11:25:24.2172][1984][Info]: 0 ----0 
[11:25:24.2301][1985][Info]: 0 ----0 
[11:25:24.2301][1986][Info]: 0 ----0 
[11:25:24.2437][1987][Info]: 0 ----0 
[11:25:24.2437][1988][Info]: 0 ----0 
[11:25:24.2437][1989][Info]: 0 ----0 
[11:25:24.2606][1990][Info]: 0 ----0 
[11:25:24.2606][1991][Info]: 0 ----0 
[11:25:24.2606][1992][Info]: 0 ----0 
[11:25:24.2796][1993][Info]: 0 ----0 
[11:25:24.2796][1994][Info]: 0 ----0 
[11:25:24.2916][1995][Info]: 0 ----0 
[11:25:24.2916][1996][Info]: 0 ----0 
[11:25:24.3066][1997][Info]: 0 ----0 
[11:25:24.3066][1998][Info]: 0 ----0 
[11:25:24.3236][1999][Info]: 0 ----0 
[11:25:24.3236][2000][Info]: 0 ----0 
[11:25:24.3236][2001][Info]: 0 ----0 
[11:25:24.3406][2002][Info]: 0 ----0 
[11:25:24.3406][2003][Info]: 0 ----0 
[11:25:24.3556][2004][Info]: 0 ----0 
[11:25:24.3556][2005][Info]: 0 ----0 
[11:25:24.3556][2006][Info]: 0 ----0 
[11:25:24.3716][2007][Info]: 0 ----0 
[11:25:24.3716][2008][Info]: 0 ----0 
[11:25:24.3716][2009][Info]: 0 ----0 
[11:25:24.3916][2010][Info]: 0 ----0 
[11:25:24.3916][2011][Info]: 0 ----0 
[11:25:24.4056][2012][Info]: 0 ----0 
[11:25:24.4056][2013][Info]: 0 ----0 
[11:25:24.4176][2014][Info]: 0 ----0 
[11:25:24.4176][2015][Info]: 0 ----0 
[11:25:24.4176][2016][Info]: 0 ----0 
[11:25:24.4346][2017][Info]: 0 ----0 
[11:25:24.4346][2018][Info]: 0 ----0 
[11:25:24.4496][2019][Info]: 0 ----0 
[11:25:24.4496][2020][Info]: 0 ----0 
[11:25:24.4666][2021][Info]: 0 ----0 
[11:25:24.4666][2022][Info]: 0 ----0 
[11:25:24.4802][2023][Info]: 0 ----0 
[11:25:24.4802][2024][Info]: 0 ----0 
[11:25:24.4802][2025][Info]: 0 ----0 
[11:25:24.4972][2026][Info]: 0 ----0 
[11:25:24.4972][2027][Info]: 0 ----0 
[11:25:24.5102][2028][Info]: 0 ----0 
[11:25:24.5102][2029][Info]: 0 ----0 
[11:25:24.5252][2030][Info]: 0 ----0 
[11:25:24.5252][2031][Info]: 0 ----0 
[11:25:24.5252][2032][Info]: 0 ----0 
[11:25:24.5452][2033][Info]: 0 ----0 
[11:25:24.5452][2034][Info]: 0 ----0 
[11:25:24.5652][2035][Info]: 0 ----0 
[11:25:24.5732][2036][Info]: 0 ----0 
[11:25:24.5732][2037][Info]: 0 ----0 
[11:25:24.5912][2038][Info]: 0 ----0 
[11:25:24.5912][2039][Info]: 0 ----0 
[11:25:24.6072][2040][Info]: 0 ----0 
[11:25:24.6072][2041][Info]: 0 ----0 
[11:25:24.6291][2042][Info]: 0 ----0 
[11:25:24.6381][2043][Info]: 0 ----0 
[11:25:24.6381][2044][Info]: 0 ----0 
[11:25:24.6601][2045][Info]: 0 ----0 
[11:25:24.6691][2046][Info]: 0 ----0 
[11:25:24.6691][2047][Info]: 0 ----0 
[11:25:24.6851][2048][Info]: 0 ----0 
[11:25:24.6851][2049][Info]: 0 ----0 
[11:25:24.7011][2050][Info]: 0 ----0 
[11:25:24.7011][2051][Info]: 0 ----0 
[11:25:24.7201][2052][Info]: 0 ----0 
[11:25:24.7321][2053][Info]: 0 ----0 
[11:25:24.7321][2054][Info]: 0 ----0 
[11:25:24.7481][2055][Info]: 0 ----0 
[11:25:24.7481][2056][Info]: 0 ----0 
[11:25:24.7631][2057][Info]: 0 ----0 
[11:25:24.7631][2058][Info]: 0 ----0 
[11:25:24.7801][2059][Info]: 0 ----0 
[11:25:24.7801][2060][Info]: 0 ----0 
[11:25:24.7941][2061][Info]: 0 ----0 
[11:25:24.7941][2062][Info]: 0 ----0 
[11:25:24.8101][2063][Info]: 0 ----0 
[11:25:24.8101][2064][Info]: 0 ----0 
[11:25:24.8251][2065][Info]: 0 ----0 
[11:25:24.8251][2066][Info]: 0 ----0 
[11:25:24.8391][2067][Info]: 0 ----0 
[11:25:24.8391][2068][Info]: 0 ----0 
[11:25:24.8391][2069][Info]: 0 ----0 
[11:25:24.8581][2070][Info]: 0 ----0 
[11:25:24.8581][2071][Info]: 0 ----0 
[11:25:24.8721][2072][Info]: 0 ----0 
[11:25:24.8721][2073][Info]: 0 ----0 
[11:25:24.8871][2074][Info]: 0 ----0 
[11:25:24.8871][2075][Info]: 0 ----0 
[11:25:24.9021][2076][Info]: 0 ----0 
[11:25:24.9021][2077][Info]: 0 ----0 
[11:25:24.9021][2078][Info]: 0 ----0 
[11:25:24.9231][2079][Info]: 0 ----0 
[11:25:24.9341][2080][Info]: 0 ----0 
[11:25:24.9341][2081][Info]: 0 ----0 
[11:25:24.9480][2082][Info]: 0 ----0 
[11:25:24.9480][2083][Info]: 0 ----0 
[11:25:24.9480][2084][Info]: 0 ----0 
[11:25:24.9700][2085][Info]: 0 ----0 
[11:25:24.9790][2086][Info]: 0 ----0 
[11:25:24.9790][2087][Info]: 0 ----0 
[11:25:24.9950][2088][Info]: 0 ----0 
[11:25:24.9950][2089][Info]: 0 ----0 
[11:25:25.0117][2090][Info]: 0 ----0 
[11:25:25.0117][2091][Info]: 0 ----0 
[11:25:25.0297][2092][Info]: 0 ----0 
[11:25:25.1673][2093][Info]: 0 ----0 
[11:25:25.1673][2094][Info]: 0 ----0 
[11:25:25.1863][2095][Info]: 0 ----0 
[11:25:25.1863][2096][Info]: 0 ----0 
[11:25:25.2003][2097][Info]: 0 ----0 
[11:25:25.2003][2098][Info]: 0 ----0 
[11:25:25.2003][2099][Info]: 0 ----0 
[11:25:25.2202][2100][Info]: 0 ----0 
[11:25:25.2312][2101][Info]: 0 ----0 
[11:25:25.2312][2102][Info]: 0 ----0 
[11:25:25.2487][2103][Info]: 0 ----0 
[11:25:25.2487][2104][Info]: 0 ----0 
[11:25:25.2627][2105][Info]: 0 ----0 
[11:25:25.2627][2106][Info]: 0 ----0 
[11:25:25.2767][2107][Info]: 0 ----0 
[11:25:25.2767][2108][Info]: 0 ----0 
[11:25:25.2767][2109][Info]: 0 ----0 
[11:25:25.2977][2110][Info]: 0 ----0 
[11:25:25.3083][2111][Info]: 0 ----0 
[11:25:25.3083][2112][Info]: 0 ----0 
[11:25:25.3273][2113][Info]: 0 ----0 
[11:25:25.3273][2114][Info]: 0 ----0 
[11:25:25.3423][2115][Info]: 0 ----0 
[11:25:25.3423][2116][Info]: 0 ----0 
[11:25:25.3563][2117][Info]: 0 ----0 
[11:25:25.3563][2118][Info]: 0 ----0 
[11:25:25.3723][2119][Info]: 0 ----0 
[11:25:25.3723][2120][Info]: 0 ----0 
[11:25:25.3907][2121][Info]: 0 ----0 
[11:25:25.3907][2122][Info]: 0 ----0 
[11:25:25.4076][2123][Info]: 0 ----0 
[11:25:25.4076][2124][Info]: 0 ----0 
[11:25:25.4206][2125][Info]: 0 ----0 
[11:25:25.4206][2126][Info]: 0 ----0 
[11:25:25.4336][2127][Info]: 0 ----0 
[11:25:25.4336][2128][Info]: 0 ----0 
[11:25:25.4336][2129][Info]: 0 ----0 
[11:25:25.4516][2130][Info]: 0 ----0 
[11:25:25.4516][2131][Info]: 0 ----0 
[11:25:25.4696][2132][Info]: 0 ----0 
[11:25:25.4696][2133][Info]: 0 ----0 
[11:25:25.4897][2134][Info]: 0 ----0 
[11:25:25.4957][2135][Info]: 0 ----0 
[11:25:25.4957][2136][Info]: 0 ----0 
[11:25:25.4957][2137][Info]: 0 ----0 
[11:25:25.5146][2138][Info]: 0 ----0 
[11:25:25.5146][2139][Info]: 0 ----0 
[11:25:25.5256][2140][Info]: 0 ----0 
[11:25:25.5256][2141][Info]: 0 ----0 
[11:25:25.5256][2142][Info]: 0 ----0 
[11:25:25.5436][2143][Info]: 0 ----0 
[11:25:25.5436][2144][Info]: 0 ----0 
[11:25:25.5566][2145][Info]: 0 ----0 
[11:25:25.5566][2146][Info]: 0 ----0 
[11:25:25.5566][2147][Info]: 0 ----0 
[11:25:25.5776][2148][Info]: 0 ----0 
[11:25:25.5776][2149][Info]: 0 ----0 
[11:25:25.5906][2150][Info]: 0 ----0 
[11:25:25.5906][2151][Info]: 0 ----0 
[11:25:25.5906][2152][Info]: 0 ----0 
[11:25:25.6086][2153][Info]: 0 ----0 
[11:25:25.6086][2154][Info]: 0 ----0 
[11:25:25.6196][2155][Info]: 0 ----0 
[11:25:25.6196][2156][Info]: 0 ----0 
[11:25:25.6346][2157][Info]: 0 ----0 
[11:25:25.6346][2158][Info]: 0 ----0 
[11:25:25.6506][2159][Info]: 0 ----0 
[11:25:25.6506][2160][Info]: 0 ----0 
[11:25:25.6506][2161][Info]: 0 ----0 
[11:25:25.6696][2162][Info]: 0 ----0 
[11:25:25.6696][2163][Info]: 0 ----0 
[11:25:25.6816][2164][Info]: 0 ----0 
[11:25:25.6816][2165][Info]: 0 ----0 
[11:25:25.6816][2166][Info]: 0 ----0 
[11:25:25.6986][2167][Info]: 0 ----0 
[11:25:25.6986][2168][Info]: 0 ----0 
[11:25:25.6986][2169][Info]: 0 ----0 
[11:25:25.7166][2170][Info]: 0 ----0 
[11:25:25.7166][2171][Info]: 0 ----0 
[11:25:25.7296][2172][Info]: 0 ----0 
[11:25:25.7296][2173][Info]: 0 ----0 
[11:25:25.7296][2174][Info]: 0 ----0 
[11:25:25.7486][2175][Info]: 0 ----0 
[11:25:25.7486][2176][Info]: 0 ----0 
[11:25:25.7616][2177][Info]: 0 ----0 
[11:25:25.7616][2178][Info]: 0 ----0 
[11:25:25.7616][2179][Info]: 0 ----0 
[11:25:25.7816][2180][Info]: 0 ----0 
[11:25:25.7916][2181][Info]: 0 ----0 
[11:25:25.7916][2182][Info]: 0 ----0 
[11:25:25.7916][2183][Info]: 0 ----0 
[11:25:25.8116][2184][Info]: 0 ----0 
[11:25:25.8116][2185][Info]: 0 ----0 
[11:25:25.8268][2186][Info]: 0 ----0 
[11:25:25.8268][2187][Info]: 0 ----0 
[11:25:25.8388][2188][Info]: 0 ----0 
[11:25:25.8388][2189][Info]: 0 ----0 
[11:25:25.8388][2190][Info]: 0 ----0 
[11:25:25.8558][2191][Info]: 0 ----0 
[11:25:25.8558][2192][Info]: 0 ----0 
[11:25:25.8558][2193][Info]: 0 ----0 
[11:25:25.8737][2194][Info]: 0 ----0 
[11:25:25.8737][2195][Info]: 0 ----0 
[11:25:25.8892][2196][Info]: 0 ----0 
[11:25:25.8892][2197][Info]: 0 ----0 
[11:25:25.9021][2198][Info]: 0 ----0 
[11:25:25.9021][2199][Info]: 0 ----0 
[11:25:25.9157][2200][Info]: 0 ----0 
[11:25:25.9157][2201][Info]: 0 ----0 
[11:25:25.9157][2202][Info]: 0 ----0 
[11:25:25.9366][2203][Info]: 0 ----0 
[11:25:25.9366][2204][Info]: 0 ----0 
[11:25:25.9536][2205][Info]: 0 ----0 
[11:25:25.9536][2206][Info]: 0 ----0 
[11:25:25.9686][2207][Info]: 0 ----0 
[11:25:25.9686][2208][Info]: 0 ----0 
[11:25:25.9863][2209][Info]: 0 ----0 
[11:25:25.9963][2210][Info]: 0 ----0 
[11:25:25.9963][2211][Info]: 0 ----0 
[11:25:26.0113][2212][Info]: 0 ----0 
[11:25:26.0113][2213][Info]: 0 ----0 
[11:25:26.0253][2214][Info]: 0 ----0 
[11:25:26.0253][2215][Info]: 0 ----0 
[11:25:26.0413][2216][Info]: 0 ----0 
[11:25:26.0413][2217][Info]: 0 ----0 
[11:25:26.0573][2218][Info]: 0 ----0 
[11:25:26.0573][2219][Info]: 0 ----0 
[11:25:26.0740][2220][Info]: 0 ----0 
[11:25:26.0740][2221][Info]: 0 ----0 
[11:25:26.0900][2222][Info]: 0 ----0 
[11:25:26.0900][2223][Info]: 0 ----0 
[11:25:26.1052][2224][Info]: 0 ----0 
[11:25:26.1052][2225][Info]: 0 ----0 
[11:25:26.1222][2226][Info]: 0 ----0 
[11:25:26.1222][2227][Info]: 0 ----0 
[11:25:26.1442][2228][Info]: 0 ----0 
[11:25:26.1532][2229][Info]: 0 ----0 
[11:25:26.1532][2230][Info]: 0 ----0 
[11:25:26.1662][2231][Info]: 0 ----0 
[11:25:26.1662][2232][Info]: 0 ----0 
[11:25:26.1821][2233][Info]: 0 ----0 
[11:25:26.1821][2234][Info]: 0 ----0 
[11:25:26.2021][2235][Info]: 0 ----0 
[11:25:26.2021][2236][Info]: 0 ----0 
[11:25:26.2189][2237][Info]: 0 ----0 
[11:25:26.2189][2238][Info]: 0 ----0 
[11:25:26.2379][2239][Info]: 0 ----0 
[11:25:26.2499][2240][Info]: 0 ----0 
[11:25:26.2499][2241][Info]: 0 ----0 
[11:25:26.2689][2242][Info]: 0 ----0 
[11:25:26.2759][2243][Info]: 0 ----0 
[11:25:26.2759][2244][Info]: 0 ----0 
[11:25:26.2907][2245][Info]: 0 ----0 
[11:25:26.2907][2246][Info]: 0 ----0 
[11:25:26.3097][2247][Info]: 0 ----0 
[11:25:26.3097][2248][Info]: 0 ----0 
[11:25:26.3257][2249][Info]: 0 ----0 
[11:25:26.3257][2250][Info]: 0 ----0 
[11:25:26.3417][2251][Info]: 0 ----0 
[11:25:26.3417][2252][Info]: 0 ----0 
[11:25:26.3567][2253][Info]: 0 ----0 
[11:25:26.3567][2254][Info]: 0 ----0 
[11:25:26.3717][2255][Info]: 0 ----0 
[11:25:26.3717][2256][Info]: 0 ----0 
[11:25:26.3887][2257][Info]: 0 ----0 
[11:25:26.3887][2258][Info]: 0 ----0 
[11:25:26.4117][2259][Info]: 0 ----0 
[11:25:26.4217][2260][Info]: 0 ----0 
[11:25:26.4217][2261][Info]: 0 ----0 
[11:25:26.4357][2262][Info]: 0 ----0 
[11:25:26.4357][2263][Info]: 0 ----0 
[11:25:26.4517][2264][Info]: 0 ----0 
[11:25:26.4517][2265][Info]: 0 ----0 
[11:25:26.4637][2266][Info]: 0 ----0 
[11:25:26.4637][2267][Info]: 0 ----0 
[11:25:26.4827][2268][Info]: 0 ----0 
[11:25:26.4827][2269][Info]: 0 ----0 
[11:25:26.4996][2270][Info]: 0 ----0 
[11:25:26.4996][2271][Info]: 0 ----0 
[11:25:26.5116][2272][Info]: 0 ----0 
[11:25:26.5116][2273][Info]: 0 ----0 
[11:25:26.5116][2274][Info]: 0 ----0 
[11:25:26.5306][2275][Info]: 0 ----0 
[11:25:26.5306][2276][Info]: 0 ----0 
[11:25:26.5426][2277][Info]: 0 ----0 
[11:25:26.5426][2278][Info]: 0 ----0 
[11:25:26.5596][2279][Info]: 0 ----0 
[11:25:26.5596][2280][Info]: 0 ----0 
[11:25:26.5721][2281][Info]: 0 ----0 
[11:25:26.5721][2282][Info]: 0 ----0 
[11:25:26.5721][2283][Info]: 0 ----0 
[11:25:26.5897][2284][Info]: 0 ----0 
[11:25:26.5897][2285][Info]: 0 ----0 
[11:25:26.5897][2286][Info]: 0 ----0 
[11:25:26.6093][2287][Info]: 0 ----0 
[11:25:26.6093][2288][Info]: 0 ----0 
[11:25:26.6213][2289][Info]: 0 ----0 
[11:25:26.6213][2290][Info]: 0 ----0 
[11:25:26.6213][2291][Info]: 0 ----0 
[11:25:26.6393][2292][Info]: 0 ----0 
[11:25:26.6393][2293][Info]: 0 ----0 
[11:25:26.6533][2294][Info]: 0 ----0 
[11:25:26.6533][2295][Info]: 0 ----0 
[11:25:26.6673][2296][Info]: 0 ----0 
[11:25:26.6673][2297][Info]: 0 ----0 
[11:25:26.6843][2298][Info]: 0 ----0 
[11:25:26.6843][2299][Info]: 0 ----0 
[11:25:26.7023][2300][Info]: 0 ----0 
[11:25:26.7023][2301][Info]: 0 ----0 
[11:25:26.7183][2302][Info]: 0 ----0 
[11:25:26.7183][2303][Info]: 0 ----0 
[11:25:26.7353][2304][Info]: 0 ----0 
[11:25:26.7448][2305][Info]: 0 ----0 
[11:25:26.7448][2306][Info]: 0 ----0 
[11:25:26.7618][2307][Info]: 0 ----0 
[11:25:26.7618][2308][Info]: 0 ----0 
[11:25:26.7758][2309][Info]: 0 ----0 
[11:25:26.7758][2310][Info]: 0 ----0 
[11:25:26.7758][2311][Info]: 0 ----0 
[11:25:26.7942][2312][Info]: 0 ----0 
[11:25:26.7942][2313][Info]: 0 ----0 
[11:25:26.8072][2314][Info]: 0 ----0 
[11:25:26.8072][2315][Info]: 0 ----0 
[11:25:26.8239][2316][Info]: 0 ----0 
[11:25:26.8239][2317][Info]: 0 ----0 
[11:25:26.8379][2318][Info]: 0 ----0 
[11:25:26.8379][2319][Info]: 0 ----0 
[11:25:26.8539][2320][Info]: 0 ----0 
[11:25:26.8539][2321][Info]: 0 ----0 
[11:25:26.8689][2322][Info]: 0 ----0 
[11:25:26.8689][2323][Info]: 0 ----0 
[11:25:26.8689][2324][Info]: 0 ----0 
[11:25:26.8889][2325][Info]: 0 ----0 
[11:25:26.8889][2326][Info]: 0 ----0 
[11:25:26.9029][2327][Info]: 0 ----0 
[11:25:26.9029][2328][Info]: 0 ----0 
[11:25:26.9029][2329][Info]: 0 ----0 
[11:25:26.9199][2330][Info]: 0 ----0 
[11:25:26.9199][2331][Info]: 0 ----0 
[11:25:26.9329][2332][Info]: 0 ----0 
[11:25:26.9329][2333][Info]: 0 ----0 
[11:25:26.9329][2334][Info]: 0 ----0 
[11:25:26.9519][2335][Info]: 0 ----0 
[11:25:26.9519][2336][Info]: 0 ----0 
[11:25:26.9659][2337][Info]: 0 ----0 
[11:25:26.9659][2338][Info]: 0 ----0 
[11:25:26.9819][2339][Info]: 0 ----0 
[11:25:26.9819][2340][Info]: 0 ----0 
[11:25:26.9988][2341][Info]: 0 ----0 
[11:25:26.9988][2342][Info]: 0 ----0 
[11:25:27.0168][2343][Info]: 0 ----0 
[11:25:27.0258][2344][Info]: 0 ----0 
[11:25:27.0258][2345][Info]: 0 ----0 
[11:25:27.0438][2346][Info]: 0 ----0 
[11:25:27.0598][2347][Info]: 0 ----0 
[11:25:27.0748][2348][Info]: 0 ----0 
[11:25:27.0748][2349][Info]: 0 ----0 
[11:25:27.0902][2350][Info]: 0 ----0 
[11:25:27.1052][2351][Info]: 0 ----0 
[11:25:27.1052][2352][Info]: 0 ----0 
[11:25:27.1232][2353][Info]: 0 ----0 
[11:25:27.1232][2354][Info]: 0 ----0 
[11:25:27.1432][2355][Info]: 0 ----0 
[11:25:27.1542][2356][Info]: 0 ----0 
[11:25:27.1542][2357][Info]: 0 ----0 
[11:25:27.1752][2358][Info]: 0 ----0 
[11:25:27.1838][2359][Info]: 0 ----0 
[11:25:27.1838][2360][Info]: 0 ----0 
[11:25:27.1838][2361][Info]: 0 ----0 
[11:25:27.2028][2362][Info]: 0 ----0 
[11:25:27.2028][2363][Info]: 0 ----0 
[11:25:27.2204][2364][Info]: 0 ----0 
[11:25:27.2324][2365][Info]: 0 ----0 
[11:25:27.2324][2366][Info]: 0 ----0 
[11:25:27.2484][2367][Info]: 0 ----0 
[11:25:27.2484][2368][Info]: 0 ----0 
[11:25:27.2624][2369][Info]: 0 ----0 
[11:25:27.2624][2370][Info]: 0 ----0 
[11:25:27.2764][2371][Info]: 0 ----0 
[11:25:27.2764][2372][Info]: 0 ----0 
[11:25:27.2764][2373][Info]: 0 ----0 
[11:25:27.2970][2374][Info]: 0 ----0 
[11:25:27.3070][2375][Info]: 0 ----0 
[11:25:27.3070][2376][Info]: 0 ----0 
[11:25:27.3277][2377][Info]: 0 ----0 
[11:25:27.3277][2378][Info]: 0 ----0 
[11:25:27.3407][2379][Info]: 0 ----0 
[11:25:27.3407][2380][Info]: 0 ----0 
[11:25:27.3407][2381][Info]: 0 ----0 
[11:25:27.3577][2382][Info]: 0 ----0 
[11:25:27.3577][2383][Info]: 0 ----0 
[11:25:27.3687][2384][Info]: 0 ----0 
[11:25:27.3687][2385][Info]: 0 ----0 
[11:25:27.3687][2386][Info]: 0 ----0 
[11:25:27.3883][2387][Info]: 0 ----0 
[11:25:27.3883][2388][Info]: 0 ----0 
[11:25:27.3883][2389][Info]: 0 ----0 
[11:25:27.4063][2390][Info]: 0 ----0 
[11:25:27.4063][2391][Info]: 0 ----0 
[11:25:27.4173][2392][Info]: 0 ----0 
[11:25:27.4173][2393][Info]: 0 ----0 
[11:25:27.4313][2394][Info]: 0 ----0 
[11:25:27.4313][2395][Info]: 0 ----0 
[11:25:27.4313][2396][Info]: 0 ----0 
[11:25:27.4483][2397][Info]: 0 ----0 
[11:25:27.4483][2398][Info]: 0 ----0 
[11:25:27.4483][2399][Info]: 0 ----0 
[11:25:27.4693][2400][Info]: 0 ----0 
[11:25:27.4693][2401][Info]: 0 ----0 
[11:25:27.4867][2402][Info]: 0 ----0 
[11:25:27.4867][2403][Info]: 0 ----0 
[11:25:27.5046][2404][Info]: 0 ----0 
[11:25:27.5146][2405][Info]: 0 ----0 
[11:25:27.5146][2406][Info]: 0 ----0 
[11:25:27.5286][2407][Info]: 0 ----0 
[11:25:27.5286][2408][Info]: 0 ----0 
[11:25:27.5416][2409][Info]: 0 ----0 
[11:25:27.5416][2410][Info]: 0 ----0 
[11:25:27.5566][2411][Info]: 0 ----0 
[11:25:27.5566][2412][Info]: 0 ----0 
[11:25:27.5566][2413][Info]: 0 ----0 
[11:25:27.5776][2414][Info]: 0 ----0 
[11:25:27.5776][2415][Info]: 0 ----0 
[11:25:27.5926][2416][Info]: 0 ----0 
[11:25:27.5926][2417][Info]: 0 ----0 
[11:25:27.6056][2418][Info]: 0 ----0 
[11:25:27.6056][2419][Info]: 0 ----0 
[11:25:27.6206][2420][Info]: 0 ----0 
[11:25:27.6206][2421][Info]: 0 ----0 
[11:25:27.6385][2422][Info]: 0 ----0 
[11:25:27.6385][2423][Info]: 0 ----0 
[11:25:27.6565][2424][Info]: 0 ----0 
[11:25:27.6565][2425][Info]: 0 ----0 
[11:25:27.6755][2426][Info]: 0 ----0 
[11:25:27.6858][2427][Info]: 0 ----0 
[11:25:27.6858][2428][Info]: 0 ----0 
[11:25:27.7178][2429][Info]: 0 ----0 
[11:25:27.7178][2430][Info]: 0 ----0 
[11:25:27.7328][2431][Info]: 0 ----0 
[11:25:27.7328][2432][Info]: 0 ----0 
[11:25:27.7458][2433][Info]: 0 ----0 
[11:25:27.7458][2434][Info]: 0 ----0 
[11:25:27.7758][2435][Info]: 0 ----0 
[11:25:27.7758][2436][Info]: 0 ----0 
[11:25:27.7918][2437][Info]: 0 ----0 
[11:25:27.7918][2438][Info]: 0 ----0 
[11:25:27.8078][2439][Info]: 0 ----0 
[11:25:27.8078][2440][Info]: 0 ----0 
[11:25:27.8228][2441][Info]: 0 ----0 
[11:25:27.8228][2442][Info]: 0 ----0 
[11:25:27.8378][2443][Info]: 0 ----0 
[11:25:27.8378][2444][Info]: 0 ----0 
[11:25:27.8378][2445][Info]: 0 ----0 
[11:25:27.8588][2446][Info]: 0 ----0 
[11:25:27.8588][2447][Info]: 0 ----0 
[11:25:27.8728][2448][Info]: 0 ----0 
[11:25:27.8728][2449][Info]: 0 ----0 
[11:25:27.8907][2450][Info]: 0 ----0 
[11:25:27.8907][2451][Info]: 0 ----0 
[11:25:27.9067][2452][Info]: 0 ----0 
[11:25:27.9067][2453][Info]: 0 ----0 
[11:25:27.9207][2454][Info]: 0 ----0 
[11:25:27.9207][2455][Info]: 0 ----0 
[11:25:27.9367][2456][Info]: 0 ----0 
[11:25:27.9367][2457][Info]: 0 ----0 
[11:25:27.9527][2458][Info]: 0 ----0 
[11:25:27.9527][2459][Info]: 0 ----0 
[11:25:27.9677][2460][Info]: 0 ----0 
[11:25:27.9677][2461][Info]: 0 ----0 
[11:25:27.9837][2462][Info]: 0 ----0 
[11:25:27.9837][2463][Info]: 0 ----0 
[11:25:27.9989][2464][Info]: 0 ----0 
[11:25:27.9989][2465][Info]: 0 ----0 
[11:25:28.0141][2466][Info]: 0 ----0 
[11:25:28.0141][2467][Info]: 0 ----0 
[11:25:28.0280][2468][Info]: 0 ----0 
[11:25:28.0280][2469][Info]: 0 ----0 
[11:25:28.0450][2470][Info]: 0 ----0 
[11:25:28.0450][2471][Info]: 0 ----0 
[11:25:28.0590][2472][Info]: 0 ----0 
[11:25:28.0590][2473][Info]: 0 ----0 
[11:25:28.0753][2474][Info]: 0 ----0 
[11:25:28.0753][2475][Info]: 0 ----0 
[11:25:28.0901][2476][Info]: 0 ----0 
[11:25:28.0901][2477][Info]: 0 ----0 
[11:25:28.1051][2478][Info]: 0 ----0 
[11:25:28.1051][2479][Info]: 0 ----0 
[11:25:28.1051][2480][Info]: 0 ----0 
[11:25:28.1241][2481][Info]: 0 ----0 
[11:25:28.1351][2482][Info]: 0 ----0 
[11:25:28.1351][2483][Info]: 0 ----0 
[11:25:28.1521][2484][Info]: 0 ----0 
[11:25:28.1521][2485][Info]: 0 ----0 
[11:25:28.1671][2486][Info]: 0 ----0 
[11:25:28.1671][2487][Info]: 0 ----0 
[11:25:28.1671][2488][Info]: 0 ----0 
[11:25:28.1890][2489][Info]: 0 ----0 
[11:25:28.1990][2490][Info]: 0 ----0 
[11:25:28.1990][2491][Info]: 0 ----0 
[11:25:28.2150][2492][Info]: 0 ----0 
[11:25:28.2150][2493][Info]: 0 ----0 
[11:25:28.2360][2494][Info]: 0 ----0 
[11:25:28.2470][2495][Info]: 0 ----0 
[11:25:28.2470][2496][Info]: 0 ----0 
[11:25:28.2670][2497][Info]: 0 ----0 
[11:25:28.2770][2498][Info]: 0 ----0 
[11:25:28.2770][2499][Info]: 0 ----0 
[11:25:28.2937][2500][Info]: 0 ----0 
[11:25:28.2937][2501][Info]: 0 ----0 
[11:25:28.3107][2502][Info]: 0 ----0 
[11:25:28.3107][2503][Info]: 0 ----0 
[11:25:28.3267][2504][Info]: 0 ----0 
[11:25:28.3267][2505][Info]: 0 ----0 
[11:25:28.3417][2506][Info]: 0 ----0 
[11:25:28.3417][2507][Info]: 0 ----0 
[11:25:28.3557][2508][Info]: 0 ----0 
[11:25:28.3557][2509][Info]: 0 ----0 
[11:25:28.3717][2510][Info]: 0 ----0 
[11:25:28.3717][2511][Info]: 0 ----0 
[11:25:28.3887][2512][Info]: 0 ----0 
[11:25:28.3887][2513][Info]: 0 ----0 
[11:25:28.4097][2514][Info]: 0 ----0 
[11:25:28.4187][2515][Info]: 0 ----0 
[11:25:28.4187][2516][Info]: 0 ----0 
[11:25:28.4357][2517][Info]: 0 ----0 
[11:25:28.4357][2518][Info]: 0 ----0 
[11:25:28.4517][2519][Info]: 0 ----0 
[11:25:28.4637][2520][Info]: 0 ----0 
[11:25:28.4637][2521][Info]: 0 ----0 
[11:25:28.4827][2522][Info]: 0 ----0 
[11:25:28.4827][2523][Info]: 0 ----0 
[11:25:28.4990][2524][Info]: 0 ----0 
[11:25:28.4990][2525][Info]: 0 ----0 
[11:25:28.5140][2526][Info]: 0 ----0 
[11:25:28.5140][2527][Info]: 0 ----0 
[11:25:28.5290][2528][Info]: 0 ----0 
[11:25:28.5290][2529][Info]: 0 ----0 
[11:25:28.5450][2530][Info]: 0 ----0 
[11:25:28.5450][2531][Info]: 0 ----0 
[11:25:28.5650][2532][Info]: 0 ----0 
[11:25:28.5650][2533][Info]: 0 ----0 
[11:25:28.5780][2534][Info]: 0 ----0 
[11:25:28.5780][2535][Info]: 0 ----0 
[11:25:28.5910][2536][Info]: 0 ----0 
[11:25:28.5910][2537][Info]: 0 ----0 
[11:25:28.6040][2538][Info]: 0 ----0 
[11:25:28.6040][2539][Info]: 0 ----0 
[11:25:28.6189][2540][Info]: 0 ----0 
[11:25:28.6189][2541][Info]: 0 ----0 
[11:25:28.6189][2542][Info]: 0 ----0 
[11:25:28.6419][2543][Info]: 0 ----0 
[11:25:28.6419][2544][Info]: 0 ----0 
[11:25:28.6549][2545][Info]: 0 ----0 
[11:25:28.6549][2546][Info]: 0 ----0 
[11:25:28.6719][2547][Info]: 0 ----0 
[11:25:28.6719][2548][Info]: 0 ----0 
[11:25:28.6859][2549][Info]: 0 ----0 
[11:25:28.6859][2550][Info]: 0 ----0 
[11:25:28.6989][2551][Info]: 0 ----0 
[11:25:28.6989][2552][Info]: 0 ----0 
[11:25:28.7158][2553][Info]: 0 ----0 
[11:25:28.7158][2554][Info]: 0 ----0 
[11:25:28.7318][2555][Info]: 0 ----0 
[11:25:28.7318][2556][Info]: 0 ----0 
[11:25:28.7458][2557][Info]: 0 ----0 
[11:25:28.7458][2558][Info]: 0 ----0 
[11:25:28.7458][2559][Info]: 0 ----0 
[11:25:28.7658][2560][Info]: 0 ----0 
[11:25:28.7658][2561][Info]: 0 ----0 
[11:25:28.7778][2562][Info]: 0 ----0 
[11:25:28.7778][2563][Info]: 0 ----0 
[11:25:28.7910][2564][Info]: 0 ----0 
[11:25:28.7910][2565][Info]: 0 ----0 
[11:25:28.7910][2566][Info]: 0 ----0 
[11:25:28.8140][2567][Info]: 0 ----0 
[11:25:28.8140][2568][Info]: 0 ----0 
[11:25:28.8277][2569][Info]: 0 ----0 
[11:25:28.8277][2570][Info]: 0 ----0 
[11:25:28.8397][2571][Info]: 0 ----0 
[11:25:28.8397][2572][Info]: 0 ----0 
[11:25:28.8537][2573][Info]: 0 ----0 
[11:25:28.8537][2574][Info]: 0 ----0 
[11:25:28.8717][2575][Info]: 0 ----0 
[11:25:28.8717][2576][Info]: 0 ----0 
[11:25:28.8867][2577][Info]: 0 ----0 
[11:25:28.8867][2578][Info]: 0 ----0 
[11:25:28.9037][2579][Info]: 0 ----0 
[11:25:28.9037][2580][Info]: 0 ----0 
[11:25:28.9157][2581][Info]: 0 ----0 
[11:25:28.9157][2582][Info]: 0 ----0 
[11:25:28.9157][2583][Info]: 0 ----0 
[11:25:28.9347][2584][Info]: 0 ----0 
[11:25:28.9347][2585][Info]: 0 ----0 
[11:25:28.9477][2586][Info]: 0 ----0 
[11:25:28.9477][2587][Info]: 0 ----0 
[11:25:28.9477][2588][Info]: 0 ----0 
[11:25:28.9687][2589][Info]: 0 ----0 
[11:25:28.9687][2590][Info]: 0 ----0 
[11:25:28.9827][2591][Info]: 0 ----0 
[11:25:28.9827][2592][Info]: 0 ----0 
[11:25:28.9957][2593][Info]: 0 ----0 
[11:25:28.9957][2594][Info]: 0 ----0 
[11:25:29.0118][2595][Info]: 0 ----0 
[11:25:29.0118][2596][Info]: 0 ----0 
[11:25:29.0268][2597][Info]: 0 ----0 
[11:25:29.0268][2598][Info]: 0 ----0 
[11:25:29.0268][2599][Info]: 0 ----0 
[11:25:29.0458][2600][Info]: 0 ----0 
[11:25:29.0458][2601][Info]: 0 ----0 
[11:25:29.0618][2602][Info]: 0 ----0 
[11:25:29.0618][2603][Info]: 0 ----0 
[11:25:29.0808][2604][Info]: 0 ----0 
[11:25:29.0898][2605][Info]: 0 ----0 
[11:25:29.0898][2606][Info]: 0 ----0 
[11:25:29.1108][2607][Info]: 0 ----0 
[11:25:29.1198][2608][Info]: 0 ----0 
[11:25:29.1357][2609][Info]: 0 ----0 
[11:25:29.1357][2610][Info]: 0 ----0 
[11:25:29.1567][2611][Info]: 0 ----0 
[11:25:29.1687][2612][Info]: 0 ----0 
[11:25:29.1687][2613][Info]: 0 ----0 
[11:25:29.1877][2614][Info]: 0 ----0 
[11:25:29.1997][2615][Info]: 0 ----0 
[11:25:29.1997][2616][Info]: 0 ----0 
[11:25:29.2220][2617][Info]: 0 ----0 
[11:25:29.2340][2618][Info]: 0 ----0 
[11:25:29.2340][2619][Info]: 0 ----0 
[11:25:29.2476][2620][Info]: 0 ----0 
[11:25:29.2476][2621][Info]: 0 ----0 
[11:25:29.2606][2622][Info]: 0 ----0 
[11:25:29.2606][2623][Info]: 0 ----0 
[11:25:29.2606][2624][Info]: 0 ----0 
[11:25:29.2836][2625][Info]: 0 ----0 
[11:25:29.2906][2626][Info]: 0 ----0 
[11:25:29.2906][2627][Info]: 0 ----0 
[11:25:29.2906][2628][Info]: 0 ----0 
[11:25:29.3137][2629][Info]: 0 ----0 
[11:25:29.3277][2630][Info]: 0 ----0 
[11:25:29.3277][2631][Info]: 0 ----0 
[11:25:29.3426][2632][Info]: 0 ----0 
[11:25:29.3616][2633][Info]: 0 -----1 
[11:25:29.3686][2634][Info]: 0 -----1 
[11:25:29.3686][2635][Info]: 0 -----1 
[11:25:29.3886][2636][Info]: 0 -----1 
[11:25:29.3886][2637][Info]: 0 -----1 
[11:25:29.4026][2638][Info]: 0 -----1 
[11:25:29.4026][2639][Info]: 0 -----1 
[11:25:29.4176][2640][Info]: 0 -----1 
[11:25:29.4176][2641][Info]: 0 -----1 
[11:25:29.4356][2642][Info]: 0 -----1 
[11:25:29.4356][2643][Info]: 0 -----1 
[11:25:29.4536][2644][Info]: 0 -----1 
[11:25:29.4626][2645][Info]: 0 -----1 
[11:25:29.4626][2646][Info]: 0 -----1 
[11:25:29.4826][2647][Info]: 0 -----1 
[11:25:29.4948][2648][Info]: 0 -----1 
[11:25:29.4948][2649][Info]: 0 -----1 
[11:25:29.5168][2650][Info]: 0 -----1 
[11:25:29.5258][2651][Info]: 0 -----1 
[11:25:29.5258][2652][Info]: 0 -----1 
[11:25:29.5448][2653][Info]: 0 -----1 
[11:25:29.5578][2654][Info]: -1 -----1 
[11:25:29.5578][2655][Info]: -1 -----1 
[11:25:29.5817][2656][Info]: -1 -----1 
[11:25:29.5927][2657][Info]: -1 -----1 
[11:25:29.5927][2658][Info]: -1 -----1 
[11:25:29.6097][2659][Info]: -1 -----1 
[11:25:29.6237][2660][Info]: -1 -----1 
[11:25:29.6397][2661][Info]: -1 -----1 
[11:25:29.6557][2662][Info]: -1 ----0 
[11:25:29.6657][2663][Info]: -1 ----0 
[11:25:29.6657][2664][Info]: -1 ----0 
[11:25:29.6837][2665][Info]: -1 ----0 
[11:25:29.6837][2666][Info]: -1 ----0 
[11:25:29.6987][2667][Info]: -1 ----0 
[11:25:29.6987][2668][Info]: -1 ----0 
[11:25:29.6987][2669][Info]: -1 ----0 
[11:25:29.7177][2670][Info]: -1 ----0 
[11:25:29.7177][2671][Info]: -1 ----0 
[11:25:29.7337][2672][Info]: -1 ----0 
[11:25:29.7337][2673][Info]: -1 ----0 
[11:25:29.7477][2674][Info]: -1 ----0 
[11:25:29.7477][2675][Info]: -1 ----0 
[11:25:29.7607][2676][Info]: -1 ----0 
[11:25:29.7607][2677][Info]: -1 ----0 
[11:25:29.7607][2678][Info]: -1 ----0 
[11:25:29.7857][2679][Info]: -1 ----0 
[11:25:29.7937][2680][Info]: -1 ----0 
[11:25:29.7937][2681][Info]: -1 -----1 
[11:25:29.8127][2682][Info]: -1 -----1 
[11:25:29.8227][2683][Info]: -1 -----1 
[11:25:29.8227][2684][Info]: -1 -----1 
[11:25:29.8227][2685][Info]: -1 -----1 
[11:25:29.8437][2686][Info]: -1 -----1 
[11:25:29.8437][2687][Info]: -1 -----1 
[11:25:29.8577][2688][Info]: -1 -----1 
[11:25:29.8577][2689][Info]: -1 -----1 
[11:25:29.8737][2690][Info]: -1 -----1 
[11:25:29.8737][2691][Info]: 0 -----1 
[11:25:29.8917][2692][Info]: 0 -----1 
[11:25:29.9017][2693][Info]: 0 -----1 
[11:25:29.9017][2694][Info]: 0 -----1 
[11:25:29.9157][2695][Info]: 0 -----1 
[11:25:29.9157][2696][Info]: 0 -----1 
[11:25:29.9157][2697][Info]: 0 -----1 
[11:25:29.9417][2698][Info]: 1 -----1 
[11:25:29.9537][2699][Info]: 1 -----1 
[11:25:29.9537][2700][Info]: 1 -----1 
[11:25:29.9717][2701][Info]: 1 -----1 
[11:25:29.9837][2702][Info]: 1 -----1 
[11:25:29.9837][2703][Info]: 1 -----1 
[11:25:30.0007][2704][Info]: 1 -----1 
[11:25:30.0007][2705][Info]: 1 -----1 
[11:25:30.0187][2706][Info]: 1 ----0 
[11:25:30.0277][2707][Info]: 1 ----0 
[11:25:30.0277][2708][Info]: 1 ----0 
[11:25:30.0437][2709][Info]: 1 ----0 
[11:25:30.0437][2710][Info]: 1 ----0 
[11:25:30.0607][2711][Info]: 1 ----0 
[11:25:30.0607][2712][Info]: 1 ----0 
[11:25:30.0766][2713][Info]: 1 ----0 
[11:25:30.0766][2714][Info]: 1 ----0 
[11:25:30.0946][2715][Info]: 1 ----0 
[11:25:30.1076][2716][Info]: 0 ----0 
[11:25:30.1076][2717][Info]: 0 ----0 
[11:25:30.1236][2718][Info]: 0 ----0 
[11:25:30.1236][2719][Info]: 0 ----0 
[11:25:30.1396][2720][Info]: 0 ----0 
[11:25:30.1396][2721][Info]: -1 ----0 
[11:25:30.1566][2722][Info]: -1 ----0 
[11:25:30.1566][2723][Info]: -1 ----0 
[11:25:30.1696][2724][Info]: -1 ----0 
[11:25:30.1696][2725][Info]: -1 ----0 
[11:25:30.1836][2726][Info]: -1 ----0 
[11:25:30.1836][2727][Info]: -1 ----0 
[11:25:30.1976][2728][Info]: -1 ----0 
[11:25:30.1976][2729][Info]: -1 ----0 
[11:25:30.2126][2730][Info]: -1 ----0 
[11:25:30.2126][2731][Info]: -1 ----0 
[11:25:30.2126][2732][Info]: -1 ----0 
[11:25:30.2356][2733][Info]: -1 ----0 
[11:25:30.2446][2734][Info]: -1 ----0 
[11:25:30.2446][2735][Info]: -1 ----0 
[11:25:30.2446][2736][Info]: -1 ----0 
[11:25:30.2646][2737][Info]: -1 ----0 
[11:25:30.2646][2738][Info]: 0 ----0 
[11:25:30.2786][2739][Info]: 0 ----0 
[11:25:30.2786][2740][Info]: 0 ----0 
[11:25:30.2912][2741][Info]: 0 ----0 
[11:25:30.2912][2742][Info]: 0 ----0 
[11:25:30.3087][2743][Info]: 0 ----0 
[11:25:30.3087][2744][Info]: 0 ----0 
[11:25:30.3237][2745][Info]: 0 ----0 
[11:25:30.3237][2746][Info]: 0 ----0 
[11:25:30.3237][2747][Info]: 0 ----0 
[11:25:30.3437][2748][Info]: 0 ----0 
[11:25:30.3437][2749][Info]: 0 ----0 
[11:25:30.3557][2750][Info]: 0 ----0 
[11:25:30.3557][2751][Info]: 0 ----0 
[11:25:30.3697][2752][Info]: 0 ----0 
[11:25:30.3697][2753][Info]: 0 ----0 
[11:25:30.3868][2754][Info]: 0 ----0 
[11:25:30.3868][2755][Info]: 0 ----0 
[11:25:30.4088][2756][Info]: 0 ----0 
[11:25:30.4088][2757][Info]: 0 ----0 
[11:25:30.4218][2758][Info]: 0 ----0 
[11:25:30.4218][2759][Info]: 0 ----0 
[11:25:30.4348][2760][Info]: 0 ----0 
[11:25:30.4348][2761][Info]: 0 ----0 
[11:25:30.4488][2762][Info]: 0 ----0 
[11:25:30.4488][2763][Info]: 0 ----0 
[11:25:30.4638][2764][Info]: 0 ----0 
[11:25:30.4638][2765][Info]: 0 ----0 
[11:25:30.4877][2766][Info]: 0 ----0 
[11:25:30.4937][2767][Info]: 0 ----0 
[11:25:30.4937][2768][Info]: 0 ----0 
[11:25:30.5097][2769][Info]: 0 ----0 
[11:25:30.5097][2770][Info]: 0 ----0 
[11:25:30.5097][2771][Info]: 0 ----0 
[11:25:30.5277][2772][Info]: 0 ----0 
[11:25:30.5277][2773][Info]: 0 ----0 
[11:25:30.5457][2774][Info]: 0 ----0 
[11:25:30.5457][2775][Info]: 0 ----0 
[11:25:30.5647][2776][Info]: 0 ----0 
[11:25:30.5727][2777][Info]: 0 ----0 
[11:25:30.5727][2778][Info]: 0 ----0 
[11:25:30.5727][2779][Info]: 0 ----0 
[11:25:30.5917][2780][Info]: 0 ----0 
[11:25:30.5917][2781][Info]: 0 ----0 
[11:25:30.6037][2782][Info]: 0 ----0 
[11:25:30.6037][2783][Info]: 0 ----0 
[11:25:30.6037][2784][Info]: 0 ----0 
[11:25:30.6207][2785][Info]: 0 ----0 
[11:25:30.6207][2786][Info]: 0 ----0 
[11:25:30.6207][2787][Info]: 0 ----0 
[11:25:30.6407][2788][Info]: 0 ----0 
[11:25:30.6407][2789][Info]: 0 ----0 
[11:25:30.6537][2790][Info]: 0 ----0 
[11:25:30.6537][2791][Info]: 0 ----0 
[11:25:30.6537][2792][Info]: 0 ----0 
[11:25:30.6707][2793][Info]: 0 ----0 
[11:25:30.6707][2794][Info]: 0 ----0 
[11:25:30.6817][2795][Info]: 0 ----0 
[11:25:30.6817][2796][Info]: 0 ----0 
[11:25:30.6817][2797][Info]: 0 ----0 
[11:25:30.7027][2798][Info]: 0 ----0 
[11:25:30.7027][2799][Info]: 0 ----0 
[11:25:30.7177][2800][Info]: 0 ----0 
[11:25:30.7177][2801][Info]: 0 ----0 
[11:25:30.7327][2802][Info]: 0 ----0 
[11:25:30.7327][2803][Info]: 0 ----0 
[11:25:30.7477][2804][Info]: 0 ----0 
[11:25:30.7477][2805][Info]: 0 ----0 
[11:25:30.7597][2806][Info]: 0 ----0 
[11:25:30.7597][2807][Info]: 0 ----0 
[11:25:30.7597][2808][Info]: 0 ----0 
[11:25:30.7766][2809][Info]: 0 ----0 
[11:25:30.7766][2810][Info]: 0 ----0 
[11:25:30.7766][2811][Info]: 0 ----0 
[11:25:30.7946][2812][Info]: 0 ----0 
[11:25:30.7946][2813][Info]: 0 ----0 
[11:25:30.8076][2814][Info]: 0 ----0 
[11:25:30.8076][2815][Info]: 0 ----0 
[11:25:30.8226][2816][Info]: 0 ----0 
[11:25:30.8226][2817][Info]: 0 ----0 
[11:25:30.8226][2818][Info]: 0 ----0 
[11:25:30.8406][2819][Info]: 0 ----0 
[11:25:30.8406][2820][Info]: 0 ----0 
[11:25:30.8566][2821][Info]: 0 ----0 
[11:25:30.8566][2822][Info]: 0 ----0 
[11:25:30.8706][2823][Info]: 0 ----0 
[11:25:30.8706][2824][Info]: 0 ----0 
[11:25:30.8706][2825][Info]: 0 ----0 
[11:25:30.8891][2826][Info]: 0 ----0 
[11:25:30.8891][2827][Info]: 0 ----0 
[11:25:30.9011][2828][Info]: 0 ----0 
[11:25:30.9011][2829][Info]: 0 ----0 
[11:25:30.9161][2830][Info]: 0 ----0 
[11:25:30.9161][2831][Info]: 0 ----0 
[11:25:30.9161][2832][Info]: 0 ----0 
[11:25:30.9341][2833][Info]: 0 ----0 
[11:25:30.9341][2834][Info]: 0 ----0 
[11:25:30.9341][2835][Info]: 0 ----0 
[11:25:30.9521][2836][Info]: 0 ----0 
[11:25:30.9521][2837][Info]: 0 ----0 
[11:25:30.9651][2838][Info]: 0 ----0 
[11:25:30.9651][2839][Info]: 0 ----0 
[11:25:30.9791][2840][Info]: 0 ----0 
[11:25:30.9791][2841][Info]: 0 ----0 
[11:25:30.9791][2842][Info]: 0 ----0 
[11:25:31.0037][2843][Info]: 0 ----0 
[11:25:31.0107][2844][Info]: 0 ----0 
[11:25:31.0107][2845][Info]: 0 ----0 
[11:25:31.0107][2846][Info]: 0 ----0 
[11:25:31.0287][2847][Info]: 0 ----0 
[11:25:31.0287][2848][Info]: 0 ----0 
[11:25:31.0287][2849][Info]: 0 ----0 
[11:25:31.0457][2850][Info]: 0 ----0 
[11:25:31.0457][2851][Info]: 0 ----0 
[11:25:31.0597][2852][Info]: 0 ----0 
[11:25:31.0597][2853][Info]: 0 ----0 
[11:25:31.0727][2854][Info]: 0 ----0 
[11:25:31.0727][2855][Info]: 0 ----0 
[11:25:31.0727][2856][Info]: 0 ----0 
[11:25:31.0909][2857][Info]: 0 ----0 
[11:25:31.0909][2858][Info]: 0 ----0 
[11:25:31.0909][2859][Info]: 0 ----0 
[11:25:31.1095][2860][Info]: 0 ----0 
[11:25:31.1095][2861][Info]: 0 ----0 
[11:25:31.1245][2862][Info]: 0 ----0 
[11:25:31.1245][2863][Info]: 0 ----0 
[11:25:31.1425][2864][Info]: 0 ----0 
[11:25:31.1525][2865][Info]: 0 ----0 
[11:25:31.1525][2866][Info]: 0 ----0 
[11:25:31.1685][2867][Info]: 0 ----0 
[11:25:31.1685][2868][Info]: 0 ----0 
[11:25:31.1685][2869][Info]: 0 ----0 
[11:25:31.1875][2870][Info]: 0 ----0 
[11:25:31.1875][2871][Info]: 0 ----0 
[11:25:31.1985][2872][Info]: 0 ----0 
[11:25:31.1985][2873][Info]: 0 ----0 
[11:25:31.1985][2874][Info]: 0 ----0 
[11:25:31.2165][2875][Info]: 0 ----0 
[11:25:31.2165][2876][Info]: 0 ----0 
[11:25:31.2314][2877][Info]: 0 ----0 
[11:25:31.2314][2878][Info]: 0 ----0 
[11:25:31.2440][2879][Info]: 0 ----0 
[11:25:31.2440][2880][Info]: 0 ----0 
[11:25:31.2440][2881][Info]: 0 ----0 
[11:25:31.2619][2882][Info]: 0 ----0 
[11:25:31.2619][2883][Info]: 0 ----0 
[11:25:31.2619][2884][Info]: 0 ----0 
[11:25:31.2789][2885][Info]: 0 ----0 
[11:25:31.2789][2886][Info]: 0 ----0 
[11:25:31.2920][2887][Info]: 0 ----0 
[11:25:31.2920][2888][Info]: 0 ----0 
[11:25:31.3100][2889][Info]: 0 ----0 
[11:25:31.3100][2890][Info]: 0 ----0 
[11:25:31.3297][2891][Info]: 0 ----0 
[11:25:31.3297][2892][Info]: 0 ----0 
[11:25:31.3447][2893][Info]: 0 ----0 
[11:25:31.3447][2894][Info]: 0 ----0 
[11:25:31.3597][2895][Info]: 0 ----0 
[11:25:31.3597][2896][Info]: 0 ----0 
[11:25:31.3757][2897][Info]: 0 ----0 
[11:25:31.3757][2898][Info]: 0 ----0 
[11:25:31.3937][2899][Info]: 0 ----0 
[11:25:31.4077][2900][Info]: 0 ----0 
[11:25:31.4183][2901][Info]: 0 ----0 
[11:25:31.4183][2902][Info]: 0 ----0 
[11:25:31.4523][2903][Info]: 0 ----0 
[11:25:31.4523][2904][Info]: 0 ----0 
[11:25:31.4723][2905][Info]: 0 ----0 
[11:25:31.4803][2906][Info]: 0 ----0 
[11:25:31.4803][2907][Info]: 0 ----0 
[11:25:31.4938][2908][Info]: 0 ----0 
[11:25:31.4938][2909][Info]: 0 ----0 
[11:25:31.4938][2910][Info]: 0 ----0 
[11:25:31.5144][2911][Info]: 0 ----0 
[11:25:31.5144][2912][Info]: 0 ----0 
[11:25:31.5274][2913][Info]: 0 ----0 
[11:25:31.5274][2914][Info]: 0 ----0 
[11:25:31.5274][2915][Info]: 0 ----0 
[11:25:31.5474][2916][Info]: 0 ----0 
[11:25:31.5474][2917][Info]: 0 ----0 
[11:25:31.5604][2918][Info]: 0 ----0 
[11:25:31.5604][2919][Info]: 0 ----0 
[11:25:31.5761][2920][Info]: 0 ----0 
[11:25:31.5761][2921][Info]: 0 ----0 
[11:25:31.5881][2922][Info]: 0 ----0 
[11:25:31.5881][2923][Info]: 0 ----0 
[11:25:31.5881][2924][Info]: 0 ----0 
[11:25:31.6081][2925][Info]: 0 ----0 
[11:25:31.6081][2926][Info]: 0 ----0 
[11:25:31.6251][2927][Info]: 0 ----0 
[11:25:31.6251][2928][Info]: 0 ----0 
[11:25:31.6421][2929][Info]: 0 ----0 
[11:25:31.6501][2930][Info]: 0 ----0 
[11:25:31.6501][2931][Info]: 0 ----0 
[11:25:31.6501][2932][Info]: 0 ----0 
[11:25:31.6681][2933][Info]: 0 ----0 
[11:25:31.6681][2934][Info]: 0 ----0 
[11:25:31.6681][2935][Info]: 0 ----0 
[11:25:31.6871][2936][Info]: 0 ----0 
[11:25:31.6871][2937][Info]: 0 ----0 
[11:25:31.7041][2938][Info]: 0 ----0 
[11:25:31.7131][2939][Info]: 0 ----0 
[11:25:31.7131][2940][Info]: 0 ----0 
[11:25:31.7331][2941][Info]: 0 ----0 
[11:25:31.7331][2942][Info]: 0 ----0 
[11:25:31.7491][2943][Info]: 0 ----0 
[11:25:31.7491][2944][Info]: 0 ----0 
[11:25:31.7621][2945][Info]: 0 ----0 
[11:25:31.7621][2946][Info]: 0 ----0 
[11:25:31.7781][2947][Info]: 0 ----0 
[11:25:31.7781][2948][Info]: 0 ----0 
[11:25:31.7941][2949][Info]: 0 ----0 
[11:25:31.7941][2950][Info]: 0 ----0 
[11:25:31.8121][2951][Info]: 0 ----0 
[11:25:31.8121][2952][Info]: 0 ----0 
[11:25:31.8271][2953][Info]: 0 ----0 
[11:25:31.8271][2954][Info]: 0 ----0 
[11:25:31.8411][2955][Info]: 0 ----0 
[11:25:31.8411][2956][Info]: 0 ----0 
[11:25:31.8680][2957][Info]: 0 ----0 
[11:25:31.8760][2958][Info]: 0 ----0 
[11:25:31.8760][2959][Info]: 0 ----0 
[11:25:31.8920][2960][Info]: 0 ----0 
[11:25:31.9030][2961][Info]: 0 ----0 
[11:25:31.9030][2962][Info]: 0 ----0 
[11:25:31.9190][2963][Info]: 0 ----0 
[11:25:31.9190][2964][Info]: 0 ----0 
[11:25:31.9400][2965][Info]: 0 ----0 
[11:25:31.9500][2966][Info]: 0 ----0 
[11:25:31.9500][2967][Info]: 0 ----0 
[11:25:31.9680][2968][Info]: 0 ----0 
[11:25:31.9680][2969][Info]: 0 ----0 
[11:25:31.9885][2970][Info]: 0 ----0 
[11:25:31.9954][2971][Info]: 0 ----0 
[11:25:31.9954][2972][Info]: 0 ----0 
[11:25:32.0124][2973][Info]: 0 ----0 
[11:25:32.0124][2974][Info]: 0 ----0 
[11:25:32.0284][2975][Info]: 0 ----0 
[11:25:32.0284][2976][Info]: 0 ----0 
[11:25:32.0424][2977][Info]: 0 ----0 
[11:25:32.0424][2978][Info]: 0 ----0 
[11:25:32.0574][2979][Info]: 0 ----0 
[11:25:32.0574][2980][Info]: 0 ----0 
[11:25:32.0744][2981][Info]: 0 ----0 
[11:25:32.0744][2982][Info]: 0 ----0 
[11:25:32.0909][2983][Info]: 0 ----0 
[11:25:32.0909][2984][Info]: 0 ----0 
[11:25:32.1069][2985][Info]: 0 ----0 
[11:25:32.1069][2986][Info]: 0 ----0 
[11:25:32.1204][2987][Info]: 0 ----0 
[11:25:32.1204][2988][Info]: 0 ----0 
[11:25:32.1354][2989][Info]: 0 ----0 
[11:25:32.1354][2990][Info]: 0 ----0 
[11:25:32.1534][2991][Info]: 0 ----0 
[11:25:32.1534][2992][Info]: 0 ----0 
[11:25:32.1674][2993][Info]: 0 ----0 
[11:25:32.1674][2994][Info]: 0 ----0 
[11:25:32.1824][2995][Info]: 0 ----0 
[11:25:32.1824][2996][Info]: 0 ----0 
[11:25:32.1824][2997][Info]: 0 ----0 
[11:25:32.2029][2998][Info]: 0 ----0 
[11:25:32.2029][2999][Info]: 0 ----0 
[11:25:32.2163][3000][Info]: 0 ----0 
[11:25:32.2163][3001][Info]: 0 ----0 
[11:25:32.2323][3002][Info]: 0 ----0 
[11:25:32.2323][3003][Info]: 0 ----0 
[11:25:32.2543][3004][Info]: 0 ----0 
[11:25:32.2623][3005][Info]: 0 ----0 
[11:25:32.2623][3006][Info]: 0 ----0 
[11:25:32.2773][3007][Info]: 0 ----0 
[11:25:32.2773][3008][Info]: 0 ----0 
[11:25:32.2923][3009][Info]: 0 ----0 
[11:25:32.2923][3010][Info]: 0 ----0 
[11:25:32.3102][3011][Info]: 0 ----0 
[11:25:32.3102][3012][Info]: 0 ----0 
[11:25:32.3262][3013][Info]: 0 ----0 
[11:25:32.3262][3014][Info]: 0 ----0 
[11:25:32.3392][3015][Info]: 0 ----0 
[11:25:32.3392][3016][Info]: 0 ----0 
[11:25:32.3582][3017][Info]: 0 ----0 
[11:25:32.3582][3018][Info]: 0 ----0 
[11:25:32.3722][3019][Info]: 0 ----0 
[11:25:32.3722][3020][Info]: 0 ----0 
[11:25:32.3881][3021][Info]: 0 ----0 
[11:25:32.3881][3022][Info]: 0 ----0 
[11:25:32.4091][3023][Info]: 0 ----0 
[11:25:32.4091][3024][Info]: 0 ----0 
[11:25:32.4221][3025][Info]: 0 ----0 
[11:25:32.4221][3026][Info]: 0 ----0 
[11:25:32.4351][3027][Info]: 0 ----0 
[11:25:32.4351][3028][Info]: 0 ----0 
[11:25:32.4481][3029][Info]: 0 ----0 
[11:25:32.4481][3030][Info]: 0 ----0 
[11:25:32.4481][3031][Info]: 0 ----0 
[11:25:32.4711][3032][Info]: 0 ----0 
[11:25:32.4781][3033][Info]: 0 ----0 
[11:25:32.4781][3034][Info]: 0 ----0 
[11:25:32.4937][3035][Info]: 0 ----0 
[11:25:32.4937][3036][Info]: 0 ----0 
[11:25:32.4937][3037][Info]: 0 ----0 
[11:25:32.5137][3038][Info]: 0 ----0 
[11:25:32.5137][3039][Info]: 0 ----0 
[11:25:32.5267][3040][Info]: 0 ----0 
[11:25:32.5267][3041][Info]: 0 ----0 
[11:25:32.5417][3042][Info]: 0 ----0 
[11:25:32.5417][3043][Info]: 0 ----0 
[11:25:32.5647][3044][Info]: 0 ----0 
[11:25:32.5647][3045][Info]: 0 ----0 
[11:25:32.5777][3046][Info]: 0 ----0 
[11:25:32.5777][3047][Info]: 0 ----0 
[11:25:32.5907][3048][Info]: 0 ----0 
[11:25:32.5907][3049][Info]: 0 ----0 
[11:25:32.6067][3050][Info]: 0 ----0 
[11:25:32.6067][3051][Info]: 0 ----0 
[11:25:32.6217][3052][Info]: 0 ----0 
[11:25:32.6217][3053][Info]: 0 ----0 
[11:25:32.6367][3054][Info]: 0 ----0 
[11:25:32.6367][3055][Info]: 0 ----0 
[11:25:32.6537][3056][Info]: 0 ----0 
[11:25:32.6537][3057][Info]: 0 ----0 
[11:25:32.6697][3058][Info]: 0 ----0 
[11:25:32.6697][3059][Info]: 0 ----0 
[11:25:32.6827][3060][Info]: 0 ----0 
[11:25:32.6827][3061][Info]: 0 ----0 
[11:25:32.6827][3062][Info]: 0 ----0 
[11:25:32.7037][3063][Info]: 0 ----0 
[11:25:32.7037][3064][Info]: 0 ----0 
[11:25:32.7218][3065][Info]: 0 ----0 
[11:25:32.7288][3066][Info]: 0 ----0 
[11:25:32.7288][3067][Info]: 0 ----0 
[11:25:32.7288][3068][Info]: 0 ----0 
[11:25:32.7508][3069][Info]: 0 ----0 
[11:25:32.7508][3070][Info]: 0 ----0 
[11:25:32.7658][3071][Info]: 0 ----0 
[11:25:32.7658][3072][Info]: 0 ----0 
[11:25:32.7788][3073][Info]: 0 ----0 
[11:25:32.7788][3074][Info]: 0 ----0 
[11:25:32.7940][3075][Info]: 0 ----0 
[11:25:32.7940][3076][Info]: 0 ----0 
[11:25:32.8096][3077][Info]: 0 ----0 
[11:25:32.8096][3078][Info]: 0 ----0 
[11:25:32.8264][3079][Info]: 0 ----0 
[11:25:32.8264][3080][Info]: 0 ----0 
[11:25:32.8393][3081][Info]: 0 ----0 
[11:25:32.8393][3082][Info]: 0 ----0 
[11:25:32.8553][3083][Info]: 0 ----0 
[11:25:32.8553][3084][Info]: 0 ----0 
[11:25:32.8703][3085][Info]: 0 ----0 
[11:25:32.8703][3086][Info]: 0 ----0 
[11:25:32.8703][3087][Info]: 0 ----0 
[11:25:32.8913][3088][Info]: 0 ----0 
[11:25:32.8913][3089][Info]: 0 ----0 
[11:25:32.9043][3090][Info]: 0 ----0 
[11:25:32.9043][3091][Info]: 0 ----0 
[11:25:32.9173][3092][Info]: 0 ----0 
[11:25:32.9173][3093][Info]: 0 ----0 
[11:25:32.9173][3094][Info]: 0 ----0 
[11:25:32.9363][3095][Info]: 0 ----0 
[11:25:32.9363][3096][Info]: 0 ----0 
[11:25:32.9523][3097][Info]: 0 ----0 
[11:25:32.9523][3098][Info]: 0 ----0 
[11:25:32.9673][3099][Info]: 0 ----0 
[11:25:32.9673][3100][Info]: 0 ----0 
[11:25:32.9843][3101][Info]: 0 ----0 
[11:25:32.9843][3102][Info]: 0 ----0 
[11:25:33.0007][3103][Info]: 0 ----0 
[11:25:33.0107][3104][Info]: 0 ----0 
[11:25:33.0107][3105][Info]: 0 ----0 
[11:25:33.0107][3106][Info]: 0 ----0 
[11:25:33.0307][3107][Info]: 0 ----0 
[11:25:33.0307][3108][Info]: 0 ----0 
[11:25:33.0447][3109][Info]: 0 ----0 
[11:25:33.0447][3110][Info]: 0 ----0 
[11:25:33.0627][3111][Info]: 0 ----0 
[11:25:33.0627][3112][Info]: 0 ----0 
[11:25:33.0767][3113][Info]: 0 ----0 
[11:25:33.0767][3114][Info]: 0 ----0 
[11:25:33.0907][3115][Info]: 0 ----0 
[11:25:33.0907][3116][Info]: 0 ----0 
[11:25:33.1043][3117][Info]: 0 ----0 
[11:25:33.1043][3118][Info]: 0 ----0 
[11:25:33.1043][3119][Info]: 0 ----0 
[11:25:33.1240][3120][Info]: 0 ----0 
[11:25:33.1240][3121][Info]: 0 ----0 
[11:25:33.1380][3122][Info]: 0 ----0 
[11:25:33.1380][3123][Info]: 0 ----0 
[11:25:33.1550][3124][Info]: 0 ----0 
[11:25:33.1550][3125][Info]: 0 ----0 
[11:25:33.1730][3126][Info]: 0 ----0 
[11:25:33.1730][3127][Info]: 0 ----0 
[11:25:33.1900][3128][Info]: 0 ----0 
[11:25:33.1990][3129][Info]: 0 ----0 
[11:25:33.1990][3130][Info]: 0 ----0 
[11:25:33.2140][3131][Info]: 0 ----0 
[11:25:33.2140][3132][Info]: 0 ----0 
[11:25:33.2300][3133][Info]: 0 ----0 
[11:25:33.2300][3134][Info]: 0 ----0 
[11:25:33.2450][3135][Info]: 0 ----0 
[11:25:33.2450][3136][Info]: 0 ----0 
[11:25:33.2450][3137][Info]: 0 ----0 
[11:25:33.2660][3138][Info]: 0 ----0 
[11:25:33.2660][3139][Info]: 0 ----0 
[11:25:33.2810][3140][Info]: 0 ----0 
[11:25:33.2810][3141][Info]: 0 ----0 
[11:25:33.2940][3142][Info]: 0 ----0 
[11:25:33.2940][3143][Info]: 0 ----0 
[11:25:33.3110][3144][Info]: 0 ----0 
[11:25:33.3110][3145][Info]: 0 ----0 
[11:25:33.3280][3146][Info]: 0 ----0 
[11:25:33.3280][3147][Info]: 0 ----0 
[11:25:33.3420][3148][Info]: 0 ----0 
[11:25:33.3420][3149][Info]: 0 ----0 
[11:25:33.3600][3150][Info]: 0 ----0 
[11:25:33.3600][3151][Info]: 0 ----0 
[11:25:33.3730][3152][Info]: 0 ----0 
[11:25:33.3730][3153][Info]: 0 ----0 
[11:25:33.3890][3154][Info]: 0 ----0 
[11:25:33.3890][3155][Info]: 0 ----0 
[11:25:33.4070][3156][Info]: 0 ----0 
[11:25:33.4070][3157][Info]: 0 ----0 
[11:25:33.4199][3158][Info]: 0 ----0 
[11:25:33.4199][3159][Info]: 0 ----0 
[11:25:33.4339][3160][Info]: 0 ----0 
[11:25:33.4339][3161][Info]: 0 ----0 
[11:25:33.4489][3162][Info]: 0 ----0 
[11:25:33.4489][3163][Info]: 0 ----0 
[11:25:33.4668][3164][Info]: 0 ----0 
[11:25:33.4788][3165][Info]: 0 ----0 
[11:25:33.4788][3166][Info]: 0 ----0 
[11:25:33.4978][3167][Info]: 0 ----0 
[11:25:33.4978][3168][Info]: 0 ----0 
[11:25:33.5149][3169][Info]: 0 ----0 
[11:25:33.5259][3170][Info]: 0 ----0 
[11:25:33.5259][3171][Info]: 0 ----0 
[11:25:33.5439][3172][Info]: 0 ----0 
[11:25:33.5439][3173][Info]: 0 ----0 
[11:25:33.5649][3174][Info]: 0 ----0 
[11:25:33.5729][3175][Info]: 0 ----0 
[11:25:33.5729][3176][Info]: 0 ----0 
[11:25:33.5899][3177][Info]: 0 ----0 
[11:25:33.5899][3178][Info]: 0 ----0 
[11:25:33.6079][3179][Info]: 0 ----0 
[11:25:33.6079][3180][Info]: 0 ----0 
[11:25:33.6236][3181][Info]: 0 ----0 
[11:25:33.6236][3182][Info]: 0 ----0 
[11:25:33.6446][3183][Info]: 0 ----0 
[11:25:33.6526][3184][Info]: 0 ----0 
[11:25:33.6526][3185][Info]: 0 ----0 
[11:25:33.6696][3186][Info]: 0 ----0 
[11:25:33.6696][3187][Info]: 0 ----0 
[11:25:33.6856][3188][Info]: 0 ----0 
[11:25:33.6856][3189][Info]: 0 ----0 
[11:25:33.7006][3190][Info]: 0 ----0 
[11:25:33.7006][3191][Info]: 0 ----0 
[11:25:33.7154][3192][Info]: 0 ----0 
[11:25:33.7154][3193][Info]: 0 ----0 
[11:25:33.7314][3194][Info]: 0 ----0 
[11:25:33.7314][3195][Info]: 0 ----0 
[11:25:33.7474][3196][Info]: 0 ----0 
[11:25:33.7474][3197][Info]: 0 ----0 
[11:25:33.7654][3198][Info]: 0 ----0 
[11:25:33.7654][3199][Info]: 0 ----0 
[11:25:33.7824][3200][Info]: 0 ----0 
[11:25:33.7824][3201][Info]: 0 ----0 
[11:25:33.7989][3202][Info]: 0 ----0 
[11:25:33.8086][3203][Info]: 0 ----0 
[11:25:33.8086][3204][Info]: 0 ----0 
[11:25:33.8265][3205][Info]: 0 ----0 
[11:25:33.8265][3206][Info]: 0 ----0 
[11:25:33.8405][3207][Info]: 0 ----0 
[11:25:33.8405][3208][Info]: 0 ----0 
[11:25:33.8555][3209][Info]: 0 ----0 
[11:25:33.8555][3210][Info]: 0 ----0 
[11:25:33.8715][3211][Info]: 0 ----0 
[11:25:33.8715][3212][Info]: 0 ----0 
[11:25:33.8885][3213][Info]: 0 ----0 
[11:25:33.8885][3214][Info]: 0 ----0 
[11:25:33.9035][3215][Info]: 0 ----0 
[11:25:33.9035][3216][Info]: 0 ----0 
[11:25:33.9165][3217][Info]: 0 ----0 
[11:25:33.9165][3218][Info]: 0 ----0 
[11:25:33.9335][3219][Info]: 0 ----0 
[11:25:33.9335][3220][Info]: 0 ----0 
[11:25:33.9485][3221][Info]: 0 ----0 
[11:25:33.9485][3222][Info]: 0 ----0 
[11:25:33.9695][3223][Info]: 0 ----0 
[11:25:33.9785][3224][Info]: 0 ----0 
[11:25:33.9785][3225][Info]: 0 ----0 
[11:25:33.9785][3226][Info]: 0 ----0 
[11:25:34.0005][3227][Info]: 0 ----0 
[11:25:34.0095][3228][Info]: 0 ----0 
[11:25:34.0095][3229][Info]: 0 ----0 
[11:25:34.0095][3230][Info]: 0 ----0 
[11:25:34.0305][3231][Info]: 0 ----0 
[11:25:34.0305][3232][Info]: 0 ----0 
[11:25:34.0455][3233][Info]: 0 ----0 
[11:25:34.0455][3234][Info]: 0 ----0 
[11:25:34.0634][3235][Info]: 0 ----0 
[11:25:34.0732][3236][Info]: 0 ----0 
[11:25:34.0732][3237][Info]: 0 ----0 
[11:25:34.0921][3238][Info]: 0 ----0 
[11:25:34.0921][3239][Info]: 0 ----0 
[11:25:34.1093][3240][Info]: 0 ----0 
[11:25:34.1093][3241][Info]: 0 ----0 
[11:25:34.1232][3242][Info]: 0 ----0 
[11:25:34.1232][3243][Info]: 0 ----0 
[11:25:34.1422][3244][Info]: 0 ----0 
[11:25:34.1512][3245][Info]: 0 ----0 
[11:25:34.1512][3246][Info]: 0 ----0 
[11:25:34.1692][3247][Info]: 0 ----0 
[11:25:34.1692][3248][Info]: 0 ----0 
[11:25:34.1832][3249][Info]: 0 ----0 
[11:25:34.1832][3250][Info]: 0 ----0 
[11:25:34.1992][3251][Info]: 0 ----0 
[11:25:34.1992][3252][Info]: 0 ----0 
[11:25:34.2142][3253][Info]: 0 ----0 
[11:25:34.2142][3254][Info]: 0 ----0 
[11:25:34.2312][3255][Info]: 0 ----0 
[11:25:34.2312][3256][Info]: 0 ----0 
[11:25:34.2542][3257][Info]: 0 ----0 
[11:25:34.2612][3258][Info]: 0 ----0 
[11:25:34.2612][3259][Info]: 0 ----0 
[11:25:34.2752][3260][Info]: 0 ----0 
[11:25:34.2752][3261][Info]: 0 ----0 
[11:25:34.2752][3262][Info]: 0 ----0 
[11:25:34.2982][3263][Info]: 0 ----0 
[11:25:34.3062][3264][Info]: 0 ----0 
[11:25:34.3062][3265][Info]: 0 ----0 
[11:25:34.3062][3266][Info]: 0 ----0 
[11:25:34.3282][3267][Info]: 0 ----0 
[11:25:34.3282][3268][Info]: 0 ----0 
[11:25:34.3422][3269][Info]: 0 ----0 
[11:25:34.3422][3270][Info]: 0 ----0 
[11:25:34.3562][3271][Info]: 0 ----0 
[11:25:34.3562][3272][Info]: 0 ----0 
[11:25:34.3722][3273][Info]: 0 ----0 
[11:25:34.3722][3274][Info]: 0 ----0 
[11:25:34.3882][3275][Info]: 0 ----0 
[11:25:34.3882][3276][Info]: 0 ----0 
[11:25:34.4089][3277][Info]: 0 ----0 
[11:25:34.4159][3278][Info]: 0 ----0 
[11:25:34.4159][3279][Info]: 0 ----0 
[11:25:34.4159][3280][Info]: 0 ----0 
[11:25:34.4379][3281][Info]: 0 ----0 
[11:25:34.4379][3282][Info]: 0 ----0 
[11:25:34.4529][3283][Info]: 0 ----0 
[11:25:34.4529][3284][Info]: 0 ----0 
[11:25:34.4689][3285][Info]: 0 ----0 
[11:25:34.4689][3286][Info]: 0 ----0 
[11:25:34.4879][3287][Info]: 0 ----0 
[11:25:34.4939][3288][Info]: 0 ----0 
[11:25:34.4939][3289][Info]: 0 ----0 
[11:25:34.5098][3290][Info]: 0 ----0 
[11:25:34.5098][3291][Info]: 0 ----0 
[11:25:34.5098][3292][Info]: 0 ----0 
[11:25:34.5328][3293][Info]: 0 ----0 
[11:25:34.5328][3294][Info]: 0 ----0 
[11:25:34.5488][3295][Info]: 0 ----0 
[11:25:34.5598][3296][Info]: 0 ----0 
[11:25:34.5598][3297][Info]: 0 ----0 
[11:25:34.5917][3298][Info]: 0 ----0 
[11:25:34.5917][3299][Info]: 0 ----0 
[11:25:34.6069][3300][Info]: 0 ----0 
[11:25:34.6069][3301][Info]: 0 ----0 
[11:25:34.6219][3302][Info]: 0 ----0 
[11:25:34.6219][3303][Info]: 0 ----0 
[11:25:34.6369][3304][Info]: 0 ----0 
[11:25:34.6369][3305][Info]: 0 ----0 
[11:25:34.6539][3306][Info]: 0 ----0 
[11:25:34.6539][3307][Info]: 0 ----0 
[11:25:34.6679][3308][Info]: 0 ----0 
[11:25:34.6679][3309][Info]: 0 ----0 
[11:25:34.6829][3310][Info]: 0 ----0 
[11:25:34.6969][3311][Info]: 0 ----0 
[11:25:34.6969][3312][Info]: 0 ----0 
[11:25:34.7188][3313][Info]: 0 ----0 
[11:25:34.7188][3314][Info]: 0 ----0 
[11:25:34.7348][3315][Info]: 0 ----0 
[11:25:34.7438][3316][Info]: 0 ----0 
[11:25:34.7438][3317][Info]: 0 ----0 
[11:25:34.7438][3318][Info]: 0 ----0 
[11:25:34.7648][3319][Info]: 0 ----0 
[11:25:34.7648][3320][Info]: 0 ----0 
[11:25:34.7838][3321][Info]: 0 ----0 
[11:25:34.7908][3322][Info]: 0 ----0 
[11:25:34.7908][3323][Info]: 0 ----0 
[11:25:34.8078][3324][Info]: 0 ----0 
[11:25:34.8237][3325][Info]: 0 ----0 
