[11:04:26.8882][1][Info]: enter Launch procedure 
[11:04:27.0271][1][Info]: ===>加载配置 
[11:04:28.9071][1][Info]: ===>开始解析BuffConfig 
[11:04:28.9071][1][Info]: <===解析BuffConfig完毕 
[11:04:28.9171][1][Info]: ===>开始解析SkillConfig 
[11:04:28.9398][1][Info]: <===解析SkillConfig完毕 
[11:04:28.9498][1][Info]: <===配置加载完毕 
[11:04:29.0978][2][Info]: enter Init Procedure 
[11:04:29.1258][2][Warn]: Not found awake system:<PlayerComponent> 
[11:04:32.3014][172][Info]: 登录 
[11:04:32.3114][172][Info]: 1001 
[11:04:32.3114][172][Info]: 大厅阶段 
[11:04:32.3964][173][Info]: Scene Add Entity, Current Count:1 
[11:04:38.3838][288][Info]: 0 ----0 
[11:04:38.3868][288][Info]: Scene Remove Entity, Current Count:0 
[11:04:38.3868][288][Info]: Scene Add Entity, Current Count:1 
[11:04:38.7090][289][Info]: 0 ----0 
[11:04:38.8298][290][Info]: 0 ----0 
[11:04:38.9221][291][Info]: 0 ----0 
[11:04:38.9330][292][Info]: 0 ----0 
[11:04:38.9330][293][Info]: 0 ----0 
[11:04:38.9500][294][Info]: 0 ----0 
[11:04:38.9500][295][Info]: 0 ----0 
[11:04:38.9640][296][Info]: 0 ----0 
[11:04:38.9640][297][Info]: 0 ----0 
[11:04:38.9640][298][Info]: 0 ----0 
[11:04:38.9820][299][Info]: 0 ----0 
[11:04:38.9820][300][Info]: 0 ----0 
[11:04:38.9940][301][Info]: 0 ----0 
[11:04:38.9940][302][Info]: 0 ----0 
[11:04:38.9940][303][Info]: 0 ----0 
[11:04:39.0110][304][Info]: 0 ----0 
[11:04:39.0110][305][Info]: 0 ----0 
[11:04:39.0260][306][Info]: 0 ----0 
[11:04:39.0260][307][Info]: 0 ----0 
[11:04:39.0260][308][Info]: 0 ----0 
[11:04:39.0465][309][Info]: 0 ----0 
[11:04:39.0465][310][Info]: 0 ----0 
[11:04:39.0605][311][Info]: 0 ----0 
[11:04:39.0605][312][Info]: 0 ----0 
[11:04:39.0748][313][Info]: 0 ----0 
[11:04:39.0748][314][Info]: 0 ----0 
[11:04:39.0878][315][Info]: 0 ----0 
[11:04:39.0878][316][Info]: 0 ----0 
[11:04:39.0878][317][Info]: 0 ----0 
[11:04:39.1068][318][Info]: 0 ----0 
[11:04:39.1068][319][Info]: 0 ----0 
[11:04:39.1198][320][Info]: 0 ----0 
[11:04:39.1198][321][Info]: 0 ----0 
[11:04:39.1198][322][Info]: 0 ----0 
[11:04:39.1424][323][Info]: 0 ----0 
[11:04:39.1424][324][Info]: 0 ----0 
[11:04:39.1562][325][Info]: 0 ----0 
[11:04:39.1562][326][Info]: 0 ----0 
[11:04:39.1701][327][Info]: 0 ----0 
[11:04:39.1812][328][Info]: 0 ----0 
[11:04:39.1812][329][Info]: 0 ----0 
[11:04:39.1812][330][Info]: 0 ----0 
[11:04:39.2011][331][Info]: 0 ----0 
[11:04:39.2011][332][Info]: 0 ----0 
[11:04:39.2161][333][Info]: 0 ----0 
[11:04:39.2161][334][Info]: 0 ----0 
[11:04:39.2291][335][Info]: 0 ----0 
[11:04:39.2291][336][Info]: 0 ----0 
[11:04:39.2291][337][Info]: 0 ----0 
[11:04:39.2476][338][Info]: 0 ----0 
[11:04:39.2476][339][Info]: 0 ----0 
[11:04:39.2596][340][Info]: 0 ----0 
[11:04:39.2596][341][Info]: 0 ----0 
[11:04:39.2596][342][Info]: 0 ----0 
[11:04:39.2776][343][Info]: 0 ----0 
[11:04:39.2776][344][Info]: 0 ----0 
[11:04:39.2776][345][Info]: 0 ----0 
[11:04:39.2976][346][Info]: 0 ----0 
[11:04:39.2976][347][Info]: 0 ----0 
[11:04:39.3116][348][Info]: 0 ----0 
[11:04:39.3116][349][Info]: 0 ----0 
[11:04:39.3246][350][Info]: 0 ----0 
[11:04:39.3246][351][Info]: 0 ----0 
[11:04:39.3381][352][Info]: 0 ----0 
[11:04:39.3381][353][Info]: 0 ----0 
[11:04:39.3551][354][Info]: 0 ----0 
[11:04:39.3551][355][Info]: 0 ----0 
[11:04:39.3551][356][Info]: 0 ----0 
[11:04:39.3731][357][Info]: 0 ----0 
[11:04:39.3731][358][Info]: 0 ----0 
[11:04:39.3895][359][Info]: 0 ----0 
[11:04:39.3895][360][Info]: 0 ----0 
[11:04:39.4053][361][Info]: 0 ----0 
[11:04:39.4053][362][Info]: 0 ----0 
[11:04:39.4183][363][Info]: 0 ----0 
[11:04:39.4183][364][Info]: 0 ----0 
[11:04:39.4323][365][Info]: 0 ----0 
[11:04:39.4323][366][Info]: 0 ----0 
[11:04:39.4323][367][Info]: 0 ----0 
[11:04:39.4543][368][Info]: 0 ----0 
[11:04:39.4543][369][Info]: 0 ----0 
[11:04:39.4673][370][Info]: 0 ----0 
[11:04:39.4673][371][Info]: 0 ----0 
[11:04:39.4832][372][Info]: 0 ----0 
[11:04:39.4832][373][Info]: 0 ----0 
[11:04:39.4962][374][Info]: 0 ----0 
[11:04:39.4962][375][Info]: 0 ----0 
[11:04:39.4962][376][Info]: 0 ----0 
[11:04:39.5152][377][Info]: 0 ----0 
[11:04:39.5152][378][Info]: 0 ----0 
[11:04:39.5272][379][Info]: 0 ----0 
[11:04:39.5272][380][Info]: 0 ----0 
[11:04:39.5272][381][Info]: 0 ----0 
[11:04:39.5504][382][Info]: 0 ----0 
[11:04:39.5584][383][Info]: 0 ----0 
[11:04:39.5584][384][Info]: 0 ----0 
[11:04:39.5724][385][Info]: 0 ----0 
[11:04:39.5724][386][Info]: 0 ----0 
[11:04:39.5924][387][Info]: 0 ----0 
[11:04:39.5924][388][Info]: 0 ----0 
[11:04:39.6044][389][Info]: 0 ----0 
[11:04:39.6044][390][Info]: 0 ----0 
[11:04:39.6193][391][Info]: 0 ----0 
[11:04:39.6193][392][Info]: 0 ----0 
[11:04:39.6413][393][Info]: 0 ----0 
[11:04:39.6413][394][Info]: 0 ----0 
[11:04:39.6559][395][Info]: 0 ----0 
[11:04:39.6659][396][Info]: 0 ----0 
[11:04:39.6659][397][Info]: 0 ----0 
[11:04:39.6659][398][Info]: 0 ----0 
[11:04:39.6899][399][Info]: 0 ----0 
[11:04:39.6979][400][Info]: 0 ----0 
[11:04:39.6979][401][Info]: 0 ----0 
[11:04:39.7129][402][Info]: 0 ----0 
[11:04:39.7129][403][Info]: 0 ----0 
[11:04:39.7365][404][Info]: 0 ----0 
[11:04:39.7365][405][Info]: 0 ----0 
[11:04:39.7535][406][Info]: 0 ----0 
[11:04:39.7615][407][Info]: 0 ----0 
[11:04:39.7615][408][Info]: 0 ----0 
[11:04:39.7795][409][Info]: 0 ----0 
[11:04:39.7795][410][Info]: 0 ----0 
[11:04:39.7995][411][Info]: 0 ----0 
[11:04:39.8115][412][Info]: 0 ----0 
[11:04:39.8115][413][Info]: 0 ----0 
[11:04:39.8265][414][Info]: 0 ----0 
[11:04:39.8265][415][Info]: 0 ----0 
[11:04:39.8412][416][Info]: 0 ----0 
[11:04:39.8412][417][Info]: 0 ----0 
[11:04:39.8572][418][Info]: 0 ----0 
[11:04:39.8572][419][Info]: 0 ----0 
[11:04:39.8722][420][Info]: 0 ----0 
[11:04:39.8722][421][Info]: 0 ----0 
[11:04:39.8882][422][Info]: 0 ----0 
[11:04:39.8882][423][Info]: 0 ----0 
[11:04:39.9011][424][Info]: 0 ----0 
[11:04:39.9011][425][Info]: 0 ----0 
[11:04:39.9011][426][Info]: 0 ----0 
[11:04:39.9232][427][Info]: 0 ----0 
[11:04:39.9332][428][Info]: 0 ----0 
[11:04:39.9332][429][Info]: 0 ----0 
[11:04:39.9493][430][Info]: 0 ----0 
[11:04:39.9493][431][Info]: 0 ----0 
[11:04:39.9633][432][Info]: 0 ----0 
[11:04:39.9633][433][Info]: 0 ----0 
[11:04:39.9633][434][Info]: 0 ----0 
[11:04:39.9817][435][Info]: 0 ----0 
[11:04:39.9817][436][Info]: 0 ----0 
[11:04:39.9947][437][Info]: 0 ----0 
[11:04:39.9947][438][Info]: 0 ----0 
[11:04:39.9947][439][Info]: 0 ----0 
[11:04:40.0137][440][Info]: 0 ----0 
[11:04:40.0137][441][Info]: 0 ----0 
[11:04:40.0267][442][Info]: 0 ----0 
[11:04:40.0267][443][Info]: 0 ----0 
[11:04:40.0412][444][Info]: 0 ----0 
[11:04:40.0412][445][Info]: 0 ----0 
[11:04:40.0412][446][Info]: 0 ----0 
[11:04:40.0612][447][Info]: 0 ----0 
[11:04:40.0612][448][Info]: 0 ----0 
[11:04:40.0732][449][Info]: 0 ----0 
[11:04:40.0732][450][Info]: 0 ----0 
[11:04:40.0732][451][Info]: 0 ----0 
[11:04:40.0932][452][Info]: 0 ----0 
[11:04:40.0932][453][Info]: 0 ----0 
[11:04:40.1052][454][Info]: 0 ----0 
[11:04:40.1052][455][Info]: 0 ----0 
[11:04:40.1212][456][Info]: 0 ----0 
[11:04:40.1212][457][Info]: 0 ----0 
[11:04:40.1352][458][Info]: 0 ----0 
[11:04:40.1352][459][Info]: 0 ----0 
[11:04:40.1352][460][Info]: 0 ----0 
[11:04:40.1562][461][Info]: 0 ----0 
[11:04:40.1562][462][Info]: 0 ----0 
[11:04:40.1712][463][Info]: 0 ----0 
[11:04:40.1712][464][Info]: 0 ----0 
[11:04:40.1852][465][Info]: 0 ----0 
[11:04:40.1852][466][Info]: 0 ----0 
[11:04:40.2012][467][Info]: 0 ----0 
[11:04:40.2012][468][Info]: 0 ----0 
[11:04:40.2162][469][Info]: 0 ----0 
[11:04:40.2162][470][Info]: 0 ----0 
[11:04:40.2282][471][Info]: 0 ----0 
[11:04:40.2282][472][Info]: 0 ----0 
[11:04:40.2282][473][Info]: 0 ----0 
[11:04:40.2502][474][Info]: 0 ----0 
[11:04:40.2502][475][Info]: 0 ----0 
[11:04:40.2621][476][Info]: 0 ----0 
[11:04:40.2621][477][Info]: 0 ----0 
[11:04:40.2761][478][Info]: 0 ----0 
[11:04:40.2761][479][Info]: 0 ----0 
[11:04:40.2761][480][Info]: 0 ----0 
[11:04:40.2971][481][Info]: 0 ----0 
[11:04:40.2971][482][Info]: 0 ----0 
[11:04:40.3101][483][Info]: 0 ----0 
[11:04:40.3101][484][Info]: 0 ----0 
[11:04:40.3241][485][Info]: 0 ----0 
[11:04:40.3241][486][Info]: 0 ----0 
[11:04:40.3241][487][Info]: 0 ----0 
[11:04:40.3441][488][Info]: 0 ----0 
[11:04:40.3441][489][Info]: 0 ----0 
[11:04:40.3571][490][Info]: 0 ----0 
[11:04:40.3701][491][Info]: 0 ----0 
[11:04:40.3701][492][Info]: 0 ----0 
[11:04:40.3851][493][Info]: 0 ----0 
[11:04:40.4021][494][Info]: 0 ----0 
[11:04:40.4021][495][Info]: 0 ----0 
[11:04:40.4171][496][Info]: 0 ----0 
[11:04:40.4171][497][Info]: 0 ----0 
[11:04:40.4171][498][Info]: 0 ----0 
[11:04:40.4381][499][Info]: 0 ----0 
[11:04:40.4381][500][Info]: 0 ----0 
[11:04:40.4561][501][Info]: 0 ----0 
[11:04:40.4631][502][Info]: 0 ----0 
[11:04:40.4631][503][Info]: 0 ----0 
[11:04:40.4631][504][Info]: 0 ----0 
[11:04:40.4838][505][Info]: 0 ----0 
[11:04:40.4838][506][Info]: 0 ----0 
[11:04:40.4978][507][Info]: 0 ----0 
[11:04:40.4978][508][Info]: 0 ----0 
[11:04:40.5108][509][Info]: 0 ----0 
[11:04:40.5108][510][Info]: 0 ----0 
[11:04:40.5108][511][Info]: 0 ----0 
[11:04:40.5298][512][Info]: 0 ----0 
[11:04:40.5413][513][Info]: 0 ----0 
[11:04:40.5413][514][Info]: 0 ----0 
[11:04:40.5593][515][Info]: 0 ----0 
[11:04:40.5593][516][Info]: 0 ----0 
[11:04:40.5738][517][Info]: 0 ----0 
[11:04:40.5738][518][Info]: 0 ----0 
[11:04:40.5738][519][Info]: 0 ----0 
[11:04:40.5918][520][Info]: 0 ----0 
[11:04:40.5918][521][Info]: 0 ----0 
[11:04:40.6038][522][Info]: 0 ----0 
[11:04:40.6038][523][Info]: 0 ----0 
[11:04:40.6038][524][Info]: 0 ----0 
[11:04:40.6228][525][Info]: 0 ----0 
[11:04:40.6228][526][Info]: 0 ----0 
[11:04:40.6368][527][Info]: 0 ----0 
[11:04:40.6368][528][Info]: 0 ----0 
[11:04:40.6508][529][Info]: 0 ----0 
[11:04:40.6508][530][Info]: 0 ----0 
[11:04:40.6508][531][Info]: 0 ----0 
[11:04:40.6688][532][Info]: 0 ----0 
[11:04:40.6688][533][Info]: 0 ----0 
[11:04:40.6688][534][Info]: 0 ----0 
[11:04:40.6868][535][Info]: 0 ----0 
[11:04:40.6868][536][Info]: 0 ----0 
[11:04:40.7038][537][Info]: 0 ----0 
[11:04:40.7038][538][Info]: 0 ----0 
[11:04:40.7168][539][Info]: 0 ----0 
[11:04:40.7168][540][Info]: 0 ----0 
[11:04:40.7288][541][Info]: 0 ----0 
[11:04:40.7288][542][Info]: 0 ----0 
[11:04:40.7533][543][Info]: -1 ----0 
[11:04:40.7603][544][Info]: -1 ----0 
[11:04:40.7603][545][Info]: -1 ----0 
[11:04:40.7603][546][Info]: -1 ----0 
[11:04:40.7798][547][Info]: -1 ----0 
[11:04:40.7798][548][Info]: -1 ----0 
[11:04:40.7928][549][Info]: -1 ----0 
[11:04:40.7928][550][Info]: -1 ----0 
[11:04:40.8068][551][Info]: -1 ----0 
[11:04:40.8068][552][Info]: -1 ----0 
[11:04:40.8068][553][Info]: -1 ----0 
[11:04:40.8258][554][Info]: -1 ----0 
[11:04:40.8258][555][Info]: -1 ----0 
[11:04:40.8378][556][Info]: -1 ----0 
[11:04:40.8378][557][Info]: -1 ----0 
[11:04:40.8378][558][Info]: -1 ----0 
[11:04:40.8568][559][Info]: -1 ----0 
[11:04:40.8568][560][Info]: -1 ----0 
[11:04:40.8693][561][Info]: -1 ----0 
[11:04:40.8693][562][Info]: -1 ----0 
[11:04:40.8853][563][Info]: -1 ----0 
[11:04:40.8853][564][Info]: -1 ----0 
[11:04:40.8853][565][Info]: -1 ----0 
[11:04:40.9055][566][Info]: -1 ----0 
[11:04:40.9055][567][Info]: -1 ----0 
[11:04:40.9174][568][Info]: -1 ----0 
[11:04:40.9174][569][Info]: -1 -----1 
[11:04:40.9174][570][Info]: -1 -----1 
[11:04:40.9374][571][Info]: -1 -----1 
[11:04:40.9374][572][Info]: -1 -----1 
[11:04:40.9484][573][Info]: -1 -----1 
[11:04:40.9484][574][Info]: -1 -----1 
[11:04:40.9484][575][Info]: -1 -----1 
[11:04:40.9718][576][Info]: -1 -----1 
[11:04:40.9718][577][Info]: -1 -----1 
[11:04:40.9848][578][Info]: -1 -----1 
[11:04:40.9848][579][Info]: -1 -----1 
[11:04:40.9958][580][Info]: -1 -----1 
[11:04:40.9958][581][Info]: -1 -----1 
[11:04:40.9958][582][Info]: -1 -----1 
[11:04:41.0168][583][Info]: -1 -----1 
[11:04:41.0168][584][Info]: -1 -----1 
[11:04:41.0278][585][Info]: -1 -----1 
[11:04:41.0278][586][Info]: -1 -----1 
[11:04:41.0435][587][Info]: -1 -----1 
[11:04:41.0435][588][Info]: -1 -----1 
[11:04:41.0585][589][Info]: -1 -----1 
[11:04:41.0585][590][Info]: -1 -----1 
[11:04:41.0585][591][Info]: -1 -----1 
[11:04:41.0766][592][Info]: -1 -----1 
[11:04:41.0766][593][Info]: -1 -----1 
[11:04:41.0876][594][Info]: -1 -----1 
[11:04:41.0876][595][Info]: 0 -----1 
[11:04:41.0876][596][Info]: 0 -----1 
[11:04:41.1106][597][Info]: 0 -----1 
[11:04:41.1106][598][Info]: 0 -----1 
[11:04:41.1226][599][Info]: 0 -----1 
[11:04:41.1226][600][Info]: 0 -----1 
[11:04:41.1346][601][Info]: 0 -----1 
[11:04:41.1346][602][Info]: 0 -----1 
[11:04:41.1346][603][Info]: 0 -----1 
[11:04:41.1536][604][Info]: 0 -----1 
[11:04:41.1536][605][Info]: 0 -----1 
[11:04:41.1685][606][Info]: 0 -----1 
[11:04:41.1685][607][Info]: 0 -----1 
[11:04:41.1825][608][Info]: 0 -----1 
[11:04:41.1825][609][Info]: 0 -----1 
[11:04:41.1975][610][Info]: 0 -----1 
[11:04:41.1975][611][Info]: 0 -----1 
[11:04:41.2125][612][Info]: 0 -----1 
[11:04:41.2125][613][Info]: 0 -----1 
[11:04:41.2125][614][Info]: 0 -----1 
[11:04:41.2304][615][Info]: 0 -----1 
[11:04:41.2304][616][Info]: 0 -----1 
[11:04:41.2304][617][Info]: 0 -----1 
[11:04:41.2494][618][Info]: 0 -----1 
[11:04:41.2494][619][Info]: 0 -----1 
[11:04:41.2614][620][Info]: 0 -----1 
[11:04:41.2614][621][Info]: 0 -----1 
[11:04:41.2614][622][Info]: 0 -----1 
[11:04:41.2790][623][Info]: 0 -----1 
[11:04:41.2790][624][Info]: 0 -----1 
[11:04:41.2930][625][Info]: 0 -----1 
[11:04:41.2930][626][Info]: 0 -----1 
[11:04:41.2930][627][Info]: 0 -----1 
[11:04:41.3130][628][Info]: 0 -----1 
[11:04:41.3130][629][Info]: 0 -----1 
[11:04:41.3260][630][Info]: 0 -----1 
[11:04:41.3260][631][Info]: 0 -----1 
[11:04:41.3380][632][Info]: 0 -----1 
[11:04:41.3380][633][Info]: 0 -----1 
[11:04:41.3380][634][Info]: -1 -----1 
[11:04:41.3580][635][Info]: -1 -----1 
[11:04:41.3580][636][Info]: -1 -----1 
[11:04:41.3710][637][Info]: -1 -----1 
[11:04:41.3710][638][Info]: -1 -----1 
[11:04:41.3900][639][Info]: -1 -----1 
[11:04:41.3900][640][Info]: -1 -----1 
[11:04:41.4040][641][Info]: -1 -----1 
[11:04:41.4040][642][Info]: 0 ----0 
[11:04:41.4217][643][Info]: 0 ----0 
[11:04:41.4217][644][Info]: 0 ----0 
[11:04:41.4357][645][Info]: 0 ----0 
[11:04:41.4357][646][Info]: 0 ----0 
[11:04:41.4536][647][Info]: 0 ----0 
[11:04:41.4636][648][Info]: 0 ----0 
[11:04:41.4636][649][Info]: 0 ----0 
[11:04:41.4831][650][Info]: 0 ----0 
[11:04:41.4831][651][Info]: 0 ----0 
[11:04:41.4991][652][Info]: 0 ----0 
[11:04:41.4991][653][Info]: 0 ----0 
[11:04:41.5171][654][Info]: 0 ----0 
[11:04:41.5171][655][Info]: 0 ----0 
[11:04:41.5321][656][Info]: 0 ----0 
[11:04:41.5431][657][Info]: 0 ----0 
[11:04:41.5431][658][Info]: 0 ----0 
[11:04:41.5611][659][Info]: 0 ----0 
[11:04:41.5611][660][Info]: 0 ----0 
[11:04:41.5820][661][Info]: -1 ----0 
[11:04:41.5940][662][Info]: -1 ----0 
[11:04:41.5940][663][Info]: -1 ----0 
[11:04:41.6110][664][Info]: 0 ----0 
[11:04:41.6190][665][Info]: 0 ----0 
[11:04:41.6190][666][Info]: 0 ----0 
[11:04:41.6430][667][Info]: 0 ----0 
[11:04:41.6512][668][Info]: 0 ----0 
[11:04:41.6512][669][Info]: 0 ----0 
[11:04:41.6512][670][Info]: 0 ----0 
[11:04:41.6717][671][Info]: 0 ----0 
[11:04:41.6717][672][Info]: 0 ----0 
[11:04:41.6847][673][Info]: 0 ----0 
[11:04:41.6847][674][Info]: 0 ----0 
[11:04:41.7047][675][Info]: 0 ----0 
[11:04:41.7047][676][Info]: 0 ----0 
[11:04:41.7187][677][Info]: 0 ----0 
[11:04:41.7187][678][Info]: 0 ----0 
[11:04:41.7337][679][Info]: 0 ----0 
[11:04:41.7337][680][Info]: 0 ----0 
[11:04:41.7507][681][Info]: 0 ----0 
[11:04:41.7507][682][Info]: 0 ----0 
[11:04:41.7747][683][Info]: 0 ----0 
[11:04:41.7857][684][Info]: 0 ----0 
[11:04:41.7987][685][Info]: 0 ----0 
[11:04:41.7987][686][Info]: 0 ----0 
[11:04:41.8117][687][Info]: 0 ----0 
[11:04:41.8117][688][Info]: 0 ----0 
[11:04:41.8277][689][Info]: 0 ----0 
[11:04:41.8277][690][Info]: 0 ----0 
[11:04:41.8417][691][Info]: 0 ----0 
[11:04:41.8417][692][Info]: 0 ----0 
[11:04:41.8617][693][Info]: 0 ----0 
[11:04:41.8707][694][Info]: 0 ----0 
[11:04:41.8707][695][Info]: 0 ----0 
[11:04:41.8857][696][Info]: 0 ----0 
[11:04:41.8857][697][Info]: 0 ----0 
[11:04:41.8857][698][Info]: 0 ----0 
[11:04:41.9057][699][Info]: 0 ----0 
[11:04:41.9057][700][Info]: 0 ----0 
[11:04:41.9191][701][Info]: 0 ----0 
[11:04:41.9191][702][Info]: 0 ----0 
[11:04:41.9341][703][Info]: 0 ----0 
[11:04:41.9341][704][Info]: 0 ----0 
[11:04:41.9471][705][Info]: 0 ----0 
[11:04:41.9471][706][Info]: 0 ----0 
[11:04:41.9471][707][Info]: 0 ----0 
[11:04:41.9690][708][Info]: 0 ----0 
[11:04:41.9690][709][Info]: 0 ----0 
[11:04:41.9840][710][Info]: 0 ----0 
[11:04:41.9840][711][Info]: 0 ----0 
[11:04:42.0000][712][Info]: 0 ----0 
[11:04:42.0000][713][Info]: 0 ----0 
[11:04:42.0140][714][Info]: 0 ----0 
[11:04:42.0140][715][Info]: 0 ----0 
[11:04:42.0290][716][Info]: 0 ----0 
[11:04:42.0290][717][Info]: 0 ----0 
[11:04:42.0470][718][Info]: 0 ----0 
[11:04:42.0590][719][Info]: 0 ----0 
[11:04:42.0590][720][Info]: 0 ----0 
[11:04:42.0720][721][Info]: 0 ----0 
[11:04:42.0720][722][Info]: 0 ----0 
[11:04:42.0720][723][Info]: 0 ----0 
[11:04:42.0950][724][Info]: 0 ----0 
[11:04:42.0950][725][Info]: 0 ----0 
[11:04:42.1090][726][Info]: 0 ----0 
[11:04:42.1090][727][Info]: 0 ----0 
[11:04:42.1240][728][Info]: 0 ----0 
[11:04:42.1240][729][Info]: 0 ----0 
[11:04:42.1360][730][Info]: 0 ----0 
[11:04:42.1360][731][Info]: 0 ----0 
[11:04:42.1360][732][Info]: 0 ----0 
[11:04:42.1549][733][Info]: 0 ----0 
[11:04:42.1549][734][Info]: 0 ----0 
[11:04:42.1669][735][Info]: 0 ----0 
[11:04:42.1669][736][Info]: 0 ----0 
[11:04:42.1879][737][Info]: 0 ----0 
[11:04:42.1879][738][Info]: 0 ----0 
[11:04:42.2049][739][Info]: 0 ----0 
[11:04:42.2049][740][Info]: 0 ----0 
[11:04:42.2179][741][Info]: 0 ----0 
[11:04:42.2179][742][Info]: 0 ----0 
[11:04:42.2299][743][Info]: 0 ----0 
[11:04:42.2299][744][Info]: 0 ----0 
[11:04:42.2479][745][Info]: 0 ----0 
[11:04:42.2479][746][Info]: 0 ----0 
[11:04:42.2619][747][Info]: 0 ----0 
[11:04:42.2619][748][Info]: 0 ----0 
[11:04:42.2759][749][Info]: 0 ----0 
[11:04:42.2759][750][Info]: 0 ----0 
[11:04:42.2919][751][Info]: 0 ----0 
[11:04:42.2919][752][Info]: 0 ----0 
[11:04:42.2919][753][Info]: 0 ----0 
[11:04:42.3139][754][Info]: 0 ----0 
[11:04:42.3139][755][Info]: 0 ----0 
[11:04:42.3299][756][Info]: 0 ----0 
[11:04:42.3299][757][Info]: 0 ----0 
[11:04:42.3429][758][Info]: 0 ----0 
[11:04:42.3429][759][Info]: 0 ----0 
[11:04:42.3629][760][Info]: 0 ----0 
[11:04:42.3709][761][Info]: 0 ----0 
[11:04:42.3709][762][Info]: 0 ----0 
[11:04:42.3889][763][Info]: 0 ----0 
[11:04:42.3889][764][Info]: 0 ----0 
[11:04:42.4049][765][Info]: 0 ----0 
[11:04:42.4049][766][Info]: 0 ----0 
[11:04:42.4199][767][Info]: 0 ----0 
[11:04:42.4199][768][Info]: 0 ----0 
[11:04:42.4329][769][Info]: 0 ----0 
[11:04:42.4329][770][Info]: 0 ----0 
[11:04:42.4539][771][Info]: 0 ----0 
[11:04:42.4658][772][Info]: 0 ----0 
[11:04:42.4658][773][Info]: 0 ----0 
[11:04:42.4868][774][Info]: 0 ----0 
[11:04:42.4978][775][Info]: 0 ----0 
[11:04:42.4978][776][Info]: 0 ----0 
[11:04:42.5288][777][Info]: 0 ----0 
[11:04:42.5288][778][Info]: 0 ----0 
[11:04:42.5478][779][Info]: 0 ----0 
[11:04:42.5568][780][Info]: 0 ----0 
[11:04:42.5568][781][Info]: 0 ----0 
[11:04:42.5748][782][Info]: 0 ----0 
[11:04:42.5748][783][Info]: 0 ----0 
[11:04:42.5918][784][Info]: 0 ----0 
[11:04:42.5918][785][Info]: 0 ----0 
[11:04:42.6098][786][Info]: 0 ----0 
[11:04:42.6098][787][Info]: 0 ----0 
[11:04:42.6238][788][Info]: 0 ----0 
[11:04:42.6238][789][Info]: 0 ----0 
[11:04:42.6368][790][Info]: 0 ----0 
[11:04:42.6368][791][Info]: 0 ----0 
[11:04:42.6508][792][Info]: 0 ----0 
[11:04:42.6508][793][Info]: 0 ----0 
[11:04:42.6508][794][Info]: 0 ----0 
[11:04:42.6722][795][Info]: 0 ----0 
[11:04:42.6722][796][Info]: 0 ----0 
[11:04:42.6882][797][Info]: 0 ----0 
[11:04:42.6882][798][Info]: 0 ----0 
[11:04:42.7051][799][Info]: 0 ----0 
[11:04:42.7201][800][Info]: 0 ----0 
[11:04:42.7281][801][Info]: 0 ----0 
[11:04:42.7281][802][Info]: 0 ----0 
[11:04:42.7469][803][Info]: 0 ----0 
[11:04:42.7469][804][Info]: 0 ----0 
[11:04:42.7629][805][Info]: 0 ----0 
[11:04:42.7629][806][Info]: 0 ----0 
[11:04:42.7805][807][Info]: 0 ----0 
[11:04:42.7805][808][Info]: 0 ----0 
[11:04:42.7975][809][Info]: 0 ----0 
[11:04:42.7975][810][Info]: 0 ----0 
[11:04:42.8165][811][Info]: 0 ----0 
[11:04:42.8245][812][Info]: 0 ----0 
[11:04:42.8245][813][Info]: 0 ----0 
[11:04:42.8405][814][Info]: 0 ----0 
[11:04:42.8405][815][Info]: 0 ----0 
[11:04:42.8584][816][Info]: 0 ----0 
[11:04:42.8584][817][Info]: 0 ----0 
[11:04:42.8778][818][Info]: 0 ----0 
[11:04:42.8888][819][Info]: 0 ----0 
[11:04:42.8888][820][Info]: 0 ----0 
[11:04:42.9048][821][Info]: 0 ----0 
[11:04:42.9048][822][Info]: 0 ----0 
[11:04:42.9183][823][Info]: 0 ----0 
[11:04:42.9183][824][Info]: 0 ----0 
[11:04:42.9313][825][Info]: 0 ----0 
[11:04:42.9313][826][Info]: 0 ----0 
[11:04:42.9313][827][Info]: 0 ----0 
[11:04:42.9503][828][Info]: 0 ----0 
[11:04:42.9503][829][Info]: 0 ----0 
[11:04:42.9643][830][Info]: 0 ----0 
[11:04:42.9643][831][Info]: 0 ----0 
[11:04:42.9643][832][Info]: 0 ----0 
[11:04:42.9838][833][Info]: 0 ----0 
[11:04:42.9838][834][Info]: 0 ----0 
[11:04:42.9958][835][Info]: 0 ----0 
[11:04:42.9958][836][Info]: 0 ----0 
[11:04:43.0098][837][Info]: 0 ----0 
[11:04:43.0098][838][Info]: 0 ----0 
[11:04:43.0258][839][Info]: 0 ----0 
[11:04:43.0258][840][Info]: 0 ----0 
[11:04:43.0258][841][Info]: 0 ----0 
[11:04:43.0453][842][Info]: 0 ----0 
[11:04:43.0453][843][Info]: 0 ----0 
[11:04:43.0603][844][Info]: 0 ----0 
[11:04:43.0603][845][Info]: 0 ----0 
[11:04:43.0736][846][Info]: 0 ----0 
[11:04:43.0736][847][Info]: 0 ----0 
[11:04:43.0736][848][Info]: 0 ----0 
[11:04:43.0926][849][Info]: 0 ----0 
[11:04:43.0926][850][Info]: 0 ----0 
[11:04:43.1075][851][Info]: 0 ----0 
[11:04:43.1075][852][Info]: 0 ----0 
[11:04:43.1376][853][Info]: 0 ----0 
[11:04:43.1376][854][Info]: 0 ----0 
[11:04:43.1376][855][Info]: 0 ----0 
[11:04:43.1558][856][Info]: 0 ----0 
[11:04:43.1558][857][Info]: 0 ----0 
[11:04:43.1713][858][Info]: 0 ----0 
[11:04:43.1713][859][Info]: 0 ----0 
[11:04:43.1833][860][Info]: 0 ----0 
[11:04:43.1833][861][Info]: 0 ----0 
[11:04:43.1993][862][Info]: 0 ----0 
[11:04:43.1993][863][Info]: 0 ----0 
[11:04:43.2143][864][Info]: 0 ----0 
[11:04:43.2143][865][Info]: 0 ----0 
[11:04:43.2303][866][Info]: 0 ----0 
[11:04:43.2303][867][Info]: 0 ----0 
[11:04:43.2488][868][Info]: 0 ----0 
[11:04:43.2488][869][Info]: 0 ----0 
[11:04:43.2638][870][Info]: 0 ----0 
[11:04:43.2638][871][Info]: 0 ----0 
[11:04:43.2763][872][Info]: 0 ----0 
[11:04:43.2763][873][Info]: 0 ----0 
[11:04:43.2913][874][Info]: 0 ----0 
[11:04:43.2913][875][Info]: 0 ----0 
[11:04:43.3073][876][Info]: 0 ----0 
[11:04:43.3073][877][Info]: 0 ----0 
[11:04:43.3233][878][Info]: 0 ----0 
[11:04:43.3233][879][Info]: 0 ----0 
[11:04:43.3233][880][Info]: 0 ----0 
[11:04:43.3443][881][Info]: 0 ----0 
[11:04:43.3443][882][Info]: 0 ----0 
[11:04:43.3603][883][Info]: 0 ----0 
[11:04:43.3692][884][Info]: 0 ----0 
[11:04:43.3692][885][Info]: 0 ----0 
[11:04:43.3692][886][Info]: 0 ----0 
[11:04:43.3892][887][Info]: 0 ----0 
[11:04:43.3892][888][Info]: 0 ----0 
[11:04:43.4032][889][Info]: 0 ----0 
[11:04:43.4032][890][Info]: 0 ----0 
[11:04:43.4172][891][Info]: 0 ----0 
[11:04:43.4172][892][Info]: 0 ----0 
[11:04:43.4372][893][Info]: 0 ----0 
[11:04:43.4372][894][Info]: 0 ----0 
[11:04:43.4542][895][Info]: 0 ----0 
[11:04:43.4542][896][Info]: 0 ----0 
[11:04:43.4699][897][Info]: 0 ----0 
[11:04:43.4699][898][Info]: 0 ----0 
[11:04:43.4839][899][Info]: 0 ----0 
[11:04:43.4839][900][Info]: 0 ----0 
[11:04:43.4969][901][Info]: 0 ----0 
[11:04:43.4969][902][Info]: 0 ----0 
[11:04:43.5109][903][Info]: 0 ----0 
[11:04:43.5109][904][Info]: 0 ----0 
[11:04:43.5109][905][Info]: 0 ----0 
[11:04:43.5299][906][Info]: 0 ----0 
[11:04:43.5299][907][Info]: 0 ----0 
[11:04:43.5439][908][Info]: 0 ----0 
[11:04:43.5439][909][Info]: 0 ----0 
[11:04:43.5439][910][Info]: 0 ----0 
[11:04:43.5619][911][Info]: 0 ----0 
[11:04:43.5619][912][Info]: 0 ----0 
[11:04:43.5738][913][Info]: 0 ----0 
[11:04:43.5738][914][Info]: 0 ----0 
[11:04:43.5738][915][Info]: 0 ----0 
[11:04:43.5938][916][Info]: 0 ----0 
[11:04:43.5938][917][Info]: 0 ----0 
[11:04:43.6058][918][Info]: 0 ----0 
[11:04:43.6058][919][Info]: 0 ----0 
[11:04:43.6198][920][Info]: 0 ----0 
[11:04:43.6198][921][Info]: 0 ----0 
[11:04:43.6368][922][Info]: 0 ----0 
[11:04:43.6368][923][Info]: 0 ----0 
[11:04:43.6368][924][Info]: 0 ----0 
[11:04:43.6553][925][Info]: 0 ----0 
[11:04:43.6553][926][Info]: 0 ----0 
[11:04:43.6688][927][Info]: 0 ----0 
[11:04:43.6688][928][Info]: 0 ----0 
[11:04:43.6688][929][Info]: 0 ----0 
[11:04:43.6868][930][Info]: 0 ----0 
[11:04:43.6868][931][Info]: 0 ----0 
[11:04:43.6987][932][Info]: 0 ----0 
[11:04:43.6987][933][Info]: 0 ----0 
[11:04:43.7127][934][Info]: 0 ----0 
[11:04:43.7127][935][Info]: 0 ----0 
[11:04:43.7127][936][Info]: 0 ----0 
[11:04:43.7317][937][Info]: 0 ----0 
[11:04:43.7317][938][Info]: 0 ----0 
[11:04:43.7467][939][Info]: 0 ----0 
[11:04:43.7467][940][Info]: 0 ----0 
[11:04:43.7467][941][Info]: 0 ----0 
[11:04:43.7647][942][Info]: 0 ----0 
[11:04:43.7647][943][Info]: 0 ----0 
[11:04:43.7807][944][Info]: 0 ----0 
[11:04:43.7807][945][Info]: 0 ----0 
[11:04:43.7947][946][Info]: 0 ----0 
[11:04:43.7947][947][Info]: 0 ----0 
[11:04:43.8067][948][Info]: 0 ----0 
[11:04:43.8067][949][Info]: 0 ----0 
[11:04:43.8067][950][Info]: 0 ----0 
[11:04:43.8257][951][Info]: 0 ----0 
[11:04:43.8257][952][Info]: 0 ----0 
[11:04:43.8397][953][Info]: 0 ----0 
[11:04:43.8397][954][Info]: 0 ----0 
[11:04:43.8397][955][Info]: 0 ----0 
[11:04:43.8587][956][Info]: 0 ----0 
[11:04:43.8587][957][Info]: 0 ----0 
[11:04:43.8737][958][Info]: 0 ----0 
[11:04:43.8737][959][Info]: 0 ----0 
[11:04:43.8867][960][Info]: 0 ----0 
[11:04:43.8867][961][Info]: 0 ----0 
[11:04:43.8867][962][Info]: 0 ----0 
[11:04:43.9057][963][Info]: 0 ----0 
[11:04:43.9057][964][Info]: 0 ----0 
[11:04:43.9183][965][Info]: 0 ----0 
[11:04:43.9183][966][Info]: 0 ----0 
[11:04:43.9322][967][Info]: 0 ----0 
[11:04:43.9322][968][Info]: 0 ----0 
[11:04:43.9472][969][Info]: 0 ----0 
[11:04:43.9472][970][Info]: 0 ----0 
[11:04:43.9632][971][Info]: 0 ----0 
[11:04:43.9632][972][Info]: 0 ----0 
[11:04:43.9632][973][Info]: 0 ----0 
[11:04:43.9812][974][Info]: 0 ----0 
[11:04:43.9812][975][Info]: 0 ----0 
[11:04:43.9812][976][Info]: 0 ----0 
[11:04:43.9992][977][Info]: 0 ----0 
[11:04:43.9992][978][Info]: 0 ----0 
[11:04:44.0122][979][Info]: 0 ----0 
[11:04:44.0122][980][Info]: 0 ----0 
[11:04:44.0252][981][Info]: 0 ----0 
[11:04:44.0252][982][Info]: 0 ----0 
[11:04:44.0432][983][Info]: 0 ----0 
[11:04:44.0432][984][Info]: 0 ----0 
[11:04:44.0562][985][Info]: 0 ----0 
[11:04:44.0562][986][Info]: 0 ----0 
[11:04:44.0562][987][Info]: 0 ----0 
[11:04:44.0742][988][Info]: 0 ----0 
[11:04:44.0742][989][Info]: 0 ----0 
[11:04:44.0882][990][Info]: 0 ----0 
[11:04:44.0882][991][Info]: 0 ----0 
[11:04:44.0882][992][Info]: 0 ----0 
[11:04:44.1062][993][Info]: 0 ----0 
[11:04:44.1062][994][Info]: 0 ----0 
[11:04:44.1062][995][Info]: 0 ----0 
[11:04:44.1252][996][Info]: 0 ----0 
[11:04:44.1252][997][Info]: 0 ----0 
[11:04:44.1412][998][Info]: 0 ----0 
[11:04:44.1412][999][Info]: 0 ----0 
[11:04:44.1532][1000][Info]: 0 ----0 
[11:04:44.1532][1001][Info]: 0 ----0 
[11:04:44.1532][1002][Info]: 0 ----0 
[11:04:44.1702][1003][Info]: 0 ----0 
[11:04:44.1702][1004][Info]: 0 ----0 
[11:04:44.1822][1005][Info]: 0 ----0 
[11:04:44.1822][1006][Info]: 0 ----0 
[11:04:44.1822][1007][Info]: 0 ----0 
[11:04:44.2032][1008][Info]: 0 ----0 
[11:04:44.2032][1009][Info]: 0 ----0 
[11:04:44.2152][1010][Info]: 0 ----0 
[11:04:44.2152][1011][Info]: 0 ----0 
[11:04:44.2152][1012][Info]: 0 ----0 
[11:04:44.2341][1013][Info]: 0 ----0 
[11:04:44.2341][1014][Info]: 0 ----0 
[11:04:44.2492][1015][Info]: 0 ----0 
[11:04:44.2492][1016][Info]: 0 ----0 
[11:04:44.2611][1017][Info]: 0 ----0 
[11:04:44.2611][1018][Info]: 0 ----0 
[11:04:44.2611][1019][Info]: 0 ----0 
[11:04:44.2791][1020][Info]: 0 ----0 
[11:04:44.2791][1021][Info]: 0 ----0 
[11:04:44.2941][1022][Info]: 0 ----0 
[11:04:44.2941][1023][Info]: 0 ----0 
[11:04:44.3061][1024][Info]: 0 ----0 
[11:04:44.3061][1025][Info]: 0 ----0 
[11:04:44.3061][1026][Info]: 0 ----0 
[11:04:44.3251][1027][Info]: 0 ----0 
[11:04:44.3251][1028][Info]: 0 ----0 
[11:04:44.3251][1029][Info]: 0 ----0 
[11:04:44.3431][1030][Info]: 0 ----0 
[11:04:44.3431][1031][Info]: 0 ----0 
[11:04:44.3551][1032][Info]: 0 ----0 
[11:04:44.3551][1033][Info]: 0 ----0 
[11:04:44.3711][1034][Info]: 0 ----0 
[11:04:44.3711][1035][Info]: 0 ----0 
[11:04:44.3711][1036][Info]: 0 ----0 
[11:04:44.3921][1037][Info]: 0 ----0 
[11:04:44.3921][1038][Info]: 0 ----0 
[11:04:44.4031][1039][Info]: 0 ----0 
[11:04:44.4031][1040][Info]: 0 ----0 
[11:04:44.4161][1041][Info]: 0 ----0 
[11:04:44.4161][1042][Info]: 0 ----0 
[11:04:44.4161][1043][Info]: 0 ----0 
[11:04:44.4351][1044][Info]: 0 ----0 
[11:04:44.4351][1045][Info]: 0 ----0 
[11:04:44.4351][1046][Info]: 0 ----0 
[11:04:44.4551][1047][Info]: 0 ----0 
[11:04:44.4551][1048][Info]: 0 ----0 
[11:04:44.4708][1049][Info]: 0 ----0 
[11:04:44.4708][1050][Info]: 0 ----0 
[11:04:44.4828][1051][Info]: 0 ----0 
[11:04:44.4828][1052][Info]: 0 ----0 
[11:04:44.4948][1053][Info]: 0 ----0 
[11:04:44.4948][1054][Info]: 0 ----0 
[11:04:44.4948][1055][Info]: 0 ----0 
[11:04:44.5148][1056][Info]: 0 ----0 
[11:04:44.5148][1057][Info]: 0 ----0 
[11:04:44.5288][1058][Info]: 0 ----0 
[11:04:44.5288][1059][Info]: 0 ----0 
[11:04:44.5448][1060][Info]: 0 ----0 
[11:04:44.5448][1061][Info]: 0 ----0 
[11:04:44.5564][1062][Info]: 0 ----0 
[11:04:44.5564][1063][Info]: 0 ----0 
[11:04:44.5564][1064][Info]: 0 ----0 
[11:04:44.5754][1065][Info]: 0 ----0 
[11:04:44.5754][1066][Info]: 0 ----0 
[11:04:44.5754][1067][Info]: 0 ----0 
[11:04:44.5924][1068][Info]: 0 ----0 
[11:04:44.5924][1069][Info]: 0 ----0 
[11:04:44.6044][1070][Info]: 0 ----0 
[11:04:44.6044][1071][Info]: 0 ----0 
[11:04:44.6044][1072][Info]: 0 ----0 
[11:04:44.6234][1073][Info]: 0 ----0 
[11:04:44.6234][1074][Info]: 0 ----0 
[11:04:44.6354][1075][Info]: 0 ----0 
[11:04:44.6354][1076][Info]: 0 ----0 
[11:04:44.6354][1077][Info]: 0 ----0 
[11:04:44.6554][1078][Info]: 0 ----0 
[11:04:44.6554][1079][Info]: 0 ----0 
[11:04:44.6664][1080][Info]: 0 ----0 
[11:04:44.6664][1081][Info]: 0 ----0 
[11:04:44.6664][1082][Info]: 0 ----0 
[11:04:44.6884][1083][Info]: 0 ----0 
[11:04:44.6973][1084][Info]: 0 ----0 
[11:04:44.6973][1085][Info]: 0 ----0 
[11:04:44.6973][1086][Info]: 0 ----0 
[11:04:44.7173][1087][Info]: 0 ----0 
[11:04:44.7173][1088][Info]: 0 ----0 
[11:04:44.7293][1089][Info]: 0 ----0 
[11:04:44.7293][1090][Info]: 0 ----0 
[11:04:44.7293][1091][Info]: 0 ----0 
[11:04:44.7473][1092][Info]: 0 ----0 
[11:04:44.7473][1093][Info]: 0 ----0 
[11:04:44.7593][1094][Info]: 0 ----0 
[11:04:44.7593][1095][Info]: 0 ----0 
[11:04:44.7593][1096][Info]: 0 ----0 
[11:04:44.7763][1097][Info]: 0 ----0 
[11:04:44.7763][1098][Info]: 0 ----0 
[11:04:44.7763][1099][Info]: 0 ----0 
[11:04:44.7953][1100][Info]: 0 ----0 
[11:04:44.7953][1101][Info]: 0 ----0 
[11:04:44.8073][1102][Info]: 0 ----0 
[11:04:44.8073][1103][Info]: 0 ----0 
[11:04:44.8073][1104][Info]: 0 ----0 
[11:04:44.8243][1105][Info]: 0 ----0 
[11:04:44.8243][1106][Info]: 0 ----0 
[11:04:44.8243][1107][Info]: 0 ----0 
[11:04:44.8433][1108][Info]: 0 ----0 
[11:04:44.8433][1109][Info]: 0 ----0 
[11:04:44.8583][1110][Info]: 0 ----0 
[11:04:44.8583][1111][Info]: 0 ----0 
[11:04:44.8693][1112][Info]: 0 ----0 
[11:04:44.8873][1113][Info]: 0 ----0 
[11:04:44.8873][1114][Info]: 0 ----0 
[11:04:44.9053][1115][Info]: 0 ----0 
[11:04:44.9053][1116][Info]: 0 ----0 
[11:04:44.9173][1117][Info]: 0 ----0 
[11:04:44.9173][1118][Info]: 0 ----0 
[11:04:44.9173][1119][Info]: 0 ----0 
[11:04:44.9353][1120][Info]: 0 ----0 
[11:04:44.9353][1121][Info]: 0 ----0 
[11:04:44.9493][1122][Info]: 0 ----0 
[11:04:44.9493][1123][Info]: 0 ----0 
[11:04:44.9633][1124][Info]: 0 ----0 
[11:04:44.9633][1125][Info]: 0 ----0 
[11:04:44.9633][1126][Info]: 0 ----0 
[11:04:44.9813][1127][Info]: 0 ----0 
[11:04:44.9813][1128][Info]: 0 ----0 
[11:04:44.9943][1129][Info]: 0 ----0 
[11:04:44.9943][1130][Info]: 0 ----0 
[11:04:44.9943][1131][Info]: 0 ----0 
[11:04:45.0132][1132][Info]: 0 ----0 
[11:04:45.0132][1133][Info]: 0 ----0 
[11:04:45.0283][1134][Info]: 0 ----0 
[11:04:45.0283][1135][Info]: 0 ----0 
[11:04:45.0422][1136][Info]: 0 ----0 
[11:04:45.0422][1137][Info]: 0 ----0 
[11:04:45.0422][1138][Info]: 0 ----0 
[11:04:45.0622][1139][Info]: 0 ----0 
[11:04:45.0622][1140][Info]: 0 ----0 
[11:04:45.0752][1141][Info]: 0 ----0 
[11:04:45.0752][1142][Info]: 0 ----0 
[11:04:45.0882][1143][Info]: 0 ----0 
[11:04:45.0882][1144][Info]: 0 ----0 
[11:04:45.0882][1145][Info]: 0 ----0 
[11:04:45.1062][1146][Info]: 0 ----0 
[11:04:45.1062][1147][Info]: 0 ----0 
[11:04:45.1192][1148][Info]: 0 ----0 
[11:04:45.1192][1149][Info]: 0 ----0 
[11:04:45.1362][1150][Info]: 0 ----0 
[11:04:45.1362][1151][Info]: 0 ----0 
[11:04:45.1502][1152][Info]: 0 ----0 
[11:04:45.1502][1153][Info]: 0 ----0 
[11:04:45.1502][1154][Info]: 0 ----0 
[11:04:45.1682][1155][Info]: 0 ----0 
[11:04:45.1682][1156][Info]: 0 ----0 
[11:04:45.1822][1157][Info]: 0 ----0 
[11:04:45.1822][1158][Info]: 0 ----0 
[11:04:45.1822][1159][Info]: 0 ----0 
[11:04:45.2012][1160][Info]: 0 ----0 
[11:04:45.2012][1161][Info]: 0 ----0 
[11:04:45.2162][1162][Info]: 0 ----0 
[11:04:45.2162][1163][Info]: 0 ----0 
[11:04:45.2312][1164][Info]: 0 ----0 
[11:04:45.2312][1165][Info]: 0 ----0 
[11:04:45.2462][1166][Info]: 0 ----0 
[11:04:45.2462][1167][Info]: 0 ----0 
[11:04:45.2462][1168][Info]: 0 ----0 
[11:04:45.2682][1169][Info]: 0 ----0 
[11:04:45.2752][1170][Info]: 0 ----0 
[11:04:45.2752][1171][Info]: 0 ----0 
[11:04:45.2752][1172][Info]: 0 ----0 
[11:04:45.2972][1173][Info]: 0 ----0 
[11:04:45.2972][1174][Info]: 0 ----0 
[11:04:45.3112][1175][Info]: 0 ----0 
[11:04:45.3112][1176][Info]: 0 ----0 
[11:04:45.3231][1177][Info]: 0 ----0 
[11:04:45.3231][1178][Info]: 0 ----0 
[11:04:45.3231][1179][Info]: 0 ----0 
[11:04:45.3431][1180][Info]: 0 ----0 
[11:04:45.3431][1181][Info]: 0 ----0 
[11:04:45.3551][1182][Info]: 0 ----0 
[11:04:45.3551][1183][Info]: 0 ----0 
[11:04:45.3731][1184][Info]: 0 ----0 
[11:04:45.3731][1185][Info]: 0 ----0 
[11:04:45.3731][1186][Info]: 0 ----0 
[11:04:45.3911][1187][Info]: 0 ----0 
[11:04:45.3911][1188][Info]: 0 ----0 
[11:04:45.4031][1189][Info]: 0 ----0 
[11:04:45.4031][1190][Info]: 0 ----0 
[11:04:45.4031][1191][Info]: 0 ----0 
[11:04:45.4221][1192][Info]: 0 ----0 
[11:04:45.4221][1193][Info]: 0 ----0 
[11:04:45.4381][1194][Info]: 0 ----0 
[11:04:45.4381][1195][Info]: 0 ----0 
[11:04:45.4561][1196][Info]: 0 ----0 
[11:04:45.4561][1197][Info]: 0 ----0 
[11:04:45.4729][1198][Info]: 0 ----0 
[11:04:45.4799][1199][Info]: 0 ----0 
[11:04:45.4799][1200][Info]: 0 ----0 
[11:04:45.4939][1201][Info]: 0 ----0 
[11:04:45.4939][1202][Info]: 0 ----0 
[11:04:45.4939][1203][Info]: 0 ----0 
[11:04:45.5129][1204][Info]: 0 ----0 
[11:04:45.5129][1205][Info]: 0 ----0 
[11:04:45.5279][1206][Info]: 0 ----0 
[11:04:45.5279][1207][Info]: 0 ----0 
[11:04:45.5449][1208][Info]: 0 ----0 
[11:04:45.5449][1209][Info]: 0 ----0 
[11:04:45.5579][1210][Info]: 0 ----0 
[11:04:45.5579][1211][Info]: 0 ----0 
[11:04:45.5719][1212][Info]: 0 ----0 
[11:04:45.5719][1213][Info]: 0 ----0 
[11:04:45.5719][1214][Info]: 0 ----0 
[11:04:45.5949][1215][Info]: 0 ----0 
[11:04:45.5949][1216][Info]: 0 ----0 
[11:04:45.6108][1217][Info]: 0 ----0 
[11:04:45.6188][1218][Info]: 0 ----0 
[11:04:45.6188][1219][Info]: 0 ----0 
[11:04:45.6365][1220][Info]: 0 ----0 
[11:04:45.6365][1221][Info]: 0 ----0 
[11:04:45.6502][1222][Info]: 0 ----0 
[11:04:45.6502][1223][Info]: 0 ----0 
[11:04:45.6502][1224][Info]: 0 ----0 
[11:04:45.6742][1225][Info]: 0 ----0 
[11:04:45.6742][1226][Info]: 0 ----0 
[11:04:45.6892][1227][Info]: 0 ----0 
[11:04:45.6972][1228][Info]: 0 ----0 
[11:04:45.6972][1229][Info]: 0 ----0 
[11:04:45.7202][1230][Info]: 0 ----0 
[11:04:45.7282][1231][Info]: 0 ----0 
[11:04:45.7282][1232][Info]: 0 ----0 
[11:04:45.7452][1233][Info]: 0 ----0 
[11:04:45.7452][1234][Info]: 0 ----0 
[11:04:45.7651][1235][Info]: 0 ----0 
[11:04:45.7781][1236][Info]: 0 ----0 
[11:04:45.7781][1237][Info]: 0 ----0 
[11:04:45.7921][1238][Info]: 0 ----0 
[11:04:45.7921][1239][Info]: 0 ----0 
[11:04:45.7921][1240][Info]: 0 ----0 
[11:04:45.8141][1241][Info]: 0 ----0 
[11:04:45.8141][1242][Info]: 0 ----0 
[11:04:45.8281][1243][Info]: 0 ----0 
[11:04:45.8281][1244][Info]: 0 ----0 
[11:04:45.8401][1245][Info]: 0 ----0 
[11:04:45.8401][1246][Info]: 0 ----0 
[11:04:45.8551][1247][Info]: 0 ----0 
[11:04:45.8551][1248][Info]: 0 ----0 
[11:04:45.8711][1249][Info]: 0 ----0 
[11:04:45.8711][1250][Info]: 0 ----0 
[11:04:45.8871][1251][Info]: 0 ----0 
[11:04:45.8871][1252][Info]: 0 ----0 
[11:04:45.9050][1253][Info]: 0 ----0 
[11:04:45.9171][1254][Info]: 0 ----0 
[11:04:45.9171][1255][Info]: 0 ----0 
[11:04:45.9528][1256][Info]: 0 ----0 
[11:04:45.9528][1257][Info]: 0 ----0 
[11:04:45.9648][1258][Info]: 0 ----0 
[11:04:45.9648][1259][Info]: 0 ----0 
[11:04:45.9648][1260][Info]: 0 ----0 
[11:04:45.9828][1261][Info]: 0 ----0 
[11:04:45.9828][1262][Info]: 0 ----0 
[11:04:45.9938][1263][Info]: 0 ----0 
[11:04:45.9938][1264][Info]: 0 ----0 
[11:04:45.9938][1265][Info]: 0 ----0 
[11:04:46.0128][1266][Info]: 0 ----0 
[11:04:46.0128][1267][Info]: 0 ----0 
[11:04:46.0128][1268][Info]: 0 ----0 
[11:04:46.0298][1269][Info]: 0 ----0 
[11:04:46.0298][1270][Info]: 0 ----0 
[11:04:46.0428][1271][Info]: 0 ----0 
[11:04:46.0428][1272][Info]: 0 ----0 
[11:04:46.0568][1273][Info]: 0 ----0 
[11:04:46.0568][1274][Info]: 0 ----0 
[11:04:46.0568][1275][Info]: 0 ----0 
[11:04:46.0778][1276][Info]: 0 ----0 
[11:04:46.0888][1277][Info]: 0 ----0 
[11:04:46.0888][1278][Info]: 0 ----0 
[11:04:46.1058][1279][Info]: 0 ----0 
[11:04:46.1058][1280][Info]: 0 ----0 
[11:04:46.1058][1281][Info]: 0 ----0 
[11:04:46.1268][1282][Info]: 0 ----0 
[11:04:46.1268][1283][Info]: 0 ----0 
[11:04:46.1398][1284][Info]: 0 ----0 
[11:04:46.1398][1285][Info]: 0 ----0 
[11:04:46.1538][1286][Info]: 0 ----0 
[11:04:46.1538][1287][Info]: 0 ----0 
[11:04:46.1656][1288][Info]: 0 ----0 
[11:04:46.1656][1289][Info]: 0 ----0 
[11:04:46.1656][1290][Info]: 0 ----0 
[11:04:46.1836][1291][Info]: 0 ----0 
[11:04:46.1836][1292][Info]: 0 ----0 
[11:04:46.1836][1293][Info]: 0 ----0 
[11:04:46.2026][1294][Info]: 0 ----0 
[11:04:46.2026][1295][Info]: 0 ----0 
[11:04:46.2156][1296][Info]: 0 ----0 
[11:04:46.2156][1297][Info]: 0 ----0 
[11:04:46.2306][1298][Info]: 0 ----0 
[11:04:46.2306][1299][Info]: 0 ----0 
[11:04:46.2306][1300][Info]: 0 ----0 
[11:04:46.2486][1301][Info]: 0 ----0 
[11:04:46.2486][1302][Info]: 0 ----0 
[11:04:46.2606][1303][Info]: 0 ----0 
[11:04:46.2606][1304][Info]: 0 ----0 
[11:04:46.2606][1305][Info]: 0 ----0 
[11:04:46.2816][1306][Info]: 0 ----0 
[11:04:46.2936][1307][Info]: 0 ----0 
[11:04:46.2936][1308][Info]: 0 ----0 
[11:04:46.3076][1309][Info]: 0 ----0 
[11:04:46.3076][1310][Info]: 0 ----0 
[11:04:46.3076][1311][Info]: 0 ----0 
[11:04:46.3286][1312][Info]: 0 ----0 
[11:04:46.3286][1313][Info]: 0 ----0 
[11:04:46.3436][1314][Info]: 0 ----0 
[11:04:46.3546][1315][Info]: 0 ----0 
[11:04:46.3546][1316][Info]: 0 ----0 
[11:04:46.3736][1317][Info]: 0 ----0 
[11:04:46.3736][1318][Info]: 0 ----0 
[11:04:46.3946][1319][Info]: 0 ----0 
[11:04:46.4026][1320][Info]: 0 ----0 
[11:04:46.4026][1321][Info]: 0 ----0 
[11:04:46.4161][1322][Info]: 0 ----0 
[11:04:46.4161][1323][Info]: 0 ----0 
[11:04:46.4161][1324][Info]: 0 ----0 
[11:04:46.4401][1325][Info]: 0 ----0 
[11:04:46.4471][1326][Info]: 0 ----0 
[11:04:46.4471][1327][Info]: 0 ----0 
[11:04:46.4667][1328][Info]: 0 ----0 
[11:04:46.4667][1329][Info]: 0 ----0 
[11:04:46.4827][1330][Info]: 0 ----0 
[11:04:46.4827][1331][Info]: 0 ----0 
[11:04:46.5007][1332][Info]: 0 ----0 
[11:04:46.5007][1333][Info]: 0 ----0 
[11:04:46.5157][1334][Info]: 0 ----0 
[11:04:46.5157][1335][Info]: 0 ----0 
[11:04:46.5339][1336][Info]: 0 ----0 
[11:04:46.5439][1337][Info]: 0 ----0 
[11:04:46.5439][1338][Info]: 0 ----0 
[11:04:46.5609][1339][Info]: 0 ----0 
[11:04:46.5609][1340][Info]: 0 ----0 
[11:04:46.5742][1341][Info]: 0 ----0 
[11:04:46.5742][1342][Info]: 0 ----0 
[11:04:46.5742][1343][Info]: 0 ----0 
[11:04:46.5932][1344][Info]: 0 ----0 
[11:04:46.5932][1345][Info]: 0 ----0 
[11:04:46.6082][1346][Info]: 0 ----0 
[11:04:46.6082][1347][Info]: 0 ----0 
[11:04:46.6222][1348][Info]: 0 ----0 
[11:04:46.6222][1349][Info]: 0 ----0 
[11:04:46.6372][1350][Info]: 0 ----0 
[11:04:46.6372][1351][Info]: 0 ----0 
[11:04:46.6532][1352][Info]: 0 ----0 
[11:04:46.6532][1353][Info]: 0 ----0 
[11:04:46.6532][1354][Info]: 0 ----0 
[11:04:46.6732][1355][Info]: 0 ----0 
[11:04:46.6732][1356][Info]: 0 ----0 
[11:04:46.6872][1357][Info]: 0 ----0 
[11:04:46.6991][1358][Info]: 0 ----0 
[11:04:46.6991][1359][Info]: 0 ----0 
[11:04:46.7131][1360][Info]: 0 ----0 
[11:04:46.7131][1361][Info]: 0 ----0 
[11:04:46.7131][1362][Info]: 0 ----0 
[11:04:46.7301][1363][Info]: 0 ----0 
[11:04:46.7301][1364][Info]: 0 ----0 
[11:04:46.7461][1365][Info]: 0 ----0 
[11:04:46.7461][1366][Info]: 0 ----0 
[11:04:46.7461][1367][Info]: 0 ----0 
[11:04:46.7651][1368][Info]: 0 ----0 
[11:04:46.7651][1369][Info]: 0 ----0 
[11:04:46.7791][1370][Info]: 0 ----0 
[11:04:46.7791][1371][Info]: 0 ----0 
[11:04:46.7931][1372][Info]: 0 ----0 
[11:04:46.7931][1373][Info]: 0 ----0 
[11:04:46.7931][1374][Info]: 0 ----0 
[11:04:46.8101][1375][Info]: 0 ----0 
[11:04:46.8101][1376][Info]: 0 ----0 
[11:04:46.8231][1377][Info]: 0 ----0 
[11:04:46.8231][1378][Info]: 0 ----0 
[11:04:46.8231][1379][Info]: 0 ----0 
[11:04:46.8411][1380][Info]: 0 ----0 
[11:04:46.8411][1381][Info]: 0 ----0 
[11:04:46.8561][1382][Info]: 0 ----0 
[11:04:46.8561][1383][Info]: 0 ----0 
[11:04:46.8710][1384][Info]: 0 ----0 
[11:04:46.8710][1385][Info]: 0 ----0 
[11:04:46.8710][1386][Info]: 0 ----0 
[11:04:46.8880][1387][Info]: 0 ----0 
[11:04:46.8880][1388][Info]: 0 ----0 
[11:04:46.9030][1389][Info]: 0 ----0 
[11:04:46.9030][1390][Info]: 0 ----0 
[11:04:46.9156][1391][Info]: 0 ----0 
[11:04:46.9156][1392][Info]: 0 ----0 
[11:04:46.9156][1393][Info]: 0 ----0 
[11:04:46.9326][1394][Info]: 0 ----0 
[11:04:46.9326][1395][Info]: 0 ----0 
[11:04:46.9326][1396][Info]: 0 ----0 
[11:04:46.9516][1397][Info]: 0 ----0 
[11:04:46.9516][1398][Info]: 0 ----0 
[11:04:46.9666][1399][Info]: 0 ----0 
[11:04:46.9666][1400][Info]: 0 ----0 
[11:04:46.9786][1401][Info]: 0 ----0 
[11:04:46.9786][1402][Info]: 0 ----0 
[11:04:46.9786][1403][Info]: 0 ----0 
[11:04:46.9996][1404][Info]: 0 ----0 
[11:04:46.9996][1405][Info]: 0 ----0 
[11:04:47.0136][1406][Info]: 0 ----0 
[11:04:47.0136][1407][Info]: 0 ----0 
[11:04:47.0276][1408][Info]: 0 ----0 
[11:04:47.0276][1409][Info]: 0 ----0 
[11:04:47.0276][1410][Info]: 0 ----0 
[11:04:47.0456][1411][Info]: 0 ----0 
[11:04:47.0456][1412][Info]: 0 ----0 
[11:04:47.0576][1413][Info]: 0 ----0 
[11:04:47.0576][1414][Info]: 0 ----0 
[11:04:47.0576][1415][Info]: 0 ----0 
[11:04:47.0755][1416][Info]: 0 ----0 
[11:04:47.0755][1417][Info]: 0 ----0 
[11:04:47.0875][1418][Info]: 0 ----0 
[11:04:47.0875][1419][Info]: 0 ----0 
[11:04:47.0875][1420][Info]: 0 ----0 
[11:04:47.1105][1421][Info]: 0 ----0 
[11:04:47.1105][1422][Info]: 0 ----0 
[11:04:47.1245][1423][Info]: 0 ----0 
[11:04:47.1245][1424][Info]: 0 ----0 
[11:04:47.1365][1425][Info]: 0 ----0 
[11:04:47.1365][1426][Info]: 0 ----1 
[11:04:47.1515][1427][Info]: 0 ----1 
[11:04:47.1515][1428][Info]: 0 ----1 
[11:04:47.1515][1429][Info]: 0 ----1 
[11:04:47.1705][1430][Info]: 0 ----1 
[11:04:47.1705][1431][Info]: 0 ----1 
[11:04:47.1825][1432][Info]: 0 ----1 
[11:04:47.1825][1433][Info]: 0 ----1 
[11:04:47.1825][1434][Info]: 0 ----1 
[11:04:47.2015][1435][Info]: 0 ----1 
[11:04:47.2015][1436][Info]: 0 ----1 
[11:04:47.2195][1437][Info]: 0 ----1 
[11:04:47.2195][1438][Info]: 0 ----1 
[11:04:47.2305][1439][Info]: 0 ----1 
[11:04:47.2305][1440][Info]: 0 ----1 
[11:04:47.2305][1441][Info]: 0 ----1 
[11:04:47.2495][1442][Info]: 0 ----1 
[11:04:47.2495][1443][Info]: 0 ----1 
[11:04:47.2625][1444][Info]: 0 ----1 
[11:04:47.2625][1445][Info]: 0 ----1 
[11:04:47.2765][1446][Info]: 0 ----1 
[11:04:47.2765][1447][Info]: 0 ----1 
[11:04:47.2765][1448][Info]: 0 ----1 
[11:04:47.2985][1449][Info]: 0 ----1 
[11:04:47.3085][1450][Info]: 0 ----1 
[11:04:47.3085][1451][Info]: 0 ----1 
[11:04:47.3225][1452][Info]: 0 ----1 
[11:04:47.3225][1453][Info]: 0 ----1 
[11:04:47.3225][1454][Info]: 0 ----1 
[11:04:47.3405][1455][Info]: 0 ----1 
[11:04:47.3405][1456][Info]: 0 ----1 
[11:04:47.3535][1457][Info]: 0 ----1 
[11:04:47.3535][1458][Info]: 0 ----1 
[11:04:47.3535][1459][Info]: 0 ----1 
[11:04:47.3745][1460][Info]: 0 ----1 
[11:04:47.3745][1461][Info]: 0 ----1 
[11:04:47.3874][1462][Info]: 0 ----1 
[11:04:47.3874][1463][Info]: 0 ----1 
[11:04:47.4014][1464][Info]: 0 ----1 
[11:04:47.4014][1465][Info]: 0 ----1 
[11:04:47.4014][1466][Info]: 0 ----1 
[11:04:47.4194][1467][Info]: 0 ----1 
[11:04:47.4194][1468][Info]: 0 ----1 
[11:04:47.4334][1469][Info]: 0 ----0 
[11:04:47.4334][1470][Info]: 0 ----0 
[11:04:47.4474][1471][Info]: 0 ----0 
[11:04:47.4474][1472][Info]: 0 ----0 
[11:04:47.4644][1473][Info]: 0 ----0 
[11:04:47.4644][1474][Info]: 0 ----0 
[11:04:47.4644][1475][Info]: 0 ----0 
[11:04:47.4824][1476][Info]: 0 ----0 
[11:04:47.4824][1477][Info]: 0 ----0 
[11:04:47.4944][1478][Info]: 0 ----0 
[11:04:47.4944][1479][Info]: 0 ----0 
[11:04:47.4944][1480][Info]: 0 ----0 
[11:04:47.5144][1481][Info]: 0 ----0 
[11:04:47.5144][1482][Info]: 0 ----0 
[11:04:47.5264][1483][Info]: 0 ----0 
[11:04:47.5264][1484][Info]: 0 ----0 
[11:04:47.5264][1485][Info]: 0 ----0 
[11:04:47.5484][1486][Info]: 0 ----0 
[11:04:47.5484][1487][Info]: 0 ----0 
[11:04:47.5614][1488][Info]: 0 ----0 
[11:04:47.5614][1489][Info]: 0 ----0 
[11:04:47.5734][1490][Info]: 0 ----0 
[11:04:47.5734][1491][Info]: 0 ----0 
[11:04:47.5734][1492][Info]: 0 ----0 
[11:04:47.5914][1493][Info]: 0 ----0 
[11:04:47.5914][1494][Info]: 0 ----0 
[11:04:47.6074][1495][Info]: 0 ----0 
[11:04:47.6074][1496][Info]: 0 ----0 
[11:04:47.6214][1497][Info]: 0 ----0 
[11:04:47.6214][1498][Info]: 0 ----0 
[11:04:47.6384][1499][Info]: 0 ----0 
[11:04:47.6384][1500][Info]: 0 ----0 
[11:04:47.6514][1501][Info]: 0 ----0 
[11:04:47.6514][1502][Info]: 0 ----0 
[11:04:47.6514][1503][Info]: 0 ----0 
[11:04:47.6724][1504][Info]: 0 ----0 
[11:04:47.6724][1505][Info]: 0 ----0 
[11:04:47.6834][1506][Info]: 0 ----0 
[11:04:47.6834][1507][Info]: 0 ----0 
[11:04:47.6834][1508][Info]: 0 ----0 
[11:04:47.7013][1509][Info]: 0 ----0 
[11:04:47.7013][1510][Info]: 0 ----0 
[11:04:47.7183][1511][Info]: 0 ----0 
[11:04:47.7183][1512][Info]: 0 ----0 
[11:04:47.7313][1513][Info]: 0 ----0 
[11:04:47.7313][1514][Info]: 0 ----0 
[11:04:47.7313][1515][Info]: 0 ----0 
[11:04:47.7493][1516][Info]: 0 ----0 
[11:04:47.7493][1517][Info]: 0 ----0 
[11:04:47.7633][1518][Info]: 0 ----0 
[11:04:47.7633][1519][Info]: 0 ----0 
[11:04:47.7753][1520][Info]: 0 ----0 
[11:04:47.7753][1521][Info]: 0 ----0 
[11:04:47.7753][1522][Info]: 0 ----0 
[11:04:47.7953][1523][Info]: 0 ----0 
[11:04:47.7953][1524][Info]: 0 ----0 
[11:04:47.8103][1525][Info]: 0 ----0 
[11:04:47.8103][1526][Info]: 0 ----0 
[11:04:47.8223][1527][Info]: 0 ----0 
[11:04:47.8223][1528][Info]: 0 ----0 
[11:04:47.8223][1529][Info]: 0 ----0 
[11:04:47.8413][1530][Info]: 0 ----0 
[11:04:47.8413][1531][Info]: 0 ----0 
[11:04:47.8533][1532][Info]: 0 ----0 
[11:04:47.8533][1533][Info]: 0 ----0 
[11:04:47.8533][1534][Info]: 0 ----0 
[11:04:47.8723][1535][Info]: 0 ----0 
[11:04:47.8723][1536][Info]: 0 ----0 
[11:04:47.8873][1537][Info]: 0 ----0 
[11:04:47.8873][1538][Info]: 0 ----0 
[11:04:47.8873][1539][Info]: 0 ----0 
[11:04:47.9063][1540][Info]: 0 ----0 
[11:04:47.9063][1541][Info]: 0 ----0 
[11:04:47.9233][1542][Info]: -1 ----0 
[11:04:47.9233][1543][Info]: -1 ----0 
[11:04:47.9373][1544][Info]: -1 ----0 
[11:04:47.9373][1545][Info]: -1 ----0 
[11:04:47.9533][1546][Info]: -1 ----0 
[11:04:47.9533][1547][Info]: -1 ----0 
[11:04:47.9653][1548][Info]: -1 ----0 
[11:04:47.9653][1549][Info]: -1 ----0 
[11:04:47.9653][1550][Info]: -1 ----0 
[11:04:47.9833][1551][Info]: -1 ----0 
[11:04:47.9833][1552][Info]: -1 ----0 
[11:04:47.9953][1553][Info]: -1 ----0 
[11:04:47.9953][1554][Info]: -1 ----0 
[11:04:47.9953][1555][Info]: -1 ----0 
[11:04:48.0143][1556][Info]: -1 ----0 
[11:04:48.0143][1557][Info]: -1 ----0 
[11:04:48.0292][1558][Info]: -1 ----0 
[11:04:48.0292][1559][Info]: -1 ----0 
[11:04:48.0422][1560][Info]: -1 ----0 
[11:04:48.0422][1561][Info]: -1 ----0 
[11:04:48.0422][1562][Info]: -1 ----0 
[11:04:48.0602][1563][Info]: -1 ----0 
[11:04:48.0602][1564][Info]: -1 ----0 
[11:04:48.0742][1565][Info]: -1 ----0 
[11:04:48.0742][1566][Info]: -1 ----0 
[11:04:48.0742][1567][Info]: -1 ----0 
[11:04:48.0942][1568][Info]: -1 -----1 
[11:04:48.0942][1569][Info]: -1 -----1 
[11:04:48.1082][1570][Info]: -1 -----1 
[11:04:48.1202][1571][Info]: -1 -----1 
[11:04:48.1202][1572][Info]: -1 -----1 
[11:04:48.1202][1573][Info]: -1 -----1 
[11:04:48.1392][1574][Info]: -1 -----1 
[11:04:48.1392][1575][Info]: -1 -----1 
[11:04:48.1512][1576][Info]: -1 -----1 
[11:04:48.1512][1577][Info]: -1 -----1 
[11:04:48.1512][1578][Info]: -1 -----1 
[11:04:48.1692][1579][Info]: -1 -----1 
[11:04:48.1692][1580][Info]: -1 -----1 
[11:04:48.1812][1581][Info]: -1 -----1 
[11:04:48.1812][1582][Info]: -1 -----1 
[11:04:48.1812][1583][Info]: -1 -----1 
[11:04:48.2012][1584][Info]: -1 -----1 
[11:04:48.2012][1585][Info]: -1 -----1 
[11:04:48.2152][1586][Info]: -1 -----1 
[11:04:48.2152][1587][Info]: -1 -----1 
[11:04:48.2282][1588][Info]: -1 -----1 
[11:04:48.2282][1589][Info]: 0 -----1 
[11:04:48.2282][1590][Info]: 0 -----1 
[11:04:48.2472][1591][Info]: 0 -----1 
[11:04:48.2472][1592][Info]: 0 -----1 
[11:04:48.2472][1593][Info]: 0 -----1 
[11:04:48.2642][1594][Info]: 0 -----1 
[11:04:48.2642][1595][Info]: 0 -----1 
[11:04:48.2772][1596][Info]: 0 -----1 
[11:04:48.2772][1597][Info]: 0 -----1 
[11:04:48.2772][1598][Info]: 0 -----1 
[11:04:48.2962][1599][Info]: 0 -----1 
[11:04:48.2962][1600][Info]: 0 -----1 
[11:04:48.3101][1601][Info]: 0 -----1 
[11:04:48.3101][1602][Info]: 0 -----1 
[11:04:48.3251][1603][Info]: 0 -----1 
[11:04:48.3251][1604][Info]: 0 -----1 
[11:04:48.3381][1605][Info]: 0 -----1 
[11:04:48.3381][1606][Info]: 0 -----1 
[11:04:48.3381][1607][Info]: 0 -----1 
[11:04:48.3561][1608][Info]: 0 -----1 
[11:04:48.3561][1609][Info]: 0 -----1 
[11:04:48.3711][1610][Info]: 0 -----1 
[11:04:48.3711][1611][Info]: 0 -----1 
[11:04:48.3711][1612][Info]: 0 -----1 
[11:04:48.3911][1613][Info]: 0 -----1 
[11:04:48.3911][1614][Info]: 0 -----1 
[11:04:48.4031][1615][Info]: 0 -----1 
[11:04:48.4031][1616][Info]: 0 -----1 
[11:04:48.4031][1617][Info]: 0 -----1 
[11:04:48.4211][1618][Info]: 0 -----1 
[11:04:48.4211][1619][Info]: 0 -----1 
[11:04:48.4331][1620][Info]: 0 -----1 
[11:04:48.4331][1621][Info]: 0 -----1 
[11:04:48.4471][1622][Info]: 0 -----1 
[11:04:48.4471][1623][Info]: 0 -----1 
[11:04:48.4471][1624][Info]: 0 -----1 
[11:04:48.4648][1625][Info]: 0 -----1 
[11:04:48.4648][1626][Info]: 0 -----1 
[11:04:48.4648][1627][Info]: 0 -----1 
[11:04:48.4828][1628][Info]: 0 -----1 
[11:04:48.4828][1629][Info]: 0 -----1 
[11:04:48.4958][1630][Info]: 0 -----1 
[11:04:48.4958][1631][Info]: 0 -----1 
[11:04:48.4958][1632][Info]: 0 -----1 
[11:04:48.5148][1633][Info]: 0 -----1 
[11:04:48.5148][1634][Info]: 0 -----1 
[11:04:48.5324][1635][Info]: 0 -----1 
[11:04:48.5324][1636][Info]: 0 -----1 
[11:04:48.5474][1637][Info]: 0 -----1 
[11:04:48.5474][1638][Info]: 0 -----1 
[11:04:48.5594][1639][Info]: 0 -----1 
[11:04:48.5594][1640][Info]: 0 -----1 
[11:04:48.5594][1641][Info]: 0 -----1 
[11:04:48.6085][1642][Info]: 0 -----1 
[11:04:48.6085][1643][Info]: 0 -----1 
[11:04:48.6205][1644][Info]: 0 -----1 
[11:04:48.6205][1645][Info]: 0 -----1 
[11:04:48.6345][1646][Info]: 0 -----1 
[11:04:48.6345][1647][Info]: 0 -----1 
[11:04:48.6345][1648][Info]: 0 -----1 
[11:04:48.6545][1649][Info]: 0 -----1 
[11:04:48.6545][1650][Info]: 0 -----1 
[11:04:48.6665][1651][Info]: 0 -----1 
[11:04:48.6665][1652][Info]: 0 -----1 
[11:04:48.6835][1653][Info]: 0 -----1 
[11:04:48.6835][1654][Info]: 0 -----1 
[11:04:48.7005][1655][Info]: 0 -----1 
[11:04:48.7005][1656][Info]: 0 -----1 
[11:04:48.7155][1657][Info]: 0 -----1 
[11:04:48.7155][1658][Info]: 0 -----1 
[11:04:48.7324][1659][Info]: 0 -----1 
[11:04:48.7324][1660][Info]: 0 -----1 
[11:04:48.7484][1661][Info]: 0 -----1 
[11:04:48.7484][1662][Info]: 0 -----1 
[11:04:48.7624][1663][Info]: 0 -----1 
[11:04:48.7624][1664][Info]: 0 -----1 
[11:04:48.7784][1665][Info]: 0 -----1 
[11:04:48.7784][1666][Info]: 0 -----1 
[11:04:48.7954][1667][Info]: 0 -----1 
[11:04:48.7954][1668][Info]: 0 -----1 
[11:04:48.8134][1669][Info]: 0 -----1 
[11:04:48.8134][1670][Info]: 0 -----1 
[11:04:48.8284][1671][Info]: 0 -----1 
[11:04:48.8374][1672][Info]: 0 ----0 
[11:04:48.8374][1673][Info]: 0 ----0 
[11:04:48.8374][1674][Info]: 0 ----0 
[11:04:48.8614][1675][Info]: 0 ----0 
[11:04:48.8734][1676][Info]: 0 ----0 
[11:04:48.8734][1677][Info]: 0 ----0 
[11:04:48.8894][1678][Info]: 0 ----0 
[11:04:48.8894][1679][Info]: 0 ----0 
[11:04:48.9034][1680][Info]: 0 ----0 
[11:04:48.9034][1681][Info]: 0 ----0 
[11:04:48.9174][1682][Info]: 0 ----0 
[11:04:48.9174][1683][Info]: 0 ----0 
[11:04:48.9344][1684][Info]: 0 ----0 
[11:04:48.9344][1685][Info]: 0 ----0 
[11:04:48.9474][1686][Info]: 0 ----0 
[11:04:48.9474][1687][Info]: 0 ----0 
[11:04:48.9474][1688][Info]: 0 ----0 
[11:04:48.9724][1689][Info]: 0 ----0 
[11:04:48.9804][1690][Info]: 0 ----0 
[11:04:48.9804][1691][Info]: 0 ----0 
[11:04:48.9954][1692][Info]: 0 ----0 
[11:04:48.9954][1693][Info]: 0 ----0 
[11:04:48.9954][1694][Info]: 0 ----0 
[11:04:49.0154][1695][Info]: 0 ----0 
[11:04:49.0154][1696][Info]: 0 ----0 
[11:04:49.0323][1697][Info]: 0 ----0 
[11:04:49.0323][1698][Info]: 0 ----0 
[11:04:49.0473][1699][Info]: 0 ----0 
[11:04:49.0473][1700][Info]: 0 ----0 
[11:04:49.0603][1701][Info]: 0 ----0 
[11:04:49.0603][1702][Info]: 0 ----0 
[11:04:49.0753][1703][Info]: 0 ----0 
[11:04:49.0753][1704][Info]: 0 ----0 
[11:04:49.0903][1705][Info]: 0 ----0 
[11:04:49.0903][1706][Info]: 0 ----0 
[11:04:49.1053][1707][Info]: 0 ----0 
[11:04:49.1053][1708][Info]: 0 ----0 
[11:04:49.1053][1709][Info]: 0 ----0 
[11:04:49.1302][1710][Info]: 0 ----0 
[11:04:49.1412][1711][Info]: 0 ----0 
[11:04:49.1412][1712][Info]: 0 ----0 
[11:04:49.1572][1713][Info]: 0 ----0 
[11:04:49.1572][1714][Info]: 0 ----0 
[11:04:49.1702][1715][Info]: 0 ----0 
[11:04:49.1702][1716][Info]: 0 ----0 
[11:04:49.1832][1717][Info]: 0 ----0 
[11:04:49.1832][1718][Info]: 0 ----0 
[11:04:49.1992][1719][Info]: 0 ----0 
[11:04:49.1992][1720][Info]: 0 ----0 
[11:04:49.2152][1721][Info]: 0 ----0 
[11:04:49.2152][1722][Info]: 0 ----0 
[11:04:49.2284][1723][Info]: 0 ----0 
[11:04:49.2284][1724][Info]: 0 ----0 
[11:04:49.2284][1725][Info]: 0 ----0 
[11:04:49.2504][1726][Info]: 0 ----0 
[11:04:49.2504][1727][Info]: 0 ----0 
[11:04:49.2643][1728][Info]: 0 ----0 
[11:04:49.2643][1729][Info]: 0 ----0 
[11:04:49.2813][1730][Info]: 0 ----0 
[11:04:49.2813][1731][Info]: 0 ----0 
[11:04:49.2983][1732][Info]: 0 ----0 
[11:04:49.2983][1733][Info]: 0 ----0 
[11:04:49.3123][1734][Info]: 0 ----0 
[11:04:49.3123][1735][Info]: 0 ----0 
[11:04:49.3263][1736][Info]: 0 ----0 
[11:04:49.3263][1737][Info]: 0 ----0 
[11:04:49.3383][1738][Info]: 0 ----0 
[11:04:49.3383][1739][Info]: 0 ----0 
[11:04:49.3383][1740][Info]: 0 ----0 
[11:04:49.3563][1741][Info]: 0 ----0 
[11:04:49.3563][1742][Info]: 0 ----0 
[11:04:49.3773][1743][Info]: 0 ----0 
[11:04:49.3863][1744][Info]: 0 ----0 
[11:04:49.3863][1745][Info]: 0 ----0 
[11:04:49.4203][1746][Info]: 0 ----0 
[11:04:49.4203][1747][Info]: 0 ----0 
[11:04:49.4346][1748][Info]: 0 ----0 
[11:04:49.4346][1749][Info]: 0 ----0 
[11:04:49.4506][1750][Info]: 0 ----0 
[11:04:49.4506][1751][Info]: 0 ----0 
[11:04:49.4646][1752][Info]: 0 ----0 
[11:04:49.4646][1753][Info]: 0 ----0 
[11:04:49.4646][1754][Info]: 0 ----0 
[11:04:49.4815][1755][Info]: 0 ----0 
[11:04:49.4815][1756][Info]: 0 ----0 
[11:04:49.4945][1757][Info]: 0 ----0 
[11:04:49.4945][1758][Info]: 0 ----0 
[11:04:49.4945][1759][Info]: 0 ----0 
[11:04:49.5145][1760][Info]: 0 ----0 
[11:04:49.5145][1761][Info]: 0 ----0 
[11:04:49.5281][1762][Info]: 0 ----0 
[11:04:49.5281][1763][Info]: 0 ----0 
[11:04:49.5281][1764][Info]: 0 ----0 
[11:04:49.5471][1765][Info]: 0 ----0 
[11:04:49.5471][1766][Info]: 0 ----0 
[11:04:49.5601][1767][Info]: 0 ----0 
[11:04:49.5601][1768][Info]: 0 ----0 
[11:04:49.5741][1769][Info]: 0 ----0 
[11:04:49.5741][1770][Info]: 0 ----0 
[11:04:49.5741][1771][Info]: 0 ----0 
[11:04:49.5931][1772][Info]: 0 ----0 
[11:04:49.5931][1773][Info]: 0 ----0 
[11:04:49.6061][1774][Info]: 0 ----0 
[11:04:49.6061][1775][Info]: 0 ----0 
[11:04:49.6061][1776][Info]: 0 ----0 
[11:04:49.6241][1777][Info]: 0 ----0 
[11:04:49.6241][1778][Info]: 0 ----0 
[11:04:49.6371][1779][Info]: 0 ----0 
[11:04:49.6371][1780][Info]: 0 ----0 
[11:04:49.6501][1781][Info]: 0 ----0 
[11:04:49.6501][1782][Info]: 0 ----0 
[11:04:49.6501][1783][Info]: 0 ----0 
[11:04:49.6701][1784][Info]: 0 ----0 
[11:04:49.6701][1785][Info]: 0 ----0 
[11:04:49.6861][1786][Info]: 0 ----0 
[11:04:49.6861][1787][Info]: 0 ----0 
[11:04:49.7091][1788][Info]: 0 ----0 
[11:04:49.7181][1789][Info]: 0 ----0 
[11:04:49.7181][1790][Info]: 0 ----0 
[11:04:49.7370][1791][Info]: 0 ----0 
[11:04:49.7460][1792][Info]: 0 ----0 
[11:04:49.7460][1793][Info]: 0 ----0 
[11:04:49.7620][1794][Info]: 0 ----0 
[11:04:49.7620][1795][Info]: 0 ----0 
[11:04:49.7800][1796][Info]: 0 ----0 
[11:04:49.7800][1797][Info]: 0 ----0 
[11:04:49.7970][1798][Info]: 0 ----0 
[11:04:49.7970][1799][Info]: 0 ----0 
[11:04:49.8130][1800][Info]: 0 ----0 
[11:04:49.8130][1801][Info]: 0 ----0 
[11:04:49.8270][1802][Info]: 0 ----0 
[11:04:49.8270][1803][Info]: 0 ----0 
[11:04:49.8420][1804][Info]: 0 ----0 
[11:04:49.8420][1805][Info]: 0 ----0 
[11:04:49.8570][1806][Info]: 0 ----0 
[11:04:49.8570][1807][Info]: 0 ----0 
[11:04:49.8690][1808][Info]: 0 ----0 
[11:04:49.8690][1809][Info]: 0 ----0 
[11:04:49.8870][1810][Info]: 0 ----0 
[11:04:49.8870][1811][Info]: 0 ----0 
[11:04:49.9010][1812][Info]: 0 ----0 
[11:04:49.9010][1813][Info]: 0 ----0 
[11:04:49.9010][1814][Info]: 0 ----0 
[11:04:49.9196][1815][Info]: 0 ----0 
[11:04:49.9196][1816][Info]: 0 ----0 
[11:04:49.9496][1817][Info]: 0 ----0 
[11:04:49.9496][1818][Info]: 0 ----0 
[11:04:49.9626][1819][Info]: 0 ----0 
[11:04:49.9626][1820][Info]: 0 ----0 
[11:04:49.9626][1821][Info]: 0 ----0 
[11:04:49.9822][1822][Info]: 0 ----0 
[11:04:49.9822][1823][Info]: 0 ----0 
[11:04:49.9962][1824][Info]: 0 ----0 
[11:04:49.9962][1825][Info]: 0 ----0 
[11:04:49.9962][1826][Info]: 0 ----0 
[11:04:50.0152][1827][Info]: 0 ----0 
[11:04:50.0152][1828][Info]: 0 ----0 
[11:04:50.0292][1829][Info]: 0 ----0 
[11:04:50.0292][1830][Info]: 0 ----0 
[11:04:50.0422][1831][Info]: 0 ----0 
[11:04:50.0422][1832][Info]: 0 ----0 
[11:04:50.0567][1833][Info]: 0 ----0 
[11:04:50.0567][1834][Info]: 0 ----0 
[11:04:50.0567][1835][Info]: 0 ----0 
[11:04:50.0751][1836][Info]: 0 ----0 
[11:04:50.0751][1837][Info]: 0 ----0 
[11:04:50.0881][1838][Info]: 0 ----0 
[11:04:50.0881][1839][Info]: 0 ----0 
[11:04:50.0881][1840][Info]: 0 ----0 
[11:04:50.1061][1841][Info]: 0 ----0 
[11:04:50.1061][1842][Info]: 0 ----0 
[11:04:50.1231][1843][Info]: 0 ----0 
[11:04:50.1231][1844][Info]: 0 ----0 
[11:04:50.1371][1845][Info]: 0 ----0 
[11:04:50.1371][1846][Info]: 0 ----0 
[11:04:50.1371][1847][Info]: 0 ----0 
[11:04:50.1554][1848][Info]: 0 ----0 
[11:04:50.1554][1849][Info]: 0 ----0 
[11:04:50.1674][1850][Info]: 0 ----0 
[11:04:50.1674][1851][Info]: -1 ----0 
[11:04:50.1814][1852][Info]: -1 ----0 
[11:04:50.1814][1853][Info]: -1 ----0 
[11:04:50.1814][1854][Info]: -1 ----0 
[11:04:50.2034][1855][Info]: -1 ----0 
[11:04:50.2034][1856][Info]: -1 ----0 
[11:04:50.2174][1857][Info]: -1 ----0 
[11:04:50.2174][1858][Info]: -1 ----0 
[11:04:50.2289][1859][Info]: -1 ----0 
[11:04:50.2289][1860][Info]: -1 ----0 
[11:04:50.2289][1861][Info]: -1 ----0 
[11:04:50.2458][1862][Info]: -1 ----0 
[11:04:50.2458][1863][Info]: -1 ----0 
[11:04:50.2458][1864][Info]: -1 ----0 
[11:04:50.2631][1865][Info]: -1 ----0 
[11:04:50.2631][1866][Info]: -1 ----0 
[11:04:50.2761][1867][Info]: -1 ----0 
[11:04:50.2761][1868][Info]: -1 ----0 
[11:04:50.2761][1869][Info]: -1 ----0 
[11:04:50.2961][1870][Info]: -1 ----0 
[11:04:50.2961][1871][Info]: -1 ----0 
[11:04:50.3081][1872][Info]: -1 ----0 
[11:04:50.3081][1873][Info]: -1 ----0 
[11:04:50.3081][1874][Info]: -1 ----0 
[11:04:50.3271][1875][Info]: -1 ----0 
[11:04:50.3271][1876][Info]: -1 ----0 
[11:04:50.3421][1877][Info]: -1 -----1 
[11:04:50.3421][1878][Info]: -1 -----1 
[11:04:50.3571][1879][Info]: -1 -----1 
[11:04:50.3571][1880][Info]: -1 -----1 
[11:04:50.3740][1881][Info]: -1 -----1 
[11:04:50.3740][1882][Info]: -1 -----1 
[11:04:50.3860][1883][Info]: -1 -----1 
[11:04:50.3860][1884][Info]: -1 -----1 
[11:04:50.3860][1885][Info]: -1 -----1 
[11:04:50.4040][1886][Info]: -1 -----1 
[11:04:50.4040][1887][Info]: -1 -----1 
[11:04:50.4160][1888][Info]: -1 -----1 
[11:04:50.4160][1889][Info]: -1 -----1 
[11:04:50.4160][1890][Info]: -1 -----1 
[11:04:50.4351][1891][Info]: -1 -----1 
[11:04:50.4351][1892][Info]: -1 -----1 
[11:04:50.4471][1893][Info]: -1 -----1 
[11:04:50.4471][1894][Info]: -1 -----1 
[11:04:50.4471][1895][Info]: -1 -----1 
[11:04:50.4663][1896][Info]: -1 -----1 
[11:04:50.4663][1897][Info]: -1 -----1 
[11:04:50.4783][1898][Info]: -1 -----1 
[11:04:50.4783][1899][Info]: -1 -----1 
[11:04:50.4783][1900][Info]: -1 -----1 
[11:04:50.4973][1901][Info]: -1 -----1 
[11:04:50.4973][1902][Info]: -1 -----1 
[11:04:50.5093][1903][Info]: -1 -----1 
[11:04:50.5093][1904][Info]: -1 -----1 
[11:04:50.5093][1905][Info]: -1 -----1 
[11:04:50.5303][1906][Info]: -1 -----1 
[11:04:50.5303][1907][Info]: -1 -----1 
[11:04:50.5473][1908][Info]: -1 -----1 
[11:04:50.5473][1909][Info]: -1 -----1 
[11:04:50.5593][1910][Info]: -1 -----1 
[11:04:50.5593][1911][Info]: -1 -----1 
[11:04:50.5593][1912][Info]: -1 -----1 
[11:04:50.5783][1913][Info]: -1 -----1 
[11:04:50.5783][1914][Info]: -1 -----1 
[11:04:50.5903][1915][Info]: -1 -----1 
[11:04:50.5903][1916][Info]: -1 -----1 
[11:04:50.5903][1917][Info]: -1 -----1 
[11:04:50.6103][1918][Info]: -1 -----1 
[11:04:50.6103][1919][Info]: -1 -----1 
[11:04:50.6243][1920][Info]: -1 -----1 
[11:04:50.6243][1921][Info]: -1 -----1 
[11:04:50.6353][1922][Info]: -1 -----1 
[11:04:50.6353][1923][Info]: -1 -----1 
[11:04:50.6353][1924][Info]: -1 -----1 
[11:04:50.6542][1925][Info]: -1 -----1 
[11:04:50.6542][1926][Info]: -1 -----1 
[11:04:50.6683][1927][Info]: -1 -----1 
[11:04:50.6683][1928][Info]: -1 -----1 
[11:04:50.6683][1929][Info]: -1 -----1 
[11:04:50.6862][1930][Info]: -1 -----1 
[11:04:50.6862][1931][Info]: -1 -----1 
[11:04:50.7002][1932][Info]: -1 -----1 
[11:04:50.7002][1933][Info]: -1 -----1 
[11:04:50.7152][1934][Info]: 0 -----1 
[11:04:50.7152][1935][Info]: 0 -----1 
[11:04:50.7282][1936][Info]: 0 -----1 
[11:04:50.7282][1937][Info]: 0 -----1 
[11:04:50.7282][1938][Info]: 1 -----1 
[11:04:50.7492][1939][Info]: 1 -----1 
[11:04:50.7492][1940][Info]: 1 -----1 
[11:04:50.7612][1941][Info]: 1 -----1 
[11:04:50.7612][1942][Info]: 1 -----1 
[11:04:50.7612][1943][Info]: 1 -----1 
[11:04:50.7802][1944][Info]: 1 -----1 
[11:04:50.7802][1945][Info]: 1 -----1 
[11:04:50.7952][1946][Info]: 1 -----1 
[11:04:50.7952][1947][Info]: 1 -----1 
[11:04:50.8092][1948][Info]: 1 -----1 
[11:04:50.8092][1949][Info]: 1 -----1 
[11:04:50.8232][1950][Info]: 1 -----1 
[11:04:50.8232][1951][Info]: 1 -----1 
[11:04:50.8232][1952][Info]: 1 -----1 
[11:04:50.8422][1953][Info]: 1 -----1 
[11:04:50.8422][1954][Info]: 1 -----1 
[11:04:50.8542][1955][Info]: 1 -----1 
[11:04:50.8542][1956][Info]: 1 -----1 
[11:04:50.8542][1957][Info]: 1 -----1 
[11:04:50.8742][1958][Info]: 1 -----1 
[11:04:50.8742][1959][Info]: 1 -----1 
[11:04:50.8882][1960][Info]: 1 -----1 
[11:04:50.8882][1961][Info]: 1 -----1 
[11:04:50.9002][1962][Info]: 1 -----1 
[11:04:50.9002][1963][Info]: 1 -----1 
[11:04:50.9002][1964][Info]: 1 -----1 
[11:04:50.9184][1965][Info]: 1 -----1 
[11:04:50.9184][1966][Info]: 1 -----1 
[11:04:50.9184][1967][Info]: 1 -----1 
[11:04:50.9368][1968][Info]: 1 -----1 
[11:04:50.9368][1969][Info]: 1 -----1 
[11:04:50.9508][1970][Info]: 1 -----1 
[11:04:50.9508][1971][Info]: 1 -----1 
[11:04:50.9648][1972][Info]: 1 -----1 
[11:04:50.9648][1973][Info]: 1 -----1 
[11:04:50.9803][1974][Info]: 1 -----1 
[11:04:50.9803][1975][Info]: 1 -----1 
[11:04:50.9943][1976][Info]: 0 -----1 
[11:04:50.9943][1977][Info]: 0 -----1 
[11:04:50.9943][1978][Info]: 0 -----1 
[11:04:51.0143][1979][Info]: 0 ----0 
[11:04:51.0143][1980][Info]: 0 ----0 
[11:04:51.0283][1981][Info]: 0 ----0 
[11:04:51.0283][1982][Info]: 0 ----0 
[11:04:51.0283][1983][Info]: 0 ----0 
[11:04:51.0463][1984][Info]: 0 ----0 
[11:04:51.0463][1985][Info]: 0 ----0 
[11:04:51.0590][1986][Info]: 0 ----0 
[11:04:51.0590][1987][Info]: 0 ----0 
[11:04:51.0590][1988][Info]: 0 ----0 
[11:04:51.0768][1989][Info]: 0 ----0 
[11:04:51.0768][1990][Info]: 0 ----0 
[11:04:51.0888][1991][Info]: 0 ----0 
[11:04:51.0888][1992][Info]: 0 ----0 
[11:04:51.0888][1993][Info]: 0 ----0 
[11:04:51.1068][1994][Info]: 0 ----0 
[11:04:51.1068][1995][Info]: 0 ----0 
[11:04:51.1228][1996][Info]: 0 ----0 
[11:04:51.1228][1997][Info]: 0 ----0 
[11:04:51.1378][1998][Info]: 0 ----0 
[11:04:51.1378][1999][Info]: 0 ----0 
[11:04:51.1508][2000][Info]: 0 ----0 
[11:04:51.1508][2001][Info]: 0 ----0 
[11:04:51.1508][2002][Info]: 0 ----0 
[11:04:51.1695][2003][Info]: 0 ----0 
[11:04:51.1695][2004][Info]: 0 ----0 
[11:04:51.1815][2005][Info]: 0 ----0 
[11:04:51.1815][2006][Info]: 0 ----0 
[11:04:51.1815][2007][Info]: 0 ----0 
[11:04:51.2035][2008][Info]: 0 ----0 
[11:04:51.2035][2009][Info]: 0 ----0 
[11:04:51.2155][2010][Info]: 0 ----0 
[11:04:51.2155][2011][Info]: 0 ----0 
[11:04:51.2155][2012][Info]: 0 ----0 
[11:04:51.2335][2013][Info]: 0 ----0 
[11:04:51.2335][2014][Info]: 0 ----0 
[11:04:51.2445][2015][Info]: 0 ----0 
[11:04:51.2445][2016][Info]: 0 ----0 
[11:04:51.2445][2017][Info]: 0 ----0 
[11:04:51.2625][2018][Info]: 0 ----0 
[11:04:51.2625][2019][Info]: 0 ----0 
[11:04:51.2625][2020][Info]: 0 ----0 
[11:04:51.2824][2021][Info]: 0 ----0 
[11:04:51.2824][2022][Info]: 0 ----0 
[11:04:51.2974][2023][Info]: 0 ----0 
[11:04:51.3114][2024][Info]: 0 ----0 
[11:04:51.3114][2025][Info]: 0 ----0 
[11:04:51.3244][2026][Info]: 0 ----0 
[11:04:51.3244][2027][Info]: 0 ----0 
[11:04:51.3374][2028][Info]: 0 ----0 
[11:04:51.3374][2029][Info]: 0 ----0 
[11:04:51.3374][2030][Info]: 0 ----0 
[11:04:51.3584][2031][Info]: 0 ----0 
[11:04:51.3584][2032][Info]: 0 ----0 
[11:04:51.3709][2033][Info]: 0 ----0 
[11:04:51.3709][2034][Info]: 0 ----0 
[11:04:51.3849][2035][Info]: 0 ----0 
[11:04:51.3849][2036][Info]: 0 ----0 
[11:04:51.3849][2037][Info]: 0 ----0 
[11:04:51.4039][2038][Info]: 0 ----0 
[11:04:51.4039][2039][Info]: 0 ----0 
[11:04:51.4166][2040][Info]: 0 ----0 
[11:04:51.4166][2041][Info]: 0 ----0 
[11:04:51.4166][2042][Info]: 0 ----0 
[11:04:51.4366][2043][Info]: 0 ----0 
[11:04:51.4366][2044][Info]: 0 ----0 
[11:04:51.4485][2045][Info]: 0 ----0 
[11:04:51.4485][2046][Info]: 0 ----0 
[11:04:51.4625][2047][Info]: 0 ----0 
[11:04:51.4625][2048][Info]: 0 ----0 
[11:04:51.4625][2049][Info]: 0 ----0 
[11:04:51.4835][2050][Info]: 0 ----0 
[11:04:51.4835][2051][Info]: 0 ----0 
[11:04:51.4955][2052][Info]: 0 ----0 
[11:04:51.4955][2053][Info]: 0 ----0 
[11:04:51.4955][2054][Info]: 0 ----0 
[11:04:51.5135][2055][Info]: 0 ----0 
[11:04:51.5135][2056][Info]: 0 ----0 
[11:04:51.5265][2057][Info]: 0 ----0 
[11:04:51.5265][2058][Info]: 0 ----0 
[11:04:51.5405][2059][Info]: 0 ----0 
[11:04:51.5405][2060][Info]: 0 ----0 
[11:04:51.5565][2061][Info]: 0 -----1 
[11:04:51.5565][2062][Info]: 0 -----1 
[11:04:51.5565][2063][Info]: 0 -----1 
[11:04:51.5755][2064][Info]: 0 -----1 
[11:04:51.5755][2065][Info]: 0 -----1 
[11:04:51.5895][2066][Info]: 0 -----1 
[11:04:51.5895][2067][Info]: 0 -----1 
[11:04:51.6075][2068][Info]: 0 -----1 
[11:04:51.6195][2069][Info]: 0 -----1 
[11:04:51.6195][2070][Info]: 0 -----1 
[11:04:51.6415][2071][Info]: 0 -----1 
[11:04:51.6505][2072][Info]: 0 -----1 
[11:04:51.6505][2073][Info]: 0 -----1 
[11:04:51.6505][2074][Info]: 0 -----1 
[11:04:51.6775][2075][Info]: 0 -----1 
[11:04:51.6855][2076][Info]: 0 -----1 
[11:04:51.6855][2077][Info]: 0 -----1 
[11:04:51.7035][2078][Info]: 0 -----1 
[11:04:51.7135][2079][Info]: 0 -----1 
[11:04:51.7135][2080][Info]: 0 -----1 
[11:04:51.7285][2081][Info]: 0 -----1 
[11:04:51.7285][2082][Info]: 0 -----1 
[11:04:51.7475][2083][Info]: 0 -----1 
[11:04:51.7475][2084][Info]: 0 -----1 
[11:04:51.7674][2085][Info]: 0 -----1 
[11:04:51.7764][2086][Info]: 0 -----1 
[11:04:51.7764][2087][Info]: 0 -----1 
[11:04:51.7954][2088][Info]: 0 -----1 
[11:04:51.8064][2089][Info]: 0 -----1 
[11:04:51.8064][2090][Info]: 0 -----1 
[11:04:51.8254][2091][Info]: 0 -----1 
[11:04:51.8374][2092][Info]: 0 -----1 
[11:04:51.8374][2093][Info]: 0 -----1 
[11:04:51.8574][2094][Info]: 0 -----1 
[11:04:51.8574][2095][Info]: 0 -----1 
[11:04:51.8709][2096][Info]: 0 -----1 
[11:04:51.8709][2097][Info]: 0 -----1 
[11:04:51.8859][2098][Info]: 0 -----1 
[11:04:51.8859][2099][Info]: 0 -----1 
[11:04:51.8859][2100][Info]: 0 -----1 
[11:04:51.9068][2101][Info]: 0 -----1 
[11:04:51.9068][2102][Info]: 0 -----1 
[11:04:51.9188][2103][Info]: 0 -----1 
[11:04:51.9188][2104][Info]: 0 -----1 
[11:04:51.9333][2105][Info]: 0 -----1 
[11:04:51.9333][2106][Info]: 0 -----1 
[11:04:51.9333][2107][Info]: 0 -----1 
[11:04:51.9503][2108][Info]: 0 -----1 
[11:04:51.9503][2109][Info]: 0 -----1 
[11:04:51.9663][2110][Info]: 0 -----1 
[11:04:51.9663][2111][Info]: 0 -----1 
[11:04:51.9793][2112][Info]: 0 -----1 
[11:04:51.9793][2113][Info]: 0 -----1 
[11:04:51.9793][2114][Info]: 0 -----1 
[11:04:51.9983][2115][Info]: 0 -----1 
[11:04:51.9983][2116][Info]: 1 -----1 
[11:04:52.0123][2117][Info]: 1 -----1 
[11:04:52.0123][2118][Info]: 1 -----1 
[11:04:52.0273][2119][Info]: 1 -----1 
[11:04:52.0273][2120][Info]: 1 -----1 
[11:04:52.0423][2121][Info]: 1 -----1 
[11:04:52.0423][2122][Info]: 1 -----1 
[11:04:52.0563][2123][Info]: 1 -----1 
[11:04:52.0563][2124][Info]: 1 -----1 
[11:04:52.0563][2125][Info]: 1 -----1 
[11:04:52.0743][2126][Info]: 1 -----1 
[11:04:52.0743][2127][Info]: 1 -----1 
[11:04:52.0743][2128][Info]: 1 -----1 
[11:04:52.0933][2129][Info]: 1 -----1 
[11:04:52.0933][2130][Info]: 1 -----1 
[11:04:52.1053][2131][Info]: 1 -----1 
[11:04:52.1053][2132][Info]: 1 -----1 
[11:04:52.1213][2133][Info]: 1 -----1 
[11:04:52.1213][2134][Info]: 1 -----1 
[11:04:52.1343][2135][Info]: 1 -----1 
[11:04:52.1343][2136][Info]: 1 -----1 
[11:04:52.1343][2137][Info]: 1 -----1 
[11:04:52.1523][2138][Info]: 1 -----1 
[11:04:52.1523][2139][Info]: 1 -----1 
[11:04:52.1673][2140][Info]: 1 -----1 
[11:04:52.1673][2141][Info]: 1 -----1 
[11:04:52.1673][2142][Info]: 1 -----1 
[11:04:52.1853][2143][Info]: 1 -----1 
[11:04:52.1853][2144][Info]: 1 -----1 
[11:04:52.1993][2145][Info]: 1 -----1 
[11:04:52.1993][2146][Info]: 1 -----1 
[11:04:52.2153][2147][Info]: 1 -----1 
[11:04:52.2153][2148][Info]: 1 -----1 
[11:04:52.2153][2149][Info]: 1 -----1 
[11:04:52.2335][2150][Info]: 1 ----0 
[11:04:52.2335][2151][Info]: 1 ----0 
[11:04:52.2465][2152][Info]: 1 ----0 
[11:04:52.2465][2153][Info]: 1 ----0 
[11:04:52.2465][2154][Info]: 1 ----0 
[11:04:52.2645][2155][Info]: 1 ----0 
[11:04:52.2645][2156][Info]: 1 ----0 
[11:04:52.2755][2157][Info]: 1 ----0 
[11:04:52.2755][2158][Info]: 1 ----0 
[11:04:52.2755][2159][Info]: 1 ----0 
[11:04:52.2945][2160][Info]: 1 ----0 
[11:04:52.2945][2161][Info]: 1 ----0 
[11:04:52.3085][2162][Info]: 1 ----0 
[11:04:52.3085][2163][Info]: 1 ----0 
[11:04:52.3085][2164][Info]: 1 ----0 
[11:04:52.3275][2165][Info]: 1 ----0 
[11:04:52.3275][2166][Info]: 1 ----0 
[11:04:52.3391][2167][Info]: 1 ----0 
[11:04:52.3391][2168][Info]: 1 ----0 
[11:04:52.3391][2169][Info]: 1 ----0 
[11:04:52.3594][2170][Info]: 1 ----0 
[11:04:52.3694][2171][Info]: 1 ----0 
[11:04:52.3694][2172][Info]: 1 ----0 
[11:04:52.3844][2173][Info]: 1 ----0 
[11:04:52.3844][2174][Info]: 0 ----0 
[11:04:52.3844][2175][Info]: 0 ----0 
[11:04:52.4043][2176][Info]: 0 ----0 
[11:04:52.4043][2177][Info]: 0 ----0 
[11:04:52.4163][2178][Info]: 0 ----0 
[11:04:52.4163][2179][Info]: 0 ----0 
[11:04:52.4163][2180][Info]: 0 ----0 
[11:04:52.4341][2181][Info]: 0 ----0 
[11:04:52.4341][2182][Info]: 0 ----0 
[11:04:52.4481][2183][Info]: 0 ----0 
[11:04:52.4481][2184][Info]: 0 ----0 
[11:04:52.4481][2185][Info]: 0 ----0 
[11:04:52.4671][2186][Info]: 0 ----0 
[11:04:52.4671][2187][Info]: 0 ----0 
[11:04:52.4801][2188][Info]: 0 ----0 
[11:04:52.4801][2189][Info]: 0 ----0 
[11:04:52.4801][2190][Info]: 0 ----0 
[11:04:52.4971][2191][Info]: 0 ----0 
[11:04:52.4971][2192][Info]: 0 ----0 
[11:04:52.5111][2193][Info]: 0 ----0 
[11:04:52.5111][2194][Info]: 0 ----0 
[11:04:52.5111][2195][Info]: 0 ----0 
[11:04:52.5331][2196][Info]: -1 ----0 
[11:04:52.5411][2197][Info]: -1 ----0 
[11:04:52.5411][2198][Info]: -1 ----0 
[11:04:52.5411][2199][Info]: -1 ----0 
[11:04:52.5591][2200][Info]: -1 ----0 
[11:04:52.5591][2201][Info]: -1 ----0 
[11:04:52.5731][2202][Info]: -1 ----0 
[11:04:52.5731][2203][Info]: -1 ----0 
[11:04:52.5731][2204][Info]: -1 ----0 
[11:04:52.5911][2205][Info]: -1 ----0 
[11:04:52.5911][2206][Info]: -1 ----0 
[11:04:52.6031][2207][Info]: -1 ----0 
[11:04:52.6031][2208][Info]: -1 ----0 
[11:04:52.6201][2209][Info]: -1 ----0 
[11:04:52.6201][2210][Info]: -1 ----1 
[11:04:52.6351][2211][Info]: -1 ----1 
[11:04:52.6351][2212][Info]: -1 ----1 
[11:04:52.6351][2213][Info]: -1 ----1 
[11:04:52.6531][2214][Info]: -1 ----1 
[11:04:52.6531][2215][Info]: -1 ----1 
[11:04:52.6721][2216][Info]: -1 ----1 
[11:04:52.6721][2217][Info]: -1 ----1 
[11:04:52.6851][2218][Info]: -1 ----1 
[11:04:52.6851][2219][Info]: -1 ----1 
[11:04:52.7001][2220][Info]: -1 ----1 
[11:04:52.7001][2221][Info]: -1 ----1 
[11:04:52.7141][2222][Info]: -1 ----1 
[11:04:52.7141][2223][Info]: -1 ----1 
[11:04:52.7141][2224][Info]: -1 ----1 
[11:04:52.7331][2225][Info]: 0 ----1 
[11:04:52.7331][2226][Info]: 0 ----1 
[11:04:52.7451][2227][Info]: 0 ----1 
[11:04:52.7451][2228][Info]: 0 ----1 
[11:04:52.7451][2229][Info]: 0 ----1 
[11:04:52.7654][2230][Info]: 1 ----1 
[11:04:52.7754][2231][Info]: 1 ----1 
[11:04:52.7754][2232][Info]: 1 ----1 
[11:04:52.7754][2233][Info]: 1 ----1 
[11:04:52.7954][2234][Info]: 1 ----1 
[11:04:52.7954][2235][Info]: 1 ----1 
[11:04:52.8084][2236][Info]: 1 ----1 
[11:04:52.8084][2237][Info]: 1 ----1 
[11:04:52.8084][2238][Info]: 1 ----1 
[11:04:52.8284][2239][Info]: 1 ----1 
[11:04:52.8404][2240][Info]: 1 ----1 
[11:04:52.8404][2241][Info]: 1 ----1 
[11:04:52.8614][2242][Info]: 1 ----0 
[11:04:52.8864][2243][Info]: 1 ----0 
[11:04:52.8864][2244][Info]: 1 ----0 
[11:04:52.8864][2245][Info]: 1 ----0 
[11:04:52.9044][2246][Info]: 1 ----0 
[11:04:52.9044][2247][Info]: 1 ----0 
[11:04:52.9164][2248][Info]: 1 ----0 
[11:04:52.9164][2249][Info]: 1 ----0 
[11:04:52.9164][2250][Info]: 1 ----0 
[11:04:52.9354][2251][Info]: 1 ----0 
[11:04:52.9354][2252][Info]: 1 ----0 
[11:04:52.9494][2253][Info]: 1 ----0 
[11:04:52.9494][2254][Info]: 1 ----0 
[11:04:52.9494][2255][Info]: 1 ----0 
[11:04:52.9674][2256][Info]: 1 ----0 
[11:04:52.9674][2257][Info]: 1 ----0 
[11:04:52.9844][2258][Info]: 1 ----0 
[11:04:52.9844][2259][Info]: 1 ----0 
[11:04:52.9964][2260][Info]: 1 ----0 
[11:04:52.9964][2261][Info]: 1 ----0 
[11:04:53.0104][2262][Info]: 1 ----0 
[11:04:53.0104][2263][Info]: 1 ----0 
[11:04:53.0104][2264][Info]: 1 ----0 
[11:04:53.0283][2265][Info]: 1 ----0 
[11:04:53.0283][2266][Info]: 1 ----1 
[11:04:53.0433][2267][Info]: 1 ----1 
[11:04:53.0433][2268][Info]: 1 ----1 
[11:04:53.0584][2269][Info]: 1 ----1 
[11:04:53.0584][2270][Info]: 1 ----1 
[11:04:53.0584][2271][Info]: 1 ----1 
[11:04:53.0763][2272][Info]: 1 ----1 
[11:04:53.0763][2273][Info]: 1 ----1 
[11:04:53.0893][2274][Info]: 1 ----1 
[11:04:53.0893][2275][Info]: 1 ----1 
[11:04:53.0893][2276][Info]: 1 ----1 
[11:04:53.1083][2277][Info]: 1 ----1 
[11:04:53.1083][2278][Info]: 1 ----1 
[11:04:53.1223][2279][Info]: 1 ----1 
[11:04:53.1223][2280][Info]: 1 ----1 
[11:04:53.1373][2281][Info]: 1 ----1 
[11:04:53.1373][2282][Info]: 1 ----1 
[11:04:53.1373][2283][Info]: 1 ----1 
[11:04:53.1563][2284][Info]: 1 ----1 
[11:04:53.1563][2285][Info]: 0 ----1 
[11:04:53.1693][2286][Info]: 0 ----1 
[11:04:53.1693][2287][Info]: 0 ----1 
[11:04:53.1853][2288][Info]: 0 ----1 
[11:04:53.1853][2289][Info]: 0 ----1 
[11:04:53.1993][2290][Info]: 0 ----1 
[11:04:53.1993][2291][Info]: 0 ----0 
[11:04:53.2143][2292][Info]: 0 ----0 
[11:04:53.2143][2293][Info]: 0 ----0 
[11:04:53.2143][2294][Info]: 0 ----0 
[11:04:53.2333][2295][Info]: 0 ----0 
[11:04:53.2333][2296][Info]: 0 ----0 
[11:04:53.2443][2297][Info]: 0 ----0 
[11:04:53.2443][2298][Info]: 0 ----0 
[11:04:53.2443][2299][Info]: 0 ----0 
[11:04:53.2633][2300][Info]: 0 ----0 
[11:04:53.2633][2301][Info]: 0 ----0 
[11:04:53.2773][2302][Info]: 0 ----0 
[11:04:53.2773][2303][Info]: 0 ----0 
[11:04:53.2943][2304][Info]: 0 ----0 
[11:04:53.2943][2305][Info]: 0 ----0 
[11:04:53.3063][2306][Info]: 0 ----0 
[11:04:53.3063][2307][Info]: 0 ----0 
[11:04:53.3063][2308][Info]: 0 ----0 
[11:04:53.3263][2309][Info]: 0 ----0 
[11:04:53.3263][2310][Info]: 0 ----0 
[11:04:53.3392][2311][Info]: 0 ----0 
[11:04:53.3392][2312][Info]: 0 ----0 
[11:04:53.3572][2313][Info]: 0 ----1 
[11:04:53.3572][2314][Info]: 0 ----1 
[11:04:53.3722][2315][Info]: 0 ----1 
[11:04:53.3722][2316][Info]: 0 ----1 
[11:04:53.3872][2317][Info]: 0 ----1 
[11:04:53.3872][2318][Info]: 0 ----1 
[11:04:53.4012][2319][Info]: 0 ----1 
[11:04:53.4012][2320][Info]: 0 ----1 
[11:04:53.4162][2321][Info]: 0 ----1 
[11:04:53.4162][2322][Info]: 0 ----1 
[11:04:53.4162][2323][Info]: 0 ----1 
[11:04:53.4412][2324][Info]: 0 ----1 
[11:04:53.4512][2325][Info]: 0 ----1 
[11:04:53.4512][2326][Info]: 0 ----1 
[11:04:53.4702][2327][Info]: 1 ----1 
[11:04:53.4782][2328][Info]: 1 ----1 
[11:04:53.4782][2329][Info]: 1 ----1 
[11:04:53.4782][2330][Info]: 1 ----1 
[11:04:53.4991][2331][Info]: 1 ----1 
[11:04:53.4991][2332][Info]: 1 ----1 
[11:04:53.5151][2333][Info]: 1 ----0 
[11:04:53.5151][2334][Info]: 0 ----0 
[11:04:53.5331][2335][Info]: 0 ----0 
[11:04:53.5331][2336][Info]: 0 ----0 
[11:04:53.5461][2337][Info]: 0 ----0 
[11:04:53.5461][2338][Info]: 0 ----0 
[11:04:53.5592][2339][Info]: 0 ----0 
[11:04:53.5592][2340][Info]: 0 ----0 
[11:04:53.5592][2341][Info]: 0 ----0 
[11:04:53.5772][2342][Info]: 0 ----0 
[11:04:53.5772][2343][Info]: 0 ----0 
[11:04:53.5932][2344][Info]: 0 ----0 
[11:04:53.5932][2345][Info]: 0 ----0 
[11:04:53.6062][2346][Info]: 0 ----0 
[11:04:53.6062][2347][Info]: 0 ----0 
[11:04:53.6212][2348][Info]: 0 ----0 
[11:04:53.6212][2349][Info]: 0 ----0 
[11:04:53.6212][2350][Info]: 0 ----0 
[11:04:53.6402][2351][Info]: 0 ----0 
[11:04:53.6402][2352][Info]: 0 ----0 
[11:04:53.6552][2353][Info]: 0 ----1 
[11:04:53.6552][2354][Info]: 0 ----1 
[11:04:53.6691][2355][Info]: 0 ----1 
[11:04:53.6691][2356][Info]: 0 ----1 
[11:04:53.6691][2357][Info]: 0 ----1 
[11:04:53.6861][2358][Info]: 0 ----1 
[11:04:53.6861][2359][Info]: 0 ----1 
[11:04:53.7001][2360][Info]: 0 ----1 
[11:04:53.7001][2361][Info]: 0 ----1 
[11:04:53.7131][2362][Info]: 0 ----1 
[11:04:53.7131][2363][Info]: 0 ----1 
[11:04:53.7131][2364][Info]: 0 ----1 
[11:04:53.7301][2365][Info]: 0 ----1 
[11:04:53.7301][2366][Info]: 0 ----1 
[11:04:53.7301][2367][Info]: 0 ----1 
[11:04:53.7521][2368][Info]: 0 ----0 
[11:04:53.7521][2369][Info]: 0 ----0 
[11:04:53.7641][2370][Info]: 0 ----0 
[11:04:53.7641][2371][Info]: 0 ----0 
[11:04:53.7761][2372][Info]: 0 ----0 
[11:04:53.7761][2373][Info]: 0 ----0 
[11:04:53.7921][2374][Info]: 0 ----0 
[11:04:53.7921][2375][Info]: 0 ----0 
[11:04:53.8071][2376][Info]: 0 ----0 
[11:04:53.8071][2377][Info]: 0 ----0 
[11:04:53.8071][2378][Info]: 0 ----0 
[11:04:53.8261][2379][Info]: 0 ----0 
[11:04:53.8261][2380][Info]: 0 ----0 
[11:04:53.8392][2381][Info]: 0 ----0 
[11:04:53.8392][2382][Info]: 0 ----0 
[11:04:53.8392][2383][Info]: 0 ----0 
[11:04:53.8572][2384][Info]: 0 ----0 
[11:04:53.8572][2385][Info]: 0 ----0 
[11:04:53.8712][2386][Info]: 0 ----0 
[11:04:53.8712][2387][Info]: 0 ----0 
[11:04:53.8712][2388][Info]: 0 ----0 
[11:04:53.8902][2389][Info]: 0 ----0 
[11:04:53.8902][2390][Info]: 0 ----0 
[11:04:53.9042][2391][Info]: 0 ----0 
[11:04:53.9042][2392][Info]: 0 ----0 
[11:04:53.9172][2393][Info]: 0 ----0 
[11:04:53.9172][2394][Info]: 0 ----0 
[11:04:53.9172][2395][Info]: 0 ----0 
[11:04:53.9353][2396][Info]: 0 ----0 
[11:04:53.9353][2397][Info]: 0 ----0 
[11:04:53.9483][2398][Info]: 0 ----0 
[11:04:53.9483][2399][Info]: 0 ----0 
[11:04:53.9483][2400][Info]: 0 ----0 
[11:04:53.9672][2401][Info]: 0 ----0 
[11:04:53.9672][2402][Info]: 0 ----0 
[11:04:53.9792][2403][Info]: 0 ----0 
[11:04:53.9792][2404][Info]: 0 ----0 
[11:04:53.9792][2405][Info]: 0 ----0 
[11:04:53.9992][2406][Info]: 0 ----0 
[11:04:53.9992][2407][Info]: 0 ----0 
[11:04:54.0152][2408][Info]: 0 ----0 
[11:04:54.0152][2409][Info]: 0 ----0 
[11:04:54.0292][2410][Info]: 0 ----0 
[11:04:54.0292][2411][Info]: 0 ----0 
[11:04:54.0462][2412][Info]: 0 ----0 
[11:04:54.0462][2413][Info]: 0 ----0 
[11:04:54.0632][2414][Info]: 0 ----0 
[11:04:54.0632][2415][Info]: 0 ----0 
[11:04:54.0762][2416][Info]: 0 ----0 
[11:04:54.0762][2417][Info]: 0 ----0 
[11:04:54.0902][2418][Info]: 0 ----0 
[11:04:54.0902][2419][Info]: 0 ----0 
[11:04:54.1052][2420][Info]: 0 ----0 
[11:04:54.1052][2421][Info]: 0 ----0 
[11:04:54.1222][2422][Info]: 0 ----0 
[11:04:54.1222][2423][Info]: 0 ----0 
[11:04:54.1382][2424][Info]: 0 ----0 
[11:04:54.1382][2425][Info]: 0 ----0 
[11:04:54.1531][2426][Info]: 0 ----0 
[11:04:54.1531][2427][Info]: 0 ----0 
[11:04:54.1531][2428][Info]: 0 ----0 
[11:04:54.1722][2429][Info]: 0 ----0 
[11:04:54.1722][2430][Info]: 0 ----0 
[11:04:54.1851][2431][Info]: 0 ----0 
[11:04:54.1991][2432][Info]: 0 ----0 
[11:04:54.1991][2433][Info]: 0 ----0 
[11:04:54.2161][2434][Info]: 0 ----0 
[11:04:54.2161][2435][Info]: 0 ----0 
[11:04:54.2281][2436][Info]: 0 ----0 
[11:04:54.2281][2437][Info]: 0 ----0 
[11:04:54.2281][2438][Info]: 0 ----0 
[11:04:54.2471][2439][Info]: 0 ----0 
[11:04:54.2471][2440][Info]: 0 ----0 
[11:04:54.2471][2441][Info]: 0 ----0 
[11:04:54.2651][2442][Info]: 0 ----0 
[11:04:54.2651][2443][Info]: 0 ----0 
[11:04:54.2791][2444][Info]: 0 ----0 
[11:04:54.2791][2445][Info]: 0 ----0 
[11:04:54.2941][2446][Info]: 0 ----0 
[11:04:54.2941][2447][Info]: 0 ----0 
[11:04:54.2941][2448][Info]: 0 ----0 
[11:04:54.3131][2449][Info]: 0 ----0 
[11:04:54.3131][2450][Info]: 0 ----0 
[11:04:54.3251][2451][Info]: 0 ----0 
[11:04:54.3251][2452][Info]: 0 ----0 
[11:04:54.3403][2453][Info]: 0 ----0 
[11:04:54.3403][2454][Info]: 0 ----0 
[11:04:54.3533][2455][Info]: 0 ----0 
[11:04:54.3533][2456][Info]: 0 ----0 
[11:04:54.3533][2457][Info]: 0 ----0 
[11:04:54.3753][2458][Info]: 0 ----0 
[11:04:54.3753][2459][Info]: 0 ----0 
[11:04:54.3893][2460][Info]: 0 ----0 
[11:04:54.3893][2461][Info]: 0 ----0 
[11:04:54.4073][2462][Info]: 0 ----0 
[11:04:54.4073][2463][Info]: 0 ----0 
[11:04:54.4213][2464][Info]: 0 ----0 
[11:04:54.4213][2465][Info]: 0 ----0 
[11:04:54.4365][2466][Info]: 0 ----0 
[11:04:54.4365][2467][Info]: 0 ----0 
[11:04:54.4515][2468][Info]: 0 ----0 
[11:04:54.4515][2469][Info]: 0 ----0 
[11:04:54.4638][2470][Info]: 0 ----0 
[11:04:54.4638][2471][Info]: 0 ----0 
[11:04:54.4638][2472][Info]: 0 ----0 
[11:04:54.4813][2473][Info]: 0 ----0 
[11:04:54.4813][2474][Info]: 0 ----0 
[11:04:54.4813][2475][Info]: 0 ----0 
[11:04:54.5043][2476][Info]: 0 ----0 
[11:04:54.5143][2477][Info]: 0 ----0 
[11:04:54.5143][2478][Info]: 0 ----0 
[11:04:54.5273][2479][Info]: 0 ----0 
[11:04:54.5273][2480][Info]: 0 ----0 
[11:04:54.5273][2481][Info]: 0 ----0 
[11:04:54.5482][2482][Info]: 0 ----0 
[11:04:54.5562][2483][Info]: 0 ----0 
[11:04:54.5562][2484][Info]: 0 ----0 
[11:04:54.5732][2485][Info]: 0 ----0 
