[16:07:33.1206][1][Info]: enter Launch procedure 
[16:07:33.2372][1][Info]: ===>加载配置 
[16:07:35.0144][1][Info]: ===>开始解析BuffConfig 
[16:07:35.0254][1][Info]: <===解析BuffConfig完毕 
[16:07:35.0254][1][Info]: ===>开始解析SkillConfig 
[16:07:35.0504][1][Info]: <===解析SkillConfig完毕 
[16:07:35.0594][1][Info]: <===配置加载完毕 
[16:07:35.1538][2][Info]: enter Init Procedure 
[16:07:35.1728][2][Warn]: Not found awake system:<PlayerComponent> 
[16:07:38.7716][252][Info]: 登录 
[16:07:38.7806][252][Info]: 1001 
[16:07:38.7806][252][Info]: 大厅阶段 
[16:07:38.8505][253][Info]: (0.00, -0.60, 0.00)rig.velocity 
[16:07:38.8505][253][Info]: (0.00, -0.60, 0.00)ControllerUpdate 
[16:07:38.8536][253][Info]: (0.00, -1.20, 0.00)rig.velocity 
[16:07:38.8536][253][Info]: (0.00, -1.20, 0.00)ControllerUpdate 
[16:07:38.8536][253][Info]: (0.00, -1.80, 0.00)rig.velocity 
[16:07:38.8536][253][Info]: (0.00, -1.80, 0.00)ControllerUpdate 
[16:07:38.8536][253][Info]: Scene Add Entity, Current Count:1 
[16:07:38.8875][254][Info]: (0.00, -2.40, 0.00)rig.velocity 
[16:07:38.8875][254][Info]: (0.00, -2.40, 0.00)ControllerUpdate 
[16:07:38.8875][254][Info]: (0.00, -3.00, 0.00)rig.velocity 
[16:07:38.8875][254][Info]: (0.00, -3.00, 0.00)ControllerUpdate 
[16:07:38.8875][254][Info]: (0.00, -3.60, 0.00)rig.velocity 
[16:07:38.8875][254][Info]: (0.00, -3.60, 0.00)ControllerUpdate 
[16:07:38.9785][255][Info]: (0.00, 12.60, 0.00)rig.velocity 
[16:07:38.9785][255][Info]: (0.00, 0.00, 0.00)ControllerUpdate 
[16:07:39.1005][257][Info]: (0.00, 0.00, 0.00)rig.velocity 
[16:07:39.1005][257][Info]: (0.00, 0.00, 0.00)ControllerUpdate 
[16:07:39.1305][259][Info]: (0.00, 0.00, 0.00)rig.velocity 
[16:07:39.1305][259][Info]: (0.00, 0.00, 0.00)ControllerUpdate 
[16:07:39.1405][260][Info]: (0.00, 0.00, 0.00)rig.velocity 
[16:07:39.1405][260][Info]: (0.00, 0.00, 0.00)ControllerUpdate 
[16:07:39.1605][262][Info]: (0.00, 0.00, 0.00)rig.velocity 
[16:07:39.1605][262][Info]: (0.00, 0.00, 0.00)ControllerUpdate 
[16:07:39.1805][264][Info]: (0.00, 0.00, 0.00)rig.velocity 
[16:07:39.1815][264][Info]: (0.00, 0.00, 0.00)ControllerUpdate 
[16:07:39.2004][266][Info]: (0.00, 0.00, 0.00)rig.velocity 
[16:07:39.2004][266][Info]: (0.00, 0.00, 0.00)ControllerUpdate 
[16:07:39.2224][268][Info]: (0.00, 0.00, 0.00)rig.velocity 
[16:07:39.2224][268][Info]: (0.00, 0.00, 0.00)ControllerUpdate 
[16:07:39.2464][270][Info]: (0.00, 0.00, 0.00)rig.velocity 
[16:07:39.2464][270][Info]: (0.00, 0.00, 0.00)ControllerUpdate 
[16:07:39.2709][272][Info]: (0.00, 0.00, 0.00)rig.velocity 
[16:07:39.2709][272][Info]: (0.00, 0.00, 0.00)ControllerUpdate 
[16:07:39.2864][273][Info]: (0.00, 0.00, 0.00)rig.velocity 
[16:07:39.2864][273][Info]: (0.00, 0.00, 0.00)ControllerUpdate 
[16:07:39.3054][275][Info]: (0.00, 0.00, 0.00)rig.velocity 
[16:07:39.3064][275][Info]: (0.00, 0.00, 0.00)ControllerUpdate 
[16:07:39.3254][277][Info]: (0.00, 0.00, 0.00)rig.velocity 
[16:07:39.3254][277][Info]: (0.00, 0.00, 0.00)ControllerUpdate 
[16:07:39.3464][279][Info]: (0.00, 0.00, 0.00)rig.velocity 
[16:07:39.3464][279][Info]: (0.00, 0.00, 0.00)ControllerUpdate 
[16:07:39.3679][281][Info]: (0.00, 0.00, 0.00)rig.velocity 
[16:07:39.3689][281][Info]: (0.00, 0.00, 0.00)ControllerUpdate 
[16:07:39.3874][283][Info]: (0.00, 0.00, 0.00)rig.velocity 
[16:07:39.3874][283][Info]: (0.00, 0.00, 0.00)ControllerUpdate 
[16:07:39.4094][285][Info]: (0.00, 0.00, 0.00)rig.velocity 
[16:07:39.4094][285][Info]: (0.00, 0.00, 0.00)ControllerUpdate 
[16:07:39.4244][286][Info]: (0.00, 0.00, 0.00)rig.velocity 
[16:07:39.4244][286][Info]: (0.00, 0.00, 0.00)ControllerUpdate 
[16:07:39.4444][287][Info]: (0.00, 0.00, 0.00)rig.velocity 
[16:07:39.4444][287][Info]: (0.00, 0.00, 0.00)ControllerUpdate 
[16:07:39.4635][289][Info]: (0.00, 0.00, 0.00)rig.velocity 
[16:07:39.4635][289][Info]: (0.00, 0.00, 0.00)ControllerUpdate 
[16:07:39.4815][291][Info]: (0.00, 0.00, 0.00)rig.velocity 
[16:07:39.4815][291][Info]: (0.00, 0.00, 0.00)ControllerUpdate 
[16:07:39.5065][294][Info]: (0.00, 0.00, 0.00)rig.velocity 
[16:07:39.5065][294][Info]: (0.00, 0.00, 0.00)ControllerUpdate 
[16:07:39.5265][296][Info]: (0.00, 0.00, 0.00)rig.velocity 
[16:07:39.5265][296][Info]: (0.00, 0.00, 0.00)ControllerUpdate 
[16:07:39.5445][298][Info]: (0.00, 0.00, 0.00)rig.velocity 
[16:07:39.5445][298][Info]: (0.00, 0.00, 0.00)ControllerUpdate 
[16:07:39.5635][300][Info]: (0.00, 0.00, 0.00)rig.velocity 
[16:07:39.5635][300][Info]: (0.00, 0.00, 0.00)ControllerUpdate 
[16:07:39.5905][302][Info]: (0.00, 0.00, 0.00)rig.velocity 
[16:07:39.5905][302][Info]: (0.00, 0.00, 0.00)ControllerUpdate 
[16:07:39.5905][303][Info]: (0.00, 0.00, 0.00)rig.velocity 
[16:07:39.6035][303][Info]: (0.00, 0.00, 0.00)ControllerUpdate 
[16:07:39.6205][305][Info]: (0.00, 0.00, 0.00)rig.velocity 
[16:07:39.6205][305][Info]: (0.00, 0.00, 0.00)ControllerUpdate 
[16:07:39.6445][307][Info]: (0.00, 0.00, 0.00)rig.velocity 
[16:07:39.6445][307][Info]: (0.00, 0.00, 0.00)ControllerUpdate 
[16:07:39.6645][309][Info]: (0.00, 0.00, 0.00)rig.velocity 
[16:07:39.6665][309][Info]: (0.00, 0.00, 0.00)ControllerUpdate 
[16:07:39.6835][311][Info]: (0.00, 0.00, 0.00)rig.velocity 
[16:07:39.6835][311][Info]: (0.00, 0.00, 0.00)ControllerUpdate 
[16:07:39.7025][313][Info]: (0.00, 0.00, 0.00)rig.velocity 
[16:07:39.7025][313][Info]: (0.00, 0.00, 0.00)ControllerUpdate 
[16:07:39.7284][315][Info]: (0.00, 0.00, 0.00)rig.velocity 
[16:07:39.7284][315][Info]: (0.00, 0.00, 0.00)ControllerUpdate 
[16:07:39.7284][316][Info]: (0.00, 0.00, 0.00)rig.velocity 
[16:07:39.7444][316][Info]: (0.00, 0.00, 0.00)ControllerUpdate 
[16:07:39.7634][318][Info]: (0.00, 0.00, 0.00)rig.velocity 
[16:07:39.7634][318][Info]: (0.00, 0.00, 0.00)ControllerUpdate 
[16:07:39.7824][320][Info]: (0.00, 0.00, 0.00)rig.velocity 
[16:07:39.7824][320][Info]: (0.00, 0.00, 0.00)ControllerUpdate 
[16:07:39.8064][322][Info]: (0.00, 0.00, 0.00)rig.velocity 
[16:07:39.8064][322][Info]: (0.00, 0.00, 0.00)ControllerUpdate 
[16:07:39.8314][324][Info]: (0.00, 0.00, 0.00)rig.velocity 
[16:07:39.8314][324][Info]: (0.00, 0.00, 0.00)ControllerUpdate 
[16:07:39.8434][325][Info]: (0.00, 0.00, 0.00)rig.velocity 
[16:07:39.8434][325][Info]: (0.00, 0.00, 0.00)ControllerUpdate 
[16:07:39.8604][326][Info]: (0.00, 0.00, 0.00)rig.velocity 
[16:07:39.8604][326][Info]: (0.00, 0.00, 0.00)ControllerUpdate 
[16:07:39.8844][328][Info]: (0.00, 0.00, 0.00)rig.velocity 
[16:07:39.8844][328][Info]: (0.00, 0.00, 0.00)ControllerUpdate 
[16:07:39.9024][329][Info]: (0.00, 0.00, 0.00)rig.velocity 
[16:07:39.9024][329][Info]: (0.00, 0.00, 0.00)ControllerUpdate 
[16:07:39.9204][331][Info]: (0.00, 0.00, 0.00)rig.velocity 
[16:07:39.9204][331][Info]: (0.00, 0.00, 0.00)ControllerUpdate 
[16:07:39.9474][334][Info]: (0.00, 0.00, 0.00)rig.velocity 
[16:07:39.9474][334][Info]: (0.00, 0.00, 0.00)ControllerUpdate 
[16:07:39.9659][336][Info]: (0.00, 0.00, 0.00)rig.velocity 
[16:07:39.9659][336][Info]: (0.00, 0.00, 0.00)ControllerUpdate 
[16:07:39.9844][338][Info]: (0.00, 0.00, 0.00)rig.velocity 
[16:07:39.9844][338][Info]: (0.00, 0.00, 0.00)ControllerUpdate 
[16:07:40.0024][340][Info]: (0.00, 0.00, 0.00)rig.velocity 
[16:07:40.0024][340][Info]: (0.00, 0.00, 0.00)ControllerUpdate 
[16:07:40.0204][342][Info]: (0.00, 0.00, 0.00)rig.velocity 
[16:07:40.0204][342][Info]: (0.00, 0.00, 0.00)ControllerUpdate 
[16:07:40.0444][344][Info]: (0.00, 0.00, 0.00)rig.velocity 
[16:07:40.0444][344][Info]: (0.00, 0.00, 0.00)ControllerUpdate 
[16:07:40.0644][345][Info]: (0.00, 0.00, 0.00)rig.velocity 
[16:07:40.0644][345][Info]: (0.00, 0.00, 0.00)ControllerUpdate 
[16:07:40.0864][347][Info]: (0.00, 0.00, 0.00)rig.velocity 
[16:07:40.0874][347][Info]: (0.00, 0.00, 0.00)ControllerUpdate 
[16:07:40.1054][349][Info]: (0.00, 0.00, 0.00)rig.velocity 
[16:07:40.1054][349][Info]: (0.00, 0.00, 0.00)ControllerUpdate 
[16:07:40.1274][351][Info]: (0.00, 0.00, 0.00)rig.velocity 
[16:07:40.1274][351][Info]: (0.00, 0.00, 0.00)ControllerUpdate 
[16:07:40.1474][353][Info]: (0.00, 0.00, 0.00)rig.velocity 
[16:07:40.1474][353][Info]: (0.00, 0.00, 0.00)ControllerUpdate 
[16:07:40.1675][355][Info]: (0.00, 0.00, 0.00)rig.velocity 
[16:07:40.1675][355][Info]: (0.00, 0.00, 0.00)ControllerUpdate 
[16:07:40.1895][357][Info]: (0.00, 0.00, 0.00)rig.velocity 
[16:07:40.1895][357][Info]: (0.00, 0.00, 0.00)ControllerUpdate 
[16:07:40.2085][358][Info]: (0.00, 0.00, 0.00)rig.velocity 
[16:07:40.2085][358][Info]: (0.00, 0.00, 0.00)ControllerUpdate 
[16:07:40.2225][359][Info]: (0.00, 0.00, 0.00)rig.velocity 
[16:07:40.2225][359][Info]: (0.00, 0.00, 0.00)ControllerUpdate 
[16:07:40.2470][361][Info]: (0.00, 0.00, 0.00)rig.velocity 
[16:07:40.2470][361][Info]: (0.00, 0.00, 0.00)ControllerUpdate 
[16:07:40.2615][362][Info]: (0.00, 0.00, 0.00)rig.velocity 
[16:07:40.2615][362][Info]: (0.00, 0.00, 0.00)ControllerUpdate 
[16:07:40.2825][364][Info]: (0.00, 0.00, 0.00)rig.velocity 
[16:07:40.2825][364][Info]: (0.00, 0.00, 0.00)ControllerUpdate 
[16:07:40.3025][366][Info]: (0.00, 0.00, 0.00)rig.velocity 
[16:07:40.3025][366][Info]: (0.00, 0.00, 0.00)ControllerUpdate 
[16:07:40.3225][368][Info]: (0.00, 0.00, 0.00)rig.velocity 
[16:07:40.3225][368][Info]: (0.00, 0.00, 0.00)ControllerUpdate 
[16:07:40.3465][370][Info]: (0.00, 0.00, 0.00)rig.velocity 
[16:07:40.3465][370][Info]: (0.00, 0.00, 0.00)ControllerUpdate 
[16:07:40.3625][371][Info]: (0.00, 0.00, 0.00)rig.velocity 
[16:07:40.3625][371][Info]: (0.00, 0.00, 0.00)ControllerUpdate 
[16:07:40.3875][373][Info]: (0.00, 0.00, 0.00)rig.velocity 
[16:07:40.3875][373][Info]: (0.00, 0.00, 0.00)ControllerUpdate 
[16:07:40.4035][374][Info]: (0.00, 0.00, 0.00)rig.velocity 
[16:07:40.4035][374][Info]: (0.00, 0.00, 0.00)ControllerUpdate 
[16:07:40.4235][376][Info]: (0.00, 0.00, 0.00)rig.velocity 
[16:07:40.4235][376][Info]: (0.00, 0.00, 0.00)ControllerUpdate 
[16:07:40.4475][378][Info]: (0.00, 0.00, 0.00)rig.velocity 
[16:07:40.4475][378][Info]: (0.00, 0.00, 0.00)ControllerUpdate 
[16:07:40.4625][379][Info]: (0.00, 0.00, 0.00)rig.velocity 
[16:07:40.4625][379][Info]: (0.00, 0.00, 0.00)ControllerUpdate 
[16:07:40.4845][381][Info]: (0.00, 0.00, 0.00)rig.velocity 
[16:07:40.4845][381][Info]: (0.00, 0.00, 0.00)ControllerUpdate 
[16:07:40.5025][383][Info]: (0.00, 0.00, 0.00)rig.velocity 
[16:07:40.5025][383][Info]: (0.00, 0.00, 0.00)ControllerUpdate 
[16:07:40.5294][385][Info]: (0.00, 0.00, 0.00)rig.velocity 
[16:07:40.5294][385][Info]: (0.00, 0.00, 0.00)ControllerUpdate 
[16:07:40.5294][386][Info]: (0.00, 0.00, 0.00)rig.velocity 
[16:07:40.5414][386][Info]: (0.00, 0.00, 0.00)ControllerUpdate 
[16:07:40.5604][388][Info]: (0.00, 0.00, 0.00)rig.velocity 
[16:07:40.5604][388][Info]: (0.00, 0.00, 0.00)ControllerUpdate 
[16:07:40.5804][390][Info]: (0.00, 0.00, 0.00)rig.velocity 
[16:07:40.5804][390][Info]: (0.00, 0.00, 0.00)ControllerUpdate 
[16:07:40.6084][393][Info]: (0.00, 0.00, 0.00)rig.velocity 
[16:07:40.6084][393][Info]: (0.00, 0.00, 0.00)ControllerUpdate 
[16:07:40.6264][395][Info]: (0.00, 0.00, 0.00)rig.velocity 
[16:07:40.6264][395][Info]: (0.00, 0.00, 0.00)ControllerUpdate 
[16:07:40.6444][397][Info]: (0.00, 0.00, 0.00)rig.velocity 
[16:07:40.6444][397][Info]: (0.00, 0.00, 0.00)ControllerUpdate 
[16:07:40.6724][399][Info]: (0.00, 0.00, 0.00)rig.velocity 
[16:07:40.6724][399][Info]: (0.00, 0.00, 0.00)ControllerUpdate 
[16:07:40.6874][400][Info]: (0.00, 0.00, 0.00)rig.velocity 
[16:07:40.6874][400][Info]: (0.00, 0.00, 0.00)ControllerUpdate 
[16:07:40.7044][401][Info]: (0.00, 0.00, 0.00)rig.velocity 
[16:07:40.7044][401][Info]: (0.00, 0.00, 0.00)ControllerUpdate 
[16:07:40.7254][403][Info]: (0.00, 0.00, 0.00)rig.velocity 
[16:07:40.7254][403][Info]: (0.00, 0.00, 0.00)ControllerUpdate 
[16:07:40.7439][405][Info]: (0.00, 0.00, 0.00)rig.velocity 
[16:07:40.7439][405][Info]: (0.00, 0.00, 0.00)ControllerUpdate 
[16:07:40.7624][407][Info]: (0.00, 0.00, 0.00)rig.velocity 
[16:07:40.7624][407][Info]: (0.00, 0.00, 0.00)ControllerUpdate 
[16:07:40.7854][409][Info]: (0.00, 0.00, 0.00)rig.velocity 
[16:07:40.7854][409][Info]: (0.00, 0.00, 0.00)ControllerUpdate 
[16:07:40.8064][411][Info]: (0.00, 0.00, 0.00)rig.velocity 
[16:07:40.8064][411][Info]: (0.00, 0.00, 0.00)ControllerUpdate 
[16:07:40.8224][412][Info]: (0.00, 0.00, 0.00)rig.velocity 
[16:07:40.8224][412][Info]: (0.00, 0.00, 0.00)ControllerUpdate 
[16:07:40.8447][414][Info]: (0.00, 0.00, 0.00)rig.velocity 
[16:07:40.8447][414][Info]: (0.00, 0.00, 0.00)ControllerUpdate 
[16:07:40.8697][416][Info]: (0.00, 0.00, 0.00)rig.velocity 
[16:07:40.8697][416][Info]: (0.00, 0.00, 0.00)ControllerUpdate 
[16:07:40.8697][417][Info]: (0.00, 0.00, 0.00)rig.velocity 
[16:07:40.8697][417][Info]: (0.00, 0.00, 0.00)ControllerUpdate 
[16:07:40.9057][419][Info]: (0.00, 0.00, 0.00)rig.velocity 
[16:07:40.9057][419][Info]: (0.00, 0.00, 0.00)ControllerUpdate 
[16:07:40.9287][421][Info]: (0.00, 0.00, 0.00)rig.velocity 
[16:07:40.9287][421][Info]: (0.00, 0.00, 0.00)ControllerUpdate 
[16:07:40.9407][422][Info]: (0.00, 0.00, 0.00)rig.velocity 
[16:07:40.9407][422][Info]: (0.00, 0.00, 0.00)ControllerUpdate 
[16:07:40.9647][424][Info]: (0.00, 0.00, 0.00)rig.velocity 
[16:07:40.9647][424][Info]: (0.00, 0.00, 0.00)ControllerUpdate 
[16:07:40.9957][426][Info]: (0.00, 0.00, 0.00)rig.velocity 
[16:07:40.9957][426][Info]: (0.00, 0.00, 0.00)ControllerUpdate 
[16:07:41.0097][427][Info]: (0.00, 0.00, 0.00)rig.velocity 
[16:07:41.0097][427][Info]: (0.00, 0.00, 0.00)ControllerUpdate 
[16:07:41.0097][428][Info]: (0.00, 0.00, 0.00)rig.velocity 
[16:07:41.0097][428][Info]: (0.00, 0.00, 0.00)ControllerUpdate 
[16:07:41.0437][430][Info]: (0.00, 0.00, 0.00)rig.velocity 
[16:07:41.0437][430][Info]: (0.00, 0.00, 0.00)ControllerUpdate 
[16:07:41.0647][432][Info]: (0.00, 0.00, 0.00)rig.velocity 
[16:07:41.0647][432][Info]: (0.00, 0.00, 0.00)ControllerUpdate 
[16:07:41.0937][434][Info]: (0.00, 0.00, 0.00)rig.velocity 
[16:07:41.0937][434][Info]: (0.00, 0.00, 0.00)ControllerUpdate 
[16:07:41.1067][435][Info]: (0.00, 0.00, 0.00)rig.velocity 
[16:07:41.1067][435][Info]: (0.00, 0.00, 0.00)ControllerUpdate 
[16:07:41.1307][437][Info]: (0.00, 0.00, 0.00)rig.velocity 
[16:07:41.1307][437][Info]: (0.00, 0.00, 0.00)ControllerUpdate 
[16:07:41.1457][438][Info]: (0.00, 0.00, 0.00)rig.velocity 
[16:07:41.1457][438][Info]: (0.00, 0.00, 0.00)ControllerUpdate 
[16:07:41.1656][440][Info]: (0.00, 0.00, 0.00)rig.velocity 
[16:07:41.1656][440][Info]: (0.00, 0.00, 0.00)ControllerUpdate 
[16:07:41.1856][442][Info]: (0.00, 0.00, 0.00)rig.velocity 
[16:07:41.1856][442][Info]: (0.00, 0.00, 0.00)ControllerUpdate 
[16:07:41.2056][444][Info]: (0.00, 0.00, 0.00)rig.velocity 
[16:07:41.2056][444][Info]: (0.00, 0.00, 0.00)ControllerUpdate 
[16:07:41.2236][446][Info]: (0.00, 0.00, 0.00)rig.velocity 
[16:07:41.2236][446][Info]: (0.00, 0.00, 0.00)ControllerUpdate 
[16:07:41.2416][448][Info]: (0.00, 0.00, 0.00)rig.velocity 
[16:07:41.2416][448][Info]: (0.00, 0.00, 0.00)ControllerUpdate 
[16:07:41.2616][450][Info]: (0.00, 0.00, 0.00)rig.velocity 
[16:07:41.2616][450][Info]: (0.00, 0.00, 0.00)ControllerUpdate 
[16:07:41.2876][452][Info]: (0.00, 0.00, 0.00)rig.velocity 
[16:07:41.2876][452][Info]: (0.00, 0.00, 0.00)ControllerUpdate 
[16:07:41.3026][453][Info]: (0.00, 0.00, 0.00)rig.velocity 
[16:07:41.3026][453][Info]: (0.00, 0.00, 0.00)ControllerUpdate 
[16:07:41.3216][455][Info]: (0.00, 0.00, 0.00)rig.velocity 
[16:07:41.3226][455][Info]: (0.00, 0.00, 0.00)ControllerUpdate 
[16:07:41.3476][458][Info]: (0.00, 0.00, 0.00)rig.velocity 
[16:07:41.3476][458][Info]: (0.00, 0.00, 0.00)ControllerUpdate 
[16:07:41.3666][460][Info]: (0.00, 0.00, 0.00)rig.velocity 
[16:07:41.3666][460][Info]: (0.00, 0.00, 0.00)ControllerUpdate 
[16:07:41.3846][462][Info]: (0.00, 0.00, 0.00)rig.velocity 
[16:07:41.3846][462][Info]: (0.00, 0.00, 0.00)ControllerUpdate 
[16:07:41.4046][464][Info]: (0.00, 0.00, 0.00)rig.velocity 
[16:07:41.4046][464][Info]: (0.00, 0.00, 0.00)ControllerUpdate 
[16:07:41.4256][466][Info]: (0.00, 0.00, 0.00)rig.velocity 
[16:07:41.4256][466][Info]: (0.00, 0.00, 0.00)ControllerUpdate 
[16:07:41.4416][467][Info]: (0.00, 0.00, 0.00)rig.velocity 
[16:07:41.4416][467][Info]: (0.00, 0.00, 0.00)ControllerUpdate 
[16:07:41.4636][469][Info]: (0.00, 0.00, 0.00)rig.velocity 
[16:07:41.4636][469][Info]: (0.00, 0.00, 0.00)ControllerUpdate 
[16:07:41.4855][471][Info]: (0.00, 0.00, 0.00)rig.velocity 
[16:07:41.4855][471][Info]: (0.00, 0.00, 0.00)ControllerUpdate 
[16:07:41.5045][473][Info]: (0.00, 0.00, 0.00)rig.velocity 
[16:07:41.5045][473][Info]: (0.00, 0.00, 0.00)ControllerUpdate 
[16:07:41.5225][474][Info]: (0.00, 0.00, 0.00)rig.velocity 
[16:07:41.5225][474][Info]: (0.00, 0.00, 0.00)ControllerUpdate 
[16:07:41.5495][476][Info]: (0.00, 0.00, 0.00)rig.velocity 
[16:07:41.5495][476][Info]: (0.00, 0.00, 0.00)ControllerUpdate 
[16:07:41.5755][477][Info]: (0.00, 0.00, 0.00)rig.velocity 
[16:07:41.5755][477][Info]: (0.00, 0.00, 0.00)ControllerUpdate 
[16:07:41.5895][478][Info]: (0.00, 0.00, 0.00)rig.velocity 
[16:07:41.5895][478][Info]: (0.00, 0.00, 0.00)ControllerUpdate 
[16:07:41.6045][479][Info]: (0.00, 0.00, 0.00)rig.velocity 
[16:07:41.6045][479][Info]: (0.00, 0.00, 0.00)ControllerUpdate 
[16:07:41.6275][481][Info]: (0.00, 0.00, 0.00)rig.velocity 
[16:07:41.6275][481][Info]: (0.00, 0.00, 0.00)ControllerUpdate 
[16:07:41.6475][483][Info]: (0.00, 0.00, 0.00)rig.velocity 
[16:07:41.6475][483][Info]: (0.00, 0.00, 0.00)ControllerUpdate 
[16:07:41.6655][485][Info]: (0.00, 0.00, 0.00)rig.velocity 
[16:07:41.6665][485][Info]: (0.00, 0.00, 0.00)ControllerUpdate 
[16:07:41.6895][487][Info]: (0.00, 0.00, 0.00)rig.velocity 
[16:07:41.6895][487][Info]: (0.00, 0.00, 0.00)ControllerUpdate 
[16:07:41.7005][488][Info]: (0.00, 0.00, 0.00)rig.velocity 
[16:07:41.7005][488][Info]: (0.00, 0.00, 0.00)ControllerUpdate 
[16:07:41.7205][490][Info]: (0.00, 0.00, 0.00)rig.velocity 
[16:07:41.7205][490][Info]: (0.00, 0.00, 0.00)ControllerUpdate 
[16:07:41.7475][493][Info]: (0.00, 0.00, 0.00)rig.velocity 
[16:07:41.7475][493][Info]: (0.00, 0.00, 0.00)ControllerUpdate 
[16:07:41.7615][494][Info]: (0.00, 0.00, 0.00)rig.velocity 
[16:07:41.7615][494][Info]: (0.00, 0.00, 0.00)ControllerUpdate 
[16:07:41.7835][496][Info]: (0.00, 0.00, 0.00)rig.velocity 
[16:07:41.7835][496][Info]: (0.00, 0.00, 0.00)ControllerUpdate 
[16:07:41.8014][498][Info]: (0.00, 0.00, 0.00)rig.velocity 
[16:07:41.8014][498][Info]: (0.00, 0.00, 0.00)ControllerUpdate 
[16:07:41.8204][500][Info]: (0.00, 0.00, 0.00)rig.velocity 
[16:07:41.8204][500][Info]: (0.00, 0.00, 0.00)ControllerUpdate 
[16:07:41.8454][503][Info]: (0.00, 0.00, 0.00)rig.velocity 
[16:07:41.8454][503][Info]: (0.00, 0.00, 0.00)ControllerUpdate 
[16:07:41.8654][505][Info]: (0.00, 0.00, 0.00)rig.velocity 
[16:07:41.8654][505][Info]: (0.00, 0.00, 0.00)ControllerUpdate 
[16:07:41.8828][507][Info]: (0.00, 0.00, 0.00)rig.velocity 
[16:07:41.8848][507][Info]: (0.00, 0.00, 0.00)ControllerUpdate 
[16:07:41.9118][509][Info]: (0.00, 0.00, 0.00)rig.velocity 
[16:07:41.9118][509][Info]: (0.00, 0.00, 0.00)ControllerUpdate 
[16:07:41.9258][510][Info]: (0.00, 0.00, 0.00)rig.velocity 
[16:07:41.9258][510][Info]: (0.00, 0.00, 0.00)ControllerUpdate 
[16:07:41.9448][512][Info]: (0.00, 0.00, 0.00)rig.velocity 
[16:07:41.9448][512][Info]: (0.00, 0.00, 0.00)ControllerUpdate 
[16:07:41.9628][514][Info]: (0.00, 0.00, 0.00)rig.velocity 
[16:07:41.9628][514][Info]: (0.00, 0.00, 0.00)ControllerUpdate 
[16:07:41.9808][516][Info]: (0.00, 0.00, 0.00)rig.velocity 
[16:07:41.9808][516][Info]: (0.00, 0.00, 0.00)ControllerUpdate 
[16:07:42.0078][519][Info]: (0.00, 0.00, 0.00)rig.velocity 
[16:07:42.0078][519][Info]: (0.00, 0.00, 0.00)ControllerUpdate 
[16:07:42.0278][521][Info]: (0.00, 0.00, 0.00)rig.velocity 
[16:07:42.0278][521][Info]: (0.00, 0.00, 0.00)ControllerUpdate 
[16:07:42.0458][523][Info]: (0.00, 0.00, 0.00)rig.velocity 
[16:07:42.0458][523][Info]: (0.00, 0.00, 0.00)ControllerUpdate 
[16:07:42.0688][525][Info]: (0.00, 0.00, 0.00)rig.velocity 
[16:07:42.0688][525][Info]: (0.00, 0.00, 0.00)ControllerUpdate 
[16:07:42.0828][526][Info]: (0.00, 0.00, 0.00)rig.velocity 
[16:07:42.0828][526][Info]: (0.00, 0.00, 0.00)ControllerUpdate 
[16:07:42.1058][528][Info]: (0.00, 0.00, 0.00)rig.velocity 
[16:07:42.1058][528][Info]: (0.00, 0.00, 0.00)ControllerUpdate 
[16:07:42.1258][530][Info]: (0.00, 0.00, 0.00)rig.velocity 
[16:07:42.1258][530][Info]: (0.00, 0.00, 0.00)ControllerUpdate 
[16:07:42.1457][532][Info]: (0.00, 0.00, 0.00)rig.velocity 
[16:07:42.1457][532][Info]: (0.00, 0.00, 0.00)ControllerUpdate 
[16:07:42.1647][534][Info]: (0.00, 0.00, 0.00)rig.velocity 
[16:07:42.1657][534][Info]: (0.00, 0.00, 0.00)ControllerUpdate 
[16:07:42.1837][536][Info]: (0.00, 0.00, 0.00)rig.velocity 
[16:07:42.1837][536][Info]: (0.00, 0.00, 0.00)ControllerUpdate 
[16:07:42.2027][538][Info]: (0.00, 0.00, 0.00)rig.velocity 
[16:07:42.2027][538][Info]: (0.00, 0.00, 0.00)ControllerUpdate 
[16:07:42.2287][540][Info]: (0.00, 0.00, 0.00)rig.velocity 
[16:07:42.2287][540][Info]: (0.00, 0.00, 0.00)ControllerUpdate 
[16:07:42.2287][541][Info]: (0.00, 0.00, 0.00)rig.velocity 
[16:07:42.2447][541][Info]: (0.00, 0.00, 0.00)ControllerUpdate 
[16:07:42.2627][543][Info]: (0.00, 0.00, 0.00)rig.velocity 
[16:07:42.2627][543][Info]: (0.00, 0.00, 0.00)ControllerUpdate 
[16:07:42.2837][545][Info]: (0.00, 0.00, 0.00)rig.velocity 
[16:07:42.2837][545][Info]: (0.00, 0.00, 0.00)ControllerUpdate 
[16:07:42.3077][547][Info]: (0.00, 0.00, 0.00)rig.velocity 
[16:07:42.3077][547][Info]: (0.00, 0.00, 0.00)ControllerUpdate 
[16:07:42.3277][549][Info]: (0.00, 0.00, 0.00)rig.velocity 
[16:07:42.3277][549][Info]: (0.00, 0.00, 0.00)ControllerUpdate 
[16:07:42.3477][551][Info]: (0.00, 0.00, 0.00)rig.velocity 
[16:07:42.3477][551][Info]: (0.00, 0.00, 0.00)ControllerUpdate 
[16:07:42.3677][553][Info]: (0.00, 0.00, 0.00)rig.velocity 
[16:07:42.3687][553][Info]: (0.00, 0.00, 0.00)ControllerUpdate 
[16:07:42.3687][554][Info]: (0.00, 0.00, 0.00)rig.velocity 
[16:07:42.3687][554][Info]: (0.00, 0.00, 0.00)ControllerUpdate 
[16:07:42.4047][556][Info]: (0.00, 0.00, 0.00)rig.velocity 
[16:07:42.4047][556][Info]: (0.00, 0.00, 0.00)ControllerUpdate 
[16:07:42.4227][558][Info]: (0.00, 0.00, 0.00)rig.velocity 
[16:07:42.4227][558][Info]: (0.00, 0.00, 0.00)ControllerUpdate 
[16:07:42.4447][560][Info]: (0.00, 0.00, 0.00)rig.velocity 
[16:07:42.4447][560][Info]: (0.00, 0.00, 0.00)ControllerUpdate 
[16:07:42.4676][562][Info]: (0.00, 0.00, 0.00)rig.velocity 
[16:07:42.4676][562][Info]: (0.00, 0.00, 0.00)ControllerUpdate 
[16:07:42.4856][564][Info]: (0.00, 0.00, 0.00)rig.velocity 
[16:07:42.4856][564][Info]: (0.00, 0.00, 0.00)ControllerUpdate 
[16:07:42.5076][566][Info]: (0.00, 0.00, 0.00)rig.velocity 
[16:07:42.5076][566][Info]: (0.00, 0.00, 0.00)ControllerUpdate 
[16:07:42.5316][568][Info]: (0.00, 0.00, 0.00)rig.velocity 
[16:07:42.5316][568][Info]: (0.00, 0.00, 0.00)ControllerUpdate 
[16:07:42.5456][569][Info]: (0.00, 0.00, 0.00)rig.velocity 
[16:07:42.5456][569][Info]: (0.00, 0.00, 0.00)ControllerUpdate 
[16:07:43.5448][569][Info]: Scene Remove Entity, Current Count:0 
[16:07:43.5448][569][Info]: Scene Add Entity, Current Count:1 
[16:07:43.6618][570][Info]: (0.00, 0.00, 0.00)rig.velocity 
[16:07:43.6618][570][Info]: (0.00, 0.00, 0.00)ControllerUpdate 
[16:07:43.6618][570][Info]: (0.00, 0.00, 0.00)rig.velocity 
[16:07:43.6658][570][Info]: (0.00, 0.00, 0.00)ControllerUpdate 
[16:07:43.6658][570][Info]: (0.00, 0.00, 0.00)rig.velocity 
[16:07:43.6658][570][Info]: (0.00, 0.00, 0.00)ControllerUpdate 
[16:07:43.6658][570][Info]: (0.00, 0.00, 0.00)rig.velocity 
[16:07:43.6658][570][Info]: (0.00, 0.00, 0.00)ControllerUpdate 
[16:07:43.6658][570][Info]: (0.00, 0.00, 0.00)rig.velocity 
[16:07:43.6658][570][Info]: (0.00, 0.00, 0.00)ControllerUpdate 
[16:07:43.6658][570][Info]: (0.00, 0.00, 0.00)rig.velocity 
[16:07:43.6658][570][Info]: (0.00, 0.00, 0.00)ControllerUpdate 
[16:07:43.6658][570][Info]: (0.00, 0.00, 0.00)rig.velocity 
[16:07:43.6658][570][Info]: (0.00, 0.00, 0.00)ControllerUpdate 
[16:07:43.6658][570][Info]: (0.00, 0.00, 0.00)rig.velocity 
[16:07:43.6658][570][Info]: (0.00, 0.00, 0.00)ControllerUpdate 
[16:07:43.6658][570][Info]: (0.00, 0.00, 0.00)rig.velocity 
[16:07:43.6658][570][Info]: (0.00, 0.00, 0.00)ControllerUpdate 
[16:07:43.6818][570][Info]: (0.00, 0.00, 0.00)rig.velocity 
[16:07:43.6818][570][Info]: (0.00, 0.00, 0.00)ControllerUpdate 
[16:07:43.6818][570][Info]: (0.00, 0.00, 0.00)rig.velocity 
[16:07:43.6818][570][Info]: (0.00, 0.00, 0.00)ControllerUpdate 
[16:07:43.6818][570][Info]: (0.00, 0.00, 0.00)rig.velocity 
[16:07:43.6818][570][Info]: (0.00, 0.00, 0.00)ControllerUpdate 
[16:07:43.6818][570][Info]: (0.00, 0.00, 0.00)rig.velocity 
[16:07:43.6818][570][Info]: (0.00, 0.00, 0.00)ControllerUpdate 
[16:07:43.6818][570][Info]: (0.00, 0.00, 0.00)rig.velocity 
[16:07:43.6818][570][Info]: (0.00, 0.00, 0.00)ControllerUpdate 
[16:07:43.6818][570][Info]: (0.00, 0.00, 0.00)rig.velocity 
[16:07:43.6818][570][Info]: (0.00, 0.00, 0.00)ControllerUpdate 
[16:07:43.6818][570][Info]: (0.00, 0.00, 0.00)rig.velocity 
[16:07:43.6818][570][Info]: (0.00, 0.00, 0.00)ControllerUpdate 
[16:07:43.8387][571][Info]: (0.00, 0.00, 0.00)rig.velocity 
[16:07:43.8387][571][Info]: (0.00, 0.00, 0.00)ControllerUpdate 
[16:07:43.8387][571][Info]: (0.00, 0.00, 0.00)rig.velocity 
[16:07:43.8387][571][Info]: (0.00, 0.00, 0.00)ControllerUpdate 
[16:07:43.8387][571][Info]: (0.00, 0.00, 0.00)rig.velocity 
[16:07:43.8387][571][Info]: (0.00, 0.00, 0.00)ControllerUpdate 
[16:07:43.8387][571][Info]: (0.00, 0.00, 0.00)rig.velocity 
[16:07:43.8387][571][Info]: (0.00, 0.00, 0.00)ControllerUpdate 
[16:07:43.8387][571][Info]: (0.00, 0.00, 0.00)rig.velocity 
[16:07:43.8387][571][Info]: (0.00, 0.00, 0.00)ControllerUpdate 
[16:07:43.9787][573][Info]: (0.00, 0.00, 0.00)rig.velocity 
[16:07:43.9787][573][Info]: (0.00, 0.00, 0.00)ControllerUpdate 
[16:07:44.0037][575][Info]: (0.00, 0.00, 0.00)rig.velocity 
[16:07:44.0037][575][Info]: (0.00, 0.00, 0.00)ControllerUpdate 
[16:07:44.0247][577][Info]: (0.00, 0.00, 0.00)rig.velocity 
[16:07:44.0257][577][Info]: (0.00, 0.00, 0.00)ControllerUpdate 
[16:07:44.0446][579][Info]: (0.00, 0.00, 0.00)rig.velocity 
[16:07:44.0446][579][Info]: (0.00, 0.00, 0.00)ControllerUpdate 
[16:07:44.0676][581][Info]: (0.00, 0.00, 0.00)rig.velocity 
[16:07:44.0676][581][Info]: (0.00, 0.00, 0.00)ControllerUpdate 
[16:07:44.0816][582][Info]: (0.00, 0.00, 0.00)rig.velocity 
[16:07:44.0816][582][Info]: (0.00, 0.00, 0.00)ControllerUpdate 
[16:07:44.1006][584][Info]: (0.00, 0.00, 0.00)rig.velocity 
[16:07:44.1006][584][Info]: (0.00, 0.00, 0.00)ControllerUpdate 
[16:07:44.1236][586][Info]: (0.00, 0.00, 0.00)rig.velocity 
[16:07:44.1236][586][Info]: (0.00, 0.00, 0.00)ControllerUpdate 
[16:07:44.1426][588][Info]: (0.00, 0.00, 0.00)rig.velocity 
[16:07:44.1426][588][Info]: (0.00, 0.00, 0.00)ControllerUpdate 
[16:07:44.1626][590][Info]: (0.00, 0.00, 0.00)rig.velocity 
[16:07:44.1626][590][Info]: (0.00, 0.00, 0.00)ControllerUpdate 
[16:07:44.1826][592][Info]: (0.00, 0.00, 0.00)rig.velocity 
[16:07:44.1826][592][Info]: (0.00, 0.00, 0.00)ControllerUpdate 
[16:07:44.2016][594][Info]: (0.00, 0.00, 0.00)rig.velocity 
[16:07:44.2016][594][Info]: (0.00, 0.00, 0.00)ControllerUpdate 
[16:07:44.2246][596][Info]: (0.00, 0.00, 0.00)rig.velocity 
[16:07:44.2246][596][Info]: (0.00, 0.00, 0.00)ControllerUpdate 
[16:07:44.2406][597][Info]: (0.00, 0.00, 0.00)rig.velocity 
[16:07:44.2406][597][Info]: (0.00, 0.00, 0.00)ControllerUpdate 
[16:07:44.2595][599][Info]: (0.00, 0.00, 0.00)rig.velocity 
[16:07:44.2595][599][Info]: (0.00, 0.00, 0.00)ControllerUpdate 
[16:07:44.2845][601][Info]: (0.00, 0.00, 0.00)rig.velocity 
[16:07:44.2845][601][Info]: (0.00, 0.00, 0.00)ControllerUpdate 
[16:07:44.3035][603][Info]: (0.00, 0.00, 0.00)rig.velocity 
[16:07:44.3035][603][Info]: (0.00, 0.00, 0.00)ControllerUpdate 
[16:07:44.3195][604][Info]: (0.00, 0.00, 0.00)rig.velocity 
[16:07:44.3195][604][Info]: (0.00, 0.00, 0.00)ControllerUpdate 
[16:07:44.3385][606][Info]: (0.00, 0.00, 0.00)rig.velocity 
[16:07:44.3385][606][Info]: (0.00, 0.00, 0.00)ControllerUpdate 
[16:07:44.3585][608][Info]: (0.00, 0.00, 0.00)rig.velocity 
[16:07:44.3585][608][Info]: (0.00, 0.00, 0.00)ControllerUpdate 
[16:07:44.3835][610][Info]: (0.00, 0.00, 0.00)rig.velocity 
[16:07:44.3845][610][Info]: (0.00, 0.00, 0.00)ControllerUpdate 
[16:07:44.3845][611][Info]: (0.00, 0.00, 0.00)rig.velocity 
[16:07:44.4005][611][Info]: (0.00, 0.00, 0.00)ControllerUpdate 
[16:07:44.4195][613][Info]: (0.00, 0.00, 0.00)rig.velocity 
[16:07:44.4195][613][Info]: (0.00, 0.00, 0.00)ControllerUpdate 
[16:07:44.4385][615][Info]: (0.00, 0.00, 0.00)rig.velocity 
[16:07:44.4385][615][Info]: (0.00, 0.00, 0.00)ControllerUpdate 
[16:07:44.4575][617][Info]: (0.00, 0.00, 0.00)rig.velocity 
[16:07:44.4575][617][Info]: (0.00, 0.00, 0.00)ControllerUpdate 
[16:07:44.4775][619][Info]: (0.00, 0.00, 0.00)rig.velocity 
[16:07:44.4785][619][Info]: (0.00, 0.00, 0.00)ControllerUpdate 
[16:07:44.5055][622][Info]: (0.00, 0.00, 0.00)rig.velocity 
[16:07:44.5055][622][Info]: (0.00, 0.00, 0.00)ControllerUpdate 
[16:07:44.5205][623][Info]: (0.00, 0.00, 0.00)rig.velocity 
[16:07:44.5205][623][Info]: (0.00, 0.00, 0.00)ControllerUpdate 
[16:07:44.5495][625][Info]: (0.00, 0.00, 0.00)rig.velocity 
[16:07:44.5495][625][Info]: (0.00, 0.00, 0.00)ControllerUpdate 
[16:07:44.5595][626][Info]: (0.00, 0.00, 0.00)rig.velocity 
[16:07:44.5595][626][Info]: (0.00, 0.00, 0.00)ControllerUpdate 
[16:07:44.5794][628][Info]: (0.00, 0.00, 0.00)rig.velocity 
[16:07:44.5794][628][Info]: (0.00, 0.00, 0.00)ControllerUpdate 
[16:07:44.5994][630][Info]: (0.00, 0.00, 0.00)rig.velocity 
[16:07:44.5994][630][Info]: (0.00, 0.00, 0.00)ControllerUpdate 
[16:07:44.6194][632][Info]: (0.00, 0.00, 0.00)rig.velocity 
[16:07:44.6194][632][Info]: (0.00, 0.00, 0.00)ControllerUpdate 
[16:07:44.6384][634][Info]: (0.00, 0.00, 0.00)rig.velocity 
[16:07:44.6384][634][Info]: (0.00, 0.00, 0.00)ControllerUpdate 
[16:07:44.6574][636][Info]: (0.00, 0.00, 0.00)rig.velocity 
[16:07:44.6574][636][Info]: (0.00, 0.00, 0.00)ControllerUpdate 
[16:07:44.6904][639][Info]: (0.00, 0.00, 0.00)rig.velocity 
[16:07:44.6904][639][Info]: (0.00, 0.00, 0.00)ControllerUpdate 
[16:07:44.7064][640][Info]: (0.00, 0.00, 0.00)rig.velocity 
[16:07:44.7064][640][Info]: (0.00, 0.00, 0.00)ControllerUpdate 
[16:07:44.7214][641][Info]: (0.00, 0.00, 0.00)rig.velocity 
[16:07:44.7214][641][Info]: (0.00, 0.00, 0.00)ControllerUpdate 
[16:07:44.7404][643][Info]: (0.00, 0.00, 0.00)rig.velocity 
[16:07:44.7404][643][Info]: (0.00, 0.00, 0.00)ControllerUpdate 
[16:07:44.7596][645][Info]: (0.00, 0.00, 0.00)rig.velocity 
[16:07:44.7596][645][Info]: (0.00, 0.00, 0.00)ControllerUpdate 
[16:07:44.7786][647][Info]: (0.00, 0.00, 0.00)rig.velocity 
[16:07:44.7786][647][Info]: (0.00, 0.00, 0.00)ControllerUpdate 
[16:07:44.7986][649][Info]: (0.00, 0.00, 0.00)rig.velocity 
[16:07:44.7986][649][Info]: (0.00, 0.00, 0.00)ControllerUpdate 
[16:07:44.8186][651][Info]: (0.00, 0.00, 0.00)rig.velocity 
[16:07:44.8186][651][Info]: (0.00, 0.00, 0.00)ControllerUpdate 
[16:07:44.8426][653][Info]: (0.00, 0.00, 0.00)rig.velocity 
[16:07:44.8426][653][Info]: (0.00, 0.00, 0.00)ControllerUpdate 
[16:07:44.8656][655][Info]: (0.00, 0.00, 0.00)rig.velocity 
[16:07:44.8656][655][Info]: (0.00, 0.00, 0.00)ControllerUpdate 
[16:07:44.8846][657][Info]: (0.00, 0.00, 0.00)rig.velocity 
[16:07:44.8846][657][Info]: (0.00, 0.00, 0.00)ControllerUpdate 
[16:07:44.9036][659][Info]: (0.00, 0.00, 0.00)rig.velocity 
[16:07:44.9036][659][Info]: (0.00, 0.00, 0.00)ControllerUpdate 
[16:07:44.9286][661][Info]: (0.00, 0.00, 0.00)rig.velocity 
[16:07:44.9286][661][Info]: (0.00, 0.00, 0.00)ControllerUpdate 
[16:07:44.9415][662][Info]: (0.00, 0.00, 0.00)rig.velocity 
[16:07:44.9415][662][Info]: (0.00, 0.00, 0.00)ControllerUpdate 
[16:07:44.9605][664][Info]: (0.00, 0.00, 0.00)rig.velocity 
[16:07:44.9605][664][Info]: (0.00, 0.00, 0.00)ControllerUpdate 
[16:07:44.9815][666][Info]: (0.00, 0.00, 0.00)rig.velocity 
[16:07:44.9815][666][Info]: (0.00, 0.00, 0.00)ControllerUpdate 
[16:07:44.9975][667][Info]: (0.00, 0.00, 0.00)rig.velocity 
[16:07:44.9975][667][Info]: (0.00, 0.00, 0.00)ControllerUpdate 
[16:07:45.0225][669][Info]: (0.00, 0.00, 0.00)rig.velocity 
[16:07:45.0225][669][Info]: (0.00, 0.00, 0.00)ControllerUpdate 
[16:07:45.0435][671][Info]: (0.00, 0.00, 0.00)rig.velocity 
[16:07:45.0435][671][Info]: (0.00, 0.00, 0.00)ControllerUpdate 
[16:07:45.0625][673][Info]: (0.00, 0.00, 0.00)rig.velocity 
[16:07:45.0625][673][Info]: (0.00, 0.00, 0.00)ControllerUpdate 
[16:07:45.0835][675][Info]: (0.00, 0.00, 0.00)rig.velocity 
[16:07:45.0835][675][Info]: (0.00, 0.00, 0.00)ControllerUpdate 
[16:07:45.1025][677][Info]: (0.00, 0.00, 0.00)rig.velocity 
[16:07:45.1035][677][Info]: (0.00, 0.00, 0.00)ControllerUpdate 
[16:07:45.1235][679][Info]: (0.00, 0.00, 0.00)rig.velocity 
[16:07:45.1235][679][Info]: (0.00, 0.00, 0.00)ControllerUpdate 
[16:07:45.1385][680][Info]: (0.00, 0.00, 0.00)rig.velocity 
[16:07:45.1385][680][Info]: (0.00, 0.00, 0.00)ControllerUpdate 
[16:07:45.1665][682][Info]: (0.00, 0.00, 0.00)rig.velocity 
[16:07:45.1665][682][Info]: (0.00, 0.00, 0.00)ControllerUpdate 
[16:07:45.1665][683][Info]: (0.00, 0.00, 0.00)rig.velocity 
[16:07:45.1665][683][Info]: (0.00, 0.00, 0.00)ControllerUpdate 
[16:07:45.2055][686][Info]: (0.00, 0.00, 0.00)rig.velocity 
[16:07:45.2055][686][Info]: (0.00, 0.00, 0.00)ControllerUpdate 
[16:07:45.2255][688][Info]: (0.00, 0.00, 0.00)rig.velocity 
[16:07:45.2255][688][Info]: (0.00, 0.00, 0.00)ControllerUpdate 
[16:07:45.2444][690][Info]: (0.00, 0.00, 0.00)rig.velocity 
[16:07:45.2444][690][Info]: (0.00, 0.00, 0.00)ControllerUpdate 
[16:07:45.2644][692][Info]: (0.00, 0.00, 0.00)rig.velocity 
[16:07:45.2644][692][Info]: (0.00, 0.00, 0.00)ControllerUpdate 
[16:07:45.2834][694][Info]: (0.00, 0.00, 0.00)rig.velocity 
[16:07:45.2834][694][Info]: (0.00, 0.00, 0.00)ControllerUpdate 
[16:07:45.3084][696][Info]: (0.00, 0.00, 0.00)rig.velocity 
[16:07:45.3084][696][Info]: (0.00, 0.00, 0.00)ControllerUpdate 
[16:07:45.3239][697][Info]: (0.00, 0.00, 0.00)rig.velocity 
[16:07:45.3239][697][Info]: (0.00, 0.00, 0.00)ControllerUpdate 
[16:07:45.3389][698][Info]: (0.00, 0.00, 0.00)rig.velocity 
[16:07:45.3389][698][Info]: (0.00, 0.00, 0.00)ControllerUpdate 
[16:07:45.3584][700][Info]: (0.00, 0.00, 0.00)rig.velocity 
[16:07:45.3584][700][Info]: (0.00, 0.00, 0.00)ControllerUpdate 
[16:07:45.3776][702][Info]: (0.00, 0.00, 0.00)rig.velocity 
[16:07:45.3776][702][Info]: (0.00, 0.00, 0.00)ControllerUpdate 
[16:07:45.3976][704][Info]: (0.00, 0.00, 0.00)rig.velocity 
[16:07:45.3976][704][Info]: (0.00, 0.00, 0.00)ControllerUpdate 
[16:07:45.4236][707][Info]: (0.00, 0.00, 0.00)rig.velocity 
[16:07:45.4236][707][Info]: (0.00, 0.00, 0.00)ControllerUpdate 
[16:07:45.4446][709][Info]: (0.00, 0.00, 0.00)rig.velocity 
[16:07:45.4446][709][Info]: (0.00, 0.00, 0.00)ControllerUpdate 
[16:07:45.4676][711][Info]: (0.00, 0.00, 0.00)rig.velocity 
[16:07:45.4676][711][Info]: (0.00, 0.00, 0.00)ControllerUpdate 
[16:07:45.4826][712][Info]: (0.00, 0.00, 0.00)rig.velocity 
[16:07:45.4826][712][Info]: (0.00, 0.00, 0.00)ControllerUpdate 
[16:07:45.5026][714][Info]: (0.00, 0.00, 0.00)rig.velocity 
[16:07:45.5026][714][Info]: (0.00, 0.00, 0.00)ControllerUpdate 
[16:07:45.5215][716][Info]: (0.00, 0.00, 0.00)rig.velocity 
[16:07:45.5215][716][Info]: (0.00, 0.00, 0.00)ControllerUpdate 
[16:07:45.5452][718][Info]: (0.00, 0.00, 0.00)rig.velocity 
[16:07:45.5452][718][Info]: (0.00, 0.00, 0.00)ControllerUpdate 
[16:07:45.5656][720][Info]: (0.00, 0.00, 0.00)rig.velocity 
[16:07:45.5656][720][Info]: (0.00, 0.00, 0.00)ControllerUpdate 
[16:07:45.5836][722][Info]: (0.00, 0.00, 0.00)rig.velocity 
[16:07:45.5836][722][Info]: (0.00, 0.00, 0.00)ControllerUpdate 
[16:07:45.6036][724][Info]: (0.00, 0.00, 0.00)rig.velocity 
[16:07:45.6036][724][Info]: (0.00, 0.00, 0.00)ControllerUpdate 
[16:07:45.6286][726][Info]: (0.00, 0.00, 0.00)rig.velocity 
[16:07:45.6286][726][Info]: (0.00, 0.00, 0.00)ControllerUpdate 
[16:07:45.6441][727][Info]: (0.00, 0.00, 0.00)rig.velocity 
[16:07:45.6441][727][Info]: (0.00, 0.00, 0.00)ControllerUpdate 
[16:07:45.6631][729][Info]: (0.00, 0.00, 0.00)rig.velocity 
[16:07:45.6631][729][Info]: (0.00, 0.00, 0.00)ControllerUpdate 
[16:07:45.6831][731][Info]: (0.00, 0.00, 0.00)rig.velocity 
[16:07:45.6831][731][Info]: (0.00, 0.00, 0.00)ControllerUpdate 
[16:07:45.7034][733][Info]: (0.00, 0.00, 0.00)rig.velocity 
[16:07:45.7034][733][Info]: (0.00, 0.00, 0.00)ControllerUpdate 
[16:07:45.7224][735][Info]: (0.00, 0.00, 0.00)rig.velocity 
[16:07:45.7224][735][Info]: (0.00, 0.00, 0.00)ControllerUpdate 
[16:07:45.7484][737][Info]: (0.00, 0.00, 0.00)rig.velocity 
[16:07:45.7484][737][Info]: (0.00, 0.00, 0.00)ControllerUpdate 
[16:07:45.7604][738][Info]: (0.00, 0.00, 0.00)rig.velocity 
[16:07:45.7604][738][Info]: (0.00, 0.00, 0.00)ControllerUpdate 
[16:07:45.7844][740][Info]: (0.00, 0.00, 0.00)rig.velocity 
[16:07:45.7844][740][Info]: (0.00, 0.00, 0.00)ControllerUpdate 
[16:07:45.8004][741][Info]: (0.00, 0.00, 0.00)rig.velocity 
[16:07:45.8004][741][Info]: (0.00, 0.00, 0.00)ControllerUpdate 
[16:07:45.8204][743][Info]: (0.00, 0.00, 0.00)rig.velocity 
[16:07:45.8204][743][Info]: (0.00, 0.00, 0.00)ControllerUpdate 
[16:07:45.8406][745][Info]: (0.00, 0.00, 0.00)rig.velocity 
[16:07:45.8406][745][Info]: (0.00, 0.00, 0.00)ControllerUpdate 
[16:07:45.8596][747][Info]: (0.00, 0.00, 0.00)rig.velocity 
[16:07:45.8596][747][Info]: (0.00, 0.00, 0.00)ControllerUpdate 
[16:07:45.8786][749][Info]: (0.00, 0.00, 0.00)rig.velocity 
[16:07:45.8786][749][Info]: (0.00, 0.00, 0.00)ControllerUpdate 
[16:07:45.9066][752][Info]: (0.00, 0.00, 0.00)rig.velocity 
[16:07:45.9066][752][Info]: (0.00, 0.00, 0.00)ControllerUpdate 
[16:07:45.9176][753][Info]: (0.00, 0.00, 0.00)rig.velocity 
[16:07:45.9176][753][Info]: (0.00, 0.00, 0.00)ControllerUpdate 
[16:07:45.9406][755][Info]: (0.00, 0.00, 0.00)rig.velocity 
[16:07:45.9406][755][Info]: (0.00, 0.00, 0.00)ControllerUpdate 
[16:07:45.9596][756][Info]: (0.00, 0.00, 0.00)rig.velocity 
[16:07:45.9596][756][Info]: (0.00, 0.00, 0.00)ControllerUpdate 
[16:07:45.9786][758][Info]: (0.00, 0.00, 0.00)rig.velocity 
[16:07:45.9786][758][Info]: (0.00, 0.00, 0.00)ControllerUpdate 
[16:07:45.9986][760][Info]: (0.00, 0.00, 0.00)rig.velocity 
[16:07:45.9986][760][Info]: (0.00, 0.00, 0.00)ControllerUpdate 
[16:07:46.0186][762][Info]: (0.00, 0.00, 0.00)rig.velocity 
[16:07:46.0186][762][Info]: (0.00, 0.00, 0.00)ControllerUpdate 
[16:07:46.0386][764][Info]: (0.00, 0.00, 0.00)rig.velocity 
[16:07:46.0386][764][Info]: (0.00, 0.00, 0.00)ControllerUpdate 
[16:07:46.0656][767][Info]: (0.00, 0.00, 0.00)rig.velocity 
[16:07:46.0656][767][Info]: (0.00, 0.00, 0.00)ControllerUpdate 
[16:07:46.0846][769][Info]: (0.00, 0.00, 0.00)rig.velocity 
[16:07:46.0846][769][Info]: (0.00, 0.00, 0.00)ControllerUpdate 
[16:07:46.1006][770][Info]: (0.00, 0.00, 0.00)rig.velocity 
[16:07:46.1006][770][Info]: (0.00, 0.00, 0.00)ControllerUpdate 
[16:07:46.1246][772][Info]: (0.00, 0.00, 0.00)rig.velocity 
[16:07:46.1246][772][Info]: (0.00, 0.00, 0.00)ControllerUpdate 
[16:07:46.1445][774][Info]: (0.00, 0.00, 0.00)rig.velocity 
[16:07:46.1445][774][Info]: (0.00, 0.00, 0.00)ControllerUpdate 
[16:07:46.1595][775][Info]: (0.00, 0.00, 0.00)rig.velocity 
[16:07:46.1595][775][Info]: (0.00, 0.00, 0.00)ControllerUpdate 
[16:07:46.1795][777][Info]: (0.00, 0.00, 0.00)rig.velocity 
[16:07:46.1795][777][Info]: (0.00, 0.00, 0.00)ControllerUpdate 
[16:07:46.1985][779][Info]: (0.00, 0.00, 0.00)rig.velocity 
[16:07:46.1985][779][Info]: (0.00, 0.00, 0.00)ControllerUpdate 
[16:07:46.2185][781][Info]: (0.00, 0.00, 0.00)rig.velocity 
[16:07:46.2185][781][Info]: (0.00, 0.00, 0.00)ControllerUpdate 
[16:07:46.2385][783][Info]: (0.00, 0.00, 0.00)rig.velocity 
[16:07:46.2385][783][Info]: (0.00, 0.00, 0.00)ControllerUpdate 
[16:07:46.2665][785][Info]: (0.00, 0.00, 0.00)rig.velocity 
[16:07:46.2665][785][Info]: (0.00, 0.00, 0.00)ControllerUpdate 
[16:07:46.2795][786][Info]: (0.00, 0.00, 0.00)rig.velocity 
[16:07:46.2795][786][Info]: (0.00, 0.00, 0.00)ControllerUpdate 
[16:07:46.2985][788][Info]: (0.00, 0.00, 0.00)rig.velocity 
[16:07:46.2985][788][Info]: (0.00, 0.00, 0.00)ControllerUpdate 
[16:07:46.3195][790][Info]: (0.00, 0.00, 0.00)rig.velocity 
[16:07:46.3195][790][Info]: (0.00, 0.00, 0.00)ControllerUpdate 
[16:07:46.3375][792][Info]: (0.00, 0.00, 0.00)rig.velocity 
[16:07:46.3375][792][Info]: (0.00, 0.00, 0.00)ControllerUpdate 
[16:07:46.3625][794][Info]: (0.00, 0.00, 0.00)rig.velocity 
[16:07:46.3625][794][Info]: (0.00, 0.00, 0.00)ControllerUpdate 
[16:07:46.3825][796][Info]: (0.00, 0.00, 0.00)rig.velocity 
[16:07:46.3825][796][Info]: (0.00, 0.00, 0.00)ControllerUpdate 
[16:07:46.4065][798][Info]: (0.00, 0.00, 0.00)rig.velocity 
[16:07:46.4065][798][Info]: (0.00, 0.00, 0.00)ControllerUpdate 
[16:07:46.4245][799][Info]: (0.00, 0.00, 0.00)rig.velocity 
[16:07:46.4245][799][Info]: (0.00, 0.00, 0.00)ControllerUpdate 
[16:07:46.4455][801][Info]: (0.00, 0.00, 0.00)rig.velocity 
[16:07:46.4455][801][Info]: (0.00, 0.00, 0.00)ControllerUpdate 
[16:07:46.4644][803][Info]: (0.00, 0.00, 0.00)rig.velocity 
[16:07:46.4644][803][Info]: (0.00, 0.00, 0.00)ControllerUpdate 
[16:07:46.4834][805][Info]: (0.00, 0.00, 0.00)rig.velocity 
[16:07:46.4834][805][Info]: (0.00, 0.00, 0.00)ControllerUpdate 
[16:07:46.5034][807][Info]: (0.00, 0.00, 0.00)rig.velocity 
[16:07:46.5034][807][Info]: (0.00, 0.00, 0.00)ControllerUpdate 
[16:07:46.5174][808][Info]: (0.00, 0.00, 0.00)rig.velocity 
[16:07:46.5174][808][Info]: (0.00, 0.00, 0.00)ControllerUpdate 
[16:07:46.5394][810][Info]: (0.00, 0.00, 0.00)rig.velocity 
[16:07:46.5394][810][Info]: (0.00, 0.00, 0.00)ControllerUpdate 
[16:07:46.5714][812][Info]: (0.00, 0.00, 0.00)rig.velocity 
[16:07:46.5724][812][Info]: (0.00, 0.00, 0.00)ControllerUpdate 
[16:07:46.5884][813][Info]: (0.00, 0.00, 0.00)rig.velocity 
[16:07:46.5884][813][Info]: (0.00, 0.00, 0.00)ControllerUpdate 
[16:07:46.5884][814][Info]: (0.00, 0.00, 0.00)rig.velocity 
[16:07:46.5884][814][Info]: (0.00, 0.00, 0.00)ControllerUpdate 
[16:07:46.6234][816][Info]: (0.00, 0.00, 0.00)rig.velocity 
[16:07:46.6234][816][Info]: (0.00, 0.00, 0.00)ControllerUpdate 
[16:07:46.6465][818][Info]: (0.00, 0.00, 0.00)rig.velocity 
[16:07:46.6465][818][Info]: (0.00, 0.00, 0.00)ControllerUpdate 
[16:07:46.6595][819][Info]: (0.00, 0.00, 0.00)rig.velocity 
[16:07:46.6595][819][Info]: (0.00, 0.00, 0.00)ControllerUpdate 
[16:07:46.6805][821][Info]: (0.00, 0.00, 0.00)rig.velocity 
[16:07:46.6815][821][Info]: (0.00, 0.00, 0.00)ControllerUpdate 
[16:07:46.7015][823][Info]: (0.00, 0.00, 0.00)rig.velocity 
[16:07:46.7015][823][Info]: (0.00, 0.00, 0.00)ControllerUpdate 
[16:07:46.7344][825][Info]: (0.00, 0.00, 0.00)rig.velocity 
[16:07:46.7344][825][Info]: (0.00, 0.00, 0.00)ControllerUpdate 
[16:07:46.7564][826][Info]: (0.00, 0.00, 0.00)rig.velocity 
[16:07:46.7564][826][Info]: (0.00, 0.00, 0.00)ControllerUpdate 
[16:07:46.7784][827][Info]: (0.00, 0.00, 0.00)rig.velocity 
[16:07:46.7784][827][Info]: (0.00, 0.00, 0.00)ControllerUpdate 
[16:07:46.7784][827][Info]: (0.00, 0.00, 0.00)rig.velocity 
[16:07:46.7784][827][Info]: (0.00, 0.00, 0.00)ControllerUpdate 
[16:07:46.8064][828][Info]: (0.00, 0.00, 0.00)rig.velocity 
[16:07:46.8064][828][Info]: (0.00, 0.00, 0.00)ControllerUpdate 
[16:07:46.8064][829][Info]: (0.00, 0.00, 0.00)rig.velocity 
[16:07:46.8224][829][Info]: (0.00, 0.00, 0.00)ControllerUpdate 
[16:07:46.8414][830][Info]: (0.00, 0.00, 0.00)rig.velocity 
[16:07:46.8414][830][Info]: (0.00, 0.00, 0.00)ControllerUpdate 
[16:07:46.8614][832][Info]: (0.00, 0.00, 0.00)rig.velocity 
[16:07:46.8614][832][Info]: (0.00, 0.00, 0.00)ControllerUpdate 
[16:07:46.8875][834][Info]: (0.00, 0.00, 0.00)rig.velocity 
[16:07:46.8875][834][Info]: (0.00, 0.00, 0.00)ControllerUpdate 
[16:07:46.9035][835][Info]: (0.00, 0.00, 0.00)rig.velocity 
[16:07:46.9035][835][Info]: (0.00, 0.00, 0.00)ControllerUpdate 
[16:07:46.9244][837][Info]: (0.00, 0.00, 0.00)rig.velocity 
[16:07:46.9244][837][Info]: (0.00, 0.00, 0.00)ControllerUpdate 
[16:07:46.9374][838][Info]: (0.00, 0.00, 0.00)rig.velocity 
[16:07:46.9374][838][Info]: (0.00, 0.00, 0.00)ControllerUpdate 
[16:07:46.9584][840][Info]: (0.00, 0.00, 0.00)rig.velocity 
[16:07:46.9584][840][Info]: (0.00, 0.00, 0.00)ControllerUpdate 
[16:07:46.9834][842][Info]: (0.00, 0.00, 0.00)rig.velocity 
[16:07:46.9834][842][Info]: (0.00, 0.00, 0.00)ControllerUpdate 
[16:07:47.0054][844][Info]: (0.00, 0.00, 0.00)rig.velocity 
[16:07:47.0054][844][Info]: (0.00, 0.00, 0.00)ControllerUpdate 
[16:07:47.0244][846][Info]: (0.00, 0.00, 0.00)rig.velocity 
[16:07:47.0254][846][Info]: (0.00, 0.00, 0.00)ControllerUpdate 
[16:07:47.0254][847][Info]: (0.00, 0.00, 0.00)rig.velocity 
[16:07:47.0254][847][Info]: (0.00, 0.00, 0.00)ControllerUpdate 
[16:07:47.0624][849][Info]: (0.00, 0.00, 0.00)rig.velocity 
[16:07:47.0624][849][Info]: (0.00, 0.00, 0.00)ControllerUpdate 
[16:07:47.0814][851][Info]: (0.00, 0.00, 0.00)rig.velocity 
[16:07:47.0814][851][Info]: (0.00, 0.00, 0.00)ControllerUpdate 
[16:07:47.1014][853][Info]: (0.00, 0.00, 0.00)rig.velocity 
[16:07:47.1014][853][Info]: (0.00, 0.00, 0.00)ControllerUpdate 
[16:07:47.1204][855][Info]: (0.00, 0.00, 0.00)rig.velocity 
[16:07:47.1204][855][Info]: (0.00, 0.00, 0.00)ControllerUpdate 
[16:07:47.1404][857][Info]: (0.00, 0.00, 0.00)rig.velocity 
[16:07:47.1404][857][Info]: (0.00, 0.00, 0.00)ControllerUpdate 
[16:07:47.1604][859][Info]: (0.00, 0.00, 0.00)rig.velocity 
[16:07:47.1604][859][Info]: (0.00, 0.00, 0.00)ControllerUpdate 
[16:07:47.1884][861][Info]: (0.00, 0.00, 0.00)rig.velocity 
[16:07:47.1884][861][Info]: (0.00, 0.00, 0.00)ControllerUpdate 
[16:07:47.2034][862][Info]: (0.00, 0.00, 0.00)rig.velocity 
[16:07:47.2034][862][Info]: (0.00, 0.00, 0.00)ControllerUpdate 
[16:07:47.2234][864][Info]: (0.00, 0.00, 0.00)rig.velocity 
[16:07:47.2234][864][Info]: (0.00, 0.00, 0.00)ControllerUpdate 
[16:07:47.2419][866][Info]: (0.00, 0.00, 0.00)rig.velocity 
[16:07:47.2439][866][Info]: (0.00, 0.00, 0.00)ControllerUpdate 
[16:07:47.2629][868][Info]: (0.00, 0.00, 0.00)rig.velocity 
[16:07:47.2629][868][Info]: (0.00, 0.00, 0.00)ControllerUpdate 
[16:07:47.2818][870][Info]: (0.00, 0.00, 0.00)rig.velocity 
[16:07:47.2818][870][Info]: (0.00, 0.00, 0.00)ControllerUpdate 
[16:07:47.3019][872][Info]: (0.00, 0.00, 0.00)rig.velocity 
[16:07:47.3019][872][Info]: (0.00, 0.00, 0.00)ControllerUpdate 
[16:07:47.3208][874][Info]: (0.00, 0.00, 0.00)rig.velocity 
[16:07:47.3219][874][Info]: (0.00, 0.00, 0.00)ControllerUpdate 
[16:07:47.3448][876][Info]: (0.00, 0.00, 0.00)rig.velocity 
[16:07:47.3448][876][Info]: (0.00, 0.00, 0.00)ControllerUpdate 
[16:07:47.3598][877][Info]: (0.00, 0.00, 0.00)rig.velocity 
[16:07:47.3598][877][Info]: (0.00, 0.00, 0.00)ControllerUpdate 
[16:07:47.3838][879][Info]: (0.00, 0.00, 0.00)rig.velocity 
[16:07:47.3848][879][Info]: (0.00, 0.00, 0.00)ControllerUpdate 
[16:07:47.4038][881][Info]: (0.00, 0.00, 0.00)rig.velocity 
[16:07:47.4038][881][Info]: (0.00, 0.00, 0.00)ControllerUpdate 
[16:07:47.4238][883][Info]: (0.00, 0.00, 0.00)rig.velocity 
[16:07:47.4238][883][Info]: (0.00, 0.00, 0.00)ControllerUpdate 
[16:07:47.4428][885][Info]: (0.00, 0.00, 0.00)rig.velocity 
[16:07:47.4428][885][Info]: (0.00, 0.00, 0.00)ControllerUpdate 
[16:07:47.4628][887][Info]: (0.00, 0.00, 0.00)rig.velocity 
[16:07:47.4628][887][Info]: (0.00, 0.00, 0.00)ControllerUpdate 
[16:07:47.4838][889][Info]: (0.00, 0.00, 0.00)rig.velocity 
[16:07:47.4838][889][Info]: (0.00, 0.00, 0.00)ControllerUpdate 
[16:07:47.4998][890][Info]: (0.00, 0.00, 0.00)rig.velocity 
[16:07:47.4998][890][Info]: (0.00, 0.00, 0.00)ControllerUpdate 
[16:07:47.5238][892][Info]: (0.00, 0.00, 0.00)rig.velocity 
[16:07:47.5238][892][Info]: (0.00, 0.00, 0.00)ControllerUpdate 
[16:07:47.5428][894][Info]: (0.00, 0.00, 0.00)rig.velocity 
[16:07:47.5428][894][Info]: (0.00, 0.00, 0.00)ControllerUpdate 
[16:07:47.5628][896][Info]: (0.00, 0.00, 0.00)rig.velocity 
[16:07:47.5628][896][Info]: (0.00, 0.00, 0.00)ControllerUpdate 
[16:07:47.5858][898][Info]: (0.00, 0.00, 0.00)rig.velocity 
[16:07:47.5858][898][Info]: (0.00, 0.00, 0.00)ControllerUpdate 
[16:07:47.6058][900][Info]: (0.00, 0.00, 0.00)rig.velocity 
[16:07:47.6058][900][Info]: (0.00, 0.00, 0.00)ControllerUpdate 
[16:07:47.6257][902][Info]: (0.00, 0.00, 0.00)rig.velocity 
[16:07:47.6257][902][Info]: (0.00, 0.00, 0.00)ControllerUpdate 
[16:07:47.6497][904][Info]: (0.00, 0.00, 0.00)rig.velocity 
[16:07:47.6507][904][Info]: (0.00, 0.00, 0.00)ControllerUpdate 
[16:07:47.6507][905][Info]: (0.00, 0.00, 0.00)rig.velocity 
[16:07:47.6657][905][Info]: (0.00, 0.00, 0.00)ControllerUpdate 
[16:07:47.6837][907][Info]: (0.00, 0.00, 0.00)rig.velocity 
[16:07:47.6837][907][Info]: (0.00, 0.00, 0.00)ControllerUpdate 
[16:07:47.7027][909][Info]: (0.00, 0.00, 0.00)rig.velocity 
[16:07:47.7027][909][Info]: (0.00, 0.00, 0.00)ControllerUpdate 
[16:07:47.7227][911][Info]: (0.00, 0.00, 0.00)rig.velocity 
[16:07:47.7227][911][Info]: (0.00, 0.00, 0.00)ControllerUpdate 
[16:07:47.7427][913][Info]: (0.00, 0.00, 0.00)rig.velocity 
[16:07:47.7437][913][Info]: (0.00, 0.00, 0.00)ControllerUpdate 
[16:07:47.7617][915][Info]: (0.00, 0.00, 0.00)rig.velocity 
[16:07:47.7617][915][Info]: (0.00, 0.00, 0.00)ControllerUpdate 
[16:07:47.7807][917][Info]: (0.00, 0.00, 0.00)rig.velocity 
[16:07:47.7807][917][Info]: (0.00, 0.00, 0.00)ControllerUpdate 
[16:07:47.8087][919][Info]: (0.00, 0.00, 0.00)rig.velocity 
[16:07:47.8087][919][Info]: (0.00, 0.00, 0.00)ControllerUpdate 
[16:07:47.8247][920][Info]: (0.00, 0.00, 0.00)rig.velocity 
[16:07:47.8247][920][Info]: (0.00, 0.00, 0.00)ControllerUpdate 
[16:07:47.8437][922][Info]: (0.00, 0.00, 0.00)rig.velocity 
[16:07:47.8437][922][Info]: (0.00, 0.00, 0.00)ControllerUpdate 
[16:07:47.8637][924][Info]: (0.00, 0.00, 0.00)rig.velocity 
[16:07:47.8637][924][Info]: (0.00, 0.00, 0.00)ControllerUpdate 
[16:07:47.8827][926][Info]: (0.00, 0.00, 0.00)rig.velocity 
[16:07:47.8827][926][Info]: (0.00, 0.00, 0.00)ControllerUpdate 
[16:07:47.9017][928][Info]: (0.00, 0.00, 0.00)rig.velocity 
[16:07:47.9017][928][Info]: (0.00, 0.00, 0.00)ControllerUpdate 
[16:07:47.9206][930][Info]: (0.00, 0.00, 0.00)rig.velocity 
[16:07:47.9206][930][Info]: (0.00, 0.00, 0.00)ControllerUpdate 
[16:07:47.9406][932][Info]: (0.00, 0.00, 0.00)rig.velocity 
[16:07:47.9406][932][Info]: (0.00, 0.00, 0.00)ControllerUpdate 
[16:07:47.9646][934][Info]: (0.00, 0.00, 0.00)rig.velocity 
[16:07:47.9646][934][Info]: (0.00, 0.00, 0.00)ControllerUpdate 
[16:07:47.9806][935][Info]: (0.00, 0.00, 0.00)rig.velocity 
[16:07:47.9806][935][Info]: (0.00, 0.00, 0.00)ControllerUpdate 
[16:07:48.0046][937][Info]: (0.00, 0.00, 0.00)rig.velocity 
[16:07:48.0046][937][Info]: (0.00, 0.00, 0.00)ControllerUpdate 
[16:07:48.0246][939][Info]: (0.00, 0.00, 0.00)rig.velocity 
[16:07:48.0256][939][Info]: (0.00, 0.00, 0.00)ControllerUpdate 
[16:07:48.0436][941][Info]: (0.00, 0.00, 0.00)rig.velocity 
[16:07:48.0436][941][Info]: (0.00, 0.00, 0.00)ControllerUpdate 
[16:07:48.0626][943][Info]: (0.00, 0.00, 0.00)rig.velocity 
[16:07:48.0626][943][Info]: (0.00, 0.00, 0.00)ControllerUpdate 
[16:07:48.0826][945][Info]: (0.00, 0.00, 0.00)rig.velocity 
[16:07:48.0826][945][Info]: (0.00, 0.00, 0.00)ControllerUpdate 
[16:07:48.1016][947][Info]: (0.00, 0.00, 0.00)rig.velocity 
[16:07:48.1016][947][Info]: (0.00, 0.00, 0.00)ControllerUpdate 
[16:07:48.1256][949][Info]: (0.00, 0.00, 0.00)rig.velocity 
[16:07:48.1256][949][Info]: (0.00, 0.00, 0.00)ControllerUpdate 
[16:07:48.1406][950][Info]: (0.00, 0.00, 0.00)rig.velocity 
[16:07:48.1406][950][Info]: (0.00, 0.00, 0.00)ControllerUpdate 
[16:07:48.1616][952][Info]: (0.00, 0.00, 0.00)rig.velocity 
[16:07:48.1616][952][Info]: (0.00, 0.00, 0.00)ControllerUpdate 
[16:07:48.1826][953][Info]: (0.00, 0.00, 0.00)rig.velocity 
[16:07:48.1826][953][Info]: (0.00, 0.00, 0.00)ControllerUpdate 
[16:07:48.2026][954][Info]: 2=====transform.position======== 
[16:07:48.2026][954][Info]: (0.00, 0.00, 2.00)rig.velocity 
[16:07:48.2026][954][Info]: (0.00, 0.00, 2.00)ControllerUpdate 
[16:07:48.2185][955][Info]: 4=====transform.position======== 
[16:07:48.2185][955][Info]: (0.00, 0.00, 4.00)rig.velocity 
[16:07:48.2185][955][Info]: (0.00, 0.00, 4.00)ControllerUpdate 
[16:07:48.2405][957][Info]: 5=====transform.position======== 
[16:07:48.2405][957][Info]: (-0.02, 0.00, 5.00)rig.velocity 
[16:07:48.2405][957][Info]: (-0.02, 0.00, 5.00)ControllerUpdate 
[16:07:48.2615][959][Info]: 5=====transform.position======== 
[16:07:48.2615][959][Info]: (-0.03, 0.00, 5.00)rig.velocity 
[16:07:48.2615][959][Info]: (-0.03, 0.00, 5.00)ControllerUpdate 
[16:07:48.2885][961][Info]: 5=====transform.position======== 
[16:07:48.2885][961][Info]: (-0.04, 0.00, 5.00)rig.velocity 
[16:07:48.2905][961][Info]: (-0.04, 0.00, 5.00)ControllerUpdate 
[16:07:48.2905][962][Info]: 5=====transform.position======== 
[16:07:48.2905][962][Info]: (-0.04, 0.00, 5.00)rig.velocity 
[16:07:48.2905][962][Info]: (-0.04, 0.00, 5.00)ControllerUpdate 
[16:07:48.3245][964][Info]: 5=====transform.position======== 
[16:07:48.3245][964][Info]: (-0.05, 0.00, 5.00)rig.velocity 
[16:07:48.3245][964][Info]: (-0.05, 0.00, 5.00)ControllerUpdate 
[16:07:48.3445][966][Info]: 5=====transform.position======== 
[16:07:48.3445][966][Info]: (-0.06, 0.00, 5.00)rig.velocity 
[16:07:48.3445][966][Info]: (-0.06, 0.00, 5.00)ControllerUpdate 
[16:07:48.3655][968][Info]: 5=====transform.position======== 
[16:07:48.3655][968][Info]: (-0.06, 0.00, 5.00)rig.velocity 
[16:07:48.3655][968][Info]: (-0.06, 0.00, 5.00)ControllerUpdate 
[16:07:48.3775][969][Info]: 5=====transform.position======== 
[16:07:48.3775][969][Info]: (-0.07, 0.00, 5.00)rig.velocity 
[16:07:48.3775][969][Info]: (-0.07, 0.00, 5.00)ControllerUpdate 
[16:07:48.3985][971][Info]: 5=====transform.position======== 
[16:07:48.3985][971][Info]: (-0.07, 0.00, 5.00)rig.velocity 
[16:07:48.4005][971][Info]: (-0.07, 0.00, 5.00)ControllerUpdate 
[16:07:48.4225][973][Info]: 5=====transform.position======== 
[16:07:48.4225][973][Info]: (-0.08, 0.00, 5.00)rig.velocity 
[16:07:48.4225][973][Info]: (-0.08, 0.00, 5.00)ControllerUpdate 
[16:07:48.4495][975][Info]: 5=====transform.position======== 
[16:07:48.4495][975][Info]: (-0.08, 0.00, 5.00)rig.velocity 
[16:07:48.4495][975][Info]: (-0.08, 0.00, 5.00)ControllerUpdate 
[16:07:48.4665][976][Info]: 5=====transform.position======== 
[16:07:48.4665][976][Info]: (-0.08, 0.00, 5.00)rig.velocity 
[16:07:48.4665][976][Info]: (-0.08, 0.00, 5.00)ControllerUpdate 
[16:07:48.4785][977][Info]: 5=====transform.position======== 
[16:07:48.4785][977][Info]: (-0.08, 0.00, 5.00)rig.velocity 
[16:07:48.4785][977][Info]: (-0.08, 0.00, 5.00)ControllerUpdate 
[16:07:48.4985][979][Info]: 5=====transform.position======== 
[16:07:48.4985][979][Info]: (-0.09, 0.00, 5.00)rig.velocity 
[16:07:48.4985][979][Info]: (-0.09, 0.00, 5.00)ControllerUpdate 
[16:07:48.5195][981][Info]: 5=====transform.position======== 
[16:07:48.5195][981][Info]: (-0.09, 0.00, 5.00)rig.velocity 
[16:07:48.5195][981][Info]: (-0.09, 0.00, 5.00)ControllerUpdate 
[16:07:48.5394][983][Info]: 5=====transform.position======== 
[16:07:48.5414][983][Info]: (-0.09, 0.00, 5.00)rig.velocity 
[16:07:48.5414][983][Info]: (-0.09, 0.00, 5.00)ControllerUpdate 
[16:07:48.5594][985][Info]: 5=====transform.position======== 
[16:07:48.5594][985][Info]: (-0.09, 0.00, 5.00)rig.velocity 
[16:07:48.5594][985][Info]: (-0.09, 0.00, 5.00)ControllerUpdate 
[16:07:48.5814][987][Info]: 5=====transform.position======== 
[16:07:48.5814][987][Info]: (-0.10, 0.00, 5.00)rig.velocity 
[16:07:48.5814][987][Info]: (-0.10, 0.00, 5.00)ControllerUpdate 
[16:07:48.6054][989][Info]: 5=====transform.position======== 
[16:07:48.6054][989][Info]: (-0.10, 0.00, 5.00)rig.velocity 
[16:07:48.6054][989][Info]: (-0.10, 0.00, 5.00)ControllerUpdate 
[16:07:48.6214][990][Info]: 5=====transform.position======== 
[16:07:48.6214][990][Info]: (-0.10, 0.00, 5.00)rig.velocity 
[16:07:48.6214][990][Info]: (-0.10, 0.00, 5.00)ControllerUpdate 
[16:07:48.6384][991][Info]: 5=====transform.position======== 
[16:07:48.6384][991][Info]: (-0.10, 0.00, 5.00)rig.velocity 
[16:07:48.6384][991][Info]: (-0.10, 0.00, 5.00)ControllerUpdate 
[16:07:48.6594][993][Info]: 5=====transform.position======== 
[16:07:48.6594][993][Info]: (-0.10, 0.00, 5.00)rig.velocity 
[16:07:48.6594][993][Info]: (-0.10, 0.00, 5.00)ControllerUpdate 
[16:07:48.6804][995][Info]: 5=====transform.position======== 
[16:07:48.6824][995][Info]: (-0.10, 0.00, 5.00)rig.velocity 
[16:07:48.6824][995][Info]: (-0.10, 0.00, 5.00)ControllerUpdate 
[16:07:48.7004][997][Info]: 5=====transform.position======== 
[16:07:48.7004][997][Info]: (-0.10, 0.00, 5.00)rig.velocity 
[16:07:48.7004][997][Info]: (-0.10, 0.00, 5.00)ControllerUpdate 
[16:07:48.7214][999][Info]: 5=====transform.position======== 
[16:07:48.7214][999][Info]: (-0.10, 0.00, 5.00)rig.velocity 
[16:07:48.7214][999][Info]: (-0.10, 0.00, 5.00)ControllerUpdate 
[16:07:48.7424][1001][Info]: 5=====transform.position======== 
[16:07:48.7424][1001][Info]: (-0.11, 0.00, 5.00)rig.velocity 
[16:07:48.7444][1001][Info]: (-0.11, 0.00, 5.00)ControllerUpdate 
[16:07:48.7684][1003][Info]: 5=====transform.position======== 
[16:07:48.7684][1003][Info]: (-0.11, 0.00, 5.00)rig.velocity 
[16:07:48.7684][1003][Info]: (-0.11, 0.00, 5.00)ControllerUpdate 
[16:07:48.7846][1004][Info]: 5=====transform.position======== 
[16:07:48.7846][1004][Info]: (-0.11, 0.00, 5.00)rig.velocity 
[16:07:48.7846][1004][Info]: (-0.11, 0.00, 5.00)ControllerUpdate 
[16:07:48.7986][1005][Info]: 5=====transform.position======== 
[16:07:48.7986][1005][Info]: (-0.11, 0.00, 5.00)rig.velocity 
[16:07:48.7986][1005][Info]: (-0.11, 0.00, 5.00)ControllerUpdate 
[16:07:48.8196][1007][Info]: 5=====transform.position======== 
[16:07:48.8196][1007][Info]: (-0.11, 0.00, 5.00)rig.velocity 
[16:07:48.8196][1007][Info]: (-0.11, 0.00, 5.00)ControllerUpdate 
[16:07:48.8456][1009][Info]: 5=====transform.position======== 
[16:07:48.8456][1009][Info]: (-0.11, 0.00, 5.00)rig.velocity 
[16:07:48.8456][1009][Info]: (-0.11, 0.00, 5.00)ControllerUpdate 
[16:07:48.8656][1011][Info]: 5=====transform.position======== 
[16:07:48.8656][1011][Info]: (-0.11, 0.00, 5.00)rig.velocity 
[16:07:48.8656][1011][Info]: (-0.11, 0.00, 5.00)ControllerUpdate 
[16:07:48.8786][1012][Info]: 5=====transform.position======== 
[16:07:48.8786][1012][Info]: (-0.11, 0.00, 5.00)rig.velocity 
[16:07:48.8786][1012][Info]: (-0.11, 0.00, 5.00)ControllerUpdate 
[16:07:48.8986][1014][Info]: 5=====transform.position======== 
[16:07:48.8986][1014][Info]: (-0.11, 0.00, 5.00)rig.velocity 
[16:07:48.9006][1014][Info]: (-0.11, 0.00, 5.00)ControllerUpdate 
[16:07:48.9236][1016][Info]: 5=====transform.position======== 
[16:07:48.9236][1016][Info]: (-0.11, 0.00, 5.00)rig.velocity 
[16:07:48.9236][1016][Info]: (-0.11, 0.00, 5.00)ControllerUpdate 
[16:07:48.9416][1017][Info]: 5=====transform.position======== 
[16:07:48.9416][1017][Info]: (-0.11, 0.00, 5.00)rig.velocity 
[16:07:48.9416][1017][Info]: (-0.11, 0.00, 5.00)ControllerUpdate 
[16:07:48.9616][1019][Info]: 5=====transform.position======== 
[16:07:48.9636][1019][Info]: (-0.11, 0.00, 5.00)rig.velocity 
[16:07:48.9636][1019][Info]: (-0.11, 0.00, 5.00)ControllerUpdate 
[16:07:48.9846][1021][Info]: 5=====transform.position======== 
[16:07:48.9846][1021][Info]: (-0.11, 0.00, 5.00)rig.velocity 
[16:07:48.9846][1021][Info]: (-0.11, 0.00, 5.00)ControllerUpdate 
[16:07:49.0076][1023][Info]: 5=====transform.position======== 
[16:07:49.0076][1023][Info]: (-0.11, 0.00, 5.00)rig.velocity 
[16:07:49.0096][1023][Info]: (-0.11, 0.00, 5.00)ControllerUpdate 
[16:07:49.0096][1024][Info]: 5=====transform.position======== 
[16:07:49.0096][1024][Info]: (-0.11, 0.00, 5.00)rig.velocity 
[16:07:49.0096][1024][Info]: (-0.11, 0.00, 5.00)ControllerUpdate 
[16:07:49.0485][1026][Info]: 5=====transform.position======== 
[16:07:49.0485][1026][Info]: (-0.11, 0.00, 5.00)rig.velocity 
[16:07:49.0485][1026][Info]: (-0.11, 0.00, 5.00)ControllerUpdate 
[16:07:49.0595][1027][Info]: 5=====transform.position======== 
[16:07:49.0595][1027][Info]: (-0.11, 0.00, 5.00)rig.velocity 
[16:07:49.0595][1027][Info]: (-0.11, 0.00, 5.00)ControllerUpdate 
[16:07:49.0855][1029][Info]: 5=====transform.position======== 
[16:07:49.0855][1029][Info]: (-0.11, 0.00, 5.00)rig.velocity 
[16:07:49.0875][1029][Info]: (-0.11, 0.00, 5.00)ControllerUpdate 
[16:07:49.0875][1030][Info]: 5=====transform.position======== 
[16:07:49.1035][1030][Info]: (-0.11, 0.00, 5.00)rig.velocity 
[16:07:49.1035][1030][Info]: (-0.11, 0.00, 5.00)ControllerUpdate 
[16:07:49.1235][1032][Info]: 5=====transform.position======== 
[16:07:49.1235][1032][Info]: (-0.11, 0.00, 5.00)rig.velocity 
[16:07:49.1235][1032][Info]: (-0.11, 0.00, 5.00)ControllerUpdate 
[16:07:49.1455][1034][Info]: 5=====transform.position======== 
[16:07:49.1455][1034][Info]: (-0.11, 0.00, 5.00)rig.velocity 
[16:07:49.1455][1034][Info]: (-0.11, 0.00, 5.00)ControllerUpdate 
[16:07:49.1575][1035][Info]: 5=====transform.position======== 
[16:07:49.1575][1035][Info]: (-0.11, 0.00, 5.00)rig.velocity 
[16:07:49.1575][1035][Info]: (-0.11, 0.00, 5.00)ControllerUpdate 
[16:07:49.1785][1037][Info]: 5=====transform.position======== 
[16:07:49.1785][1037][Info]: (-0.11, 0.00, 5.00)rig.velocity 
[16:07:49.1785][1037][Info]: (-0.11, 0.00, 5.00)ControllerUpdate 
[16:07:49.2005][1039][Info]: 5=====transform.position======== 
[16:07:49.2005][1039][Info]: (-0.11, 0.00, 5.00)rig.velocity 
[16:07:49.2005][1039][Info]: (-0.11, 0.00, 5.00)ControllerUpdate 
[16:07:49.2215][1041][Info]: 5=====transform.position======== 
[16:07:49.2215][1041][Info]: (-0.11, 0.00, 5.00)rig.velocity 
[16:07:49.2215][1041][Info]: (-0.11, 0.00, 5.00)ControllerUpdate 
[16:07:49.2475][1043][Info]: 5=====transform.position======== 
[16:07:49.2475][1043][Info]: (-0.11, 0.00, 5.00)rig.velocity 
[16:07:49.2475][1043][Info]: (-0.11, 0.00, 5.00)ControllerUpdate 
[16:07:49.2685][1044][Info]: 5=====transform.position======== 
[16:07:49.2685][1044][Info]: (-0.11, 0.00, 5.00)rig.velocity 
[16:07:49.2685][1044][Info]: (-0.11, 0.00, 5.00)ControllerUpdate 
[16:07:49.2795][1045][Info]: 5=====transform.position======== 
[16:07:49.2795][1045][Info]: (-0.11, 0.00, 5.00)rig.velocity 
[16:07:49.2795][1045][Info]: (-0.11, 0.00, 5.00)ControllerUpdate 
[16:07:49.3005][1047][Info]: 5=====transform.position======== 
[16:07:49.3005][1047][Info]: (-0.11, 0.00, 5.00)rig.velocity 
[16:07:49.3005][1047][Info]: (-0.11, 0.00, 5.00)ControllerUpdate 
[16:07:49.3205][1049][Info]: 5=====transform.position======== 
[16:07:49.3225][1049][Info]: (-0.11, 0.00, 5.00)rig.velocity 
[16:07:49.3225][1049][Info]: (-0.11, 0.00, 5.00)ControllerUpdate 
[16:07:49.3415][1051][Info]: 5=====transform.position======== 
[16:07:49.3415][1051][Info]: (-0.11, 0.00, 5.00)rig.velocity 
[16:07:49.3415][1051][Info]: (-0.11, 0.00, 5.00)ControllerUpdate 
[16:07:49.3624][1053][Info]: 5=====transform.position======== 
[16:07:49.3624][1053][Info]: (-0.11, 0.00, 5.00)rig.velocity 
[16:07:49.3624][1053][Info]: (-0.11, 0.00, 5.00)ControllerUpdate 
[16:07:49.3844][1055][Info]: 5=====transform.position======== 
[16:07:49.3844][1055][Info]: (-0.11, 0.00, 5.00)rig.velocity 
[16:07:49.3844][1055][Info]: (-0.11, 0.00, 5.00)ControllerUpdate 
[16:07:49.4014][1056][Info]: 5=====transform.position======== 
[16:07:49.4014][1056][Info]: (-0.11, 0.00, 5.00)rig.velocity 
[16:07:49.4014][1056][Info]: (-0.11, 0.00, 5.00)ControllerUpdate 
[16:07:49.4254][1058][Info]: 5=====transform.position======== 
[16:07:49.4254][1058][Info]: (-0.11, 0.00, 5.00)rig.velocity 
[16:07:49.4254][1058][Info]: (-0.11, 0.00, 5.00)ControllerUpdate 
[16:07:49.4394][1059][Info]: 5=====transform.position======== 
[16:07:49.4394][1059][Info]: (-0.11, 0.00, 5.00)rig.velocity 
[16:07:49.4394][1059][Info]: (-0.11, 0.00, 5.00)ControllerUpdate 
[16:07:49.4647][1061][Info]: 5=====transform.position======== 
[16:07:49.4647][1061][Info]: (-0.11, 0.00, 5.00)rig.velocity 
[16:07:49.4647][1061][Info]: (-0.11, 0.00, 5.00)ControllerUpdate 
[16:07:49.4787][1062][Info]: 5=====transform.position======== 
[16:07:49.4787][1062][Info]: (-0.11, 0.00, 5.00)rig.velocity 
[16:07:49.4787][1062][Info]: (-0.11, 0.00, 5.00)ControllerUpdate 
[16:07:49.4987][1064][Info]: 5=====transform.position======== 
[16:07:49.4987][1064][Info]: (-0.11, 0.00, 5.00)rig.velocity 
[16:07:49.4987][1064][Info]: (-0.11, 0.00, 5.00)ControllerUpdate 
[16:07:49.5207][1066][Info]: 5=====transform.position======== 
[16:07:49.5207][1066][Info]: (-0.11, 0.00, 5.00)rig.velocity 
[16:07:49.5207][1066][Info]: (-0.11, 0.00, 5.00)ControllerUpdate 
[16:07:49.5407][1067][Info]: 5=====transform.position======== 
[16:07:49.5407][1067][Info]: (-0.11, 0.00, 5.00)rig.velocity 
[16:07:49.5407][1067][Info]: (-0.11, 0.00, 5.00)ControllerUpdate 
[16:07:49.5627][1068][Info]: 5=====transform.position======== 
[16:07:49.5627][1068][Info]: (-0.11, 0.00, 5.00)rig.velocity 
[16:07:49.5627][1068][Info]: (-0.11, 0.00, 5.00)ControllerUpdate 
[16:07:49.5847][1069][Info]: 5=====transform.position======== 
[16:07:49.5847][1069][Info]: (-0.11, 0.00, 5.00)rig.velocity 
[16:07:49.6007][1069][Info]: (-0.11, 0.00, 5.00)ControllerUpdate 
[16:07:49.6127][1070][Info]: 5=====transform.position======== 
[16:07:49.6127][1070][Info]: (-0.11, 0.00, 5.00)rig.velocity 
[16:07:49.6127][1070][Info]: (-0.11, 0.00, 5.00)ControllerUpdate 
[16:07:49.6237][1071][Info]: 5=====transform.position======== 
[16:07:49.6237][1071][Info]: (-0.11, 0.00, 5.00)rig.velocity 
[16:07:49.6237][1071][Info]: (-0.11, 0.00, 5.00)ControllerUpdate 
[16:07:49.6447][1073][Info]: 5=====transform.position======== 
[16:07:49.6447][1073][Info]: (-0.11, 0.00, 5.00)rig.velocity 
[16:07:49.6447][1073][Info]: (-0.11, 0.00, 5.00)ControllerUpdate 
[16:07:49.6696][1075][Info]: 5=====transform.position======== 
[16:07:49.6696][1075][Info]: (-0.11, 0.00, 5.00)rig.velocity 
[16:07:49.6696][1075][Info]: (-0.11, 0.00, 5.00)ControllerUpdate 
[16:07:49.6816][1076][Info]: 5=====transform.position======== 
[16:07:49.6816][1076][Info]: (-0.11, 0.00, 5.00)rig.velocity 
[16:07:49.6816][1076][Info]: (-0.11, 0.00, 5.00)ControllerUpdate 
[16:07:49.7086][1078][Info]: 5=====transform.position======== 
[16:07:49.7086][1078][Info]: (-0.11, 0.00, 5.00)rig.velocity 
[16:07:49.7086][1078][Info]: (-0.11, 0.00, 5.00)ControllerUpdate 
[16:07:49.7256][1079][Info]: 5=====transform.position======== 
[16:07:49.7256][1079][Info]: (-0.11, 0.00, 5.00)rig.velocity 
[16:07:49.7256][1079][Info]: (-0.11, 0.00, 5.00)ControllerUpdate 
[16:07:49.7376][1080][Info]: 5=====transform.position======== 
[16:07:49.7376][1080][Info]: (-0.11, 0.00, 5.00)rig.velocity 
[16:07:49.7376][1080][Info]: (-0.11, 0.00, 5.00)ControllerUpdate 
[16:07:49.7606][1082][Info]: 5=====transform.position======== 
[16:07:49.7606][1082][Info]: (-0.11, 0.00, 5.00)rig.velocity 
[16:07:49.7606][1082][Info]: (-0.11, 0.00, 5.00)ControllerUpdate 
[16:07:49.7806][1084][Info]: 5=====transform.position======== 
[16:07:49.7806][1084][Info]: (-0.11, 0.00, 5.00)rig.velocity 
[16:07:49.7806][1084][Info]: (-0.11, 0.00, 5.00)ControllerUpdate 
[16:07:49.8026][1086][Info]: 5=====transform.position======== 
[16:07:49.8026][1086][Info]: (-0.11, 0.00, 5.00)rig.velocity 
[16:07:49.8026][1086][Info]: (-0.11, 0.00, 5.00)ControllerUpdate 
[16:07:49.8176][1087][Info]: 3=====transform.position======== 
[16:07:49.8176][1087][Info]: (-0.07, 0.00, 3.00)rig.velocity 
[16:07:49.8176][1087][Info]: (-0.07, 0.00, 3.00)ControllerUpdate 
[16:07:49.8376][1089][Info]: 1=====transform.position======== 
[16:07:49.8376][1089][Info]: (-0.02, 0.00, 1.00)rig.velocity 
[16:07:49.8376][1089][Info]: (-0.02, 0.00, 1.00)ControllerUpdate 
[16:07:49.8636][1091][Info]: 0=====transform.position======== 
