[14:53:25.4542][1][Info]: enter Launch procedure 
[14:53:25.5642][1][Info]: ===>加载配置 
[14:53:27.1841][1][Info]: ===>开始解析BuffConfig 
[14:53:27.2022][1][Info]: <===解析BuffConfig完毕 
[14:53:27.2022][1][Info]: ===>开始解析SkillConfig 
[14:53:27.2471][1][Info]: <===解析SkillConfig完毕 
[14:53:27.2651][1][Info]: <===配置加载完毕 
[14:53:27.3701][2][Info]: enter Init Procedure 
[14:53:27.3911][2][Warn]: Not found awake system:<PlayerComponent> 
[14:53:30.3712][166][Info]: 登录 
[14:53:30.3712][166][Info]: 1001 
[14:53:30.3882][166][Info]: 大厅阶段 
[14:53:30.4532][167][Info]: Scene Add Entity, Current Count:1 
[14:53:34.0263][484][Info]: Scene Remove Entity, Current Count:0 
[14:53:34.0263][484][Info]: Scene Add Entity, Current Count:1 
[14:53:39.3302][1114][Info]: 2=====transform.position======== 
[14:53:39.3482][1116][Info]: 4=====transform.position======== 
[14:53:39.3641][1118][Info]: 5=====transform.position======== 
[14:53:39.3871][1121][Info]: 5=====transform.position======== 
[14:53:39.4091][1123][Info]: 5=====transform.position======== 
[14:53:39.4221][1124][Info]: 5=====transform.position======== 
[14:53:39.4451][1127][Info]: 5=====transform.position======== 
[14:53:39.4611][1129][Info]: 5=====transform.position======== 
[14:53:39.4851][1132][Info]: 5=====transform.position======== 
[14:53:39.5011][1134][Info]: 5=====transform.position======== 
[14:53:39.5251][1136][Info]: 5=====transform.position======== 
[14:53:39.5431][1138][Info]: 5=====transform.position======== 
[14:53:39.5711][1140][Info]: 5=====transform.position======== 
[14:53:39.5901][1141][Info]: 5=====transform.position======== 
[14:53:39.6041][1142][Info]: 5=====transform.position======== 
[14:53:39.6361][1144][Info]: 5=====transform.position======== 
[14:53:39.6361][1145][Info]: 5=====transform.position======== 
[14:53:39.6621][1147][Info]: 5=====transform.position======== 
[14:53:39.6850][1150][Info]: 5=====transform.position======== 
[14:53:39.7010][1152][Info]: 5=====transform.position======== 
[14:53:39.7268][1154][Info]: 5=====transform.position======== 
[14:53:39.7488][1156][Info]: 5=====transform.position======== 
[14:53:39.7668][1158][Info]: 5=====transform.position======== 
[14:53:39.7828][1160][Info]: 5=====transform.position======== 
[14:53:39.8078][1163][Info]: 5=====transform.position======== 
[14:53:39.8248][1165][Info]: 3=====transform.position======== 
[14:53:39.8478][1168][Info]: 1=====transform.position======== 
[14:53:39.8648][1170][Info]: 0=====transform.position======== 
[14:53:40.8414][1304][Info]: 2=====transform.position======== 
[14:53:40.8644][1307][Info]: 4=====transform.position======== 
[14:53:40.8884][1310][Info]: 5=====transform.position======== 
[14:53:40.9034][1312][Info]: 5=====transform.position======== 
[14:53:40.9264][1315][Info]: 5=====transform.position======== 
[14:53:40.9464][1317][Info]: 5=====transform.position======== 
[14:53:40.9674][1319][Info]: 5=====transform.position======== 
[14:53:40.9864][1321][Info]: 5=====transform.position======== 
[14:53:41.0034][1323][Info]: 5=====transform.position======== 
[14:53:41.0263][1326][Info]: 5=====transform.position======== 
[14:53:41.0423][1328][Info]: 5=====transform.position======== 
[14:53:41.0653][1331][Info]: 5=====transform.position======== 
[14:53:41.0813][1333][Info]: 5=====transform.position======== 
[14:53:41.1033][1336][Info]: 5=====transform.position======== 
[14:53:41.1263][1338][Info]: 5=====transform.position======== 
[14:53:41.1503][1340][Info]: 3=====transform.position======== 
[14:53:41.1673][1342][Info]: 1=====transform.position======== 
[14:53:41.1833][1344][Info]: 0=====transform.position======== 
[14:53:43.7031][1690][Info]: 2=====transform.position======== 
[14:53:43.7271][1693][Info]: 4=====transform.position======== 
[14:53:43.7431][1695][Info]: 5=====transform.position======== 
[14:53:43.7661][1698][Info]: 5=====transform.position======== 
[14:53:43.7861][1700][Info]: 5=====transform.position======== 
[14:53:43.8031][1702][Info]: 5=====transform.position======== 
[14:53:43.8251][1705][Info]: 5=====transform.position======== 
[14:53:43.8421][1707][Info]: 5=====transform.position======== 
[14:53:43.8690][1710][Info]: 5=====transform.position======== 
[14:53:43.8690][1711][Info]: 5=====transform.position======== 
[14:53:43.9060][1714][Info]: 5=====transform.position======== 
[14:53:43.9210][1716][Info]: 5=====transform.position======== 
[14:53:43.9453][1719][Info]: 5=====transform.position======== 
[14:53:43.9613][1721][Info]: 5=====transform.position======== 
[14:53:43.9893][1724][Info]: 5=====transform.position======== 
[14:53:44.0053][1726][Info]: 5=====transform.position======== 
[14:53:44.0263][1728][Info]: 5=====transform.position======== 
[14:53:44.0462][1730][Info]: 5=====transform.position======== 
[14:53:44.0622][1732][Info]: 5=====transform.position======== 
[14:53:44.0852][1735][Info]: 5=====transform.position======== 
[14:53:44.1012][1737][Info]: 5=====transform.position======== 
[14:53:44.1232][1740][Info]: 5=====transform.position======== 
[14:53:44.1472][1743][Info]: 5=====transform.position======== 
[14:53:44.1642][1745][Info]: 3=====transform.position======== 
[14:53:44.1882][1747][Info]: 1=====transform.position======== 
[14:53:44.2012][1748][Info]: 0=====transform.position======== 
[14:53:44.8453][1834][Info]: 2=====transform.position======== 
[14:53:44.8612][1836][Info]: 4=====transform.position======== 
[14:53:44.8852][1839][Info]: 5=====transform.position======== 
[14:53:44.9012][1841][Info]: 5=====transform.position======== 
[14:53:44.9242][1844][Info]: 5=====transform.position======== 
[14:53:44.9414][1846][Info]: 5=====transform.position======== 
[14:53:44.9664][1848][Info]: 5=====transform.position======== 
[14:53:44.9814][1850][Info]: 5=====transform.position======== 
[14:53:45.0094][1853][Info]: 5=====transform.position======== 
[14:53:45.0262][1855][Info]: 5=====transform.position======== 
[14:53:45.0432][1857][Info]: 5=====transform.position======== 
[14:53:45.0652][1860][Info]: 5=====transform.position======== 
[14:53:45.0822][1862][Info]: 5=====transform.position======== 
[14:53:45.1032][1864][Info]: 5=====transform.position======== 
[14:53:45.1232][1866][Info]: 5=====transform.position======== 
[14:53:45.1451][1868][Info]: 5=====transform.position======== 
[14:53:45.1691][1870][Info]: 5=====transform.position======== 
[14:53:45.1941][1871][Info]: 5=====transform.position======== 
[14:53:45.2041][1872][Info]: 5=====transform.position======== 
[14:53:45.2251][1874][Info]: 5=====transform.position======== 
[14:53:45.2409][1876][Info]: 5=====transform.position======== 
[14:53:45.2624][1878][Info]: 5=====transform.position======== 
[14:53:45.2824][1880][Info]: 5=====transform.position======== 
[14:53:45.3054][1883][Info]: 5=====transform.position======== 
[14:53:45.3214][1885][Info]: 5=====transform.position======== 
[14:53:45.3455][1888][Info]: 5=====transform.position======== 
[14:53:45.3614][1890][Info]: 5=====transform.position======== 
[14:53:45.3864][1893][Info]: 5=====transform.position======== 
[14:53:45.4024][1895][Info]: 5=====transform.position======== 
[14:53:45.4330][1897][Info]: 5=====transform.position======== 
[14:53:45.4330][1898][Info]: 5=====transform.position======== 
[14:53:45.4671][1901][Info]: 5=====transform.position======== 
[14:53:45.4851][1903][Info]: 5=====transform.position======== 
[14:53:45.5011][1905][Info]: 5=====transform.position======== 
[14:53:45.5261][1908][Info]: 5=====transform.position======== 
[14:53:45.5421][1910][Info]: 3=====transform.position======== 
[14:53:45.5641][1912][Info]: 1=====transform.position======== 
[14:53:45.5841][1914][Info]: 0=====transform.position======== 
[14:53:46.1835][1995][Info]: 2=====transform.position======== 
[14:53:46.2074][1998][Info]: 4=====transform.position======== 
[14:53:46.2234][2000][Info]: 5=====transform.position======== 
[14:53:46.2434][2002][Info]: 5=====transform.position======== 
[14:53:46.2654][2005][Info]: 5=====transform.position======== 
[14:53:46.2804][2007][Info]: 5=====transform.position======== 
[14:53:46.3044][2010][Info]: 5=====transform.position======== 
[14:53:46.3244][2012][Info]: 5=====transform.position======== 
[14:53:46.3444][2014][Info]: 5=====transform.position======== 
[14:53:46.3674][2017][Info]: 5=====transform.position======== 
[14:53:46.3844][2019][Info]: 5=====transform.position======== 
[14:53:46.4074][2022][Info]: 5=====transform.position======== 
[14:53:46.4234][2024][Info]: 5=====transform.position======== 
[14:53:46.4444][2026][Info]: 5=====transform.position======== 
[14:53:46.4674][2029][Info]: 5=====transform.position======== 
[14:53:46.4923][2031][Info]: 5=====transform.position======== 
[14:53:46.5073][2033][Info]: 5=====transform.position======== 
[14:53:46.5223][2035][Info]: 5=====transform.position======== 
[14:53:46.5463][2038][Info]: 3=====transform.position======== 
[14:53:46.5623][2040][Info]: 1=====transform.position======== 
[14:53:46.5863][2043][Info]: 0=====transform.position======== 
[14:53:47.6273][2185][Info]: 2=====transform.position======== 
[14:53:47.6433][2187][Info]: 4=====transform.position======== 
[14:53:47.6633][2189][Info]: 5=====transform.position======== 
[14:53:47.6803][2191][Info]: 5=====transform.position======== 
[14:53:47.7023][2193][Info]: 3=====transform.position======== 
[14:53:47.7223][2195][Info]: 1=====transform.position======== 
[14:53:47.7463][2198][Info]: 0=====transform.position======== 
[14:53:48.1822][2253][Info]: 2=====transform.position======== 
[14:53:48.2101][2256][Info]: 4=====transform.position======== 
[14:53:48.2231][2257][Info]: 5=====transform.position======== 
[14:53:48.2441][2259][Info]: 5=====transform.position======== 
[14:53:48.2641][2261][Info]: 5=====transform.position======== 
[14:53:48.2891][2263][Info]: 5=====transform.position======== 
[14:53:48.3011][2264][Info]: 5=====transform.position======== 
[14:53:48.3231][2266][Info]: 5=====transform.position======== 
[14:53:48.3465][2268][Info]: 5=====transform.position======== 
[14:53:48.3675][2270][Info]: 5=====transform.position======== 
[14:53:48.3885][2272][Info]: 5=====transform.position======== 
[14:53:48.4015][2273][Info]: 5=====transform.position======== 
[14:53:48.4234][2275][Info]: 5=====transform.position======== 
[14:53:48.4441][2277][Info]: 5=====transform.position======== 
[14:53:48.4641][2279][Info]: 5=====transform.position======== 
[14:53:48.4811][2280][Info]: 5=====transform.position======== 
[14:53:48.5011][2282][Info]: 5=====transform.position======== 
[14:53:48.5237][2285][Info]: 5=====transform.position======== 
[14:53:48.5466][2288][Info]: 5=====transform.position======== 
[14:53:48.5626][2290][Info]: 5=====transform.position======== 
[14:53:48.5856][2293][Info]: 5=====transform.position======== 
[14:53:48.6016][2295][Info]: 5=====transform.position======== 
[14:53:48.6291][2298][Info]: 5=====transform.position======== 
[14:53:48.6411][2299][Info]: 5=====transform.position======== 
[14:53:48.6649][2302][Info]: 5=====transform.position======== 
[14:53:48.6879][2304][Info]: 3=====transform.position======== 
[14:53:48.7039][2306][Info]: 1=====transform.position======== 
[14:53:48.7269][2309][Info]: 0=====transform.position======== 
[14:53:49.0646][2353][Info]: 2=====transform.position======== 
[14:53:49.0846][2355][Info]: 4=====transform.position======== 
[14:53:49.1006][2357][Info]: 5=====transform.position======== 
[14:53:49.1252][2360][Info]: 5=====transform.position======== 
[14:53:49.1472][2363][Info]: 5=====transform.position======== 
[14:53:49.1632][2365][Info]: 5=====transform.position======== 
[14:53:49.1862][2368][Info]: 5=====transform.position======== 
[14:53:49.2012][2370][Info]: 5=====transform.position======== 
[14:53:49.2251][2373][Info]: 5=====transform.position======== 
[14:53:49.2421][2375][Info]: 5=====transform.position======== 
[14:53:49.2661][2377][Info]: 3=====transform.position======== 
[14:53:49.2861][2379][Info]: 1=====transform.position======== 
[14:53:49.3030][2381][Info]: 0=====transform.position======== 
[14:53:49.8024][2448][Info]: 2=====transform.position======== 
[14:53:49.8257][2451][Info]: 4=====transform.position======== 
[14:53:49.8417][2453][Info]: 5=====transform.position======== 
[14:53:49.8627][2455][Info]: 5=====transform.position======== 
[14:53:49.8827][2457][Info]: 5=====transform.position======== 
[14:53:49.9027][2459][Info]: 5=====transform.position======== 
[14:53:49.9262][2462][Info]: 5=====transform.position======== 
[14:53:49.9432][2464][Info]: 3=====transform.position======== 
[14:53:49.9662][2467][Info]: 1=====transform.position======== 
[14:53:49.9822][2469][Info]: 0=====transform.position======== 
[14:53:50.2622][2505][Info]: 2=====transform.position======== 
[14:53:50.2862][2508][Info]: 4=====transform.position======== 
[14:53:50.3022][2510][Info]: 5=====transform.position======== 
[14:53:50.3262][2512][Info]: 5=====transform.position======== 
[14:53:50.3462][2514][Info]: 5=====transform.position======== 
[14:53:50.3632][2516][Info]: 5=====transform.position======== 
[14:53:50.3862][2519][Info]: 5=====transform.position======== 
[14:53:50.4032][2521][Info]: 5=====transform.position======== 
[14:53:50.4272][2524][Info]: 5=====transform.position======== 
[14:53:50.4442][2526][Info]: 5=====transform.position======== 
[14:53:50.4692][2528][Info]: 5=====transform.position======== 
[14:53:50.4872][2529][Info]: 5=====transform.position======== 
[14:53:50.5162][2530][Info]: 5=====transform.position======== 
[14:53:50.5261][2531][Info]: 5=====transform.position======== 
[14:53:50.5451][2533][Info]: 5=====transform.position======== 
[14:53:50.5621][2535][Info]: 5=====transform.position======== 
[14:53:50.5871][2538][Info]: 3=====transform.position======== 
[14:53:50.6031][2540][Info]: 1=====transform.position======== 
[14:53:50.6301][2543][Info]: 0=====transform.position======== 
[14:53:50.9436][2585][Info]: 2=====transform.position======== 
[14:53:50.9676][2588][Info]: 4=====transform.position======== 
[14:53:50.9831][2590][Info]: 5=====transform.position======== 
[14:53:51.0051][2593][Info]: 5=====transform.position======== 
[14:53:51.0211][2595][Info]: 5=====transform.position======== 
[14:53:51.0461][2598][Info]: 5=====transform.position======== 
[14:53:51.0621][2600][Info]: 5=====transform.position======== 
[14:53:51.0880][2603][Info]: 5=====transform.position======== 
[14:53:51.0880][2604][Info]: 5=====transform.position======== 
[14:53:51.1264][2607][Info]: 3=====transform.position======== 
[14:53:51.1424][2609][Info]: 1=====transform.position======== 
[14:53:51.1617][2611][Info]: 0=====transform.position======== 
[14:53:51.9652][2720][Info]: 2=====transform.position======== 
[14:53:51.9812][2722][Info]: 4=====transform.position======== 
[14:53:52.0092][2725][Info]: 5=====transform.position======== 
[14:53:52.0212][2726][Info]: 5=====transform.position======== 
[14:53:52.0452][2729][Info]: 5=====transform.position======== 
[14:53:52.0612][2731][Info]: 5=====transform.position======== 
[14:53:52.0832][2734][Info]: 5=====transform.position======== 
[14:53:52.1062][2737][Info]: 5=====transform.position======== 
[14:53:52.1222][2739][Info]: 5=====transform.position======== 
[14:53:52.1452][2742][Info]: 5=====transform.position======== 
[14:53:52.1652][2744][Info]: 5=====transform.position======== 
[14:53:52.1822][2745][Info]: 5=====transform.position======== 
[14:53:52.2082][2748][Info]: 5=====transform.position======== 
[14:53:52.2242][2750][Info]: 5=====transform.position======== 
[14:53:52.2461][2753][Info]: 5=====transform.position======== 
[14:53:52.2621][2755][Info]: 5=====transform.position======== 
[14:53:52.2851][2758][Info]: 5=====transform.position======== 
[14:53:52.3011][2760][Info]: 5=====transform.position======== 
[14:53:52.3221][2762][Info]: 5=====transform.position======== 
[14:53:52.3421][2764][Info]: 5=====transform.position======== 
[14:53:52.3651][2767][Info]: 5=====transform.position======== 
[14:53:52.3851][2769][Info]: 5=====transform.position======== 
[14:53:52.4011][2771][Info]: 5=====transform.position======== 
[14:53:52.4251][2774][Info]: 5=====transform.position======== 
[14:53:52.4421][2776][Info]: 5=====transform.position======== 
[14:53:52.4621][2778][Info]: 5=====transform.position======== 
[14:53:52.4901][2780][Info]: 3=====transform.position======== 
[14:53:52.5051][2782][Info]: 1=====transform.position======== 
[14:53:52.5271][2785][Info]: 0=====transform.position======== 
[14:53:53.6411][2938][Info]: 2=====transform.position======== 
[14:53:53.6641][2941][Info]: 4=====transform.position======== 
[14:53:53.6871][2944][Info]: 5=====transform.position======== 
[14:53:53.7081][2946][Info]: 5=====transform.position======== 
[14:53:53.7211][2947][Info]: 5=====transform.position======== 
[14:53:53.7441][2950][Info]: 5=====transform.position======== 
[14:53:53.7611][2952][Info]: 5=====transform.position======== 
[14:53:53.7841][2955][Info]: 5=====transform.position======== 
[14:53:53.8120][2958][Info]: 5=====transform.position======== 
[14:53:53.8281][2960][Info]: 5=====transform.position======== 
[14:53:53.8441][2962][Info]: 5=====transform.position======== 
[14:53:53.8651][2964][Info]: 5=====transform.position======== 
[14:53:53.8850][2966][Info]: 5=====transform.position======== 
[14:53:53.9010][2968][Info]: 5=====transform.position======== 
[14:53:53.9256][2971][Info]: 3=====transform.position======== 
[14:53:53.9426][2973][Info]: 1=====transform.position======== 
[14:53:53.9656][2976][Info]: 0=====transform.position======== 
[14:53:54.8643][3098][Info]: 2=====transform.position======== 
[14:53:54.8863][3101][Info]: 4=====transform.position======== 
[14:53:54.9023][3103][Info]: 5=====transform.position======== 
[14:53:54.9243][3106][Info]: 5=====transform.position======== 
[14:53:54.9463][3108][Info]: 3=====transform.position======== 
[14:53:54.9653][3110][Info]: 1=====transform.position======== 
[14:53:54.9813][3112][Info]: 0=====transform.position======== 
[14:53:55.5481][3190][Info]: 2=====transform.position======== 
[14:53:55.5641][3192][Info]: 4=====transform.position======== 
[14:53:55.5860][3195][Info]: 5=====transform.position======== 
[14:53:55.6021][3197][Info]: 5=====transform.position======== 
[14:53:55.6269][3200][Info]: 5=====transform.position======== 
[14:53:55.6469][3202][Info]: 3=====transform.position======== 
[14:53:55.6629][3204][Info]: 1=====transform.position======== 
[14:53:55.6861][3207][Info]: 0=====transform.position======== 
[14:53:55.9902][3246][Info]: 2=====transform.position======== 
[14:53:56.0032][3247][Info]: 4=====transform.position======== 
[14:53:56.0272][3248][Info]: 5=====transform.position======== 
[14:53:56.0482][3250][Info]: 5=====transform.position======== 
[14:53:56.0662][3251][Info]: 5=====transform.position======== 
[14:53:56.0832][3253][Info]: 3=====transform.position======== 
[14:53:56.1052][3256][Info]: 1=====transform.position======== 
[14:53:56.1212][3258][Info]: 0=====transform.position======== 
[14:53:56.9831][3376][Info]: 2=====transform.position======== 
[14:53:57.0061][3379][Info]: 4=====transform.position======== 
[14:53:57.0231][3381][Info]: 5=====transform.position======== 
[14:53:57.0461][3384][Info]: 5=====transform.position======== 
[14:53:57.0621][3386][Info]: 5=====transform.position======== 
[14:53:57.0831][3388][Info]: 5=====transform.position======== 
[14:53:57.1011][3390][Info]: 5=====transform.position======== 
[14:53:57.1221][3392][Info]: 5=====transform.position======== 
[14:53:57.1421][3394][Info]: 5=====transform.position======== 
[14:53:57.1651][3397][Info]: 5=====transform.position======== 
[14:53:57.1811][3399][Info]: 5=====transform.position======== 
[14:53:57.2031][3402][Info]: 5=====transform.position======== 
[14:53:57.2271][3405][Info]: 5=====transform.position======== 
[14:53:57.2431][3407][Info]: 5=====transform.position======== 
[14:53:57.2671][3410][Info]: 5=====transform.position======== 
[14:53:57.2940][3412][Info]: 5=====transform.position======== 
[14:53:57.2940][3413][Info]: 5=====transform.position======== 
[14:53:57.3266][3416][Info]: 5=====transform.position======== 
[14:53:57.3426][3418][Info]: 3=====transform.position======== 
[14:53:57.3666][3421][Info]: 1=====transform.position======== 
[14:53:57.3826][3423][Info]: 0=====transform.position======== 
[14:53:58.3822][3561][Info]: 2=====transform.position======== 
[14:53:58.4062][3564][Info]: 4=====transform.position======== 
[14:53:58.4222][3566][Info]: 5=====transform.position======== 
[14:53:58.4452][3569][Info]: 5=====transform.position======== 
[14:53:58.4612][3571][Info]: 5=====transform.position======== 
[14:53:58.4842][3574][Info]: 5=====transform.position======== 
[14:53:58.5032][3576][Info]: 5=====transform.position======== 
[14:53:58.5212][3577][Info]: 5=====transform.position======== 
[14:53:58.5452][3580][Info]: 5=====transform.position======== 
[14:53:58.5612][3582][Info]: 5=====transform.position======== 
[14:53:58.5832][3585][Info]: 5=====transform.position======== 
[14:53:58.6062][3588][Info]: 5=====transform.position======== 
[14:53:58.6222][3590][Info]: 5=====transform.position======== 
[14:53:58.6442][3593][Info]: 5=====transform.position======== 
[14:53:58.6681][3595][Info]: 5=====transform.position======== 
[14:53:58.6841][3597][Info]: 5=====transform.position======== 
[14:53:58.7071][3600][Info]: 5=====transform.position======== 
[14:53:58.7271][3602][Info]: 5=====transform.position======== 
[14:53:58.7431][3604][Info]: 5=====transform.position======== 
[14:53:58.7671][3607][Info]: 5=====transform.position======== 
[14:53:58.7831][3609][Info]: 5=====transform.position======== 
[14:53:58.8111][3612][Info]: 5=====transform.position======== 
[14:53:58.8241][3613][Info]: 5=====transform.position======== 
[14:53:58.8411][3615][Info]: 5=====transform.position======== 
[14:53:58.8631][3618][Info]: 5=====transform.position======== 
[14:53:58.8811][3620][Info]: 5=====transform.position======== 
[14:53:58.9061][3623][Info]: 5=====transform.position======== 
[14:53:58.9267][3625][Info]: 5=====transform.position======== 
[14:53:58.9447][3627][Info]: 5=====transform.position======== 
[14:53:58.9657][3629][Info]: 5=====transform.position======== 
[14:53:58.9862][3631][Info]: 5=====transform.position======== 
[14:53:59.0032][3633][Info]: 5=====transform.position======== 
[14:53:59.0212][3635][Info]: 5=====transform.position======== 
[14:53:59.0452][3638][Info]: 5=====transform.position======== 
[14:53:59.0622][3640][Info]: 5=====transform.position======== 
[14:53:59.0862][3643][Info]: 5=====transform.position======== 
[14:53:59.1032][3645][Info]: 5=====transform.position======== 
[14:53:59.1261][3647][Info]: 5=====transform.position======== 
[14:53:59.1431][3648][Info]: 5=====transform.position======== 
[14:53:59.1661][3651][Info]: 5=====transform.position======== 
[14:53:59.1821][3653][Info]: 5=====transform.position======== 
[14:53:59.2051][3656][Info]: 5=====transform.position======== 
[14:53:59.2211][3658][Info]: 5=====transform.position======== 
[14:53:59.2441][3661][Info]: 5=====transform.position======== 
[14:53:59.2611][3663][Info]: 5=====transform.position======== 
[14:53:59.2831][3665][Info]: 5=====transform.position======== 
[14:53:59.3021][3667][Info]: 5=====transform.position======== 
[14:53:59.3251][3670][Info]: 5=====transform.position======== 
[14:53:59.3461][3672][Info]: 5=====transform.position======== 
[14:53:59.3631][3674][Info]: 5=====transform.position======== 
[14:53:59.3861][3677][Info]: 5=====transform.position======== 
[14:53:59.4031][3679][Info]: 5=====transform.position======== 
[14:53:59.4266][3682][Info]: 5=====transform.position======== 
[14:53:59.4501][3684][Info]: 5=====transform.position======== 
[14:53:59.4651][3686][Info]: 5=====transform.position======== 
[14:53:59.4821][3688][Info]: 5=====transform.position======== 
[14:53:59.5051][3691][Info]: 5=====transform.position======== 
[14:53:59.5231][3693][Info]: 5=====transform.position======== 
[14:53:59.5521][3696][Info]: 3=====transform.position======== 
[14:53:59.5681][3698][Info]: 1=====transform.position======== 
[14:53:59.5891][3700][Info]: 0=====transform.position======== 
[14:54:00.2041][3783][Info]: 2=====transform.position======== 
[14:54:00.2221][3785][Info]: 4=====transform.position======== 
[14:54:00.2461][3788][Info]: 5=====transform.position======== 
[14:54:00.2621][3790][Info]: 5=====transform.position======== 
[14:54:00.2851][3793][Info]: 5=====transform.position======== 
[14:54:00.3081][3796][Info]: 5=====transform.position======== 
[14:54:00.3241][3798][Info]: 5=====transform.position======== 
[14:54:00.3411][3800][Info]: 5=====transform.position======== 
[14:54:00.3691][3802][Info]: 5=====transform.position======== 
[14:54:00.3850][3804][Info]: 5=====transform.position======== 
[14:54:00.4020][3806][Info]: 5=====transform.position======== 
[14:54:00.4250][3809][Info]: 5=====transform.position======== 
[14:54:00.4481][3812][Info]: 5=====transform.position======== 
[14:54:00.4641][3814][Info]: 5=====transform.position======== 
[14:54:00.4861][3817][Info]: 5=====transform.position======== 
[14:54:00.5071][3819][Info]: 5=====transform.position======== 
[14:54:00.5281][3821][Info]: 5=====transform.position======== 
[14:54:00.5441][3823][Info]: 5=====transform.position======== 
[14:54:00.5621][3825][Info]: 5=====transform.position======== 
[14:54:00.5821][3827][Info]: 5=====transform.position======== 
[14:54:00.6050][3830][Info]: 5=====transform.position======== 
[14:54:00.6210][3832][Info]: 5=====transform.position======== 
[14:54:00.6430][3835][Info]: 5=====transform.position======== 
[14:54:00.6640][3837][Info]: 5=====transform.position======== 
[14:54:00.6850][3839][Info]: 5=====transform.position======== 
[14:54:00.7010][3841][Info]: 5=====transform.position======== 
[14:54:00.7266][3844][Info]: 5=====transform.position======== 
[14:54:00.7446][3846][Info]: 5=====transform.position======== 
[14:54:00.7606][3848][Info]: 5=====transform.position======== 
[14:54:00.7816][3850][Info]: 5=====transform.position======== 
[14:54:00.8056][3853][Info]: 5=====transform.position======== 
[14:54:00.8303][3855][Info]: 5=====transform.position======== 
[14:54:00.8462][3857][Info]: 5=====transform.position======== 
[14:54:00.8633][3859][Info]: 5=====transform.position======== 
[14:54:00.8872][3862][Info]: 5=====transform.position======== 
[14:54:00.9032][3864][Info]: 5=====transform.position======== 
[14:54:00.9262][3867][Info]: 3=====transform.position======== 
[14:54:00.9422][3869][Info]: 1=====transform.position======== 
[14:54:00.9692][3872][Info]: 0=====transform.position======== 
[14:54:02.0263][4013][Info]: 2=====transform.position======== 
[14:54:02.0423][4015][Info]: 4=====transform.position======== 
[14:54:02.0663][4018][Info]: 5=====transform.position======== 
[14:54:02.0823][4020][Info]: 5=====transform.position======== 
[14:54:02.1043][4023][Info]: 5=====transform.position======== 
[14:54:02.1213][4025][Info]: 5=====transform.position======== 
[14:54:02.1453][4028][Info]: 5=====transform.position======== 
[14:54:02.1623][4030][Info]: 5=====transform.position======== 
[14:54:02.1842][4033][Info]: 5=====transform.position======== 
[14:54:02.2052][4035][Info]: 5=====transform.position======== 
[14:54:02.2212][4036][Info]: 5=====transform.position======== 
[14:54:02.2452][4039][Info]: 5=====transform.position======== 
[14:54:02.2612][4041][Info]: 5=====transform.position======== 
[14:54:02.2862][4044][Info]: 5=====transform.position======== 
[14:54:02.3032][4046][Info]: 5=====transform.position======== 
[14:54:02.3282][4049][Info]: 5=====transform.position======== 
[14:54:02.3462][4051][Info]: 5=====transform.position======== 
[14:54:02.3722][4053][Info]: 5=====transform.position======== 
[14:54:02.3722][4054][Info]: 5=====transform.position======== 
[14:54:02.4072][4057][Info]: 5=====transform.position======== 
[14:54:02.4212][4058][Info]: 5=====transform.position======== 
[14:54:02.4452][4061][Info]: 5=====transform.position======== 
[14:54:02.4612][4063][Info]: 5=====transform.position======== 
[14:54:02.4831][4066][Info]: 5=====transform.position======== 
[14:54:02.5121][4069][Info]: 3=====transform.position======== 
[14:54:02.5251][4070][Info]: 1=====transform.position======== 
[14:54:02.5421][4072][Info]: 0=====transform.position======== 
[14:54:03.0471][4140][Info]: 2=====transform.position======== 
[14:54:03.0631][4142][Info]: 4=====transform.position======== 
[14:54:03.0861][4145][Info]: 5=====transform.position======== 
[14:54:03.1011][4147][Info]: 5=====transform.position======== 
[14:54:03.1221][4149][Info]: 5=====transform.position======== 
[14:54:03.1431][4151][Info]: 5=====transform.position======== 
[14:54:03.1651][4154][Info]: 5=====transform.position======== 
[14:54:03.1811][4156][Info]: 5=====transform.position======== 
[14:54:03.2041][4159][Info]: 5=====transform.position======== 
[14:54:03.2307][4162][Info]: 5=====transform.position======== 
[14:54:03.2457][4164][Info]: 5=====transform.position======== 
[14:54:03.2626][4166][Info]: 5=====transform.position======== 
[14:54:03.2866][4168][Info]: 5=====transform.position======== 
[14:54:03.3026][4170][Info]: 5=====transform.position======== 
[14:54:03.3261][4173][Info]: 5=====transform.position======== 
[14:54:03.3411][4175][Info]: 5=====transform.position======== 
[14:54:03.3641][4178][Info]: 5=====transform.position======== 
[14:54:03.3811][4180][Info]: 5=====transform.position======== 
[14:54:03.4071][4183][Info]: 5=====transform.position======== 
[14:54:03.4281][4185][Info]: 5=====transform.position======== 
[14:54:03.4451][4186][Info]: 5=====transform.position======== 
[14:54:03.4611][4188][Info]: 5=====transform.position======== 
[14:54:03.4861][4191][Info]: 5=====transform.position======== 
[14:54:03.5021][4193][Info]: 5=====transform.position======== 
[14:54:03.5271][4196][Info]: 3=====transform.position======== 
[14:54:03.5431][4198][Info]: 1=====transform.position======== 
[14:54:03.5661][4201][Info]: 0=====transform.position======== 
[14:54:03.8442][4237][Info]: 2=====transform.position======== 
[14:54:03.8672][4240][Info]: 4=====transform.position======== 
[14:54:03.8882][4242][Info]: 5=====transform.position======== 
[14:54:03.9072][4244][Info]: 5=====transform.position======== 
[14:54:03.9231][4246][Info]: 5=====transform.position======== 
[14:54:03.9471][4249][Info]: 5=====transform.position======== 
[14:54:03.9631][4251][Info]: 5=====transform.position======== 
[14:54:03.9871][4254][Info]: 5=====transform.position======== 
[14:54:04.0031][4256][Info]: 5=====transform.position======== 
[14:54:04.0271][4259][Info]: 5=====transform.position======== 
[14:54:04.0551][4261][Info]: 5=====transform.position======== 
[14:54:04.0641][4262][Info]: 5=====transform.position======== 
[14:54:04.0811][4264][Info]: 5=====transform.position======== 
[14:54:04.1051][4267][Info]: 5=====transform.position======== 
[14:54:04.1211][4269][Info]: 5=====transform.position======== 
[14:54:04.1431][4272][Info]: 5=====transform.position======== 
[14:54:04.1661][4275][Info]: 5=====transform.position======== 
[14:54:04.1821][4277][Info]: 5=====transform.position======== 
[14:54:04.2051][4279][Info]: 5=====transform.position======== 
[14:54:04.2230][4281][Info]: 5=====transform.position======== 
[14:54:04.2468][4284][Info]: 5=====transform.position======== 
[14:54:04.2673][4286][Info]: 5=====transform.position======== 
[14:54:04.2833][4288][Info]: 5=====transform.position======== 
[14:54:04.3073][4291][Info]: 5=====transform.position======== 
[14:54:04.3233][4293][Info]: 5=====transform.position======== 
[14:54:04.3463][4295][Info]: 5=====transform.position======== 
[14:54:04.3613][4296][Info]: 5=====transform.position======== 
[14:54:04.3813][4298][Info]: 5=====transform.position======== 
[14:54:04.4023][4300][Info]: 5=====transform.position======== 
[14:54:04.4213][4302][Info]: 5=====transform.position======== 
[14:54:04.4493][4305][Info]: 5=====transform.position======== 
[14:54:04.4652][4306][Info]: 5=====transform.position======== 
[14:54:04.4812][4308][Info]: 5=====transform.position======== 
[14:54:04.5041][4310][Info]: 5=====transform.position======== 
[14:54:04.5231][4312][Info]: 3=====transform.position======== 
[14:54:04.5461][4315][Info]: 1=====transform.position======== 
[14:54:04.5621][4317][Info]: 0=====transform.position======== 
[14:54:05.3461][4423][Info]: 2=====transform.position======== 
[14:54:05.3621][4425][Info]: 4=====transform.position======== 
[14:54:05.3851][4428][Info]: 5=====transform.position======== 
[14:54:05.4010][4430][Info]: 5=====transform.position======== 
[14:54:05.4230][4432][Info]: 5=====transform.position======== 
[14:54:05.4437][4434][Info]: 5=====transform.position======== 
[14:54:05.4657][4437][Info]: 5=====transform.position======== 
[14:54:05.4866][4439][Info]: 5=====transform.position======== 
[14:54:05.5026][4441][Info]: 5=====transform.position======== 
[14:54:05.5262][4444][Info]: 5=====transform.position======== 
[14:54:05.5412][4446][Info]: 5=====transform.position======== 
[14:54:05.5672][4449][Info]: 5=====transform.position======== 
[14:54:05.5812][4450][Info]: 5=====transform.position======== 
[14:54:05.6012][4452][Info]: 3=====transform.position======== 
[14:54:05.6252][4455][Info]: 1=====transform.position======== 
[14:54:05.6492][4458][Info]: 0=====transform.position======== 
[14:54:06.4225][4562][Info]: 2=====transform.position======== 
[14:54:06.4446][4565][Info]: 4=====transform.position======== 
[14:54:06.4606][4567][Info]: 5=====transform.position======== 
[14:54:06.4846][4570][Info]: 5=====transform.position======== 
[14:54:06.5126][4572][Info]: 5=====transform.position======== 
[14:54:06.5126][4573][Info]: 5=====transform.position======== 
[14:54:06.5446][4576][Info]: 5=====transform.position======== 
[14:54:06.5626][4578][Info]: 5=====transform.position======== 
[14:54:06.5865][4581][Info]: 3=====transform.position======== 
[14:54:06.6035][4583][Info]: 1=====transform.position======== 
[14:54:06.6285][4586][Info]: 0=====transform.position======== 
[14:54:07.2241][4662][Info]: 2=====transform.position======== 
[14:54:07.2471][4665][Info]: 4=====transform.position======== 
[14:54:07.2631][4667][Info]: 5=====transform.position======== 
[14:54:07.2861][4670][Info]: 5=====transform.position======== 
[14:54:07.3031][4672][Info]: 5=====transform.position======== 
[14:54:07.3241][4674][Info]: 5=====transform.position======== 
[14:54:07.3411][4676][Info]: 5=====transform.position======== 
[14:54:07.3651][4679][Info]: 5=====transform.position======== 
[14:54:07.3871][4682][Info]: 5=====transform.position======== 
[14:54:07.4091][4684][Info]: 5=====transform.position======== 
[14:54:07.4221][4685][Info]: 5=====transform.position======== 
[14:54:07.4461][4688][Info]: 5=====transform.position======== 
[14:54:07.4611][4690][Info]: 5=====transform.position======== 
[14:54:07.4841][4693][Info]: 5=====transform.position======== 
[14:54:07.5081][4696][Info]: 5=====transform.position======== 
[14:54:07.5275][4698][Info]: 5=====transform.position======== 
[14:54:07.5435][4700][Info]: 5=====transform.position======== 
[14:54:07.5645][4702][Info]: 5=====transform.position======== 
[14:54:07.5855][4704][Info]: 5=====transform.position======== 
[14:54:07.6015][4706][Info]: 5=====transform.position======== 
[14:54:07.6245][4709][Info]: 5=====transform.position======== 
[14:54:07.6475][4712][Info]: 5=====transform.position======== 
[14:54:07.6635][4714][Info]: 5=====transform.position======== 
[14:54:07.6865][4717][Info]: 5=====transform.position======== 
[14:54:07.7025][4719][Info]: 5=====transform.position======== 
[14:54:07.7224][4721][Info]: 5=====transform.position======== 
[14:54:07.7414][4722][Info]: 5=====transform.position======== 
[14:54:07.7654][4725][Info]: 5=====transform.position======== 
[14:54:07.7814][4727][Info]: 5=====transform.position======== 
[14:54:07.8054][4730][Info]: 5=====transform.position======== 
[14:54:07.8224][4732][Info]: 5=====transform.position======== 
[14:54:07.8454][4735][Info]: 5=====transform.position======== 
[14:54:07.8624][4737][Info]: 5=====transform.position======== 
[14:54:07.8874][4739][Info]: 5=====transform.position======== 
[14:54:07.9044][4741][Info]: 5=====transform.position======== 
[14:54:07.9274][4744][Info]: 5=====transform.position======== 
[14:54:07.9414][4745][Info]: 5=====transform.position======== 
[14:54:07.9664][4748][Info]: 5=====transform.position======== 
[14:54:07.9854][4750][Info]: 5=====transform.position======== 
[14:54:08.0084][4752][Info]: 5=====transform.position======== 
[14:54:08.0303][4754][Info]: 5=====transform.position======== 
[14:54:08.0443][4755][Info]: 5=====transform.position======== 
[14:54:08.0603][4757][Info]: 3=====transform.position======== 
[14:54:08.0833][4760][Info]: 1=====transform.position======== 
[14:54:08.1063][4763][Info]: 0=====transform.position======== 
[14:54:09.5213][4958][Info]: 2=====transform.position======== 
[14:54:09.5443][4961][Info]: 4=====transform.position======== 
[14:54:09.5683][4963][Info]: 5=====transform.position======== 
[14:54:09.5813][4964][Info]: 5=====transform.position======== 
[14:54:09.6053][4967][Info]: 5=====transform.position======== 
[14:54:09.6213][4969][Info]: 5=====transform.position======== 
[14:54:09.6433][4972][Info]: 5=====transform.position======== 
[14:54:09.6672][4975][Info]: 5=====transform.position======== 
[14:54:09.6832][4977][Info]: 5=====transform.position======== 
[14:54:09.7062][4980][Info]: 5=====transform.position======== 
[14:54:09.7312][4982][Info]: 5=====transform.position======== 
[14:54:09.7472][4984][Info]: 5=====transform.position======== 
[14:54:09.7672][4986][Info]: 5=====transform.position======== 
[14:54:09.7832][4988][Info]: 5=====transform.position======== 
[14:54:09.8062][4991][Info]: 5=====transform.position======== 
[14:54:09.8222][4993][Info]: 5=====transform.position======== 
[14:54:09.8442][4996][Info]: 5=====transform.position======== 
[14:54:09.8612][4998][Info]: 5=====transform.position======== 
[14:54:09.8842][5000][Info]: 5=====transform.position======== 
[14:54:09.9022][5002][Info]: 5=====transform.position======== 
[14:54:09.9242][5005][Info]: 5=====transform.position======== 
[14:54:09.9412][5007][Info]: 5=====transform.position======== 
[14:54:09.9682][5010][Info]: 5=====transform.position======== 
[14:54:09.9852][5012][Info]: 5=====transform.position======== 
[14:54:10.0022][5014][Info]: 5=====transform.position======== 
[14:54:10.0251][5016][Info]: 5=====transform.position======== 
[14:54:10.0461][5018][Info]: 5=====transform.position======== 
[14:54:10.0621][5020][Info]: 5=====transform.position======== 
[14:54:10.0881][5023][Info]: 5=====transform.position======== 
[14:54:10.1041][5025][Info]: 3=====transform.position======== 
[14:54:10.1271][5028][Info]: 1=====transform.position======== 
[14:54:10.1431][5030][Info]: 0=====transform.position======== 
[14:54:10.6615][5100][Info]: 2=====transform.position======== 
[14:54:10.6835][5103][Info]: 4=====transform.position======== 
[14:54:10.7075][5106][Info]: 5=====transform.position======== 
[14:54:10.7235][5108][Info]: 5=====transform.position======== 
[14:54:10.7454][5111][Info]: 5=====transform.position======== 
[14:54:10.7614][5113][Info]: 5=====transform.position======== 
[14:54:10.7884][5116][Info]: 5=====transform.position======== 
[14:54:10.8014][5117][Info]: 5=====transform.position======== 
[14:54:10.8214][5119][Info]: 5=====transform.position======== 
[14:54:10.8434][5122][Info]: 5=====transform.position======== 
[14:54:10.8664][5125][Info]: 5=====transform.position======== 
[14:54:10.8824][5127][Info]: 5=====transform.position======== 
[14:54:10.9054][5130][Info]: 5=====transform.position======== 
[14:54:10.9214][5132][Info]: 5=====transform.position======== 
[14:54:10.9434][5135][Info]: 5=====transform.position======== 
[14:54:10.9664][5137][Info]: 5=====transform.position======== 
[14:54:10.9814][5139][Info]: 5=====transform.position======== 
[14:54:11.0024][5141][Info]: 5=====transform.position======== 
[14:54:11.0274][5144][Info]: 5=====transform.position======== 
[14:54:11.0453][5146][Info]: 5=====transform.position======== 
[14:54:11.0633][5148][Info]: 5=====transform.position======== 
[14:54:11.0873][5151][Info]: 5=====transform.position======== 
[14:54:11.1093][5153][Info]: 5=====transform.position======== 
[14:54:11.1243][5154][Info]: 5=====transform.position======== 
[14:54:11.1503][5157][Info]: 5=====transform.position======== 
[14:54:11.1673][5159][Info]: 5=====transform.position======== 
[14:54:11.1863][5161][Info]: 5=====transform.position======== 
[14:54:11.2063][5163][Info]: 5=====transform.position======== 
[14:54:11.2283][5165][Info]: 5=====transform.position======== 
[14:54:11.2453][5167][Info]: 5=====transform.position======== 
[14:54:11.2683][5169][Info]: 5=====transform.position======== 
[14:54:11.2823][5170][Info]: 5=====transform.position======== 
[14:54:11.3083][5173][Info]: 5=====transform.position======== 
[14:54:11.3273][5175][Info]: 5=====transform.position======== 
[14:54:11.3462][5177][Info]: 5=====transform.position======== 
[14:54:11.3672][5179][Info]: 3=====transform.position======== 
[14:54:11.3822][5181][Info]: 1=====transform.position======== 
[14:54:11.4073][5183][Info]: 0=====transform.position======== 
[14:54:13.1851][5422][Info]: 2=====transform.position======== 
[14:54:13.2020][5424][Info]: 4=====transform.position======== 
[14:54:13.2250][5427][Info]: 5=====transform.position======== 
[14:54:13.2487][5429][Info]: 5=====transform.position======== 
[14:54:13.2618][5430][Info]: 5=====transform.position======== 
[14:54:13.2848][5433][Info]: 5=====transform.position======== 
[14:54:13.3068][5436][Info]: 5=====transform.position======== 
[14:54:13.3228][5438][Info]: 5=====transform.position======== 
[14:54:13.3452][5441][Info]: 5=====transform.position======== 
[14:54:13.3612][5443][Info]: 5=====transform.position======== 
[14:54:13.3852][5446][Info]: 5=====transform.position======== 
[14:54:13.4072][5448][Info]: 5=====transform.position======== 
[14:54:13.4264][5450][Info]: 5=====transform.position======== 
[14:54:13.4454][5452][Info]: 5=====transform.position======== 
[14:54:13.4634][5454][Info]: 5=====transform.position======== 
[14:54:13.4874][5457][Info]: 5=====transform.position======== 
[14:54:13.5034][5459][Info]: 3=====transform.position======== 
[14:54:13.5271][5462][Info]: 1=====transform.position======== 
[14:54:13.5421][5464][Info]: 0=====transform.position======== 
[14:54:13.9073][5513][Info]: 2=====transform.position======== 
[14:54:13.9240][5515][Info]: 4=====transform.position======== 
[14:54:13.9467][5518][Info]: 5=====transform.position======== 
[14:54:13.9622][5520][Info]: 5=====transform.position======== 
[14:54:13.9862][5523][Info]: 5=====transform.position======== 
[14:54:14.0022][5525][Info]: 5=====transform.position======== 
[14:54:14.0313][5528][Info]: 5=====transform.position======== 
[14:54:14.0433][5529][Info]: 5=====transform.position======== 
[14:54:14.0643][5531][Info]: 5=====transform.position======== 
[14:54:14.0803][5533][Info]: 5=====transform.position======== 
[14:54:14.1022][5536][Info]: 5=====transform.position======== 
[14:54:14.1249][5539][Info]: 5=====transform.position======== 
[14:54:14.1429][5541][Info]: 5=====transform.position======== 
[14:54:14.1662][5544][Info]: 3=====transform.position======== 
[14:54:14.1872][5546][Info]: 1=====transform.position======== 
[14:54:14.2062][5548][Info]: 0=====transform.position======== 
[14:54:14.3279][5564][Info]: 2=====transform.position======== 
[14:54:14.3514][5566][Info]: 4=====transform.position======== 
[14:54:14.3674][5568][Info]: 5=====transform.position======== 
[14:54:14.3833][5570][Info]: 5=====transform.position======== 
[14:54:14.4013][5572][Info]: 5=====transform.position======== 
[14:54:14.4250][5575][Info]: 5=====transform.position======== 
[14:54:14.4420][5577][Info]: 5=====transform.position======== 
[14:54:14.4610][5579][Info]: 5=====transform.position======== 
[14:54:14.4840][5582][Info]: 5=====transform.position======== 
[14:54:14.5080][5584][Info]: 5=====transform.position======== 
[14:54:14.5240][5586][Info]: 5=====transform.position======== 
[14:54:14.5460][5589][Info]: 5=====transform.position======== 
[14:54:14.5619][5591][Info]: 5=====transform.position======== 
[14:54:14.5849][5594][Info]: 5=====transform.position======== 
[14:54:14.6019][5596][Info]: 5=====transform.position======== 
[14:54:14.6249][5599][Info]: 5=====transform.position======== 
[14:54:14.6521][5602][Info]: 5=====transform.position======== 
[14:54:14.6694][5603][Info]: 5=====transform.position======== 
[14:54:14.6854][5605][Info]: 5=====transform.position======== 
[14:54:14.7024][5607][Info]: 5=====transform.position======== 
[14:54:14.7260][5610][Info]: 5=====transform.position======== 
[14:54:14.7419][5612][Info]: 5=====transform.position======== 
[14:54:14.7654][5615][Info]: 5=====transform.position======== 
[14:54:14.7814][5617][Info]: 5=====transform.position======== 
[14:54:14.8104][5620][Info]: 5=====transform.position======== 
[14:54:14.8243][5621][Info]: 3=====transform.position======== 
[14:54:14.8412][5623][Info]: 1=====transform.position======== 
[14:54:14.8682][5626][Info]: 0=====transform.position======== 
[14:54:15.8060][5753][Info]: 2=====transform.position======== 
[14:54:15.8210][5755][Info]: 4=====transform.position======== 
[14:54:15.8450][5758][Info]: 5=====transform.position======== 
[14:54:15.8610][5760][Info]: 5=====transform.position======== 
[14:54:15.8810][5762][Info]: 5=====transform.position======== 
[14:54:15.9060][5764][Info]: 5=====transform.position======== 
[14:54:15.9230][5766][Info]: 5=====transform.position======== 
[14:54:15.9410][5768][Info]: 3=====transform.position======== 
[14:54:15.9640][5771][Info]: 1=====transform.position======== 
[14:54:15.9880][5774][Info]: 0=====transform.position======== 
[14:54:16.6662][5865][Info]: 2=====transform.position======== 
[14:54:16.6833][5867][Info]: 4=====transform.position======== 
[14:54:16.7112][5870][Info]: 5=====transform.position======== 
[14:54:16.7212][5871][Info]: 5=====transform.position======== 
[14:54:16.7452][5874][Info]: 5=====transform.position======== 
[14:54:16.7612][5876][Info]: 5=====transform.position======== 
[14:54:16.7862][5879][Info]: 5=====transform.position======== 
[14:54:16.8112][5881][Info]: 5=====transform.position======== 
[14:54:16.8112][5882][Info]: 3=====transform.position======== 
[14:54:16.8442][5885][Info]: 1=====transform.position======== 
[14:54:16.8612][5887][Info]: 0=====transform.position======== 
[14:54:17.4640][5968][Info]: 2=====transform.position======== 
[14:54:17.4870][5971][Info]: 4=====transform.position======== 
[14:54:17.5030][5973][Info]: 5=====transform.position======== 
[14:54:17.5220][5975][Info]: 5=====transform.position======== 
[14:54:17.5450][5978][Info]: 5=====transform.position======== 
[14:54:17.5660][5980][Info]: 5=====transform.position======== 
[14:54:17.5850][5982][Info]: 5=====transform.position======== 
[14:54:17.6020][5984][Info]: 5=====transform.position======== 
[14:54:17.6260][5987][Info]: 3=====transform.position======== 
[14:54:17.6420][5989][Info]: 1=====transform.position======== 
[14:54:17.6639][5992][Info]: 0=====transform.position======== 
[14:54:18.4852][6098][Info]: 2=====transform.position======== 
[14:54:18.5022][6100][Info]: 4=====transform.position======== 
[14:54:18.5262][6102][Info]: 5=====transform.position======== 
[14:54:18.5412][6103][Info]: 5=====transform.position======== 
[14:54:18.5692][6106][Info]: 5=====transform.position======== 
[14:54:18.5882][6108][Info]: 5=====transform.position======== 
[14:54:18.6072][6110][Info]: 5=====transform.position======== 
[14:54:18.6262][6112][Info]: 3=====transform.position======== 
[14:54:18.6442][6113][Info]: 1=====transform.position======== 
[14:54:18.6661][6115][Info]: 0=====transform.position======== 
[14:54:19.0280][6159][Info]: 2=====transform.position======== 
[14:54:19.0442][6161][Info]: 4=====transform.position======== 
[14:54:19.0662][6164][Info]: 5=====transform.position======== 
[14:54:19.0822][6166][Info]: 5=====transform.position======== 
[14:54:19.1022][6168][Info]: 5=====transform.position======== 
[14:54:19.1212][6170][Info]: 5=====transform.position======== 
[14:54:19.1432][6173][Info]: 5=====transform.position======== 
[14:54:19.1642][6175][Info]: 5=====transform.position======== 
[14:54:19.1872][6178][Info]: 5=====transform.position======== 
[14:54:19.2032][6180][Info]: 5=====transform.position======== 
[14:54:19.2262][6183][Info]: 5=====transform.position======== 
[14:54:19.2431][6185][Info]: 5=====transform.position======== 
[14:54:19.2682][6187][Info]: 5=====transform.position======== 
[14:54:19.2851][6189][Info]: 3=====transform.position======== 
[14:54:19.3021][6191][Info]: 1=====transform.position======== 
[14:54:19.3251][6194][Info]: 0=====transform.position======== 
[14:54:19.9664][6280][Info]: 2=====transform.position======== 
[14:54:19.9814][6282][Info]: 4=====transform.position======== 
[14:54:20.0044][6285][Info]: 5=====transform.position======== 
[14:54:20.0264][6287][Info]: 5=====transform.position======== 
[14:54:20.0464][6289][Info]: 5=====transform.position======== 
[14:54:20.0634][6291][Info]: 5=====transform.position======== 
[14:54:20.0884][6294][Info]: 3=====transform.position======== 
[14:54:20.1034][6296][Info]: 1=====transform.position======== 
[14:54:20.1224][6297][Info]: 0=====transform.position======== 
[14:54:20.7042][6375][Info]: 2=====transform.position======== 
[14:54:20.7262][6378][Info]: 4=====transform.position======== 
[14:54:20.7422][6380][Info]: 5=====transform.position======== 
[14:54:20.7662][6383][Info]: 5=====transform.position======== 
[14:54:20.7882][6385][Info]: 5=====transform.position======== 
[14:54:20.8122][6387][Info]: 5=====transform.position======== 
[14:54:20.8282][6389][Info]: 5=====transform.position======== 
[14:54:20.8442][6391][Info]: 5=====transform.position======== 
[14:54:20.8672][6394][Info]: 5=====transform.position======== 
[14:54:20.8832][6396][Info]: 5=====transform.position======== 
[14:54:20.9061][6399][Info]: 5=====transform.position======== 
[14:54:20.9231][6401][Info]: 5=====transform.position======== 
[14:54:20.9511][6404][Info]: 5=====transform.position======== 
[14:54:20.9641][6405][Info]: 5=====transform.position======== 
[14:54:20.9901][6408][Info]: 5=====transform.position======== 
[14:54:21.0061][6410][Info]: 5=====transform.position======== 
[14:54:21.0231][6412][Info]: 5=====transform.position======== 
[14:54:21.0471][6415][Info]: 5=====transform.position======== 
[14:54:21.0631][6417][Info]: 5=====transform.position======== 
[14:54:21.0851][6420][Info]: 5=====transform.position======== 
[14:54:21.1051][6422][Info]: 5=====transform.position======== 
[14:54:21.1251][6424][Info]: 5=====transform.position======== 
[14:54:21.1411][6426][Info]: 5=====transform.position======== 
[14:54:21.1641][6429][Info]: 5=====transform.position======== 
[14:54:21.1921][6432][Info]: 5=====transform.position======== 
[14:54:21.2021][6433][Info]: 5=====transform.position======== 
[14:54:21.2263][6436][Info]: 5=====transform.position======== 
[14:54:21.2426][6438][Info]: 5=====transform.position======== 
[14:54:21.2646][6440][Info]: 5=====transform.position======== 
[14:54:21.2856][6442][Info]: 5=====transform.position======== 
[14:54:21.3016][6444][Info]: 5=====transform.position======== 
[14:54:21.3255][6447][Info]: 5=====transform.position======== 
[14:54:21.3405][6449][Info]: 5=====transform.position======== 
[14:54:21.3645][6452][Info]: 5=====transform.position======== 
[14:54:21.3825][6454][Info]: 5=====transform.position======== 
[14:54:21.4035][6456][Info]: 5=====transform.position======== 
[14:54:21.4285][6458][Info]: 5=====transform.position======== 
[14:54:21.4455][6460][Info]: 5=====transform.position======== 
[14:54:21.4625][6462][Info]: 5=====transform.position======== 
[14:54:21.4875][6465][Info]: 5=====transform.position======== 
[14:54:21.5035][6467][Info]: 5=====transform.position======== 
[14:54:21.5275][6470][Info]: 5=====transform.position======== 
[14:54:21.5435][6472][Info]: 5=====transform.position======== 
[14:54:21.5645][6474][Info]: 5=====transform.position======== 
[14:54:21.5855][6476][Info]: 5=====transform.position======== 
[14:54:21.6055][6478][Info]: 5=====transform.position======== 
[14:54:21.6214][6480][Info]: 5=====transform.position======== 
[14:54:21.6464][6483][Info]: 5=====transform.position======== 
[14:54:21.6635][6485][Info]: 5=====transform.position======== 
[14:54:21.6864][6488][Info]: 5=====transform.position======== 
[14:54:21.7024][6490][Info]: 5=====transform.position======== 
[14:54:21.7244][6492][Info]: 5=====transform.position======== 
[14:54:21.7444][6494][Info]: 5=====transform.position======== 
[14:54:21.7674][6497][Info]: 5=====transform.position======== 
[14:54:21.7844][6499][Info]: 5=====transform.position======== 
[14:54:21.8044][6501][Info]: 5=====transform.position======== 
[14:54:21.8214][6503][Info]: 5=====transform.position======== 
[14:54:21.8504][6506][Info]: 5=====transform.position======== 
[14:54:21.8694][6508][Info]: 5=====transform.position======== 
[14:54:21.8854][6509][Info]: 5=====transform.position======== 
[14:54:21.9084][6511][Info]: 5=====transform.position======== 
[14:54:21.9273][6513][Info]: 5=====transform.position======== 
[14:54:21.9463][6515][Info]: 5=====transform.position======== 
[14:54:21.9653][6517][Info]: 5=====transform.position======== 
[14:54:21.9843][6519][Info]: 5=====transform.position======== 
[14:54:22.0053][6521][Info]: 5=====transform.position======== 
[14:54:22.0253][6523][Info]: 5=====transform.position======== 
[14:54:22.0413][6524][Info]: 5=====transform.position======== 
[14:54:22.0643][6526][Info]: 5=====transform.position======== 
[14:54:22.0833][6528][Info]: 5=====transform.position======== 
[14:54:22.1003][6530][Info]: 5=====transform.position======== 
[14:54:22.1283][6533][Info]: 3=====transform.position======== 
[14:54:22.1463][6535][Info]: 1=====transform.position======== 
[14:54:22.1653][6537][Info]: 0=====transform.position======== 
