[13:57:17.7470][1][Info]: enter Launch procedure 
[13:57:17.9840][1][Info]: ===>加载配置 
[13:57:20.3997][1][Info]: ===>开始解析BuffConfig 
[13:57:20.4147][1][Info]: <===解析BuffConfig完毕 
[13:57:20.4177][1][Info]: ===>开始解析SkillConfig 
[13:57:20.4427][1][Info]: <===解析SkillConfig完毕 
[13:57:20.4597][1][Info]: <===配置加载完毕 
[13:57:20.6326][2][Info]: enter Init Procedure 
[13:57:20.6576][2][Warn]: Not found awake system:<PlayerComponent> 
[13:57:25.5435][371][Info]: 登录 
[13:57:25.5675][371][Info]: 1001 
[13:57:25.5795][371][Info]: 大厅阶段 
[13:57:25.6834][372][Info]: Scene Add Entity, Current Count:1 
[13:57:30.9843][810][Info]: (0.00, 0.00, 0.00)=======inputDirection============ 
[13:57:30.9843][810][Info]: Scene Remove Entity, Current Count:0 
[13:57:30.9843][810][Info]: Scene Add Entity, Current Count:1 
[13:57:31.1527][811][Info]: (0.00, 0.00, 0.00)=======inputDirection============ 
[13:57:31.3027][812][Info]: (0.00, 0.00, 0.00)=======inputDirection============ 
[13:57:31.4187][813][Info]: (0.00, 0.00, 0.00)=======inputDirection============ 
[13:57:31.4417][814][Info]: (0.00, 0.00, 0.00)=======inputDirection============ 
[13:57:31.4547][815][Info]: (0.00, 0.00, 0.00)=======inputDirection============ 
[13:57:31.4647][816][Info]: (0.00, 0.00, 0.00)=======inputDirection============ 
[13:57:31.4647][817][Info]: (0.00, 0.00, 0.00)=======inputDirection============ 
[13:57:31.4807][818][Info]: (0.00, 0.00, 0.00)=======inputDirection============ 
[13:57:31.4807][819][Info]: (0.00, 0.00, 0.00)=======inputDirection============ 
[13:57:31.4986][820][Info]: (0.00, 0.00, 0.00)=======inputDirection============ 
[13:57:31.4986][821][Info]: (0.00, 0.00, 0.00)=======inputDirection============ 
[13:57:31.5206][822][Info]: (0.00, 0.00, 0.00)=======inputDirection============ 
[13:57:31.5326][823][Info]: (0.00, 0.00, 0.00)=======inputDirection============ 
[13:57:31.5416][824][Info]: (0.00, 0.00, 0.00)=======inputDirection============ 
[13:57:31.5416][825][Info]: (0.00, 0.00, 0.00)=======inputDirection============ 
[13:57:31.5586][826][Info]: (0.00, 0.00, 0.00)=======inputDirection============ 
[13:57:31.5586][827][Info]: (0.00, 0.00, 0.00)=======inputDirection============ 
[13:57:31.5806][828][Info]: (0.00, 0.00, 0.00)=======inputDirection============ 
[13:57:31.5906][829][Info]: (0.00, 0.00, 0.00)=======inputDirection============ 
[13:57:31.5906][830][Info]: (0.00, 0.00, 0.00)=======inputDirection============ 
[13:57:31.6076][831][Info]: (0.00, 0.00, 0.00)=======inputDirection============ 
[13:57:31.6076][832][Info]: (0.00, 0.00, 0.00)=======inputDirection============ 
[13:57:31.6256][833][Info]: (0.00, 0.00, 0.00)=======inputDirection============ 
[13:57:31.6256][834][Info]: (0.00, 0.00, 0.00)=======inputDirection============ 
[13:57:31.6416][835][Info]: (0.00, 0.00, 0.00)=======inputDirection============ 
[13:57:31.6506][836][Info]: (0.00, 0.00, 0.00)=======inputDirection============ 
[13:57:31.6506][837][Info]: (0.00, 0.00, 0.00)=======inputDirection============ 
[13:57:31.6726][838][Info]: (0.00, 0.00, 0.00)=======inputDirection============ 
[13:57:31.6866][839][Info]: (0.00, 0.00, 0.00)=======inputDirection============ 
[13:57:31.6866][840][Info]: (0.00, 0.00, 0.00)=======inputDirection============ 
[13:57:31.7046][841][Info]: (0.00, 0.00, 0.00)=======inputDirection============ 
[13:57:31.7126][842][Info]: (0.00, 0.00, 0.00)=======inputDirection============ 
[13:57:31.7126][843][Info]: (0.00, 0.00, 0.00)=======inputDirection============ 
[13:57:31.7316][844][Info]: (0.00, 0.00, 0.00)=======inputDirection============ 
[13:57:31.7316][845][Info]: (0.00, 0.00, 0.00)=======inputDirection============ 
[13:57:31.7496][846][Info]: (0.00, 0.00, 0.00)=======inputDirection============ 
[13:57:31.7496][847][Info]: (0.00, 0.00, 0.00)=======inputDirection============ 
[13:57:31.7676][848][Info]: (0.00, 0.00, 0.00)=======inputDirection============ 
[13:57:31.7805][849][Info]: (0.00, 0.00, 0.00)=======inputDirection============ 
[13:57:31.7805][850][Info]: (0.00, 0.00, 0.00)=======inputDirection============ 
[13:57:31.7986][851][Info]: (0.00, 0.00, 0.00)=======inputDirection============ 
[13:57:31.8065][852][Info]: (0.00, 0.00, 0.00)=======inputDirection============ 
[13:57:31.8065][853][Info]: (0.00, 0.00, 0.00)=======inputDirection============ 
[13:57:31.8285][854][Info]: (0.00, 0.00, 0.00)=======inputDirection============ 
[13:57:31.8415][855][Info]: (0.00, 0.00, 0.00)=======inputDirection============ 
[13:57:31.8415][856][Info]: (0.00, 0.00, 0.00)=======inputDirection============ 
[13:57:31.8585][857][Info]: (0.00, 0.00, 0.00)=======inputDirection============ 
[13:57:31.8585][858][Info]: (0.00, 0.00, 0.00)=======inputDirection============ 
[13:57:31.8765][859][Info]: (0.00, 0.00, 0.00)=======inputDirection============ 
[13:57:31.8855][860][Info]: (0.00, 0.00, 0.00)=======inputDirection============ 
[13:57:31.8855][861][Info]: (0.00, 0.00, 0.00)=======inputDirection============ 
[13:57:31.9015][862][Info]: (0.00, 0.00, 0.00)=======inputDirection============ 
[13:57:31.9015][863][Info]: (0.00, 0.00, 0.00)=======inputDirection============ 
[13:57:31.9195][864][Info]: (0.00, 0.00, 0.00)=======inputDirection============ 
[13:57:31.9195][865][Info]: (0.00, 0.00, 0.00)=======inputDirection============ 
[13:57:31.9365][866][Info]: (0.00, 0.00, 0.00)=======inputDirection============ 
[13:57:31.9365][867][Info]: (0.00, 0.00, 0.00)=======inputDirection============ 
[13:57:31.9545][868][Info]: (0.00, 0.00, 0.00)=======inputDirection============ 
[13:57:31.9625][869][Info]: (0.00, 0.00, 0.00)=======inputDirection============ 
[13:57:31.9625][870][Info]: (0.00, 0.00, 0.00)=======inputDirection============ 
[13:57:31.9885][871][Info]: (0.00, 0.00, 0.00)=======inputDirection============ 
[13:57:32.0015][872][Info]: (0.00, 0.00, 0.00)=======inputDirection============ 
[13:57:32.0105][873][Info]: (0.00, 0.00, 0.00)=======inputDirection============ 
[13:57:32.0105][874][Info]: (0.00, 0.00, 0.00)=======inputDirection============ 
[13:57:32.0285][875][Info]: (0.00, 0.00, 0.00)=======inputDirection============ 
[13:57:32.0285][876][Info]: (0.00, 0.00, 0.00)=======inputDirection============ 
[13:57:32.0475][877][Info]: (0.00, 0.00, 0.00)=======inputDirection============ 
[13:57:32.0475][878][Info]: (0.00, 0.00, 0.00)=======inputDirection============ 
[13:57:32.0635][879][Info]: (0.00, 0.00, 0.00)=======inputDirection============ 
[13:57:32.0635][880][Info]: (0.00, 0.00, 0.00)=======inputDirection============ 
[13:57:32.0804][881][Info]: (0.00, 0.00, 0.00)=======inputDirection============ 
[13:57:32.0884][882][Info]: (0.00, 0.00, 0.00)=======inputDirection============ 
[13:57:32.0884][883][Info]: (0.00, 0.00, 0.00)=======inputDirection============ 
[13:57:32.1054][884][Info]: (0.00, 0.00, 0.00)=======inputDirection============ 
[13:57:32.1054][885][Info]: (0.00, 0.00, 0.00)=======inputDirection============ 
[13:57:32.1224][886][Info]: (0.00, 0.00, 0.00)=======inputDirection============ 
[13:57:32.1354][887][Info]: (0.00, 0.00, 0.00)=======inputDirection============ 
[13:57:32.1354][888][Info]: (0.00, 0.00, 0.00)=======inputDirection============ 
[13:57:32.1574][889][Info]: (0.00, 0.00, 0.00)=======inputDirection============ 
[13:57:32.1664][890][Info]: (0.00, 0.00, 0.00)=======inputDirection============ 
[13:57:32.1664][891][Info]: (0.00, 0.00, 0.00)=======inputDirection============ 
[13:57:32.1884][892][Info]: (0.00, 0.00, 0.00)=======inputDirection============ 
[13:57:32.1974][893][Info]: (0.00, 0.00, 0.00)=======inputDirection============ 
[13:57:32.1974][894][Info]: (0.00, 0.00, 0.00)=======inputDirection============ 
[13:57:32.2164][895][Info]: (0.00, 0.00, 0.00)=======inputDirection============ 
[13:57:32.2164][896][Info]: (0.00, 0.00, 0.00)=======inputDirection============ 
[13:57:32.2354][897][Info]: (0.00, 0.00, 0.00)=======inputDirection============ 
[13:57:32.2444][898][Info]: (0.00, 0.00, 0.00)=======inputDirection============ 
[13:57:32.2444][899][Info]: (0.00, 0.00, 0.00)=======inputDirection============ 
[13:57:32.2634][900][Info]: (0.00, 0.00, 0.00)=======inputDirection============ 
[13:57:32.2634][901][Info]: (0.00, 0.00, 0.00)=======inputDirection============ 
[13:57:32.2864][902][Info]: (0.00, 0.00, 0.00)=======inputDirection============ 
[13:57:32.2984][903][Info]: (0.00, 0.00, 0.00)=======inputDirection============ 
[13:57:32.3084][904][Info]: (0.00, 0.00, 0.00)=======inputDirection============ 
[13:57:32.3084][905][Info]: (0.00, 0.00, 0.00)=======inputDirection============ 
[13:57:32.3274][906][Info]: (0.00, 0.00, 0.00)=======inputDirection============ 
[13:57:32.3274][907][Info]: (0.00, 0.00, 0.00)=======inputDirection============ 
[13:57:32.3474][908][Info]: (0.00, 0.00, 0.00)=======inputDirection============ 
[13:57:32.3554][909][Info]: (0.00, 0.00, 0.00)=======inputDirection============ 
[13:57:32.3554][910][Info]: (0.00, 0.00, 0.00)=======inputDirection============ 
[13:57:32.3784][911][Info]: (0.00, 0.00, 0.00)=======inputDirection============ 
[13:57:32.3944][912][Info]: (0.00, 0.00, 0.00)=======inputDirection============ 
[13:57:32.4043][913][Info]: (0.00, 0.00, 0.00)=======inputDirection============ 
[13:57:32.4043][914][Info]: (0.00, 0.00, 0.00)=======inputDirection============ 
[13:57:32.4233][915][Info]: (0.00, 0.00, 0.00)=======inputDirection============ 
[13:57:32.4373][916][Info]: (0.00, 0.00, 0.00)=======inputDirection============ 
[13:57:32.4503][917][Info]: (0.00, 0.00, 0.00)=======inputDirection============ 
[13:57:32.4503][918][Info]: (0.00, 0.00, 0.00)=======inputDirection============ 
[13:57:32.4713][919][Info]: (0.00, 0.00, 0.00)=======inputDirection============ 
[13:57:32.4833][920][Info]: (0.00, 0.00, 0.00)=======inputDirection============ 
[13:57:32.4943][921][Info]: (0.00, 0.00, 0.00)=======inputDirection============ 
[13:57:32.4943][922][Info]: (0.00, 0.00, 0.00)=======inputDirection============ 
[13:57:32.5143][923][Info]: (0.00, 0.00, 0.00)=======inputDirection============ 
[13:57:32.5143][924][Info]: (0.00, 0.00, 0.00)=======inputDirection============ 
[13:57:32.5313][925][Info]: (0.00, 0.00, 0.00)=======inputDirection============ 
[13:57:32.5313][926][Info]: (0.00, 0.00, 0.00)=======inputDirection============ 
[13:57:32.5513][927][Info]: (0.00, 0.00, 0.00)=======inputDirection============ 
[13:57:32.5593][928][Info]: (0.00, 0.00, 0.00)=======inputDirection============ 
[13:57:32.5593][929][Info]: (0.00, 0.00, 0.00)=======inputDirection============ 
[13:57:32.5773][930][Info]: (0.00, 0.00, 0.00)=======inputDirection============ 
[13:57:32.5893][931][Info]: (0.00, 0.00, 0.00)=======inputDirection============ 
[13:57:32.6063][932][Info]: (0.00, 0.00, 0.00)=======inputDirection============ 
[13:57:32.6063][933][Info]: (0.00, 0.00, 0.00)=======inputDirection============ 
[13:57:32.6233][934][Info]: (0.00, 0.00, 0.00)=======inputDirection============ 
[13:57:32.6233][935][Info]: (0.00, 0.00, 0.00)=======inputDirection============ 
[13:57:32.6393][936][Info]: (0.00, 0.00, 0.00)=======inputDirection============ 
[13:57:32.6393][937][Info]: (0.00, 0.00, 0.00)=======inputDirection============ 
[13:57:32.6563][938][Info]: (0.00, 0.00, 0.00)=======inputDirection============ 
[13:57:32.6563][939][Info]: (0.00, 0.00, 0.00)=======inputDirection============ 
[13:57:32.6723][940][Info]: (0.00, 0.00, 0.00)=======inputDirection============ 
[13:57:32.6813][941][Info]: (0.00, 0.00, 0.00)=======inputDirection============ 
[13:57:32.6813][942][Info]: (0.00, 0.00, 0.00)=======inputDirection============ 
[13:57:32.6973][943][Info]: (0.00, 0.00, 0.00)=======inputDirection============ 
[13:57:32.6973][944][Info]: (0.00, 0.00, 0.00)=======inputDirection============ 
[13:57:32.7172][945][Info]: (0.00, 0.00, 0.00)=======inputDirection============ 
[13:57:32.7172][946][Info]: (0.00, 0.00, 0.00)=======inputDirection============ 
[13:57:32.7414][947][Info]: (0.00, 0.00, 0.00)=======inputDirection============ 
[13:57:32.7544][948][Info]: (0.00, 0.00, 0.00)=======inputDirection============ 
[13:57:32.7643][949][Info]: (0.00, 0.00, 0.00)=======inputDirection============ 
[13:57:32.7643][950][Info]: (0.00, 0.00, 0.00)=======inputDirection============ 
[13:57:32.7833][951][Info]: (0.00, 0.00, 0.00)=======inputDirection============ 
[13:57:32.7933][952][Info]: (0.00, 0.00, 0.00)=======inputDirection============ 
[13:57:32.8083][953][Info]: (0.00, 0.00, 0.00)=======inputDirection============ 
[13:57:32.8083][954][Info]: (0.00, 0.00, 0.00)=======inputDirection============ 
[13:57:32.8263][955][Info]: (0.00, 0.00, 0.00)=======inputDirection============ 
[13:57:32.8263][956][Info]: (0.00, 0.00, 0.00)=======inputDirection============ 
[13:57:32.8463][957][Info]: (0.00, 0.00, 0.00)=======inputDirection============ 
[13:57:32.8563][958][Info]: (0.00, 0.00, 0.00)=======inputDirection============ 
[13:57:32.8563][959][Info]: (0.00, 0.00, 0.00)=======inputDirection============ 
[13:57:32.8773][960][Info]: (0.00, 0.00, 0.00)=======inputDirection============ 
[13:57:32.8903][961][Info]: (0.00, 0.00, 0.00)=======inputDirection============ 
[13:57:32.9043][962][Info]: (0.00, 0.00, 0.00)=======inputDirection============ 
[13:57:32.9183][963][Info]: (0.00, 0.00, 0.00)=======inputDirection============ 
[13:57:32.9183][964][Info]: (0.00, 0.00, 0.00)=======inputDirection============ 
[13:57:32.9363][965][Info]: (0.00, 0.00, 0.00)=======inputDirection============ 
[13:57:32.9473][966][Info]: (0.00, 0.00, 0.00)=======inputDirection============ 
[13:57:32.9473][967][Info]: (0.00, 0.00, 0.00)=======inputDirection============ 
[13:57:32.9653][968][Info]: (0.00, 0.00, 0.00)=======inputDirection============ 
[13:57:32.9653][969][Info]: (0.00, 0.00, 0.00)=======inputDirection============ 
[13:57:32.9833][970][Info]: (0.00, 0.00, 0.00)=======inputDirection============ 
[13:57:32.9833][971][Info]: (0.00, 0.00, 0.00)=======inputDirection============ 
[13:57:33.0013][972][Info]: (0.00, 0.00, 0.00)=======inputDirection============ 
[13:57:33.0143][973][Info]: (0.00, 0.00, 0.00)=======inputDirection============ 
[13:57:33.0143][974][Info]: (0.00, 0.00, 0.00)=======inputDirection============ 
[13:57:33.0327][975][Info]: (0.00, 0.00, 0.00)=======inputDirection============ 
[13:57:33.0417][976][Info]: (0.00, 0.00, 0.00)=======inputDirection============ 
[13:57:33.0417][977][Info]: (0.00, 0.00, 0.00)=======inputDirection============ 
[13:57:33.0697][978][Info]: (0.00, 0.00, 0.00)=======inputDirection============ 
[13:57:33.0787][979][Info]: (0.00, 0.00, 0.00)=======inputDirection============ 
[13:57:33.0917][980][Info]: (0.00, 0.00, 0.00)=======inputDirection============ 
[13:57:33.1357][981][Info]: (0.00, 0.00, 0.00)=======inputDirection============ 
[13:57:33.1357][982][Info]: (0.00, 0.00, 0.00)=======inputDirection============ 
[13:57:33.1527][983][Info]: (0.00, 0.00, 0.00)=======inputDirection============ 
[13:57:33.1527][984][Info]: (0.00, 0.00, 0.00)=======inputDirection============ 
[13:57:33.1697][985][Info]: (0.00, 0.00, 0.00)=======inputDirection============ 
[13:57:33.1697][986][Info]: (0.00, 0.00, 0.00)=======inputDirection============ 
[13:57:33.1877][987][Info]: (0.00, 0.00, 0.00)=======inputDirection============ 
[13:57:33.1877][988][Info]: (0.00, 0.00, 0.00)=======inputDirection============ 
[13:57:33.2117][989][Info]: (0.00, 0.00, 0.00)=======inputDirection============ 
[13:57:33.2277][990][Info]: (0.00, 0.00, 0.00)=======inputDirection============ 
[13:57:33.2357][991][Info]: (0.00, 0.00, 0.00)=======inputDirection============ 
[13:57:33.2447][992][Info]: (0.00, 0.00, 0.00)=======inputDirection============ 
[13:57:33.2447][993][Info]: (0.00, 0.00, 0.00)=======inputDirection============ 
[13:57:33.2616][994][Info]: (0.00, 0.00, 0.00)=======inputDirection============ 
[13:57:33.2616][995][Info]: (0.00, 0.00, 0.00)=======inputDirection============ 
[13:57:33.2786][996][Info]: (0.00, 0.00, 0.00)=======inputDirection============ 
[13:57:33.2786][997][Info]: (0.00, 0.00, 0.00)=======inputDirection============ 
[13:57:33.2966][998][Info]: (0.00, 0.00, 0.00)=======inputDirection============ 
[13:57:33.3066][999][Info]: (0.00, 0.00, 0.00)=======inputDirection============ 
[13:57:33.3066][1000][Info]: (0.00, 0.00, 0.00)=======inputDirection============ 
[13:57:33.3236][1001][Info]: (0.00, 0.00, 0.00)=======inputDirection============ 
[13:57:33.3236][1002][Info]: (0.00, 0.00, 0.00)=======inputDirection============ 
[13:57:33.3396][1003][Info]: (0.00, 0.00, 0.00)=======inputDirection============ 
[13:57:33.3396][1004][Info]: (0.00, 0.00, 0.00)=======inputDirection============ 
[13:57:33.3616][1005][Info]: (0.00, 0.00, 0.00)=======inputDirection============ 
[13:57:33.3746][1006][Info]: (0.00, 0.00, 0.00)=======inputDirection============ 
[13:57:33.3746][1007][Info]: (0.00, 0.00, 0.00)=======inputDirection============ 
[13:57:33.3916][1008][Info]: (0.00, 0.00, 0.00)=======inputDirection============ 
[13:57:33.4006][1009][Info]: (0.00, 0.00, 0.00)=======inputDirection============ 
[13:57:33.4006][1010][Info]: (0.00, 0.00, 0.00)=======inputDirection============ 
[13:57:33.4186][1011][Info]: (0.00, 0.00, 0.00)=======inputDirection============ 
[13:57:33.4316][1012][Info]: (0.00, 0.00, 0.00)=======inputDirection============ 
[13:57:33.4316][1013][Info]: (0.00, 0.00, 0.00)=======inputDirection============ 
[13:57:33.4486][1014][Info]: (0.00, 0.00, 0.00)=======inputDirection============ 
[13:57:33.4486][1015][Info]: (0.00, 0.00, 0.00)=======inputDirection============ 
[13:57:33.4666][1016][Info]: (0.00, 0.00, 0.00)=======inputDirection============ 
[13:57:33.4836][1017][Info]: (0.00, 0.00, 0.00)=======inputDirection============ 
[13:57:33.4966][1018][Info]: (0.00, 0.00, 0.00)=======inputDirection============ 
[13:57:33.4966][1019][Info]: (0.00, 0.00, 0.00)=======inputDirection============ 
[13:57:33.5166][1020][Info]: (0.00, 0.00, 0.00)=======inputDirection============ 
[13:57:33.5306][1021][Info]: (0.00, 0.00, 0.00)=======inputDirection============ 
[13:57:33.5306][1022][Info]: (0.00, 0.00, 0.00)=======inputDirection============ 
[13:57:33.5466][1023][Info]: (0.00, 0.00, 0.00)=======inputDirection============ 
[13:57:33.5466][1024][Info]: (0.00, 0.00, 0.00)=======inputDirection============ 
[13:57:33.5615][1025][Info]: (0.00, 0.00, 0.00)=======inputDirection============ 
[13:57:33.5615][1026][Info]: (0.00, 0.00, 0.00)=======inputDirection============ 
[13:57:33.5785][1027][Info]: (0.00, 0.00, 0.00)=======inputDirection============ 
[13:57:33.5875][1028][Info]: (0.00, 0.00, 0.00)=======inputDirection============ 
[13:57:33.5875][1029][Info]: (0.00, 0.00, 0.00)=======inputDirection============ 
[13:57:33.6095][1030][Info]: (0.00, 0.00, 0.00)=======inputDirection============ 
[13:57:33.6195][1031][Info]: (0.00, 0.00, 0.00)=======inputDirection============ 
[13:57:33.6195][1032][Info]: (0.00, 0.00, 0.00)=======inputDirection============ 
[13:57:33.6415][1033][Info]: (0.00, 0.00, 0.00)=======inputDirection============ 
[13:57:33.6545][1034][Info]: (0.00, 0.00, 0.00)=======inputDirection============ 
[13:57:33.6695][1035][Info]: (0.00, 0.00, 0.00)=======inputDirection============ 
[13:57:33.6865][1036][Info]: (0.00, 0.00, 0.00)=======inputDirection============ 
[13:57:33.6865][1037][Info]: (0.00, 0.00, 0.00)=======inputDirection============ 
[13:57:33.7055][1038][Info]: (0.00, 0.00, 0.00)=======inputDirection============ 
[13:57:33.7145][1039][Info]: (0.00, 0.00, 0.00)=======inputDirection============ 
[13:57:33.7285][1040][Info]: (0.00, 0.00, 0.00)=======inputDirection============ 
[13:57:33.7285][1041][Info]: (0.00, 0.00, 0.00)=======inputDirection============ 
[13:57:33.7495][1042][Info]: (0.00, 0.00, 0.00)=======inputDirection============ 
[13:57:33.7495][1043][Info]: (0.00, 0.00, 0.00)=======inputDirection============ 
[13:57:33.7685][1044][Info]: (0.00, 0.00, 0.00)=======inputDirection============ 
[13:57:33.7805][1045][Info]: (0.00, 0.00, 0.00)=======inputDirection============ 
[13:57:33.7955][1046][Info]: (0.00, 0.00, 0.00)=======inputDirection============ 
[13:57:33.7955][1047][Info]: (0.00, 0.00, 0.00)=======inputDirection============ 
[13:57:33.8145][1048][Info]: (0.00, 0.00, 0.00)=======inputDirection============ 
[13:57:33.8295][1049][Info]: (0.00, 0.00, 0.00)=======inputDirection============ 
[13:57:33.8475][1050][Info]: (0.00, 0.00, 0.00)=======inputDirection============ 
[13:57:33.8635][1051][Info]: (0.00, 0.00, 0.00)=======inputDirection============ 
[13:57:33.8774][1052][Info]: (0.00, 0.00, 0.00)=======inputDirection============ 
[13:57:33.8884][1053][Info]: (0.00, 0.00, 0.00)=======inputDirection============ 
[13:57:33.8884][1054][Info]: (0.00, 0.00, 0.00)=======inputDirection============ 
[13:57:33.9074][1055][Info]: (0.00, 0.00, 0.00)=======inputDirection============ 
[13:57:33.9184][1056][Info]: (0.00, 0.00, 0.00)=======inputDirection============ 
[13:57:33.9184][1057][Info]: (0.00, 0.00, 0.00)=======inputDirection============ 
[13:57:33.9374][1058][Info]: (0.00, 0.00, 0.00)=======inputDirection============ 
[13:57:33.9474][1059][Info]: (0.00, 0.00, 0.00)=======inputDirection============ 
[13:57:33.9474][1060][Info]: (0.00, 0.00, 0.00)=======inputDirection============ 
[13:57:33.9684][1061][Info]: (0.00, 0.00, 0.00)=======inputDirection============ 
[13:57:33.9834][1062][Info]: (0.00, 0.00, 0.00)=======inputDirection============ 
[13:57:33.9974][1063][Info]: (0.00, 0.00, 0.00)=======inputDirection============ 
[13:57:33.9974][1064][Info]: (0.00, 0.00, 0.00)=======inputDirection============ 
[13:57:34.0174][1065][Info]: (0.00, 0.00, 0.00)=======inputDirection============ 
[13:57:34.0274][1066][Info]: (0.00, 0.00, 0.00)=======inputDirection============ 
[13:57:34.0274][1067][Info]: (0.00, 0.00, 0.00)=======inputDirection============ 
[13:57:34.0514][1068][Info]: (0.00, 0.00, 0.00)=======inputDirection============ 
[13:57:34.0644][1069][Info]: (0.00, 0.00, 0.00)=======inputDirection============ 
[13:57:34.0764][1070][Info]: (0.00, 0.00, 0.00)=======inputDirection============ 
[13:57:34.0764][1071][Info]: (0.00, 0.00, 0.00)=======inputDirection============ 
[13:57:34.0964][1072][Info]: (0.00, 0.00, 0.00)=======inputDirection============ 
[13:57:34.1194][1073][Info]: (0.00, 0.00, 0.00)=======inputDirection============ 
[13:57:34.1404][1074][Info]: (0.00, 0.00, 0.00)=======inputDirection============ 
[13:57:34.1594][1075][Info]: (0.00, 0.00, 0.00)=======inputDirection============ 
[13:57:34.1774][1076][Info]: (0.00, 0.00, 0.00)=======inputDirection============ 
[13:57:34.1903][1077][Info]: (0.00, 0.00, 0.00)=======inputDirection============ 
[13:57:34.1993][1078][Info]: (0.00, 0.00, 0.00)=======inputDirection============ 
[13:57:34.2153][1079][Info]: (0.00, 0.00, 0.00)=======inputDirection============ 
[13:57:34.2153][1080][Info]: (0.00, 0.00, 0.00)=======inputDirection============ 
[13:57:34.2363][1081][Info]: (0.00, 0.00, 0.00)=======inputDirection============ 
[13:57:34.2483][1082][Info]: (0.00, 0.00, 0.00)=======inputDirection============ 
[13:57:34.2663][1083][Info]: (0.00, 0.00, 0.00)=======inputDirection============ 
[13:57:34.2773][1084][Info]: (0.00, 0.00, 0.00)=======inputDirection============ 
[13:57:34.3003][1085][Info]: (0.00, 0.00, 0.00)=======inputDirection============ 
[13:57:34.3283][1086][Info]: (0.00, 0.00, 0.00)=======inputDirection============ 
[13:57:34.3473][1087][Info]: (0.00, 0.00, 0.00)=======inputDirection============ 
[13:57:34.3673][1088][Info]: (0.00, 0.00, 0.00)=======inputDirection============ 
[13:57:34.3943][1089][Info]: (0.00, 0.00, 0.00)=======inputDirection============ 
[13:57:34.4103][1090][Info]: (0.00, 0.00, 0.00)=======inputDirection============ 
[13:57:34.4323][1091][Info]: (0.00, 0.00, 0.00)=======inputDirection============ 
[13:57:34.4603][1092][Info]: (0.00, 0.00, 0.00)=======inputDirection============ 
[13:57:34.4903][1093][Info]: (0.00, 0.00, 0.00)=======inputDirection============ 
[13:57:34.5012][1094][Info]: (0.00, 0.00, 0.00)=======inputDirection============ 
[13:57:34.5132][1095][Info]: (0.00, 0.00, 0.00)=======inputDirection============ 
[13:57:34.5132][1096][Info]: (0.00, 0.00, 0.00)=======inputDirection============ 
[13:57:34.5312][1097][Info]: (0.00, 0.00, 0.00)=======inputDirection============ 
[13:57:34.5422][1098][Info]: (0.00, 0.00, 0.00)=======inputDirection============ 
[13:57:34.5422][1099][Info]: (0.00, 0.00, 0.00)=======inputDirection============ 
[13:57:34.5612][1100][Info]: (0.00, 0.00, 0.00)=======inputDirection============ 
[13:57:34.5612][1101][Info]: (0.00, 0.00, 0.00)=======inputDirection============ 
[13:57:34.5792][1102][Info]: (0.00, 0.00, 0.00)=======inputDirection============ 
[13:57:34.5882][1103][Info]: (0.00, 0.00, 0.00)=======inputDirection============ 
[13:57:34.6032][1104][Info]: (0.00, 0.00, 0.00)=======inputDirection============ 
[13:57:34.6192][1105][Info]: (0.00, 0.00, 0.00)=======inputDirection============ 
[13:57:34.6192][1106][Info]: (0.00, 0.00, 0.00)=======inputDirection============ 
[13:57:34.6383][1107][Info]: (0.00, 0.00, 0.00)=======inputDirection============ 
[13:57:34.6383][1108][Info]: (0.00, 0.00, 0.00)=======inputDirection============ 
[13:57:34.6573][1109][Info]: (0.00, 0.00, 0.00)=======inputDirection============ 
[13:57:34.6673][1110][Info]: (0.00, 0.00, 0.00)=======inputDirection============ 
[13:57:34.6673][1111][Info]: (0.00, 0.00, 0.00)=======inputDirection============ 
[13:57:34.6903][1112][Info]: (0.00, 0.00, 0.00)=======inputDirection============ 
[13:57:34.6993][1113][Info]: (0.00, 0.00, 0.00)=======inputDirection============ 
[13:57:34.6993][1114][Info]: (0.00, 0.00, 0.00)=======inputDirection============ 
[13:57:34.7203][1115][Info]: (0.00, 0.00, 0.00)=======inputDirection============ 
[13:57:34.7301][1116][Info]: (0.00, 0.00, 0.00)=======inputDirection============ 
[13:57:34.7301][1117][Info]: (0.00, 0.00, 0.00)=======inputDirection============ 
[13:57:34.7541][1118][Info]: (0.00, 0.00, 0.00)=======inputDirection============ 
[13:57:34.7671][1119][Info]: (0.00, 0.00, 0.00)=======inputDirection============ 
[13:57:34.7761][1120][Info]: (0.00, 0.00, 0.00)=======inputDirection============ 
[13:57:34.7761][1121][Info]: (0.00, 0.00, 0.00)=======inputDirection============ 
[13:57:34.7961][1122][Info]: (0.00, 0.00, 0.00)=======inputDirection============ 
[13:57:34.7961][1123][Info]: (0.00, 0.00, 0.00)=======inputDirection============ 
[13:57:34.8151][1124][Info]: (0.00, 0.00, 0.00)=======inputDirection============ 
[13:57:34.8241][1125][Info]: (0.00, 0.00, 0.00)=======inputDirection============ 
[13:57:34.8241][1126][Info]: (0.00, 0.00, 0.00)=======inputDirection============ 
[13:57:34.8461][1127][Info]: (0.00, 0.00, 0.00)=======inputDirection============ 
[13:57:34.8551][1128][Info]: (0.00, 0.00, 0.00)=======inputDirection============ 
[13:57:34.8551][1129][Info]: (0.00, 0.00, 0.00)=======inputDirection============ 
[13:57:34.8731][1130][Info]: (0.00, 0.00, 0.00)=======inputDirection============ 
[13:57:34.8871][1131][Info]: (0.00, 0.00, 0.00)=======inputDirection============ 
[13:57:34.8871][1132][Info]: (0.00, 0.00, 0.00)=======inputDirection============ 
[13:57:34.9091][1133][Info]: (0.00, 0.00, 0.00)=======inputDirection============ 
[13:57:34.9221][1134][Info]: (0.00, 0.00, 0.00)=======inputDirection============ 
[13:57:34.9221][1135][Info]: (0.00, 0.00, 0.00)=======inputDirection============ 
[13:57:34.9386][1136][Info]: (0.00, 0.00, 0.00)=======inputDirection============ 
[13:57:34.9386][1137][Info]: (0.00, 0.00, 0.00)=======inputDirection============ 
[13:57:34.9556][1138][Info]: (0.00, 0.00, 0.00)=======inputDirection============ 
[13:57:34.9636][1139][Info]: (0.00, 0.00, 0.00)=======inputDirection============ 
[13:57:34.9636][1140][Info]: (0.00, 0.00, 0.00)=======inputDirection============ 
[13:57:34.9826][1141][Info]: (0.00, 0.00, 0.00)=======inputDirection============ 
[13:57:34.9826][1142][Info]: (0.00, 0.00, 0.00)=======inputDirection============ 
[13:57:35.0026][1143][Info]: (0.00, 0.00, 0.00)=======inputDirection============ 
[13:57:35.0106][1144][Info]: (0.00, 0.00, 0.00)=======inputDirection============ 
[13:57:35.0106][1145][Info]: (0.00, 0.00, 0.00)=======inputDirection============ 
[13:57:35.0266][1146][Info]: (0.00, 0.00, 0.00)=======inputDirection============ 
[13:57:35.0266][1147][Info]: (0.00, 0.00, 0.00)=======inputDirection============ 
[13:57:35.0436][1148][Info]: (0.00, 0.00, 0.00)=======inputDirection============ 
[13:57:35.0436][1149][Info]: (0.00, 0.00, 0.00)=======inputDirection============ 
[13:57:35.0646][1150][Info]: (0.00, 0.00, 0.00)=======inputDirection============ 
[13:57:35.0756][1151][Info]: (0.00, 0.00, 0.00)=======inputDirection============ 
[13:57:35.0906][1152][Info]: (0.00, 0.00, 0.00)=======inputDirection============ 
[13:57:35.0906][1153][Info]: (0.00, 0.00, 0.00)=======inputDirection============ 
[13:57:35.1126][1154][Info]: (0.00, 0.00, 0.00)=======inputDirection============ 
[13:57:35.1206][1155][Info]: (0.00, 0.00, 0.00)=======inputDirection============ 
[13:57:35.1206][1156][Info]: (0.00, 0.00, 0.00)=======inputDirection============ 
[13:57:35.1389][1157][Info]: (0.00, 0.00, 0.00)=======inputDirection============ 
[13:57:35.1389][1158][Info]: (0.00, 0.00, 0.00)=======inputDirection============ 
[13:57:35.1589][1159][Info]: (0.00, 0.00, 0.00)=======inputDirection============ 
[13:57:35.1699][1160][Info]: (0.00, 0.00, 0.00)=======inputDirection============ 
[13:57:35.1699][1161][Info]: (0.00, 0.00, 0.00)=======inputDirection============ 
[13:57:35.1939][1162][Info]: (0.00, 0.00, 0.00)=======inputDirection============ 
[13:57:35.2079][1163][Info]: (0.00, 0.00, 0.00)=======inputDirection============ 
[13:57:35.2229][1164][Info]: (0.00, 0.00, 0.00)=======inputDirection============ 
[13:57:35.2369][1165][Info]: (0.00, 0.00, 0.00)=======inputDirection============ 
[13:57:35.2489][1166][Info]: (0.00, 0.00, 0.00)=======inputDirection============ 
[13:57:35.2629][1167][Info]: (0.00, 0.00, 0.00)=======inputDirection============ 
[13:57:35.2629][1168][Info]: (0.00, 0.00, 0.00)=======inputDirection============ 
[13:57:35.2849][1169][Info]: (0.00, 0.00, 0.00)=======inputDirection============ 
[13:57:35.3009][1170][Info]: (0.00, 0.00, 0.00)=======inputDirection============ 
[13:57:35.3139][1171][Info]: (0.00, 0.00, 0.00)=======inputDirection============ 
[13:57:35.3254][1172][Info]: (0.00, 0.00, 0.00)=======inputDirection============ 
[13:57:35.3254][1173][Info]: (0.00, 0.00, 0.00)=======inputDirection============ 
[13:57:35.3474][1174][Info]: (0.00, 0.00, 0.00)=======inputDirection============ 
[13:57:35.3584][1175][Info]: (0.00, 0.00, 0.00)=======inputDirection============ 
[13:57:35.3734][1176][Info]: (0.00, 0.00, 0.00)=======inputDirection============ 
[13:57:35.3884][1177][Info]: (0.00, 0.00, 0.00)=======inputDirection============ 
[13:57:35.3884][1178][Info]: (0.00, 0.00, 0.00)=======inputDirection============ 
[13:57:35.4084][1179][Info]: (0.00, 0.00, 0.00)=======inputDirection============ 
[13:57:35.4194][1180][Info]: (0.00, 0.00, 0.00)=======inputDirection============ 
[13:57:35.4194][1181][Info]: (0.00, 0.00, 0.00)=======inputDirection============ 
[13:57:35.4394][1182][Info]: (0.00, 0.00, 0.00)=======inputDirection============ 
[13:57:35.4524][1183][Info]: (0.00, 0.00, 0.00)=======inputDirection============ 
[13:57:35.4524][1184][Info]: (0.00, 0.00, 0.00)=======inputDirection============ 
[13:57:35.4714][1185][Info]: (0.00, 0.00, 0.00)=======inputDirection============ 
[13:57:35.4824][1186][Info]: (0.00, 0.00, 0.00)=======inputDirection============ 
[13:57:35.4824][1187][Info]: (0.00, 0.00, 0.00)=======inputDirection============ 
[13:57:35.5064][1188][Info]: (0.00, 0.00, 0.00)=======inputDirection============ 
[13:57:35.5183][1189][Info]: (0.00, 0.00, 0.00)=======inputDirection============ 
[13:57:35.5343][1190][Info]: (0.00, 0.00, 0.00)=======inputDirection============ 
[13:57:35.5483][1191][Info]: (0.00, 0.00, 0.00)=======inputDirection============ 
[13:57:35.5583][1192][Info]: (0.00, 0.00, 0.00)=======inputDirection============ 
[13:57:35.5583][1193][Info]: (0.00, 0.00, 0.00)=======inputDirection============ 
[13:57:35.5773][1194][Info]: (0.00, 0.00, 0.00)=======inputDirection============ 
[13:57:35.5773][1195][Info]: (0.00, 0.00, 0.00)=======inputDirection============ 
[13:57:35.5983][1196][Info]: (0.00, 0.00, 0.00)=======inputDirection============ 
[13:57:35.6093][1197][Info]: (0.00, 0.00, 0.00)=======inputDirection============ 
[13:57:35.6193][1198][Info]: (0.00, 0.00, 0.00)=======inputDirection============ 
[13:57:35.6193][1199][Info]: (0.00, 0.00, 0.00)=======inputDirection============ 
[13:57:35.6393][1200][Info]: (0.00, 0.00, 0.00)=======inputDirection============ 
[13:57:35.6393][1201][Info]: (0.00, 0.00, 0.00)=======inputDirection============ 
[13:57:35.6563][1202][Info]: (0.00, 0.00, 0.00)=======inputDirection============ 
[13:57:35.6563][1203][Info]: (0.00, 0.00, 0.00)=======inputDirection============ 
[13:57:35.6743][1204][Info]: (0.00, 0.00, 0.00)=======inputDirection============ 
[13:57:35.6873][1205][Info]: (0.00, 0.00, 0.00)=======inputDirection============ 
[13:57:35.6993][1206][Info]: (0.00, 0.00, 0.00)=======inputDirection============ 
[13:57:35.6993][1207][Info]: (0.00, 0.00, 0.00)=======inputDirection============ 
[13:57:35.7273][1208][Info]: (0.00, 0.00, 0.00)=======inputDirection============ 
[13:57:35.7413][1209][Info]: (0.00, 0.00, 0.00)=======inputDirection============ 
[13:57:35.7533][1210][Info]: (0.00, 0.00, 0.00)=======inputDirection============ 
[13:57:35.7753][1211][Info]: (0.00, 0.00, 0.00)=======inputDirection============ 
[13:57:35.7753][1212][Info]: (0.00, 0.00, 0.00)=======inputDirection============ 
[13:57:35.7933][1213][Info]: (0.00, 0.00, 0.00)=======inputDirection============ 
[13:57:35.7933][1214][Info]: (0.00, 0.00, 0.00)=======inputDirection============ 
[13:57:35.8103][1215][Info]: (0.00, 0.00, 0.00)=======inputDirection============ 
[13:57:35.8103][1216][Info]: (0.00, 0.00, 0.00)=======inputDirection============ 
[13:57:35.8282][1217][Info]: (0.00, 0.00, 0.00)=======inputDirection============ 
[13:57:35.8402][1218][Info]: (0.00, 0.00, 0.00)=======inputDirection============ 
[13:57:35.8402][1219][Info]: (0.00, 0.00, 0.00)=======inputDirection============ 
[13:57:35.8822][1220][Info]: (0.00, 0.00, -1.00)=======inputDirection============ 
[13:57:35.8932][1221][Info]: (0.00, 0.00, -1.00)=======inputDirection============ 
[13:57:35.9012][1222][Info]: (0.00, 0.00, -1.00)=======inputDirection============ 
[13:57:35.9012][1223][Info]: (0.00, 0.00, -1.00)=======inputDirection============ 
[13:57:35.9222][1224][Info]: (0.00, 0.00, -1.00)=======inputDirection============ 
[13:57:35.9222][1225][Info]: (0.00, 0.00, -1.00)=======inputDirection============ 
[13:57:35.9388][1226][Info]: (0.00, 0.00, -1.00)=======inputDirection============ 
[13:57:35.9478][1227][Info]: (0.00, 0.00, -1.00)=======inputDirection============ 
[13:57:35.9478][1228][Info]: (0.00, 0.00, -1.00)=======inputDirection============ 
[13:57:35.9648][1229][Info]: (0.00, 0.00, -1.00)=======inputDirection============ 
[13:57:35.9648][1230][Info]: (0.00, 0.00, -1.00)=======inputDirection============ 
[13:57:35.9828][1231][Info]: (0.00, 0.00, -1.00)=======inputDirection============ 
[13:57:35.9988][1232][Info]: (-1.00, 0.00, -1.00)=======inputDirection============ 
[13:57:36.0108][1233][Info]: (-1.00, 0.00, -1.00)=======inputDirection============ 
[13:57:36.0108][1234][Info]: (-1.00, 0.00, -1.00)=======inputDirection============ 
[13:57:36.0287][1235][Info]: (-1.00, 0.00, -1.00)=======inputDirection============ 
[13:57:36.0287][1236][Info]: (-1.00, 0.00, -1.00)=======inputDirection============ 
[13:57:36.0468][1237][Info]: (-1.00, 0.00, -1.00)=======inputDirection============ 
[13:57:36.0468][1238][Info]: (-1.00, 0.00, -1.00)=======inputDirection============ 
[13:57:36.0637][1239][Info]: (-1.00, 0.00, -1.00)=======inputDirection============ 
[13:57:36.0637][1240][Info]: (-1.00, 0.00, -1.00)=======inputDirection============ 
[13:57:36.0807][1241][Info]: (-1.00, 0.00, -1.00)=======inputDirection============ 
[13:57:36.0917][1242][Info]: (-1.00, 0.00, 0.00)=======inputDirection============ 
[13:57:36.0917][1243][Info]: (-1.00, 0.00, 0.00)=======inputDirection============ 
[13:57:36.1097][1244][Info]: (-1.00, 0.00, 0.00)=======inputDirection============ 
[13:57:36.1227][1245][Info]: (-1.00, 0.00, 0.00)=======inputDirection============ 
[13:57:36.1227][1246][Info]: (-1.00, 0.00, 0.00)=======inputDirection============ 
[13:57:36.1397][1247][Info]: (-1.00, 0.00, 0.00)=======inputDirection============ 
[13:57:36.1527][1248][Info]: (-1.00, 0.00, 0.00)=======inputDirection============ 
[13:57:36.1657][1249][Info]: (-1.00, 0.00, 0.00)=======inputDirection============ 
[13:57:36.1657][1250][Info]: (-1.00, 0.00, 0.00)=======inputDirection============ 
[13:57:36.1827][1251][Info]: (-1.00, 0.00, 0.00)=======inputDirection============ 
[13:57:36.1827][1252][Info]: (-1.00, 0.00, 0.00)=======inputDirection============ 
[13:57:36.1997][1253][Info]: (-1.00, 0.00, 0.00)=======inputDirection============ 
[13:57:36.1997][1254][Info]: (-1.00, 0.00, 0.00)=======inputDirection============ 
[13:57:36.2177][1255][Info]: (-1.00, 0.00, 0.00)=======inputDirection============ 
[13:57:36.2177][1256][Info]: (-1.00, 0.00, 0.00)=======inputDirection============ 
[13:57:36.2347][1257][Info]: (-1.00, 0.00, 0.00)=======inputDirection============ 
[13:57:36.2347][1258][Info]: (-1.00, 0.00, 0.00)=======inputDirection============ 
[13:57:36.2517][1259][Info]: (-1.00, 0.00, 0.00)=======inputDirection============ 
[13:57:36.2607][1260][Info]: (-1.00, 0.00, 0.00)=======inputDirection============ 
[13:57:36.2607][1261][Info]: (-1.00, 0.00, 0.00)=======inputDirection============ 
[13:57:36.2797][1262][Info]: (-1.00, 0.00, -1.00)=======inputDirection============ 
[13:57:36.2797][1263][Info]: (-1.00, 0.00, -1.00)=======inputDirection============ 
[13:57:36.2977][1264][Info]: (-1.00, 0.00, -1.00)=======inputDirection============ 
[13:57:36.3097][1265][Info]: (-1.00, 0.00, -1.00)=======inputDirection============ 
[13:57:36.3097][1266][Info]: (-1.00, 0.00, -1.00)=======inputDirection============ 
[13:57:36.3336][1267][Info]: (-1.00, 0.00, -1.00)=======inputDirection============ 
[13:57:36.3426][1268][Info]: (-1.00, 0.00, -1.00)=======inputDirection============ 
[13:57:36.3426][1269][Info]: (-1.00, 0.00, -1.00)=======inputDirection============ 
[13:57:36.3596][1270][Info]: (-1.00, 0.00, -1.00)=======inputDirection============ 
[13:57:36.3596][1271][Info]: (-1.00, 0.00, -1.00)=======inputDirection============ 
[13:57:36.3766][1272][Info]: (-1.00, 0.00, -1.00)=======inputDirection============ 
[13:57:36.3846][1273][Info]: (-1.00, 0.00, -1.00)=======inputDirection============ 
[13:57:36.3846][1274][Info]: (-1.00, 0.00, -1.00)=======inputDirection============ 
[13:57:36.4016][1275][Info]: (-1.00, 0.00, -1.00)=======inputDirection============ 
[13:57:36.4016][1276][Info]: (-1.00, 0.00, -1.00)=======inputDirection============ 
[13:57:36.4186][1277][Info]: (-1.00, 0.00, -1.00)=======inputDirection============ 
[13:57:36.4186][1278][Info]: (0.00, 0.00, -1.00)=======inputDirection============ 
[13:57:36.4376][1279][Info]: (0.00, 0.00, -1.00)=======inputDirection============ 
[13:57:36.4376][1280][Info]: (0.00, 0.00, -1.00)=======inputDirection============ 
[13:57:36.4566][1281][Info]: (0.00, 0.00, -1.00)=======inputDirection============ 
[13:57:36.4746][1282][Info]: (0.00, 0.00, -1.00)=======inputDirection============ 
[13:57:36.4866][1283][Info]: (0.00, 0.00, -1.00)=======inputDirection============ 
[13:57:36.4946][1284][Info]: (0.00, 0.00, -1.00)=======inputDirection============ 
[13:57:36.4946][1285][Info]: (0.00, 0.00, -1.00)=======inputDirection============ 
[13:57:36.5106][1286][Info]: (0.00, 0.00, -1.00)=======inputDirection============ 
[13:57:36.5106][1287][Info]: (0.00, 0.00, -1.00)=======inputDirection============ 
[13:57:36.5286][1288][Info]: (1.00, 0.00, -1.00)=======inputDirection============ 
[13:57:36.5416][1289][Info]: (1.00, 0.00, -1.00)=======inputDirection============ 
[13:57:36.5416][1290][Info]: (1.00, 0.00, -1.00)=======inputDirection============ 
[13:57:36.5596][1291][Info]: (1.00, 0.00, -1.00)=======inputDirection============ 
[13:57:36.5596][1292][Info]: (1.00, 0.00, -1.00)=======inputDirection============ 
[13:57:36.5766][1293][Info]: (1.00, 0.00, -1.00)=======inputDirection============ 
[13:57:36.5766][1294][Info]: (1.00, 0.00, -1.00)=======inputDirection============ 
[13:57:36.5926][1295][Info]: (1.00, 0.00, -1.00)=======inputDirection============ 
[13:57:36.5926][1296][Info]: (1.00, 0.00, -1.00)=======inputDirection============ 
[13:57:36.6106][1297][Info]: (1.00, 0.00, -1.00)=======inputDirection============ 
[13:57:36.6236][1298][Info]: (1.00, 0.00, 0.00)=======inputDirection============ 
[13:57:36.6366][1299][Info]: (1.00, 0.00, 0.00)=======inputDirection============ 
[13:57:36.6366][1300][Info]: (1.00, 0.00, 0.00)=======inputDirection============ 
[13:57:36.6536][1301][Info]: (1.00, 0.00, 0.00)=======inputDirection============ 
[13:57:36.6536][1302][Info]: (1.00, 0.00, 0.00)=======inputDirection============ 
[13:57:36.6705][1303][Info]: (1.00, 0.00, 0.00)=======inputDirection============ 
[13:57:36.6705][1304][Info]: (1.00, 0.00, 0.00)=======inputDirection============ 
[13:57:36.6875][1305][Info]: (1.00, 0.00, 0.00)=======inputDirection============ 
[13:57:36.6875][1306][Info]: (1.00, 0.00, 0.00)=======inputDirection============ 
[13:57:36.7045][1307][Info]: (1.00, 0.00, 0.00)=======inputDirection============ 
[13:57:36.7135][1308][Info]: (1.00, 0.00, 0.00)=======inputDirection============ 
[13:57:36.7135][1309][Info]: (1.00, 0.00, 0.00)=======inputDirection============ 
[13:57:36.7315][1310][Info]: (1.00, 0.00, 0.00)=======inputDirection============ 
[13:57:36.7315][1311][Info]: (1.00, 0.00, 0.00)=======inputDirection============ 
[13:57:36.7525][1312][Info]: (1.00, 0.00, 0.00)=======inputDirection============ 
[13:57:36.7635][1313][Info]: (1.00, 0.00, 1.00)=======inputDirection============ 
[13:57:36.7765][1314][Info]: (1.00, 0.00, 1.00)=======inputDirection============ 
[13:57:36.7765][1315][Info]: (1.00, 0.00, 1.00)=======inputDirection============ 
[13:57:36.7975][1316][Info]: (1.00, 0.00, 1.00)=======inputDirection============ 
[13:57:36.8065][1317][Info]: (1.00, 0.00, 1.00)=======inputDirection============ 
[13:57:36.8065][1318][Info]: (1.00, 0.00, 1.00)=======inputDirection============ 
[13:57:36.8235][1319][Info]: (1.00, 0.00, 1.00)=======inputDirection============ 
[13:57:36.8235][1320][Info]: (1.00, 0.00, 1.00)=======inputDirection============ 
[13:57:36.8405][1321][Info]: (1.00, 0.00, 1.00)=======inputDirection============ 
[13:57:36.8405][1322][Info]: (0.00, 0.00, 1.00)=======inputDirection============ 
[13:57:36.8615][1323][Info]: (0.00, 0.00, 1.00)=======inputDirection============ 
[13:57:36.8695][1324][Info]: (0.00, 0.00, 1.00)=======inputDirection============ 
[13:57:36.8695][1325][Info]: (0.00, 0.00, 1.00)=======inputDirection============ 
[13:57:36.8875][1326][Info]: (0.00, 0.00, 1.00)=======inputDirection============ 
[13:57:36.8875][1327][Info]: (0.00, 0.00, 1.00)=======inputDirection============ 
[13:57:36.9055][1328][Info]: (0.00, 0.00, 1.00)=======inputDirection============ 
[13:57:36.9055][1329][Info]: (0.00, 0.00, 1.00)=======inputDirection============ 
[13:57:36.9295][1330][Info]: (0.00, 0.00, 1.00)=======inputDirection============ 
[13:57:36.9415][1331][Info]: (0.00, 0.00, 1.00)=======inputDirection============ 
[13:57:36.9554][1332][Info]: (0.00, 0.00, 1.00)=======inputDirection============ 
[13:57:36.9644][1333][Info]: (0.00, 0.00, 1.00)=======inputDirection============ 
[13:57:36.9644][1334][Info]: (0.00, 0.00, 1.00)=======inputDirection============ 
[13:57:36.9834][1335][Info]: (0.00, 0.00, 1.00)=======inputDirection============ 
[13:57:36.9834][1336][Info]: (0.00, 0.00, 1.00)=======inputDirection============ 
[13:57:37.0004][1337][Info]: (0.00, 0.00, 1.00)=======inputDirection============ 
[13:57:37.0094][1338][Info]: (0.00, 0.00, 1.00)=======inputDirection============ 
[13:57:37.0094][1339][Info]: (0.00, 0.00, 1.00)=======inputDirection============ 
[13:57:37.0264][1340][Info]: (0.00, 0.00, 1.00)=======inputDirection============ 
[13:57:37.0264][1341][Info]: (-1.00, 0.00, 1.00)=======inputDirection============ 
[13:57:37.0484][1342][Info]: (-1.00, 0.00, 1.00)=======inputDirection============ 
[13:57:37.0584][1343][Info]: (-1.00, 0.00, 1.00)=======inputDirection============ 
[13:57:37.0584][1344][Info]: (-1.00, 0.00, 1.00)=======inputDirection============ 
[13:57:37.0844][1345][Info]: (-1.00, 0.00, 1.00)=======inputDirection============ 
[13:57:37.1004][1346][Info]: (-1.00, 0.00, 0.00)=======inputDirection============ 
[13:57:37.1104][1347][Info]: (-1.00, 0.00, 0.00)=======inputDirection============ 
[13:57:37.1204][1348][Info]: (-1.00, 0.00, 0.00)=======inputDirection============ 
[13:57:37.1204][1349][Info]: (-1.00, 0.00, 0.00)=======inputDirection============ 
[13:57:37.1384][1350][Info]: (-1.00, 0.00, 0.00)=======inputDirection============ 
[13:57:37.1384][1351][Info]: (-1.00, 0.00, 0.00)=======inputDirection============ 
[13:57:37.1594][1352][Info]: (-1.00, 0.00, 0.00)=======inputDirection============ 
[13:57:37.1684][1353][Info]: (-1.00, 0.00, 0.00)=======inputDirection============ 
[13:57:37.1684][1354][Info]: (-1.00, 0.00, 0.00)=======inputDirection============ 
[13:57:37.1874][1355][Info]: (-1.00, 0.00, 0.00)=======inputDirection============ 
[13:57:37.1874][1356][Info]: (-1.00, 0.00, 0.00)=======inputDirection============ 
[13:57:37.2044][1357][Info]: (-1.00, 0.00, 0.00)=======inputDirection============ 
[13:57:37.2044][1358][Info]: (-1.00, 0.00, 0.00)=======inputDirection============ 
[13:57:37.2214][1359][Info]: (-1.00, 0.00, 0.00)=======inputDirection============ 
[13:57:37.2344][1360][Info]: (-1.00, 0.00, 0.00)=======inputDirection============ 
[13:57:37.2474][1361][Info]: (-1.00, 0.00, 0.00)=======inputDirection============ 
[13:57:37.2474][1362][Info]: (-1.00, 0.00, 0.00)=======inputDirection============ 
[13:57:37.2644][1363][Info]: (-1.00, 0.00, 0.00)=======inputDirection============ 
[13:57:37.2644][1364][Info]: (-1.00, 0.00, 0.00)=======inputDirection============ 
[13:57:37.2823][1365][Info]: (-1.00, 0.00, 1.00)=======inputDirection============ 
[13:57:37.2913][1366][Info]: (-1.00, 0.00, 1.00)=======inputDirection============ 
[13:57:37.2913][1367][Info]: (-1.00, 0.00, 1.00)=======inputDirection============ 
[13:57:37.3083][1368][Info]: (-1.00, 0.00, 1.00)=======inputDirection============ 
[13:57:37.3083][1369][Info]: (-1.00, 0.00, 1.00)=======inputDirection============ 
[13:57:37.3253][1370][Info]: (-1.00, 0.00, 1.00)=======inputDirection============ 
[13:57:37.3253][1371][Info]: (-1.00, 0.00, 1.00)=======inputDirection============ 
[13:57:37.3423][1372][Info]: (0.00, 0.00, 1.00)=======inputDirection============ 
[13:57:37.3423][1373][Info]: (0.00, 0.00, 1.00)=======inputDirection============ 
[13:57:37.3643][1374][Info]: (0.00, 0.00, 1.00)=======inputDirection============ 
[13:57:37.3733][1375][Info]: (0.00, 0.00, 1.00)=======inputDirection============ 
[13:57:37.3873][1376][Info]: (0.00, 0.00, 1.00)=======inputDirection============ 
[13:57:37.4013][1377][Info]: (0.00, 0.00, 1.00)=======inputDirection============ 
[13:57:37.4013][1378][Info]: (0.00, 0.00, 1.00)=======inputDirection============ 
[13:57:37.4213][1379][Info]: (0.00, 0.00, 1.00)=======inputDirection============ 
[13:57:37.4333][1380][Info]: (0.00, 0.00, 1.00)=======inputDirection============ 
[13:57:37.4333][1381][Info]: (0.00, 0.00, 1.00)=======inputDirection============ 
[13:57:37.4523][1382][Info]: (0.00, 0.00, 1.00)=======inputDirection============ 
[13:57:37.4643][1383][Info]: (0.00, 0.00, 0.00)=======inputDirection============ 
[13:57:37.4643][1384][Info]: (0.00, 0.00, 0.00)=======inputDirection============ 
[13:57:37.4843][1385][Info]: (0.00, 0.00, 0.00)=======inputDirection============ 
[13:57:37.4953][1386][Info]: (0.00, 0.00, 0.00)=======inputDirection============ 
[13:57:37.4953][1387][Info]: (0.00, 0.00, 0.00)=======inputDirection============ 
[13:57:37.5153][1388][Info]: (0.00, 0.00, 0.00)=======inputDirection============ 
[13:57:37.5258][1389][Info]: (0.00, 0.00, 0.00)=======inputDirection============ 
[13:57:37.5258][1390][Info]: (0.00, 0.00, 0.00)=======inputDirection============ 
[13:57:37.5518][1391][Info]: (0.00, 0.00, 0.00)=======inputDirection============ 
[13:57:37.5658][1392][Info]: (0.00, 0.00, 0.00)=======inputDirection============ 
[13:57:37.5758][1393][Info]: (0.00, 0.00, 0.00)=======inputDirection============ 
[13:57:37.5758][1394][Info]: (0.00, 0.00, 0.00)=======inputDirection============ 
[13:57:37.5938][1395][Info]: (0.00, 0.00, 0.00)=======inputDirection============ 
[13:57:37.6038][1396][Info]: (0.00, 0.00, 0.00)=======inputDirection============ 
[13:57:37.6038][1397][Info]: (0.00, 0.00, 0.00)=======inputDirection============ 
[13:57:37.6203][1398][Info]: (0.00, 0.00, 0.00)=======inputDirection============ 
[13:57:37.6203][1399][Info]: (0.00, 0.00, 0.00)=======inputDirection============ 
[13:57:37.6383][1400][Info]: (0.00, 0.00, 0.00)=======inputDirection============ 
[13:57:37.6503][1401][Info]: (0.00, 0.00, 0.00)=======inputDirection============ 
[13:57:37.6503][1402][Info]: (0.00, 0.00, 0.00)=======inputDirection============ 
[13:57:37.6683][1403][Info]: (0.00, 0.00, 0.00)=======inputDirection============ 
[13:57:37.6683][1404][Info]: (0.00, 0.00, 0.00)=======inputDirection============ 
[13:57:37.6923][1405][Info]: (0.00, 0.00, 0.00)=======inputDirection============ 
[13:57:37.7053][1406][Info]: (0.00, 0.00, 0.00)=======inputDirection============ 
[13:57:37.7153][1407][Info]: (0.00, 0.00, 0.00)=======inputDirection============ 
[13:57:37.7153][1408][Info]: (0.00, 0.00, 0.00)=======inputDirection============ 
[13:57:37.7343][1409][Info]: (0.00, 0.00, 0.00)=======inputDirection============ 
[13:57:37.7473][1410][Info]: (0.00, 0.00, 0.00)=======inputDirection============ 
[13:57:37.7473][1411][Info]: (0.00, 0.00, 0.00)=======inputDirection============ 
[13:57:37.7693][1412][Info]: (0.00, 0.00, 0.00)=======inputDirection============ 
[13:57:37.7783][1413][Info]: (0.00, 0.00, 0.00)=======inputDirection============ 
[13:57:37.7783][1414][Info]: (0.00, 0.00, 0.00)=======inputDirection============ 
[13:57:37.7973][1415][Info]: (0.00, 0.00, 0.00)=======inputDirection============ 
[13:57:37.8093][1416][Info]: (0.00, 0.00, 0.00)=======inputDirection============ 
[13:57:37.8093][1417][Info]: (0.00, 0.00, 0.00)=======inputDirection============ 
[13:57:37.8299][1418][Info]: (0.00, 0.00, 0.00)=======inputDirection============ 
[13:57:37.8449][1419][Info]: (0.00, 0.00, 0.00)=======inputDirection============ 
[13:57:37.8609][1420][Info]: (0.00, 0.00, 0.00)=======inputDirection============ 
[13:57:37.8709][1421][Info]: (0.00, 0.00, 0.00)=======inputDirection============ 
[13:57:37.8709][1422][Info]: (0.00, 0.00, 0.00)=======inputDirection============ 
[13:57:37.8918][1423][Info]: (0.00, 0.00, 0.00)=======inputDirection============ 
[13:57:37.9008][1424][Info]: (0.00, 0.00, 0.00)=======inputDirection============ 
[13:57:37.9008][1425][Info]: (0.00, 0.00, 0.00)=======inputDirection============ 
[13:57:37.9198][1426][Info]: (0.00, 0.00, 0.00)=======inputDirection============ 
[13:57:37.9198][1427][Info]: (0.00, 0.00, 0.00)=======inputDirection============ 
[13:57:37.9368][1428][Info]: (0.00, 0.00, 0.00)=======inputDirection============ 
[13:57:37.9368][1429][Info]: (0.00, 0.00, 0.00)=======inputDirection============ 
[13:57:37.9538][1430][Info]: (0.00, 0.00, 0.00)=======inputDirection============ 
[13:57:37.9628][1431][Info]: (0.00, 0.00, 0.00)=======inputDirection============ 
[13:57:37.9628][1432][Info]: (0.00, 0.00, 0.00)=======inputDirection============ 
[13:57:37.9838][1433][Info]: (0.00, 0.00, 0.00)=======inputDirection============ 
[13:57:37.9967][1434][Info]: (0.00, 0.00, 0.00)=======inputDirection============ 
[13:57:37.9967][1435][Info]: (0.00, 0.00, 0.00)=======inputDirection============ 
[13:57:38.0188][1436][Info]: (0.00, 0.00, 0.00)=======inputDirection============ 
[13:57:38.0286][1437][Info]: (0.00, 0.00, 0.00)=======inputDirection============ 
[13:57:38.0286][1438][Info]: (0.00, 0.00, 0.00)=======inputDirection============ 
[13:57:38.0466][1439][Info]: (0.00, 0.00, 0.00)=======inputDirection============ 
[13:57:38.0466][1440][Info]: (0.00, 0.00, 0.00)=======inputDirection============ 
[13:57:38.0646][1441][Info]: (0.00, 0.00, 0.00)=======inputDirection============ 
[13:57:38.0726][1442][Info]: (0.00, 0.00, 0.00)=======inputDirection============ 
[13:57:38.0726][1443][Info]: (0.00, 0.00, 0.00)=======inputDirection============ 
[13:57:38.0896][1444][Info]: (0.00, 0.00, 0.00)=======inputDirection============ 
[13:57:38.0896][1445][Info]: (0.00, 0.00, 0.00)=======inputDirection============ 
[13:57:38.1076][1446][Info]: (0.00, 0.00, 0.00)=======inputDirection============ 
[13:57:38.1076][1447][Info]: (0.00, 0.00, 0.00)=======inputDirection============ 
[13:57:38.1356][1448][Info]: (0.00, 0.00, 0.00)=======inputDirection============ 
[13:57:38.1505][1449][Info]: (0.00, 0.00, 0.00)=======inputDirection============ 
[13:57:38.1505][1450][Info]: (0.00, 0.00, 0.00)=======inputDirection============ 
[13:57:38.1755][1451][Info]: (0.00, 0.00, 0.00)=======inputDirection============ 
[13:57:38.1845][1452][Info]: (0.00, 0.00, 0.00)=======inputDirection============ 
[13:57:38.1845][1453][Info]: (0.00, 0.00, 0.00)=======inputDirection============ 
[13:57:38.2015][1454][Info]: (0.00, 0.00, 0.00)=======inputDirection============ 
[13:57:38.2015][1455][Info]: (0.00, 0.00, 0.00)=======inputDirection============ 
[13:57:38.2255][1456][Info]: (0.00, 0.00, 0.00)=======inputDirection============ 
