[11:59:41.1371][1][Info]: enter Launch procedure 
[11:59:41.2531][1][Info]: ===>加载配置 
[11:59:43.1401][1][Info]: ===>开始解析BuffConfig 
[11:59:43.1521][1][Info]: <===解析BuffConfig完毕 
[11:59:43.1521][1][Info]: ===>开始解析SkillConfig 
[11:59:43.1741][1][Info]: <===解析SkillConfig完毕 
[11:59:43.1831][1][Info]: <===配置加载完毕 
[11:59:43.2682][2][Info]: enter Init Procedure 
[11:59:43.2762][2][Warn]: Not found awake system:<PlayerComponent> 
[11:59:46.3421][181][Info]: 登录 
[11:59:46.3421][181][Info]: 1001 
[11:59:46.3598][181][Info]: 大厅阶段 
[11:59:46.4263][182][Info]: Scene Add Entity, Current Count:1 
[11:59:49.9840][572][Info]: 0 ----0 
[11:59:49.9840][572][Info]: Scene Remove Entity, Current Count:0 
[11:59:49.9840][572][Info]: Scene Add Entity, Current Count:1 
[11:59:50.0661][573][Info]: 0 ----0 
[11:59:50.1771][574][Info]: 0 ----0 
[11:59:50.2761][575][Info]: 0 ----0 
[11:59:50.2761][576][Info]: 0 ----0 
[11:59:50.2961][577][Info]: 0 ----0 
[11:59:50.2961][578][Info]: 0 ----0 
[11:59:50.3081][579][Info]: 0 ----0 
[11:59:50.3081][580][Info]: 0 ----0 
[11:59:50.3081][581][Info]: 0 ----0 
[11:59:50.3261][582][Info]: 0 ----0 
[11:59:50.3261][583][Info]: 0 ----0 
[11:59:50.3391][584][Info]: 0 ----0 
[11:59:50.3391][585][Info]: 0 ----0 
[11:59:50.3391][586][Info]: 0 ----0 
[11:59:50.3571][587][Info]: 0 ----0 
[11:59:50.3571][588][Info]: 0 ----0 
[11:59:50.3721][589][Info]: 0 ----0 
[11:59:50.3721][590][Info]: 0 ----0 
[11:59:50.3861][591][Info]: 0 ----0 
[11:59:50.3861][592][Info]: 0 ----0 
[11:59:50.3861][593][Info]: 0 ----0 
[11:59:50.4041][594][Info]: 0 ----0 
[11:59:50.4041][595][Info]: 0 ----0 
[11:59:50.4161][596][Info]: 0 ----0 
[11:59:50.4161][597][Info]: 0 ----0 
[11:59:50.4161][598][Info]: 0 ----0 
[11:59:50.4341][599][Info]: 0 ----0 
[11:59:50.4341][600][Info]: 0 ----0 
[11:59:50.4341][601][Info]: 0 ----0 
[11:59:50.4521][602][Info]: 0 ----0 
[11:59:50.4521][603][Info]: 0 ----0 
[11:59:50.4651][604][Info]: 0 ----0 
[11:59:50.4651][605][Info]: 0 ----0 
[11:59:50.4651][606][Info]: 0 ----0 
[11:59:50.4831][607][Info]: 0 ----0 
[11:59:50.4831][608][Info]: 0 ----0 
[11:59:50.4981][609][Info]: 0 ----0 
[11:59:50.4981][610][Info]: 0 ----0 
[11:59:50.5111][611][Info]: 0 ----0 
[11:59:50.5111][612][Info]: 0 ----0 
[11:59:50.5260][613][Info]: 0 ----0 
[11:59:50.5260][614][Info]: 0 ----0 
[11:59:50.5260][615][Info]: 0 ----0 
[11:59:50.5461][616][Info]: 0 ----0 
[11:59:50.5461][617][Info]: 0 ----0 
[11:59:50.5590][618][Info]: 0 ----0 
[11:59:50.5590][619][Info]: 0 ----0 
[11:59:50.5590][620][Info]: 0 ----0 
[11:59:50.5770][621][Info]: 0 ----0 
[11:59:50.5770][622][Info]: 0 ----0 
[11:59:50.5890][623][Info]: 0 ----0 
[11:59:50.5890][624][Info]: 0 ----0 
[11:59:50.5890][625][Info]: 0 ----0 
[11:59:50.6060][626][Info]: 0 ----0 
[11:59:50.6060][627][Info]: 0 ----0 
[11:59:50.6190][628][Info]: 0 ----0 
[11:59:50.6190][629][Info]: 0 ----0 
[11:59:50.6190][630][Info]: 0 ----0 
[11:59:50.6370][631][Info]: 0 ----0 
[11:59:50.6370][632][Info]: 0 ----0 
[11:59:50.6500][633][Info]: 0 ----0 
[11:59:50.6500][634][Info]: 0 ----0 
[11:59:50.6500][635][Info]: 0 ----0 
[11:59:50.6700][636][Info]: 0 ----0 
[11:59:50.6700][637][Info]: 0 ----0 
[11:59:50.6870][638][Info]: 0 ----0 
[11:59:50.6870][639][Info]: 0 ----0 
[11:59:50.7010][640][Info]: 0 ----0 
[11:59:50.7010][641][Info]: 0 ----0 
[11:59:50.7130][642][Info]: 0 ----0 
[11:59:50.7130][643][Info]: 0 ----0 
[11:59:50.7130][644][Info]: 0 ----0 
[11:59:50.7330][645][Info]: 0 ----0 
[11:59:50.7330][646][Info]: 0 ----0 
[11:59:50.7450][647][Info]: 0 ----0 
[11:59:50.7450][648][Info]: 0 ----0 
[11:59:50.7450][649][Info]: 0 ----0 
[11:59:50.7640][650][Info]: 0 ----0 
[11:59:50.7640][651][Info]: 0 ----0 
[11:59:50.7770][652][Info]: 0 ----0 
[11:59:50.7770][653][Info]: 0 ----0 
[11:59:50.7770][654][Info]: 0 ----0 
[11:59:50.7950][655][Info]: 0 ----0 
[11:59:50.7950][656][Info]: 0 ----0 
[11:59:50.8080][657][Info]: 0 ----0 
[11:59:50.8080][658][Info]: 0 ----0 
[11:59:50.8080][659][Info]: 0 ----0 
[11:59:50.8300][660][Info]: 0 ----0 
[11:59:50.8389][661][Info]: 0 ----0 
[11:59:50.8389][662][Info]: 0 ----0 
[11:59:50.8389][663][Info]: 0 ----0 
[11:59:50.8569][664][Info]: 0 ----0 
[11:59:50.8569][665][Info]: 0 ----0 
[11:59:50.8729][666][Info]: 0 ----0 
[11:59:50.8729][667][Info]: 0 ----0 
[11:59:50.8849][668][Info]: 0 ----0 
[11:59:50.8849][669][Info]: 0 ----0 
[11:59:50.8849][670][Info]: 0 ----0 
[11:59:50.9079][671][Info]: 0 ----0 
[11:59:50.9159][672][Info]: 0 ----0 
[11:59:50.9159][673][Info]: 0 ----0 
[11:59:50.9159][674][Info]: 0 ----0 
[11:59:50.9359][675][Info]: 0 ----0 
[11:59:50.9359][676][Info]: 0 ----0 
[11:59:50.9509][677][Info]: 0 ----0 
[11:59:50.9509][678][Info]: 0 ----0 
[11:59:50.9639][679][Info]: 0 ----0 
[11:59:50.9639][680][Info]: 0 ----0 
[11:59:50.9789][681][Info]: 0 ----0 
[11:59:50.9789][682][Info]: 0 ----0 
[11:59:50.9969][683][Info]: 0 ----0 
[11:59:50.9969][684][Info]: 0 ----0 
[11:59:51.0119][685][Info]: 0 ----0 
[11:59:51.0119][686][Info]: 0 ----0 
[11:59:51.0249][687][Info]: 0 ----0 
[11:59:51.0249][688][Info]: 0 ----0 
[11:59:51.0249][689][Info]: 0 ----0 
[11:59:51.0459][690][Info]: 0 ----0 
[11:59:51.0459][691][Info]: 0 ----0 
[11:59:51.0609][692][Info]: 0 ----0 
[11:59:51.0609][693][Info]: 0 ----0 
[11:59:51.0759][694][Info]: 0 ----0 
[11:59:51.0759][695][Info]: 0 ----0 
[11:59:51.0899][696][Info]: 0 ----0 
[11:59:51.0899][697][Info]: 0 ----0 
[11:59:51.1039][698][Info]: 0 ----0 
[11:59:51.1039][699][Info]: 0 ----0 
[11:59:51.1209][700][Info]: 0 ----0 
[11:59:51.1209][701][Info]: 0 ----0 
[11:59:51.1359][702][Info]: 0 ----0 
[11:59:51.1359][703][Info]: 0 ----0 
[11:59:51.1559][704][Info]: 0 ----0 
[11:59:51.1559][705][Info]: 0 ----0 
[11:59:51.1689][706][Info]: 0 ----0 
[11:59:51.1689][707][Info]: 0 ----0 
[11:59:51.1832][708][Info]: 0 ----0 
[11:59:51.1832][709][Info]: 0 ----0 
[11:59:51.1972][710][Info]: 0 ----0 
[11:59:51.1972][711][Info]: 0 ----0 
[11:59:51.1972][712][Info]: 0 ----0 
[11:59:51.2182][713][Info]: 0 ----0 
[11:59:51.2182][714][Info]: 0 ----0 
[11:59:51.2332][715][Info]: 0 ----0 
[11:59:51.2332][716][Info]: 0 ----0 
[11:59:51.2461][717][Info]: 0 ----0 
[11:59:51.2461][718][Info]: 0 ----0 
[11:59:51.2601][719][Info]: 0 ----0 
[11:59:51.2601][720][Info]: 0 ----0 
[11:59:51.2601][721][Info]: 0 ----0 
[11:59:51.2811][722][Info]: 0 ----0 
[11:59:51.2811][723][Info]: 0 ----0 
[11:59:51.2991][724][Info]: 0 ----0 
[11:59:51.3081][725][Info]: 0 ----0 
[11:59:51.3081][726][Info]: 0 ----0 
[11:59:51.3241][727][Info]: 0 ----0 
[11:59:51.3241][728][Info]: 0 ----0 
[11:59:51.3391][729][Info]: 0 ----0 
[11:59:51.3391][730][Info]: 0 ----0 
[11:59:51.3541][731][Info]: 0 ----0 
[11:59:51.3541][732][Info]: 0 ----0 
[11:59:51.3541][733][Info]: 0 ----0 
[11:59:51.3741][734][Info]: 0 ----0 
[11:59:51.3741][735][Info]: 0 ----0 
[11:59:51.3871][736][Info]: 0 ----0 
[11:59:51.3871][737][Info]: 0 ----0 
[11:59:51.4021][738][Info]: 0 ----0 
[11:59:51.4021][739][Info]: 0 ----0 
[11:59:51.4021][740][Info]: 0 ----0 
[11:59:51.4211][741][Info]: 0 ----0 
[11:59:51.4211][742][Info]: 0 ----0 
[11:59:51.4351][743][Info]: 0 ----0 
[11:59:51.4351][744][Info]: 0 ----0 
[11:59:51.4511][745][Info]: 0 ----0 
[11:59:51.4511][746][Info]: 0 ----0 
[11:59:51.4651][747][Info]: 0 ----0 
[11:59:51.4651][748][Info]: 0 ----0 
[11:59:51.4781][749][Info]: 0 ----0 
[11:59:51.4781][750][Info]: 0 ----0 
[11:59:51.4781][751][Info]: 0 ----0 
[11:59:51.4961][752][Info]: 0 ----0 
[11:59:51.4961][753][Info]: 0 ----0 
[11:59:51.4961][754][Info]: 0 ----0 
[11:59:51.5171][755][Info]: 0 ----0 
[11:59:51.5171][756][Info]: 0 ----0 
[11:59:51.5301][757][Info]: 0 ----0 
[11:59:51.5301][758][Info]: 0 ----0 
[11:59:51.5420][759][Info]: 0 ----0 
[11:59:51.5420][760][Info]: 0 ----0 
[11:59:51.5420][761][Info]: 0 ----0 
[11:59:51.5611][762][Info]: 0 ----0 
[11:59:51.5611][763][Info]: 0 ----0 
[11:59:51.5740][764][Info]: 0 ----0 
[11:59:51.5740][765][Info]: 0 ----0 
[11:59:51.5740][766][Info]: 0 ----0 
[11:59:51.5930][767][Info]: 0 ----0 
[11:59:51.5930][768][Info]: 0 ----0 
[11:59:51.6110][769][Info]: 0 ----0 
[11:59:51.6110][770][Info]: 0 ----0 
[11:59:51.6230][771][Info]: 0 ----0 
[11:59:51.6230][772][Info]: 0 ----0 
[11:59:51.6350][773][Info]: 0 ----0 
[11:59:51.6350][774][Info]: 0 ----0 
[11:59:51.6350][775][Info]: 0 ----0 
[11:59:51.6540][776][Info]: 0 ----0 
[11:59:51.6540][777][Info]: 0 ----0 
[11:59:51.6670][778][Info]: 0 ----0 
[11:59:51.6670][779][Info]: 0 ----0 
[11:59:51.6670][780][Info]: 0 ----0 
[11:59:51.6870][781][Info]: 0 ----0 
[11:59:51.6870][782][Info]: 0 ----0 
[11:59:51.7000][783][Info]: 0 ----0 
[11:59:51.7000][784][Info]: 0 ----0 
[11:59:51.7140][785][Info]: 0 ----0 
[11:59:51.7140][786][Info]: 0 ----0 
[11:59:51.7310][787][Info]: 0 ----0 
[11:59:51.7310][788][Info]: 0 ----0 
[11:59:51.7440][789][Info]: 0 ----0 
[11:59:51.7440][790][Info]: 0 ----0 
[11:59:51.7630][791][Info]: 0 ----0 
[11:59:51.7630][792][Info]: 0 ----0 
[11:59:51.7780][793][Info]: 0 ----0 
[11:59:51.7780][794][Info]: 0 ----0 
[11:59:51.7780][795][Info]: 0 ----0 
[11:59:51.7960][796][Info]: 0 ----0 
[11:59:51.7960][797][Info]: 0 ----0 
[11:59:51.8090][798][Info]: 0 ----0 
[11:59:51.8090][799][Info]: 0 ----0 
[11:59:51.8220][800][Info]: 0 ----0 
[11:59:51.8220][801][Info]: 0 ----0 
[11:59:51.8220][802][Info]: 0 ----0 
[11:59:51.8440][803][Info]: 0 ----0 
[11:59:51.8440][804][Info]: 0 ----0 
[11:59:51.8569][805][Info]: 0 ----0 
[11:59:51.8569][806][Info]: 0 ----0 
[11:59:51.8690][807][Info]: 0 ----0 
[11:59:51.8690][808][Info]: 0 ----0 
[11:59:51.8690][809][Info]: 0 ----0 
[11:59:51.8879][810][Info]: 0 ----0 
[11:59:51.8879][811][Info]: 0 ----0 
[11:59:51.9039][812][Info]: 0 ----0 
[11:59:51.9249][813][Info]: -1 ----0 
[11:59:51.9359][814][Info]: -1 ----0 
[11:59:51.9359][815][Info]: -1 ----0 
[11:59:51.9479][816][Info]: -1 ----0 
[11:59:51.9479][817][Info]: -1 ----0 
[11:59:51.9479][818][Info]: -1 ----0 
[11:59:51.9689][819][Info]: -1 ----0 
[11:59:51.9689][820][Info]: -1 ----0 
[11:59:51.9819][821][Info]: -1 ----0 
[11:59:51.9819][822][Info]: -1 ----0 
[11:59:51.9939][823][Info]: -1 ----0 
[11:59:51.9939][824][Info]: -1 ----0 
[11:59:51.9939][825][Info]: -1 ----0 
[11:59:52.0129][826][Info]: -1 ----0 
[11:59:52.0129][827][Info]: -1 ----0 
[11:59:52.0259][828][Info]: -1 ----0 
[11:59:52.0259][829][Info]: -1 ----0 
[11:59:52.0259][830][Info]: -1 ----0 
[11:59:52.0469][831][Info]: -1 ----0 
[11:59:52.0469][832][Info]: -1 ----0 
[11:59:52.0639][833][Info]: -1 ----0 
[11:59:52.0639][834][Info]: -1 ----0 
[11:59:52.0770][835][Info]: -1 ----0 
[11:59:52.0770][836][Info]: -1 ----0 
[11:59:52.0900][837][Info]: -1 ----0 
[11:59:52.0900][838][Info]: -1 ----0 
[11:59:52.0900][839][Info]: -1 ----0 
[11:59:52.1080][840][Info]: -1 ----0 
[11:59:52.1080][841][Info]: -1 ----0 
[11:59:52.1200][842][Info]: -1 ----0 
[11:59:52.1200][843][Info]: -1 ----0 
[11:59:52.1350][844][Info]: -1 ----0 
[11:59:52.1350][845][Info]: -1 ----0 
[11:59:52.1350][846][Info]: -1 ----0 
[11:59:52.1540][847][Info]: -1 ----0 
[11:59:52.1540][848][Info]: -1 ----0 
[11:59:52.1660][849][Info]: -1 ----0 
[11:59:52.1660][850][Info]: -1 ----0 
[11:59:52.1660][851][Info]: -1 ----0 
[11:59:52.1840][852][Info]: -1 ----0 
[11:59:52.1840][853][Info]: -1 ----0 
[11:59:52.1980][854][Info]: -1 ----0 
[11:59:52.1980][855][Info]: -1 -----1 
[11:59:52.2169][856][Info]: -1 -----1 
[11:59:52.2169][857][Info]: -1 -----1 
[11:59:52.2289][858][Info]: -1 -----1 
[11:59:52.2289][859][Info]: -1 -----1 
[11:59:52.2289][860][Info]: -1 -----1 
[11:59:52.2459][861][Info]: -1 -----1 
[11:59:52.2459][862][Info]: -1 -----1 
[11:59:52.2459][863][Info]: -1 -----1 
[11:59:52.2649][864][Info]: -1 -----1 
[11:59:52.2649][865][Info]: -1 -----1 
[11:59:52.2769][866][Info]: -1 -----1 
[11:59:52.2769][867][Info]: -1 -----1 
[11:59:52.2769][868][Info]: -1 -----1 
[11:59:52.2939][869][Info]: -1 -----1 
[11:59:52.2939][870][Info]: -1 -----1 
[11:59:52.3069][871][Info]: -1 -----1 
[11:59:52.3069][872][Info]: -1 -----1 
[11:59:52.3069][873][Info]: -1 -----1 
[11:59:52.3259][874][Info]: -1 -----1 
[11:59:52.3259][875][Info]: -1 -----1 
[11:59:52.3399][876][Info]: -1 -----1 
[11:59:52.3399][877][Info]: -1 -----1 
[11:59:52.3399][878][Info]: -1 -----1 
[11:59:52.3619][879][Info]: -1 -----1 
[11:59:52.3709][880][Info]: -1 -----1 
[11:59:52.3709][881][Info]: -1 -----1 
[11:59:52.3709][882][Info]: -1 -----1 
[11:59:52.3903][883][Info]: -1 -----1 
[11:59:52.3903][884][Info]: -1 -----1 
[11:59:52.4013][885][Info]: -1 -----1 
[11:59:52.4013][886][Info]: -1 -----1 
[11:59:52.4163][887][Info]: 0 -----1 
[11:59:52.4163][888][Info]: 0 -----1 
[11:59:52.4163][889][Info]: 0 -----1 
[11:59:52.4353][890][Info]: 0 -----1 
[11:59:52.4353][891][Info]: 0 -----1 
[11:59:52.4473][892][Info]: 0 -----1 
[11:59:52.4473][893][Info]: 0 -----1 
[11:59:52.4473][894][Info]: 0 -----1 
[11:59:52.4661][895][Info]: 0 -----1 
[11:59:52.4661][896][Info]: 0 -----1 
[11:59:52.4791][897][Info]: 0 -----1 
[11:59:52.4791][898][Info]: 0 -----1 
[11:59:52.4791][899][Info]: 0 -----1 
[11:59:52.4981][900][Info]: 0 -----1 
[11:59:52.4981][901][Info]: 0 -----1 
[11:59:52.5131][902][Info]: 0 -----1 
[11:59:52.5131][903][Info]: 0 -----1 
[11:59:52.5281][904][Info]: 0 -----1 
[11:59:52.5281][905][Info]: 0 -----1 
[11:59:52.5441][906][Info]: 0 -----1 
[11:59:52.5441][907][Info]: 0 -----1 
[11:59:52.5571][908][Info]: 0 -----1 
[11:59:52.5571][909][Info]: 0 -----1 
[11:59:52.5571][910][Info]: 0 -----1 
[11:59:52.5761][911][Info]: 0 -----1 
[11:59:52.5761][912][Info]: 0 -----1 
[11:59:52.5881][913][Info]: 0 -----1 
[11:59:52.5881][914][Info]: 0 -----1 
[11:59:52.6031][915][Info]: 0 -----1 
[11:59:52.6031][916][Info]: 0 -----1 
[11:59:52.6031][917][Info]: 0 -----1 
[11:59:52.6231][918][Info]: 0 -----1 
[11:59:52.6231][919][Info]: 0 -----1 
[11:59:52.6371][920][Info]: 0 -----1 
[11:59:52.6371][921][Info]: 0 -----1 
[11:59:52.6511][922][Info]: 0 -----1 
[11:59:52.6511][923][Info]: 0 -----1 
[11:59:52.6681][924][Info]: 0 -----1 
[11:59:52.6681][925][Info]: 0 -----1 
[11:59:52.6841][926][Info]: 0 -----1 
[11:59:52.6841][927][Info]: 0 -----1 
[11:59:52.6990][928][Info]: 0 -----1 
[11:59:52.6990][929][Info]: 0 -----1 
[11:59:52.7140][930][Info]: 0 -----1 
[11:59:52.7140][931][Info]: 0 -----1 
[11:59:52.7280][932][Info]: 0 -----1 
[11:59:52.7280][933][Info]: 1 -----1 
[11:59:52.7470][934][Info]: 1 -----1 
[11:59:52.7610][935][Info]: 1 -----1 
[11:59:52.7610][936][Info]: 1 -----1 
[11:59:52.7790][937][Info]: 1 -----1 
[11:59:52.7790][938][Info]: 1 -----1 
[11:59:52.7950][939][Info]: 1 -----1 
[11:59:52.7950][940][Info]: 1 ----0 
[11:59:52.8080][941][Info]: 1 ----0 
[11:59:52.8080][942][Info]: 0 ----0 
[11:59:52.8260][943][Info]: 0 ----0 
[11:59:52.8260][944][Info]: 0 ----0 
[11:59:52.8410][945][Info]: 0 ----0 
[11:59:52.8410][946][Info]: 0 ----0 
[11:59:52.8540][947][Info]: 0 ----0 
[11:59:52.8540][948][Info]: 0 ----0 
[11:59:52.8540][949][Info]: 0 ----0 
[11:59:52.8720][950][Info]: 0 ----0 
[11:59:52.8720][951][Info]: 0 ----0 
[11:59:52.8720][952][Info]: 0 ----0 
[11:59:52.8900][953][Info]: 0 ----0 
[11:59:52.8900][954][Info]: 0 ----0 
[11:59:52.9020][955][Info]: 0 ----0 
[11:59:52.9020][956][Info]: 0 ----0 
[11:59:52.9020][957][Info]: 0 ----0 
[11:59:52.9210][958][Info]: 0 ----0 
[11:59:52.9210][959][Info]: 0 ----0 
[11:59:52.9340][960][Info]: 0 ----0 
[11:59:52.9340][961][Info]: 0 ----0 
[11:59:52.9480][962][Info]: 0 ----0 
[11:59:52.9480][963][Info]: 0 ----0 
[11:59:52.9480][964][Info]: 0 ----0 
[11:59:52.9660][965][Info]: 0 ----0 
[11:59:52.9660][966][Info]: 0 ----0 
[11:59:52.9830][967][Info]: 0 ----0 
[11:59:52.9830][968][Info]: 0 ----0 
[11:59:52.9989][969][Info]: 0 ----0 
[11:59:52.9989][970][Info]: 0 ----0 
[11:59:53.0119][971][Info]: 0 ----0 
[11:59:53.0119][972][Info]: 0 ----0 
[11:59:53.0119][973][Info]: 0 ----0 
[11:59:53.0299][974][Info]: 0 ----0 
[11:59:53.0299][975][Info]: 0 ----0 
[11:59:53.0469][976][Info]: 0 ----1 
[11:59:53.0569][977][Info]: 0 ----1 
[11:59:53.0569][978][Info]: 0 ----1 
[11:59:53.0729][979][Info]: 0 ----1 
[11:59:53.0729][980][Info]: 0 ----1 
[11:59:53.0919][981][Info]: 0 ----1 
[11:59:53.0919][982][Info]: 0 ----1 
[11:59:53.1099][983][Info]: 0 ----1 
[11:59:53.1209][984][Info]: 0 ----1 
[11:59:53.1209][985][Info]: 0 ----1 
[11:59:53.1439][986][Info]: 0 ----1 
[11:59:53.1572][987][Info]: 0 ----1 
[11:59:53.1662][988][Info]: 0 ----1 
[11:59:53.1662][989][Info]: 0 ----1 
[11:59:53.1832][990][Info]: 0 ----1 
[11:59:53.1832][991][Info]: 0 ----1 
[11:59:53.1972][992][Info]: 0 ----1 
[11:59:53.1972][993][Info]: 0 ----1 
[11:59:53.1972][994][Info]: 0 ----1 
[11:59:53.2212][995][Info]: 0 ----1 
[11:59:53.2312][996][Info]: 0 ----0 
[11:59:53.2312][997][Info]: 0 ----0 
[11:59:53.2462][998][Info]: 0 ----0 
[11:59:53.2602][999][Info]: 0 ----0 
[11:59:53.2602][1000][Info]: 0 ----0 
[11:59:53.2832][1001][Info]: 0 ----0 
[11:59:53.3092][1002][Info]: 0 ----0 
[11:59:53.3092][1003][Info]: 0 ----0 
[11:59:53.3272][1004][Info]: 0 ----0 
[11:59:53.3272][1005][Info]: 0 ----0 
[11:59:53.3412][1006][Info]: 0 ----0 
[11:59:53.3412][1007][Info]: 0 ----0 
[11:59:53.3582][1008][Info]: 0 ----0 
[11:59:53.3582][1009][Info]: 0 ----0 
[11:59:53.3722][1010][Info]: 0 ----0 
[11:59:53.3722][1011][Info]: 0 ----0 
[11:59:53.3852][1012][Info]: 0 ----0 
[11:59:53.3852][1013][Info]: 0 ----0 
[11:59:53.3852][1014][Info]: 0 ----0 
[11:59:53.4072][1015][Info]: 0 ----0 
[11:59:53.4072][1016][Info]: 0 ----0 
[11:59:53.4212][1017][Info]: 0 ----0 
[11:59:53.4212][1018][Info]: 0 ----0 
[11:59:53.4341][1019][Info]: 0 ----0 
[11:59:53.4341][1020][Info]: 0 ----0 
[11:59:53.4531][1021][Info]: 0 ----0 
[11:59:53.4531][1022][Info]: 0 ----0 
[11:59:53.4661][1023][Info]: 0 ----0 
[11:59:53.4661][1024][Info]: 0 ----0 
[11:59:53.4801][1025][Info]: 0 ----0 
[11:59:53.4801][1026][Info]: 0 ----0 
[11:59:53.4941][1027][Info]: 0 ----0 
[11:59:53.4941][1028][Info]: 0 ----0 
[11:59:53.4941][1029][Info]: 0 ----0 
[11:59:53.5151][1030][Info]: 0 ----0 
[11:59:53.5151][1031][Info]: 0 ----0 
[11:59:53.5301][1032][Info]: 0 ----0 
[11:59:53.5301][1033][Info]: 0 ----0 
[11:59:53.5441][1034][Info]: 0 ----0 
[11:59:53.5441][1035][Info]: 0 ----0 
[11:59:53.5591][1036][Info]: 0 ----0 
[11:59:53.5591][1037][Info]: 0 ----0 
[11:59:53.5721][1038][Info]: 0 ----0 
[11:59:53.5721][1039][Info]: 0 ----0 
[11:59:53.5721][1040][Info]: 0 ----0 
[11:59:53.5931][1041][Info]: 0 ----0 
[11:59:53.6121][1042][Info]: 0 ----0 
[11:59:53.6211][1043][Info]: 0 ----0 
[11:59:53.6211][1044][Info]: 0 ----0 
[11:59:53.6211][1045][Info]: 0 ----0 
[11:59:53.6391][1046][Info]: 0 ----0 
[11:59:53.6391][1047][Info]: 0 ----0 
[11:59:53.6511][1048][Info]: 0 ----0 
[11:59:53.6511][1049][Info]: 0 ----0 
[11:59:53.6511][1050][Info]: 0 ----0 
[11:59:53.6681][1051][Info]: 0 ----0 
[11:59:53.6681][1052][Info]: 0 ----0 
[11:59:53.6681][1053][Info]: 0 ----0 
[11:59:53.6861][1054][Info]: 0 ----0 
[11:59:53.6981][1055][Info]: 0 ----0 
[11:59:53.6981][1056][Info]: 0 ----0 
[11:59:53.7131][1057][Info]: 0 ----0 
[11:59:53.7131][1058][Info]: 0 ----0 
[11:59:53.7131][1059][Info]: 0 ----0 
[11:59:53.7321][1060][Info]: 0 ----0 
[11:59:53.7321][1061][Info]: 0 ----0 
[11:59:53.7470][1062][Info]: 0 ----0 
[11:59:53.7470][1063][Info]: 0 ----0 
[11:59:53.7650][1064][Info]: 0 ----0 
[11:59:53.7650][1065][Info]: 0 ----0 
[11:59:53.7780][1066][Info]: 0 ----0 
[11:59:53.7780][1067][Info]: 0 ----0 
[11:59:53.7940][1068][Info]: 0 ----0 
[11:59:53.7940][1069][Info]: 0 ----0 
[11:59:53.8070][1070][Info]: 0 ----0 
[11:59:53.8070][1071][Info]: 0 ----0 
[11:59:53.8240][1072][Info]: 0 ----0 
[11:59:53.8240][1073][Info]: 0 ----0 
[11:59:53.8380][1074][Info]: 0 ----0 
[11:59:53.8380][1075][Info]: 0 ----0 
[11:59:53.8380][1076][Info]: 0 ----0 
[11:59:53.8590][1077][Info]: 0 ----0 
[11:59:53.8590][1078][Info]: 0 ----0 
[11:59:53.8740][1079][Info]: 0 ----0 
[11:59:53.8740][1080][Info]: 0 ----0 
[11:59:53.8890][1081][Info]: 0 ----0 
[11:59:53.8890][1082][Info]: 0 ----0 
[11:59:53.9070][1083][Info]: 0 ----0 
[11:59:53.9070][1084][Info]: 0 ----0 
[11:59:53.9210][1085][Info]: 0 ----0 
[11:59:53.9210][1086][Info]: 0 ----0 
[11:59:53.9340][1087][Info]: 0 ----0 
[11:59:53.9340][1088][Info]: 0 ----0 
[11:59:53.9470][1089][Info]: 0 ----0 
[11:59:53.9470][1090][Info]: 0 ----0 
[11:59:53.9470][1091][Info]: 0 ----0 
[11:59:53.9700][1092][Info]: 0 ----0 
[11:59:53.9700][1093][Info]: 0 ----0 
[11:59:53.9830][1094][Info]: 0 ----0 
[11:59:53.9830][1095][Info]: 0 ----0 
[11:59:53.9990][1096][Info]: 0 ----0 
[11:59:53.9990][1097][Info]: 0 ----0 
[11:59:54.0130][1098][Info]: 0 ----0 
[11:59:54.0130][1099][Info]: 0 ----0 
[11:59:54.0250][1100][Info]: 0 ----0 
[11:59:54.0250][1101][Info]: 0 ----0 
[11:59:54.0250][1102][Info]: 0 ----0 
[11:59:54.0450][1103][Info]: 0 ----0 
[11:59:54.0450][1104][Info]: 0 ----0 
[11:59:54.0620][1105][Info]: 0 ----0 
[11:59:54.0620][1106][Info]: 0 ----0 
[11:59:54.0760][1107][Info]: 0 ----0 
[11:59:54.0760][1108][Info]: 0 ----0 
[11:59:54.0880][1109][Info]: 0 ----0 
[11:59:54.0880][1110][Info]: 0 ----0 
[11:59:54.0880][1111][Info]: 0 ----0 
[11:59:54.1069][1112][Info]: 0 ----0 
[11:59:54.1069][1113][Info]: 0 ----0 
[11:59:54.1189][1114][Info]: 0 ----0 
[11:59:54.1189][1115][Info]: 0 ----0 
[11:59:54.1189][1116][Info]: 0 ----0 
[11:59:54.1389][1117][Info]: 0 ----0 
[11:59:54.1389][1118][Info]: 0 ----0 
[11:59:54.1539][1119][Info]: 0 ----0 
[11:59:54.1539][1120][Info]: 0 ----0 
[11:59:54.1659][1121][Info]: 0 ----0 
[11:59:54.1659][1122][Info]: 0 ----0 
[11:59:54.1849][1123][Info]: 0 ----0 
[11:59:54.1849][1124][Info]: 0 ----0 
[11:59:54.1989][1125][Info]: 0 ----0 
[11:59:54.1989][1126][Info]: 0 ----0 
[11:59:54.2189][1127][Info]: 0 ----0 
[11:59:54.2189][1128][Info]: 0 ----0 
[11:59:54.2329][1129][Info]: 0 ----0 
[11:59:54.2329][1130][Info]: 0 ----0 
[11:59:54.2472][1131][Info]: 0 ----0 
[11:59:54.2472][1132][Info]: 0 ----0 
[11:59:54.2602][1133][Info]: 0 ----0 
[11:59:54.2602][1134][Info]: 0 ----0 
[11:59:54.2602][1135][Info]: 0 ----0 
[11:59:54.2802][1136][Info]: 0 ----0 
[11:59:54.2802][1137][Info]: 0 ----0 
[11:59:54.2952][1138][Info]: 0 ----0 
[11:59:54.2952][1139][Info]: 0 ----0 
[11:59:54.3091][1140][Info]: 0 ----0 
[11:59:54.3091][1141][Info]: 0 ----0 
[11:59:54.3231][1142][Info]: 0 ----0 
[11:59:54.3231][1143][Info]: 0 ----0 
[11:59:54.3391][1144][Info]: 0 ----0 
[11:59:54.3391][1145][Info]: 0 ----0 
[11:59:54.3561][1146][Info]: 0 ----0 
[11:59:54.3561][1147][Info]: 0 ----0 
[11:59:54.3751][1148][Info]: 0 ----0 
[11:59:54.3751][1149][Info]: 0 ----0 
[11:59:54.3911][1150][Info]: 0 ----0 
[11:59:54.3911][1151][Info]: 0 ----0 
[11:59:54.4051][1152][Info]: 0 ----0 
[11:59:54.4051][1153][Info]: 0 ----0 
[11:59:54.4191][1154][Info]: 0 ----0 
[11:59:54.4191][1155][Info]: 0 ----0 
[11:59:54.4321][1156][Info]: 0 ----0 
[11:59:54.4321][1157][Info]: 0 ----0 
[11:59:54.4321][1158][Info]: 0 ----0 
[11:59:54.4531][1159][Info]: 0 ----0 
[11:59:54.4531][1160][Info]: 0 ----0 
[11:59:54.4671][1161][Info]: 0 ----0 
[11:59:54.4671][1162][Info]: 0 ----0 
[11:59:54.4791][1163][Info]: 0 ----0 
[11:59:54.4791][1164][Info]: 0 ----0 
[11:59:54.4791][1165][Info]: 0 ----0 
[11:59:54.4991][1166][Info]: 0 ----0 
[11:59:54.4991][1167][Info]: 0 ----0 
[11:59:54.5151][1168][Info]: 0 ----0 
[11:59:54.5151][1169][Info]: 0 ----0 
[11:59:54.5301][1170][Info]: 0 ----0 
[11:59:54.5301][1171][Info]: 0 ----0 
[11:59:54.5421][1172][Info]: 0 ----0 
[11:59:54.5421][1173][Info]: 0 ----0 
[11:59:54.5721][1174][Info]: 0 ----0 
[11:59:54.5721][1175][Info]: 0 ----0 
[11:59:54.5881][1176][Info]: 0 ----0 
[11:59:54.5881][1177][Info]: 0 ----0 
[11:59:54.5881][1178][Info]: 0 ----0 
[11:59:54.6071][1179][Info]: 0 ----0 
[11:59:54.6071][1180][Info]: 0 ----0 
[11:59:54.6201][1181][Info]: 0 ----0 
[11:59:54.6201][1182][Info]: 0 ----0 
[11:59:54.6201][1183][Info]: 0 ----0 
[11:59:54.6380][1184][Info]: 0 ----0 
[11:59:54.6380][1185][Info]: 0 ----0 
[11:59:54.6500][1186][Info]: 0 ----0 
[11:59:54.6500][1187][Info]: 0 ----0 
[11:59:54.6500][1188][Info]: 0 ----0 
[11:59:54.6730][1189][Info]: 0 ----0 
[11:59:54.6730][1190][Info]: 0 ----0 
[11:59:54.6850][1191][Info]: 0 ----0 
[11:59:54.6850][1192][Info]: 0 ----0 
[11:59:54.6970][1193][Info]: 0 ----0 
[11:59:54.6970][1194][Info]: 0 ----0 
[11:59:54.6970][1195][Info]: 0 ----0 
[11:59:54.7150][1196][Info]: 0 ----0 
[11:59:54.7150][1197][Info]: 0 ----0 
[11:59:54.7150][1198][Info]: 0 ----0 
[11:59:54.7340][1199][Info]: 0 ----0 
[11:59:54.7340][1200][Info]: 0 ----0 
[11:59:54.7460][1201][Info]: 0 ----0 
[11:59:54.7460][1202][Info]: 0 ----0 
[11:59:54.7460][1203][Info]: 0 ----0 
[11:59:54.7640][1204][Info]: 0 ----0 
[11:59:54.7640][1205][Info]: 0 ----0 
[11:59:54.7770][1206][Info]: 0 ----0 
[11:59:54.7770][1207][Info]: 0 ----0 
[11:59:54.7930][1208][Info]: 0 ----0 
[11:59:54.7930][1209][Info]: 0 ----0 
[11:59:54.7930][1210][Info]: 0 ----0 
[11:59:54.8140][1211][Info]: 0 ----0 
[11:59:54.8220][1212][Info]: 0 ----0 
[11:59:54.8220][1213][Info]: 0 ----0 
[11:59:54.8380][1214][Info]: 0 ----0 
[11:59:54.8380][1215][Info]: 0 ----0 
[11:59:54.8380][1216][Info]: 0 ----0 
[11:59:54.8600][1217][Info]: 0 ----0 
[11:59:54.8600][1218][Info]: 0 ----0 
[11:59:54.8740][1219][Info]: 0 ----0 
[11:59:54.8740][1220][Info]: 0 ----0 
[11:59:54.8870][1221][Info]: 0 ----0 
[11:59:54.8870][1222][Info]: 0 ----0 
[11:59:54.9010][1223][Info]: 0 ----0 
[11:59:54.9010][1224][Info]: 0 ----0 
[11:59:54.9160][1225][Info]: 0 ----0 
[11:59:54.9160][1226][Info]: 0 ----0 
[11:59:54.9160][1227][Info]: 0 ----0 
[11:59:54.9370][1228][Info]: 0 ----0 
[11:59:54.9370][1229][Info]: 0 ----0 
[11:59:54.9509][1230][Info]: 0 ----0 
[11:59:54.9509][1231][Info]: 0 ----0 
[11:59:54.9649][1232][Info]: 0 ----0 
[11:59:54.9649][1233][Info]: 0 ----0 
[11:59:54.9889][1234][Info]: 0 ----0 
[11:59:54.9979][1235][Info]: 0 ----0 
[11:59:54.9979][1236][Info]: 0 ----0 
[11:59:55.0129][1237][Info]: 0 ----0 
[11:59:55.0129][1238][Info]: 0 ----0 
[11:59:55.0259][1239][Info]: 0 ----0 
[11:59:55.0259][1240][Info]: 0 ----0 
[11:59:55.0429][1241][Info]: 0 ----0 
[11:59:55.0429][1242][Info]: 0 ----0 
[11:59:55.0579][1243][Info]: 0 ----0 
[11:59:55.0579][1244][Info]: 0 ----0 
[11:59:55.0719][1245][Info]: 0 ----0 
[11:59:55.0719][1246][Info]: 0 ----0 
[11:59:55.0719][1247][Info]: 0 ----0 
[11:59:55.0929][1248][Info]: 0 ----0 
[11:59:55.0929][1249][Info]: 0 ----0 
[11:59:55.1059][1250][Info]: 0 ----0 
[11:59:55.1059][1251][Info]: 0 ----0 
[11:59:55.1199][1252][Info]: 0 ----0 
[11:59:55.1199][1253][Info]: 0 ----0 
[11:59:55.1369][1254][Info]: 0 ----0 
[11:59:55.1369][1255][Info]: 0 ----0 
[11:59:55.1369][1256][Info]: 0 ----0 
[11:59:55.1539][1257][Info]: 0 ----0 
[11:59:55.1539][1258][Info]: 0 ----0 
[11:59:55.1657][1259][Info]: 0 ----0 
[11:59:55.1657][1260][Info]: 0 ----0 
[11:59:55.1657][1261][Info]: 0 ----0 
[11:59:55.1867][1262][Info]: 0 ----0 
[11:59:55.1867][1263][Info]: 0 ----0 
[11:59:55.2057][1264][Info]: 0 ----0 
[11:59:55.2150][1265][Info]: 0 ----0 
[11:59:55.2150][1266][Info]: 0 ----0 
[11:59:55.2290][1267][Info]: 0 ----0 
[11:59:55.2290][1268][Info]: 0 ----0 
[11:59:55.2440][1269][Info]: 0 ----0 
[11:59:55.2440][1270][Info]: 0 ----0 
[11:59:55.2440][1271][Info]: 0 ----0 
[11:59:55.2670][1272][Info]: 0 ----0 
[11:59:55.2670][1273][Info]: 0 ----0 
[11:59:55.2850][1274][Info]: 0 ----0 
[11:59:55.2940][1275][Info]: 0 ----0 
[11:59:55.2940][1276][Info]: 0 ----0 
[11:59:55.3079][1277][Info]: 0 ----0 
[11:59:55.3079][1278][Info]: 0 ----0 
[11:59:55.3219][1279][Info]: 0 ----0 
[11:59:55.3219][1280][Info]: 0 ----0 
[11:59:55.3389][1281][Info]: 0 ----0 
[11:59:55.3389][1282][Info]: 0 ----0 
[11:59:55.3389][1283][Info]: 0 ----0 
[11:59:55.3589][1284][Info]: 0 ----0 
[11:59:55.3589][1285][Info]: 0 ----0 
[11:59:55.3759][1286][Info]: 0 ----0 
[11:59:55.3759][1287][Info]: 0 ----0 
[11:59:55.3919][1288][Info]: 0 ----0 
[11:59:55.3919][1289][Info]: 0 ----0 
[11:59:55.4059][1290][Info]: 0 ----0 
[11:59:55.4059][1291][Info]: 0 ----0 
[11:59:55.4189][1292][Info]: 0 ----0 
[11:59:55.4189][1293][Info]: 0 ----0 
[11:59:55.4339][1294][Info]: 0 ----0 
[11:59:55.4339][1295][Info]: 0 ----0 
[11:59:55.4489][1296][Info]: 0 ----0 
[11:59:55.4489][1297][Info]: 0 ----0 
[11:59:55.4489][1298][Info]: 0 ----0 
[11:59:55.4669][1299][Info]: 0 ----0 
[11:59:55.4669][1300][Info]: 0 ----0 
[11:59:55.4799][1301][Info]: 0 ----0 
[11:59:55.4799][1302][Info]: 0 ----0 
[11:59:55.4799][1303][Info]: 0 ----0 
[11:59:55.4979][1304][Info]: 0 ----0 
[11:59:55.4979][1305][Info]: 0 ----0 
[11:59:55.5099][1306][Info]: 0 ----0 
[11:59:55.5099][1307][Info]: 0 ----0 
[11:59:55.5099][1308][Info]: 0 ----0 
[11:59:55.5279][1309][Info]: 0 ----0 
[11:59:55.5279][1310][Info]: 0 ----0 
[11:59:55.5409][1311][Info]: 0 ----0 
[11:59:55.5409][1312][Info]: 0 ----0 
[11:59:55.5409][1313][Info]: 0 ----0 
[11:59:55.5579][1314][Info]: 0 ----0 
[11:59:55.5579][1315][Info]: 0 ----0 
[11:59:55.5579][1316][Info]: 0 ----0 
[11:59:55.5759][1317][Info]: 0 ----0 
[11:59:55.5759][1318][Info]: 0 ----0 
[11:59:55.5939][1319][Info]: 0 ----0 
[11:59:55.5939][1320][Info]: 0 ----0 
[11:59:55.6099][1321][Info]: 0 ----0 
[11:59:55.6099][1322][Info]: 0 ----0 
[11:59:55.6239][1323][Info]: 0 ----0 
[11:59:55.6239][1324][Info]: 0 ----0 
[11:59:55.6369][1325][Info]: 0 ----0 
[11:59:55.6369][1326][Info]: 0 ----0 
[11:59:55.6369][1327][Info]: 0 ----0 
[11:59:55.6541][1328][Info]: 0 ----0 
[11:59:55.6541][1329][Info]: 0 ----0 
[11:59:55.6671][1330][Info]: 0 ----0 
[11:59:55.6671][1331][Info]: 0 ----0 
[11:59:55.6671][1332][Info]: 0 ----0 
[11:59:55.6851][1333][Info]: 0 ----0 
[11:59:55.6851][1334][Info]: 0 ----0 
[11:59:55.6971][1335][Info]: 0 ----0 
[11:59:55.6971][1336][Info]: 0 ----0 
[11:59:55.7141][1337][Info]: 0 ----0 
[11:59:55.7141][1338][Info]: 0 ----0 
[11:59:55.7281][1339][Info]: 0 ----0 
[11:59:55.7511][1340][Info]: 0 ----0 
[11:59:55.7681][1341][Info]: 0 ----0 
[11:59:55.7780][1342][Info]: 0 ----0 
[11:59:55.7780][1343][Info]: 0 ----0 
[11:59:55.7960][1344][Info]: 0 ----0 
[11:59:55.7960][1345][Info]: 0 ----0 
[11:59:55.8150][1346][Info]: 0 ----0 
[11:59:55.8270][1347][Info]: 0 ----0 
[11:59:55.8270][1348][Info]: 0 ----0 
[11:59:55.8430][1349][Info]: 0 ----0 
[11:59:55.8430][1350][Info]: 0 ----0 
[11:59:55.8611][1351][Info]: 0 ----0 
[11:59:55.8711][1352][Info]: 0 ----0 
[11:59:55.8711][1353][Info]: 0 ----0 
[11:59:55.8851][1354][Info]: 0 ----0 
[11:59:55.8851][1355][Info]: 0 ----0 
[11:59:55.9091][1356][Info]: 0 ----0 
[11:59:55.9191][1357][Info]: 0 ----0 
[11:59:55.9321][1358][Info]: 0 ----0 
[11:59:55.9321][1359][Info]: 0 ----0 
[11:59:55.9321][1360][Info]: 0 ----0 
[11:59:55.9563][1361][Info]: 0 ----0 
[11:59:55.9643][1362][Info]: 0 ----0 
[11:59:55.9643][1363][Info]: 0 ----0 
[11:59:55.9823][1364][Info]: 0 ----0 
[11:59:55.9823][1365][Info]: 0 ----0 
[11:59:56.0023][1366][Info]: 0 ----0 
[11:59:56.0123][1367][Info]: 0 ----0 
[11:59:56.0283][1368][Info]: 0 ----0 
[11:59:56.0283][1369][Info]: 0 ----0 
[11:59:56.0483][1370][Info]: 0 ----0 
[11:59:56.0623][1371][Info]: 0 ----0 
[11:59:56.0623][1372][Info]: 0 ----0 
[11:59:56.0743][1373][Info]: 0 ----0 
[11:59:56.0743][1374][Info]: 0 ----0 
[11:59:56.0743][1375][Info]: 0 ----0 
[11:59:56.0923][1376][Info]: 0 ----0 
[11:59:56.0923][1377][Info]: 0 ----0 
[11:59:56.1043][1378][Info]: 0 ----0 
[11:59:56.1043][1379][Info]: 0 ----0 
[11:59:56.1043][1380][Info]: 0 ----0 
[11:59:56.1223][1381][Info]: 0 ----0 
[11:59:56.1223][1382][Info]: 0 ----0 
[11:59:56.1353][1383][Info]: 0 ----0 
[11:59:56.1353][1384][Info]: 0 ----0 
[11:59:56.1353][1385][Info]: 0 ----0 
[11:59:56.1533][1386][Info]: 0 ----0 
[11:59:56.1533][1387][Info]: 0 ----0 
[11:59:56.1663][1388][Info]: 0 ----0 
[11:59:56.1663][1389][Info]: 0 ----0 
[11:59:56.1663][1390][Info]: 0 ----0 
[11:59:56.1842][1391][Info]: 0 ----0 
[11:59:56.1842][1392][Info]: 0 ----0 
[11:59:56.2002][1393][Info]: 0 ----0 
[11:59:56.2002][1394][Info]: 0 ----0 
[11:59:56.2152][1395][Info]: 0 ----0 
[11:59:56.2152][1396][Info]: 0 ----0 
[11:59:56.2302][1397][Info]: 0 ----0 
[11:59:56.2302][1398][Info]: 0 ----0 
[11:59:56.2302][1399][Info]: 0 ----0 
[11:59:56.2492][1400][Info]: 0 ----0 
[11:59:56.2492][1401][Info]: 0 ----0 
[11:59:56.2611][1402][Info]: 0 ----0 
[11:59:56.2611][1403][Info]: 0 ----0 
[11:59:56.2751][1404][Info]: 0 ----0 
[11:59:56.2751][1405][Info]: 0 ----0 
[11:59:56.2751][1406][Info]: 0 ----0 
[11:59:56.2941][1407][Info]: 0 ----0 
[11:59:56.2941][1408][Info]: 0 ----0 
[11:59:56.3081][1409][Info]: 0 ----0 
[11:59:56.3081][1410][Info]: 0 ----0 
[11:59:56.3231][1411][Info]: 0 ----0 
[11:59:56.3231][1412][Info]: 0 ----0 
[11:59:56.3231][1413][Info]: 0 ----0 
[11:59:56.3431][1414][Info]: 0 ----0 
[11:59:56.3431][1415][Info]: 0 ----0 
[11:59:56.3601][1416][Info]: 0 ----0 
[11:59:56.3691][1417][Info]: 0 ----0 
[11:59:56.3691][1418][Info]: 0 ----0 
[11:59:56.3911][1419][Info]: 0 ----0 
[11:59:56.4011][1420][Info]: 0 ----0 
[11:59:56.4011][1421][Info]: 0 ----0 
[11:59:56.4361][1422][Info]: 0 ----0 
[11:59:56.4361][1423][Info]: 0 ----0 
[11:59:56.4511][1424][Info]: 0 ----0 
[11:59:56.4511][1425][Info]: 0 ----0 
[11:59:56.4631][1426][Info]: 0 ----0 
[11:59:56.4631][1427][Info]: 0 ----0 
[11:59:56.4631][1428][Info]: 0 ----0 
[11:59:56.4841][1429][Info]: 0 ----0 
[11:59:56.4841][1430][Info]: 0 ----0 
[11:59:56.4981][1431][Info]: 0 ----0 
[11:59:56.4981][1432][Info]: 0 ----0 
[11:59:56.5171][1433][Info]: 0 ----0 
[11:59:56.5171][1434][Info]: 0 ----0 
[11:59:56.5321][1435][Info]: 0 ----0 
[11:59:56.5321][1436][Info]: 0 ----0 
[11:59:56.5461][1437][Info]: 0 ----0 
[11:59:56.5461][1438][Info]: 0 ----0 
[11:59:56.5610][1439][Info]: 0 ----0 
[11:59:56.5610][1440][Info]: 0 ----0 
[11:59:56.5751][1441][Info]: 0 ----0 
[11:59:56.5751][1442][Info]: 0 ----0 
[11:59:56.5910][1443][Info]: 0 ----0 
[11:59:56.5910][1444][Info]: 0 ----0 
[11:59:56.6060][1445][Info]: 0 ----0 
[11:59:56.6060][1446][Info]: 0 ----0 
[11:59:56.6210][1447][Info]: 0 ----0 
[11:59:56.6210][1448][Info]: 0 ----0 
[11:59:56.6210][1449][Info]: 0 ----0 
[11:59:56.6410][1450][Info]: 0 ----0 
[11:59:56.6510][1451][Info]: 0 ----0 
[11:59:56.6510][1452][Info]: 0 ----0 
[11:59:56.6720][1453][Info]: 0 ----0 
[11:59:56.6720][1454][Info]: 0 ----0 
[11:59:56.6850][1455][Info]: 0 ----0 
[11:59:56.6850][1456][Info]: 0 ----0 
[11:59:56.6980][1457][Info]: 0 ----0 
[11:59:56.6980][1458][Info]: 0 ----0 
[11:59:56.7130][1459][Info]: 0 ----0 
[11:59:56.7130][1460][Info]: 0 ----0 
[11:59:56.7130][1461][Info]: 0 ----0 
[11:59:56.7350][1462][Info]: 0 ----0 
[11:59:56.7350][1463][Info]: 0 ----0 
[11:59:56.7490][1464][Info]: 0 ----0 
[11:59:56.7490][1465][Info]: 0 ----0 
[11:59:56.7630][1466][Info]: 0 ----0 
[11:59:56.7630][1467][Info]: 0 ----0 
[11:59:56.7770][1468][Info]: 0 ----0 
[11:59:56.7770][1469][Info]: 0 ----0 
[11:59:56.7920][1470][Info]: 0 ----0 
[11:59:56.7920][1471][Info]: 0 ----0 
[11:59:56.7920][1472][Info]: 0 ----0 
[11:59:56.8160][1473][Info]: 0 ----0 
[11:59:56.8260][1474][Info]: 0 ----0 
[11:59:56.8260][1475][Info]: 0 ----0 
[11:59:56.8410][1476][Info]: 0 ----0 
[11:59:56.8410][1477][Info]: 0 ----0 
[11:59:56.8569][1478][Info]: 0 ----0 
[11:59:56.8569][1479][Info]: 0 ----0 
[11:59:56.8699][1480][Info]: 0 ----0 
[11:59:56.8699][1481][Info]: 0 ----0 
[11:59:56.8699][1482][Info]: 0 ----0 
[11:59:56.8899][1483][Info]: 0 ----0 
[11:59:56.8899][1484][Info]: 0 ----0 
[11:59:56.9029][1485][Info]: 0 ----0 
[11:59:56.9029][1486][Info]: 0 ----0 
[11:59:56.9029][1487][Info]: 0 ----0 
[11:59:56.9219][1488][Info]: 0 ----0 
[11:59:56.9219][1489][Info]: 0 ----0 
[11:59:56.9339][1490][Info]: 0 ----0 
[11:59:56.9339][1491][Info]: 0 ----0 
[11:59:56.9339][1492][Info]: 0 ----0 
[11:59:56.9529][1493][Info]: 0 ----0 
[11:59:56.9529][1494][Info]: 0 ----0 
[11:59:56.9659][1495][Info]: 0 ----0 
[11:59:56.9659][1496][Info]: 0 ----0 
[11:59:56.9799][1497][Info]: 0 ----0 
[11:59:56.9799][1498][Info]: 0 ----0 
[11:59:56.9799][1499][Info]: 0 ----0 
[11:59:56.9989][1500][Info]: 0 ----0 
[11:59:56.9989][1501][Info]: 0 ----0 
[11:59:57.0109][1502][Info]: 0 ----0 
[11:59:57.0109][1503][Info]: 0 ----0 
[11:59:57.0109][1504][Info]: 0 ----0 
[11:59:57.0309][1505][Info]: 0 ----0 
[11:59:57.0309][1506][Info]: 0 ----0 
[11:59:57.0429][1507][Info]: 0 ----0 
[11:59:57.0429][1508][Info]: 0 ----0 
[11:59:57.0572][1509][Info]: 0 ----0 
[11:59:57.0572][1510][Info]: 0 ----0 
[11:59:57.0572][1511][Info]: 0 ----0 
[11:59:57.0771][1512][Info]: 0 ----0 
[11:59:57.0771][1513][Info]: 0 ----0 
[11:59:57.0905][1514][Info]: 0 ----0 
[11:59:57.0905][1515][Info]: 0 ----0 
[11:59:57.1035][1516][Info]: 0 ----0 
[11:59:57.1035][1517][Info]: 0 ----0 
[11:59:57.1210][1518][Info]: 0 ----0 
[11:59:57.1210][1519][Info]: 0 ----0 
[11:59:57.1370][1520][Info]: 0 ----0 
[11:59:57.1370][1521][Info]: 0 ----0 
[11:59:57.1520][1522][Info]: 0 ----0 
[11:59:57.1520][1523][Info]: 0 ----0 
[11:59:57.1660][1524][Info]: 0 ----0 
[11:59:57.1660][1525][Info]: 0 ----0 
[11:59:57.1660][1526][Info]: 0 ----0 
[11:59:57.1860][1527][Info]: 0 ----0 
[11:59:57.1860][1528][Info]: 0 ----0 
[11:59:57.2010][1529][Info]: 0 ----0 
[11:59:57.2010][1530][Info]: 0 ----0 
[11:59:57.2160][1531][Info]: 0 ----0 
[11:59:57.2160][1532][Info]: 0 ----0 
[11:59:57.2310][1533][Info]: 0 ----0 
[11:59:57.2310][1534][Info]: 0 ----0 
[11:59:57.2460][1535][Info]: 0 ----0 
[11:59:57.2460][1536][Info]: 0 ----0 
[11:59:57.2609][1537][Info]: 0 ----0 
[11:59:57.2609][1538][Info]: 0 ----0 
[11:59:57.2819][1539][Info]: 0 ----0 
[11:59:57.2949][1540][Info]: 0 ----0 
[11:59:57.2949][1541][Info]: 0 ----0 
[11:59:57.3109][1542][Info]: 0 ----0 
[11:59:57.3109][1543][Info]: 0 ----0 
[11:59:57.3229][1544][Info]: 0 ----0 
[11:59:57.3229][1545][Info]: 0 ----0 
[11:59:57.3229][1546][Info]: 0 ----0 
[11:59:57.3429][1547][Info]: 0 ----0 
[11:59:57.3429][1548][Info]: 0 ----0 
[11:59:57.3559][1549][Info]: 0 ----0 
[11:59:57.3559][1550][Info]: 0 ----0 
[11:59:57.3689][1551][Info]: 0 ----0 
[11:59:57.3689][1552][Info]: 0 ----0 
[11:59:57.3689][1553][Info]: 0 ----0 
[11:59:57.3869][1554][Info]: 0 ----0 
[11:59:57.3869][1555][Info]: 0 ----0 
[11:59:57.3869][1556][Info]: 0 ----0 
[11:59:57.4049][1557][Info]: 0 ----0 
[11:59:57.4049][1558][Info]: 0 ----0 
[11:59:57.4209][1559][Info]: 0 ----0 
[11:59:57.4209][1560][Info]: 0 ----0 
[11:59:57.4359][1561][Info]: 0 ----0 
[11:59:57.4359][1562][Info]: 0 ----0 
[11:59:57.4484][1563][Info]: 0 ----0 
[11:59:57.4484][1564][Info]: 0 ----0 
[11:59:57.4484][1565][Info]: 0 ----0 
[11:59:57.4664][1566][Info]: 0 ----0 
[11:59:57.4664][1567][Info]: 0 ----0 
[11:59:57.4794][1568][Info]: 0 ----0 
[11:59:57.4794][1569][Info]: 0 ----0 
[11:59:57.4794][1570][Info]: 0 ----0 
[11:59:57.4974][1571][Info]: 0 ----0 
[11:59:57.4974][1572][Info]: 0 ----0 
[11:59:57.5094][1573][Info]: 0 ----0 
[11:59:57.5094][1574][Info]: 0 ----0 
[11:59:57.5094][1575][Info]: 0 ----0 
[11:59:57.5274][1576][Info]: 0 ----0 
[11:59:57.5274][1577][Info]: 0 ----0 
[11:59:57.5274][1578][Info]: 0 ----0 
[11:59:57.5444][1579][Info]: 0 ----0 
[11:59:57.5444][1580][Info]: 0 ----0 
[11:59:57.5576][1581][Info]: 0 ----0 
[11:59:57.5576][1582][Info]: 0 ----0 
[11:59:57.5726][1583][Info]: 0 ----0 
[11:59:57.5726][1584][Info]: 0 ----0 
[11:59:57.5726][1585][Info]: 0 ----0 
[11:59:57.5925][1586][Info]: 0 ----0 
[11:59:57.5925][1587][Info]: 0 ----0 
[11:59:57.6095][1588][Info]: 0 ----0 
[11:59:57.6095][1589][Info]: 0 ----0 
[11:59:57.6235][1590][Info]: 0 ----0 
[11:59:57.6235][1591][Info]: 0 ----0 
[11:59:57.6351][1592][Info]: 0 ----0 
[11:59:57.6351][1593][Info]: 0 ----0 
[11:59:57.6351][1594][Info]: 0 ----0 
[11:59:57.6531][1595][Info]: 0 ----0 
[11:59:57.6531][1596][Info]: 0 ----0 
[11:59:57.6668][1597][Info]: 0 ----0 
[11:59:57.6668][1598][Info]: 0 ----0 
[11:59:57.6668][1599][Info]: 0 ----0 
[11:59:57.6848][1600][Info]: 0 ----0 
[11:59:57.6848][1601][Info]: 0 ----0 
[11:59:57.6981][1602][Info]: 0 ----0 
[11:59:57.6981][1603][Info]: 0 ----0 
[11:59:57.6981][1604][Info]: 0 ----0 
[11:59:57.7171][1605][Info]: 0 ----0 
[11:59:57.7171][1606][Info]: 0 ----0 
[11:59:57.7341][1607][Info]: 0 ----0 
[11:59:57.7341][1608][Info]: 0 ----0 
[11:59:57.7471][1609][Info]: 0 ----0 
[11:59:57.7471][1610][Info]: 0 ----0 
[11:59:57.7600][1611][Info]: 0 ----0 
[11:59:57.7600][1612][Info]: 0 ----0 
[11:59:57.7600][1613][Info]: 0 ----0 
[11:59:57.7792][1614][Info]: 0 ----0 
[11:59:57.8012][1615][Info]: 0 ----0 
[11:59:57.8101][1616][Info]: 0 ----0 
[11:59:57.8101][1617][Info]: 0 ----0 
[11:59:57.8281][1618][Info]: 0 ----0 
[11:59:57.8281][1619][Info]: 0 ----0 
[11:59:57.8581][1620][Info]: 0 ----0 
[11:59:57.8751][1621][Info]: 0 ----0 
[11:59:57.8915][1622][Info]: 0 ----0 
[11:59:57.8915][1623][Info]: 0 ----0 
[11:59:57.9055][1624][Info]: 0 ----0 
[11:59:57.9055][1625][Info]: 0 ----0 
[11:59:57.9165][1626][Info]: 0 ----0 
[11:59:57.9165][1627][Info]: 0 ----0 
[11:59:57.9165][1628][Info]: 0 ----0 
[11:59:57.9355][1629][Info]: 0 ----0 
[11:59:57.9355][1630][Info]: 0 ----0 
[11:59:57.9470][1631][Info]: 0 ----0 
[11:59:57.9470][1632][Info]: 0 ----0 
[11:59:57.9470][1633][Info]: 0 ----0 
[11:59:57.9660][1634][Info]: 0 ----0 
[11:59:57.9660][1635][Info]: 0 ----0 
[11:59:57.9781][1636][Info]: 0 ----0 
[11:59:57.9781][1637][Info]: 0 ----0 
[11:59:57.9781][1638][Info]: 0 ----0 
[11:59:57.9981][1639][Info]: 0 ----0 
[11:59:57.9981][1640][Info]: 0 ----0 
[11:59:58.0111][1641][Info]: 0 ----0 
[11:59:58.0111][1642][Info]: 0 ----0 
[11:59:58.0111][1643][Info]: 0 ----0 
[11:59:58.0291][1644][Info]: 0 ----0 
[11:59:58.0291][1645][Info]: 0 ----0 
[11:59:58.0467][1646][Info]: 0 ----0 
[11:59:58.0467][1647][Info]: 0 ----0 
[11:59:58.0607][1648][Info]: 0 ----0 
[11:59:58.0607][1649][Info]: 0 ----0 
[11:59:58.0737][1650][Info]: 0 ----0 
[11:59:58.0737][1651][Info]: 0 ----0 
[11:59:58.0737][1652][Info]: 0 ----0 
[11:59:58.0927][1653][Info]: 0 ----0 
[11:59:58.0927][1654][Info]: 0 ----0 
[11:59:58.1047][1655][Info]: 0 ----0 
[11:59:58.1047][1656][Info]: 0 ----0 
[11:59:58.1047][1657][Info]: 0 ----0 
[11:59:58.1240][1658][Info]: 0 ----0 
[11:59:58.1240][1659][Info]: 0 ----0 
[11:59:58.1350][1660][Info]: 0 ----0 
[11:59:58.1350][1661][Info]: 0 ----0 
[11:59:58.1350][1662][Info]: 0 ----0 
[11:59:58.1538][1663][Info]: 0 ----0 
[11:59:58.1538][1664][Info]: 0 ----0 
[11:59:58.1538][1665][Info]: 0 ----0 
[11:59:58.1718][1666][Info]: 0 ----0 
[11:59:58.1718][1667][Info]: 0 ----0 
[11:59:58.1835][1668][Info]: 0 ----0 
[11:59:58.1835][1669][Info]: 0 ----0 
[11:59:58.1995][1670][Info]: 0 ----0 
[11:59:58.1995][1671][Info]: 0 ----0 
[11:59:58.1995][1672][Info]: 0 ----0 
[11:59:58.2175][1673][Info]: 0 ----0 
[11:59:58.2175][1674][Info]: 0 ----0 
[11:59:58.2290][1675][Info]: 0 ----0 
[11:59:58.2290][1676][Info]: 0 ----0 
[11:59:58.2290][1677][Info]: 0 ----0 
[11:59:58.2465][1678][Info]: 0 ----0 
[11:59:58.2465][1679][Info]: 0 ----0 
[11:59:58.2465][1680][Info]: 0 ----0 
[11:59:58.2650][1681][Info]: 0 ----0 
[11:59:58.2650][1682][Info]: 0 ----0 
[11:59:58.2770][1683][Info]: 0 ----0 
[11:59:58.2770][1684][Info]: 0 ----0 
[11:59:58.2910][1685][Info]: 0 ----0 
[11:59:58.2910][1686][Info]: 0 ----0 
[11:59:58.2910][1687][Info]: 0 ----0 
[11:59:58.3090][1688][Info]: 0 ----0 
[11:59:58.3090][1689][Info]: 0 ----0 
[11:59:58.3090][1690][Info]: 0 ----0 
[11:59:58.3270][1691][Info]: 0 ----0 
[11:59:58.3270][1692][Info]: 0 ----0 
[11:59:58.3390][1693][Info]: 0 ----0 
[11:59:58.3390][1694][Info]: 0 ----0 
[11:59:58.3548][1695][Info]: 0 ----0 
[11:59:58.3548][1696][Info]: 0 ----0 
[11:59:58.3548][1697][Info]: 0 ----0 
[11:59:58.3738][1698][Info]: 0 ----0 
[11:59:58.3738][1699][Info]: 0 ----0 
[11:59:58.3850][1700][Info]: 0 ----0 
[11:59:58.3850][1701][Info]: 0 ----0 
[11:59:58.3850][1702][Info]: 0 ----0 
[11:59:58.4040][1703][Info]: 0 ----0 
[11:59:58.4040][1704][Info]: 0 ----0 
[11:59:58.4040][1705][Info]: 0 ----0 
[11:59:58.4220][1706][Info]: 0 ----0 
[11:59:58.4220][1707][Info]: 0 ----0 
[11:59:58.4330][1708][Info]: 0 ----0 
[11:59:58.4330][1709][Info]: 0 ----0 
[11:59:58.4468][1710][Info]: 0 ----0 
[11:59:58.4468][1711][Info]: 0 ----0 
[11:59:58.4468][1712][Info]: 0 ----0 
[11:59:58.4638][1713][Info]: 0 ----0 
[11:59:58.4638][1714][Info]: 0 ----0 
[11:59:58.4638][1715][Info]: 0 ----0 
[11:59:58.4823][1716][Info]: 0 ----0 
[11:59:58.4823][1717][Info]: 0 ----0 
[11:59:58.4993][1718][Info]: 0 ----0 
[11:59:58.4993][1719][Info]: 0 ----0 
[11:59:58.5143][1720][Info]: 0 ----0 
[11:59:58.5143][1721][Info]: 0 ----0 
[11:59:58.5253][1722][Info]: 0 ----0 
[11:59:58.5253][1723][Info]: 0 ----0 
[11:59:58.5253][1724][Info]: 0 ----0 
[11:59:58.5433][1725][Info]: 0 ----0 
[11:59:58.5433][1726][Info]: 0 ----0 
[11:59:58.5433][1727][Info]: 0 ----0 
[11:59:58.5615][1728][Info]: 0 ----0 
[11:59:58.5615][1729][Info]: 0 ----0 
[11:59:58.5735][1730][Info]: 0 ----0 
[11:59:58.5735][1731][Info]: 0 ----0 
[11:59:58.5735][1732][Info]: 0 ----0 
[11:59:58.5930][1733][Info]: 0 ----0 
[11:59:58.5930][1734][Info]: 0 ----0 
[11:59:58.6040][1735][Info]: 0 ----0 
[11:59:58.6040][1736][Info]: 0 ----0 
[11:59:58.6040][1737][Info]: 0 ----0 
[11:59:58.6240][1738][Info]: 0 ----0 
[11:59:58.6240][1739][Info]: 0 ----0 
[11:59:58.6350][1740][Info]: 0 ----0 
[11:59:58.6350][1741][Info]: 0 ----0 
[11:59:58.6500][1742][Info]: 0 ----0 
[11:59:58.6500][1743][Info]: 0 ----0 
[11:59:58.6500][1744][Info]: 0 ----0 
[11:59:58.6710][1745][Info]: 0 ----0 
[11:59:58.6710][1746][Info]: 0 ----0 
[11:59:58.6820][1747][Info]: 0 ----0 
[11:59:58.6820][1748][Info]: 0 ----0 
[11:59:58.6820][1749][Info]: 0 ----0 
[11:59:58.7019][1750][Info]: 0 ----0 
[11:59:58.7019][1751][Info]: 0 ----0 
[11:59:58.7139][1752][Info]: 0 ----0 
[11:59:58.7139][1753][Info]: 0 ----0 
[11:59:58.7139][1754][Info]: 0 ----0 
[11:59:58.7319][1755][Info]: 0 ----0 
[11:59:58.7319][1756][Info]: 0 ----0 
[11:59:58.7439][1757][Info]: 0 ----0 
[11:59:58.7439][1758][Info]: 0 ----0 
[11:59:58.7439][1759][Info]: 0 ----0 
[11:59:58.7629][1760][Info]: 0 ----0 
[11:59:58.7629][1761][Info]: 0 ----0 
[11:59:58.7749][1762][Info]: 0 ----0 
[11:59:58.7749][1763][Info]: 0 ----0 
[11:59:58.7749][1764][Info]: 0 ----0 
[11:59:58.7928][1765][Info]: 0 ----0 
[11:59:58.7928][1766][Info]: 0 ----0 
[11:59:58.8108][1767][Info]: 0 ----0 
[11:59:58.8108][1768][Info]: 0 ----0 
[11:59:58.8228][1769][Info]: 0 ----0 
[11:59:58.8228][1770][Info]: 0 ----0 
[11:59:58.8228][1771][Info]: 0 ----0 
[11:59:58.8413][1772][Info]: 0 ----0 
[11:59:58.8413][1773][Info]: 0 ----0 
[11:59:58.8413][1774][Info]: 0 ----0 
[11:59:58.8579][1775][Info]: 0 ----0 
[11:59:58.8579][1776][Info]: 0 ----0 
[11:59:58.8702][1777][Info]: 0 ----0 
[11:59:58.8702][1778][Info]: 0 ----0 
[11:59:58.8702][1779][Info]: 0 ----0 
[11:59:58.8893][1780][Info]: 0 ----0 
[11:59:58.8893][1781][Info]: 0 ----0 
[11:59:58.9023][1782][Info]: 0 ----0 
[11:59:58.9023][1783][Info]: 0 ----0 
[11:59:58.9023][1784][Info]: 0 ----0 
[11:59:58.9203][1785][Info]: 0 ----0 
[11:59:58.9203][1786][Info]: 0 ----0 
[11:59:58.9333][1787][Info]: 0 ----0 
[11:59:58.9333][1788][Info]: 0 ----0 
[11:59:58.9333][1789][Info]: 0 ----0 
[11:59:58.9553][1790][Info]: 0 ----0 
[11:59:58.9626][1791][Info]: 0 ----0 
[11:59:58.9626][1792][Info]: 0 ----0 
[11:59:58.9626][1793][Info]: 0 ----0 
[11:59:58.9821][1794][Info]: 0 ----0 
[11:59:58.9821][1795][Info]: 0 ----0 
[11:59:58.9941][1796][Info]: 0 ----0 
[11:59:58.9941][1797][Info]: 0 ----0 
[11:59:58.9941][1798][Info]: 0 ----0 
[11:59:59.0131][1799][Info]: 0 ----0 
[11:59:59.0131][1800][Info]: 0 ----0 
[11:59:59.0251][1801][Info]: 0 ----0 
[11:59:59.0251][1802][Info]: 0 ----0 
[11:59:59.0251][1803][Info]: 0 ----0 
[11:59:59.0441][1804][Info]: 0 ----0 
[11:59:59.0441][1805][Info]: 0 ----0 
[11:59:59.0571][1806][Info]: 0 ----0 
[11:59:59.0571][1807][Info]: 0 ----0 
[11:59:59.0571][1808][Info]: 0 ----0 
[11:59:59.0756][1809][Info]: 0 ----0 
[11:59:59.0756][1810][Info]: 0 ----0 
[11:59:59.0756][1811][Info]: 0 ----0 
[11:59:59.0941][1812][Info]: 0 ----0 
[11:59:59.0941][1813][Info]: 0 ----0 
[11:59:59.1111][1814][Info]: 0 ----0 
[11:59:59.1191][1815][Info]: 0 ----0 
[11:59:59.1191][1816][Info]: 0 ----0 
[11:59:59.1191][1817][Info]: 0 ----0 
[11:59:59.1381][1818][Info]: 0 ----0 
[11:59:59.1381][1819][Info]: 0 ----0 
[11:59:59.1499][1820][Info]: 0 ----0 
[11:59:59.1499][1821][Info]: 0 ----0 
[11:59:59.1499][1822][Info]: 0 ----0 
[11:59:59.1679][1823][Info]: 0 ----0 
[11:59:59.1679][1824][Info]: 0 ----0 
[11:59:59.1679][1825][Info]: 0 ----0 
[11:59:59.1869][1826][Info]: 0 ----0 
[11:59:59.1869][1827][Info]: 0 ----0 
[11:59:59.1989][1828][Info]: 0 ----0 
[11:59:59.1989][1829][Info]: 0 ----0 
[11:59:59.1989][1830][Info]: 0 ----0 
[11:59:59.2169][1831][Info]: 0 ----0 
[11:59:59.2169][1832][Info]: 0 ----0 
[11:59:59.2289][1833][Info]: 0 ----0 
[11:59:59.2289][1834][Info]: 0 ----0 
[11:59:59.2289][1835][Info]: 0 ----0 
[11:59:59.2469][1836][Info]: 0 ----0 
[11:59:59.2469][1837][Info]: 0 ----0 
[11:59:59.2619][1838][Info]: 0 ----0 
[11:59:59.2619][1839][Info]: 0 ----0 
[11:59:59.2779][1840][Info]: 0 ----0 
[11:59:59.2779][1841][Info]: 0 ----0 
[11:59:59.2779][1842][Info]: 0 ----0 
[11:59:59.2959][1843][Info]: 0 ----0 
[11:59:59.2959][1844][Info]: 0 ----0 
[11:59:59.3089][1845][Info]: 0 ----0 
[11:59:59.3089][1846][Info]: 0 ----0 
[11:59:59.3219][1847][Info]: 0 ----0 
[11:59:59.3219][1848][Info]: 0 ----0 
[11:59:59.3219][1849][Info]: 0 ----0 
[11:59:59.3389][1850][Info]: 0 ----0 
[11:59:59.3389][1851][Info]: 0 ----0 
[11:59:59.3389][1852][Info]: 0 ----0 
[11:59:59.3630][1853][Info]: 0 ----0 
[11:59:59.3740][1854][Info]: 0 ----0 
[11:59:59.3740][1855][Info]: 0 ----0 
[11:59:59.4050][1856][Info]: 0 ----0 
[11:59:59.4050][1857][Info]: 0 ----0 
[11:59:59.4220][1858][Info]: 0 ----0 
[11:59:59.4220][1859][Info]: 0 ----0 
[11:59:59.4360][1860][Info]: 0 ----0 
[11:59:59.4360][1861][Info]: 0 ----0 
[11:59:59.4482][1862][Info]: 0 ----0 
[11:59:59.4482][1863][Info]: 0 ----0 
[11:59:59.4482][1864][Info]: 0 ----0 
[11:59:59.4671][1865][Info]: 0 ----0 
[11:59:59.4671][1866][Info]: 0 ----0 
[11:59:59.4791][1867][Info]: 0 ----0 
[11:59:59.4791][1868][Info]: 0 ----0 
[11:59:59.4791][1869][Info]: 0 ----0 
[11:59:59.4981][1870][Info]: 0 ----0 
[11:59:59.4981][1871][Info]: 0 ----0 
[11:59:59.5121][1872][Info]: 0 ----0 
[11:59:59.5121][1873][Info]: 0 ----0 
[11:59:59.5121][1874][Info]: 0 ----0 
[11:59:59.5311][1875][Info]: 0 ----0 
[11:59:59.5311][1876][Info]: 0 ----0 
[11:59:59.5421][1877][Info]: 0 ----0 
[11:59:59.5421][1878][Info]: 0 ----0 
[11:59:59.5421][1879][Info]: 0 ----0 
[11:59:59.5599][1880][Info]: 0 ----0 
[11:59:59.5599][1881][Info]: 0 ----0 
[11:59:59.5749][1882][Info]: 0 ----0 
[11:59:59.5749][1883][Info]: 0 ----0 
[11:59:59.5889][1884][Info]: 0 ----0 
[11:59:59.5889][1885][Info]: 0 ----0 
[11:59:59.5889][1886][Info]: 0 ----0 
[11:59:59.6069][1887][Info]: 0 ----0 
[11:59:59.6069][1888][Info]: 0 ----0 
[11:59:59.6199][1889][Info]: 0 ----0 
[11:59:59.6199][1890][Info]: 0 ----0 
[11:59:59.6199][1891][Info]: 0 ----0 
[11:59:59.6364][1892][Info]: 0 ----0 
[11:59:59.6364][1893][Info]: 0 ----0 
[11:59:59.6364][1894][Info]: 0 ----0 
[11:59:59.6554][1895][Info]: 0 ----0 
[11:59:59.6554][1896][Info]: 0 ----0 
[11:59:59.6664][1897][Info]: 0 ----0 
[11:59:59.6664][1898][Info]: 0 ----0 
[11:59:59.6664][1899][Info]: 0 ----0 
[11:59:59.6844][1900][Info]: 0 ----0 
[11:59:59.6844][1901][Info]: 0 ----0 
[11:59:59.6974][1902][Info]: 0 ----0 
[11:59:59.6974][1903][Info]: 0 ----0 
[11:59:59.6974][1904][Info]: 0 ----0 
[11:59:59.7173][1905][Info]: 0 ----0 
[11:59:59.7173][1906][Info]: 0 ----0 
[11:59:59.7333][1907][Info]: 0 ----0 
[11:59:59.7333][1908][Info]: 0 ----0 
[11:59:59.7453][1909][Info]: 0 ----0 
[11:59:59.7453][1910][Info]: 0 ----0 
[11:59:59.7453][1911][Info]: 0 ----0 
[11:59:59.7633][1912][Info]: 0 ----0 
[11:59:59.7633][1913][Info]: 0 ----0 
[11:59:59.7753][1914][Info]: 0 ----0 
[11:59:59.7753][1915][Info]: 0 ----0 
[11:59:59.7753][1916][Info]: 0 ----0 
[11:59:59.7943][1917][Info]: 0 ----0 
[11:59:59.7943][1918][Info]: 0 ----0 
[11:59:59.8073][1919][Info]: 0 ----0 
[11:59:59.8073][1920][Info]: 0 ----0 
[11:59:59.8073][1921][Info]: 0 ----0 
[11:59:59.8253][1922][Info]: 0 ----0 
[11:59:59.8253][1923][Info]: 0 ----0 
[11:59:59.8383][1924][Info]: 0 ----0 
[11:59:59.8383][1925][Info]: 0 ----0 
[11:59:59.8383][1926][Info]: 0 ----0 
[11:59:59.8563][1927][Info]: 0 ----0 
[11:59:59.8563][1928][Info]: 0 ----0 
[11:59:59.8563][1929][Info]: 0 ----0 
[11:59:59.8763][1930][Info]: 0 ----0 
[11:59:59.8853][1931][Info]: 0 ----0 
[11:59:59.8853][1932][Info]: 0 ----0 
[11:59:59.8853][1933][Info]: 0 ----0 
[11:59:59.9023][1934][Info]: 0 ----0 
[11:59:59.9023][1935][Info]: 0 ----0 
[11:59:59.9163][1936][Info]: 0 ----0 
[11:59:59.9163][1937][Info]: 0 ----0 
[11:59:59.9163][1938][Info]: 0 ----0 
[11:59:59.9353][1939][Info]: 0 ----0 
[11:59:59.9353][1940][Info]: 0 ----0 
[11:59:59.9473][1941][Info]: 0 ----0 
[11:59:59.9473][1942][Info]: 0 ----0 
[11:59:59.9473][1943][Info]: 0 ----0 
[11:59:59.9663][1944][Info]: 0 ----0 
[11:59:59.9663][1945][Info]: 0 ----0 
[11:59:59.9663][1946][Info]: 0 ----0 
[11:59:59.9833][1947][Info]: 0 ----0 
[11:59:59.9833][1948][Info]: 0 ----0 
[11:59:59.9963][1949][Info]: 0 ----0 
[11:59:59.9963][1950][Info]: 0 ----0 
[12:00:00.0103][1951][Info]: 0 ----0 
[12:00:00.0103][1952][Info]: 0 ----0 
[12:00:00.0103][1953][Info]: 0 ----0 
[12:00:00.0313][1954][Info]: 0 ----0 
[12:00:00.0313][1955][Info]: 0 ----0 
[12:00:00.0463][1956][Info]: 0 ----0 
[12:00:00.0463][1957][Info]: 0 ----0 
[12:00:00.0583][1958][Info]: 0 ----0 
[12:00:00.0583][1959][Info]: 0 ----0 
[12:00:00.0583][1960][Info]: 0 ----0 
[12:00:00.0763][1961][Info]: 0 ----0 
[12:00:00.0763][1962][Info]: 0 ----0 
[12:00:00.0892][1963][Info]: 0 ----0 
[12:00:00.0892][1964][Info]: 0 ----0 
[12:00:00.0892][1965][Info]: 0 ----0 
[12:00:00.1082][1966][Info]: 0 ----0 
[12:00:00.1082][1967][Info]: 0 ----0 
[12:00:00.1202][1968][Info]: 0 ----0 
[12:00:00.1202][1969][Info]: 0 ----0 
[12:00:00.1202][1970][Info]: 0 ----0 
[12:00:00.1402][1971][Info]: 0 ----0 
[12:00:00.1402][1972][Info]: 0 ----0 
[12:00:00.1532][1973][Info]: 0 ----0 
[12:00:00.1532][1974][Info]: 0 ----0 
[12:00:00.1532][1975][Info]: 0 ----0 
[12:00:00.1702][1976][Info]: 0 ----0 
[12:00:00.1702][1977][Info]: 0 ----0 
[12:00:00.1852][1978][Info]: 0 ----0 
[12:00:00.1852][1979][Info]: 0 ----0 
[12:00:00.1992][1980][Info]: 0 ----0 
[12:00:00.1992][1981][Info]: 0 ----0 
[12:00:00.1992][1982][Info]: 0 ----0 
[12:00:00.2182][1983][Info]: 0 ----0 
[12:00:00.2182][1984][Info]: 0 ----0 
[12:00:00.2312][1985][Info]: 0 ----0 
[12:00:00.2312][1986][Info]: 0 ----0 
[12:00:00.2442][1987][Info]: 0 ----0 
[12:00:00.2442][1988][Info]: 0 ----0 
[12:00:00.2442][1989][Info]: 0 ----0 
[12:00:00.2622][1990][Info]: 0 ----0 
[12:00:00.2622][1991][Info]: 0 ----0 
[12:00:00.2752][1992][Info]: 0 ----0 
[12:00:00.2752][1993][Info]: 0 ----0 
[12:00:00.2752][1994][Info]: 0 ----0 
[12:00:00.2922][1995][Info]: 0 ----0 
[12:00:00.2922][1996][Info]: 0 ----0 
[12:00:00.2922][1997][Info]: 0 ----0 
[12:00:00.3112][1998][Info]: 0 ----0 
[12:00:00.3112][1999][Info]: 0 ----0 
[12:00:00.3232][2000][Info]: 0 ----0 
[12:00:00.3232][2001][Info]: 0 ----0 
[12:00:00.3392][2002][Info]: 0 ----0 
[12:00:00.3392][2003][Info]: 0 ----0 
[12:00:00.3542][2004][Info]: 0 ----0 
[12:00:00.3542][2005][Info]: 0 ----0 
[12:00:00.3542][2006][Info]: 0 ----0 
[12:00:00.3732][2007][Info]: 0 ----0 
[12:00:00.3732][2008][Info]: 0 ----0 
[12:00:00.3852][2009][Info]: 0 ----0 
[12:00:00.3852][2010][Info]: 0 ----0 
[12:00:00.3852][2011][Info]: 0 ----0 
[12:00:00.4031][2012][Info]: 0 ----0 
[12:00:00.4031][2013][Info]: 0 ----0 
[12:00:00.4161][2014][Info]: 0 ----0 
[12:00:00.4161][2015][Info]: 0 ----0 
[12:00:00.4161][2016][Info]: 0 ----0 
[12:00:00.4341][2017][Info]: 0 ----0 
[12:00:00.4341][2018][Info]: 0 ----0 
[12:00:00.4341][2019][Info]: 0 ----0 
[12:00:00.4521][2020][Info]: 0 ----0 
[12:00:00.4521][2021][Info]: 0 ----0 
[12:00:00.4651][2022][Info]: 0 ----0 
[12:00:00.4651][2023][Info]: 0 ----0 
[12:00:00.4651][2024][Info]: 0 ----0 
[12:00:00.4831][2025][Info]: 0 ----0 
[12:00:00.4831][2026][Info]: 0 ----0 
[12:00:00.5001][2027][Info]: 0 ----0 
[12:00:00.5001][2028][Info]: 0 ----0 
[12:00:00.5121][2029][Info]: 0 ----0 
[12:00:00.5121][2030][Info]: 0 ----0 
[12:00:00.5121][2031][Info]: 0 ----0 
[12:00:00.5321][2032][Info]: 0 ----0 
[12:00:00.5321][2033][Info]: 0 ----0 
[12:00:00.5441][2034][Info]: 0 ----0 
[12:00:00.5441][2035][Info]: 0 ----0 
[12:00:00.5441][2036][Info]: 0 ----0 
[12:00:00.5621][2037][Info]: 0 ----0 
[12:00:00.5621][2038][Info]: 0 ----0 
[12:00:00.5751][2039][Info]: 0 ----0 
[12:00:00.5751][2040][Info]: 0 ----0 
[12:00:00.5751][2041][Info]: 0 ----0 
[12:00:00.5921][2042][Info]: 0 ----0 
[12:00:00.5921][2043][Info]: 0 ----0 
[12:00:00.6061][2044][Info]: 0 ----0 
[12:00:00.6061][2045][Info]: 0 ----0 
[12:00:00.6061][2046][Info]: 0 ----0 
[12:00:00.6241][2047][Info]: 0 ----0 
[12:00:00.6241][2048][Info]: 0 ----0 
[12:00:00.6361][2049][Info]: 0 ----0 
[12:00:00.6361][2050][Info]: 0 ----0 
[12:00:00.6541][2051][Info]: 0 ----0 
[12:00:00.6541][2052][Info]: 0 ----0 
[12:00:00.6661][2053][Info]: 0 ----0 
[12:00:00.6661][2054][Info]: 0 ----0 
[12:00:00.6661][2055][Info]: 0 ----0 
[12:00:00.6851][2056][Info]: 0 ----0 
[12:00:00.6851][2057][Info]: 0 ----0 
[12:00:00.6981][2058][Info]: 0 ----0 
[12:00:00.6981][2059][Info]: 0 ----0 
[12:00:00.6981][2060][Info]: 0 ----0 
[12:00:00.7170][2061][Info]: 0 ----0 
[12:00:00.7170][2062][Info]: 0 ----0 
[12:00:00.7300][2063][Info]: 0 ----0 
[12:00:00.7300][2064][Info]: 0 ----0 
[12:00:00.7300][2065][Info]: 0 ----0 
[12:00:00.7490][2066][Info]: 0 ----0 
[12:00:00.7490][2067][Info]: 0 ----0 
[12:00:00.7610][2068][Info]: 0 ----0 
[12:00:00.7610][2069][Info]: 0 ----0 
[12:00:00.7610][2070][Info]: 0 ----0 
[12:00:00.7790][2071][Info]: 0 ----0 
[12:00:00.7790][2072][Info]: 0 ----0 
[12:00:00.7920][2073][Info]: 0 ----0 
[12:00:00.7920][2074][Info]: 0 ----0 
[12:00:00.8080][2075][Info]: 0 ----0 
[12:00:00.8080][2076][Info]: 0 ----0 
[12:00:00.8080][2077][Info]: 0 ----0 
[12:00:00.8260][2078][Info]: 0 ----0 
[12:00:00.8260][2079][Info]: 0 ----0 
[12:00:00.8390][2080][Info]: 0 ----0 
[12:00:00.8390][2081][Info]: 0 ----0 
[12:00:00.8390][2082][Info]: 0 ----0 
[12:00:00.8570][2083][Info]: 0 ----0 
[12:00:00.8570][2084][Info]: 0 ----0 
[12:00:00.8710][2085][Info]: 0 ----0 
[12:00:00.8710][2086][Info]: 0 ----0 
[12:00:00.8710][2087][Info]: 0 ----0 
[12:00:00.8890][2088][Info]: 0 ----0 
[12:00:00.8890][2089][Info]: 0 ----0 
[12:00:00.9020][2090][Info]: 0 ----0 
[12:00:00.9020][2091][Info]: 0 ----0 
[12:00:00.9020][2092][Info]: 0 ----0 
[12:00:00.9200][2093][Info]: 0 ----0 
[12:00:00.9200][2094][Info]: 0 ----0 
[12:00:00.9320][2095][Info]: 0 ----0 
[12:00:00.9320][2096][Info]: 0 ----0 
[12:00:00.9320][2097][Info]: 0 ----0 
[12:00:00.9540][2098][Info]: 0 ----0 
[12:00:00.9540][2099][Info]: 0 ----0 
[12:00:00.9680][2100][Info]: 0 ----0 
[12:00:00.9680][2101][Info]: 0 ----0 
[12:00:00.9810][2102][Info]: 0 ----0 
[12:00:00.9810][2103][Info]: 0 ----0 
[12:00:00.9810][2104][Info]: 0 ----0 
[12:00:00.9990][2105][Info]: 0 ----0 
[12:00:00.9990][2106][Info]: 0 ----0 
[12:00:01.0100][2107][Info]: 0 ----0 
[12:00:01.0100][2108][Info]: 0 ----0 
[12:00:01.0100][2109][Info]: 0 ----0 
[12:00:01.0299][2110][Info]: 0 ----0 
[12:00:01.0299][2111][Info]: 0 ----0 
[12:00:01.0429][2112][Info]: 0 ----0 
[12:00:01.0429][2113][Info]: 0 ----0 
[12:00:01.0429][2114][Info]: 0 ----0 
[12:00:01.0619][2115][Info]: 0 ----0 
[12:00:01.0619][2116][Info]: 0 ----0 
[12:00:01.0739][2117][Info]: 0 ----0 
[12:00:01.0739][2118][Info]: 0 ----0 
[12:00:01.0739][2119][Info]: 0 ----0 
[12:00:01.0929][2120][Info]: 0 ----0 
[12:00:01.0929][2121][Info]: 0 ----0 
[12:00:01.1079][2122][Info]: 0 ----0 
[12:00:01.1079][2123][Info]: 0 ----0 
[12:00:01.1219][2124][Info]: 0 ----0 
[12:00:01.1219][2125][Info]: 0 ----0 
[12:00:01.1359][2126][Info]: 0 ----0 
[12:00:01.1359][2127][Info]: 0 ----0 
[12:00:01.1359][2128][Info]: 0 ----0 
[12:00:01.1549][2129][Info]: 0 ----0 
[12:00:01.1549][2130][Info]: 0 ----0 
[12:00:01.1669][2131][Info]: 0 ----0 
[12:00:01.1669][2132][Info]: 0 ----0 
[12:00:01.1669][2133][Info]: 0 ----0 
[12:00:01.1860][2134][Info]: 0 ----0 
[12:00:01.1860][2135][Info]: 0 ----0 
[12:00:01.1969][2136][Info]: 0 ----0 
[12:00:01.1969][2137][Info]: 0 ----0 
[12:00:01.1969][2138][Info]: 0 ----0 
[12:00:01.2149][2139][Info]: 0 ----0 
[12:00:01.2149][2140][Info]: 0 ----0 
[12:00:01.2149][2141][Info]: 0 ----0 
[12:00:01.2339][2142][Info]: 0 ----0 
[12:00:01.2339][2143][Info]: 0 ----0 
[12:00:01.2459][2144][Info]: 0 ----0 
[12:00:01.2459][2145][Info]: 0 ----0 
[12:00:01.2609][2146][Info]: 0 ----0 
[12:00:01.2609][2147][Info]: 0 ----0 
[12:00:01.2759][2148][Info]: 0 ----0 
[12:00:01.2759][2149][Info]: 0 ----0 
[12:00:01.2759][2150][Info]: 0 ----0 
[12:00:01.2939][2151][Info]: 0 ----0 
[12:00:01.2939][2152][Info]: 0 ----0 
[12:00:01.2939][2153][Info]: 0 ----0 
[12:00:01.3129][2154][Info]: 0 ----0 
[12:00:01.3129][2155][Info]: 0 ----0 
[12:00:01.3239][2156][Info]: 0 ----0 
[12:00:01.3239][2157][Info]: 0 ----0 
[12:00:01.3239][2158][Info]: 0 ----0 
[12:00:01.3439][2159][Info]: 0 ----0 
[12:00:01.3439][2160][Info]: 0 ----0 
[12:00:01.3559][2161][Info]: 0 ----0 
[12:00:01.3559][2162][Info]: 0 ----0 
[12:00:01.3559][2163][Info]: 0 ----0 
[12:00:01.3739][2164][Info]: 0 ----0 
[12:00:01.3739][2165][Info]: 0 ----0 
[12:00:01.3856][2166][Info]: 0 ----0 
[12:00:01.3856][2167][Info]: 0 ----0 
[12:00:01.3856][2168][Info]: 0 ----0 
[12:00:01.4036][2169][Info]: 0 ----0 
[12:00:01.4036][2170][Info]: 0 ----0 
[12:00:01.4206][2171][Info]: 0 ----0 
[12:00:01.4206][2172][Info]: 0 ----0 
[12:00:01.4336][2173][Info]: 0 ----0 
[12:00:01.4336][2174][Info]: 0 ----0 
[12:00:01.4336][2175][Info]: 0 ----0 
[12:00:01.4520][2176][Info]: 0 ----0 
[12:00:01.4520][2177][Info]: 0 ----0 
[12:00:01.4639][2178][Info]: 0 ----0 
[12:00:01.4639][2179][Info]: 0 ----0 
[12:00:01.4639][2180][Info]: 0 ----0 
[12:00:01.4829][2181][Info]: 0 ----0 
[12:00:01.4829][2182][Info]: 0 ----0 
[12:00:01.4949][2183][Info]: 0 ----0 
[12:00:01.4949][2184][Info]: 0 ----0 
[12:00:01.4949][2185][Info]: 0 ----0 
[12:00:01.5139][2186][Info]: 0 ----0 
[12:00:01.5139][2187][Info]: 0 ----0 
[12:00:01.5259][2188][Info]: 0 ----0 
[12:00:01.5259][2189][Info]: 0 ----0 
[12:00:01.5259][2190][Info]: 0 ----0 
[12:00:01.5459][2191][Info]: 0 ----0 
[12:00:01.5459][2192][Info]: 0 ----0 
[12:00:01.5579][2193][Info]: 0 ----0 
[12:00:01.5579][2194][Info]: 0 ----0 
[12:00:01.5749][2195][Info]: 0 ----0 
[12:00:01.5749][2196][Info]: 0 ----0 
[12:00:01.5749][2197][Info]: 0 ----0 
[12:00:01.5939][2198][Info]: 0 ----0 
[12:00:01.5939][2199][Info]: 0 ----0 
[12:00:01.6051][2200][Info]: 0 ----0 
[12:00:01.6051][2201][Info]: 0 ----0 
[12:00:01.6051][2202][Info]: 0 ----0 
[12:00:01.6241][2203][Info]: 0 ----0 
[12:00:01.6241][2204][Info]: 0 ----0 
[12:00:01.6351][2205][Info]: 0 ----0 
[12:00:01.6351][2206][Info]: 0 ----0 
[12:00:01.6351][2207][Info]: 0 ----0 
[12:00:01.6531][2208][Info]: 0 ----0 
[12:00:01.6531][2209][Info]: 0 ----0 
[12:00:01.6531][2210][Info]: 0 ----0 
[12:00:01.6721][2211][Info]: 0 ----0 
[12:00:01.6721][2212][Info]: 0 ----0 
[12:00:01.6831][2213][Info]: 0 ----0 
[12:00:01.6831][2214][Info]: 0 ----0 
[12:00:01.6831][2215][Info]: 0 ----0 
[12:00:01.7021][2216][Info]: 0 ----0 
[12:00:01.7021][2217][Info]: 0 ----0 
[12:00:01.7171][2218][Info]: 0 ----0 
[12:00:01.7171][2219][Info]: 0 ----0 
[12:00:01.7311][2220][Info]: 0 ----0 
[12:00:01.7311][2221][Info]: 0 ----0 
[12:00:01.7311][2222][Info]: 0 ----0 
[12:00:01.7511][2223][Info]: 0 ----0 
[12:00:01.7511][2224][Info]: 0 ----0 
[12:00:01.7651][2225][Info]: 0 ----0 
[12:00:01.7651][2226][Info]: 0 ----0 
[12:00:01.7771][2227][Info]: 0 ----0 
[12:00:01.7771][2228][Info]: 0 ----0 
[12:00:01.7771][2229][Info]: 0 ----0 
[12:00:01.7961][2230][Info]: 0 ----0 
[12:00:01.7961][2231][Info]: 0 ----0 
[12:00:01.8081][2232][Info]: 0 ----0 
[12:00:01.8081][2233][Info]: 0 ----0 
[12:00:01.8081][2234][Info]: 0 ----0 
[12:00:01.8271][2235][Info]: 0 ----0 
[12:00:01.8271][2236][Info]: 0 ----0 
[12:00:01.8401][2237][Info]: 0 ----0 
[12:00:01.8401][2238][Info]: 0 ----0 
[12:00:01.8401][2239][Info]: 0 ----0 
[12:00:01.8581][2240][Info]: 0 ----0 
[12:00:01.8581][2241][Info]: 0 ----0 
[12:00:01.8731][2242][Info]: 0 ----0 
[12:00:01.8731][2243][Info]: 0 ----0 
[12:00:01.8881][2244][Info]: 0 ----0 
[12:00:01.8881][2245][Info]: 0 ----0 
[12:00:01.9001][2246][Info]: 0 ----0 
[12:00:01.9001][2247][Info]: 0 ----0 
[12:00:01.9001][2248][Info]: 0 ----0 
[12:00:01.9190][2249][Info]: 0 ----0 
[12:00:01.9190][2250][Info]: 0 ----0 
[12:00:01.9190][2251][Info]: 0 ----0 
[12:00:01.9370][2252][Info]: 0 ----0 
[12:00:01.9370][2253][Info]: 0 ----0 
[12:00:01.9500][2254][Info]: 0 ----0 
[12:00:01.9500][2255][Info]: 0 ----0 
[12:00:01.9500][2256][Info]: 0 ----0 
[12:00:01.9680][2257][Info]: 0 ----0 
[12:00:01.9680][2258][Info]: 0 ----0 
[12:00:01.9810][2259][Info]: 0 ----0 
[12:00:01.9810][2260][Info]: 0 ----0 
[12:00:01.9950][2261][Info]: 0 ----0 
[12:00:01.9950][2262][Info]: 0 ----0 
[12:00:01.9950][2263][Info]: 0 ----0 
[12:00:02.0140][2264][Info]: 0 ----0 
[12:00:02.0140][2265][Info]: 0 ----0 
[12:00:02.0300][2266][Info]: 0 ----0 
[12:00:02.0300][2267][Info]: 0 ----0 
[12:00:02.0450][2268][Info]: 0 ----0 
[12:00:02.0450][2269][Info]: 0 ----0 
[12:00:02.0570][2270][Info]: 0 ----0 
[12:00:02.0570][2271][Info]: 0 ----0 
[12:00:02.0570][2272][Info]: 0 ----0 
[12:00:02.0760][2273][Info]: 0 ----0 
[12:00:02.0760][2274][Info]: 0 ----0 
[12:00:02.1000][2275][Info]: 0 ----0 
[12:00:02.1080][2276][Info]: 0 ----0 
[12:00:02.1080][2277][Info]: 0 ----0 
[12:00:02.1240][2278][Info]: 0 ----0 
[12:00:02.1240][2279][Info]: 0 ----0 
[12:00:02.1410][2280][Info]: 0 ----0 
[12:00:02.1520][2281][Info]: 0 ----0 
[12:00:02.1690][2282][Info]: 0 ----0 
[12:00:02.2210][2283][Info]: 0 ----0 
[12:00:02.2349][2284][Info]: 0 ----0 
[12:00:02.2349][2285][Info]: 0 ----0 
[12:00:02.2499][2286][Info]: 0 ----0 
[12:00:02.2499][2287][Info]: 0 ----0 
[12:00:02.2629][2288][Info]: 0 ----0 
[12:00:02.2629][2289][Info]: 0 ----0 
[12:00:02.2789][2290][Info]: 0 ----0 
[12:00:02.2789][2291][Info]: 0 ----0 
[12:00:02.2959][2292][Info]: 0 ----0 
[12:00:02.2959][2293][Info]: 0 ----0 
[12:00:02.3139][2294][Info]: 0 ----0 
[12:00:02.3299][2295][Info]: 0 ----0 
[12:00:02.3429][2296][Info]: 0 ----0 
[12:00:02.3569][2297][Info]: 0 ----0 
[12:00:02.3709][2298][Info]: 0 ----0 
[12:00:02.3989][2299][Info]: 0 ----0 
[12:00:02.4099][2300][Info]: 0 ----0 
[12:00:02.4189][2301][Info]: 0 ----0 
[12:00:02.4189][2302][Info]: 0 ----0 
[12:00:02.4189][2303][Info]: 0 ----0 
[12:00:02.4369][2304][Info]: 0 ----0 
[12:00:02.4369][2305][Info]: 0 ----0 
[12:00:02.4489][2306][Info]: 0 ----0 
[12:00:02.4489][2307][Info]: 0 ----0 
[12:00:02.4489][2308][Info]: 0 ----0 
[12:00:02.4669][2309][Info]: 0 ----0 
[12:00:02.4669][2310][Info]: 0 ----0 
[12:00:02.4799][2311][Info]: 0 ----0 
[12:00:02.4799][2312][Info]: 0 ----0 
[12:00:02.4799][2313][Info]: 0 ----0 
[12:00:02.4989][2314][Info]: 0 ----0 
[12:00:02.4989][2315][Info]: 0 ----0 
[12:00:02.5119][2316][Info]: 0 ----0 
[12:00:02.5119][2317][Info]: 0 ----0 
[12:00:02.5119][2318][Info]: 0 ----0 
[12:00:02.5289][2319][Info]: 0 ----0 
[12:00:02.5289][2320][Info]: 0 ----0 
[12:00:02.5439][2321][Info]: 0 ----0 
[12:00:02.5439][2322][Info]: 0 ----0 
[12:00:02.5589][2323][Info]: 0 ----0 
[12:00:02.5589][2324][Info]: 0 ----0 
[12:00:02.5729][2325][Info]: 0 ----0 
[12:00:02.5729][2326][Info]: 0 ----0 
[12:00:02.5729][2327][Info]: 0 ----0 
[12:00:02.5910][2328][Info]: 0 ----0 
[12:00:02.5910][2329][Info]: 0 ----0 
[12:00:02.6040][2330][Info]: 0 ----0 
[12:00:02.6040][2331][Info]: 0 ----0 
[12:00:02.6040][2332][Info]: 0 ----0 
[12:00:02.6220][2333][Info]: 0 ----0 
[12:00:02.6220][2334][Info]: 0 ----0 
[12:00:02.6350][2335][Info]: 0 ----0 
[12:00:02.6350][2336][Info]: 0 ----0 
[12:00:02.6510][2337][Info]: 0 ----0 
[12:00:02.6510][2338][Info]: 0 ----0 
[12:00:02.6660][2339][Info]: 0 ----0 
[12:00:02.6660][2340][Info]: 0 ----0 
[12:00:02.6830][2341][Info]: 0 ----0 
[12:00:02.6830][2342][Info]: 0 ----0 
[12:00:02.7040][2343][Info]: 0 ----0 
[12:00:02.7160][2344][Info]: 0 ----0 
[12:00:02.7160][2345][Info]: 0 ----0 
[12:00:02.7320][2346][Info]: 0 ----0 
[12:00:02.7320][2347][Info]: 0 ----0 
[12:00:02.7480][2348][Info]: 0 ----0 
[12:00:02.7480][2349][Info]: 0 ----0 
[12:00:02.7640][2350][Info]: 0 ----0 
[12:00:02.7640][2351][Info]: 0 ----0 
[12:00:02.7820][2352][Info]: 0 ----0 
[12:00:02.7820][2353][Info]: 0 ----0 
[12:00:02.7960][2354][Info]: 0 ----0 
[12:00:02.7960][2355][Info]: 0 ----0 
[12:00:02.8110][2356][Info]: 0 ----0 
[12:00:02.8110][2357][Info]: 0 ----0 
[12:00:02.8240][2358][Info]: 0 ----0 
[12:00:02.8240][2359][Info]: 0 ----0 
[12:00:02.8240][2360][Info]: 0 ----0 
[12:00:02.8449][2361][Info]: 0 ----0 
[12:00:02.8539][2362][Info]: 0 ----0 
[12:00:02.8539][2363][Info]: 0 ----0 
[12:00:02.8729][2364][Info]: 0 ----0 
[12:00:02.8729][2365][Info]: 0 ----0 
[12:00:02.8869][2366][Info]: 0 ----0 
[12:00:02.8869][2367][Info]: 0 ----0 
[12:00:02.9009][2368][Info]: 0 ----0 
[12:00:02.9009][2369][Info]: 0 ----0 
[12:00:02.9169][2370][Info]: 0 ----0 
[12:00:02.9169][2371][Info]: 0 ----0 
[12:00:02.9169][2372][Info]: 0 ----0 
[12:00:02.9369][2373][Info]: 0 ----0 
[12:00:02.9369][2374][Info]: 0 ----0 
[12:00:02.9509][2375][Info]: 0 ----0 
[12:00:02.9509][2376][Info]: 0 ----0 
[12:00:02.9659][2377][Info]: 0 ----0 
[12:00:02.9659][2378][Info]: 0 ----0 
[12:00:02.9809][2379][Info]: 0 ----0 
[12:00:02.9809][2380][Info]: 0 ----0 
[12:00:02.9949][2381][Info]: 0 ----0 
[12:00:02.9949][2382][Info]: 0 ----0 
[12:00:03.0129][2383][Info]: 0 ----0 
[12:00:03.0129][2384][Info]: 0 ----0 
[12:00:03.0300][2385][Info]: 0 ----0 
[12:00:03.0300][2386][Info]: 0 ----0 
[12:00:03.0440][2387][Info]: 0 ----0 
[12:00:03.0440][2388][Info]: 0 ----0 
[12:00:03.0570][2389][Info]: 0 ----0 
[12:00:03.0570][2390][Info]: 0 ----0 
[12:00:03.0570][2391][Info]: 0 ----0 
[12:00:03.0779][2392][Info]: 0 ----0 
[12:00:03.0779][2393][Info]: 0 ----0 
[12:00:03.0929][2394][Info]: 0 ----0 
[12:00:03.0929][2395][Info]: 0 ----0 
[12:00:03.1069][2396][Info]: 0 ----0 
[12:00:03.1069][2397][Info]: 0 ----0 
[12:00:03.1209][2398][Info]: 0 ----0 
[12:00:03.1209][2399][Info]: 0 ----0 
[12:00:03.1209][2400][Info]: 0 ----0 
[12:00:03.1409][2401][Info]: 0 ----0 
[12:00:03.1409][2402][Info]: 0 ----0 
[12:00:03.1559][2403][Info]: 0 ----0 
[12:00:03.1559][2404][Info]: 0 ----0 
[12:00:03.1759][2405][Info]: 0 ----0 
[12:00:03.1839][2406][Info]: 0 ----0 
[12:00:03.1839][2407][Info]: 0 ----0 
[12:00:03.1979][2408][Info]: 0 ----0 
[12:00:03.1979][2409][Info]: 0 ----0 
[12:00:03.1979][2410][Info]: 0 ----0 
[12:00:03.2189][2411][Info]: 0 ----0 
[12:00:03.2189][2412][Info]: 0 ----0 
[12:00:03.2339][2413][Info]: 0 ----0 
[12:00:03.2339][2414][Info]: 0 ----0 
[12:00:03.2479][2415][Info]: 0 ----0 
[12:00:03.2479][2416][Info]: 0 ----0 
[12:00:03.2599][2417][Info]: 0 ----0 
[12:00:03.2599][2418][Info]: 0 ----0 
[12:00:03.2599][2419][Info]: 0 ----0 
[12:00:03.2819][2420][Info]: 0 ----0 
[12:00:03.2819][2421][Info]: 0 ----0 
[12:00:03.2969][2422][Info]: 0 ----0 
[12:00:03.2969][2423][Info]: 0 ----0 
[12:00:03.3109][2424][Info]: 0 ----0 
[12:00:03.3109][2425][Info]: 0 ----0 
[12:00:03.3309][2426][Info]: 0 ----0 
[12:00:03.3309][2427][Info]: 0 ----0 
[12:00:03.3439][2428][Info]: 0 ----0 
[12:00:03.3439][2429][Info]: 0 ----0 
[12:00:03.3589][2430][Info]: 0 ----0 
[12:00:03.3589][2431][Info]: 0 ----0 
[12:00:03.3719][2432][Info]: 0 ----0 
[12:00:03.3719][2433][Info]: 0 ----0 
[12:00:03.3875][2434][Info]: 0 ----0 
[12:00:03.3875][2435][Info]: 0 ----0 
[12:00:03.4035][2436][Info]: 0 ----0 
[12:00:03.4035][2437][Info]: 0 ----0 
[12:00:03.4194][2438][Info]: 0 ----0 
[12:00:03.4194][2439][Info]: 0 ----0 
[12:00:03.4354][2440][Info]: 0 ----0 
[12:00:03.4354][2441][Info]: 0 ----0 
[12:00:03.4490][2442][Info]: 0 ----0 
[12:00:03.4490][2443][Info]: 0 ----0 
[12:00:03.4630][2444][Info]: 0 ----0 
[12:00:03.4630][2445][Info]: 0 ----0 
[12:00:03.4820][2446][Info]: 0 ----0 
[12:00:03.4820][2447][Info]: 0 ----0 
[12:00:03.4950][2448][Info]: 0 ----0 
[12:00:03.4950][2449][Info]: 0 ----0 
[12:00:03.4950][2450][Info]: 0 ----0 
[12:00:03.5140][2451][Info]: 0 ----0 
[12:00:03.5140][2452][Info]: 0 ----0 
[12:00:03.5260][2453][Info]: 0 ----0 
[12:00:03.5260][2454][Info]: 0 ----0 
[12:00:03.5260][2455][Info]: 0 ----0 
[12:00:03.5520][2456][Info]: 0 ----0 
[12:00:03.5600][2457][Info]: 0 ----0 
[12:00:03.5600][2458][Info]: 0 ----0 
[12:00:03.5730][2459][Info]: 0 ----0 
[12:00:03.5730][2460][Info]: 0 ----0 
[12:00:03.5730][2461][Info]: 0 ----0 
[12:00:03.5929][2462][Info]: 0 ----0 
[12:00:03.5929][2463][Info]: 0 ----0 
[12:00:03.6049][2464][Info]: 0 ----0 
[12:00:03.6049][2465][Info]: 0 ----0 
[12:00:03.6049][2466][Info]: 0 ----0 
[12:00:03.6259][2467][Info]: 0 ----0 
[12:00:03.6259][2468][Info]: 0 ----0 
[12:00:03.6399][2469][Info]: 0 ----0 
[12:00:03.6399][2470][Info]: 0 ----0 
[12:00:03.6579][2471][Info]: 0 ----0 
