[10:28:06.2196][1][Info]: enter Launch procedure 
[10:28:06.3633][1][Info]: ===>加载配置 
[10:28:08.1545][1][Info]: ===>开始解析BuffConfig 
[10:28:08.1545][1][Info]: <===解析BuffConfig完毕 
[10:28:08.1662][1][Info]: ===>开始解析SkillConfig 
[10:28:08.1902][1][Info]: <===解析SkillConfig完毕 
[10:28:08.2072][1][Info]: <===配置加载完毕 
[10:28:08.3561][2][Info]: enter Init Procedure 
[10:28:08.3851][2][Warn]: Not found awake system:<PlayerComponent> 
[10:28:11.2553][125][Info]: 登录 
[10:28:11.2643][125][Info]: 1001 
[10:28:11.2643][125][Info]: 大厅阶段 
[10:28:11.3543][126][Info]: Scene Add Entity, Current Count:1 
[10:28:12.6282][218][Info]: InputComponentUpdateSystem Update 
[10:28:12.6282][218][Info]: Scene Remove Entity, Current Count:0 
[10:28:12.6282][218][Info]: Scene Add Entity, Current Count:1 
[10:28:12.7242][219][Info]: InputComponentUpdateSystem Update 
[10:28:12.8481][220][Info]: InputComponentUpdateSystem Update 
[10:28:12.9431][221][Info]: InputComponentUpdateSystem Update 
[10:28:12.9581][222][Info]: InputComponentUpdateSystem Update 
[10:28:12.9741][223][Info]: InputComponentUpdateSystem Update 
[10:28:12.9821][224][Info]: InputComponentUpdateSystem Update 
[10:28:12.9821][225][Info]: InputComponentUpdateSystem Update 
[10:28:13.0011][226][Info]: InputComponentUpdateSystem Update 
[10:28:13.0011][227][Info]: InputComponentUpdateSystem Update 
[10:28:13.0172][228][Info]: InputComponentUpdateSystem Update 
[10:28:13.0172][229][Info]: InputComponentUpdateSystem Update 
[10:28:13.0342][230][Info]: InputComponentUpdateSystem Update 
[10:28:13.0462][231][Info]: InputComponentUpdateSystem Update 
[10:28:13.0602][232][Info]: InputComponentUpdateSystem Update 
[10:28:13.0722][233][Info]: InputComponentUpdateSystem Update 
[10:28:13.0722][234][Info]: InputComponentUpdateSystem Update 
[10:28:13.0912][235][Info]: InputComponentUpdateSystem Update 
[10:28:13.0912][236][Info]: InputComponentUpdateSystem Update 
[10:28:13.1101][237][Info]: InputComponentUpdateSystem Update 
[10:28:13.1211][238][Info]: InputComponentUpdateSystem Update 
[10:28:13.1211][239][Info]: InputComponentUpdateSystem Update 
[10:28:13.1431][240][Info]: InputComponentUpdateSystem Update 
[10:28:13.1541][241][Info]: InputComponentUpdateSystem Update 
[10:28:13.1541][242][Info]: InputComponentUpdateSystem Update 
[10:28:13.1791][243][Info]: InputComponentUpdateSystem Update 
[10:28:13.1881][244][Info]: InputComponentUpdateSystem Update 
[10:28:13.1991][245][Info]: InputComponentUpdateSystem Update 
[10:28:13.1991][246][Info]: InputComponentUpdateSystem Update 
[10:28:13.2201][247][Info]: InputComponentUpdateSystem Update 
[10:28:13.2311][248][Info]: InputComponentUpdateSystem Update 
[10:28:13.2311][249][Info]: InputComponentUpdateSystem Update 
[10:28:13.2481][250][Info]: InputComponentUpdateSystem Update 
[10:28:13.2481][251][Info]: InputComponentUpdateSystem Update 
[10:28:13.2651][252][Info]: InputComponentUpdateSystem Update 
[10:28:13.2651][253][Info]: InputComponentUpdateSystem Update 
[10:28:13.2821][254][Info]: InputComponentUpdateSystem Update 
[10:28:13.2931][255][Info]: InputComponentUpdateSystem Update 
[10:28:13.2931][256][Info]: InputComponentUpdateSystem Update 
[10:28:13.3101][257][Info]: InputComponentUpdateSystem Update 
[10:28:13.3101][258][Info]: InputComponentUpdateSystem Update 
[10:28:13.3261][259][Info]: InputComponentUpdateSystem Update 
[10:28:13.3261][260][Info]: InputComponentUpdateSystem Update 
[10:28:13.3401][261][Info]: InputComponentUpdateSystem Update 
[10:28:13.3401][262][Info]: InputComponentUpdateSystem Update 
[10:28:13.3571][263][Info]: InputComponentUpdateSystem Update 
[10:28:13.3571][264][Info]: InputComponentUpdateSystem Update 
[10:28:13.3731][265][Info]: InputComponentUpdateSystem Update 
[10:28:13.3731][266][Info]: InputComponentUpdateSystem Update 
[10:28:13.3891][267][Info]: InputComponentUpdateSystem Update 
[10:28:13.3891][268][Info]: InputComponentUpdateSystem Update 
[10:28:13.4031][269][Info]: InputComponentUpdateSystem Update 
[10:28:13.4031][270][Info]: InputComponentUpdateSystem Update 
[10:28:13.4161][271][Info]: InputComponentUpdateSystem Update 
[10:28:13.4161][272][Info]: InputComponentUpdateSystem Update 
[10:28:13.4161][273][Info]: InputComponentUpdateSystem Update 
[10:28:13.4341][274][Info]: InputComponentUpdateSystem Update 
[10:28:13.4341][275][Info]: InputComponentUpdateSystem Update 
[10:28:13.4470][276][Info]: InputComponentUpdateSystem Update 
[10:28:13.4470][277][Info]: InputComponentUpdateSystem Update 
[10:28:13.4650][278][Info]: InputComponentUpdateSystem Update 
[10:28:13.4650][279][Info]: InputComponentUpdateSystem Update 
[10:28:13.4780][280][Info]: InputComponentUpdateSystem Update 
[10:28:13.4780][281][Info]: InputComponentUpdateSystem Update 
[10:28:13.4780][282][Info]: InputComponentUpdateSystem Update 
[10:28:13.4970][283][Info]: InputComponentUpdateSystem Update 
[10:28:13.4970][284][Info]: InputComponentUpdateSystem Update 
[10:28:13.5100][285][Info]: InputComponentUpdateSystem Update 
[10:28:13.5100][286][Info]: InputComponentUpdateSystem Update 
[10:28:13.5100][287][Info]: InputComponentUpdateSystem Update 
[10:28:13.5280][288][Info]: InputComponentUpdateSystem Update 
[10:28:13.5280][289][Info]: InputComponentUpdateSystem Update 
[10:28:13.5420][290][Info]: InputComponentUpdateSystem Update 
[10:28:13.5420][291][Info]: InputComponentUpdateSystem Update 
[10:28:13.5420][292][Info]: InputComponentUpdateSystem Update 
[10:28:13.5600][293][Info]: InputComponentUpdateSystem Update 
[10:28:13.5600][294][Info]: InputComponentUpdateSystem Update 
[10:28:13.5720][295][Info]: InputComponentUpdateSystem Update 
[10:28:13.5720][296][Info]: InputComponentUpdateSystem Update 
[10:28:13.5720][297][Info]: InputComponentUpdateSystem Update 
[10:28:13.5920][298][Info]: InputComponentUpdateSystem Update 
[10:28:13.5920][299][Info]: InputComponentUpdateSystem Update 
[10:28:13.6060][300][Info]: InputComponentUpdateSystem Update 
[10:28:13.6060][301][Info]: InputComponentUpdateSystem Update 
[10:28:13.6200][302][Info]: InputComponentUpdateSystem Update 
[10:28:13.6200][303][Info]: InputComponentUpdateSystem Update 
[10:28:13.6350][304][Info]: InputComponentUpdateSystem Update 
[10:28:13.6350][305][Info]: InputComponentUpdateSystem Update 
[10:28:13.6550][306][Info]: InputComponentUpdateSystem Update 
[10:28:13.6550][307][Info]: InputComponentUpdateSystem Update 
[10:28:13.6710][308][Info]: InputComponentUpdateSystem Update 
[10:28:13.6710][309][Info]: InputComponentUpdateSystem Update 
[10:28:13.6850][310][Info]: InputComponentUpdateSystem Update 
[10:28:13.6850][311][Info]: InputComponentUpdateSystem Update 
[10:28:13.6990][312][Info]: InputComponentUpdateSystem Update 
[10:28:13.6990][313][Info]: InputComponentUpdateSystem Update 
[10:28:13.7170][314][Info]: InputComponentUpdateSystem Update 
[10:28:13.7170][315][Info]: InputComponentUpdateSystem Update 
[10:28:13.7310][316][Info]: InputComponentUpdateSystem Update 
[10:28:13.7310][317][Info]: InputComponentUpdateSystem Update 
[10:28:13.7310][318][Info]: InputComponentUpdateSystem Update 
[10:28:13.7510][319][Info]: InputComponentUpdateSystem Update 
[10:28:13.7510][320][Info]: InputComponentUpdateSystem Update 
[10:28:13.7639][321][Info]: InputComponentUpdateSystem Update 
[10:28:13.7639][322][Info]: InputComponentUpdateSystem Update 
[10:28:13.7819][323][Info]: InputComponentUpdateSystem Update 
[10:28:13.7939][324][Info]: InputComponentUpdateSystem Update 
[10:28:13.7939][325][Info]: InputComponentUpdateSystem Update 
[10:28:13.8109][326][Info]: InputComponentUpdateSystem Update 
[10:28:13.8109][327][Info]: InputComponentUpdateSystem Update 
[10:28:13.8239][328][Info]: InputComponentUpdateSystem Update 
[10:28:13.8239][329][Info]: InputComponentUpdateSystem Update 
[10:28:13.8399][330][Info]: InputComponentUpdateSystem Update 
[10:28:13.8399][331][Info]: InputComponentUpdateSystem Update 
[10:28:13.8539][332][Info]: InputComponentUpdateSystem Update 
[10:28:13.8539][333][Info]: InputComponentUpdateSystem Update 
[10:28:13.8699][334][Info]: InputComponentUpdateSystem Update 
[10:28:13.8699][335][Info]: InputComponentUpdateSystem Update 
[10:28:13.8859][336][Info]: InputComponentUpdateSystem Update 
[10:28:13.8859][337][Info]: InputComponentUpdateSystem Update 
[10:28:13.8859][338][Info]: InputComponentUpdateSystem Update 
[10:28:13.9039][339][Info]: InputComponentUpdateSystem Update 
[10:28:13.9039][340][Info]: InputComponentUpdateSystem Update 
[10:28:13.9169][341][Info]: InputComponentUpdateSystem Update 
[10:28:13.9169][342][Info]: InputComponentUpdateSystem Update 
[10:28:13.9169][343][Info]: InputComponentUpdateSystem Update 
[10:28:13.9359][344][Info]: InputComponentUpdateSystem Update 
[10:28:13.9359][345][Info]: InputComponentUpdateSystem Update 
[10:28:13.9479][346][Info]: InputComponentUpdateSystem Update 
[10:28:13.9479][347][Info]: InputComponentUpdateSystem Update 
[10:28:13.9649][348][Info]: InputComponentUpdateSystem Update 
[10:28:13.9649][349][Info]: InputComponentUpdateSystem Update 
[10:28:13.9789][350][Info]: InputComponentUpdateSystem Update 
[10:28:13.9789][351][Info]: InputComponentUpdateSystem Update 
[10:28:13.9949][352][Info]: InputComponentUpdateSystem Update 
[10:28:13.9949][353][Info]: InputComponentUpdateSystem Update 
[10:28:13.9949][354][Info]: InputComponentUpdateSystem Update 
[10:28:14.0169][355][Info]: InputComponentUpdateSystem Update 
[10:28:14.0169][356][Info]: InputComponentUpdateSystem Update 
[10:28:14.0304][357][Info]: InputComponentUpdateSystem Update 
[10:28:14.0304][358][Info]: InputComponentUpdateSystem Update 
[10:28:14.0481][359][Info]: InputComponentUpdateSystem Update 
[10:28:14.0481][360][Info]: InputComponentUpdateSystem Update 
[10:28:14.0640][361][Info]: InputComponentUpdateSystem Update 
[10:28:14.0720][362][Info]: InputComponentUpdateSystem Update 
[10:28:14.0720][363][Info]: InputComponentUpdateSystem Update 
[10:28:14.0880][364][Info]: InputComponentUpdateSystem Update 
[10:28:14.0880][365][Info]: InputComponentUpdateSystem Update 
[10:28:14.1030][366][Info]: InputComponentUpdateSystem Update 
[10:28:14.1030][367][Info]: InputComponentUpdateSystem Update 
[10:28:14.1200][368][Info]: InputComponentUpdateSystem Update 
[10:28:14.1200][369][Info]: InputComponentUpdateSystem Update 
[10:28:14.1360][370][Info]: InputComponentUpdateSystem Update 
[10:28:14.1360][371][Info]: InputComponentUpdateSystem Update 
[10:28:14.1500][372][Info]: InputComponentUpdateSystem Update 
[10:28:14.1500][373][Info]: InputComponentUpdateSystem Update 
[10:28:14.1500][374][Info]: InputComponentUpdateSystem Update 
[10:28:14.1700][375][Info]: InputComponentUpdateSystem Update 
[10:28:14.1700][376][Info]: InputComponentUpdateSystem Update 
[10:28:14.1840][377][Info]: InputComponentUpdateSystem Update 
[10:28:14.1840][378][Info]: InputComponentUpdateSystem Update 
[10:28:14.1990][379][Info]: InputComponentUpdateSystem Update 
[10:28:14.1990][380][Info]: InputComponentUpdateSystem Update 
[10:28:14.2150][381][Info]: InputComponentUpdateSystem Update 
[10:28:14.2150][382][Info]: InputComponentUpdateSystem Update 
[10:28:14.2290][383][Info]: InputComponentUpdateSystem Update 
[10:28:14.2290][384][Info]: InputComponentUpdateSystem Update 
[10:28:14.2290][385][Info]: InputComponentUpdateSystem Update 
[10:28:14.2500][386][Info]: InputComponentUpdateSystem Update 
[10:28:14.2500][387][Info]: InputComponentUpdateSystem Update 
[10:28:14.2630][388][Info]: InputComponentUpdateSystem Update 
[10:28:14.2630][389][Info]: InputComponentUpdateSystem Update 
[10:28:14.2790][390][Info]: InputComponentUpdateSystem Update 
[10:28:14.2790][391][Info]: InputComponentUpdateSystem Update 
[10:28:14.2960][392][Info]: InputComponentUpdateSystem Update 
[10:28:14.2960][393][Info]: InputComponentUpdateSystem Update 
[10:28:14.3110][394][Info]: InputComponentUpdateSystem Update 
[10:28:14.3110][395][Info]: InputComponentUpdateSystem Update 
[10:28:14.3240][396][Info]: InputComponentUpdateSystem Update 
[10:28:14.3240][397][Info]: InputComponentUpdateSystem Update 
[10:28:14.3390][398][Info]: InputComponentUpdateSystem Update 
[10:28:14.3390][399][Info]: InputComponentUpdateSystem Update 
[10:28:14.3390][400][Info]: InputComponentUpdateSystem Update 
[10:28:14.3590][401][Info]: InputComponentUpdateSystem Update 
[10:28:14.3590][402][Info]: InputComponentUpdateSystem Update 
[10:28:14.3749][403][Info]: InputComponentUpdateSystem Update 
[10:28:14.3749][404][Info]: InputComponentUpdateSystem Update 
[10:28:14.3889][405][Info]: InputComponentUpdateSystem Update 
[10:28:14.3889][406][Info]: InputComponentUpdateSystem Update 
[10:28:14.4039][407][Info]: InputComponentUpdateSystem Update 
[10:28:14.4039][408][Info]: InputComponentUpdateSystem Update 
[10:28:14.4179][409][Info]: InputComponentUpdateSystem Update 
[10:28:14.4179][410][Info]: InputComponentUpdateSystem Update 
[10:28:14.4339][411][Info]: InputComponentUpdateSystem Update 
[10:28:14.4339][412][Info]: InputComponentUpdateSystem Update 
[10:28:14.4479][413][Info]: InputComponentUpdateSystem Update 
[10:28:14.4479][414][Info]: InputComponentUpdateSystem Update 
[10:28:14.4679][415][Info]: InputComponentUpdateSystem Update 
[10:28:14.4679][416][Info]: InputComponentUpdateSystem Update 
[10:28:14.4799][417][Info]: InputComponentUpdateSystem Update 
[10:28:14.4799][418][Info]: InputComponentUpdateSystem Update 
[10:28:14.4799][419][Info]: InputComponentUpdateSystem Update 
[10:28:14.4979][420][Info]: InputComponentUpdateSystem Update 
[10:28:14.4979][421][Info]: InputComponentUpdateSystem Update 
[10:28:14.5119][422][Info]: InputComponentUpdateSystem Update 
[10:28:14.5119][423][Info]: InputComponentUpdateSystem Update 
[10:28:14.5119][424][Info]: InputComponentUpdateSystem Update 
[10:28:14.5296][425][Info]: InputComponentUpdateSystem Update 
[10:28:14.5296][426][Info]: InputComponentUpdateSystem Update 
[10:28:14.5436][427][Info]: InputComponentUpdateSystem Update 
[10:28:14.5436][428][Info]: InputComponentUpdateSystem Update 
[10:28:14.5566][429][Info]: InputComponentUpdateSystem Update 
[10:28:14.5566][430][Info]: InputComponentUpdateSystem Update 
[10:28:14.5566][431][Info]: InputComponentUpdateSystem Update 
[10:28:14.5775][432][Info]: InputComponentUpdateSystem Update 
[10:28:14.5775][433][Info]: InputComponentUpdateSystem Update 
[10:28:14.5930][434][Info]: InputComponentUpdateSystem Update 
[10:28:14.5930][435][Info]: InputComponentUpdateSystem Update 
[10:28:14.6100][436][Info]: InputComponentUpdateSystem Update 
[10:28:14.6100][437][Info]: InputComponentUpdateSystem Update 
[10:28:14.6270][438][Info]: InputComponentUpdateSystem Update 
[10:28:14.6360][439][Info]: InputComponentUpdateSystem Update 
[10:28:14.6360][440][Info]: InputComponentUpdateSystem Update 
[10:28:14.6510][441][Info]: InputComponentUpdateSystem Update 
[10:28:14.6510][442][Info]: InputComponentUpdateSystem Update 
[10:28:14.6510][443][Info]: InputComponentUpdateSystem Update 
[10:28:14.6690][444][Info]: InputComponentUpdateSystem Update 
[10:28:14.6690][445][Info]: InputComponentUpdateSystem Update 
[10:28:14.6690][446][Info]: InputComponentUpdateSystem Update 
[10:28:14.6880][447][Info]: InputComponentUpdateSystem Update 
[10:28:14.6880][448][Info]: InputComponentUpdateSystem Update 
[10:28:14.7000][449][Info]: InputComponentUpdateSystem Update 
[10:28:14.7000][450][Info]: InputComponentUpdateSystem Update 
[10:28:14.7150][451][Info]: InputComponentUpdateSystem Update 
[10:28:14.7150][452][Info]: InputComponentUpdateSystem Update 
[10:28:14.7290][453][Info]: InputComponentUpdateSystem Update 
[10:28:14.7290][454][Info]: InputComponentUpdateSystem Update 
[10:28:14.7450][455][Info]: InputComponentUpdateSystem Update 
[10:28:14.7450][456][Info]: InputComponentUpdateSystem Update 
[10:28:14.7660][457][Info]: InputComponentUpdateSystem Update 
[10:28:14.7660][458][Info]: InputComponentUpdateSystem Update 
[10:28:14.7780][459][Info]: InputComponentUpdateSystem Update 
[10:28:14.7780][460][Info]: InputComponentUpdateSystem Update 
[10:28:14.7910][461][Info]: InputComponentUpdateSystem Update 
[10:28:14.7910][462][Info]: InputComponentUpdateSystem Update 
[10:28:14.7910][463][Info]: InputComponentUpdateSystem Update 
[10:28:14.8140][464][Info]: InputComponentUpdateSystem Update 
[10:28:14.8140][465][Info]: InputComponentUpdateSystem Update 
[10:28:14.8260][466][Info]: InputComponentUpdateSystem Update 
[10:28:14.8260][467][Info]: InputComponentUpdateSystem Update 
[10:28:14.8380][468][Info]: InputComponentUpdateSystem Update 
[10:28:14.8380][469][Info]: InputComponentUpdateSystem Update 
[10:28:14.8560][470][Info]: InputComponentUpdateSystem Update 
[10:28:14.8560][471][Info]: InputComponentUpdateSystem Update 
[10:28:14.8710][472][Info]: InputComponentUpdateSystem Update 
[10:28:14.8710][473][Info]: InputComponentUpdateSystem Update 
[10:28:14.8870][474][Info]: InputComponentUpdateSystem Update 
[10:28:14.8870][475][Info]: InputComponentUpdateSystem Update 
[10:28:14.8870][476][Info]: InputComponentUpdateSystem Update 
[10:28:14.9050][477][Info]: InputComponentUpdateSystem Update 
[10:28:14.9050][478][Info]: InputComponentUpdateSystem Update 
[10:28:14.9180][479][Info]: InputComponentUpdateSystem Update 
[10:28:14.9180][480][Info]: InputComponentUpdateSystem Update 
[10:28:14.9180][481][Info]: InputComponentUpdateSystem Update 
[10:28:14.9349][482][Info]: InputComponentUpdateSystem Update 
[10:28:14.9349][483][Info]: InputComponentUpdateSystem Update 
[10:28:14.9469][484][Info]: InputComponentUpdateSystem Update 
[10:28:14.9469][485][Info]: InputComponentUpdateSystem Update 
[10:28:14.9469][486][Info]: InputComponentUpdateSystem Update 
[10:28:14.9659][487][Info]: InputComponentUpdateSystem Update 
[10:28:14.9659][488][Info]: InputComponentUpdateSystem Update 
[10:28:14.9659][489][Info]: InputComponentUpdateSystem Update 
[10:28:14.9839][490][Info]: InputComponentUpdateSystem Update 
[10:28:14.9839][491][Info]: InputComponentUpdateSystem Update 
[10:28:14.9959][492][Info]: InputComponentUpdateSystem Update 
[10:28:14.9959][493][Info]: InputComponentUpdateSystem Update 
[10:28:14.9959][494][Info]: InputComponentUpdateSystem Update 
[10:28:15.0179][495][Info]: InputComponentUpdateSystem Update 
[10:28:15.0179][496][Info]: InputComponentUpdateSystem Update 
[10:28:15.0299][497][Info]: InputComponentUpdateSystem Update 
[10:28:15.0299][498][Info]: InputComponentUpdateSystem Update 
[10:28:15.0462][499][Info]: InputComponentUpdateSystem Update 
[10:28:15.0462][500][Info]: InputComponentUpdateSystem Update 
[10:28:15.0602][501][Info]: InputComponentUpdateSystem Update 
[10:28:15.0602][502][Info]: InputComponentUpdateSystem Update 
[10:28:15.0722][503][Info]: InputComponentUpdateSystem Update 
[10:28:15.0722][504][Info]: InputComponentUpdateSystem Update 
[10:28:15.0722][505][Info]: InputComponentUpdateSystem Update 
[10:28:15.0912][506][Info]: InputComponentUpdateSystem Update 
[10:28:15.0912][507][Info]: InputComponentUpdateSystem Update 
[10:28:15.1032][508][Info]: InputComponentUpdateSystem Update 
[10:28:15.1032][509][Info]: InputComponentUpdateSystem Update 
[10:28:15.1032][510][Info]: InputComponentUpdateSystem Update 
[10:28:15.1242][511][Info]: InputComponentUpdateSystem Update 
[10:28:15.1242][512][Info]: InputComponentUpdateSystem Update 
[10:28:15.1372][513][Info]: InputComponentUpdateSystem Update 
[10:28:15.1372][514][Info]: InputComponentUpdateSystem Update 
[10:28:15.1372][515][Info]: InputComponentUpdateSystem Update 
[10:28:15.1552][516][Info]: InputComponentUpdateSystem Update 
[10:28:15.1552][517][Info]: InputComponentUpdateSystem Update 
[10:28:15.1672][518][Info]: InputComponentUpdateSystem Update 
[10:28:15.1672][519][Info]: InputComponentUpdateSystem Update 
[10:28:15.1672][520][Info]: InputComponentUpdateSystem Update 
[10:28:15.1852][521][Info]: InputComponentUpdateSystem Update 
[10:28:15.1852][522][Info]: InputComponentUpdateSystem Update 
[10:28:15.1992][523][Info]: InputComponentUpdateSystem Update 
[10:28:15.1992][524][Info]: InputComponentUpdateSystem Update 
[10:28:15.1992][525][Info]: InputComponentUpdateSystem Update 
[10:28:15.2202][526][Info]: InputComponentUpdateSystem Update 
[10:28:15.2202][527][Info]: InputComponentUpdateSystem Update 
[10:28:15.2322][528][Info]: InputComponentUpdateSystem Update 
[10:28:15.2322][529][Info]: InputComponentUpdateSystem Update 
[10:28:15.2442][530][Info]: InputComponentUpdateSystem Update 
[10:28:15.2442][531][Info]: InputComponentUpdateSystem Update 
[10:28:15.2442][532][Info]: InputComponentUpdateSystem Update 
[10:28:15.2622][533][Info]: InputComponentUpdateSystem Update 
[10:28:15.2622][534][Info]: InputComponentUpdateSystem Update 
[10:28:15.2752][535][Info]: InputComponentUpdateSystem Update 
[10:28:15.2752][536][Info]: InputComponentUpdateSystem Update 
[10:28:15.2752][537][Info]: InputComponentUpdateSystem Update 
[10:28:15.2982][538][Info]: InputComponentUpdateSystem Update 
[10:28:15.2982][539][Info]: InputComponentUpdateSystem Update 
[10:28:15.3112][540][Info]: InputComponentUpdateSystem Update 
[10:28:15.3112][541][Info]: InputComponentUpdateSystem Update 
[10:28:15.3232][542][Info]: InputComponentUpdateSystem Update 
[10:28:15.3232][543][Info]: InputComponentUpdateSystem Update 
[10:28:15.3232][544][Info]: InputComponentUpdateSystem Update 
[10:28:15.3431][545][Info]: InputComponentUpdateSystem Update 
[10:28:15.3431][546][Info]: InputComponentUpdateSystem Update 
[10:28:15.3561][547][Info]: InputComponentUpdateSystem Update 
[10:28:15.3561][548][Info]: InputComponentUpdateSystem Update 
[10:28:15.3561][549][Info]: InputComponentUpdateSystem Update 
[10:28:15.3751][550][Info]: InputComponentUpdateSystem Update 
[10:28:15.3751][551][Info]: InputComponentUpdateSystem Update 
[10:28:15.3871][552][Info]: InputComponentUpdateSystem Update 
[10:28:15.3871][553][Info]: InputComponentUpdateSystem Update 
[10:28:15.3871][554][Info]: InputComponentUpdateSystem Update 
[10:28:15.4051][555][Info]: InputComponentUpdateSystem Update 
[10:28:15.4051][556][Info]: InputComponentUpdateSystem Update 
[10:28:15.4171][557][Info]: InputComponentUpdateSystem Update 
[10:28:15.4171][558][Info]: InputComponentUpdateSystem Update 
[10:28:15.4171][559][Info]: InputComponentUpdateSystem Update 
[10:28:15.4361][560][Info]: InputComponentUpdateSystem Update 
[10:28:15.4361][561][Info]: InputComponentUpdateSystem Update 
[10:28:15.4481][562][Info]: InputComponentUpdateSystem Update 
[10:28:15.4481][563][Info]: InputComponentUpdateSystem Update 
[10:28:15.4631][564][Info]: InputComponentUpdateSystem Update 
[10:28:15.4631][565][Info]: InputComponentUpdateSystem Update 
[10:28:15.4781][566][Info]: InputComponentUpdateSystem Update 
[10:28:15.4781][567][Info]: InputComponentUpdateSystem Update 
[10:28:15.4781][568][Info]: InputComponentUpdateSystem Update 
[10:28:15.4991][569][Info]: InputComponentUpdateSystem Update 
[10:28:15.4991][570][Info]: InputComponentUpdateSystem Update 
[10:28:15.5121][571][Info]: InputComponentUpdateSystem Update 
[10:28:15.5121][572][Info]: InputComponentUpdateSystem Update 
[10:28:15.5251][573][Info]: InputComponentUpdateSystem Update 
[10:28:15.5251][574][Info]: InputComponentUpdateSystem Update 
[10:28:15.5251][575][Info]: InputComponentUpdateSystem Update 
[10:28:15.5441][576][Info]: InputComponentUpdateSystem Update 
[10:28:15.5441][577][Info]: InputComponentUpdateSystem Update 
[10:28:15.5441][578][Info]: InputComponentUpdateSystem Update 
[10:28:15.5621][579][Info]: InputComponentUpdateSystem Update 
[10:28:15.5621][580][Info]: InputComponentUpdateSystem Update 
[10:28:15.5741][581][Info]: InputComponentUpdateSystem Update 
[10:28:15.5741][582][Info]: InputComponentUpdateSystem Update 
[10:28:15.5741][583][Info]: InputComponentUpdateSystem Update 
[10:28:15.5911][584][Info]: InputComponentUpdateSystem Update 
[10:28:15.5911][585][Info]: InputComponentUpdateSystem Update 
[10:28:15.6041][586][Info]: InputComponentUpdateSystem Update 
[10:28:15.6041][587][Info]: InputComponentUpdateSystem Update 
[10:28:15.6041][588][Info]: InputComponentUpdateSystem Update 
[10:28:15.6251][589][Info]: InputComponentUpdateSystem Update 
[10:28:15.6251][590][Info]: InputComponentUpdateSystem Update 
[10:28:15.6390][591][Info]: InputComponentUpdateSystem Update 
[10:28:15.6390][592][Info]: InputComponentUpdateSystem Update 
[10:28:15.6520][593][Info]: InputComponentUpdateSystem Update 
[10:28:15.6520][594][Info]: InputComponentUpdateSystem Update 
[10:28:15.6520][595][Info]: InputComponentUpdateSystem Update 
[10:28:15.6720][596][Info]: InputComponentUpdateSystem Update 
[10:28:15.6720][597][Info]: InputComponentUpdateSystem Update 
[10:28:15.6840][598][Info]: InputComponentUpdateSystem Update 
[10:28:15.6840][599][Info]: InputComponentUpdateSystem Update 
[10:28:15.6840][600][Info]: InputComponentUpdateSystem Update 
[10:28:15.7020][601][Info]: InputComponentUpdateSystem Update 
[10:28:15.7020][602][Info]: InputComponentUpdateSystem Update 
[10:28:15.7170][603][Info]: InputComponentUpdateSystem Update 
[10:28:15.7170][604][Info]: InputComponentUpdateSystem Update 
[10:28:15.7300][605][Info]: InputComponentUpdateSystem Update 
[10:28:15.7300][606][Info]: InputComponentUpdateSystem Update 
[10:28:15.7300][607][Info]: InputComponentUpdateSystem Update 
[10:28:15.7480][608][Info]: InputComponentUpdateSystem Update 
[10:28:15.7480][609][Info]: InputComponentUpdateSystem Update 
[10:28:15.7480][610][Info]: InputComponentUpdateSystem Update 
[10:28:15.7650][611][Info]: InputComponentUpdateSystem Update 
[10:28:15.7650][612][Info]: InputComponentUpdateSystem Update 
[10:28:15.7770][613][Info]: InputComponentUpdateSystem Update 
[10:28:15.7770][614][Info]: InputComponentUpdateSystem Update 
[10:28:15.7770][615][Info]: InputComponentUpdateSystem Update 
[10:28:15.7960][616][Info]: InputComponentUpdateSystem Update 
[10:28:15.7960][617][Info]: InputComponentUpdateSystem Update 
[10:28:15.8100][618][Info]: InputComponentUpdateSystem Update 
[10:28:15.8100][619][Info]: InputComponentUpdateSystem Update 
[10:28:15.8230][620][Info]: InputComponentUpdateSystem Update 
[10:28:15.8230][621][Info]: InputComponentUpdateSystem Update 
[10:28:15.8230][622][Info]: InputComponentUpdateSystem Update 
[10:28:15.8430][623][Info]: InputComponentUpdateSystem Update 
[10:28:15.8430][624][Info]: InputComponentUpdateSystem Update 
[10:28:15.8570][625][Info]: InputComponentUpdateSystem Update 
[10:28:15.8570][626][Info]: InputComponentUpdateSystem Update 
[10:28:15.8720][627][Info]: InputComponentUpdateSystem Update 
[10:28:15.8720][628][Info]: InputComponentUpdateSystem Update 
[10:28:15.8880][629][Info]: InputComponentUpdateSystem Update 
[10:28:15.8880][630][Info]: InputComponentUpdateSystem Update 
[10:28:15.9010][631][Info]: InputComponentUpdateSystem Update 
[10:28:15.9010][632][Info]: InputComponentUpdateSystem Update 
[10:28:15.9010][633][Info]: InputComponentUpdateSystem Update 
[10:28:15.9190][634][Info]: InputComponentUpdateSystem Update 
[10:28:15.9190][635][Info]: InputComponentUpdateSystem Update 
[10:28:15.9190][636][Info]: InputComponentUpdateSystem Update 
[10:28:15.9370][637][Info]: InputComponentUpdateSystem Update 
[10:28:15.9370][638][Info]: InputComponentUpdateSystem Update 
[10:28:15.9490][639][Info]: InputComponentUpdateSystem Update 
[10:28:15.9490][640][Info]: InputComponentUpdateSystem Update 
[10:28:15.9650][641][Info]: InputComponentUpdateSystem Update 
[10:28:15.9650][642][Info]: InputComponentUpdateSystem Update 
[10:28:15.9650][643][Info]: InputComponentUpdateSystem Update 
[10:28:15.9829][644][Info]: InputComponentUpdateSystem Update 
[10:28:15.9829][645][Info]: InputComponentUpdateSystem Update 
[10:28:15.9949][646][Info]: InputComponentUpdateSystem Update 
[10:28:15.9949][647][Info]: InputComponentUpdateSystem Update 
[10:28:15.9949][648][Info]: InputComponentUpdateSystem Update 
[10:28:16.0128][649][Info]: InputComponentUpdateSystem Update 
[10:28:16.0128][650][Info]: InputComponentUpdateSystem Update 
[10:28:16.0128][651][Info]: InputComponentUpdateSystem Update 
[10:28:16.0308][652][Info]: InputComponentUpdateSystem Update 
[10:28:16.0425][653][Info]: InputComponentUpdateSystem Update 
[10:28:16.0425][654][Info]: InputComponentUpdateSystem Update 
[10:28:16.0425][655][Info]: InputComponentUpdateSystem Update 
[10:28:16.0615][656][Info]: InputComponentUpdateSystem Update 
[10:28:16.0615][657][Info]: InputComponentUpdateSystem Update 
[10:28:16.0735][658][Info]: InputComponentUpdateSystem Update 
[10:28:16.0735][659][Info]: InputComponentUpdateSystem Update 
[10:28:16.0735][660][Info]: InputComponentUpdateSystem Update 
[10:28:16.0915][661][Info]: InputComponentUpdateSystem Update 
[10:28:16.0915][662][Info]: InputComponentUpdateSystem Update 
[10:28:16.1065][663][Info]: InputComponentUpdateSystem Update 
[10:28:16.1065][664][Info]: InputComponentUpdateSystem Update 
[10:28:16.1250][665][Info]: InputComponentUpdateSystem Update 
[10:28:16.1250][666][Info]: InputComponentUpdateSystem Update 
[10:28:16.1380][667][Info]: InputComponentUpdateSystem Update 
[10:28:16.1380][668][Info]: InputComponentUpdateSystem Update 
[10:28:16.1500][669][Info]: InputComponentUpdateSystem Update 
[10:28:16.1500][670][Info]: InputComponentUpdateSystem Update 
[10:28:16.1500][671][Info]: InputComponentUpdateSystem Update 
[10:28:16.1680][672][Info]: InputComponentUpdateSystem Update 
[10:28:16.1680][673][Info]: InputComponentUpdateSystem Update 
[10:28:16.1680][674][Info]: InputComponentUpdateSystem Update 
[10:28:16.1850][675][Info]: InputComponentUpdateSystem Update 
[10:28:16.1850][676][Info]: InputComponentUpdateSystem Update 
[10:28:16.1970][677][Info]: InputComponentUpdateSystem Update 
[10:28:16.1970][678][Info]: InputComponentUpdateSystem Update 
[10:28:16.1970][679][Info]: InputComponentUpdateSystem Update 
[10:28:16.2180][680][Info]: InputComponentUpdateSystem Update 
[10:28:16.2180][681][Info]: InputComponentUpdateSystem Update 
[10:28:16.2300][682][Info]: InputComponentUpdateSystem Update 
[10:28:16.2300][683][Info]: InputComponentUpdateSystem Update 
[10:28:16.2300][684][Info]: InputComponentUpdateSystem Update 
[10:28:16.2500][685][Info]: InputComponentUpdateSystem Update 
[10:28:16.2500][686][Info]: InputComponentUpdateSystem Update 
[10:28:16.2615][687][Info]: InputComponentUpdateSystem Update 
[10:28:16.2615][688][Info]: InputComponentUpdateSystem Update 
[10:28:16.2761][689][Info]: InputComponentUpdateSystem Update 
[10:28:16.2761][690][Info]: InputComponentUpdateSystem Update 
[10:28:16.2911][691][Info]: InputComponentUpdateSystem Update 
[10:28:16.2911][692][Info]: InputComponentUpdateSystem Update 
[10:28:16.3081][693][Info]: InputComponentUpdateSystem Update 
[10:28:16.3081][694][Info]: InputComponentUpdateSystem Update 
[10:28:16.3081][695][Info]: InputComponentUpdateSystem Update 
[10:28:16.3291][696][Info]: InputComponentUpdateSystem Update 
[10:28:16.3291][697][Info]: InputComponentUpdateSystem Update 
[10:28:16.3401][698][Info]: InputComponentUpdateSystem Update 
[10:28:16.3401][699][Info]: InputComponentUpdateSystem Update 
[10:28:16.3401][700][Info]: InputComponentUpdateSystem Update 
[10:28:16.3581][701][Info]: InputComponentUpdateSystem Update 
[10:28:16.3581][702][Info]: InputComponentUpdateSystem Update 
[10:28:16.3751][703][Info]: InputComponentUpdateSystem Update 
[10:28:16.3751][704][Info]: InputComponentUpdateSystem Update 
[10:28:16.3891][705][Info]: InputComponentUpdateSystem Update 
[10:28:16.3891][706][Info]: InputComponentUpdateSystem Update 
[10:28:16.4021][707][Info]: InputComponentUpdateSystem Update 
[10:28:16.4021][708][Info]: InputComponentUpdateSystem Update 
[10:28:16.4021][709][Info]: InputComponentUpdateSystem Update 
[10:28:16.4230][710][Info]: InputComponentUpdateSystem Update 
[10:28:16.4320][711][Info]: InputComponentUpdateSystem Update 
[10:28:16.4320][712][Info]: InputComponentUpdateSystem Update 
[10:28:16.4480][713][Info]: InputComponentUpdateSystem Update 
[10:28:16.4480][714][Info]: InputComponentUpdateSystem Update 
[10:28:16.4630][715][Info]: InputComponentUpdateSystem Update 
[10:28:16.4630][716][Info]: InputComponentUpdateSystem Update 
[10:28:16.4630][717][Info]: InputComponentUpdateSystem Update 
[10:28:16.4820][718][Info]: InputComponentUpdateSystem Update 
[10:28:16.4820][719][Info]: InputComponentUpdateSystem Update 
[10:28:16.4940][720][Info]: InputComponentUpdateSystem Update 
[10:28:16.4940][721][Info]: InputComponentUpdateSystem Update 
[10:28:16.4940][722][Info]: InputComponentUpdateSystem Update 
[10:28:16.5137][723][Info]: InputComponentUpdateSystem Update 
[10:28:16.5137][724][Info]: InputComponentUpdateSystem Update 
[10:28:16.5326][725][Info]: InputComponentUpdateSystem Update 
[10:28:16.5436][726][Info]: InputComponentUpdateSystem Update 
[10:28:16.5436][727][Info]: InputComponentUpdateSystem Update 
[10:28:16.5646][728][Info]: InputComponentUpdateSystem Update 
[10:28:16.5836][729][Info]: InputComponentUpdateSystem Update 
[10:28:16.5906][730][Info]: InputComponentUpdateSystem Update 
[10:28:16.5906][731][Info]: InputComponentUpdateSystem Update 
[10:28:16.6036][732][Info]: InputComponentUpdateSystem Update 
[10:28:16.6036][733][Info]: InputComponentUpdateSystem Update 
[10:28:16.6036][734][Info]: InputComponentUpdateSystem Update 
[10:28:16.6256][735][Info]: InputComponentUpdateSystem Update 
[10:28:16.6256][736][Info]: InputComponentUpdateSystem Update 
[10:28:16.6396][737][Info]: InputComponentUpdateSystem Update 
[10:28:16.6396][738][Info]: InputComponentUpdateSystem Update 
[10:28:16.6536][739][Info]: InputComponentUpdateSystem Update 
[10:28:16.6536][740][Info]: InputComponentUpdateSystem Update 
[10:28:16.6656][741][Info]: InputComponentUpdateSystem Update 
[10:28:16.6656][742][Info]: InputComponentUpdateSystem Update 
[10:28:16.6656][743][Info]: InputComponentUpdateSystem Update 
[10:28:16.6826][744][Info]: InputComponentUpdateSystem Update 
[10:28:16.6826][745][Info]: InputComponentUpdateSystem Update 
[10:28:16.6826][746][Info]: InputComponentUpdateSystem Update 
[10:28:16.7056][747][Info]: InputComponentUpdateSystem Update 
[10:28:16.7136][748][Info]: InputComponentUpdateSystem Update 
[10:28:16.7136][749][Info]: InputComponentUpdateSystem Update 
[10:28:16.7136][750][Info]: InputComponentUpdateSystem Update 
[10:28:16.7326][751][Info]: InputComponentUpdateSystem Update 
[10:28:16.7326][752][Info]: InputComponentUpdateSystem Update 
[10:28:16.7456][753][Info]: InputComponentUpdateSystem Update 
[10:28:16.7456][754][Info]: InputComponentUpdateSystem Update 
[10:28:16.7456][755][Info]: InputComponentUpdateSystem Update 
[10:28:16.7641][756][Info]: InputComponentUpdateSystem Update 
[10:28:16.7641][757][Info]: InputComponentUpdateSystem Update 
[10:28:16.7780][758][Info]: InputComponentUpdateSystem Update 
[10:28:16.7780][759][Info]: InputComponentUpdateSystem Update 
[10:28:16.7940][760][Info]: InputComponentUpdateSystem Update 
[10:28:16.7940][761][Info]: InputComponentUpdateSystem Update 
[10:28:16.8100][762][Info]: InputComponentUpdateSystem Update 
[10:28:16.8100][763][Info]: InputComponentUpdateSystem Update 
[10:28:16.8222][764][Info]: InputComponentUpdateSystem Update 
[10:28:16.8222][765][Info]: InputComponentUpdateSystem Update 
[10:28:16.8222][766][Info]: InputComponentUpdateSystem Update 
[10:28:16.8392][767][Info]: InputComponentUpdateSystem Update 
[10:28:16.8392][768][Info]: InputComponentUpdateSystem Update 
[10:28:16.8552][769][Info]: InputComponentUpdateSystem Update 
[10:28:16.8552][770][Info]: InputComponentUpdateSystem Update 
[10:28:16.8552][771][Info]: InputComponentUpdateSystem Update 
[10:28:16.8743][772][Info]: InputComponentUpdateSystem Update 
[10:28:16.8847][773][Info]: InputComponentUpdateSystem Update 
[10:28:16.8847][774][Info]: InputComponentUpdateSystem Update 
[10:28:16.8847][775][Info]: InputComponentUpdateSystem Update 
[10:28:16.9067][776][Info]: InputComponentUpdateSystem Update 
[10:28:16.9067][777][Info]: InputComponentUpdateSystem Update 
[10:28:16.9190][778][Info]: InputComponentUpdateSystem Update 
[10:28:16.9190][779][Info]: InputComponentUpdateSystem Update 
[10:28:16.9190][780][Info]: InputComponentUpdateSystem Update 
[10:28:16.9360][781][Info]: InputComponentUpdateSystem Update 
[10:28:16.9360][782][Info]: InputComponentUpdateSystem Update 
[10:28:16.9490][783][Info]: InputComponentUpdateSystem Update 
[10:28:16.9490][784][Info]: InputComponentUpdateSystem Update 
[10:28:16.9490][785][Info]: InputComponentUpdateSystem Update 
[10:28:16.9695][786][Info]: InputComponentUpdateSystem Update 
[10:28:16.9695][787][Info]: InputComponentUpdateSystem Update 
[10:28:16.9845][788][Info]: InputComponentUpdateSystem Update 
[10:28:16.9845][789][Info]: InputComponentUpdateSystem Update 
[10:28:16.9964][790][Info]: InputComponentUpdateSystem Update 
[10:28:16.9964][791][Info]: InputComponentUpdateSystem Update 
[10:28:16.9964][792][Info]: InputComponentUpdateSystem Update 
[10:28:17.0146][793][Info]: InputComponentUpdateSystem Update 
[10:28:17.0146][794][Info]: InputComponentUpdateSystem Update 
[10:28:17.0276][795][Info]: InputComponentUpdateSystem Update 
[10:28:17.0276][796][Info]: InputComponentUpdateSystem Update 
[10:28:17.0406][797][Info]: InputComponentUpdateSystem Update 
[10:28:17.0406][798][Info]: InputComponentUpdateSystem Update 
[10:28:17.0603][799][Info]: InputComponentUpdateSystem Update 
[10:28:17.0603][800][Info]: InputComponentUpdateSystem Update 
[10:28:17.0743][801][Info]: InputComponentUpdateSystem Update 
[10:28:17.0743][802][Info]: InputComponentUpdateSystem Update 
[10:28:17.0743][803][Info]: InputComponentUpdateSystem Update 
[10:28:17.0943][804][Info]: InputComponentUpdateSystem Update 
[10:28:17.0943][805][Info]: InputComponentUpdateSystem Update 
[10:28:17.1083][806][Info]: InputComponentUpdateSystem Update 
[10:28:17.1083][807][Info]: InputComponentUpdateSystem Update 
[10:28:17.1293][808][Info]: InputComponentUpdateSystem Update 
[10:28:17.1403][809][Info]: InputComponentUpdateSystem Update 
[10:28:17.1403][810][Info]: InputComponentUpdateSystem Update 
[10:28:17.1573][811][Info]: InputComponentUpdateSystem Update 
[10:28:17.1573][812][Info]: InputComponentUpdateSystem Update 
[10:28:17.1733][813][Info]: InputComponentUpdateSystem Update 
[10:28:17.1813][814][Info]: InputComponentUpdateSystem Update 
[10:28:17.1813][815][Info]: InputComponentUpdateSystem Update 
[10:28:17.1813][816][Info]: InputComponentUpdateSystem Update 
[10:28:17.2023][817][Info]: InputComponentUpdateSystem Update 
[10:28:17.2023][818][Info]: InputComponentUpdateSystem Update 
[10:28:17.2203][819][Info]: InputComponentUpdateSystem Update 
[10:28:17.2303][820][Info]: InputComponentUpdateSystem Update 
[10:28:17.2303][821][Info]: InputComponentUpdateSystem Update 
[10:28:17.2442][822][Info]: InputComponentUpdateSystem Update 
[10:28:17.2442][823][Info]: InputComponentUpdateSystem Update 
[10:28:17.2616][824][Info]: InputComponentUpdateSystem Update 
[10:28:17.2616][825][Info]: InputComponentUpdateSystem Update 
[10:28:17.2766][826][Info]: InputComponentUpdateSystem Update 
[10:28:17.2766][827][Info]: InputComponentUpdateSystem Update 
[10:28:17.2906][828][Info]: InputComponentUpdateSystem Update 
[10:28:17.2906][829][Info]: InputComponentUpdateSystem Update 
[10:28:17.3146][830][Info]: InputComponentUpdateSystem Update 
[10:28:17.3146][831][Info]: InputComponentUpdateSystem Update 
[10:28:17.3280][832][Info]: InputComponentUpdateSystem Update 
[10:28:17.3280][833][Info]: InputComponentUpdateSystem Update 
[10:28:17.3420][834][Info]: InputComponentUpdateSystem Update 
[10:28:17.3420][835][Info]: InputComponentUpdateSystem Update 
[10:28:17.3560][836][Info]: InputComponentUpdateSystem Update 
[10:28:17.3560][837][Info]: InputComponentUpdateSystem Update 
[10:28:17.3730][838][Info]: InputComponentUpdateSystem Update 
[10:28:17.3730][839][Info]: InputComponentUpdateSystem Update 
[10:28:17.3940][840][Info]: InputComponentUpdateSystem Update 
[10:28:17.4010][841][Info]: InputComponentUpdateSystem Update 
[10:28:17.4010][842][Info]: InputComponentUpdateSystem Update 
[10:28:17.4160][843][Info]: InputComponentUpdateSystem Update 
[10:28:17.4160][844][Info]: InputComponentUpdateSystem Update 
[10:28:17.4160][845][Info]: InputComponentUpdateSystem Update 
[10:28:17.4360][846][Info]: InputComponentUpdateSystem Update 
[10:28:17.4360][847][Info]: InputComponentUpdateSystem Update 
[10:28:17.4500][848][Info]: InputComponentUpdateSystem Update 
[10:28:17.4500][849][Info]: InputComponentUpdateSystem Update 
[10:28:17.4690][850][Info]: InputComponentUpdateSystem Update 
[10:28:17.4690][851][Info]: InputComponentUpdateSystem Update 
[10:28:17.4860][852][Info]: InputComponentUpdateSystem Update 
[10:28:17.4860][853][Info]: InputComponentUpdateSystem Update 
[10:28:17.4990][854][Info]: InputComponentUpdateSystem Update 
[10:28:17.4990][855][Info]: InputComponentUpdateSystem Update 
[10:28:17.5140][856][Info]: InputComponentUpdateSystem Update 
[10:28:17.5140][857][Info]: InputComponentUpdateSystem Update 
[10:28:17.5290][858][Info]: InputComponentUpdateSystem Update 
[10:28:17.5290][859][Info]: InputComponentUpdateSystem Update 
[10:28:17.5410][860][Info]: InputComponentUpdateSystem Update 
[10:28:17.5410][861][Info]: InputComponentUpdateSystem Update 
[10:28:17.5570][862][Info]: InputComponentUpdateSystem Update 
[10:28:17.5570][863][Info]: InputComponentUpdateSystem Update 
[10:28:17.5570][864][Info]: InputComponentUpdateSystem Update 
[10:28:17.5760][865][Info]: InputComponentUpdateSystem Update 
[10:28:17.5760][866][Info]: InputComponentUpdateSystem Update 
[10:28:17.5889][867][Info]: InputComponentUpdateSystem Update 
[10:28:17.5889][868][Info]: InputComponentUpdateSystem Update 
[10:28:17.5889][869][Info]: InputComponentUpdateSystem Update 
[10:28:17.6089][870][Info]: InputComponentUpdateSystem Update 
[10:28:17.6089][871][Info]: InputComponentUpdateSystem Update 
[10:28:17.6209][872][Info]: InputComponentUpdateSystem Update 
[10:28:17.6209][873][Info]: InputComponentUpdateSystem Update 
[10:28:17.6359][874][Info]: InputComponentUpdateSystem Update 
[10:28:17.6359][875][Info]: InputComponentUpdateSystem Update 
[10:28:17.6499][876][Info]: InputComponentUpdateSystem Update 
[10:28:17.6499][877][Info]: InputComponentUpdateSystem Update 
[10:28:17.6499][878][Info]: InputComponentUpdateSystem Update 
[10:28:17.6743][879][Info]: InputComponentUpdateSystem Update 
[10:28:17.6743][880][Info]: InputComponentUpdateSystem Update 
[10:28:17.6883][881][Info]: InputComponentUpdateSystem Update 
[10:28:17.6883][882][Info]: InputComponentUpdateSystem Update 
[10:28:17.7013][883][Info]: InputComponentUpdateSystem Update 
[10:28:17.7013][884][Info]: InputComponentUpdateSystem Update 
[10:28:17.7163][885][Info]: InputComponentUpdateSystem Update 
[10:28:17.7163][886][Info]: InputComponentUpdateSystem Update 
[10:28:17.7318][887][Info]: InputComponentUpdateSystem Update 
[10:28:17.7318][888][Info]: InputComponentUpdateSystem Update 
[10:28:17.7568][889][Info]: InputComponentUpdateSystem Update 
[10:28:17.7626][890][Info]: InputComponentUpdateSystem Update 
[10:28:17.7626][891][Info]: InputComponentUpdateSystem Update 
[10:28:17.7756][892][Info]: InputComponentUpdateSystem Update 
[10:28:17.7756][893][Info]: InputComponentUpdateSystem Update 
[10:28:17.7756][894][Info]: InputComponentUpdateSystem Update 
[10:28:17.7946][895][Info]: InputComponentUpdateSystem Update 
[10:28:17.7946][896][Info]: InputComponentUpdateSystem Update 
[10:28:17.8076][897][Info]: InputComponentUpdateSystem Update 
[10:28:17.8076][898][Info]: InputComponentUpdateSystem Update 
[10:28:17.8076][899][Info]: InputComponentUpdateSystem Update 
[10:28:17.8276][900][Info]: InputComponentUpdateSystem Update 
[10:28:17.8276][901][Info]: InputComponentUpdateSystem Update 
[10:28:17.8396][902][Info]: InputComponentUpdateSystem Update 
[10:28:17.8396][903][Info]: InputComponentUpdateSystem Update 
[10:28:17.8396][904][Info]: InputComponentUpdateSystem Update 
[10:28:17.8586][905][Info]: InputComponentUpdateSystem Update 
[10:28:17.8586][906][Info]: InputComponentUpdateSystem Update 
[10:28:17.8746][907][Info]: InputComponentUpdateSystem Update 
[10:28:17.8846][908][Info]: InputComponentUpdateSystem Update 
[10:28:17.8846][909][Info]: InputComponentUpdateSystem Update 
[10:28:17.8846][910][Info]: InputComponentUpdateSystem Update 
[10:28:17.9046][911][Info]: InputComponentUpdateSystem Update 
[10:28:17.9046][912][Info]: InputComponentUpdateSystem Update 
[10:28:17.9175][913][Info]: InputComponentUpdateSystem Update 
[10:28:17.9175][914][Info]: InputComponentUpdateSystem Update 
[10:28:17.9175][915][Info]: InputComponentUpdateSystem Update 
[10:28:17.9365][916][Info]: InputComponentUpdateSystem Update 
[10:28:17.9365][917][Info]: InputComponentUpdateSystem Update 
[10:28:17.9505][918][Info]: InputComponentUpdateSystem Update 
[10:28:17.9505][919][Info]: InputComponentUpdateSystem Update 
[10:28:17.9643][920][Info]: InputComponentUpdateSystem Update 
[10:28:17.9643][921][Info]: InputComponentUpdateSystem Update 
[10:28:17.9823][922][Info]: InputComponentUpdateSystem Update 
[10:28:17.9823][923][Info]: InputComponentUpdateSystem Update 
[10:28:17.9953][924][Info]: InputComponentUpdateSystem Update 
[10:28:17.9953][925][Info]: InputComponentUpdateSystem Update 
[10:28:18.0102][926][Info]: InputComponentUpdateSystem Update 
[10:28:18.0102][927][Info]: InputComponentUpdateSystem Update 
[10:28:18.0102][928][Info]: InputComponentUpdateSystem Update 
[10:28:18.0292][929][Info]: InputComponentUpdateSystem Update 
[10:28:18.0292][930][Info]: InputComponentUpdateSystem Update 
[10:28:18.0442][931][Info]: InputComponentUpdateSystem Update 
[10:28:18.0442][932][Info]: InputComponentUpdateSystem Update 
[10:28:18.0592][933][Info]: InputComponentUpdateSystem Update 
[10:28:18.0592][934][Info]: InputComponentUpdateSystem Update 
[10:28:18.0755][935][Info]: InputComponentUpdateSystem Update 
[10:28:18.0755][936][Info]: InputComponentUpdateSystem Update 
[10:28:18.0875][937][Info]: InputComponentUpdateSystem Update 
[10:28:18.0875][938][Info]: InputComponentUpdateSystem Update 
[10:28:18.0875][939][Info]: InputComponentUpdateSystem Update 
[10:28:18.1087][940][Info]: InputComponentUpdateSystem Update 
[10:28:18.1087][941][Info]: InputComponentUpdateSystem Update 
[10:28:18.1273][942][Info]: InputComponentUpdateSystem Update 
[10:28:18.1353][943][Info]: InputComponentUpdateSystem Update 
[10:28:18.1353][944][Info]: InputComponentUpdateSystem Update 
[10:28:18.1353][945][Info]: InputComponentUpdateSystem Update 
[10:28:18.1553][946][Info]: InputComponentUpdateSystem Update 
[10:28:18.1553][947][Info]: InputComponentUpdateSystem Update 
[10:28:18.1693][948][Info]: InputComponentUpdateSystem Update 
[10:28:18.1693][949][Info]: InputComponentUpdateSystem Update 
[10:28:18.1813][950][Info]: InputComponentUpdateSystem Update 
[10:28:18.1813][951][Info]: InputComponentUpdateSystem Update 
[10:28:18.1813][952][Info]: InputComponentUpdateSystem Update 
[10:28:18.1993][953][Info]: InputComponentUpdateSystem Update 
[10:28:18.1993][954][Info]: InputComponentUpdateSystem Update 
[10:28:18.2137][955][Info]: InputComponentUpdateSystem Update 
[10:28:18.2137][956][Info]: InputComponentUpdateSystem Update 
[10:28:18.2137][957][Info]: InputComponentUpdateSystem Update 
[10:28:18.2329][958][Info]: InputComponentUpdateSystem Update 
[10:28:18.2329][959][Info]: InputComponentUpdateSystem Update 
[10:28:18.2469][960][Info]: InputComponentUpdateSystem Update 
[10:28:18.2469][961][Info]: InputComponentUpdateSystem Update 
[10:28:18.2469][962][Info]: InputComponentUpdateSystem Update 
[10:28:18.2659][963][Info]: InputComponentUpdateSystem Update 
[10:28:18.2659][964][Info]: InputComponentUpdateSystem Update 
[10:28:18.2836][965][Info]: InputComponentUpdateSystem Update 
[10:28:18.2946][966][Info]: InputComponentUpdateSystem Update 
[10:28:18.2946][967][Info]: InputComponentUpdateSystem Update 
[10:28:18.3096][968][Info]: InputComponentUpdateSystem Update 
[10:28:18.3096][969][Info]: InputComponentUpdateSystem Update 
[10:28:18.3226][970][Info]: InputComponentUpdateSystem Update 
[10:28:18.3226][971][Info]: InputComponentUpdateSystem Update 
[10:28:18.3226][972][Info]: InputComponentUpdateSystem Update 
[10:28:18.3426][973][Info]: InputComponentUpdateSystem Update 
[10:28:18.3426][974][Info]: InputComponentUpdateSystem Update 
[10:28:18.3566][975][Info]: InputComponentUpdateSystem Update 
[10:28:18.3566][976][Info]: InputComponentUpdateSystem Update 
[10:28:18.3705][977][Info]: InputComponentUpdateSystem Update 
[10:28:18.3705][978][Info]: InputComponentUpdateSystem Update 
[10:28:18.3855][979][Info]: InputComponentUpdateSystem Update 
[10:28:18.3855][980][Info]: InputComponentUpdateSystem Update 
[10:28:18.3855][981][Info]: InputComponentUpdateSystem Update 
[10:28:18.4055][982][Info]: InputComponentUpdateSystem Update 
[10:28:18.4055][983][Info]: InputComponentUpdateSystem Update 
[10:28:18.4215][984][Info]: InputComponentUpdateSystem Update 
[10:28:18.4215][985][Info]: InputComponentUpdateSystem Update 
[10:28:18.4375][986][Info]: InputComponentUpdateSystem Update 
[10:28:18.4375][987][Info]: InputComponentUpdateSystem Update 
[10:28:18.4675][988][Info]: InputComponentUpdateSystem Update 
[10:28:18.4675][989][Info]: InputComponentUpdateSystem Update 
[10:28:18.4885][990][Info]: InputComponentUpdateSystem Update 
[10:28:18.4975][991][Info]: InputComponentUpdateSystem Update 
[10:28:18.4975][992][Info]: InputComponentUpdateSystem Update 
[10:28:18.5165][993][Info]: InputComponentUpdateSystem Update 
[10:28:18.5275][994][Info]: InputComponentUpdateSystem Update 
[10:28:18.5275][995][Info]: InputComponentUpdateSystem Update 
[10:28:18.5425][996][Info]: InputComponentUpdateSystem Update 
[10:28:18.5595][997][Info]: InputComponentUpdateSystem Update 
[10:28:18.5755][998][Info]: InputComponentUpdateSystem Update 
[10:28:18.5755][999][Info]: InputComponentUpdateSystem Update 
[10:28:18.6015][1000][Info]: InputComponentUpdateSystem Update 
[10:28:18.6155][1001][Info]: InputComponentUpdateSystem Update 
[10:28:18.6285][1002][Info]: InputComponentUpdateSystem Update 
[10:28:18.6395][1003][Info]: InputComponentUpdateSystem Update 
[10:28:18.6395][1004][Info]: InputComponentUpdateSystem Update 
[10:28:18.6585][1005][Info]: InputComponentUpdateSystem Update 
[10:28:18.6675][1006][Info]: InputComponentUpdateSystem Update 
[10:28:18.6675][1007][Info]: InputComponentUpdateSystem Update 
[10:28:18.6934][1008][Info]: InputComponentUpdateSystem Update 
[10:28:18.7014][1009][Info]: InputComponentUpdateSystem Update 
[10:28:18.7014][1010][Info]: InputComponentUpdateSystem Update 
[10:28:18.7213][1011][Info]: InputComponentUpdateSystem Update 
[10:28:18.7303][1012][Info]: InputComponentUpdateSystem Update 
[10:28:18.7303][1013][Info]: InputComponentUpdateSystem Update 
[10:28:18.7472][1014][Info]: InputComponentUpdateSystem Update 
[10:28:18.7472][1015][Info]: InputComponentUpdateSystem Update 
[10:28:18.7612][1016][Info]: InputComponentUpdateSystem Update 
[10:28:18.7612][1017][Info]: InputComponentUpdateSystem Update 
[10:28:18.7612][1018][Info]: InputComponentUpdateSystem Update 
[10:28:18.7825][1019][Info]: InputComponentUpdateSystem Update 
[10:28:18.7825][1020][Info]: InputComponentUpdateSystem Update 
[10:28:18.7985][1021][Info]: InputComponentUpdateSystem Update 
[10:28:18.7985][1022][Info]: InputComponentUpdateSystem Update 
[10:28:18.8125][1023][Info]: InputComponentUpdateSystem Update 
[10:28:18.8125][1024][Info]: InputComponentUpdateSystem Update 
[10:28:18.8265][1025][Info]: InputComponentUpdateSystem Update 
[10:28:18.8265][1026][Info]: InputComponentUpdateSystem Update 
[10:28:18.8385][1027][Info]: InputComponentUpdateSystem Update 
[10:28:18.8385][1028][Info]: InputComponentUpdateSystem Update 
[10:28:18.8385][1029][Info]: InputComponentUpdateSystem Update 
[10:28:18.8565][1030][Info]: InputComponentUpdateSystem Update 
[10:28:18.8565][1031][Info]: InputComponentUpdateSystem Update 
[10:28:18.8565][1032][Info]: InputComponentUpdateSystem Update 
[10:28:18.8766][1033][Info]: InputComponentUpdateSystem Update 
[10:28:18.8846][1034][Info]: InputComponentUpdateSystem Update 
[10:28:18.8846][1035][Info]: InputComponentUpdateSystem Update 
[10:28:18.9011][1036][Info]: InputComponentUpdateSystem Update 
[10:28:18.9011][1037][Info]: InputComponentUpdateSystem Update 
[10:28:18.9161][1038][Info]: InputComponentUpdateSystem Update 
[10:28:18.9161][1039][Info]: InputComponentUpdateSystem Update 
[10:28:18.9161][1040][Info]: InputComponentUpdateSystem Update 
[10:28:18.9361][1041][Info]: InputComponentUpdateSystem Update 
[10:28:18.9361][1042][Info]: InputComponentUpdateSystem Update 
[10:28:18.9500][1043][Info]: InputComponentUpdateSystem Update 
[10:28:18.9500][1044][Info]: InputComponentUpdateSystem Update 
[10:28:18.9500][1045][Info]: InputComponentUpdateSystem Update 
[10:28:18.9700][1046][Info]: InputComponentUpdateSystem Update 
[10:28:18.9700][1047][Info]: InputComponentUpdateSystem Update 
[10:28:18.9830][1048][Info]: InputComponentUpdateSystem Update 
[10:28:18.9830][1049][Info]: InputComponentUpdateSystem Update 
[10:28:18.9950][1050][Info]: InputComponentUpdateSystem Update 
[10:28:18.9950][1051][Info]: InputComponentUpdateSystem Update 
[10:28:18.9950][1052][Info]: InputComponentUpdateSystem Update 
[10:28:19.0130][1053][Info]: InputComponentUpdateSystem Update 
[10:28:19.0130][1054][Info]: InputComponentUpdateSystem Update 
[10:28:19.0260][1055][Info]: InputComponentUpdateSystem Update 
[10:28:19.0260][1056][Info]: InputComponentUpdateSystem Update 
[10:28:19.0260][1057][Info]: InputComponentUpdateSystem Update 
[10:28:19.0450][1058][Info]: InputComponentUpdateSystem Update 
[10:28:19.0450][1059][Info]: InputComponentUpdateSystem Update 
[10:28:19.0620][1060][Info]: InputComponentUpdateSystem Update 
[10:28:19.0620][1061][Info]: InputComponentUpdateSystem Update 
[10:28:19.0750][1062][Info]: InputComponentUpdateSystem Update 
[10:28:19.0750][1063][Info]: InputComponentUpdateSystem Update 
[10:28:19.0750][1064][Info]: InputComponentUpdateSystem Update 
[10:28:19.0960][1065][Info]: InputComponentUpdateSystem Update 
[10:28:19.0960][1066][Info]: InputComponentUpdateSystem Update 
[10:28:19.1100][1067][Info]: InputComponentUpdateSystem Update 
[10:28:19.1100][1068][Info]: InputComponentUpdateSystem Update 
[10:28:19.1240][1069][Info]: InputComponentUpdateSystem Update 
[10:28:19.1240][1070][Info]: InputComponentUpdateSystem Update 
[10:28:19.1435][1071][Info]: InputComponentUpdateSystem Update 
[10:28:19.1505][1072][Info]: InputComponentUpdateSystem Update 
[10:28:19.1505][1073][Info]: InputComponentUpdateSystem Update 
[10:28:19.1505][1074][Info]: InputComponentUpdateSystem Update 
[10:28:19.1695][1075][Info]: InputComponentUpdateSystem Update 
[10:28:19.1695][1076][Info]: InputComponentUpdateSystem Update 
[10:28:19.1820][1077][Info]: InputComponentUpdateSystem Update 
[10:28:19.1820][1078][Info]: InputComponentUpdateSystem Update 
[10:28:19.1820][1079][Info]: InputComponentUpdateSystem Update 
[10:28:19.2000][1080][Info]: InputComponentUpdateSystem Update 
[10:28:19.2000][1081][Info]: InputComponentUpdateSystem Update 
[10:28:19.2170][1082][Info]: InputComponentUpdateSystem Update 
[10:28:19.2170][1083][Info]: InputComponentUpdateSystem Update 
[10:28:19.2310][1084][Info]: InputComponentUpdateSystem Update 
[10:28:19.2310][1085][Info]: InputComponentUpdateSystem Update 
[10:28:19.2310][1086][Info]: InputComponentUpdateSystem Update 
[10:28:19.2500][1087][Info]: InputComponentUpdateSystem Update 
[10:28:19.2500][1088][Info]: InputComponentUpdateSystem Update 
[10:28:19.2610][1089][Info]: InputComponentUpdateSystem Update 
[10:28:19.2610][1090][Info]: InputComponentUpdateSystem Update 
[10:28:19.2610][1091][Info]: InputComponentUpdateSystem Update 
[10:28:19.2800][1092][Info]: InputComponentUpdateSystem Update 
[10:28:19.2800][1093][Info]: InputComponentUpdateSystem Update 
[10:28:19.2930][1094][Info]: InputComponentUpdateSystem Update 
[10:28:19.2930][1095][Info]: InputComponentUpdateSystem Update 
[10:28:19.3100][1096][Info]: InputComponentUpdateSystem Update 
[10:28:19.3100][1097][Info]: InputComponentUpdateSystem Update 
[10:28:19.3250][1098][Info]: InputComponentUpdateSystem Update 
[10:28:19.3250][1099][Info]: InputComponentUpdateSystem Update 
[10:28:19.3390][1100][Info]: InputComponentUpdateSystem Update 
[10:28:19.3390][1101][Info]: InputComponentUpdateSystem Update 
[10:28:19.3550][1102][Info]: InputComponentUpdateSystem Update 
[10:28:19.3550][1103][Info]: InputComponentUpdateSystem Update 
[10:28:19.3710][1104][Info]: InputComponentUpdateSystem Update 
[10:28:19.3710][1105][Info]: InputComponentUpdateSystem Update 
[10:28:19.3880][1106][Info]: InputComponentUpdateSystem Update 
[10:28:19.3880][1107][Info]: InputComponentUpdateSystem Update 
[10:28:19.4020][1108][Info]: InputComponentUpdateSystem Update 
[10:28:19.4020][1109][Info]: InputComponentUpdateSystem Update 
[10:28:19.4020][1110][Info]: InputComponentUpdateSystem Update 
[10:28:19.4200][1111][Info]: InputComponentUpdateSystem Update 
[10:28:19.4200][1112][Info]: InputComponentUpdateSystem Update 
[10:28:19.4320][1113][Info]: InputComponentUpdateSystem Update 
[10:28:19.4320][1114][Info]: InputComponentUpdateSystem Update 
[10:28:19.4320][1115][Info]: InputComponentUpdateSystem Update 
[10:28:19.4500][1116][Info]: InputComponentUpdateSystem Update 
[10:28:19.4500][1117][Info]: InputComponentUpdateSystem Update 
[10:28:19.4500][1118][Info]: InputComponentUpdateSystem Update 
[10:28:19.4689][1119][Info]: InputComponentUpdateSystem Update 
[10:28:19.4689][1120][Info]: InputComponentUpdateSystem Update 
[10:28:19.4809][1121][Info]: InputComponentUpdateSystem Update 
[10:28:19.4809][1122][Info]: InputComponentUpdateSystem Update 
[10:28:19.4939][1123][Info]: InputComponentUpdateSystem Update 
[10:28:19.4939][1124][Info]: InputComponentUpdateSystem Update 
[10:28:19.4939][1125][Info]: InputComponentUpdateSystem Update 
[10:28:19.5151][1126][Info]: InputComponentUpdateSystem Update 
[10:28:19.5151][1127][Info]: InputComponentUpdateSystem Update 
[10:28:19.5281][1128][Info]: InputComponentUpdateSystem Update 
[10:28:19.5281][1129][Info]: InputComponentUpdateSystem Update 
[10:28:19.5281][1130][Info]: InputComponentUpdateSystem Update 
[10:28:19.5461][1131][Info]: InputComponentUpdateSystem Update 
[10:28:19.5461][1132][Info]: InputComponentUpdateSystem Update 
[10:28:19.5611][1133][Info]: InputComponentUpdateSystem Update 
[10:28:19.5611][1134][Info]: InputComponentUpdateSystem Update 
[10:28:19.5761][1135][Info]: InputComponentUpdateSystem Update 
[10:28:19.5761][1136][Info]: InputComponentUpdateSystem Update 
[10:28:19.5881][1137][Info]: InputComponentUpdateSystem Update 
[10:28:19.5881][1138][Info]: InputComponentUpdateSystem Update 
[10:28:19.5881][1139][Info]: InputComponentUpdateSystem Update 
[10:28:19.6053][1140][Info]: InputComponentUpdateSystem Update 
[10:28:19.6053][1141][Info]: InputComponentUpdateSystem Update 
[10:28:19.6053][1142][Info]: InputComponentUpdateSystem Update 
[10:28:19.6253][1143][Info]: InputComponentUpdateSystem Update 
[10:28:19.6253][1144][Info]: InputComponentUpdateSystem Update 
[10:28:19.6383][1145][Info]: InputComponentUpdateSystem Update 
[10:28:19.6383][1146][Info]: InputComponentUpdateSystem Update 
[10:28:19.6503][1147][Info]: InputComponentUpdateSystem Update 
[10:28:19.6503][1148][Info]: InputComponentUpdateSystem Update 
[10:28:19.6503][1149][Info]: InputComponentUpdateSystem Update 
[10:28:19.6703][1150][Info]: InputComponentUpdateSystem Update 
[10:28:19.6703][1151][Info]: InputComponentUpdateSystem Update 
[10:28:19.6833][1152][Info]: InputComponentUpdateSystem Update 
[10:28:19.6833][1153][Info]: InputComponentUpdateSystem Update 
[10:28:19.6833][1154][Info]: InputComponentUpdateSystem Update 
[10:28:19.7034][1155][Info]: InputComponentUpdateSystem Update 
[10:28:19.7034][1156][Info]: InputComponentUpdateSystem Update 
[10:28:19.7181][1157][Info]: InputComponentUpdateSystem Update 
[10:28:19.7181][1158][Info]: InputComponentUpdateSystem Update 
[10:28:19.7301][1159][Info]: InputComponentUpdateSystem Update 
[10:28:19.7301][1160][Info]: InputComponentUpdateSystem Update 
[10:28:19.7301][1161][Info]: InputComponentUpdateSystem Update 
[10:28:19.7481][1162][Info]: InputComponentUpdateSystem Update 
[10:28:19.7481][1163][Info]: InputComponentUpdateSystem Update 
[10:28:19.7604][1164][Info]: InputComponentUpdateSystem Update 
[10:28:19.7604][1165][Info]: InputComponentUpdateSystem Update 
[10:28:19.7604][1166][Info]: InputComponentUpdateSystem Update 
[10:28:19.7784][1167][Info]: InputComponentUpdateSystem Update 
[10:28:19.7784][1168][Info]: InputComponentUpdateSystem Update 
[10:28:19.7914][1169][Info]: InputComponentUpdateSystem Update 
[10:28:19.7914][1170][Info]: InputComponentUpdateSystem Update 
[10:28:19.7914][1171][Info]: InputComponentUpdateSystem Update 
[10:28:19.8130][1172][Info]: InputComponentUpdateSystem Update 
[10:28:19.8130][1173][Info]: InputComponentUpdateSystem Update 
[10:28:19.8271][1174][Info]: InputComponentUpdateSystem Update 
[10:28:19.8271][1175][Info]: InputComponentUpdateSystem Update 
[10:28:19.8391][1176][Info]: InputComponentUpdateSystem Update 
[10:28:19.8391][1177][Info]: InputComponentUpdateSystem Update 
[10:28:19.8391][1178][Info]: InputComponentUpdateSystem Update 
[10:28:19.8571][1179][Info]: InputComponentUpdateSystem Update 
[10:28:19.8571][1180][Info]: InputComponentUpdateSystem Update 
[10:28:19.8706][1181][Info]: InputComponentUpdateSystem Update 
[10:28:19.8706][1182][Info]: InputComponentUpdateSystem Update 
[10:28:19.8706][1183][Info]: InputComponentUpdateSystem Update 
[10:28:19.8906][1184][Info]: InputComponentUpdateSystem Update 
[10:28:19.8906][1185][Info]: InputComponentUpdateSystem Update 
[10:28:19.9060][1186][Info]: InputComponentUpdateSystem Update 
[10:28:19.9060][1187][Info]: InputComponentUpdateSystem Update 
[10:28:19.9220][1188][Info]: InputComponentUpdateSystem Update 
[10:28:19.9220][1189][Info]: InputComponentUpdateSystem Update 
[10:28:19.9360][1190][Info]: InputComponentUpdateSystem Update 
[10:28:19.9360][1191][Info]: InputComponentUpdateSystem Update 
[10:28:19.9510][1192][Info]: InputComponentUpdateSystem Update 
[10:28:19.9510][1193][Info]: InputComponentUpdateSystem Update 
[10:28:19.9680][1194][Info]: InputComponentUpdateSystem Update 
[10:28:19.9790][1195][Info]: InputComponentUpdateSystem Update 
[10:28:19.9790][1196][Info]: InputComponentUpdateSystem Update 
[10:28:19.9970][1197][Info]: InputComponentUpdateSystem Update 
[10:28:19.9970][1198][Info]: InputComponentUpdateSystem Update 
[10:28:20.0130][1199][Info]: InputComponentUpdateSystem Update 
[10:28:20.0130][1200][Info]: InputComponentUpdateSystem Update 
[10:28:20.0260][1201][Info]: InputComponentUpdateSystem Update 
[10:28:20.0260][1202][Info]: InputComponentUpdateSystem Update 
[10:28:20.0260][1203][Info]: InputComponentUpdateSystem Update 
[10:28:20.0471][1204][Info]: InputComponentUpdateSystem Update 
[10:28:20.0471][1205][Info]: InputComponentUpdateSystem Update 
[10:28:20.0611][1206][Info]: InputComponentUpdateSystem Update 
[10:28:20.0611][1207][Info]: InputComponentUpdateSystem Update 
[10:28:20.0771][1208][Info]: InputComponentUpdateSystem Update 
[10:28:20.0771][1209][Info]: InputComponentUpdateSystem Update 
[10:28:20.0891][1210][Info]: InputComponentUpdateSystem Update 
[10:28:20.0891][1211][Info]: InputComponentUpdateSystem Update 
[10:28:20.0891][1212][Info]: InputComponentUpdateSystem Update 
[10:28:20.1091][1213][Info]: InputComponentUpdateSystem Update 
[10:28:20.1091][1214][Info]: InputComponentUpdateSystem Update 
[10:28:20.1241][1215][Info]: InputComponentUpdateSystem Update 
[10:28:20.1351][1216][Info]: InputComponentUpdateSystem Update 
[10:28:20.1351][1217][Info]: InputComponentUpdateSystem Update 
[10:28:20.1351][1218][Info]: InputComponentUpdateSystem Update 
[10:28:20.1571][1219][Info]: InputComponentUpdateSystem Update 
[10:28:20.1681][1220][Info]: InputComponentUpdateSystem Update 
[10:28:20.1681][1221][Info]: InputComponentUpdateSystem Update 
[10:28:20.1881][1222][Info]: InputComponentUpdateSystem Update 
[10:28:20.1881][1223][Info]: InputComponentUpdateSystem Update 
[10:28:20.2070][1224][Info]: InputComponentUpdateSystem Update 
[10:28:20.2270][1225][Info]: InputComponentUpdateSystem Update 
[10:28:20.2340][1226][Info]: InputComponentUpdateSystem Update 
[10:28:20.2340][1227][Info]: InputComponentUpdateSystem Update 
[10:28:20.2460][1228][Info]: InputComponentUpdateSystem Update 
[10:28:20.2460][1229][Info]: InputComponentUpdateSystem Update 
[10:28:20.2460][1230][Info]: InputComponentUpdateSystem Update 
[10:28:20.2640][1231][Info]: InputComponentUpdateSystem Update 
[10:28:20.2640][1232][Info]: InputComponentUpdateSystem Update 
[10:28:20.2760][1233][Info]: InputComponentUpdateSystem Update 
[10:28:20.2760][1234][Info]: InputComponentUpdateSystem Update 
[10:28:20.2760][1235][Info]: InputComponentUpdateSystem Update 
[10:28:20.2970][1236][Info]: InputComponentUpdateSystem Update 
[10:28:20.2970][1237][Info]: InputComponentUpdateSystem Update 
[10:28:20.3120][1238][Info]: InputComponentUpdateSystem Update 
[10:28:20.3120][1239][Info]: InputComponentUpdateSystem Update 
[10:28:20.3230][1240][Info]: InputComponentUpdateSystem Update 
[10:28:20.3230][1241][Info]: InputComponentUpdateSystem Update 
[10:28:20.3230][1242][Info]: InputComponentUpdateSystem Update 
[10:28:20.3420][1243][Info]: InputComponentUpdateSystem Update 
[10:28:20.3420][1244][Info]: InputComponentUpdateSystem Update 
[10:28:20.3420][1245][Info]: InputComponentUpdateSystem Update 
[10:28:20.3599][1246][Info]: InputComponentUpdateSystem Update 
[10:28:20.3599][1247][Info]: InputComponentUpdateSystem Update 
[10:28:20.3709][1248][Info]: InputComponentUpdateSystem Update 
[10:28:20.3709][1249][Info]: InputComponentUpdateSystem Update 
[10:28:20.3859][1250][Info]: InputComponentUpdateSystem Update 
[10:28:20.3859][1251][Info]: InputComponentUpdateSystem Update 
[10:28:20.3859][1252][Info]: InputComponentUpdateSystem Update 
[10:28:20.4069][1253][Info]: InputComponentUpdateSystem Update 
[10:28:20.4069][1254][Info]: InputComponentUpdateSystem Update 
[10:28:20.4189][1255][Info]: InputComponentUpdateSystem Update 
[10:28:20.4189][1256][Info]: InputComponentUpdateSystem Update 
[10:28:20.4189][1257][Info]: InputComponentUpdateSystem Update 
[10:28:20.4389][1258][Info]: InputComponentUpdateSystem Update 
[10:28:20.4389][1259][Info]: InputComponentUpdateSystem Update 
[10:28:20.4509][1260][Info]: InputComponentUpdateSystem Update 
[10:28:20.4509][1261][Info]: InputComponentUpdateSystem Update 
[10:28:20.4669][1262][Info]: InputComponentUpdateSystem Update 
[10:28:20.4669][1263][Info]: InputComponentUpdateSystem Update 
[10:28:20.4789][1264][Info]: InputComponentUpdateSystem Update 
[10:28:20.4789][1265][Info]: InputComponentUpdateSystem Update 
[10:28:20.4789][1266][Info]: InputComponentUpdateSystem Update 
[10:28:20.4991][1267][Info]: InputComponentUpdateSystem Update 
[10:28:20.4991][1268][Info]: InputComponentUpdateSystem Update 
[10:28:20.5131][1269][Info]: InputComponentUpdateSystem Update 
[10:28:20.5131][1270][Info]: InputComponentUpdateSystem Update 
[10:28:20.5249][1271][Info]: InputComponentUpdateSystem Update 
[10:28:20.5249][1272][Info]: InputComponentUpdateSystem Update 
[10:28:20.5249][1273][Info]: InputComponentUpdateSystem Update 
[10:28:20.5449][1274][Info]: InputComponentUpdateSystem Update 
[10:28:20.5449][1275][Info]: InputComponentUpdateSystem Update 
[10:28:20.5599][1276][Info]: InputComponentUpdateSystem Update 
[10:28:20.5599][1277][Info]: InputComponentUpdateSystem Update 
[10:28:20.5729][1278][Info]: InputComponentUpdateSystem Update 
[10:28:20.5729][1279][Info]: InputComponentUpdateSystem Update 
[10:28:20.5729][1280][Info]: InputComponentUpdateSystem Update 
[10:28:20.5929][1281][Info]: InputComponentUpdateSystem Update 
[10:28:20.5929][1282][Info]: InputComponentUpdateSystem Update 
[10:28:20.6066][1283][Info]: InputComponentUpdateSystem Update 
[10:28:20.6066][1284][Info]: InputComponentUpdateSystem Update 
[10:28:20.6194][1285][Info]: InputComponentUpdateSystem Update 
[10:28:20.6194][1286][Info]: InputComponentUpdateSystem Update 
[10:28:20.6344][1287][Info]: InputComponentUpdateSystem Update 
[10:28:20.6344][1288][Info]: InputComponentUpdateSystem Update 
[10:28:20.6344][1289][Info]: InputComponentUpdateSystem Update 
[10:28:20.6534][1290][Info]: InputComponentUpdateSystem Update 
[10:28:20.6534][1291][Info]: InputComponentUpdateSystem Update 
[10:28:20.6534][1292][Info]: InputComponentUpdateSystem Update 
[10:28:20.6704][1293][Info]: InputComponentUpdateSystem Update 
[10:28:20.6704][1294][Info]: InputComponentUpdateSystem Update 
[10:28:20.6884][1295][Info]: InputComponentUpdateSystem Update 
[10:28:20.6884][1296][Info]: InputComponentUpdateSystem Update 
[10:28:20.7004][1297][Info]: InputComponentUpdateSystem Update 
[10:28:20.7004][1298][Info]: InputComponentUpdateSystem Update 
[10:28:20.7174][1299][Info]: InputComponentUpdateSystem Update 
[10:28:20.7174][1300][Info]: InputComponentUpdateSystem Update 
[10:28:20.7323][1301][Info]: InputComponentUpdateSystem Update 
[10:28:20.7323][1302][Info]: InputComponentUpdateSystem Update 
[10:28:20.7453][1303][Info]: InputComponentUpdateSystem Update 
[10:28:20.7453][1304][Info]: InputComponentUpdateSystem Update 
[10:28:20.7453][1305][Info]: InputComponentUpdateSystem Update 
[10:28:20.7643][1306][Info]: InputComponentUpdateSystem Update 
[10:28:20.7643][1307][Info]: InputComponentUpdateSystem Update 
[10:28:20.7763][1308][Info]: InputComponentUpdateSystem Update 
[10:28:20.7763][1309][Info]: InputComponentUpdateSystem Update 
[10:28:20.7908][1310][Info]: InputComponentUpdateSystem Update 
[10:28:20.7908][1311][Info]: InputComponentUpdateSystem Update 
[10:28:20.8072][1312][Info]: InputComponentUpdateSystem Update 
[10:28:20.8072][1313][Info]: InputComponentUpdateSystem Update 
[10:28:20.8072][1314][Info]: InputComponentUpdateSystem Update 
[10:28:20.8272][1315][Info]: InputComponentUpdateSystem Update 
[10:28:20.8272][1316][Info]: InputComponentUpdateSystem Update 
[10:28:20.8392][1317][Info]: InputComponentUpdateSystem Update 
[10:28:20.8392][1318][Info]: InputComponentUpdateSystem Update 
[10:28:20.8392][1319][Info]: InputComponentUpdateSystem Update 
[10:28:20.8582][1320][Info]: InputComponentUpdateSystem Update 
[10:28:20.8582][1321][Info]: InputComponentUpdateSystem Update 
[10:28:20.8702][1322][Info]: InputComponentUpdateSystem Update 
[10:28:20.8702][1323][Info]: InputComponentUpdateSystem Update 
[10:28:20.8922][1324][Info]: InputComponentUpdateSystem Update 
[10:28:20.9002][1325][Info]: InputComponentUpdateSystem Update 
[10:28:20.9002][1326][Info]: InputComponentUpdateSystem Update 
[10:28:20.9002][1327][Info]: InputComponentUpdateSystem Update 
[10:28:20.9212][1328][Info]: InputComponentUpdateSystem Update 
[10:28:20.9212][1329][Info]: InputComponentUpdateSystem Update 
[10:28:20.9332][1330][Info]: InputComponentUpdateSystem Update 
[10:28:20.9332][1331][Info]: InputComponentUpdateSystem Update 
[10:28:20.9332][1332][Info]: InputComponentUpdateSystem Update 
[10:28:20.9511][1333][Info]: InputComponentUpdateSystem Update 
[10:28:20.9511][1334][Info]: InputComponentUpdateSystem Update 
[10:28:20.9671][1335][Info]: InputComponentUpdateSystem Update 
[10:28:20.9671][1336][Info]: InputComponentUpdateSystem Update 
[10:28:20.9801][1337][Info]: InputComponentUpdateSystem Update 
[10:28:20.9801][1338][Info]: InputComponentUpdateSystem Update 
[10:28:20.9801][1339][Info]: InputComponentUpdateSystem Update 
[10:28:20.9994][1340][Info]: InputComponentUpdateSystem Update 
[10:28:20.9994][1341][Info]: InputComponentUpdateSystem Update 
[10:28:21.0110][1342][Info]: InputComponentUpdateSystem Update 
[10:28:21.0110][1343][Info]: InputComponentUpdateSystem Update 
[10:28:21.0110][1344][Info]: InputComponentUpdateSystem Update 
[10:28:21.0289][1345][Info]: InputComponentUpdateSystem Update 
[10:28:21.0289][1346][Info]: InputComponentUpdateSystem Update 
[10:28:21.0449][1347][Info]: InputComponentUpdateSystem Update 
[10:28:21.0449][1348][Info]: InputComponentUpdateSystem Update 
[10:28:21.0599][1349][Info]: InputComponentUpdateSystem Update 
[10:28:21.0599][1350][Info]: InputComponentUpdateSystem Update 
[10:28:21.0719][1351][Info]: InputComponentUpdateSystem Update 
[10:28:21.0719][1352][Info]: InputComponentUpdateSystem Update 
[10:28:21.0719][1353][Info]: InputComponentUpdateSystem Update 
[10:28:21.0909][1354][Info]: InputComponentUpdateSystem Update 
[10:28:21.0909][1355][Info]: InputComponentUpdateSystem Update 
[10:28:21.1037][1356][Info]: InputComponentUpdateSystem Update 
[10:28:21.1037][1357][Info]: InputComponentUpdateSystem Update 
[10:28:21.1037][1358][Info]: InputComponentUpdateSystem Update 
[10:28:21.1239][1359][Info]: InputComponentUpdateSystem Update 
[10:28:21.1239][1360][Info]: InputComponentUpdateSystem Update 
[10:28:21.1381][1361][Info]: InputComponentUpdateSystem Update 
[10:28:21.1381][1362][Info]: InputComponentUpdateSystem Update 
[10:28:21.1501][1363][Info]: InputComponentUpdateSystem Update 
[10:28:21.1501][1364][Info]: InputComponentUpdateSystem Update 
[10:28:21.1501][1365][Info]: InputComponentUpdateSystem Update 
[10:28:21.1691][1366][Info]: InputComponentUpdateSystem Update 
[10:28:21.1691][1367][Info]: InputComponentUpdateSystem Update 
[10:28:21.1821][1368][Info]: InputComponentUpdateSystem Update 
[10:28:21.1821][1369][Info]: InputComponentUpdateSystem Update 
[10:28:21.1821][1370][Info]: InputComponentUpdateSystem Update 
[10:28:21.2000][1371][Info]: InputComponentUpdateSystem Update 
[10:28:21.2000][1372][Info]: InputComponentUpdateSystem Update 
[10:28:21.2161][1373][Info]: InputComponentUpdateSystem Update 
[10:28:21.2161][1374][Info]: InputComponentUpdateSystem Update 
[10:28:21.2321][1375][Info]: InputComponentUpdateSystem Update 
[10:28:21.2321][1376][Info]: InputComponentUpdateSystem Update 
[10:28:21.2461][1377][Info]: InputComponentUpdateSystem Update 
[10:28:21.2461][1378][Info]: InputComponentUpdateSystem Update 
[10:28:21.2461][1379][Info]: InputComponentUpdateSystem Update 
[10:28:21.2642][1380][Info]: InputComponentUpdateSystem Update 
[10:28:21.2642][1381][Info]: InputComponentUpdateSystem Update 
[10:28:21.2772][1382][Info]: InputComponentUpdateSystem Update 
[10:28:21.2772][1383][Info]: InputComponentUpdateSystem Update 
[10:28:21.2772][1384][Info]: InputComponentUpdateSystem Update 
[10:28:21.2943][1385][Info]: InputComponentUpdateSystem Update 
[10:28:21.2943][1386][Info]: InputComponentUpdateSystem Update 
[10:28:21.3089][1387][Info]: InputComponentUpdateSystem Update 
[10:28:21.3089][1388][Info]: InputComponentUpdateSystem Update 
[10:28:21.3239][1389][Info]: InputComponentUpdateSystem Update 
[10:28:21.3239][1390][Info]: InputComponentUpdateSystem Update 
[10:28:21.3239][1391][Info]: InputComponentUpdateSystem Update 
[10:28:21.3419][1392][Info]: InputComponentUpdateSystem Update 
[10:28:21.3419][1393][Info]: InputComponentUpdateSystem Update 
[10:28:21.3538][1394][Info]: InputComponentUpdateSystem Update 
[10:28:21.3538][1395][Info]: InputComponentUpdateSystem Update 
[10:28:21.3538][1396][Info]: InputComponentUpdateSystem Update 
[10:28:21.3748][1397][Info]: InputComponentUpdateSystem Update 
[10:28:21.3748][1398][Info]: InputComponentUpdateSystem Update 
[10:28:21.3898][1399][Info]: InputComponentUpdateSystem Update 
[10:28:21.3898][1400][Info]: InputComponentUpdateSystem Update 
[10:28:21.4023][1401][Info]: InputComponentUpdateSystem Update 
[10:28:21.4023][1402][Info]: InputComponentUpdateSystem Update 
[10:28:21.4023][1403][Info]: InputComponentUpdateSystem Update 
[10:28:21.4203][1404][Info]: InputComponentUpdateSystem Update 
[10:28:21.4203][1405][Info]: InputComponentUpdateSystem Update 
[10:28:21.4323][1406][Info]: InputComponentUpdateSystem Update 
[10:28:21.4323][1407][Info]: InputComponentUpdateSystem Update 
[10:28:21.4323][1408][Info]: InputComponentUpdateSystem Update 
[10:28:21.4503][1409][Info]: InputComponentUpdateSystem Update 
[10:28:21.4503][1410][Info]: InputComponentUpdateSystem Update 
[10:28:21.4641][1411][Info]: InputComponentUpdateSystem Update 
[10:28:21.4641][1412][Info]: InputComponentUpdateSystem Update 
[10:28:21.4641][1413][Info]: InputComponentUpdateSystem Update 
[10:28:21.4821][1414][Info]: InputComponentUpdateSystem Update 
[10:28:21.4821][1415][Info]: InputComponentUpdateSystem Update 
[10:28:21.4951][1416][Info]: InputComponentUpdateSystem Update 
[10:28:21.4951][1417][Info]: InputComponentUpdateSystem Update 
[10:28:21.4951][1418][Info]: InputComponentUpdateSystem Update 
[10:28:21.5150][1419][Info]: InputComponentUpdateSystem Update 
[10:28:21.5150][1420][Info]: InputComponentUpdateSystem Update 
[10:28:21.5310][1421][Info]: InputComponentUpdateSystem Update 
[10:28:21.5310][1422][Info]: InputComponentUpdateSystem Update 
[10:28:21.5420][1423][Info]: InputComponentUpdateSystem Update 
[10:28:21.5420][1424][Info]: InputComponentUpdateSystem Update 
[10:28:21.5590][1425][Info]: InputComponentUpdateSystem Update 
[10:28:21.5590][1426][Info]: InputComponentUpdateSystem Update 
[10:28:21.5730][1427][Info]: InputComponentUpdateSystem Update 
[10:28:21.5730][1428][Info]: InputComponentUpdateSystem Update 
[10:28:21.5730][1429][Info]: InputComponentUpdateSystem Update 
[10:28:21.5909][1430][Info]: InputComponentUpdateSystem Update 
[10:28:21.5909][1431][Info]: InputComponentUpdateSystem Update 
[10:28:21.5909][1432][Info]: InputComponentUpdateSystem Update 
[10:28:21.6089][1433][Info]: InputComponentUpdateSystem Update 
[10:28:21.6089][1434][Info]: InputComponentUpdateSystem Update 
[10:28:21.6209][1435][Info]: InputComponentUpdateSystem Update 
[10:28:21.6209][1436][Info]: InputComponentUpdateSystem Update 
[10:28:21.6349][1437][Info]: InputComponentUpdateSystem Update 
[10:28:21.6349][1438][Info]: InputComponentUpdateSystem Update 
[10:28:21.6349][1439][Info]: InputComponentUpdateSystem Update 
[10:28:21.6529][1440][Info]: InputComponentUpdateSystem Update 
[10:28:21.6529][1441][Info]: InputComponentUpdateSystem Update 
[10:28:21.6669][1442][Info]: InputComponentUpdateSystem Update 
[10:28:21.6669][1443][Info]: InputComponentUpdateSystem Update 
[10:28:21.6669][1444][Info]: InputComponentUpdateSystem Update 
[10:28:21.6854][1445][Info]: InputComponentUpdateSystem Update 
[10:28:21.6854][1446][Info]: InputComponentUpdateSystem Update 
[10:28:21.6984][1447][Info]: InputComponentUpdateSystem Update 
[10:28:21.6984][1448][Info]: InputComponentUpdateSystem Update 
[10:28:21.7155][1449][Info]: InputComponentUpdateSystem Update 
[10:28:21.7155][1450][Info]: InputComponentUpdateSystem Update 
[10:28:21.7314][1451][Info]: InputComponentUpdateSystem Update 
[10:28:21.7314][1452][Info]: InputComponentUpdateSystem Update 
[10:28:21.7444][1453][Info]: InputComponentUpdateSystem Update 
[10:28:21.7444][1454][Info]: InputComponentUpdateSystem Update 
[10:28:21.7594][1455][Info]: InputComponentUpdateSystem Update 
[10:28:21.7594][1456][Info]: InputComponentUpdateSystem Update 
[10:28:21.7594][1457][Info]: InputComponentUpdateSystem Update 
[10:28:21.7797][1458][Info]: InputComponentUpdateSystem Update 
[10:28:21.7797][1459][Info]: InputComponentUpdateSystem Update 
[10:28:21.7947][1460][Info]: InputComponentUpdateSystem Update 
[10:28:21.7947][1461][Info]: InputComponentUpdateSystem Update 
[10:28:21.8107][1462][Info]: InputComponentUpdateSystem Update 
[10:28:21.8107][1463][Info]: InputComponentUpdateSystem Update 
[10:28:21.8262][1464][Info]: InputComponentUpdateSystem Update 
[10:28:21.8262][1465][Info]: InputComponentUpdateSystem Update 
[10:28:21.8392][1466][Info]: InputComponentUpdateSystem Update 
[10:28:21.8392][1467][Info]: InputComponentUpdateSystem Update 
[10:28:21.8532][1468][Info]: InputComponentUpdateSystem Update 
[10:28:21.8532][1469][Info]: InputComponentUpdateSystem Update 
[10:28:21.8532][1470][Info]: InputComponentUpdateSystem Update 
[10:28:21.8722][1471][Info]: InputComponentUpdateSystem Update 
[10:28:21.8722][1472][Info]: InputComponentUpdateSystem Update 
[10:28:21.8882][1473][Info]: InputComponentUpdateSystem Update 
[10:28:21.8882][1474][Info]: InputComponentUpdateSystem Update 
[10:28:21.9022][1475][Info]: InputComponentUpdateSystem Update 
[10:28:21.9022][1476][Info]: InputComponentUpdateSystem Update 
[10:28:21.9162][1477][Info]: InputComponentUpdateSystem Update 
[10:28:21.9162][1478][Info]: InputComponentUpdateSystem Update 
[10:28:21.9322][1479][Info]: InputComponentUpdateSystem Update 
[10:28:21.9322][1480][Info]: InputComponentUpdateSystem Update 
[10:28:21.9322][1481][Info]: InputComponentUpdateSystem Update 
[10:28:21.9532][1482][Info]: InputComponentUpdateSystem Update 
[10:28:21.9632][1483][Info]: InputComponentUpdateSystem Update 
[10:28:21.9632][1484][Info]: InputComponentUpdateSystem Update 
[10:28:21.9822][1485][Info]: InputComponentUpdateSystem Update 
[10:28:21.9822][1486][Info]: InputComponentUpdateSystem Update 
[10:28:21.9962][1487][Info]: InputComponentUpdateSystem Update 
[10:28:21.9962][1488][Info]: InputComponentUpdateSystem Update 
[10:28:21.9962][1489][Info]: InputComponentUpdateSystem Update 
[10:28:22.0149][1490][Info]: InputComponentUpdateSystem Update 
[10:28:22.0149][1491][Info]: InputComponentUpdateSystem Update 
[10:28:22.0289][1492][Info]: InputComponentUpdateSystem Update 
[10:28:22.0289][1493][Info]: InputComponentUpdateSystem Update 
[10:28:22.0439][1494][Info]: InputComponentUpdateSystem Update 
[10:28:22.0439][1495][Info]: InputComponentUpdateSystem Update 
[10:28:22.0589][1496][Info]: InputComponentUpdateSystem Update 
[10:28:22.0589][1497][Info]: InputComponentUpdateSystem Update 
[10:28:22.0729][1498][Info]: InputComponentUpdateSystem Update 
[10:28:22.0729][1499][Info]: InputComponentUpdateSystem Update 
[10:28:22.0729][1500][Info]: InputComponentUpdateSystem Update 
[10:28:22.0909][1501][Info]: InputComponentUpdateSystem Update 
[10:28:22.0909][1502][Info]: InputComponentUpdateSystem Update 
[10:28:22.0909][1503][Info]: InputComponentUpdateSystem Update 
[10:28:22.1089][1504][Info]: InputComponentUpdateSystem Update 
[10:28:22.1089][1505][Info]: InputComponentUpdateSystem Update 
[10:28:22.1244][1506][Info]: InputComponentUpdateSystem Update 
[10:28:22.1244][1507][Info]: InputComponentUpdateSystem Update 
[10:28:22.1384][1508][Info]: InputComponentUpdateSystem Update 
[10:28:22.1384][1509][Info]: InputComponentUpdateSystem Update 
[10:28:22.1504][1510][Info]: InputComponentUpdateSystem Update 
[10:28:22.1504][1511][Info]: InputComponentUpdateSystem Update 
[10:28:22.1504][1512][Info]: InputComponentUpdateSystem Update 
[10:28:22.1684][1513][Info]: InputComponentUpdateSystem Update 
[10:28:22.1684][1514][Info]: InputComponentUpdateSystem Update 
[10:28:22.1814][1515][Info]: InputComponentUpdateSystem Update 
[10:28:22.1814][1516][Info]: InputComponentUpdateSystem Update 
[10:28:22.1814][1517][Info]: InputComponentUpdateSystem Update 
[10:28:22.1984][1518][Info]: InputComponentUpdateSystem Update 
[10:28:22.1984][1519][Info]: InputComponentUpdateSystem Update 
[10:28:22.2194][1520][Info]: InputComponentUpdateSystem Update 
[10:28:22.2194][1521][Info]: InputComponentUpdateSystem Update 
[10:28:22.2334][1522][Info]: InputComponentUpdateSystem Update 
[10:28:22.2334][1523][Info]: InputComponentUpdateSystem Update 
[10:28:22.2454][1524][Info]: InputComponentUpdateSystem Update 
[10:28:22.2454][1525][Info]: InputComponentUpdateSystem Update 
[10:28:22.2454][1526][Info]: InputComponentUpdateSystem Update 
[10:28:22.2634][1527][Info]: InputComponentUpdateSystem Update 
[10:28:22.2634][1528][Info]: InputComponentUpdateSystem Update 
[10:28:22.2774][1529][Info]: InputComponentUpdateSystem Update 
[10:28:22.2774][1530][Info]: InputComponentUpdateSystem Update 
[10:28:22.2914][1531][Info]: InputComponentUpdateSystem Update 
[10:28:22.2914][1532][Info]: InputComponentUpdateSystem Update 
[10:28:22.2914][1533][Info]: InputComponentUpdateSystem Update 
[10:28:22.3120][1534][Info]: InputComponentUpdateSystem Update 
[10:28:22.3120][1535][Info]: InputComponentUpdateSystem Update 
[10:28:22.3270][1536][Info]: InputComponentUpdateSystem Update 
[10:28:22.3270][1537][Info]: InputComponentUpdateSystem Update 
[10:28:22.3390][1538][Info]: InputComponentUpdateSystem Update 
[10:28:22.3390][1539][Info]: InputComponentUpdateSystem Update 
[10:28:22.3390][1540][Info]: InputComponentUpdateSystem Update 
[10:28:22.3570][1541][Info]: InputComponentUpdateSystem Update 
[10:28:22.3570][1542][Info]: InputComponentUpdateSystem Update 
[10:28:22.3690][1543][Info]: InputComponentUpdateSystem Update 
[10:28:22.3690][1544][Info]: InputComponentUpdateSystem Update 
[10:28:22.3863][1545][Info]: InputComponentUpdateSystem Update 
[10:28:22.3863][1546][Info]: InputComponentUpdateSystem Update 
[10:28:22.4004][1547][Info]: InputComponentUpdateSystem Update 
[10:28:22.4004][1548][Info]: InputComponentUpdateSystem Update 
[10:28:22.4004][1549][Info]: InputComponentUpdateSystem Update 
[10:28:22.4184][1550][Info]: InputComponentUpdateSystem Update 
[10:28:22.4184][1551][Info]: InputComponentUpdateSystem Update 
[10:28:22.4314][1552][Info]: InputComponentUpdateSystem Update 
[10:28:22.4314][1553][Info]: InputComponentUpdateSystem Update 
[10:28:22.4314][1554][Info]: InputComponentUpdateSystem Update 
[10:28:22.4504][1555][Info]: InputComponentUpdateSystem Update 
[10:28:22.4504][1556][Info]: InputComponentUpdateSystem Update 
[10:28:22.4636][1557][Info]: InputComponentUpdateSystem Update 
[10:28:22.4636][1558][Info]: InputComponentUpdateSystem Update 
[10:28:22.4636][1559][Info]: InputComponentUpdateSystem Update 
[10:28:22.4817][1560][Info]: InputComponentUpdateSystem Update 
[10:28:22.4817][1561][Info]: InputComponentUpdateSystem Update 
[10:28:22.4947][1562][Info]: InputComponentUpdateSystem Update 
[10:28:22.4947][1563][Info]: InputComponentUpdateSystem Update 
[10:28:22.4947][1564][Info]: InputComponentUpdateSystem Update 
[10:28:22.5131][1565][Info]: InputComponentUpdateSystem Update 
[10:28:22.5131][1566][Info]: InputComponentUpdateSystem Update 
[10:28:22.5270][1567][Info]: InputComponentUpdateSystem Update 
[10:28:22.5270][1568][Info]: InputComponentUpdateSystem Update 
[10:28:22.5270][1569][Info]: InputComponentUpdateSystem Update 
[10:28:22.5466][1570][Info]: InputComponentUpdateSystem Update 
[10:28:22.5466][1571][Info]: InputComponentUpdateSystem Update 
[10:28:22.5630][1572][Info]: InputComponentUpdateSystem Update 
[10:28:22.5630][1573][Info]: InputComponentUpdateSystem Update 
[10:28:22.5780][1574][Info]: InputComponentUpdateSystem Update 
[10:28:22.5780][1575][Info]: InputComponentUpdateSystem Update 
[10:28:22.5940][1576][Info]: InputComponentUpdateSystem Update 
[10:28:22.5940][1577][Info]: InputComponentUpdateSystem Update 
[10:28:22.6080][1578][Info]: InputComponentUpdateSystem Update 
[10:28:22.6080][1579][Info]: InputComponentUpdateSystem Update 
[10:28:22.6240][1580][Info]: InputComponentUpdateSystem Update 
[10:28:22.6240][1581][Info]: InputComponentUpdateSystem Update 
[10:28:22.6380][1582][Info]: InputComponentUpdateSystem Update 
[10:28:22.6380][1583][Info]: InputComponentUpdateSystem Update 
[10:28:22.6510][1584][Info]: InputComponentUpdateSystem Update 
[10:28:22.6510][1585][Info]: InputComponentUpdateSystem Update 
[10:28:22.6510][1586][Info]: InputComponentUpdateSystem Update 
[10:28:22.6720][1587][Info]: InputComponentUpdateSystem Update 
[10:28:22.6720][1588][Info]: InputComponentUpdateSystem Update 
[10:28:22.6860][1589][Info]: InputComponentUpdateSystem Update 
[10:28:22.6860][1590][Info]: InputComponentUpdateSystem Update 
[10:28:22.7000][1591][Info]: InputComponentUpdateSystem Update 
[10:28:22.7000][1592][Info]: InputComponentUpdateSystem Update 
[10:28:22.7140][1593][Info]: InputComponentUpdateSystem Update 
[10:28:22.7140][1594][Info]: InputComponentUpdateSystem Update 
[10:28:22.7300][1595][Info]: InputComponentUpdateSystem Update 
[10:28:22.7300][1596][Info]: InputComponentUpdateSystem Update 
[10:28:22.7439][1597][Info]: InputComponentUpdateSystem Update 
[10:28:22.7439][1598][Info]: InputComponentUpdateSystem Update 
[10:28:22.7439][1599][Info]: InputComponentUpdateSystem Update 
[10:28:22.7619][1600][Info]: InputComponentUpdateSystem Update 
[10:28:22.7619][1601][Info]: InputComponentUpdateSystem Update 
[10:28:22.7789][1602][Info]: InputComponentUpdateSystem Update 
[10:28:22.7789][1603][Info]: InputComponentUpdateSystem Update 
[10:28:22.7949][1604][Info]: InputComponentUpdateSystem Update 
[10:28:22.7949][1605][Info]: InputComponentUpdateSystem Update 
[10:28:22.8089][1606][Info]: InputComponentUpdateSystem Update 
[10:28:22.8089][1607][Info]: InputComponentUpdateSystem Update 
[10:28:22.8221][1608][Info]: InputComponentUpdateSystem Update 
[10:28:22.8221][1609][Info]: InputComponentUpdateSystem Update 
[10:28:22.8221][1610][Info]: InputComponentUpdateSystem Update 
[10:28:22.8391][1611][Info]: InputComponentUpdateSystem Update 
[10:28:22.8391][1612][Info]: InputComponentUpdateSystem Update 
[10:28:22.8391][1613][Info]: InputComponentUpdateSystem Update 
[10:28:22.8571][1614][Info]: InputComponentUpdateSystem Update 
[10:28:22.8571][1615][Info]: InputComponentUpdateSystem Update 
[10:28:22.8701][1616][Info]: InputComponentUpdateSystem Update 
[10:28:22.8701][1617][Info]: InputComponentUpdateSystem Update 
[10:28:22.8861][1618][Info]: InputComponentUpdateSystem Update 
[10:28:22.8861][1619][Info]: InputComponentUpdateSystem Update 
[10:28:22.9041][1620][Info]: InputComponentUpdateSystem Update 
[10:28:22.9041][1621][Info]: InputComponentUpdateSystem Update 
[10:28:22.9161][1622][Info]: InputComponentUpdateSystem Update 
[10:28:22.9161][1623][Info]: InputComponentUpdateSystem Update 
[10:28:22.9321][1624][Info]: InputComponentUpdateSystem Update 
[10:28:22.9321][1625][Info]: InputComponentUpdateSystem Update 
[10:28:22.9321][1626][Info]: InputComponentUpdateSystem Update 
[10:28:22.9521][1627][Info]: InputComponentUpdateSystem Update 
[10:28:22.9521][1628][Info]: InputComponentUpdateSystem Update 
[10:28:22.9661][1629][Info]: InputComponentUpdateSystem Update 
[10:28:22.9661][1630][Info]: InputComponentUpdateSystem Update 
[10:28:22.9821][1631][Info]: InputComponentUpdateSystem Update 
[10:28:22.9821][1632][Info]: InputComponentUpdateSystem Update 
[10:28:22.9951][1633][Info]: InputComponentUpdateSystem Update 
[10:28:22.9951][1634][Info]: InputComponentUpdateSystem Update 
[10:28:22.9951][1635][Info]: InputComponentUpdateSystem Update 
[10:28:23.0159][1636][Info]: InputComponentUpdateSystem Update 
[10:28:23.0159][1637][Info]: InputComponentUpdateSystem Update 
[10:28:23.0279][1638][Info]: InputComponentUpdateSystem Update 
[10:28:23.0279][1639][Info]: InputComponentUpdateSystem Update 
[10:28:23.0419][1640][Info]: InputComponentUpdateSystem Update 
[10:28:23.0419][1641][Info]: InputComponentUpdateSystem Update 
[10:28:23.0589][1642][Info]: InputComponentUpdateSystem Update 
[10:28:23.0589][1643][Info]: InputComponentUpdateSystem Update 
[10:28:23.0719][1644][Info]: InputComponentUpdateSystem Update 
[10:28:23.0719][1645][Info]: InputComponentUpdateSystem Update 
[10:28:23.0719][1646][Info]: InputComponentUpdateSystem Update 
[10:28:23.0909][1647][Info]: InputComponentUpdateSystem Update 
[10:28:23.0909][1648][Info]: InputComponentUpdateSystem Update 
[10:28:23.1050][1649][Info]: InputComponentUpdateSystem Update 
[10:28:23.1050][1650][Info]: InputComponentUpdateSystem Update 
[10:28:23.1190][1651][Info]: InputComponentUpdateSystem Update 
[10:28:23.1190][1652][Info]: InputComponentUpdateSystem Update 
[10:28:23.1400][1653][Info]: InputComponentUpdateSystem Update 
[10:28:23.1400][1654][Info]: InputComponentUpdateSystem Update 
[10:28:23.1529][1655][Info]: InputComponentUpdateSystem Update 
[10:28:23.1529][1656][Info]: InputComponentUpdateSystem Update 
[10:28:23.1679][1657][Info]: InputComponentUpdateSystem Update 
[10:28:23.1679][1658][Info]: InputComponentUpdateSystem Update 
[10:28:23.1819][1659][Info]: InputComponentUpdateSystem Update 
[10:28:23.1819][1660][Info]: InputComponentUpdateSystem Update 
[10:28:23.2069][1661][Info]: InputComponentUpdateSystem Update 
[10:28:23.2219][1662][Info]: InputComponentUpdateSystem Update 
[10:28:23.2329][1663][Info]: InputComponentUpdateSystem Update 
[10:28:23.2329][1664][Info]: InputComponentUpdateSystem Update 
[10:28:23.2499][1665][Info]: InputComponentUpdateSystem Update 
[10:28:23.2499][1666][Info]: InputComponentUpdateSystem Update 
[10:28:23.2651][1667][Info]: InputComponentUpdateSystem Update 
[10:28:23.2651][1668][Info]: InputComponentUpdateSystem Update 
[10:28:23.2811][1669][Info]: InputComponentUpdateSystem Update 
[10:28:23.2811][1670][Info]: InputComponentUpdateSystem Update 
[10:28:23.2981][1671][Info]: InputComponentUpdateSystem Update 
[10:28:23.3071][1672][Info]: InputComponentUpdateSystem Update 
[10:28:23.3071][1673][Info]: InputComponentUpdateSystem Update 
[10:28:23.3071][1674][Info]: InputComponentUpdateSystem Update 
[10:28:23.3291][1675][Info]: InputComponentUpdateSystem Update 
[10:28:23.3291][1676][Info]: InputComponentUpdateSystem Update 
[10:28:23.3461][1677][Info]: InputComponentUpdateSystem Update 
[10:28:23.3671][1678][Info]: InputComponentUpdateSystem Update 
[10:28:23.3771][1679][Info]: InputComponentUpdateSystem Update 
[10:28:23.3871][1680][Info]: InputComponentUpdateSystem Update 
[10:28:23.3871][1681][Info]: InputComponentUpdateSystem Update 
[10:28:23.3871][1682][Info]: InputComponentUpdateSystem Update 
[10:28:23.4061][1683][Info]: InputComponentUpdateSystem Update 
[10:28:23.4061][1684][Info]: InputComponentUpdateSystem Update 
[10:28:23.4181][1685][Info]: InputComponentUpdateSystem Update 
[10:28:23.4181][1686][Info]: InputComponentUpdateSystem Update 
[10:28:23.4181][1687][Info]: InputComponentUpdateSystem Update 
[10:28:23.4381][1688][Info]: InputComponentUpdateSystem Update 
[10:28:23.4491][1689][Info]: InputComponentUpdateSystem Update 
[10:28:23.4491][1690][Info]: InputComponentUpdateSystem Update 
[10:28:23.4641][1691][Info]: InputComponentUpdateSystem Update 
[10:28:23.4641][1692][Info]: InputComponentUpdateSystem Update 
[10:28:23.4641][1693][Info]: InputComponentUpdateSystem Update 
[10:28:23.4830][1694][Info]: InputComponentUpdateSystem Update 
[10:28:23.4830][1695][Info]: InputComponentUpdateSystem Update 
[10:28:23.4980][1696][Info]: InputComponentUpdateSystem Update 
[10:28:23.4980][1697][Info]: InputComponentUpdateSystem Update 
[10:28:23.5110][1698][Info]: InputComponentUpdateSystem Update 
[10:28:23.5110][1699][Info]: InputComponentUpdateSystem Update 
[10:28:23.5330][1700][Info]: InputComponentUpdateSystem Update 
[10:28:23.5420][1701][Info]: InputComponentUpdateSystem Update 
[10:28:23.5420][1702][Info]: InputComponentUpdateSystem Update 
[10:28:23.5590][1703][Info]: InputComponentUpdateSystem Update 
[10:28:23.5590][1704][Info]: InputComponentUpdateSystem Update 
[10:28:23.5730][1705][Info]: InputComponentUpdateSystem Update 
[10:28:23.5730][1706][Info]: InputComponentUpdateSystem Update 
[10:28:23.5730][1707][Info]: InputComponentUpdateSystem Update 
[10:28:23.5949][1708][Info]: InputComponentUpdateSystem Update 
[10:28:23.5949][1709][Info]: InputComponentUpdateSystem Update 
[10:28:23.6119][1710][Info]: InputComponentUpdateSystem Update 
[10:28:23.6189][1711][Info]: InputComponentUpdateSystem Update 
[10:28:23.6189][1712][Info]: InputComponentUpdateSystem Update 
[10:28:23.6389][1713][Info]: InputComponentUpdateSystem Update 
[10:28:23.6389][1714][Info]: InputComponentUpdateSystem Update 
[10:28:23.6549][1715][Info]: InputComponentUpdateSystem Update 
[10:28:23.6549][1716][Info]: InputComponentUpdateSystem Update 
[10:28:23.6689][1717][Info]: InputComponentUpdateSystem Update 
[10:28:23.6689][1718][Info]: InputComponentUpdateSystem Update 
[10:28:23.6829][1719][Info]: InputComponentUpdateSystem Update 
[10:28:23.6829][1720][Info]: InputComponentUpdateSystem Update 
[10:28:23.6829][1721][Info]: InputComponentUpdateSystem Update 
[10:28:23.7009][1722][Info]: InputComponentUpdateSystem Update 
[10:28:23.7009][1723][Info]: InputComponentUpdateSystem Update 
[10:28:23.7149][1724][Info]: InputComponentUpdateSystem Update 
[10:28:23.7149][1725][Info]: InputComponentUpdateSystem Update 
[10:28:23.7149][1726][Info]: InputComponentUpdateSystem Update 
[10:28:23.7336][1727][Info]: InputComponentUpdateSystem Update 
[10:28:23.7466][1728][Info]: InputComponentUpdateSystem Update 
[10:28:23.7605][1729][Info]: InputComponentUpdateSystem Update 
[10:28:23.7605][1730][Info]: InputComponentUpdateSystem Update 
[10:28:23.7952][1731][Info]: InputComponentUpdateSystem Update 
[10:28:23.7952][1732][Info]: InputComponentUpdateSystem Update 
[10:28:23.8122][1733][Info]: InputComponentUpdateSystem Update 
[10:28:23.8122][1734][Info]: InputComponentUpdateSystem Update 
[10:28:23.8282][1735][Info]: InputComponentUpdateSystem Update 
[10:28:23.8282][1736][Info]: InputComponentUpdateSystem Update 
[10:28:23.8422][1737][Info]: InputComponentUpdateSystem Update 
[10:28:23.8422][1738][Info]: InputComponentUpdateSystem Update 
[10:28:23.8552][1739][Info]: InputComponentUpdateSystem Update 
[10:28:23.8552][1740][Info]: InputComponentUpdateSystem Update 
[10:28:23.8552][1741][Info]: InputComponentUpdateSystem Update 
[10:28:23.8732][1742][Info]: InputComponentUpdateSystem Update 
[10:28:23.8732][1743][Info]: InputComponentUpdateSystem Update 
[10:28:23.8851][1744][Info]: InputComponentUpdateSystem Update 
[10:28:23.8851][1745][Info]: InputComponentUpdateSystem Update 
[10:28:23.8851][1746][Info]: InputComponentUpdateSystem Update 
[10:28:23.9021][1747][Info]: InputComponentUpdateSystem Update 
[10:28:23.9021][1748][Info]: InputComponentUpdateSystem Update 
[10:28:23.9021][1749][Info]: InputComponentUpdateSystem Update 
[10:28:23.9201][1750][Info]: InputComponentUpdateSystem Update 
[10:28:23.9201][1751][Info]: InputComponentUpdateSystem Update 
[10:28:23.9331][1752][Info]: InputComponentUpdateSystem Update 
[10:28:23.9331][1753][Info]: InputComponentUpdateSystem Update 
[10:28:23.9331][1754][Info]: InputComponentUpdateSystem Update 
[10:28:23.9531][1755][Info]: InputComponentUpdateSystem Update 
[10:28:23.9531][1756][Info]: InputComponentUpdateSystem Update 
[10:28:23.9671][1757][Info]: InputComponentUpdateSystem Update 
[10:28:23.9801][1758][Info]: InputComponentUpdateSystem Update 
[10:28:23.9801][1759][Info]: InputComponentUpdateSystem Update 
[10:28:23.9971][1760][Info]: InputComponentUpdateSystem Update 
[10:28:23.9971][1761][Info]: InputComponentUpdateSystem Update 
[10:28:24.0102][1762][Info]: InputComponentUpdateSystem Update 
[10:28:24.0102][1763][Info]: InputComponentUpdateSystem Update 
[10:28:24.0102][1764][Info]: InputComponentUpdateSystem Update 
[10:28:24.0281][1765][Info]: InputComponentUpdateSystem Update 
[10:28:24.0281][1766][Info]: InputComponentUpdateSystem Update 
[10:28:24.0424][1767][Info]: InputComponentUpdateSystem Update 
[10:28:24.0424][1768][Info]: InputComponentUpdateSystem Update 
[10:28:24.0564][1769][Info]: InputComponentUpdateSystem Update 
[10:28:24.0564][1770][Info]: InputComponentUpdateSystem Update 
[10:28:24.0764][1771][Info]: InputComponentUpdateSystem Update 
