[14:45:56.2718][1][Info]: enter Launch procedure 
[14:45:56.3871][1][Info]: ===>加载配置 
[14:45:58.2372][1][Info]: ===>开始解析BuffConfig 
[14:45:58.2372][1][Info]: <===解析BuffConfig完毕 
[14:45:58.2462][1][Info]: ===>开始解析SkillConfig 
[14:45:58.2854][1][Info]: <===解析SkillConfig完毕 
[14:45:58.2994][1][Info]: <===配置加载完毕 
[14:45:58.4235][2][Info]: enter Init Procedure 
[14:45:58.4405][2][Warn]: Not found awake system:<PlayerComponent> 
[14:46:02.3573][358][Info]: 登录 
[14:46:02.3573][358][Info]: 1001 
[14:46:02.3743][358][Info]: 大厅阶段 
[14:46:02.4383][359][Info]: Scene Add Entity, Current Count:1 
[14:46:06.5734][746][Info]: Scene Remove Entity, Current Count:0 
[14:46:06.5734][746][Info]: Scene Add Entity, Current Count:1 
[14:46:09.0063][1013][Info]: 2=====transform.position======== 
[14:46:09.0193][1014][Info]: 4=====transform.position======== 
[14:46:09.0413][1016][Info]: 5=====transform.position======== 
[14:46:09.0583][1018][Info]: 5=====transform.position======== 
[14:46:09.0763][1020][Info]: 5=====transform.position======== 
[14:46:09.0963][1022][Info]: 5=====transform.position======== 
[14:46:09.1203][1025][Info]: 5=====transform.position======== 
[14:46:09.1373][1027][Info]: 5=====transform.position======== 
[14:46:09.1603][1030][Info]: 5=====transform.position======== 
[14:46:09.1842][1032][Info]: 5=====transform.position======== 
[14:46:09.2012][1033][Info]: 5=====transform.position======== 
[14:46:09.2182][1035][Info]: 5=====transform.position======== 
[14:46:09.2362][1037][Info]: 5=====transform.position======== 
[14:46:09.2632][1040][Info]: 5=====transform.position======== 
[14:46:09.2838][1041][Info]: 5=====transform.position======== 
[14:46:09.3048][1043][Info]: 5=====transform.position======== 
[14:46:09.3268][1045][Info]: 5=====transform.position======== 
[14:46:09.3428][1046][Info]: 5=====transform.position======== 
[14:46:09.3568][1047][Info]: 3=====transform.position======== 
[14:46:09.3768][1049][Info]: 1=====transform.position======== 
[14:46:09.4018][1051][Info]: 0=====transform.position======== 
[14:46:10.0375][1136][Info]: 2=====transform.position======== 
[14:46:10.0604][1139][Info]: 4=====transform.position======== 
[14:46:10.0774][1141][Info]: 5=====transform.position======== 
[14:46:10.0977][1143][Info]: 5=====transform.position======== 
[14:46:10.1177][1145][Info]: 5=====transform.position======== 
[14:46:10.1397][1148][Info]: 5=====transform.position======== 
[14:46:10.1627][1151][Info]: 5=====transform.position======== 
[14:46:10.1787][1153][Info]: 5=====transform.position======== 
[14:46:10.2015][1156][Info]: 5=====transform.position======== 
[14:46:10.2235][1158][Info]: 5=====transform.position======== 
[14:46:10.2405][1160][Info]: 3=====transform.position======== 
[14:46:10.2644][1162][Info]: 1=====transform.position======== 
[14:46:10.2804][1164][Info]: 0=====transform.position======== 
