[15:00:06.2081][1][Info]: enter Launch procedure 
[15:00:06.3370][1][Info]: ===>加载配置 
[15:00:08.3752][1][Info]: ===>开始解析BuffConfig 
[15:00:08.3892][1][Info]: <===解析BuffConfig完毕 
[15:00:08.3892][1][Info]: ===>开始解析SkillConfig 
[15:00:08.4192][1][Info]: <===解析SkillConfig完毕 
[15:00:08.4192][1][Info]: <===配置加载完毕 
[15:00:08.5591][2][Info]: enter Init Procedure 
[15:00:08.5951][2][Warn]: Not found awake system:<PlayerComponent> 
[15:00:11.5826][229][Info]: 登录 
[15:00:11.5916][229][Info]: 1001 
[15:00:11.5916][229][Info]: 大厅阶段 
[15:00:11.6795][230][Info]: Scene Add Entity, Current Count:1 
[15:00:13.5948][328][Info]: Scene Remove Entity, Current Count:0 
[15:00:13.5948][328][Info]: Scene Add Entity, Current Count:1 
[15:00:32.3234][2706][Info]: 2=====transform.position======== 
[15:00:32.3484][2708][Info]: 4=====transform.position======== 
[15:00:32.3624][2709][Info]: 5=====transform.position======== 
[15:00:32.3794][2711][Info]: 5=====transform.position======== 
[15:00:32.4024][2714][Info]: 5=====transform.position======== 
[15:00:32.4190][2716][Info]: 5=====transform.position======== 
[15:00:32.4420][2719][Info]: 5=====transform.position======== 
[15:00:32.4590][2721][Info]: 5=====transform.position======== 
[15:00:32.4880][2724][Info]: 5=====transform.position======== 
[15:00:32.5020][2725][Info]: 3=====transform.position======== 
[15:00:32.5249][2728][Info]: 1=====transform.position======== 
[15:00:32.5409][2730][Info]: 0=====transform.position======== 
[15:00:39.0025][3614][Info]: 2=====transform.position======== 
[15:00:39.0198][3616][Info]: 4=====transform.position======== 
[15:00:39.0418][3619][Info]: 5=====transform.position======== 
[15:00:39.0658][3622][Info]: 5=====transform.position======== 
[15:00:39.0848][3624][Info]: 5=====transform.position======== 
[15:00:39.1018][3626][Info]: 5=====transform.position======== 
[15:00:39.1216][3628][Info]: 5=====transform.position======== 
[15:00:39.1405][3630][Info]: 5=====transform.position======== 
[15:00:39.1625][3633][Info]: 5=====transform.position======== 
[15:00:39.1785][3635][Info]: 5=====transform.position======== 
[15:00:39.2015][3638][Info]: 5=====transform.position======== 
[15:00:39.2245][3641][Info]: 5=====transform.position======== 
[15:00:39.2405][3643][Info]: 5=====transform.position======== 
[15:00:39.2635][3646][Info]: 5=====transform.position======== 
[15:00:39.2909][3648][Info]: 5=====transform.position======== 
[15:00:39.2909][3649][Info]: 5=====transform.position======== 
[15:00:39.3239][3652][Info]: 3=====transform.position======== 
[15:00:39.3399][3654][Info]: 1=====transform.position======== 
[15:00:39.3619][3657][Info]: 0=====transform.position======== 
[15:00:40.3451][3794][Info]: 2=====transform.position======== 
[15:00:40.3611][3796][Info]: 4=====transform.position======== 
[15:00:40.3831][3799][Info]: 5=====transform.position======== 
[15:00:40.3991][3801][Info]: 5=====transform.position======== 
[15:00:40.4241][3804][Info]: 3=====transform.position======== 
[15:00:40.4391][3806][Info]: 1=====transform.position======== 
[15:00:40.4621][3809][Info]: 0=====transform.position======== 
[15:00:40.8026][3851][Info]: 2=====transform.position======== 
[15:00:40.8186][3853][Info]: 4=====transform.position======== 
[15:00:40.8401][3856][Info]: 5=====transform.position======== 
[15:00:40.8641][3859][Info]: 5=====transform.position======== 
[15:00:40.8791][3861][Info]: 5=====transform.position======== 
[15:00:40.9011][3864][Info]: 5=====transform.position======== 
[15:00:40.9216][3866][Info]: 5=====transform.position======== 
[15:00:40.9452][3869][Info]: 5=====transform.position======== 
[15:00:40.9672][3871][Info]: 5=====transform.position======== 
[15:00:40.9792][3872][Info]: 5=====transform.position======== 
[15:00:41.0042][3875][Info]: 3=====transform.position======== 
[15:00:41.0201][3877][Info]: 1=====transform.position======== 
[15:00:41.0425][3880][Info]: 0=====transform.position======== 
[15:00:42.1800][4040][Info]: 2=====transform.position======== 
[15:00:42.2041][4043][Info]: 4=====transform.position======== 
[15:00:42.2207][4045][Info]: 5=====transform.position======== 
[15:00:42.2427][4048][Info]: 5=====transform.position======== 
[15:00:42.2597][4050][Info]: 5=====transform.position======== 
[15:00:42.2827][4053][Info]: 5=====transform.position======== 
[15:00:42.2988][4055][Info]: 5=====transform.position======== 
[15:00:42.3218][4058][Info]: 5=====transform.position======== 
[15:00:42.3423][4060][Info]: 5=====transform.position======== 
[15:00:42.3593][4061][Info]: 5=====transform.position======== 
[15:00:42.3813][4064][Info]: 5=====transform.position======== 
[15:00:42.4033][4067][Info]: 5=====transform.position======== 
[15:00:42.4199][4069][Info]: 5=====transform.position======== 
[15:00:42.4424][4072][Info]: 5=====transform.position======== 
[15:00:42.4644][4075][Info]: 5=====transform.position======== 
[15:00:42.4794][4077][Info]: 5=====transform.position======== 
[15:00:42.4994][4079][Info]: 5=====transform.position======== 
[15:00:42.5193][4081][Info]: 5=====transform.position======== 
[15:00:42.5420][4084][Info]: 5=====transform.position======== 
[15:00:42.5640][4086][Info]: 5=====transform.position======== 
[15:00:42.5810][4088][Info]: 5=====transform.position======== 
[15:00:42.6009][4090][Info]: 3=====transform.position======== 
[15:00:42.6260][4093][Info]: 1=====transform.position======== 
[15:00:42.6440][4095][Info]: 0=====transform.position======== 
[15:00:45.8255][4502][Info]: 2=====transform.position======== 
[15:00:45.8425][4504][Info]: 4=====transform.position======== 
[15:00:45.8645][4507][Info]: 5=====transform.position======== 
[15:00:45.8795][4509][Info]: 5=====transform.position======== 
[15:00:45.9035][4511][Info]: 5=====transform.position======== 
[15:00:45.9185][4513][Info]: 5=====transform.position======== 
[15:00:45.9405][4516][Info]: 5=====transform.position======== 
[15:00:45.9645][4519][Info]: 5=====transform.position======== 
[15:00:45.9795][4521][Info]: 5=====transform.position======== 
[15:00:46.0025][4524][Info]: 5=====transform.position======== 
[15:00:46.0215][4526][Info]: 5=====transform.position======== 
[15:00:46.0425][4528][Info]: 5=====transform.position======== 
[15:00:46.0615][4530][Info]: 5=====transform.position======== 
[15:00:46.0835][4533][Info]: 5=====transform.position======== 
[15:00:46.0994][4535][Info]: 5=====transform.position======== 
[15:00:46.1224][4538][Info]: 5=====transform.position======== 
[15:00:46.1384][4540][Info]: 5=====transform.position======== 
[15:00:46.1624][4543][Info]: 5=====transform.position======== 
[15:00:46.1844][4546][Info]: 5=====transform.position======== 
[15:00:46.2074][4548][Info]: 5=====transform.position======== 
[15:00:46.2284][4550][Info]: 5=====transform.position======== 
[15:00:46.2284][4552][Info]: 5=====transform.position======== 
[15:00:46.2604][4554][Info]: 5=====transform.position======== 
[15:00:46.2844][4557][Info]: 3=====transform.position======== 
[15:00:46.3004][4559][Info]: 1=====transform.position======== 
[15:00:46.3224][4562][Info]: 0=====transform.position======== 
[15:00:52.2851][5376][Info]: 2=====transform.position======== 
[15:00:52.3001][5378][Info]: 4=====transform.position======== 
[15:00:52.3249][5381][Info]: 5=====transform.position======== 
[15:00:52.3449][5383][Info]: 5=====transform.position======== 
[15:00:52.3679][5385][Info]: 5=====transform.position======== 
[15:00:52.3829][5387][Info]: 5=====transform.position======== 
[15:00:52.4059][5390][Info]: 5=====transform.position======== 
[15:00:52.4209][5392][Info]: 5=====transform.position======== 
[15:00:52.4439][5395][Info]: 5=====transform.position======== 
[15:00:52.4599][5397][Info]: 5=====transform.position======== 
[15:00:52.4819][5400][Info]: 5=====transform.position======== 
[15:00:52.5080][5403][Info]: 5=====transform.position======== 
[15:00:52.5200][5404][Info]: 5=====transform.position======== 
[15:00:52.5465][5407][Info]: 5=====transform.position======== 
[15:00:52.5615][5409][Info]: 5=====transform.position======== 
[15:00:52.5845][5412][Info]: 5=====transform.position======== 
[15:00:52.6011][5414][Info]: 5=====transform.position======== 
[15:00:52.6229][5417][Info]: 5=====transform.position======== 
[15:00:52.6449][5420][Info]: 5=====transform.position======== 
[15:00:52.6649][5422][Info]: 5=====transform.position======== 
[15:00:52.6839][5424][Info]: 5=====transform.position======== 
[15:00:52.6988][5426][Info]: 5=====transform.position======== 
[15:00:52.7223][5429][Info]: 5=====transform.position======== 
[15:00:52.7482][5432][Info]: 5=====transform.position======== 
[15:00:52.7641][5434][Info]: 5=====transform.position======== 
[15:00:52.7791][5436][Info]: 5=====transform.position======== 
[15:00:52.8041][5439][Info]: 5=====transform.position======== 
[15:00:52.8271][5441][Info]: 5=====transform.position======== 
[15:00:52.8461][5443][Info]: 5=====transform.position======== 
[15:00:52.8611][5444][Info]: 5=====transform.position======== 
[15:00:52.8851][5446][Info]: 5=====transform.position======== 
[15:00:52.9106][5447][Info]: 3=====transform.position======== 
[15:00:52.9191][5448][Info]: 1=====transform.position======== 
[15:00:52.9421][5451][Info]: 0=====transform.position======== 
