[15:11:12.9569][1][Info]: enter Launch procedure 
[15:11:13.0578][1][Info]: ===>加载配置 
[15:11:14.6849][1][Info]: ===>开始解析BuffConfig 
[15:11:14.7033][1][Info]: <===解析BuffConfig完毕 
[15:11:14.7033][1][Info]: ===>开始解析SkillConfig 
[15:11:14.7469][1][Info]: <===解析SkillConfig完毕 
[15:11:14.7469][1][Info]: <===配置加载完毕 
[15:11:14.8671][2][Info]: enter Init Procedure 
[15:11:14.8957][2][Warn]: Not found awake system:<PlayerComponent> 
[15:11:18.0133][218][Info]: 登录 
[15:11:18.0133][218][Info]: 1001 
[15:11:18.0293][218][Info]: 大厅阶段 
[15:11:18.0970][219][Info]: Scene Add Entity, Current Count:1 
[15:11:21.2909][493][Info]: Scene Remove Entity, Current Count:0 
[15:11:21.2909][493][Info]: Scene Add Entity, Current Count:1 
[15:11:24.8119][901][Info]: 2=====transform.position======== 
[15:11:24.8119][902][Info]: 4=====transform.position======== 
[15:11:24.8448][904][Info]: 5=====transform.position======== 
[15:11:24.8598][906][Info]: 5=====transform.position======== 
[15:11:24.8828][909][Info]: 5=====transform.position======== 
[15:11:24.9042][912][Info]: 5=====transform.position======== 
[15:11:24.9199][914][Info]: 5=====transform.position======== 
[15:11:24.9424][916][Info]: 5=====transform.position======== 
[15:11:24.9657][919][Info]: 5=====transform.position======== 
[15:11:24.9857][921][Info]: 5=====transform.position======== 
[15:11:25.0057][923][Info]: 5=====transform.position======== 
[15:11:25.0211][925][Info]: 5=====transform.position======== 
[15:11:25.0439][928][Info]: 5=====transform.position======== 
[15:11:25.0671][931][Info]: 5=====transform.position======== 
[15:11:25.0821][933][Info]: 5=====transform.position======== 
[15:11:25.1058][936][Info]: 3=====transform.position======== 
[15:11:25.1218][938][Info]: 1=====transform.position======== 
[15:11:25.1459][940][Info]: 0=====transform.position======== 
[15:11:28.9647][1457][Info]: 2=====transform.position======== 
[15:11:28.9799][1459][Info]: 4=====transform.position======== 
[15:11:29.0002][1461][Info]: 5=====transform.position======== 
[15:11:29.0229][1463][Info]: 5=====transform.position======== 
[15:11:29.0399][1465][Info]: 5=====transform.position======== 
[15:11:29.0629][1468][Info]: 3=====transform.position======== 
[15:11:29.0844][1471][Info]: 1=====transform.position======== 
[15:11:29.0999][1473][Info]: 0=====transform.position======== 
[15:11:31.0621][1751][Info]: 2=====transform.position======== 
[15:11:31.0839][1754][Info]: 4=====transform.position======== 
[15:11:31.1059][1757][Info]: 5=====transform.position======== 
[15:11:31.1219][1759][Info]: 5=====transform.position======== 
[15:11:31.1498][1762][Info]: 5=====transform.position======== 
[15:11:31.1618][1763][Info]: 5=====transform.position======== 
[15:11:31.1828][1766][Info]: 5=====transform.position======== 
[15:11:31.2058][1769][Info]: 5=====transform.position======== 
[15:11:31.2216][1771][Info]: 5=====transform.position======== 
[15:11:31.2409][1773][Info]: 5=====transform.position======== 
[15:11:31.2621][1776][Info]: 5=====transform.position======== 
[15:11:31.2859][1779][Info]: 5=====transform.position======== 
[15:11:31.3049][1781][Info]: 5=====transform.position======== 
[15:11:31.3248][1783][Info]: 5=====transform.position======== 
[15:11:31.3408][1785][Info]: 5=====transform.position======== 
[15:11:31.3642][1788][Info]: 3=====transform.position======== 
[15:11:31.3802][1790][Info]: 1=====transform.position======== 
[15:11:31.4040][1793][Info]: 0=====transform.position======== 
[15:11:32.5227][1948][Info]: 2=====transform.position======== 
[15:11:32.5397][1950][Info]: 4=====transform.position======== 
[15:11:32.5627][1953][Info]: 5=====transform.position======== 
[15:11:32.5840][1956][Info]: 5=====transform.position======== 
[15:11:32.6060][1959][Info]: 5=====transform.position======== 
[15:11:32.6220][1961][Info]: 5=====transform.position======== 
[15:11:32.6449][1964][Info]: 5=====transform.position======== 
[15:11:32.6629][1966][Info]: 5=====transform.position======== 
[15:11:32.6864][1969][Info]: 5=====transform.position======== 
[15:11:32.7091][1971][Info]: 5=====transform.position======== 
[15:11:32.7251][1973][Info]: 5=====transform.position======== 
[15:11:32.7407][1975][Info]: 5=====transform.position======== 
[15:11:32.7630][1978][Info]: 5=====transform.position======== 
[15:11:32.7853][1981][Info]: 5=====transform.position======== 
[15:11:32.8003][1982][Info]: 5=====transform.position======== 
[15:11:32.8229][1984][Info]: 5=====transform.position======== 
[15:11:32.8569][1986][Info]: 5=====transform.position======== 
[15:11:32.8708][1987][Info]: 5=====transform.position======== 
[15:11:32.8879][1988][Info]: 3=====transform.position======== 
[15:11:32.9038][1990][Info]: 1=====transform.position======== 
[15:11:32.9204][1992][Info]: 0=====transform.position======== 
[15:11:33.3462][2050][Info]: 2=====transform.position======== 
[15:11:33.3607][2052][Info]: 4=====transform.position======== 
[15:11:33.3837][2055][Info]: 5=====transform.position======== 
[15:11:33.4067][2058][Info]: 5=====transform.position======== 
[15:11:33.4217][2060][Info]: 5=====transform.position======== 
[15:11:33.4447][2063][Info]: 5=====transform.position======== 
[15:11:33.4607][2065][Info]: 5=====transform.position======== 
[15:11:33.4841][2067][Info]: 5=====transform.position======== 
[15:11:33.5041][2069][Info]: 5=====transform.position======== 
[15:11:33.5268][2072][Info]: 5=====transform.position======== 
[15:11:33.5428][2074][Info]: 5=====transform.position======== 
[15:11:33.5648][2077][Info]: 5=====transform.position======== 
[15:11:33.5808][2079][Info]: 5=====transform.position======== 
[15:11:33.6041][2082][Info]: 5=====transform.position======== 
[15:11:33.6234][2084][Info]: 5=====transform.position======== 
[15:11:33.6438][2086][Info]: 5=====transform.position======== 
[15:11:33.6598][2088][Info]: 5=====transform.position======== 
[15:11:33.6818][2091][Info]: 5=====transform.position======== 
[15:11:33.7007][2093][Info]: 5=====transform.position======== 
[15:11:33.7234][2096][Info]: 5=====transform.position======== 
[15:11:33.7467][2099][Info]: 5=====transform.position======== 
[15:11:33.7627][2101][Info]: 5=====transform.position======== 
[15:11:33.7847][2103][Info]: 5=====transform.position======== 
[15:11:33.8007][2105][Info]: 5=====transform.position======== 
[15:11:33.8234][2108][Info]: 5=====transform.position======== 
[15:11:33.8459][2111][Info]: 5=====transform.position======== 
[15:11:33.8629][2113][Info]: 5=====transform.position======== 
[15:11:33.8863][2116][Info]: 5=====transform.position======== 
[15:11:33.9049][2118][Info]: 5=====transform.position======== 
[15:11:33.9267][2120][Info]: 5=====transform.position======== 
[15:11:33.9468][2122][Info]: 5=====transform.position======== 
[15:11:33.9637][2124][Info]: 5=====transform.position======== 
[15:11:33.9858][2127][Info]: 5=====transform.position======== 
[15:11:34.0019][2129][Info]: 5=====transform.position======== 
[15:11:34.0261][2132][Info]: 5=====transform.position======== 
[15:11:34.0423][2134][Info]: 5=====transform.position======== 
[15:11:34.0650][2137][Info]: 5=====transform.position======== 
[15:11:34.0879][2139][Info]: 5=====transform.position======== 
[15:11:34.1120][2141][Info]: 5=====transform.position======== 
[15:11:34.1198][2142][Info]: 5=====transform.position======== 
[15:11:34.1438][2145][Info]: 5=====transform.position======== 
[15:11:34.1668][2148][Info]: 5=====transform.position======== 
[15:11:34.1838][2150][Info]: 5=====transform.position======== 
[15:11:34.2058][2153][Info]: 5=====transform.position======== 
[15:11:34.2228][2155][Info]: 5=====transform.position======== 
[15:11:34.2448][2157][Info]: 5=====transform.position======== 
[15:11:34.2648][2159][Info]: 5=====transform.position======== 
[15:11:34.2808][2161][Info]: 5=====transform.position======== 
[15:11:34.3028][2164][Info]: 5=====transform.position======== 
[15:11:34.3238][2166][Info]: 5=====transform.position======== 
[15:11:34.3458][2169][Info]: 5=====transform.position======== 
[15:11:34.3618][2171][Info]: 5=====transform.position======== 
[15:11:34.3867][2174][Info]: 5=====transform.position======== 
[15:11:34.4022][2175][Info]: 5=====transform.position======== 
[15:11:34.4210][2177][Info]: 5=====transform.position======== 
[15:11:34.4439][2180][Info]: 5=====transform.position======== 
[15:11:34.4669][2183][Info]: 5=====transform.position======== 
[15:11:34.4838][2185][Info]: 5=====transform.position======== 
[15:11:34.5058][2188][Info]: 5=====transform.position======== 
[15:11:34.5262][2190][Info]: 5=====transform.position======== 
[15:11:34.5424][2192][Info]: 5=====transform.position======== 
[15:11:34.5667][2194][Info]: 5=====transform.position======== 
[15:11:34.5827][2196][Info]: 5=====transform.position======== 
[15:11:34.6057][2199][Info]: 5=====transform.position======== 
[15:11:34.6217][2201][Info]: 5=====transform.position======== 
[15:11:34.6441][2204][Info]: 5=====transform.position======== 
[15:11:34.6670][2207][Info]: 5=====transform.position======== 
[15:11:34.6820][2209][Info]: 5=====transform.position======== 
[15:11:34.7099][2212][Info]: 5=====transform.position======== 
[15:11:34.7259][2213][Info]: 5=====transform.position======== 
[15:11:34.7429][2215][Info]: 5=====transform.position======== 
[15:11:34.7678][2218][Info]: 5=====transform.position======== 
[15:11:34.7838][2220][Info]: 5=====transform.position======== 
[15:11:34.8008][2222][Info]: 5=====transform.position======== 
[15:11:34.8237][2225][Info]: 5=====transform.position======== 
[15:11:34.8417][2227][Info]: 5=====transform.position======== 
[15:11:34.8624][2229][Info]: 5=====transform.position======== 
[15:11:34.8826][2231][Info]: 5=====transform.position======== 
[15:11:34.9064][2234][Info]: 5=====transform.position======== 
[15:11:34.9254][2236][Info]: 5=====transform.position======== 
[15:11:34.9430][2238][Info]: 5=====transform.position======== 
[15:11:34.9679][2241][Info]: 5=====transform.position======== 
[15:11:34.9839][2243][Info]: 5=====transform.position======== 
[15:11:35.0004][2245][Info]: 5=====transform.position======== 
[15:11:35.0238][2247][Info]: 5=====transform.position======== 
[15:11:35.0408][2249][Info]: 5=====transform.position======== 
[15:11:35.0668][2252][Info]: 5=====transform.position======== 
[15:11:35.0828][2254][Info]: 5=====transform.position======== 
[15:11:35.1068][2257][Info]: 5=====transform.position======== 
[15:11:35.1298][2259][Info]: 5=====transform.position======== 
[15:11:35.1458][2261][Info]: 5=====transform.position======== 
[15:11:35.1658][2263][Info]: 5=====transform.position======== 
[15:11:35.1858][2265][Info]: 5=====transform.position======== 
[15:11:35.2018][2267][Info]: 5=====transform.position======== 
[15:11:35.2244][2270][Info]: 5=====transform.position======== 
[15:11:35.2411][2272][Info]: 5=====transform.position======== 
[15:11:35.2627][2275][Info]: 5=====transform.position======== 
[15:11:35.2857][2278][Info]: 5=====transform.position======== 
[15:11:35.3010][2280][Info]: 5=====transform.position======== 
[15:11:35.3217][2282][Info]: 5=====transform.position======== 
[15:11:35.3447][2284][Info]: 5=====transform.position======== 
[15:11:35.3617][2286][Info]: 5=====transform.position======== 
[15:11:35.3857][2289][Info]: 5=====transform.position======== 
[15:11:35.4007][2291][Info]: 5=====transform.position======== 
[15:11:35.4250][2294][Info]: 5=====transform.position======== 
[15:11:35.4460][2297][Info]: 5=====transform.position======== 
[15:11:35.4614][2299][Info]: 5=====transform.position======== 
[15:11:35.4849][2301][Info]: 5=====transform.position======== 
[15:11:35.5009][2303][Info]: 5=====transform.position======== 
[15:11:35.5224][2306][Info]: 5=====transform.position======== 
[15:11:35.5423][2308][Info]: 5=====transform.position======== 
[15:11:35.5650][2311][Info]: 5=====transform.position======== 
[15:11:35.5808][2313][Info]: 5=====transform.position======== 
[15:11:35.6018][2316][Info]: 5=====transform.position======== 
[15:11:35.6228][2318][Info]: 5=====transform.position======== 
[15:11:35.6428][2320][Info]: 5=====transform.position======== 
[15:11:35.6658][2323][Info]: 5=====transform.position======== 
[15:11:35.6658][2325][Info]: 5=====transform.position======== 
[15:11:35.7019][2328][Info]: 5=====transform.position======== 
[15:11:35.7241][2331][Info]: 5=====transform.position======== 
[15:11:35.7441][2333][Info]: 5=====transform.position======== 
[15:11:35.7601][2335][Info]: 5=====transform.position======== 
[15:11:35.7794][2337][Info]: 5=====transform.position======== 
[15:11:35.8057][2340][Info]: 5=====transform.position======== 
[15:11:35.8207][2342][Info]: 5=====transform.position======== 
[15:11:35.8420][2345][Info]: 5=====transform.position======== 
[15:11:35.8642][2348][Info]: 5=====transform.position======== 
[15:11:35.8864][2351][Info]: 5=====transform.position======== 
[15:11:35.9024][2353][Info]: 5=====transform.position======== 
[15:11:35.9249][2356][Info]: 5=====transform.position======== 
[15:11:35.9418][2357][Info]: 5=====transform.position======== 
[15:11:35.9598][2359][Info]: 5=====transform.position======== 
[15:11:35.9817][2362][Info]: 5=====transform.position======== 
[15:11:36.0047][2365][Info]: 5=====transform.position======== 
[15:11:36.0257][2368][Info]: 5=====transform.position======== 
[15:11:36.0417][2370][Info]: 5=====transform.position======== 
[15:11:36.0650][2373][Info]: 5=====transform.position======== 
[15:11:36.0807][2375][Info]: 5=====transform.position======== 
[15:11:36.1037][2377][Info]: 5=====transform.position======== 
[15:11:36.1250][2380][Info]: 5=====transform.position======== 
[15:11:36.1449][2382][Info]: 5=====transform.position======== 
[15:11:36.1607][2384][Info]: 5=====transform.position======== 
[15:11:36.1829][2387][Info]: 5=====transform.position======== 
[15:11:36.2079][2390][Info]: 5=====transform.position======== 
[15:11:36.2239][2392][Info]: 3=====transform.position======== 
[15:11:36.2438][2394][Info]: 1=====transform.position======== 
[15:11:36.2628][2396][Info]: 0=====transform.position======== 
[15:11:36.7264][2459][Info]: 2=====transform.position======== 
[15:11:36.7424][2461][Info]: 4=====transform.position======== 
[15:11:36.7620][2463][Info]: 5=====transform.position======== 
[15:11:36.7850][2466][Info]: 5=====transform.position======== 
[15:11:36.8023][2468][Info]: 5=====transform.position======== 
[15:11:36.8242][2471][Info]: 5=====transform.position======== 
[15:11:36.8398][2473][Info]: 5=====transform.position======== 
[15:11:36.8598][2475][Info]: 5=====transform.position======== 
[15:11:36.8798][2477][Info]: 5=====transform.position======== 
[15:11:36.9019][2480][Info]: 5=====transform.position======== 
[15:11:36.9249][2483][Info]: 5=====transform.position======== 
[15:11:36.9399][2485][Info]: 5=====transform.position======== 
[15:11:36.9658][2488][Info]: 5=====transform.position======== 
[15:11:36.9818][2490][Info]: 5=====transform.position======== 
[15:11:37.0048][2493][Info]: 5=====transform.position======== 
[15:11:37.0277][2495][Info]: 5=====transform.position======== 
[15:11:37.0438][2497][Info]: 5=====transform.position======== 
[15:11:37.0648][2500][Info]: 5=====transform.position======== 
[15:11:37.0799][2502][Info]: 5=====transform.position======== 
[15:11:37.1029][2505][Info]: 5=====transform.position======== 
[15:11:37.1244][2508][Info]: 5=====transform.position======== 
[15:11:37.1400][2510][Info]: 5=====transform.position======== 
[15:11:37.1701][2513][Info]: 5=====transform.position======== 
[15:11:37.1830][2514][Info]: 5=====transform.position======== 
[15:11:37.2049][2517][Info]: 5=====transform.position======== 
[15:11:37.2209][2519][Info]: 5=====transform.position======== 
[15:11:37.2448][2522][Info]: 5=====transform.position======== 
[15:11:37.2628][2524][Info]: 5=====transform.position======== 
[15:11:37.2849][2527][Info]: 5=====transform.position======== 
[15:11:37.3031][2529][Info]: 5=====transform.position======== 
[15:11:37.3231][2531][Info]: 5=====transform.position======== 
[15:11:37.3430][2533][Info]: 5=====transform.position======== 
[15:11:37.3630][2535][Info]: 5=====transform.position======== 
[15:11:37.3874][2538][Info]: 5=====transform.position======== 
[15:11:37.4028][2540][Info]: 5=====transform.position======== 
[15:11:37.4327][2543][Info]: 5=====transform.position======== 
[15:11:37.4327][2544][Info]: 5=====transform.position======== 
[15:11:37.4817][2546][Info]: 5=====transform.position======== 
[15:11:37.4817][2546][Info]: 5=====transform.position======== 
[15:11:37.5078][2548][Info]: 5=====transform.position======== 
[15:11:37.5218][2550][Info]: 5=====transform.position======== 
[15:11:37.5458][2553][Info]: 5=====transform.position======== 
[15:11:37.5664][2555][Info]: 5=====transform.position======== 
[15:11:37.5824][2557][Info]: 5=====transform.position======== 
[15:11:37.6059][2560][Info]: 5=====transform.position======== 
[15:11:37.6222][2562][Info]: 5=====transform.position======== 
[15:11:37.6462][2564][Info]: 5=====transform.position======== 
[15:11:37.6632][2566][Info]: 5=====transform.position======== 
[15:11:37.6864][2569][Info]: 5=====transform.position======== 
[15:11:37.7018][2571][Info]: 5=====transform.position======== 
[15:11:37.7243][2574][Info]: 5=====transform.position======== 
[15:11:37.7480][2577][Info]: 5=====transform.position======== 
[15:11:37.7660][2579][Info]: 5=====transform.position======== 
[15:11:37.7870][2581][Info]: 5=====transform.position======== 
[15:11:37.8010][2582][Info]: 5=====transform.position======== 
[15:11:37.8239][2585][Info]: 5=====transform.position======== 
[15:11:37.8459][2588][Info]: 5=====transform.position======== 
[15:11:37.8621][2590][Info]: 5=====transform.position======== 
[15:11:37.8847][2593][Info]: 5=====transform.position======== 
[15:11:37.9017][2595][Info]: 5=====transform.position======== 
[15:11:37.9247][2598][Info]: 5=====transform.position======== 
[15:11:37.9440][2600][Info]: 5=====transform.position======== 
[15:11:37.9690][2602][Info]: 5=====transform.position======== 
[15:11:37.9848][2604][Info]: 5=====transform.position======== 
[15:11:38.0008][2606][Info]: 5=====transform.position======== 
[15:11:38.0241][2609][Info]: 5=====transform.position======== 
[15:11:38.0401][2611][Info]: 5=====transform.position======== 
[15:11:38.0643][2614][Info]: 5=====transform.position======== 
[15:11:38.0809][2616][Info]: 5=====transform.position======== 
[15:11:38.1009][2618][Info]: 5=====transform.position======== 
[15:11:38.1227][2620][Info]: 5=====transform.position======== 
[15:11:38.1440][2623][Info]: 5=====transform.position======== 
[15:11:38.1600][2625][Info]: 5=====transform.position======== 
[15:11:38.1878][2628][Info]: 5=====transform.position======== 
[15:11:38.2040][2630][Info]: 5=====transform.position======== 
[15:11:38.2210][2632][Info]: 5=====transform.position======== 
[15:11:38.2439][2635][Info]: 5=====transform.position======== 
[15:11:38.2679][2637][Info]: 5=====transform.position======== 
[15:11:38.2844][2639][Info]: 5=====transform.position======== 
[15:11:38.3087][2642][Info]: 5=====transform.position======== 
[15:11:38.3287][2644][Info]: 5=====transform.position======== 
[15:11:38.3417][2645][Info]: 5=====transform.position======== 
[15:11:38.3640][2648][Info]: 5=====transform.position======== 
[15:11:38.3827][2650][Info]: 5=====transform.position======== 
[15:11:38.4110][2653][Info]: 5=====transform.position======== 
[15:11:38.4240][2654][Info]: 5=====transform.position======== 
[15:11:38.4470][2657][Info]: 5=====transform.position======== 
[15:11:38.4630][2659][Info]: 5=====transform.position======== 
[15:11:38.4814][2661][Info]: 5=====transform.position======== 
[15:11:38.5031][2664][Info]: 5=====transform.position======== 
[15:11:38.5200][2666][Info]: 5=====transform.position======== 
[15:11:38.5424][2669][Info]: 5=====transform.position======== 
[15:11:38.5624][2671][Info]: 5=====transform.position======== 
[15:11:38.5873][2673][Info]: 5=====transform.position======== 
[15:11:38.6027][2675][Info]: 5=====transform.position======== 
[15:11:38.6262][2678][Info]: 5=====transform.position======== 
[15:11:38.6434][2680][Info]: 5=====transform.position======== 
[15:11:38.6650][2683][Info]: 5=====transform.position======== 
[15:11:38.6809][2685][Info]: 5=====transform.position======== 
[15:11:38.7042][2688][Info]: 5=====transform.position======== 
[15:11:38.7288][2690][Info]: 5=====transform.position======== 
[15:11:38.7288][2692][Info]: 5=====transform.position======== 
[15:11:38.7668][2695][Info]: 5=====transform.position======== 
[15:11:38.7828][2697][Info]: 5=====transform.position======== 
[15:11:38.8018][2699][Info]: 5=====transform.position======== 
[15:11:38.8198][2701][Info]: 5=====transform.position======== 
[15:11:38.8430][2704][Info]: 5=====transform.position======== 
[15:11:38.8720][2707][Info]: 5=====transform.position======== 
[15:11:38.8720][2708][Info]: 5=====transform.position======== 
[15:11:38.8997][2710][Info]: 5=====transform.position======== 
[15:11:38.9227][2713][Info]: 5=====transform.position======== 
[15:11:38.9457][2716][Info]: 5=====transform.position======== 
[15:11:38.9597][2718][Info]: 5=====transform.position======== 
[15:11:38.9847][2721][Info]: 5=====transform.position======== 
[15:11:39.0037][2723][Info]: 5=====transform.position======== 
[15:11:39.0247][2725][Info]: 5=====transform.position======== 
[15:11:39.0457][2727][Info]: 5=====transform.position======== 
[15:11:39.0607][2729][Info]: 5=====transform.position======== 
[15:11:39.0844][2732][Info]: 5=====transform.position======== 
[15:11:39.1000][2734][Info]: 5=====transform.position======== 
[15:11:39.1240][2737][Info]: 5=====transform.position======== 
[15:11:39.1407][2739][Info]: 5=====transform.position======== 
[15:11:39.1621][2742][Info]: 5=====transform.position======== 
[15:11:39.1824][2744][Info]: 5=====transform.position======== 
[15:11:39.2061][2746][Info]: 5=====transform.position======== 
[15:11:39.2221][2748][Info]: 5=====transform.position======== 
[15:11:39.2457][2751][Info]: 5=====transform.position======== 
[15:11:39.2607][2753][Info]: 5=====transform.position======== 
[15:11:39.2843][2756][Info]: 5=====transform.position======== 
[15:11:39.3018][2758][Info]: 5=====transform.position======== 
[15:11:39.3239][2761][Info]: 5=====transform.position======== 
[15:11:39.3487][2763][Info]: 5=====transform.position======== 
[15:11:39.3643][2765][Info]: 5=====transform.position======== 
[15:11:39.3810][2767][Info]: 5=====transform.position======== 
[15:11:39.4068][2770][Info]: 5=====transform.position======== 
[15:11:39.4228][2772][Info]: 5=====transform.position======== 
[15:11:39.4458][2775][Info]: 5=====transform.position======== 
[15:11:39.4608][2777][Info]: 5=====transform.position======== 
[15:11:39.4898][2780][Info]: 5=====transform.position======== 
[15:11:39.5028][2781][Info]: 5=====transform.position======== 
[15:11:39.5242][2784][Info]: 5=====transform.position======== 
[15:11:39.5417][2786][Info]: 5=====transform.position======== 
[15:11:39.5630][2789][Info]: 5=====transform.position======== 
[15:11:39.5810][2791][Info]: 5=====transform.position======== 
[15:11:39.6056][2794][Info]: 5=====transform.position======== 
[15:11:39.6240][2796][Info]: 5=====transform.position======== 
[15:11:39.6450][2798][Info]: 5=====transform.position======== 
[15:11:39.6640][2800][Info]: 5=====transform.position======== 
[15:11:39.6810][2802][Info]: 5=====transform.position======== 
[15:11:39.7050][2805][Info]: 5=====transform.position======== 
[15:11:39.7207][2807][Info]: 5=====transform.position======== 
[15:11:39.7458][2810][Info]: 5=====transform.position======== 
[15:11:39.7622][2812][Info]: 5=====transform.position======== 
[15:11:39.7793][2814][Info]: 5=====transform.position======== 
[15:11:39.8004][2816][Info]: 3=====transform.position======== 
[15:11:39.8238][2818][Info]: 1=====transform.position======== 
[15:11:39.8408][2820][Info]: 0=====transform.position======== 
[15:11:42.7019][3180][Info]: 2=====transform.position======== 
[15:11:42.7238][3183][Info]: 4=====transform.position======== 
[15:11:42.7398][3185][Info]: 5=====transform.position======== 
[15:11:42.7618][3188][Info]: 5=====transform.position======== 
[15:11:42.7841][3191][Info]: 5=====transform.position======== 
[15:11:42.8003][3193][Info]: 5=====transform.position======== 
[15:11:42.8219][3196][Info]: 5=====transform.position======== 
[15:11:42.8494][3198][Info]: 5=====transform.position======== 
[15:11:42.8624][3199][Info]: 5=====transform.position======== 
[15:11:42.8919][3200][Info]: 5=====transform.position======== 
[15:11:42.9049][3201][Info]: 5=====transform.position======== 
[15:11:42.9239][3203][Info]: 5=====transform.position======== 
[15:11:42.9399][3205][Info]: 5=====transform.position======== 
[15:11:42.9619][3208][Info]: 5=====transform.position======== 
[15:11:42.9843][3211][Info]: 5=====transform.position======== 
[15:11:43.0060][3214][Info]: 5=====transform.position======== 
[15:11:43.0210][3216][Info]: 5=====transform.position======== 
[15:11:43.0417][3218][Info]: 5=====transform.position======== 
[15:11:43.0622][3220][Info]: 5=====transform.position======== 
[15:11:43.0819][3222][Info]: 5=====transform.position======== 
[15:11:43.1038][3225][Info]: 5=====transform.position======== 
[15:11:43.1258][3228][Info]: 5=====transform.position======== 
[15:11:43.1418][3230][Info]: 5=====transform.position======== 
[15:11:43.1632][3233][Info]: 5=====transform.position======== 
[15:11:43.1861][3236][Info]: 5=====transform.position======== 
[15:11:43.2109][3238][Info]: 5=====transform.position======== 
[15:11:43.2259][3240][Info]: 5=====transform.position======== 
[15:11:43.2430][3242][Info]: 5=====transform.position======== 
[15:11:43.2667][3245][Info]: 5=====transform.position======== 
[15:11:43.2857][3247][Info]: 5=====transform.position======== 
[15:11:43.3037][3249][Info]: 5=====transform.position======== 
[15:11:43.3272][3252][Info]: 5=====transform.position======== 
[15:11:43.3434][3254][Info]: 5=====transform.position======== 
[15:11:43.3680][3256][Info]: 5=====transform.position======== 
[15:11:43.3838][3258][Info]: 5=====transform.position======== 
[15:11:43.4008][3260][Info]: 5=====transform.position======== 
[15:11:43.4240][3263][Info]: 5=====transform.position======== 
[15:11:43.4400][3265][Info]: 5=====transform.position======== 
[15:11:43.4630][3268][Info]: 5=====transform.position======== 
[15:11:43.4820][3270][Info]: 5=====transform.position======== 
[15:11:43.5109][3273][Info]: 5=====transform.position======== 
[15:11:43.5109][3274][Info]: 5=====transform.position======== 
[15:11:43.5400][3276][Info]: 5=====transform.position======== 
[15:11:43.5648][3279][Info]: 5=====transform.position======== 
[15:11:43.5861][3282][Info]: 5=====transform.position======== 
[15:11:43.6029][3284][Info]: 5=====transform.position======== 
[15:11:43.6279][3287][Info]: 5=====transform.position======== 
[15:11:43.6438][3289][Info]: 5=====transform.position======== 
[15:11:43.6638][3291][Info]: 5=====transform.position======== 
[15:11:43.6858][3293][Info]: 5=====transform.position======== 
[15:11:43.7018][3295][Info]: 5=====transform.position======== 
[15:11:43.7258][3298][Info]: 5=====transform.position======== 
[15:11:43.7417][3300][Info]: 5=====transform.position======== 
[15:11:43.7648][3303][Info]: 5=====transform.position======== 
[15:11:43.7798][3305][Info]: 5=====transform.position======== 
[15:11:43.8038][3308][Info]: 5=====transform.position======== 
[15:11:43.8278][3310][Info]: 5=====transform.position======== 
[15:11:43.8439][3312][Info]: 5=====transform.position======== 
[15:11:43.8604][3314][Info]: 5=====transform.position======== 
[15:11:43.8824][3317][Info]: 5=====transform.position======== 
[15:11:43.9018][3319][Info]: 5=====transform.position======== 
[15:11:43.9258][3322][Info]: 5=====transform.position======== 
[15:11:43.9418][3324][Info]: 5=====transform.position======== 
[15:11:43.9698][3327][Info]: 5=====transform.position======== 
[15:11:43.9818][3328][Info]: 5=====transform.position======== 
[15:11:44.0057][3331][Info]: 5=====transform.position======== 
[15:11:44.0227][3333][Info]: 5=====transform.position======== 
[15:11:44.0458][3336][Info]: 5=====transform.position======== 
[15:11:44.0618][3338][Info]: 5=====transform.position======== 
[15:11:44.0858][3341][Info]: 5=====transform.position======== 
[15:11:44.1048][3343][Info]: 5=====transform.position======== 
[15:11:44.1251][3345][Info]: 5=====transform.position======== 
[15:11:44.1444][3347][Info]: 5=====transform.position======== 
[15:11:44.1604][3349][Info]: 5=====transform.position======== 
[15:11:44.1840][3352][Info]: 5=====transform.position======== 
[15:11:44.2000][3354][Info]: 5=====transform.position======== 
[15:11:44.2230][3357][Info]: 5=====transform.position======== 
[15:11:44.2463][3360][Info]: 5=====transform.position======== 
[15:11:44.2616][3362][Info]: 5=====transform.position======== 
[15:11:44.2812][3364][Info]: 5=====transform.position======== 
[15:11:44.3067][3366][Info]: 5=====transform.position======== 
[15:11:44.3227][3368][Info]: 5=====transform.position======== 
[15:11:44.3444][3371][Info]: 5=====transform.position======== 
[15:11:44.3610][3373][Info]: 5=====transform.position======== 
[15:11:44.3849][3376][Info]: 5=====transform.position======== 
[15:11:44.4019][3378][Info]: 5=====transform.position======== 
[15:11:44.4259][3381][Info]: 5=====transform.position======== 
[15:11:44.4511][3383][Info]: 5=====transform.position======== 
[15:11:44.4657][3385][Info]: 5=====transform.position======== 
[15:11:44.4832][3387][Info]: 5=====transform.position======== 
[15:11:44.5101][3390][Info]: 5=====transform.position======== 
[15:11:44.5257][3392][Info]: 5=====transform.position======== 
[15:11:44.5430][3394][Info]: 5=====transform.position======== 
[15:11:44.5649][3397][Info]: 5=====transform.position======== 
[15:11:44.5809][3399][Info]: 5=====transform.position======== 
[15:11:44.6048][3401][Info]: 5=====transform.position======== 
[15:11:44.6218][3403][Info]: 5=====transform.position======== 
[15:11:44.6439][3406][Info]: 5=====transform.position======== 
[15:11:44.6612][3408][Info]: 5=====transform.position======== 
[15:11:44.6841][3411][Info]: 5=====transform.position======== 
[15:11:44.7098][3414][Info]: 5=====transform.position======== 
[15:11:44.7198][3415][Info]: 5=====transform.position======== 
[15:11:44.7478][3418][Info]: 5=====transform.position======== 
[15:11:44.7608][3419][Info]: 5=====transform.position======== 
[15:11:44.7843][3422][Info]: 5=====transform.position======== 
[15:11:44.8068][3425][Info]: 5=====transform.position======== 
[15:11:44.8228][3427][Info]: 5=====transform.position======== 
[15:11:44.8409][3429][Info]: 5=====transform.position======== 
[15:11:44.8624][3432][Info]: 5=====transform.position======== 
[15:11:44.8868][3435][Info]: 5=====transform.position======== 
[15:11:44.9108][3437][Info]: 5=====transform.position======== 
[15:11:44.9237][3438][Info]: 5=====transform.position======== 
[15:11:44.9457][3441][Info]: 5=====transform.position======== 
[15:11:44.9627][3443][Info]: 5=====transform.position======== 
[15:11:44.9867][3446][Info]: 5=====transform.position======== 
[15:11:45.0027][3448][Info]: 5=====transform.position======== 
[15:11:45.0257][3451][Info]: 5=====transform.position======== 
[15:11:45.0411][3453][Info]: 5=====transform.position======== 
[15:11:45.0661][3455][Info]: 5=====transform.position======== 
[15:11:45.0838][3457][Info]: 5=====transform.position======== 
[15:11:45.1080][3460][Info]: 5=====transform.position======== 
[15:11:45.1270][3462][Info]: 5=====transform.position======== 
[15:11:45.1441][3464][Info]: 5=====transform.position======== 
[15:11:45.1607][3466][Info]: 5=====transform.position======== 
[15:11:45.1847][3469][Info]: 5=====transform.position======== 
[15:11:45.2060][3471][Info]: 5=====transform.position======== 
[15:11:45.2250][3473][Info]: 5=====transform.position======== 
[15:11:45.2420][3475][Info]: 5=====transform.position======== 
[15:11:45.2653][3478][Info]: 5=====transform.position======== 
[15:11:45.2810][3480][Info]: 5=====transform.position======== 
[15:11:45.3030][3483][Info]: 5=====transform.position======== 
[15:11:45.3200][3485][Info]: 5=====transform.position======== 
[15:11:45.3466][3488][Info]: 5=====transform.position======== 
[15:11:45.3593][3489][Info]: 5=====transform.position======== 
[15:11:45.3801][3491][Info]: 5=====transform.position======== 
[15:11:45.4018][3494][Info]: 5=====transform.position======== 
[15:11:45.4258][3497][Info]: 5=====transform.position======== 
[15:11:45.4421][3499][Info]: 5=====transform.position======== 
[15:11:45.4650][3502][Info]: 5=====transform.position======== 
[15:11:45.4817][3504][Info]: 5=====transform.position======== 
[15:11:45.5100][3507][Info]: 5=====transform.position======== 
[15:11:45.5100][3508][Info]: 5=====transform.position======== 
[15:11:45.5427][3510][Info]: 5=====transform.position======== 
[15:11:45.5647][3513][Info]: 5=====transform.position======== 
[15:11:45.5817][3515][Info]: 5=====transform.position======== 
[15:11:45.6041][3518][Info]: 5=====transform.position======== 
[15:11:45.6211][3520][Info]: 5=====transform.position======== 
[15:11:45.6452][3523][Info]: 5=====transform.position======== 
[15:11:45.6658][3525][Info]: 5=====transform.position======== 
[15:11:45.6858][3527][Info]: 5=====transform.position======== 
[15:11:45.7030][3529][Info]: 5=====transform.position======== 
[15:11:45.7244][3532][Info]: 5=====transform.position======== 
[15:11:45.7452][3534][Info]: 5=====transform.position======== 
[15:11:45.7604][3536][Info]: 5=====transform.position======== 
[15:11:45.7839][3539][Info]: 5=====transform.position======== 
[15:11:45.8009][3541][Info]: 5=====transform.position======== 
[15:11:45.8208][3543][Info]: 5=====transform.position======== 
[15:11:45.8413][3545][Info]: 5=====transform.position======== 
[15:11:45.8629][3548][Info]: 5=====transform.position======== 
[15:11:45.8799][3550][Info]: 5=====transform.position======== 
[15:11:45.9023][3553][Info]: 5=====transform.position======== 
[15:11:45.9194][3555][Info]: 5=====transform.position======== 
[15:11:45.9398][3557][Info]: 5=====transform.position======== 
[15:11:45.9618][3560][Info]: 5=====transform.position======== 
[15:11:45.9867][3562][Info]: 5=====transform.position======== 
[15:11:46.0037][3564][Info]: 5=====transform.position======== 
[15:11:46.0252][3567][Info]: 5=====transform.position======== 
[15:11:46.0424][3569][Info]: 5=====transform.position======== 
[15:11:46.0662][3572][Info]: 5=====transform.position======== 
[15:11:46.0814][3574][Info]: 5=====transform.position======== 
[15:11:46.1049][3577][Info]: 5=====transform.position======== 
[15:11:46.1259][3579][Info]: 5=====transform.position======== 
[15:11:46.1478][3581][Info]: 5=====transform.position======== 
[15:11:46.1639][3583][Info]: 5=====transform.position======== 
[15:11:46.1798][3585][Info]: 5=====transform.position======== 
[15:11:46.2039][3588][Info]: 5=====transform.position======== 
[15:11:46.2260][3591][Info]: 5=====transform.position======== 
[15:11:46.2423][3593][Info]: 5=====transform.position======== 
[15:11:46.2663][3596][Info]: 5=====transform.position======== 
[15:11:46.2891][3598][Info]: 5=====transform.position======== 
[15:11:46.3051][3600][Info]: 5=====transform.position======== 
[15:11:46.3201][3602][Info]: 5=====transform.position======== 
[15:11:46.3433][3605][Info]: 5=====transform.position======== 
[15:11:46.3625][3607][Info]: 5=====transform.position======== 
[15:11:46.3847][3610][Info]: 5=====transform.position======== 
[15:11:46.4007][3612][Info]: 5=====transform.position======== 
[15:11:46.4302][3615][Info]: 5=====transform.position======== 
[15:11:46.4431][3616][Info]: 5=====transform.position======== 
[15:11:46.4667][3619][Info]: 5=====transform.position======== 
[15:11:46.4837][3621][Info]: 5=====transform.position======== 
[15:11:46.5007][3623][Info]: 5=====transform.position======== 
[15:11:46.5227][3626][Info]: 5=====transform.position======== 
[15:11:46.5471][3629][Info]: 5=====transform.position======== 
[15:11:46.5611][3630][Info]: 5=====transform.position======== 
[15:11:46.5814][3632][Info]: 5=====transform.position======== 
[15:11:46.6029][3634][Info]: 5=====transform.position======== 
[15:11:46.6264][3637][Info]: 5=====transform.position======== 
[15:11:46.6413][3639][Info]: 5=====transform.position======== 
[15:11:46.6649][3642][Info]: 5=====transform.position======== 
[15:11:46.6799][3644][Info]: 5=====transform.position======== 
[15:11:46.7038][3647][Info]: 5=====transform.position======== 
[15:11:46.7207][3649][Info]: 5=====transform.position======== 
[15:11:46.7450][3651][Info]: 5=====transform.position======== 
[15:11:46.7658][3653][Info]: 5=====transform.position======== 
[15:11:46.7828][3655][Info]: 5=====transform.position======== 
[15:11:46.7992][3657][Info]: 5=====transform.position======== 
[15:11:46.8228][3660][Info]: 5=====transform.position======== 
[15:11:46.8399][3662][Info]: 5=====transform.position======== 
[15:11:46.8639][3665][Info]: 5=====transform.position======== 
[15:11:46.8839][3667][Info]: 5=====transform.position======== 
[15:11:46.9059][3669][Info]: 5=====transform.position======== 
[15:11:46.9237][3671][Info]: 5=====transform.position======== 
[15:11:46.9459][3674][Info]: 5=====transform.position======== 
[15:11:46.9664][3676][Info]: 5=====transform.position======== 
[15:11:46.9834][3678][Info]: 5=====transform.position======== 
[15:11:46.9999][3680][Info]: 5=====transform.position======== 
[15:11:47.0229][3683][Info]: 5=====transform.position======== 
[15:11:47.0449][3685][Info]: 5=====transform.position======== 
[15:11:47.0651][3687][Info]: 5=====transform.position======== 
[15:11:47.0808][3689][Info]: 5=====transform.position======== 
[15:11:47.1048][3692][Info]: 5=====transform.position======== 
[15:11:47.1198][3694][Info]: 5=====transform.position======== 
[15:11:47.1443][3697][Info]: 5=====transform.position======== 
[15:11:47.1604][3699][Info]: 5=====transform.position======== 
[15:11:47.1877][3702][Info]: 5=====transform.position======== 
[15:11:47.2007][3703][Info]: 5=====transform.position======== 
[15:11:47.2207][3705][Info]: 5=====transform.position======== 
[15:11:47.2433][3708][Info]: 5=====transform.position======== 
[15:11:47.2668][3711][Info]: 5=====transform.position======== 
[15:11:47.2818][3713][Info]: 5=====transform.position======== 
[15:11:47.3047][3716][Info]: 5=====transform.position======== 
[15:11:47.3282][3719][Info]: 5=====transform.position======== 
[15:11:47.3441][3721][Info]: 5=====transform.position======== 
[15:11:47.3764][3723][Info]: 5=====transform.position======== 
[15:11:47.3934][3724][Info]: 5=====transform.position======== 
[15:11:47.4079][3725][Info]: 5=====transform.position======== 
[15:11:47.4304][3726][Info]: 5=====transform.position======== 
[15:11:47.4409][3727][Info]: 5=====transform.position======== 
[15:11:47.4649][3730][Info]: 5=====transform.position======== 
[15:11:47.4817][3732][Info]: 5=====transform.position======== 
[15:11:47.5078][3735][Info]: 5=====transform.position======== 
[15:11:47.5218][3736][Info]: 5=====transform.position======== 
[15:11:47.5459][3739][Info]: 5=====transform.position======== 
[15:11:47.5639][3741][Info]: 5=====transform.position======== 
[15:11:47.5839][3743][Info]: 5=====transform.position======== 
[15:11:47.6009][3745][Info]: 5=====transform.position======== 
[15:11:47.6238][3748][Info]: 5=====transform.position======== 
[15:11:47.6458][3751][Info]: 5=====transform.position======== 
[15:11:47.6668][3753][Info]: 5=====transform.position======== 
[15:11:47.6882][3755][Info]: 5=====transform.position======== 
[15:11:47.7031][3757][Info]: 5=====transform.position======== 
[15:11:47.7254][3760][Info]: 5=====transform.position======== 
[15:11:47.7419][3762][Info]: 5=====transform.position======== 
[15:11:47.7657][3765][Info]: 5=====transform.position======== 
[15:11:47.7857][3767][Info]: 5=====transform.position======== 
[15:11:47.8007][3769][Info]: 5=====transform.position======== 
[15:11:47.8231][3771][Info]: 5=====transform.position======== 
[15:11:47.8434][3773][Info]: 5=====transform.position======== 
[15:11:47.8648][3776][Info]: 5=====transform.position======== 
[15:11:47.8803][3778][Info]: 5=====transform.position======== 
[15:11:47.9041][3781][Info]: 5=====transform.position======== 
[15:11:47.9201][3783][Info]: 5=====transform.position======== 
[15:11:47.9431][3786][Info]: 5=====transform.position======== 
[15:11:47.9665][3789][Info]: 5=====transform.position======== 
[15:11:47.9803][3790][Info]: 5=====transform.position======== 
[15:11:48.0038][3792][Info]: 5=====transform.position======== 
[15:11:48.0197][3794][Info]: 5=====transform.position======== 
[15:11:48.0451][3797][Info]: 5=====transform.position======== 
[15:11:48.0610][3799][Info]: 5=====transform.position======== 
[15:11:48.0838][3802][Info]: 5=====transform.position======== 
[15:11:48.1078][3805][Info]: 5=====transform.position======== 
[15:11:48.1283][3807][Info]: 5=====transform.position======== 
[15:11:48.1403][3808][Info]: 5=====transform.position======== 
[15:11:48.1638][3811][Info]: 5=====transform.position======== 
[15:11:48.1868][3814][Info]: 5=====transform.position======== 
[15:11:48.2058][3816][Info]: 5=====transform.position======== 
[15:11:48.2218][3818][Info]: 5=====transform.position======== 
[15:11:48.2460][3821][Info]: 5=====transform.position======== 
[15:11:48.2620][3823][Info]: 5=====transform.position======== 
[15:11:48.2830][3825][Info]: 5=====transform.position======== 
[15:11:48.3020][3827][Info]: 5=====transform.position======== 
[15:11:48.3249][3830][Info]: 5=====transform.position======== 
[15:11:48.3420][3832][Info]: 5=====transform.position======== 
[15:11:48.3639][3835][Info]: 5=====transform.position======== 
[15:11:48.3809][3837][Info]: 5=====transform.position======== 
[15:11:48.4071][3840][Info]: 5=====transform.position======== 
[15:11:48.4231][3842][Info]: 5=====transform.position======== 
[15:11:48.4479][3844][Info]: 5=====transform.position======== 
[15:11:48.4649][3846][Info]: 5=====transform.position======== 
[15:11:48.4818][3848][Info]: 5=====transform.position======== 
[15:11:48.5050][3851][Info]: 5=====transform.position======== 
[15:11:48.5210][3853][Info]: 5=====transform.position======== 
[15:11:48.5451][3856][Info]: 5=====transform.position======== 
[15:11:48.5601][3858][Info]: 5=====transform.position======== 
[15:11:48.5892][3861][Info]: 5=====transform.position======== 
[15:11:48.5892][3862][Info]: 5=====transform.position======== 
[15:11:48.6199][3864][Info]: 5=====transform.position======== 
[15:11:48.6440][3867][Info]: 5=====transform.position======== 
[15:11:48.6677][3870][Info]: 5=====transform.position======== 
[15:11:48.6829][3872][Info]: 5=====transform.position======== 
[15:11:48.7054][3875][Info]: 5=====transform.position======== 
[15:11:48.7219][3877][Info]: 5=====transform.position======== 
[15:11:48.7414][3879][Info]: 5=====transform.position======== 
[15:11:48.7608][3881][Info]: 5=====transform.position======== 
[15:11:48.7848][3884][Info]: 5=====transform.position======== 
[15:11:48.7998][3886][Info]: 5=====transform.position======== 
[15:11:48.8208][3888][Info]: 5=====transform.position======== 
[15:11:48.8440][3891][Info]: 5=====transform.position======== 
[15:11:48.8599][3893][Info]: 5=====transform.position======== 
[15:11:48.8829][3896][Info]: 5=====transform.position======== 
[15:11:48.9084][3898][Info]: 5=====transform.position======== 
[15:11:48.9229][3900][Info]: 5=====transform.position======== 
[15:11:48.9398][3902][Info]: 5=====transform.position======== 
[15:11:48.9628][3905][Info]: 5=====transform.position======== 
[15:11:48.9849][3908][Info]: 5=====transform.position======== 
[15:11:49.0019][3910][Info]: 5=====transform.position======== 
[15:11:49.0204][3912][Info]: 5=====transform.position======== 
[15:11:49.0485][3915][Info]: 5=====transform.position======== 
[15:11:49.0615][3916][Info]: 5=====transform.position======== 
[15:11:49.0842][3919][Info]: 5=====transform.position======== 
[15:11:49.1000][3921][Info]: 5=====transform.position======== 
[15:11:49.1237][3924][Info]: 5=====transform.position======== 
[15:11:49.1397][3926][Info]: 5=====transform.position======== 
[15:11:49.1617][3929][Info]: 5=====transform.position======== 
[15:11:49.1844][3932][Info]: 5=====transform.position======== 
[15:11:49.2059][3934][Info]: 5=====transform.position======== 
[15:11:49.2319][3936][Info]: 5=====transform.position======== 
[15:11:49.2319][3937][Info]: 5=====transform.position======== 
[15:11:49.2640][3940][Info]: 5=====transform.position======== 
[15:11:49.2857][3943][Info]: 5=====transform.position======== 
[15:11:49.3017][3945][Info]: 5=====transform.position======== 
[15:11:49.3250][3948][Info]: 5=====transform.position======== 
[15:11:49.3408][3950][Info]: 5=====transform.position======== 
[15:11:49.3608][3952][Info]: 5=====transform.position======== 
[15:11:49.3813][3954][Info]: 5=====transform.position======== 
[15:11:49.4039][3957][Info]: 5=====transform.position======== 
[15:11:49.4199][3959][Info]: 5=====transform.position======== 
[15:11:49.4399][3961][Info]: 3=====transform.position======== 
[15:11:49.4619][3964][Info]: 1=====transform.position======== 
[15:11:49.4858][3967][Info]: 0=====transform.position======== 
[15:11:49.9057][4025][Info]: 2=====transform.position======== 
[15:11:49.9217][4027][Info]: 4=====transform.position======== 
[15:11:49.9444][4030][Info]: 5=====transform.position======== 
[15:11:49.9602][4032][Info]: 5=====transform.position======== 
[15:11:49.9843][4034][Info]: 5=====transform.position======== 
[15:11:50.0060][4037][Info]: 5=====transform.position======== 
[15:11:50.0231][4039][Info]: 5=====transform.position======== 
[15:11:50.0487][4042][Info]: 5=====transform.position======== 
[15:11:50.0647][4044][Info]: 5=====transform.position======== 
[15:11:50.0817][4046][Info]: 5=====transform.position======== 
[15:11:50.1040][4049][Info]: 5=====transform.position======== 
[15:11:50.1240][4051][Info]: 5=====transform.position======== 
[15:11:50.1426][4053][Info]: 5=====transform.position======== 
[15:11:50.1655][4056][Info]: 5=====transform.position======== 
[15:11:50.1655][4058][Info]: 5=====transform.position======== 
[15:11:50.2050][4061][Info]: 5=====transform.position======== 
[15:11:50.2200][4063][Info]: 5=====transform.position======== 
[15:11:50.2423][4066][Info]: 5=====transform.position======== 
[15:11:50.2616][4068][Info]: 5=====transform.position======== 
[15:11:50.2822][4070][Info]: 5=====transform.position======== 
[15:11:50.3019][4072][Info]: 5=====transform.position======== 
[15:11:50.3245][4075][Info]: 5=====transform.position======== 
[15:11:50.3403][4077][Info]: 5=====transform.position======== 
[15:11:50.3623][4080][Info]: 5=====transform.position======== 
[15:11:50.3859][4083][Info]: 5=====transform.position======== 
[15:11:50.4001][4085][Info]: 5=====transform.position======== 
[15:11:50.4239][4088][Info]: 5=====transform.position======== 
[15:11:50.4471][4090][Info]: 5=====transform.position======== 
[15:11:50.4471][4091][Info]: 5=====transform.position======== 
[15:11:50.4849][4094][Info]: 5=====transform.position======== 
[15:11:50.5039][4096][Info]: 5=====transform.position======== 
[15:11:50.5253][4099][Info]: 5=====transform.position======== 
[15:11:50.5428][4101][Info]: 5=====transform.position======== 
[15:11:50.5642][4104][Info]: 5=====transform.position======== 
[15:11:50.5847][4106][Info]: 5=====transform.position======== 
[15:11:50.6057][4108][Info]: 5=====transform.position======== 
[15:11:50.6207][4110][Info]: 5=====transform.position======== 
[15:11:50.6445][4113][Info]: 5=====transform.position======== 
[15:11:50.6660][4115][Info]: 5=====transform.position======== 
[15:11:50.6820][4117][Info]: 5=====transform.position======== 
[15:11:50.7060][4120][Info]: 5=====transform.position======== 
[15:11:50.7212][4122][Info]: 5=====transform.position======== 
[15:11:50.7423][4124][Info]: 5=====transform.position======== 
[15:11:50.7624][4126][Info]: 5=====transform.position======== 
[15:11:50.7842][4129][Info]: 5=====transform.position======== 
[15:11:50.7998][4131][Info]: 5=====transform.position======== 
[15:11:50.8239][4134][Info]: 5=====transform.position======== 
[15:11:50.8414][4136][Info]: 5=====transform.position======== 
[15:11:50.8671][4139][Info]: 5=====transform.position======== 
[15:11:50.8840][4141][Info]: 5=====transform.position======== 
[15:11:50.9080][4143][Info]: 5=====transform.position======== 
[15:11:50.9238][4145][Info]: 5=====transform.position======== 
[15:11:50.9409][4147][Info]: 5=====transform.position======== 
[15:11:50.9641][4150][Info]: 5=====transform.position======== 
[15:11:50.9811][4152][Info]: 5=====transform.position======== 
[15:11:51.0047][4155][Info]: 5=====transform.position======== 
[15:11:51.0209][4157][Info]: 5=====transform.position======== 
[15:11:51.0488][4160][Info]: 5=====transform.position======== 
[15:11:51.0628][4161][Info]: 5=====transform.position======== 
[15:11:51.0827][4163][Info]: 5=====transform.position======== 
[15:11:51.1072][4166][Info]: 5=====transform.position======== 
[15:11:51.1419][4167][Info]: 5=====transform.position======== 
[15:11:51.1419][4167][Info]: 5=====transform.position======== 
[15:11:51.1657][4170][Info]: 5=====transform.position======== 
[15:11:51.1827][4172][Info]: 5=====transform.position======== 
[15:11:51.2037][4174][Info]: 5=====transform.position======== 
[15:11:51.2228][4176][Info]: 5=====transform.position======== 
[15:11:51.2404][4178][Info]: 5=====transform.position======== 
[15:11:51.2648][4181][Info]: 5=====transform.position======== 
[15:11:51.2848][4183][Info]: 5=====transform.position======== 
[15:11:51.3017][4185][Info]: 5=====transform.position======== 
[15:11:51.3248][4188][Info]: 5=====transform.position======== 
[15:11:51.3418][4190][Info]: 5=====transform.position======== 
[15:11:51.3659][4192][Info]: 5=====transform.position======== 
[15:11:51.3819][4194][Info]: 5=====transform.position======== 
[15:11:51.4068][4197][Info]: 5=====transform.position======== 
[15:11:51.4218][4199][Info]: 5=====transform.position======== 
[15:11:51.4462][4202][Info]: 5=====transform.position======== 
[15:11:51.4622][4204][Info]: 5=====transform.position======== 
[15:11:51.4829][4206][Info]: 5=====transform.position======== 
[15:11:51.4999][4208][Info]: 5=====transform.position======== 
[15:11:51.5229][4210][Info]: 5=====transform.position======== 
[15:11:51.5400][4212][Info]: 5=====transform.position======== 
[15:11:51.5637][4215][Info]: 5=====transform.position======== 
[15:11:51.5860][4218][Info]: 5=====transform.position======== 
[15:11:51.6030][4220][Info]: 5=====transform.position======== 
[15:11:51.6255][4223][Info]: 5=====transform.position======== 
[15:11:51.6414][4225][Info]: 5=====transform.position======== 
[15:11:51.6687][4228][Info]: 5=====transform.position======== 
[15:11:51.6687][4229][Info]: 5=====transform.position======== 
[15:11:51.7017][4231][Info]: 5=====transform.position======== 
[15:11:51.7238][4234][Info]: 5=====transform.position======== 
[15:11:51.7401][4236][Info]: 5=====transform.position======== 
[15:11:51.7638][4239][Info]: 5=====transform.position======== 
[15:11:51.7861][4242][Info]: 5=====transform.position======== 
[15:11:51.8021][4244][Info]: 5=====transform.position======== 
[15:11:51.8223][4246][Info]: 5=====transform.position======== 
[15:11:51.8431][4248][Info]: 5=====transform.position======== 
[15:11:51.8660][4251][Info]: 5=====transform.position======== 
[15:11:51.8833][4253][Info]: 3=====transform.position======== 
[15:11:51.9011][4255][Info]: 1=====transform.position======== 
[15:11:51.9245][4258][Info]: 0=====transform.position======== 
[15:11:52.6466][4353][Info]: 2=====transform.position======== 
[15:11:52.6621][4355][Info]: 4=====transform.position======== 
[15:11:52.6843][4358][Info]: 5=====transform.position======== 
[15:11:52.7038][4360][Info]: 5=====transform.position======== 
[15:11:52.7267][4363][Info]: 5=====transform.position======== 
[15:11:52.7417][4365][Info]: 5=====transform.position======== 
[15:11:52.7647][4367][Info]: 5=====transform.position======== 
[15:11:52.7799][4369][Info]: 5=====transform.position======== 
[15:11:52.8019][4372][Info]: 5=====transform.position======== 
[15:11:52.8244][4375][Info]: 5=====transform.position======== 
[15:11:52.8400][4377][Info]: 5=====transform.position======== 
[15:11:52.8623][4380][Info]: 5=====transform.position======== 
[15:11:52.8833][4383][Info]: 5=====transform.position======== 
[15:11:52.9030][4385][Info]: 5=====transform.position======== 
[15:11:52.9260][4387][Info]: 5=====transform.position======== 
[15:11:52.9412][4389][Info]: 5=====transform.position======== 
[15:11:52.9637][4392][Info]: 5=====transform.position======== 
[15:11:52.9847][4395][Info]: 5=====transform.position======== 
[15:11:52.9997][4397][Info]: 5=====transform.position======== 
[15:11:53.0239][4400][Info]: 5=====transform.position======== 
[15:11:53.0410][4402][Info]: 5=====transform.position======== 
[15:11:53.0612][4404][Info]: 5=====transform.position======== 
[15:11:53.0863][4407][Info]: 5=====transform.position======== 
[15:11:53.1011][4409][Info]: 5=====transform.position======== 
[15:11:53.1197][4411][Info]: 5=====transform.position======== 
[15:11:53.1430][4414][Info]: 5=====transform.position======== 
[15:11:53.1664][4417][Info]: 5=====transform.position======== 
[15:11:53.1823][4419][Info]: 5=====transform.position======== 
[15:11:53.2040][4422][Info]: 5=====transform.position======== 
[15:11:53.2290][4424][Info]: 5=====transform.position======== 
[15:11:53.2290][4425][Info]: 5=====transform.position======== 
[15:11:53.2631][4428][Info]: 5=====transform.position======== 
[15:11:53.2800][4430][Info]: 5=====transform.position======== 
[15:11:53.3023][4433][Info]: 5=====transform.position======== 
[15:11:53.3218][4435][Info]: 5=====transform.position======== 
[15:11:53.3439][4438][Info]: 5=====transform.position======== 
[15:11:53.3609][4440][Info]: 5=====transform.position======== 
[15:11:53.3847][4442][Info]: 5=====transform.position======== 
[15:11:53.3847][4444][Info]: 5=====transform.position======== 
[15:11:53.4227][4447][Info]: 5=====transform.position======== 
[15:11:53.4467][4450][Info]: 5=====transform.position======== 
[15:11:53.4617][4452][Info]: 5=====transform.position======== 
[15:11:53.4857][4455][Info]: 5=====transform.position======== 
[15:11:53.5007][4457][Info]: 5=====transform.position======== 
[15:11:53.5227][4459][Info]: 5=====transform.position======== 
[15:11:53.5401][4460][Info]: 5=====transform.position======== 
[15:11:53.5617][4463][Info]: 5=====transform.position======== 
[15:11:53.5872][4466][Info]: 5=====transform.position======== 
[15:11:53.6039][4468][Info]: 5=====transform.position======== 
[15:11:53.6199][4470][Info]: 5=====transform.position======== 
[15:11:53.6429][4473][Info]: 5=====transform.position======== 
[15:11:53.6663][4476][Info]: 5=====transform.position======== 
[15:11:53.6893][4478][Info]: 5=====transform.position======== 
[15:11:53.7047][4480][Info]: 5=====transform.position======== 
[15:11:53.7210][4482][Info]: 5=====transform.position======== 
[15:11:53.7407][4484][Info]: 5=====transform.position======== 
[15:11:53.7639][4487][Info]: 5=====transform.position======== 
[15:11:53.7804][4489][Info]: 5=====transform.position======== 
[15:11:53.8048][4492][Info]: 5=====transform.position======== 
[15:11:53.8208][4494][Info]: 5=====transform.position======== 
[15:11:53.8451][4496][Info]: 5=====transform.position======== 
[15:11:53.8611][4498][Info]: 5=====transform.position======== 
[15:11:53.8843][4501][Info]: 5=====transform.position======== 
[15:11:53.9003][4503][Info]: 5=====transform.position======== 
[15:11:53.9224][4506][Info]: 5=====transform.position======== 
[15:11:53.9429][4508][Info]: 5=====transform.position======== 
[15:11:53.9659][4511][Info]: 5=====transform.position======== 
[15:11:53.9859][4513][Info]: 5=====transform.position======== 
[15:11:54.0043][4515][Info]: 5=====transform.position======== 
[15:11:54.0219][4517][Info]: 5=====transform.position======== 
[15:11:54.0402][4519][Info]: 5=====transform.position======== 
[15:11:54.0629][4522][Info]: 5=====transform.position======== 
[15:11:54.0859][4525][Info]: 5=====transform.position======== 
[15:11:54.1030][4527][Info]: 5=====transform.position======== 
[15:11:54.1258][4530][Info]: 5=====transform.position======== 
[15:11:54.1541][4532][Info]: 5=====transform.position======== 
[15:11:54.1541][4533][Info]: 5=====transform.position======== 
[15:11:54.1808][4535][Info]: 5=====transform.position======== 
[15:11:54.2048][4538][Info]: 5=====transform.position======== 
[15:11:54.2208][4540][Info]: 5=====transform.position======== 
[15:11:54.2450][4543][Info]: 5=====transform.position======== 
[15:11:54.2620][4545][Info]: 5=====transform.position======== 
[15:11:54.2890][4548][Info]: 5=====transform.position======== 
[15:11:54.3010][4549][Info]: 5=====transform.position======== 
[15:11:54.3252][4552][Info]: 5=====transform.position======== 
[15:11:54.3428][4554][Info]: 5=====transform.position======== 
[15:11:54.3618][4556][Info]: 5=====transform.position======== 
[15:11:54.3800][4558][Info]: 5=====transform.position======== 
[15:11:54.4030][4561][Info]: 5=====transform.position======== 
[15:11:54.4242][4564][Info]: 5=====transform.position======== 
[15:11:54.4448][4566][Info]: 5=====transform.position======== 
[15:11:54.4657][4568][Info]: 5=====transform.position======== 
[15:11:54.4811][4570][Info]: 5=====transform.position======== 
[15:11:54.5059][4573][Info]: 5=====transform.position======== 
[15:11:54.5229][4575][Info]: 5=====transform.position======== 
[15:11:54.5459][4578][Info]: 5=====transform.position======== 
[15:11:54.5603][4579][Info]: 5=====transform.position======== 
[15:11:54.5821][4582][Info]: 5=====transform.position======== 
[15:11:54.6040][4584][Info]: 5=====transform.position======== 
[15:11:54.6230][4586][Info]: 5=====transform.position======== 
[15:11:54.6405][4588][Info]: 5=====transform.position======== 
[15:11:54.6615][4591][Info]: 5=====transform.position======== 
[15:11:54.6857][4594][Info]: 5=====transform.position======== 
[15:11:54.7019][4596][Info]: 5=====transform.position======== 
[15:11:54.7242][4599][Info]: 3=====transform.position======== 
[15:11:54.7394][4601][Info]: 1=====transform.position======== 
[15:11:54.7636][4603][Info]: 0=====transform.position======== 
[15:11:55.2008][4664][Info]: 2=====transform.position======== 
[15:11:55.2228][4667][Info]: 4=====transform.position======== 
[15:11:55.2459][4670][Info]: 5=====transform.position======== 
[15:11:55.2619][4672][Info]: 5=====transform.position======== 
[15:11:55.2840][4675][Info]: 5=====transform.position======== 
[15:11:55.3063][4678][Info]: 5=====transform.position======== 
[15:11:55.3063][4680][Info]: 5=====transform.position======== 
[15:11:55.3441][4683][Info]: 5=====transform.position======== 
[15:11:55.3608][4685][Info]: 5=====transform.position======== 
[15:11:55.3878][4687][Info]: 5=====transform.position======== 
[15:11:55.4037][4689][Info]: 5=====transform.position======== 
[15:11:55.4249][4692][Info]: 5=====transform.position======== 
[15:11:55.4408][4694][Info]: 5=====transform.position======== 
[15:11:55.4623][4697][Info]: 5=====transform.position======== 
[15:11:55.4859][4700][Info]: 5=====transform.position======== 
[15:11:55.5019][4702][Info]: 5=====transform.position======== 
[15:11:55.5279][4705][Info]: 5=====transform.position======== 
[15:11:55.5279][4706][Info]: 5=====transform.position======== 
[15:11:55.5631][4709][Info]: 5=====transform.position======== 
[15:11:55.5817][4711][Info]: 5=====transform.position======== 
[15:11:55.6047][4714][Info]: 5=====transform.position======== 
[15:11:55.6267][4717][Info]: 5=====transform.position======== 
[15:11:55.6422][4719][Info]: 5=====transform.position======== 
[15:11:55.6643][4722][Info]: 5=====transform.position======== 
[15:11:55.6838][4724][Info]: 5=====transform.position======== 
[15:11:55.7048][4726][Info]: 5=====transform.position======== 
[15:11:55.7217][4728][Info]: 5=====transform.position======== 
[15:11:55.7433][4731][Info]: 5=====transform.position======== 
[15:11:55.7660][4734][Info]: 5=====transform.position======== 
[15:11:55.7853][4736][Info]: 5=====transform.position======== 
[15:11:55.8021][4738][Info]: 5=====transform.position======== 
[15:11:55.8245][4741][Info]: 5=====transform.position======== 
[15:11:55.8488][4743][Info]: 5=====transform.position======== 
[15:11:55.8654][4745][Info]: 5=====transform.position======== 
[15:11:55.8813][4747][Info]: 5=====transform.position======== 
[15:11:55.9041][4750][Info]: 5=====transform.position======== 
[15:11:55.9268][4753][Info]: 5=====transform.position======== 
[15:11:55.9428][4755][Info]: 5=====transform.position======== 
[15:11:55.9658][4758][Info]: 5=====transform.position======== 
[15:11:55.9903][4760][Info]: 5=====transform.position======== 
[15:11:56.0035][4761][Info]: 5=====transform.position======== 
[15:11:56.0213][4763][Info]: 5=====transform.position======== 
[15:11:56.0441][4766][Info]: 5=====transform.position======== 
[15:11:56.0597][4768][Info]: 5=====transform.position======== 
[15:11:56.0837][4771][Info]: 5=====transform.position======== 
[15:11:56.1060][4774][Info]: 5=====transform.position======== 
[15:11:56.1213][4776][Info]: 5=====transform.position======== 
[15:11:56.1431][4778][Info]: 5=====transform.position======== 
[15:11:56.1627][4780][Info]: 5=====transform.position======== 
[15:11:56.1887][4783][Info]: 5=====transform.position======== 
[15:11:56.2057][4785][Info]: 5=====transform.position======== 
[15:11:56.2239][4787][Info]: 5=====transform.position======== 
[15:11:56.2459][4790][Info]: 5=====transform.position======== 
[15:11:56.2629][4792][Info]: 5=====transform.position======== 
[15:11:56.2869][4795][Info]: 5=====transform.position======== 
[15:11:56.2999][4796][Info]: 5=====transform.position======== 
[15:11:56.3207][4798][Info]: 5=====transform.position======== 
[15:11:56.3429][4801][Info]: 5=====transform.position======== 
[15:11:56.3659][4804][Info]: 5=====transform.position======== 
[15:11:56.3813][4806][Info]: 5=====transform.position======== 
[15:11:56.4024][4808][Info]: 5=====transform.position======== 
[15:11:56.4249][4811][Info]: 5=====transform.position======== 
[15:11:56.4412][4813][Info]: 5=====transform.position======== 
[15:11:56.4657][4815][Info]: 5=====transform.position======== 
[15:11:56.4808][4817][Info]: 5=====transform.position======== 
[15:11:56.5058][4820][Info]: 5=====transform.position======== 
[15:11:56.5217][4822][Info]: 5=====transform.position======== 
[15:11:56.5457][4825][Info]: 5=====transform.position======== 
[15:11:56.5627][4827][Info]: 5=====transform.position======== 
[15:11:56.5853][4830][Info]: 5=====transform.position======== 
[15:11:56.6081][4832][Info]: 5=====transform.position======== 
[15:11:56.6210][4833][Info]: 5=====transform.position======== 
[15:11:56.6447][4836][Info]: 5=====transform.position======== 
[15:11:56.6607][4838][Info]: 5=====transform.position======== 
[15:11:56.6839][4841][Info]: 5=====transform.position======== 
[15:11:56.7009][4843][Info]: 5=====transform.position======== 
[15:11:56.7248][4846][Info]: 5=====transform.position======== 
[15:11:56.7398][4848][Info]: 5=====transform.position======== 
[15:11:56.7608][4850][Info]: 5=====transform.position======== 
[15:11:56.7878][4853][Info]: 5=====transform.position======== 
[15:11:56.7999][4854][Info]: 5=====transform.position======== 
[15:11:56.8238][4857][Info]: 5=====transform.position======== 
[15:11:56.8398][4859][Info]: 5=====transform.position======== 
[15:11:56.8638][4862][Info]: 5=====transform.position======== 
[15:11:56.8858][4865][Info]: 5=====transform.position======== 
[15:11:56.9018][4867][Info]: 5=====transform.position======== 
[15:11:56.9269][4869][Info]: 5=====transform.position======== 
[15:11:56.9439][4871][Info]: 5=====transform.position======== 
[15:11:56.9660][4874][Info]: 5=====transform.position======== 
[15:11:56.9810][4876][Info]: 5=====transform.position======== 
[15:11:57.0010][4878][Info]: 5=====transform.position======== 
[15:11:57.0197][4880][Info]: 5=====transform.position======== 
[15:11:57.0437][4882][Info]: 5=====transform.position======== 
[15:11:57.0738][4884][Info]: 5=====transform.position======== 
[15:11:57.1017][4885][Info]: 5=====transform.position======== 
[15:11:57.1017][4885][Info]: 5=====transform.position======== 
[15:11:57.1200][4887][Info]: 5=====transform.position======== 
[15:11:57.1453][4890][Info]: 5=====transform.position======== 
[15:11:57.1599][4892][Info]: 5=====transform.position======== 
[15:11:57.1829][4895][Info]: 5=====transform.position======== 
[15:11:57.2029][4897][Info]: 5=====transform.position======== 
[15:11:57.2239][4899][Info]: 5=====transform.position======== 
[15:11:57.2429][4901][Info]: 5=====transform.position======== 
[15:11:57.2660][4904][Info]: 5=====transform.position======== 
[15:11:57.2810][4906][Info]: 5=====transform.position======== 
[15:11:57.3053][4909][Info]: 5=====transform.position======== 
[15:11:57.3212][4911][Info]: 5=====transform.position======== 
[15:11:57.3428][4914][Info]: 5=====transform.position======== 
[15:11:57.3667][4917][Info]: 5=====transform.position======== 
[15:11:57.3810][4918][Info]: 5=====transform.position======== 
[15:11:57.4030][4920][Info]: 5=====transform.position======== 
[15:11:57.4202][4922][Info]: 5=====transform.position======== 
[15:11:57.4437][4925][Info]: 5=====transform.position======== 
[15:11:57.4657][4928][Info]: 5=====transform.position======== 
[15:11:57.4827][4930][Info]: 5=====transform.position======== 
[15:11:57.5067][4933][Info]: 5=====transform.position======== 
[15:11:57.5222][4935][Info]: 5=====transform.position======== 
[15:11:57.5477][4937][Info]: 5=====transform.position======== 
[15:11:57.5637][4939][Info]: 5=====transform.position======== 
[15:11:57.5801][4941][Info]: 5=====transform.position======== 
[15:11:57.6058][4944][Info]: 5=====transform.position======== 
[15:11:57.6228][4946][Info]: 5=====transform.position======== 
[15:11:57.6477][4949][Info]: 5=====transform.position======== 
[15:11:57.6637][4951][Info]: 5=====transform.position======== 
[15:11:57.6807][4953][Info]: 5=====transform.position======== 
[15:11:57.7047][4955][Info]: 5=====transform.position======== 
[15:11:57.7217][4957][Info]: 5=====transform.position======== 
[15:11:57.7457][4960][Info]: 5=====transform.position======== 
[15:11:57.7610][4962][Info]: 5=====transform.position======== 
[15:11:57.7852][4965][Info]: 5=====transform.position======== 
[15:11:57.8027][4967][Info]: 5=====transform.position======== 
[15:11:57.8222][4969][Info]: 5=====transform.position======== 
[15:11:57.8437][4971][Info]: 5=====transform.position======== 
[15:11:57.8622][4973][Info]: 5=====transform.position======== 
[15:11:57.8857][4976][Info]: 5=====transform.position======== 
[15:11:57.9007][4978][Info]: 5=====transform.position======== 
[15:11:57.9231][4981][Info]: 5=====transform.position======== 
[15:11:57.9477][4984][Info]: 5=====transform.position======== 
[15:11:57.9648][4986][Info]: 5=====transform.position======== 
[15:11:57.9818][4987][Info]: 5=====transform.position======== 
[15:11:58.0013][4988][Info]: 3=====transform.position======== 
[15:11:58.0341][4990][Info]: 1=====transform.position======== 
[15:11:58.0451][4991][Info]: 0=====transform.position======== 
[15:11:58.5618][5056][Info]: 2=====transform.position======== 
[15:11:58.5848][5059][Info]: 4=====transform.position======== 
[15:11:58.6058][5061][Info]: 5=====transform.position======== 
[15:11:58.6248][5063][Info]: 5=====transform.position======== 
[15:11:58.6460][5065][Info]: 5=====transform.position======== 
[15:11:58.6610][5067][Info]: 5=====transform.position======== 
[15:11:58.6828][5070][Info]: 5=====transform.position======== 
[15:11:58.7048][5073][Info]: 5=====transform.position======== 
[15:11:58.7198][5075][Info]: 5=====transform.position======== 
[15:11:58.7418][5078][Info]: 5=====transform.position======== 
[15:11:58.7620][5080][Info]: 5=====transform.position======== 
[15:11:58.7815][5082][Info]: 5=====transform.position======== 
[15:11:58.8041][5085][Info]: 5=====transform.position======== 
[15:11:58.8251][5088][Info]: 5=====transform.position======== 
[15:11:58.8446][5090][Info]: 5=====transform.position======== 
[15:11:58.8611][5092][Info]: 5=====transform.position======== 
[15:11:58.8838][5095][Info]: 5=====transform.position======== 
[15:11:58.9058][5098][Info]: 5=====transform.position======== 
[15:11:58.9278][5100][Info]: 5=====transform.position======== 
[15:11:58.9438][5102][Info]: 5=====transform.position======== 
[15:11:58.9658][5105][Info]: 5=====transform.position======== 
[15:11:58.9808][5107][Info]: 5=====transform.position======== 
[15:11:59.0039][5110][Info]: 5=====transform.position======== 
[15:11:59.0199][5112][Info]: 5=====transform.position======== 
[15:11:59.0459][5115][Info]: 5=====transform.position======== 
[15:11:59.0623][5117][Info]: 5=====transform.position======== 
[15:11:59.0867][5119][Info]: 5=====transform.position======== 
[15:11:59.1034][5121][Info]: 5=====transform.position======== 
[15:11:59.1199][5123][Info]: 5=====transform.position======== 
[15:11:59.1428][5126][Info]: 5=====transform.position======== 
[15:11:59.1662][5129][Info]: 5=====transform.position======== 
[15:11:59.1817][5131][Info]: 5=====transform.position======== 
[15:11:59.2047][5134][Info]: 5=====transform.position======== 
[15:11:59.2257][5136][Info]: 5=====transform.position======== 
[15:11:59.2487][5138][Info]: 5=====transform.position======== 
[15:11:59.2658][5140][Info]: 5=====transform.position======== 
[15:11:59.2808][5142][Info]: 5=====transform.position======== 
[15:11:59.3043][5145][Info]: 5=====transform.position======== 
[15:11:59.3208][5147][Info]: 5=====transform.position======== 
[15:11:59.3429][5150][Info]: 5=====transform.position======== 
[15:11:59.3602][5152][Info]: 5=====transform.position======== 
[15:11:59.3819][5154][Info]: 5=====transform.position======== 
[15:11:59.4010][5156][Info]: 5=====transform.position======== 
[15:11:59.4253][5159][Info]: 5=====transform.position======== 
[15:11:59.4414][5161][Info]: 5=====transform.position======== 
[15:11:59.4612][5163][Info]: 5=====transform.position======== 
[15:11:59.4836][5166][Info]: 5=====transform.position======== 
[15:11:59.5001][5168][Info]: 5=====transform.position======== 
[15:11:59.5233][5171][Info]: 5=====transform.position======== 
[15:11:59.5468][5173][Info]: 5=====transform.position======== 
[15:11:59.5648][5175][Info]: 5=====transform.position======== 
[15:11:59.5878][5178][Info]: 5=====transform.position======== 
[15:11:59.6040][5180][Info]: 5=====transform.position======== 
[15:11:59.6210][5182][Info]: 5=====transform.position======== 
[15:11:59.6433][5185][Info]: 5=====transform.position======== 
[15:11:59.6639][5187][Info]: 5=====transform.position======== 
[15:11:59.6799][5189][Info]: 5=====transform.position======== 
[15:11:59.7042][5191][Info]: 5=====transform.position======== 
[15:11:59.7212][5193][Info]: 5=====transform.position======== 
[15:11:59.7441][5196][Info]: 5=====transform.position======== 
[15:11:59.7601][5198][Info]: 5=====transform.position======== 
[15:11:59.7831][5201][Info]: 5=====transform.position======== 
[15:11:59.8053][5204][Info]: 5=====transform.position======== 
[15:11:59.8219][5206][Info]: 5=====transform.position======== 
[15:11:59.8423][5208][Info]: 5=====transform.position======== 
[15:11:59.8672][5210][Info]: 5=====transform.position======== 
[15:11:59.8832][5212][Info]: 5=====transform.position======== 
[15:11:59.9060][5215][Info]: 5=====transform.position======== 
[15:11:59.9223][5217][Info]: 5=====transform.position======== 
[15:11:59.9470][5220][Info]: 5=====transform.position======== 
[15:11:59.9470][5222][Info]: 5=====transform.position======== 
[15:11:59.9852][5225][Info]: 5=====transform.position======== 
[15:12:00.0097][5227][Info]: 5=====transform.position======== 
[15:12:00.0257][5229][Info]: 5=====transform.position======== 
[15:12:00.0429][5231][Info]: 5=====transform.position======== 
[15:12:00.0682][5234][Info]: 5=====transform.position======== 
[15:12:00.0849][5236][Info]: 5=====transform.position======== 
[15:12:00.1008][5238][Info]: 5=====transform.position======== 
[15:12:00.1247][5241][Info]: 5=====transform.position======== 
[15:12:00.1407][5243][Info]: 5=====transform.position======== 
[15:12:00.1660][5245][Info]: 5=====transform.position======== 
[15:12:00.1823][5247][Info]: 5=====transform.position======== 
[15:12:00.2045][5250][Info]: 5=====transform.position======== 
[15:12:00.2233][5252][Info]: 5=====transform.position======== 
[15:12:00.2469][5255][Info]: 5=====transform.position======== 
[15:12:00.2629][5257][Info]: 5=====transform.position======== 
[15:12:00.2842][5259][Info]: 5=====transform.position======== 
[15:12:00.3061][5261][Info]: 5=====transform.position======== 
[15:12:00.3255][5263][Info]: 5=====transform.position======== 
[15:12:00.3420][5265][Info]: 5=====transform.position======== 
[15:12:00.3643][5268][Info]: 5=====transform.position======== 
[15:12:00.3818][5270][Info]: 5=====transform.position======== 
[15:12:00.4043][5273][Info]: 5=====transform.position======== 
[15:12:00.4213][5275][Info]: 5=====transform.position======== 
[15:12:00.4448][5278][Info]: 5=====transform.position======== 
[15:12:00.4679][5280][Info]: 5=====transform.position======== 
[15:12:00.4819][5281][Info]: 5=====transform.position======== 
[15:12:00.5069][5284][Info]: 5=====transform.position======== 
[15:12:00.5229][5286][Info]: 3=====transform.position======== 
[15:12:00.5449][5289][Info]: 1=====transform.position======== 
[15:12:00.5599][5291][Info]: 0=====transform.position======== 
[15:12:01.1639][5373][Info]: 2=====transform.position======== 
[15:12:01.1799][5375][Info]: 4=====transform.position======== 
[15:12:01.2019][5378][Info]: 5=====transform.position======== 
[15:12:01.2293][5381][Info]: 5=====transform.position======== 
[15:12:01.2293][5382][Info]: 5=====transform.position======== 
[15:12:01.2641][5385][Info]: 5=====transform.position======== 
[15:12:01.2808][5387][Info]: 5=====transform.position======== 
[15:12:01.3008][5389][Info]: 5=====transform.position======== 
[15:12:01.3241][5392][Info]: 5=====transform.position======== 
[15:12:01.3468][5395][Info]: 5=====transform.position======== 
[15:12:01.3628][5397][Info]: 5=====transform.position======== 
[15:12:01.3829][5399][Info]: 5=====transform.position======== 
[15:12:01.4060][5401][Info]: 5=====transform.position======== 
[15:12:01.4223][5403][Info]: 5=====transform.position======== 
[15:12:01.4448][5406][Info]: 5=====transform.position======== 
[15:12:01.4598][5408][Info]: 5=====transform.position======== 
[15:12:01.4838][5411][Info]: 5=====transform.position======== 
[15:12:01.5033][5413][Info]: 5=====transform.position======== 
[15:12:01.5253][5416][Info]: 5=====transform.position======== 
[15:12:01.5477][5418][Info]: 5=====transform.position======== 
[15:12:01.5638][5420][Info]: 5=====transform.position======== 
[15:12:01.5797][5422][Info]: 5=====transform.position======== 
[15:12:01.6017][5425][Info]: 5=====transform.position======== 
[15:12:01.6239][5428][Info]: 5=====transform.position======== 
[15:12:01.6407][5430][Info]: 5=====transform.position======== 
[15:12:01.6638][5433][Info]: 5=====transform.position======== 
[15:12:01.6798][5435][Info]: 5=====transform.position======== 
[15:12:01.7089][5437][Info]: 5=====transform.position======== 
[15:12:01.7239][5439][Info]: 5=====transform.position======== 
[15:12:01.7403][5441][Info]: 5=====transform.position======== 
[15:12:01.7629][5444][Info]: 5=====transform.position======== 
[15:12:01.7859][5447][Info]: 5=====transform.position======== 
[15:12:01.8020][5449][Info]: 5=====transform.position======== 
[15:12:01.8260][5452][Info]: 5=====transform.position======== 
[15:12:01.8445][5454][Info]: 5=====transform.position======== 
[15:12:01.8641][5456][Info]: 5=====transform.position======== 
[15:12:01.8819][5458][Info]: 5=====transform.position======== 
[15:12:01.9070][5461][Info]: 5=====transform.position======== 
[15:12:01.9230][5463][Info]: 5=====transform.position======== 
[15:12:01.9460][5466][Info]: 5=====transform.position======== 
[15:12:01.9610][5468][Info]: 5=====transform.position======== 
[15:12:01.9843][5471][Info]: 5=====transform.position======== 
[15:12:02.0107][5473][Info]: 5=====transform.position======== 
[15:12:02.0283][5475][Info]: 5=====transform.position======== 
[15:12:02.0423][5476][Info]: 5=====transform.position======== 
[15:12:02.0653][5478][Info]: 5=====transform.position======== 
[15:12:02.0981][5480][Info]: 5=====transform.position======== 
[15:12:02.1083][5481][Info]: 5=====transform.position======== 
[15:12:02.1213][5482][Info]: 5=====transform.position======== 
[15:12:02.1503][5485][Info]: 5=====transform.position======== 
[15:12:02.1503][5486][Info]: 5=====transform.position======== 
[15:12:02.1858][5489][Info]: 5=====transform.position======== 
[15:12:02.2018][5491][Info]: 5=====transform.position======== 
[15:12:02.2207][5493][Info]: 5=====transform.position======== 
[15:12:02.2427][5496][Info]: 5=====transform.position======== 
[15:12:02.2652][5499][Info]: 5=====transform.position======== 
[15:12:02.2818][5501][Info]: 5=====transform.position======== 
[15:12:02.3027][5503][Info]: 5=====transform.position======== 
[15:12:02.3275][5505][Info]: 3=====transform.position======== 
[15:12:02.3433][5507][Info]: 1=====transform.position======== 
[15:12:02.3657][5510][Info]: 0=====transform.position======== 
[15:12:22.7858][8359][Info]: 2=====transform.position======== 
[15:12:22.8018][8361][Info]: 4=====transform.position======== 
[15:12:22.8211][8363][Info]: 5=====transform.position======== 
[15:12:22.8430][8365][Info]: 5=====transform.position======== 
[15:12:22.8618][8367][Info]: 5=====transform.position======== 
[15:12:22.8839][8370][Info]: 5=====transform.position======== 
[15:12:22.9060][8373][Info]: 5=====transform.position======== 
[15:12:22.9220][8375][Info]: 5=====transform.position======== 
[15:12:22.9418][8377][Info]: 5=====transform.position======== 
[15:12:22.9647][8380][Info]: 5=====transform.position======== 
[15:12:22.9880][8382][Info]: 5=====transform.position======== 
[15:12:23.0037][8384][Info]: 5=====transform.position======== 
[15:12:23.0197][8386][Info]: 5=====transform.position======== 
[15:12:23.0443][8389][Info]: 5=====transform.position======== 
[15:12:23.0599][8391][Info]: 5=====transform.position======== 
[15:12:23.0819][8394][Info]: 5=====transform.position======== 
[15:12:23.1063][8397][Info]: 5=====transform.position======== 
[15:12:23.1267][8399][Info]: 5=====transform.position======== 
[15:12:23.1401][8400][Info]: 5=====transform.position======== 
[15:12:23.1619][8402][Info]: 5=====transform.position======== 
[15:12:23.1849][8405][Info]: 5=====transform.position======== 
[15:12:23.2019][8407][Info]: 5=====transform.position======== 
[15:12:23.2239][8410][Info]: 5=====transform.position======== 
[15:12:23.2457][8413][Info]: 5=====transform.position======== 
[15:12:23.2608][8415][Info]: 5=====transform.position======== 
[15:12:23.2808][8417][Info]: 5=====transform.position======== 
[15:12:23.3058][8420][Info]: 5=====transform.position======== 
[15:12:23.3210][8422][Info]: 5=====transform.position======== 
[15:12:23.3430][8425][Info]: 5=====transform.position======== 
[15:12:23.3632][8427][Info]: 5=====transform.position======== 
[15:12:23.3862][8430][Info]: 5=====transform.position======== 
[15:12:23.4028][8432][Info]: 5=====transform.position======== 
[15:12:23.4248][8435][Info]: 5=====transform.position======== 
[15:12:23.4518][8437][Info]: 5=====transform.position======== 
[15:12:23.4518][8438][Info]: 5=====transform.position======== 
[15:12:23.4848][8441][Info]: 5=====transform.position======== 
[15:12:23.4998][8443][Info]: 5=====transform.position======== 
[15:12:23.5198][8445][Info]: 5=====transform.position======== 
[15:12:23.5467][8448][Info]: 5=====transform.position======== 
[15:12:23.5610][8449][Info]: 5=====transform.position======== 
[15:12:23.5911][8452][Info]: 5=====transform.position======== 
[15:12:23.6053][8453][Info]: 5=====transform.position======== 
[15:12:23.6230][8455][Info]: 5=====transform.position======== 
[15:12:23.6408][8457][Info]: 5=====transform.position======== 
[15:12:23.6677][8460][Info]: 5=====transform.position======== 
[15:12:23.6847][8462][Info]: 5=====transform.position======== 
[15:12:23.7017][8464][Info]: 5=====transform.position======== 
[15:12:23.7260][8467][Info]: 5=====transform.position======== 
[15:12:23.7471][8469][Info]: 5=====transform.position======== 
[15:12:23.7605][8470][Info]: 5=====transform.position======== 
[15:12:23.7803][8472][Info]: 5=====transform.position======== 
[15:12:23.8029][8475][Info]: 5=====transform.position======== 
[15:12:23.8199][8477][Info]: 3=====transform.position======== 
[15:12:23.8429][8480][Info]: 1=====transform.position======== 
[15:12:23.8649][8483][Info]: 0=====transform.position======== 
