[11:49:53.9802][1][Info]: enter Launch procedure 
[11:49:54.1303][1][Info]: ===>加载配置 
[11:49:55.9683][1][Info]: ===>开始解析BuffConfig 
[11:49:55.9813][1][Info]: <===解析BuffConfig完毕 
[11:49:55.9813][1][Info]: ===>开始解析SkillConfig 
[11:49:56.0143][1][Info]: <===解析SkillConfig完毕 
[11:49:56.0253][1][Info]: <===配置加载完毕 
[11:49:56.1741][2][Info]: enter Init Procedure 
[11:49:56.1888][2][Warn]: Not found awake system:<PlayerComponent> 
[11:49:59.5084][168][Info]: 登录 
[11:49:59.5174][168][Info]: 1001 
[11:49:59.5174][168][Info]: 大厅阶段 
[11:49:59.5434][168][Info]: abce 
[11:49:59.6029][169][Info]: Scene Add Entity, Current Count:1 
[11:50:03.3026][521][Info]: 0 ----0 
[11:50:03.3026][521][Info]: Scene Remove Entity, Current Count:0 
[11:50:03.3066][521][Info]: Scene Add Entity, Current Count:1 
[11:50:03.3066][521][Info]: abce 
[11:50:03.3871][522][Info]: 0 ----0 
[11:50:03.5056][523][Info]: 0 ----0 
[11:50:03.6081][524][Info]: 0 ----0 
[11:50:03.6081][525][Info]: 0 ----0 
[11:50:03.6281][526][Info]: 0 ----0 
[11:50:03.6361][527][Info]: 0 ----0 
[11:50:03.6361][528][Info]: 0 ----0 
[11:50:03.6511][529][Info]: 0 ----0 
[11:50:03.6511][530][Info]: 0 ----0 
[11:50:03.6511][531][Info]: 0 ----0 
[11:50:03.6711][532][Info]: 0 ----0 
[11:50:03.6711][533][Info]: 0 ----0 
[11:50:03.6821][534][Info]: 0 ----0 
[11:50:03.6821][535][Info]: 0 ----0 
[11:50:03.6821][536][Info]: 0 ----0 
[11:50:03.7031][537][Info]: 0 ----0 
[11:50:03.7131][538][Info]: 0 ----0 
[11:50:03.7131][539][Info]: 0 ----0 
[11:50:03.7131][540][Info]: 0 ----0 
[11:50:03.7337][541][Info]: 0 ----0 
[11:50:03.7337][542][Info]: 0 ----0 
[11:50:03.7467][543][Info]: 0 ----0 
[11:50:03.7467][544][Info]: 0 ----0 
[11:50:03.7467][545][Info]: 0 ----0 
[11:50:03.7637][546][Info]: 0 ----0 
[11:50:03.7637][547][Info]: 0 ----0 
[11:50:03.7757][548][Info]: 0 ----0 
[11:50:03.7757][549][Info]: 0 ----0 
[11:50:03.7757][550][Info]: 0 ----0 
[11:50:03.7953][551][Info]: 0 ----0 
[11:50:03.7953][552][Info]: 0 ----0 
[11:50:03.8103][553][Info]: 0 ----0 
[11:50:03.8103][554][Info]: 0 ----0 
[11:50:03.8103][555][Info]: 0 ----0 
[11:50:03.8303][556][Info]: 0 ----0 
[11:50:03.8303][557][Info]: 0 ----0 
[11:50:03.8423][558][Info]: 0 ----0 
[11:50:03.8423][559][Info]: 0 ----0 
[11:50:03.8573][560][Info]: 0 ----0 
[11:50:03.8573][561][Info]: 0 ----0 
[11:50:03.8723][562][Info]: 0 ----0 
[11:50:03.8723][563][Info]: 0 ----0 
[11:50:03.8883][564][Info]: 0 ----0 
[11:50:03.8883][565][Info]: 0 ----0 
[11:50:03.9003][566][Info]: 0 ----0 
[11:50:03.9003][567][Info]: 0 ----0 
[11:50:03.9003][568][Info]: 0 ----0 
[11:50:03.9183][569][Info]: 0 ----0 
[11:50:03.9183][570][Info]: 0 ----0 
[11:50:03.9183][571][Info]: 0 ----0 
[11:50:03.9363][572][Info]: 0 ----0 
[11:50:03.9363][573][Info]: 0 ----0 
[11:50:03.9483][574][Info]: 0 ----0 
[11:50:03.9483][575][Info]: 0 ----0 
[11:50:03.9483][576][Info]: 0 ----0 
[11:50:03.9693][577][Info]: 0 ----0 
[11:50:03.9693][578][Info]: 0 ----0 
[11:50:03.9838][579][Info]: 0 ----0 
[11:50:03.9838][580][Info]: 0 ----0 
[11:50:03.9963][581][Info]: 0 ----0 
[11:50:03.9963][582][Info]: 0 ----0 
[11:50:04.0113][583][Info]: 0 ----0 
[11:50:04.0113][584][Info]: 0 ----0 
[11:50:04.0263][585][Info]: 0 ----0 
[11:50:04.0263][586][Info]: 0 ----0 
[11:50:04.0433][587][Info]: 0 ----0 
[11:50:04.0433][588][Info]: 0 ----0 
[11:50:04.0583][589][Info]: 0 ----0 
[11:50:04.0583][590][Info]: 0 ----0 
[11:50:04.0583][591][Info]: 0 ----0 
[11:50:04.0773][592][Info]: 0 ----0 
[11:50:04.0773][593][Info]: 0 ----0 
[11:50:04.0893][594][Info]: 0 ----0 
[11:50:04.0893][595][Info]: 0 ----0 
[11:50:04.0893][596][Info]: 0 ----0 
[11:50:04.1084][597][Info]: 0 ----0 
[11:50:04.1084][598][Info]: 0 ----0 
[11:50:04.1204][599][Info]: 0 ----0 
[11:50:04.1204][600][Info]: 0 ----0 
[11:50:04.1344][601][Info]: 0 ----0 
[11:50:04.1344][602][Info]: 0 ----0 
[11:50:04.1344][603][Info]: 0 ----0 
[11:50:04.1554][604][Info]: 0 ----0 
[11:50:04.1554][605][Info]: 0 ----0 
[11:50:04.1734][606][Info]: 0 ----0 
[11:50:04.2040][607][Info]: 0 ----0 
[11:50:04.2040][608][Info]: 0 ----0 
[11:50:04.2173][609][Info]: 0 ----0 
[11:50:04.2173][610][Info]: 0 ----0 
[11:50:04.2313][611][Info]: 0 ----0 
[11:50:04.2313][612][Info]: 0 ----0 
[11:50:04.2463][613][Info]: 0 ----0 
[11:50:04.2463][614][Info]: 0 ----0 
[11:50:04.2463][615][Info]: 0 ----0 
[11:50:04.2643][616][Info]: 0 ----0 
[11:50:04.2643][617][Info]: 0 ----0 
[11:50:04.2773][618][Info]: 0 ----0 
[11:50:04.2773][619][Info]: 0 ----0 
[11:50:04.2773][620][Info]: 0 ----0 
[11:50:04.2959][621][Info]: 0 ----0 
[11:50:04.2959][622][Info]: 0 ----0 
[11:50:04.3123][623][Info]: 0 ----0 
[11:50:04.3123][624][Info]: 0 ----0 
[11:50:04.3303][625][Info]: 0 ----0 
[11:50:04.3303][626][Info]: 0 ----0 
[11:50:04.3413][627][Info]: 0 ----0 
[11:50:04.3413][628][Info]: 0 ----0 
[11:50:04.3533][629][Info]: 0 ----0 
[11:50:04.3533][630][Info]: 0 ----0 
[11:50:04.3533][631][Info]: 0 ----0 
[11:50:04.3713][632][Info]: 0 ----0 
[11:50:04.3713][633][Info]: 0 ----0 
[11:50:04.3863][634][Info]: 0 ----0 
[11:50:04.3863][635][Info]: 0 ----0 
[11:50:04.3999][636][Info]: 0 ----0 
[11:50:04.3999][637][Info]: 0 ----0 
[11:50:04.3999][638][Info]: 0 ----0 
[11:50:04.4184][639][Info]: 0 ----0 
[11:50:04.4184][640][Info]: 0 ----0 
[11:50:04.4184][641][Info]: 0 ----0 
[11:50:04.4364][642][Info]: 0 ----0 
[11:50:04.4364][643][Info]: 0 ----0 
[11:50:04.4514][644][Info]: 0 ----0 
[11:50:04.4514][645][Info]: 0 ----0 
[11:50:04.4664][646][Info]: 0 ----0 
[11:50:04.4804][647][Info]: 0 ----0 
[11:50:04.4804][648][Info]: 0 ----0 
[11:50:04.4974][649][Info]: 0 ----0 
[11:50:04.4974][650][Info]: 0 ----0 
[11:50:04.5103][651][Info]: 0 ----0 
[11:50:04.5103][652][Info]: 0 ----0 
[11:50:04.5103][653][Info]: 0 ----0 
[11:50:04.5303][654][Info]: 0 ----0 
[11:50:04.5303][655][Info]: 0 ----0 
[11:50:04.5433][656][Info]: 0 ----0 
[11:50:04.5433][657][Info]: 0 ----0 
[11:50:04.5573][658][Info]: 0 ----0 
[11:50:04.5573][659][Info]: 0 ----0 
[11:50:04.5573][660][Info]: 0 ----0 
[11:50:04.5763][661][Info]: 0 ----0 
[11:50:04.5763][662][Info]: 0 ----0 
[11:50:04.5903][663][Info]: 0 ----0 
[11:50:04.5903][664][Info]: 0 ----0 
[11:50:04.6044][665][Info]: 0 ----0 
[11:50:04.6044][666][Info]: 0 ----0 
[11:50:04.6044][667][Info]: 0 ----0 
[11:50:04.6302][668][Info]: 0 ----0 
[11:50:04.6422][669][Info]: 0 ----0 
[11:50:04.6522][670][Info]: 0 ----0 
[11:50:04.6522][671][Info]: 0 ----0 
[11:50:04.6672][672][Info]: 0 ----0 
[11:50:04.6672][673][Info]: 0 ----0 
[11:50:04.6812][674][Info]: 0 ----0 
[11:50:04.6812][675][Info]: 0 ----0 
[11:50:04.6971][676][Info]: 0 ----0 
[11:50:04.6971][677][Info]: 0 ----0 
[11:50:04.7131][678][Info]: 0 ----0 
[11:50:04.7131][679][Info]: 0 ----0 
[11:50:04.7321][680][Info]: 0 ----0 
[11:50:04.7321][681][Info]: 0 ----0 
[11:50:04.7471][682][Info]: 0 ----0 
[11:50:04.7471][683][Info]: 0 ----0 
[11:50:04.7601][684][Info]: 0 ----0 
[11:50:04.7601][685][Info]: 0 ----0 
[11:50:04.7761][686][Info]: 0 ----0 
[11:50:04.7761][687][Info]: 0 ----0 
[11:50:04.7989][688][Info]: 0 ----0 
[11:50:04.8089][689][Info]: 0 ----0 
[11:50:04.8089][690][Info]: 0 ----0 
[11:50:04.8239][691][Info]: 0 ----0 
[11:50:04.8239][692][Info]: 0 ----0 
[11:50:04.8409][693][Info]: 0 ----0 
[11:50:04.8409][694][Info]: 0 ----0 
[11:50:04.8609][695][Info]: 0 ----0 
[11:50:04.8609][696][Info]: 0 ----0 
[11:50:04.8749][697][Info]: 0 ----0 
[11:50:04.8749][698][Info]: 0 ----0 
[11:50:04.8939][699][Info]: 0 ----0 
[11:50:04.9019][700][Info]: 0 ----0 
[11:50:04.9019][701][Info]: 0 ----0 
[11:50:04.9179][702][Info]: 0 ----0 
[11:50:04.9179][703][Info]: 0 ----0 
[11:50:04.9329][704][Info]: 0 ----0 
[11:50:04.9329][705][Info]: 0 ----0 
[11:50:04.9529][706][Info]: 0 ----0 
[11:50:04.9529][707][Info]: 0 ----0 
[11:50:04.9719][708][Info]: 0 ----0 
[11:50:04.9789][709][Info]: 0 ----0 
[11:50:04.9789][710][Info]: 0 ----0 
[11:50:04.9979][711][Info]: 0 ----0 
[11:50:04.9979][712][Info]: 0 ----0 
[11:50:05.0139][713][Info]: 0 ----0 
[11:50:05.0139][714][Info]: 0 ----0 
[11:50:05.0288][715][Info]: 0 ----0 
[11:50:05.0288][716][Info]: 0 ----0 
[11:50:05.0438][717][Info]: 0 ----0 
[11:50:05.0438][718][Info]: 0 ----0 
[11:50:05.0644][719][Info]: 0 ----0 
[11:50:05.0724][720][Info]: 0 ----0 
[11:50:05.0724][721][Info]: 0 ----0 
[11:50:05.0724][722][Info]: 0 ----0 
[11:50:05.0969][723][Info]: 0 ----0 
[11:50:05.1069][724][Info]: 0 ----0 
[11:50:05.1069][725][Info]: 0 ----0 
[11:50:05.1189][726][Info]: 0 ----0 
[11:50:05.1189][727][Info]: 0 ----0 
[11:50:05.1189][728][Info]: 0 ----0 
[11:50:05.1415][729][Info]: 0 ----0 
[11:50:05.1505][730][Info]: 0 ----0 
[11:50:05.1505][731][Info]: 0 ----0 
[11:50:05.1665][732][Info]: 0 ----0 
[11:50:05.1665][733][Info]: 0 ----0 
[11:50:05.1835][734][Info]: 0 ----0 
[11:50:05.1835][735][Info]: 0 ----0 
[11:50:05.1985][736][Info]: 0 ----0 
[11:50:05.1985][737][Info]: 0 ----0 
[11:50:05.1985][738][Info]: 0 ----0 
[11:50:05.2175][739][Info]: 0 ----0 
[11:50:05.2175][740][Info]: 0 ----0 
[11:50:05.2315][741][Info]: 0 ----0 
[11:50:05.2315][742][Info]: 0 ----0 
[11:50:05.2466][743][Info]: 0 ----0 
[11:50:05.2466][744][Info]: 0 ----0 
[11:50:05.2645][745][Info]: 0 ----0 
[11:50:05.2645][746][Info]: 0 ----0 
[11:50:05.2765][747][Info]: 0 ----0 
[11:50:05.2765][748][Info]: 0 ----0 
[11:50:05.2765][749][Info]: 0 ----0 
[11:50:05.2950][750][Info]: 0 ----0 
[11:50:05.2950][751][Info]: 0 ----0 
[11:50:05.3102][752][Info]: 0 ----0 
[11:50:05.3102][753][Info]: 0 ----0 
[11:50:05.3242][754][Info]: 0 ----0 
[11:50:05.3242][755][Info]: 0 ----0 
[11:50:05.3242][756][Info]: 0 ----0 
[11:50:05.3422][757][Info]: 0 ----0 
[11:50:05.3422][758][Info]: 0 ----0 
[11:50:05.3542][759][Info]: 0 ----0 
[11:50:05.3542][760][Info]: 0 ----0 
[11:50:05.3542][761][Info]: 0 ----0 
[11:50:05.3732][762][Info]: 0 ----0 
[11:50:05.3732][763][Info]: 0 ----0 
[11:50:05.3891][764][Info]: 0 ----0 
[11:50:05.3891][765][Info]: 0 ----0 
[11:50:05.4088][766][Info]: 0 ----0 
[11:50:05.4088][767][Info]: 0 ----0 
[11:50:05.4198][768][Info]: 0 ----0 
[11:50:05.4198][769][Info]: 0 ----0 
[11:50:05.4318][770][Info]: 0 ----0 
[11:50:05.4318][771][Info]: 0 ----0 
[11:50:05.4318][772][Info]: 0 ----0 
[11:50:05.4498][773][Info]: 0 ----0 
[11:50:05.4498][774][Info]: 0 ----0 
[11:50:05.4498][775][Info]: 0 ----0 
[11:50:05.4718][776][Info]: 0 ----0 
[11:50:05.4718][777][Info]: 0 ----0 
[11:50:05.4838][778][Info]: 0 ----0 
[11:50:05.4838][779][Info]: 0 ----0 
[11:50:05.4959][780][Info]: 0 ----0 
[11:50:05.4959][781][Info]: 0 ----0 
[11:50:05.4959][782][Info]: 0 ----0 
[11:50:05.5139][783][Info]: 0 ----0 
[11:50:05.5139][784][Info]: 0 ----0 
[11:50:05.5269][785][Info]: 0 ----0 
[11:50:05.5269][786][Info]: 0 ----0 
[11:50:05.5269][787][Info]: 0 ----0 
[11:50:05.5445][788][Info]: 0 ----0 
[11:50:05.5445][789][Info]: 0 ----0 
[11:50:05.5635][790][Info]: 0 ----0 
[11:50:05.5725][791][Info]: 0 ----0 
[11:50:05.5725][792][Info]: 0 ----0 
[11:50:05.5725][793][Info]: 0 ----0 
[11:50:05.5910][794][Info]: 0 ----0 
[11:50:05.5910][795][Info]: 0 ----0 
[11:50:05.6030][796][Info]: 0 ----0 
[11:50:05.6030][797][Info]: 0 ----0 
[11:50:05.6030][798][Info]: 0 ----0 
[11:50:05.6228][799][Info]: 0 ----0 
[11:50:05.6228][800][Info]: 0 ----0 
[11:50:05.6368][801][Info]: 0 ----0 
[11:50:05.6368][802][Info]: 0 ----0 
[11:50:05.6368][803][Info]: 0 ----0 
[11:50:05.6548][804][Info]: 0 ----0 
[11:50:05.6548][805][Info]: 0 ----0 
[11:50:05.6678][806][Info]: 0 ----0 
[11:50:05.6678][807][Info]: 0 ----0 
[11:50:05.6818][808][Info]: 0 ----0 
[11:50:05.6818][809][Info]: 0 ----0 
[11:50:05.6818][810][Info]: 0 ----0 
[11:50:05.7031][811][Info]: 0 ----0 
[11:50:05.7031][812][Info]: 0 ----0 
[11:50:05.7187][813][Info]: 0 ----0 
[11:50:05.7187][814][Info]: 0 ----0 
[11:50:05.7357][815][Info]: 0 ----0 
[11:50:05.7437][816][Info]: 0 ----0 
[11:50:05.7437][817][Info]: 0 ----0 
[11:50:05.7437][818][Info]: 0 ----0 
[11:50:05.7667][819][Info]: 0 ----0 
[11:50:05.7667][820][Info]: 0 ----0 
[11:50:05.7807][821][Info]: 0 ----0 
[11:50:05.7807][822][Info]: 0 ----0 
[11:50:05.7963][823][Info]: 0 ----0 
[11:50:05.8063][824][Info]: 0 ----0 
[11:50:05.8063][825][Info]: 0 ----0 
[11:50:05.8063][826][Info]: 0 ----0 
[11:50:05.8293][827][Info]: 0 ----0 
[11:50:05.8293][828][Info]: 0 ----0 
[11:50:05.8439][829][Info]: 0 ----0 
[11:50:05.8439][830][Info]: 0 ----0 
[11:50:05.8619][831][Info]: 0 ----0 
[11:50:05.8729][832][Info]: 0 ----0 
[11:50:05.8889][833][Info]: 0 ----0 
[11:50:05.8889][834][Info]: 0 ----0 
[11:50:05.9060][835][Info]: 0 ----0 
[11:50:05.9060][836][Info]: 0 ----0 
[11:50:05.9190][837][Info]: 0 ----0 
[11:50:05.9190][838][Info]: 0 ----0 
[11:50:05.9340][839][Info]: 0 ----0 
[11:50:05.9340][840][Info]: 0 ----0 
[11:50:05.9510][841][Info]: 0 ----0 
[11:50:05.9510][842][Info]: 0 ----0 
[11:50:05.9680][843][Info]: 0 ----0 
[11:50:05.9680][844][Info]: 0 ----0 
[11:50:05.9875][845][Info]: 0 ----0 
[11:50:05.9945][846][Info]: 0 ----0 
[11:50:05.9945][847][Info]: 0 ----0 
[11:50:06.0162][848][Info]: 0 ----0 
[11:50:06.0282][849][Info]: 0 ----0 
[11:50:06.0282][850][Info]: 0 ----0 
[11:50:06.0452][851][Info]: 0 ----0 
[11:50:06.0562][852][Info]: 0 ----0 
[11:50:06.0562][853][Info]: 0 ----0 
[11:50:06.0722][854][Info]: 0 ----0 
[11:50:06.0722][855][Info]: 0 ----0 
[11:50:06.0914][856][Info]: 0 ----0 
[11:50:06.0914][857][Info]: 0 ----0 
[11:50:06.1072][858][Info]: 0 ----0 
[11:50:06.1072][859][Info]: 0 ----0 
[11:50:06.1232][860][Info]: 0 ----0 
[11:50:06.1232][861][Info]: 0 ----0 
[11:50:06.1412][862][Info]: 0 ----0 
[11:50:06.1532][863][Info]: 0 ----0 
[11:50:06.1532][864][Info]: 0 ----0 
[11:50:06.1722][865][Info]: 0 ----0 
[11:50:06.1812][866][Info]: 0 ----0 
[11:50:06.1812][867][Info]: 0 ----0 
[11:50:06.2012][868][Info]: 0 ----0 
[11:50:06.2012][869][Info]: 0 ----0 
[11:50:06.2202][870][Info]: 0 ----0 
[11:50:06.2282][871][Info]: 0 ----0 
[11:50:06.2282][872][Info]: 0 ----0 
[11:50:06.2282][873][Info]: 0 ----0 
[11:50:06.2492][874][Info]: 0 ----0 
[11:50:06.2492][875][Info]: 0 ----0 
[11:50:06.2632][876][Info]: 0 ----0 
[11:50:06.2632][877][Info]: 0 ----0 
[11:50:06.2782][878][Info]: 0 ----0 
[11:50:06.2782][879][Info]: 0 ----0 
[11:50:06.2962][880][Info]: 0 ----0 
[11:50:06.2962][881][Info]: 0 ----0 
[11:50:06.3152][882][Info]: 0 ----0 
[11:50:06.3272][883][Info]: 0 ----0 
[11:50:06.3272][884][Info]: 0 ----0 
[11:50:06.3442][885][Info]: 0 ----0 
[11:50:06.3442][886][Info]: 0 ----0 
[11:50:06.3582][887][Info]: 0 ----0 
[11:50:06.3582][888][Info]: 0 ----0 
[11:50:06.3762][889][Info]: 0 ----0 
[11:50:06.3852][890][Info]: 0 ----0 
[11:50:06.3852][891][Info]: 0 ----0 
[11:50:06.4038][892][Info]: 0 ----0 
[11:50:06.4038][893][Info]: 0 ----0 
[11:50:06.4178][894][Info]: 0 ----0 
[11:50:06.4178][895][Info]: 0 ----0 
[11:50:06.4178][896][Info]: 0 ----0 
[11:50:06.4378][897][Info]: 0 ----0 
[11:50:06.4378][898][Info]: 0 ----0 
[11:50:06.4508][899][Info]: 0 ----0 
[11:50:06.4508][900][Info]: 0 ----0 
[11:50:06.4628][901][Info]: 0 ----0 
[11:50:06.4628][902][Info]: 0 ----0 
[11:50:06.4808][903][Info]: 0 ----0 
[11:50:06.4808][904][Info]: 0 ----0 
[11:50:06.5020][905][Info]: 0 ----0 
[11:50:06.5020][906][Info]: 0 ----0 
[11:50:06.5150][907][Info]: 0 ----0 
[11:50:06.5150][908][Info]: 0 ----0 
[11:50:06.5270][909][Info]: 0 ----0 
[11:50:06.5270][910][Info]: 0 ----0 
[11:50:06.5270][911][Info]: 0 ----0 
[11:50:06.5470][912][Info]: 0 ----0 
[11:50:06.5470][913][Info]: 0 ----0 
[11:50:06.5620][914][Info]: 0 ----0 
[11:50:06.5620][915][Info]: 0 ----0 
[11:50:06.5770][916][Info]: 0 ----0 
[11:50:06.5770][917][Info]: 0 ----0 
[11:50:06.5900][918][Info]: 0 ----0 
[11:50:06.5900][919][Info]: 0 ----0 
[11:50:06.5900][920][Info]: 0 ----0 
[11:50:06.6088][921][Info]: 0 ----0 
[11:50:06.6088][922][Info]: 0 ----0 
[11:50:06.6198][923][Info]: 0 ----0 
[11:50:06.6198][924][Info]: 0 ----0 
[11:50:06.6388][925][Info]: 0 ----0 
[11:50:06.6388][926][Info]: 0 ----0 
[11:50:06.6508][927][Info]: 0 ----0 
[11:50:06.6508][928][Info]: 0 ----0 
[11:50:06.6508][929][Info]: 0 ----0 
[11:50:06.6728][930][Info]: 0 ----0 
[11:50:06.6728][931][Info]: 0 ----0 
[11:50:06.6918][932][Info]: 0 ----0 
[11:50:06.6982][933][Info]: 0 ----0 
[11:50:06.7132][934][Info]: 0 ----0 
[11:50:06.7132][935][Info]: 0 ----0 
[11:50:06.7332][936][Info]: 0 ----0 
[11:50:06.7332][937][Info]: 0 ----0 
[11:50:06.7482][938][Info]: 0 ----0 
[11:50:06.7482][939][Info]: 0 ----0 
[11:50:06.7642][940][Info]: 0 ----0 
[11:50:06.7642][941][Info]: 0 ----0 
[11:50:06.7812][942][Info]: 0 ----0 
[11:50:06.8004][943][Info]: 0 ----0 
[11:50:06.8164][944][Info]: 0 ----0 
[11:50:06.8294][945][Info]: 0 ----0 
[11:50:06.8514][946][Info]: 0 ----0 
[11:50:06.8594][947][Info]: 0 ----0 
[11:50:06.8594][948][Info]: 0 ----0 
[11:50:06.8754][949][Info]: 0 ----0 
[11:50:06.8844][950][Info]: 0 ----0 
[11:50:06.8844][951][Info]: 0 ----0 
[11:50:06.8844][952][Info]: 0 ----0 
[11:50:06.9114][953][Info]: 0 ----0 
[11:50:06.9184][954][Info]: 0 ----0 
[11:50:06.9184][955][Info]: 0 ----0 
[11:50:06.9364][956][Info]: 0 ----0 
[11:50:06.9584][957][Info]: 0 ----0 
[11:50:06.9684][958][Info]: 0 ----0 
[11:50:06.9784][959][Info]: 0 ----0 
[11:50:06.9784][960][Info]: 0 ----0 
[11:50:06.9984][961][Info]: 0 ----0 
[11:50:07.0114][962][Info]: 0 ----0 
[11:50:07.0114][963][Info]: 0 ----0 
[11:50:07.0434][964][Info]: 0 ----0 
[11:50:07.0434][965][Info]: 0 ----0 
[11:50:07.0593][966][Info]: 0 ----0 
[11:50:07.0593][967][Info]: 0 ----0 
[11:50:07.0733][968][Info]: 0 ----0 
[11:50:07.0733][969][Info]: 0 ----0 
[11:50:07.0903][970][Info]: 0 ----0 
[11:50:07.0903][971][Info]: 0 ----0 
[11:50:07.1073][972][Info]: 0 ----0 
[11:50:07.1073][973][Info]: 0 ----0 
[11:50:07.1243][974][Info]: 0 ----0 
[11:50:07.1243][975][Info]: 0 ----0 
[11:50:07.1453][976][Info]: 0 ----0 
[11:50:07.1553][977][Info]: 0 ----0 
[11:50:07.1553][978][Info]: 0 ----0 
[11:50:07.1703][979][Info]: 0 ----0 
[11:50:07.1703][980][Info]: 0 ----0 
[11:50:07.1843][981][Info]: 0 ----0 
[11:50:07.1843][982][Info]: 0 ----0 
[11:50:07.1973][983][Info]: 0 ----0 
[11:50:07.1973][984][Info]: 0 ----0 
[11:50:07.1973][985][Info]: 0 ----0 
[11:50:07.2183][986][Info]: 0 ----0 
[11:50:07.2183][987][Info]: 0 ----0 
[11:50:07.2353][988][Info]: 0 ----0 
[11:50:07.2443][989][Info]: 0 ----0 
[11:50:07.2443][990][Info]: 0 ----0 
[11:50:07.2593][991][Info]: 0 ----0 
[11:50:07.2593][992][Info]: 0 ----0 
[11:50:07.2593][993][Info]: 0 ----0 
[11:50:07.2803][994][Info]: 0 ----0 
[11:50:07.2803][995][Info]: 0 ----0 
[11:50:07.2933][996][Info]: 0 ----0 
[11:50:07.2933][997][Info]: 0 ----0 
[11:50:07.3073][998][Info]: 0 ----0 
[11:50:07.3073][999][Info]: 0 ----0 
[11:50:07.3233][1000][Info]: 0 ----0 
[11:50:07.3233][1001][Info]: 0 ----0 
[11:50:07.3233][1002][Info]: 0 ----0 
[11:50:07.3463][1003][Info]: 0 ----0 
[11:50:07.3533][1004][Info]: 0 ----0 
[11:50:07.3533][1005][Info]: 0 ----0 
[11:50:07.3533][1006][Info]: 0 ----0 
[11:50:07.3753][1007][Info]: 0 ----0 
[11:50:07.3753][1008][Info]: 0 ----0 
[11:50:07.3912][1009][Info]: 0 ----0 
[11:50:07.4002][1010][Info]: 0 ----0 
[11:50:07.4002][1011][Info]: 0 ----0 
[11:50:07.4002][1012][Info]: 0 ----0 
[11:50:07.4212][1013][Info]: 0 ----0 
[11:50:07.4212][1014][Info]: 0 ----0 
[11:50:07.4342][1015][Info]: 0 ----0 
[11:50:07.4342][1016][Info]: 0 ----0 
[11:50:07.4342][1017][Info]: 0 ----0 
[11:50:07.4532][1018][Info]: 0 ----0 
[11:50:07.4532][1019][Info]: 0 ----0 
[11:50:07.4692][1020][Info]: 0 ----0 
[11:50:07.4692][1021][Info]: 0 ----0 
[11:50:07.4822][1022][Info]: 0 ----0 
[11:50:07.4822][1023][Info]: 0 ----0 
[11:50:07.4952][1024][Info]: 0 ----0 
[11:50:07.4952][1025][Info]: 0 ----0 
[11:50:07.4952][1026][Info]: 0 ----0 
[11:50:07.5132][1027][Info]: 0 ----0 
[11:50:07.5132][1028][Info]: 0 ----0 
[11:50:07.5272][1029][Info]: 0 ----0 
[11:50:07.5272][1030][Info]: 0 ----0 
[11:50:07.5272][1031][Info]: 0 ----0 
[11:50:07.5452][1032][Info]: 0 ----0 
[11:50:07.5452][1033][Info]: 0 ----0 
[11:50:07.5652][1034][Info]: 0 ----0 
[11:50:07.5742][1035][Info]: 0 ----0 
[11:50:07.5742][1036][Info]: 0 ----0 
[11:50:07.5882][1037][Info]: 0 ----0 
[11:50:07.5882][1038][Info]: 0 ----0 
[11:50:07.5882][1039][Info]: 0 ----0 
[11:50:07.6122][1040][Info]: 0 ----0 
[11:50:07.6122][1041][Info]: 0 ----0 
[11:50:07.6279][1042][Info]: 0 ----0 
[11:50:07.6394][1043][Info]: 0 ----0 
[11:50:07.6394][1044][Info]: 0 ----0 
[11:50:07.6554][1045][Info]: 0 ----0 
[11:50:07.6554][1046][Info]: 0 ----0 
[11:50:07.6714][1047][Info]: 0 ----0 
[11:50:07.6714][1048][Info]: 0 ----0 
[11:50:07.6884][1049][Info]: 0 ----0 
[11:50:07.6884][1050][Info]: 0 ----0 
[11:50:07.7084][1051][Info]: 0 ----0 
[11:50:07.7204][1052][Info]: 0 ----0 
[11:50:07.7334][1053][Info]: 0 ----0 
[11:50:07.7334][1054][Info]: 0 ----0 
[11:50:07.7494][1055][Info]: 0 ----0 
[11:50:07.7494][1056][Info]: 0 ----0 
[11:50:07.7644][1057][Info]: 0 ----0 
[11:50:07.7644][1058][Info]: 0 ----0 
[11:50:07.7794][1059][Info]: 0 ----0 
[11:50:07.7794][1060][Info]: 0 ----0 
[11:50:07.7954][1061][Info]: 0 ----0 
[11:50:07.7954][1062][Info]: 0 ----0 
[11:50:07.8154][1063][Info]: 0 ----0 
[11:50:07.8274][1064][Info]: 0 ----0 
[11:50:07.8274][1065][Info]: 0 ----0 
[11:50:07.8414][1066][Info]: 0 ----0 
[11:50:07.8414][1067][Info]: 0 ----0 
[11:50:07.8603][1068][Info]: 0 ----0 
[11:50:07.8733][1069][Info]: 0 ----0 
[11:50:07.8733][1070][Info]: 0 ----0 
[11:50:07.8923][1071][Info]: 0 ----0 
[11:50:07.8923][1072][Info]: 0 ----0 
[11:50:07.9083][1073][Info]: 0 ----0 
[11:50:07.9083][1074][Info]: 0 ----0 
[11:50:07.9223][1075][Info]: 0 ----0 
[11:50:07.9313][1076][Info]: 0 ----0 
[11:50:07.9313][1077][Info]: 0 ----0 
[11:50:07.9513][1078][Info]: 0 ----0 
[11:50:07.9513][1079][Info]: 0 ----0 
[11:50:07.9703][1080][Info]: 0 ----0 
[11:50:07.9943][1081][Info]: 0 ----0 
[11:50:08.0153][1082][Info]: 0 ----0 
[11:50:08.0373][1083][Info]: 0 ----0 
[11:50:08.0553][1084][Info]: 0 ----0 
[11:50:08.0703][1085][Info]: 0 ----0 
[11:50:08.0803][1086][Info]: 0 ----0 
[11:50:08.0953][1087][Info]: 0 ----0 
[11:50:08.1033][1088][Info]: 0 ----0 
[11:50:08.1033][1089][Info]: 0 ----0 
[11:50:08.1273][1090][Info]: 0 ----0 
[11:50:08.1443][1091][Info]: 0 ----0 
[11:50:08.1533][1092][Info]: 0 ----0 
[11:50:08.1533][1093][Info]: 0 ----0 
[11:50:08.1752][1094][Info]: 0 ----0 
[11:50:08.1872][1095][Info]: 0 ----0 
[11:50:08.2012][1096][Info]: 0 ----0 
[11:50:08.2012][1097][Info]: 0 ----0 
[11:50:08.2212][1098][Info]: 0 ----0 
[11:50:08.2312][1099][Info]: 0 ----0 
[11:50:08.2462][1100][Info]: 0 ----0 
[11:50:08.2462][1101][Info]: 0 ----0 
[11:50:08.2672][1102][Info]: 0 ----0 
[11:50:08.2672][1103][Info]: 0 ----0 
[11:50:08.2812][1104][Info]: 0 ----0 
[11:50:08.2932][1105][Info]: 0 ----0 
[11:50:08.2932][1106][Info]: 0 ----0 
[11:50:08.3102][1107][Info]: 0 ----0 
[11:50:08.3102][1108][Info]: 0 ----0 
[11:50:08.3242][1109][Info]: 0 ----0 
[11:50:08.3242][1110][Info]: 0 ----0 
[11:50:08.3452][1111][Info]: 0 ----0 
[11:50:08.3452][1112][Info]: 0 ----0 
[11:50:08.3582][1113][Info]: 0 ----0 
[11:50:08.3582][1114][Info]: 0 ----0 
[11:50:08.3752][1115][Info]: 0 ----0 
[11:50:08.3752][1116][Info]: 0 ----0 
[11:50:08.3952][1117][Info]: 0 ----0 
[11:50:08.4052][1118][Info]: 0 ----0 
[11:50:08.4052][1119][Info]: 0 ----0 
[11:50:08.4202][1120][Info]: 0 ----0 
[11:50:08.4202][1121][Info]: 0 ----0 
[11:50:08.4352][1122][Info]: 0 ----0 
[11:50:08.4352][1123][Info]: 0 ----0 
[11:50:08.4502][1124][Info]: 0 ----0 
[11:50:08.4502][1125][Info]: 0 ----0 
[11:50:08.4662][1126][Info]: 0 ----0 
[11:50:08.4662][1127][Info]: 0 ----0 
[11:50:08.4832][1128][Info]: 0 ----0 
[11:50:08.4941][1129][Info]: 0 ----0 
[11:50:08.4941][1130][Info]: 0 ----0 
[11:50:08.4941][1131][Info]: 0 ----0 
[11:50:08.5131][1132][Info]: 0 ----0 
[11:50:08.5131][1133][Info]: 0 ----0 
[11:50:08.5281][1134][Info]: 0 ----0 
[11:50:08.5281][1135][Info]: 0 ----0 
[11:50:08.5441][1136][Info]: 0 ----0 
[11:50:08.5441][1137][Info]: 0 ----0 
[11:50:08.5602][1138][Info]: 0 ----0 
[11:50:08.5602][1139][Info]: 0 ----0 
[11:50:08.5742][1140][Info]: 0 ----0 
[11:50:08.5742][1141][Info]: 0 ----0 
[11:50:08.5882][1142][Info]: 0 ----0 
[11:50:08.5882][1143][Info]: 0 ----0 
[11:50:08.5882][1144][Info]: 0 ----0 
[11:50:08.6082][1145][Info]: 0 ----0 
[11:50:08.6082][1146][Info]: 0 ----0 
[11:50:08.6242][1147][Info]: 0 ----0 
[11:50:08.6242][1148][Info]: 0 ----0 
[11:50:08.6452][1149][Info]: 0 ----0 
[11:50:08.6542][1150][Info]: 0 ----0 
[11:50:08.6542][1151][Info]: 0 ----0 
[11:50:08.6682][1152][Info]: 0 ----0 
[11:50:08.6682][1153][Info]: 0 ----0 
[11:50:08.6682][1154][Info]: 0 ----0 
[11:50:08.6872][1155][Info]: 0 ----0 
[11:50:08.6872][1156][Info]: 0 ----0 
[11:50:08.7002][1157][Info]: 0 ----0 
[11:50:08.7002][1158][Info]: 0 ----0 
[11:50:08.7162][1159][Info]: 0 ----0 
[11:50:08.7162][1160][Info]: 0 ----0 
[11:50:08.7312][1161][Info]: 0 ----0 
[11:50:08.7312][1162][Info]: 0 ----0 
[11:50:08.7461][1163][Info]: 0 ----0 
[11:50:08.7461][1164][Info]: 0 ----0 
[11:50:08.7461][1165][Info]: 0 ----0 
[11:50:08.7652][1166][Info]: 0 ----0 
[11:50:08.7652][1167][Info]: 0 ----0 
[11:50:08.7781][1168][Info]: 0 ----0 
[11:50:08.7781][1169][Info]: 0 ----0 
[11:50:08.7781][1170][Info]: 0 ----0 
[11:50:08.8021][1171][Info]: 0 ----0 
[11:50:08.8141][1172][Info]: 0 ----0 
[11:50:08.8141][1173][Info]: 0 ----0 
[11:50:08.8301][1174][Info]: 0 ----0 
[11:50:08.8391][1175][Info]: 0 ----0 
[11:50:08.8391][1176][Info]: 0 ----0 
[11:50:08.8581][1177][Info]: 0 ----0 
[11:50:08.8581][1178][Info]: 0 ----0 
[11:50:08.8721][1179][Info]: 0 ----0 
[11:50:08.8721][1180][Info]: 0 ----0 
[11:50:08.8871][1181][Info]: 0 ----0 
[11:50:08.8871][1182][Info]: 0 ----0 
[11:50:08.9007][1183][Info]: 0 ----0 
[11:50:08.9007][1184][Info]: 0 ----0 
[11:50:08.9007][1185][Info]: 0 ----0 
[11:50:08.9217][1186][Info]: 0 ----0 
[11:50:08.9217][1187][Info]: 0 ----0 
[11:50:08.9357][1188][Info]: 0 ----0 
[11:50:08.9357][1189][Info]: 0 ----0 
[11:50:08.9547][1190][Info]: 0 ----0 
[11:50:08.9687][1191][Info]: 0 ----0 
[11:50:08.9787][1192][Info]: 0 ----0 
[11:50:08.9787][1193][Info]: 0 ----0 
[11:50:08.9947][1194][Info]: 0 ----0 
[11:50:08.9947][1195][Info]: 0 ----0 
[11:50:09.0103][1196][Info]: 0 ----0 
[11:50:09.0103][1197][Info]: 0 ----0 
[11:50:09.0103][1198][Info]: 0 ----0 
[11:50:09.0312][1199][Info]: 0 ----0 
[11:50:09.0312][1200][Info]: 0 ----0 
[11:50:09.0502][1201][Info]: 0 ----0 
[11:50:09.0592][1202][Info]: 0 ----0 
[11:50:09.0592][1203][Info]: 0 ----0 
[11:50:09.0742][1204][Info]: 0 ----0 
[11:50:09.0742][1205][Info]: 0 ----0 
[11:50:09.0742][1206][Info]: 0 ----0 
[11:50:09.0932][1207][Info]: 0 ----0 
[11:50:09.0932][1208][Info]: 0 ----0 
[11:50:09.1122][1209][Info]: 0 ----0 
[11:50:09.1122][1210][Info]: 0 ----0 
[11:50:09.1252][1211][Info]: 0 ----0 
[11:50:09.1252][1212][Info]: 0 ----0 
[11:50:09.1412][1213][Info]: 0 ----0 
[11:50:09.1412][1214][Info]: 0 ----0 
[11:50:09.1582][1215][Info]: 0 ----0 
[11:50:09.1582][1216][Info]: 0 ----0 
[11:50:09.1722][1217][Info]: 0 ----0 
[11:50:09.1722][1218][Info]: 0 ----0 
[11:50:09.1872][1219][Info]: 0 ----0 
[11:50:09.1872][1220][Info]: 0 ----0 
[11:50:09.2021][1221][Info]: 0 ----0 
[11:50:09.2021][1222][Info]: 0 ----0 
[11:50:09.2202][1223][Info]: 0 ----0 
[11:50:09.2301][1224][Info]: 0 ----0 
[11:50:09.2301][1225][Info]: 0 ----0 
[11:50:09.2461][1226][Info]: 0 ----0 
[11:50:09.2461][1227][Info]: 0 ----0 
[11:50:09.2651][1228][Info]: 0 ----0 
[11:50:09.2651][1229][Info]: 0 ----0 
[11:50:09.2791][1230][Info]: 0 ----0 
[11:50:09.2791][1231][Info]: 0 ----0 
[11:50:09.2941][1232][Info]: 0 ----0 
[11:50:09.2941][1233][Info]: 0 ----0 
[11:50:09.3091][1234][Info]: 0 ----0 
[11:50:09.3091][1235][Info]: 0 ----0 
[11:50:09.3231][1236][Info]: 0 ----0 
[11:50:09.3231][1237][Info]: 0 ----0 
[11:50:09.3231][1238][Info]: 0 ----0 
[11:50:09.3421][1239][Info]: 0 ----0 
[11:50:09.3421][1240][Info]: 0 ----0 
[11:50:09.3591][1241][Info]: 0 ----0 
[11:50:09.3591][1242][Info]: 0 ----0 
[11:50:09.3741][1243][Info]: 0 ----0 
[11:50:09.3741][1244][Info]: 0 ----0 
[11:50:09.3921][1245][Info]: 0 ----0 
[11:50:09.3921][1246][Info]: 0 ----0 
[11:50:09.4107][1247][Info]: 0 ----0 
[11:50:09.4187][1248][Info]: 0 ----0 
[11:50:09.4187][1249][Info]: 0 ----0 
[11:50:09.4327][1250][Info]: 0 ----0 
[11:50:09.4327][1251][Info]: 0 ----0 
[11:50:09.4476][1252][Info]: 0 ----0 
[11:50:09.4476][1253][Info]: 0 ----0 
[11:50:09.4636][1254][Info]: 0 ----0 
[11:50:09.4636][1255][Info]: 0 ----0 
[11:50:09.4636][1256][Info]: 0 ----0 
[11:50:09.4826][1257][Info]: 0 ----0 
[11:50:09.4826][1258][Info]: 0 ----0 
[11:50:09.4956][1259][Info]: 0 ----0 
[11:50:09.4956][1260][Info]: 0 ----0 
[11:50:09.4956][1261][Info]: 0 ----0 
[11:50:09.5146][1262][Info]: 0 ----0 
[11:50:09.5146][1263][Info]: 0 ----0 
[11:50:09.5286][1264][Info]: 0 ----0 
[11:50:09.5286][1265][Info]: 0 ----0 
[11:50:09.5286][1266][Info]: 0 ----0 
[11:50:09.5476][1267][Info]: 0 ----0 
[11:50:09.5476][1268][Info]: 0 ----0 
[11:50:09.5806][1269][Info]: 0 ----0 
[11:50:09.5906][1270][Info]: 0 ----0 
[11:50:09.5906][1271][Info]: 0 ----0 
[11:50:09.5906][1272][Info]: 0 ----0 
[11:50:09.6096][1273][Info]: 0 ----0 
[11:50:09.6096][1274][Info]: 0 ----0 
[11:50:09.6226][1275][Info]: 0 ----0 
[11:50:09.6226][1276][Info]: 0 ----0 
[11:50:09.6396][1277][Info]: 0 ----0 
[11:50:09.6396][1278][Info]: 0 ----0 
[11:50:09.6566][1279][Info]: 0 ----0 
[11:50:09.6566][1280][Info]: 0 ----0 
[11:50:09.6696][1281][Info]: 0 ----0 
[11:50:09.6696][1282][Info]: 0 ----0 
[11:50:09.6816][1283][Info]: 0 ----0 
[11:50:09.6816][1284][Info]: 0 ----0 
[11:50:09.6974][1285][Info]: 0 ----0 
[11:50:09.6974][1286][Info]: 0 ----0 
[11:50:09.7194][1287][Info]: 0 ----0 
[11:50:09.7304][1288][Info]: 0 ----0 
[11:50:09.7304][1289][Info]: 0 ----0 
[11:50:09.7504][1290][Info]: 0 ----0 
[11:50:09.7594][1291][Info]: 0 ----0 
[11:50:09.7594][1292][Info]: 0 ----0 
[11:50:09.7993][1293][Info]: 0 ----0 
[11:50:09.8473][1294][Info]: 0 ----0 
[11:50:09.8613][1295][Info]: 0 ----0 
[11:50:09.8743][1296][Info]: 0 ----0 
[11:50:09.8883][1297][Info]: 0 ----0 
[11:50:09.9035][1298][Info]: 0 ----0 
[11:50:09.9035][1299][Info]: 0 ----0 
[11:50:09.9215][1300][Info]: 0 ----0 
[11:50:09.9325][1301][Info]: 0 ----0 
[11:50:09.9475][1302][Info]: 0 ----0 
[11:50:09.9475][1303][Info]: 0 ----0 
[11:50:09.9645][1304][Info]: 0 ----0 
[11:50:09.9645][1305][Info]: 0 ----0 
[11:50:09.9865][1306][Info]: 0 ----0 
[11:50:09.9865][1307][Info]: 0 ----0 
[11:50:10.0015][1308][Info]: 0 ----0 
[11:50:10.0015][1309][Info]: 0 ----0 
[11:50:10.0175][1310][Info]: 0 ----0 
[11:50:10.0275][1311][Info]: 0 ----0 
[11:50:10.0275][1312][Info]: 0 ----0 
[11:50:10.0475][1313][Info]: 0 ----0 
[11:50:10.0475][1314][Info]: 0 ----0 
[11:50:10.0635][1315][Info]: 0 ----0 
[11:50:10.0725][1316][Info]: 0 ----0 
[11:50:10.0725][1317][Info]: 0 ----0 
[11:50:10.0874][1318][Info]: 0 ----0 
[11:50:10.0874][1319][Info]: 0 ----0 
[11:50:10.1093][1320][Info]: 0 ----0 
[11:50:10.1093][1321][Info]: 0 ----0 
[11:50:10.1213][1322][Info]: 0 ----0 
[11:50:10.1213][1323][Info]: 0 ----0 
[11:50:10.1353][1324][Info]: 0 ----0 
[11:50:10.1353][1325][Info]: 0 ----0 
[11:50:10.1353][1326][Info]: 0 ----0 
[11:50:10.1563][1327][Info]: 0 ----0 
[11:50:10.1563][1328][Info]: 0 ----0 
[11:50:10.1723][1329][Info]: 0 ----0 
[11:50:10.1833][1330][Info]: 0 ----0 
[11:50:10.1833][1331][Info]: 0 ----0 
[11:50:10.1989][1332][Info]: 0 ----0 
[11:50:10.1989][1333][Info]: 0 ----0 
[11:50:10.2134][1334][Info]: 0 ----0 
[11:50:10.2134][1335][Info]: 0 ----0 
[11:50:10.2134][1336][Info]: 0 ----0 
[11:50:10.2364][1337][Info]: 0 ----0 
[11:50:10.2364][1338][Info]: 0 ----0 
[11:50:10.2514][1339][Info]: 0 ----0 
[11:50:10.2514][1340][Info]: 0 ----0 
[11:50:10.2644][1341][Info]: 0 ----0 
[11:50:10.2644][1342][Info]: 0 ----0 
[11:50:10.2774][1343][Info]: 0 ----0 
[11:50:10.2774][1344][Info]: 0 ----0 
[11:50:10.2774][1345][Info]: 0 ----0 
[11:50:10.2960][1346][Info]: 0 ----0 
[11:50:10.2960][1347][Info]: 0 ----0 
[11:50:10.3085][1348][Info]: 0 ----0 
[11:50:10.3085][1349][Info]: 0 ----0 
[11:50:10.3085][1350][Info]: 0 ----0 
[11:50:10.3265][1351][Info]: 0 ----0 
[11:50:10.3265][1352][Info]: 0 ----0 
[11:50:10.3440][1353][Info]: 0 ----0 
[11:50:10.3440][1354][Info]: 0 ----0 
[11:50:10.3570][1355][Info]: 0 ----0 
[11:50:10.3570][1356][Info]: 0 ----0 
[11:50:10.3770][1357][Info]: 0 ----0 
[11:50:10.3900][1358][Info]: 0 ----0 
[11:50:10.4010][1359][Info]: 0 ----0 
[11:50:10.4225][1360][Info]: 0 ----0 
[11:50:10.4225][1361][Info]: 0 ----0 
[11:50:10.4375][1362][Info]: 0 ----0 
[11:50:10.4375][1363][Info]: 0 ----0 
[11:50:10.4524][1364][Info]: 0 ----0 
[11:50:10.4524][1365][Info]: 0 ----0 
[11:50:10.4664][1366][Info]: 0 ----0 
[11:50:10.4664][1367][Info]: 0 ----0 
[11:50:10.4804][1368][Info]: 0 ----0 
[11:50:10.4804][1369][Info]: 0 ----0 
[11:50:10.4994][1370][Info]: 0 ----0 
[11:50:10.4994][1371][Info]: 0 ----0 
[11:50:10.5134][1372][Info]: 0 ----0 
[11:50:10.5134][1373][Info]: 0 ----0 
[11:50:10.5264][1374][Info]: 0 ----0 
[11:50:10.5264][1375][Info]: 0 ----0 
[11:50:10.5264][1376][Info]: 0 ----0 
[11:50:10.5464][1377][Info]: 0 ----0 
[11:50:10.5464][1378][Info]: 0 ----0 
[11:50:10.5604][1379][Info]: 0 ----0 
[11:50:10.5604][1380][Info]: 0 ----0 
[11:50:10.5754][1381][Info]: 0 ----0 
[11:50:10.5754][1382][Info]: 0 ----0 
[11:50:10.5934][1383][Info]: 0 ----0 
[11:50:10.5934][1384][Info]: 0 ----0 
[11:50:10.6084][1385][Info]: 0 ----0 
[11:50:10.6084][1386][Info]: 0 ----0 
[11:50:10.6224][1387][Info]: 0 ----0 
[11:50:10.6224][1388][Info]: 0 ----0 
[11:50:10.6384][1389][Info]: 0 ----0 
[11:50:10.6384][1390][Info]: 0 ----0 
[11:50:10.6574][1391][Info]: 0 ----0 
[11:50:10.6574][1392][Info]: 0 ----0 
[11:50:10.6714][1393][Info]: 0 ----0 
[11:50:10.6714][1394][Info]: 0 ----0 
[11:50:10.6864][1395][Info]: 0 ----0 
[11:50:10.6864][1396][Info]: 0 ----0 
[11:50:10.7012][1397][Info]: 0 ----0 
[11:50:10.7012][1398][Info]: 0 ----0 
[11:50:10.7172][1399][Info]: 0 ----0 
[11:50:10.7172][1400][Info]: 0 ----0 
[11:50:10.7322][1401][Info]: 0 ----0 
[11:50:10.7322][1402][Info]: 0 ----0 
[11:50:10.7452][1403][Info]: 0 ----0 
[11:50:10.7452][1404][Info]: 0 ----0 
[11:50:10.7452][1405][Info]: 0 ----0 
[11:50:10.7671][1406][Info]: 0 ----0 
[11:50:10.7671][1407][Info]: 0 ----0 
[11:50:10.7811][1408][Info]: 0 ----0 
[11:50:10.7811][1409][Info]: 0 ----0 
[11:50:10.7982][1410][Info]: 0 ----0 
[11:50:10.8075][1411][Info]: 0 ----0 
[11:50:10.8075][1412][Info]: 0 ----0 
[11:50:10.8075][1413][Info]: 0 ----0 
[11:50:10.8285][1414][Info]: 0 ----0 
[11:50:10.8285][1415][Info]: 0 ----0 
[11:50:10.8395][1416][Info]: 0 ----0 
[11:50:10.8395][1417][Info]: 0 ----0 
[11:50:10.8395][1418][Info]: 0 ----0 
[11:50:10.8565][1419][Info]: 0 ----0 
[11:50:10.8565][1420][Info]: 0 ----0 
[11:50:10.8695][1421][Info]: 0 ----0 
[11:50:10.8695][1422][Info]: 0 ----0 
[11:50:10.8695][1423][Info]: 0 ----0 
[11:50:10.8875][1424][Info]: 0 ----0 
[11:50:10.8875][1425][Info]: 0 ----0 
[11:50:10.8875][1426][Info]: 0 ----0 
[11:50:10.9049][1427][Info]: 0 ----0 
[11:50:10.9049][1428][Info]: 0 ----0 
[11:50:10.9159][1429][Info]: 0 ----0 
[11:50:10.9159][1430][Info]: 0 ----0 
[11:50:10.9159][1431][Info]: 0 ----0 
[11:50:10.9338][1432][Info]: 0 ----0 
[11:50:10.9338][1433][Info]: 0 ----0 
[11:50:10.9489][1434][Info]: 0 ----0 
[11:50:10.9489][1435][Info]: 0 ----0 
[11:50:10.9628][1436][Info]: 0 ----0 
[11:50:10.9628][1437][Info]: 0 ----0 
[11:50:10.9628][1438][Info]: 0 ----0 
[11:50:10.9808][1439][Info]: 0 ----0 
[11:50:10.9808][1440][Info]: 0 ----0 
[11:50:10.9951][1441][Info]: 0 ----0 
[11:50:10.9951][1442][Info]: 0 ----0 
[11:50:10.9951][1443][Info]: 0 ----0 
[11:50:11.0141][1444][Info]: 0 ----0 
[11:50:11.0141][1445][Info]: 0 ----0 
[11:50:11.0261][1446][Info]: 0 ----0 
[11:50:11.0261][1447][Info]: 0 ----0 
[11:50:11.0261][1448][Info]: 0 ----0 
[11:50:11.0451][1449][Info]: 0 ----0 
[11:50:11.0451][1450][Info]: 0 ----0 
[11:50:11.0571][1451][Info]: 0 ----0 
[11:50:11.0571][1452][Info]: 0 ----0 
[11:50:11.0571][1453][Info]: 0 ----0 
[11:50:11.0751][1454][Info]: 0 ----0 
[11:50:11.0751][1455][Info]: 0 ----0 
[11:50:11.0751][1456][Info]: 0 ----0 
[11:50:11.0931][1457][Info]: 0 ----0 
[11:50:11.0931][1458][Info]: 0 ----0 
[11:50:11.1118][1459][Info]: 0 ----0 
[11:50:11.1118][1460][Info]: 0 ----0 
[11:50:11.1238][1461][Info]: 0 ----0 
[11:50:11.1238][1462][Info]: 0 ----0 
[11:50:11.1368][1463][Info]: 0 ----0 
[11:50:11.1368][1464][Info]: 0 ----0 
[11:50:11.1368][1465][Info]: 0 ----0 
[11:50:11.1538][1466][Info]: 0 ----0 
[11:50:11.1538][1467][Info]: 0 ----0 
[11:50:11.1668][1468][Info]: 0 ----0 
[11:50:11.1668][1469][Info]: 0 ----0 
[11:50:11.1668][1470][Info]: 0 ----0 
[11:50:11.1868][1471][Info]: 0 ----0 
[11:50:11.1868][1472][Info]: 0 ----0 
[11:50:11.2038][1473][Info]: 0 ----0 
[11:50:11.2038][1474][Info]: 0 ----0 
[11:50:11.2198][1475][Info]: 0 ----0 
[11:50:11.2198][1476][Info]: 0 ----0 
[11:50:11.2348][1477][Info]: 0 ----0 
[11:50:11.2348][1478][Info]: 0 ----0 
[11:50:11.2478][1479][Info]: 0 ----0 
[11:50:11.2478][1480][Info]: 0 ----0 
[11:50:11.2648][1481][Info]: 0 ----0 
[11:50:11.2648][1482][Info]: 0 ----0 
[11:50:11.2768][1483][Info]: 0 ----0 
[11:50:11.2768][1484][Info]: 0 ----0 
[11:50:11.2768][1485][Info]: 0 ----0 
[11:50:11.2938][1486][Info]: 0 ----0 
[11:50:11.2938][1487][Info]: 0 ----0 
[11:50:11.3063][1488][Info]: 0 ----0 
[11:50:11.3063][1489][Info]: 0 ----0 
[11:50:11.3063][1490][Info]: 0 ----0 
[11:50:11.3263][1491][Info]: 0 ----0 
[11:50:11.3263][1492][Info]: 0 ----0 
[11:50:11.3403][1493][Info]: 0 ----0 
[11:50:11.3403][1494][Info]: 0 ----0 
[11:50:11.3533][1495][Info]: 0 ----0 
[11:50:11.3533][1496][Info]: 0 ----0 
[11:50:11.3533][1497][Info]: 0 ----0 
[11:50:11.3733][1498][Info]: 0 ----0 
[11:50:11.3733][1499][Info]: 0 ----0 
[11:50:11.3863][1500][Info]: 0 ----0 
[11:50:11.3863][1501][Info]: 0 ----0 
[11:50:11.4003][1502][Info]: 0 ----0 
[11:50:11.4003][1503][Info]: 0 ----0 
[11:50:11.4213][1504][Info]: 0 ----0 
[11:50:11.4213][1505][Info]: 0 ----0 
[11:50:11.4333][1506][Info]: 0 ----0 
[11:50:11.4333][1507][Info]: 0 ----0 
[11:50:11.4333][1508][Info]: 0 ----0 
[11:50:11.4513][1509][Info]: 0 ----0 
[11:50:11.6263][1510][Info]: 0 ----0 
[11:50:11.6413][1511][Info]: 0 ----0 
[11:50:11.6503][1512][Info]: 0 ----0 
[11:50:11.6503][1513][Info]: 0 ----0 
[11:50:11.6663][1514][Info]: 0 ----0 
[11:50:11.6663][1515][Info]: 0 ----0 
[11:50:11.6813][1516][Info]: 0 ----0 
[11:50:11.6813][1517][Info]: 0 ----0 
[11:50:11.6813][1518][Info]: 0 ----0 
[11:50:11.7032][1519][Info]: 0 ----0 
[11:50:11.7032][1520][Info]: 0 ----0 
[11:50:11.7182][1521][Info]: 0 ----0 
[11:50:11.7182][1522][Info]: 0 ----0 
[11:50:11.7342][1523][Info]: 0 ----0 
[11:50:11.7342][1524][Info]: 0 ----0 
[11:50:11.7492][1525][Info]: 0 ----0 
[11:50:11.7492][1526][Info]: 0 ----0 
[11:50:11.7652][1527][Info]: 0 ----0 
[11:50:11.7652][1528][Info]: 0 ----0 
[11:50:11.7792][1529][Info]: 0 ----0 
[11:50:11.7792][1530][Info]: 0 ----0 
[11:50:11.7981][1531][Info]: 0 ----0 
[11:50:11.7981][1532][Info]: 0 ----0 
[11:50:11.8121][1533][Info]: 0 ----0 
[11:50:11.8121][1534][Info]: 0 ----0 
[11:50:11.8261][1535][Info]: 0 ----0 
[11:50:11.8261][1536][Info]: 0 ----0 
[11:50:11.8441][1537][Info]: 0 ----0 
[11:50:11.8531][1538][Info]: 0 ----0 
[11:50:11.8531][1539][Info]: 0 ----0 
[11:50:11.8721][1540][Info]: 0 ----0 
[11:50:11.8721][1541][Info]: 0 ----0 
[11:50:11.8851][1542][Info]: 0 ----0 
[11:50:11.8851][1543][Info]: 0 ----0 
[11:50:11.8851][1544][Info]: 0 ----0 
[11:50:11.9051][1545][Info]: 0 ----0 
[11:50:11.9051][1546][Info]: 0 ----0 
[11:50:11.9171][1547][Info]: 0 ----0 
[11:50:11.9171][1548][Info]: 0 ----0 
[11:50:11.9171][1549][Info]: 0 ----0 
[11:50:11.9391][1550][Info]: 0 ----0 
[11:50:11.9481][1551][Info]: 0 ----0 
[11:50:11.9481][1552][Info]: 0 ----0 
[11:50:11.9481][1553][Info]: 0 ----0 
[11:50:11.9671][1554][Info]: 0 ----0 
[11:50:11.9671][1555][Info]: 0 ----0 
[11:50:11.9791][1556][Info]: 0 ----0 
[11:50:11.9791][1557][Info]: 0 ----0 
[11:50:11.9791][1558][Info]: 0 ----0 
[11:50:11.9981][1559][Info]: 0 ----0 
[11:50:11.9981][1560][Info]: 0 ----0 
[11:50:12.0104][1561][Info]: 0 ----0 
[11:50:12.0104][1562][Info]: 0 ----0 
[11:50:12.0104][1563][Info]: 0 ----0 
[11:50:12.0294][1564][Info]: 0 ----0 
[11:50:12.0294][1565][Info]: 0 ----0 
[11:50:12.0434][1566][Info]: 0 ----0 
[11:50:12.0434][1567][Info]: 0 ----0 
[11:50:12.0434][1568][Info]: 0 ----0 
[11:50:12.0614][1569][Info]: 0 ----0 
[11:50:12.0764][1570][Info]: 0 ----0 
[11:50:12.0764][1571][Info]: 0 ----0 
[11:50:12.0924][1572][Info]: 0 ----0 
[11:50:12.0924][1573][Info]: 0 ----0 
[11:50:12.1078][1574][Info]: 0 ----0 
[11:50:12.1078][1575][Info]: 0 ----0 
[11:50:12.1228][1576][Info]: 0 ----0 
[11:50:12.1228][1577][Info]: 0 ----0 
[11:50:12.1408][1578][Info]: 0 ----0 
