[11:26:46.7540][1][Info]: enter Launch procedure 
[11:26:46.8659][1][Info]: ===>加载配置 
[11:26:48.3663][1][Info]: ===>开始解析BuffConfig 
[11:26:48.3713][1][Info]: <===解析BuffConfig完毕 
[11:26:48.3713][1][Info]: ===>开始解析SkillConfig 
[11:26:48.3943][1][Info]: <===解析SkillConfig完毕 
[11:26:48.4283][1][Info]: <===配置加载完毕 
[11:26:48.6327][2][Info]: enter Init Procedure 
[11:26:48.6517][2][Warn]: Not found awake system:<PlayerComponent> 
[11:26:52.3523][196][Info]: 登录 
[11:26:52.3613][196][Info]: 1001 
[11:26:52.3688][196][Info]: 大厅阶段 
[11:26:52.4518][197][Info]: Scene Add Entity, Current Count:1 
[11:26:54.9000][349][Info]: 0 ----0 
[11:26:54.9000][349][Info]: Scene Remove Entity, Current Count:0 
[11:26:54.9000][349][Info]: Scene Add Entity, Current Count:1 
[11:26:55.0005][350][Info]: 0 ----0 
[11:26:55.1414][351][Info]: 0 ----0 
[11:26:55.2422][352][Info]: 0 ----0 
[11:26:55.2552][353][Info]: 0 ----0 
[11:26:55.2622][354][Info]: 0 ----0 
[11:26:55.2622][355][Info]: 0 ----0 
[11:26:55.2752][356][Info]: 0 ----0 
[11:26:55.2752][357][Info]: 0 ----0 
[11:26:55.2752][358][Info]: 0 ----0 
[11:26:55.2942][359][Info]: 0 ----0 
[11:26:55.2942][360][Info]: 0 ----0 
[11:26:55.3102][361][Info]: 0 ----0 
[11:26:55.3102][362][Info]: 0 ----0 
[11:26:55.3265][363][Info]: 0 ----0 
[11:26:55.3265][364][Info]: 0 ----0 
[11:26:55.3418][365][Info]: 0 ----0 
[11:26:55.3418][366][Info]: 0 ----0 
[11:26:55.3568][367][Info]: 0 ----0 
[11:26:55.3568][368][Info]: 0 ----0 
[11:26:55.3698][369][Info]: 0 ----0 
[11:26:55.3698][370][Info]: 0 ----0 
[11:26:55.3698][371][Info]: 0 ----0 
[11:26:55.3958][372][Info]: 0 ----0 
[11:26:55.4028][373][Info]: 0 ----0 
[11:26:55.4028][374][Info]: 0 ----0 
[11:26:55.4168][375][Info]: 0 ----0 
[11:26:55.4168][376][Info]: 0 ----0 
[11:26:55.4168][377][Info]: 0 ----0 
[11:26:55.4348][378][Info]: 0 ----0 
[11:26:55.4348][379][Info]: 0 ----0 
[11:26:55.4478][380][Info]: 0 ----0 
[11:26:55.4478][381][Info]: 0 ----0 
[11:26:55.4478][382][Info]: 0 ----0 
[11:26:55.4708][383][Info]: 0 ----0 
[11:26:55.4788][384][Info]: 0 ----0 
[11:26:55.4788][385][Info]: 0 ----0 
[11:26:55.4948][386][Info]: 0 ----0 
[11:26:55.4948][387][Info]: 0 ----0 
[11:26:55.4948][388][Info]: 0 ----0 
[11:26:55.5148][389][Info]: 0 ----0 
[11:26:55.5148][390][Info]: 0 ----0 
[11:26:55.5268][391][Info]: 0 ----0 
[11:26:55.5268][392][Info]: 0 ----0 
[11:26:55.5268][393][Info]: 0 ----0 
[11:26:55.5458][394][Info]: 0 ----0 
[11:26:55.5458][395][Info]: 0 ----0 
[11:26:55.5607][396][Info]: 0 ----0 
[11:26:55.5607][397][Info]: 0 ----0 
[11:26:55.5737][398][Info]: 0 ----0 
[11:26:55.5737][399][Info]: 0 ----0 
[11:26:55.5737][400][Info]: 0 ----0 
[11:26:55.5953][401][Info]: 0 ----0 
[11:26:55.5953][402][Info]: 0 ----0 
[11:26:55.6083][403][Info]: 0 ----0 
[11:26:55.6083][404][Info]: 0 ----0 
[11:26:55.6223][405][Info]: 0 ----0 
[11:26:55.6223][406][Info]: 0 ----0 
[11:26:55.6363][407][Info]: 0 ----0 
[11:26:55.6363][408][Info]: 0 ----0 
[11:26:55.6553][409][Info]: 0 ----0 
[11:26:55.6553][410][Info]: 0 ----0 
[11:26:55.6722][411][Info]: 0 ----0 
[11:26:55.6722][412][Info]: 0 ----0 
[11:26:55.6852][413][Info]: 0 ----0 
[11:26:55.6852][414][Info]: 0 ----0 
[11:26:55.6973][415][Info]: 0 ----0 
[11:26:55.6973][416][Info]: 0 ----0 
[11:26:55.6973][417][Info]: 0 ----0 
[11:26:55.7172][418][Info]: 0 ----0 
[11:26:55.7172][419][Info]: 0 ----0 
[11:26:55.7332][420][Info]: 0 ----0 
[11:26:55.7332][421][Info]: 0 ----0 
[11:26:55.7462][422][Info]: 0 ----0 
[11:26:55.7462][423][Info]: 0 ----0 
[11:26:55.7462][424][Info]: 0 ----0 
[11:26:55.7650][425][Info]: 0 ----0 
[11:26:55.7650][426][Info]: 0 ----0 
[11:26:55.7770][427][Info]: 0 ----0 
[11:26:55.7770][428][Info]: 0 ----0 
[11:26:55.7770][429][Info]: 0 ----0 
[11:26:55.7980][430][Info]: 0 ----0 
[11:26:55.8070][431][Info]: 0 ----0 
[11:26:55.8070][432][Info]: 0 ----0 
[11:26:55.8240][433][Info]: 0 ----0 
[11:26:55.8240][434][Info]: 0 ----0 
[11:26:55.8389][435][Info]: 0 ----0 
[11:26:55.8389][436][Info]: 0 ----0 
[11:26:55.8389][437][Info]: 0 ----0 
[11:26:55.8589][438][Info]: 0 ----0 
[11:26:55.8589][439][Info]: 0 ----0 
[11:26:55.8729][440][Info]: 0 ----0 
[11:26:55.8729][441][Info]: 0 ----0 
[11:26:55.8869][442][Info]: 0 ----0 
[11:26:55.8869][443][Info]: 0 ----0 
[11:26:55.8999][444][Info]: 0 ----0 
[11:26:55.8999][445][Info]: 0 ----0 
[11:26:55.8999][446][Info]: 0 ----0 
[11:26:55.9199][447][Info]: 0 ----0 
[11:26:55.9199][448][Info]: 0 ----0 
[11:26:55.9333][449][Info]: 0 ----0 
[11:26:55.9333][450][Info]: 0 ----0 
[11:26:55.9473][451][Info]: 0 ----0 
[11:26:55.9473][452][Info]: 0 ----0 
[11:26:55.9633][453][Info]: 0 ----0 
[11:26:55.9633][454][Info]: 0 ----0 
[11:26:55.9813][455][Info]: 0 ----0 
[11:26:55.9813][456][Info]: 0 ----0 
[11:26:55.9943][457][Info]: 0 ----0 
[11:26:55.9943][458][Info]: 0 ----0 
[11:26:56.0099][459][Info]: 0 ----0 
[11:26:56.0099][460][Info]: 0 ----0 
[11:26:56.0099][461][Info]: 0 ----0 
[11:26:56.0283][462][Info]: 0 ----0 
[11:26:56.0283][463][Info]: 0 ----0 
[11:26:56.0423][464][Info]: 0 ----0 
[11:26:56.0423][465][Info]: 0 ----0 
[11:26:56.0573][466][Info]: 0 ----0 
[11:26:56.0573][467][Info]: 0 ----0 
[11:26:56.0729][468][Info]: 0 ----0 
[11:26:56.0729][469][Info]: 0 ----0 
[11:26:56.0729][470][Info]: 0 ----0 
[11:26:56.0928][471][Info]: 0 ----0 
[11:26:56.0928][472][Info]: 0 ----0 
[11:26:56.1068][473][Info]: 0 ----0 
[11:26:56.1068][474][Info]: 0 ----0 
[11:26:56.1228][475][Info]: 0 ----0 
[11:26:56.1228][476][Info]: 0 ----0 
[11:26:56.1396][477][Info]: 0 ----0 
[11:26:56.1396][478][Info]: 0 ----0 
[11:26:56.1566][479][Info]: 0 ----0 
[11:26:56.1566][480][Info]: 0 ----0 
[11:26:56.1696][481][Info]: 0 ----0 
[11:26:56.1696][482][Info]: 0 ----0 
[11:26:56.1846][483][Info]: 0 ----0 
[11:26:56.1846][484][Info]: 0 ----0 
[11:26:56.1986][485][Info]: 0 ----0 
[11:26:56.1986][486][Info]: 0 ----0 
[11:26:56.2156][487][Info]: 0 ----0 
[11:26:56.2156][488][Info]: 0 ----0 
[11:26:56.2326][489][Info]: 0 ----0 
[11:26:56.2326][490][Info]: 0 ----0 
[11:26:56.2481][491][Info]: 0 ----0 
[11:26:56.2481][492][Info]: 0 ----0 
[11:26:56.2626][493][Info]: 0 ----0 
[11:26:56.2626][494][Info]: 0 ----0 
[11:26:56.2796][495][Info]: 0 ----0 
[11:26:56.2796][496][Info]: 0 ----0 
[11:26:56.2946][497][Info]: 0 ----0 
[11:26:56.2946][498][Info]: 0 ----0 
[11:26:56.3106][499][Info]: 0 ----0 
[11:26:56.3106][500][Info]: 0 ----0 
[11:26:56.3256][501][Info]: 0 ----0 
[11:26:56.3256][502][Info]: 0 ----0 
[11:26:56.3406][503][Info]: 0 ----0 
[11:26:56.3406][504][Info]: 0 ----0 
[11:26:56.3546][505][Info]: 0 ----0 
[11:26:56.3546][506][Info]: 0 ----0 
[11:26:56.3696][507][Info]: 0 ----0 
[11:26:56.3696][508][Info]: 0 ----0 
[11:26:56.3696][509][Info]: 0 ----0 
[11:26:56.3926][510][Info]: 0 ----0 
[11:26:56.4016][511][Info]: 0 ----0 
[11:26:56.4016][512][Info]: 0 ----0 
[11:26:56.4196][513][Info]: 0 ----0 
[11:26:56.4196][514][Info]: 0 ----0 
[11:26:56.4366][515][Info]: 0 ----0 
[11:26:56.4366][516][Info]: 0 ----0 
[11:26:56.4516][517][Info]: 0 ----0 
[11:26:56.4516][518][Info]: 0 ----0 
[11:26:56.4656][519][Info]: 0 ----0 
[11:26:56.4656][520][Info]: 0 ----0 
[11:26:56.4826][521][Info]: 0 ----0 
[11:26:56.4826][522][Info]: 0 ----0 
[11:26:56.4966][523][Info]: 0 ----0 
[11:26:56.4966][524][Info]: 0 ----0 
[11:26:56.5106][525][Info]: 0 ----0 
[11:26:56.5106][526][Info]: 0 ----0 
[11:26:56.5286][527][Info]: 0 ----0 
[11:26:56.5286][528][Info]: 0 ----0 
[11:26:56.5446][529][Info]: 0 ----0 
[11:26:56.5446][530][Info]: 0 ----0 
[11:26:56.5626][531][Info]: 0 ----0 
[11:26:56.5626][532][Info]: 0 ----0 
[11:26:56.5806][533][Info]: 0 ----0 
[11:26:56.5896][534][Info]: 0 ----0 
[11:26:56.5896][535][Info]: 0 ----0 
[11:26:56.6036][536][Info]: 0 ----0 
[11:26:56.6036][537][Info]: 0 ----0 
[11:26:56.6036][538][Info]: 0 ----0 
[11:26:56.6255][539][Info]: 0 ----0 
[11:26:56.6255][540][Info]: 0 ----0 
[11:26:56.6433][541][Info]: 0 ----0 
[11:26:56.6543][542][Info]: 0 ----0 
[11:26:56.6543][543][Info]: 0 ----0 
[11:26:56.6723][544][Info]: 0 ----0 
[11:26:56.6723][545][Info]: 0 ----0 
[11:26:56.6853][546][Info]: 0 ----0 
[11:26:56.6853][547][Info]: 0 ----0 
[11:26:56.6973][548][Info]: 0 ----0 
[11:26:56.6973][549][Info]: 0 ----0 
[11:26:56.6973][550][Info]: 0 ----0 
[11:26:56.7153][551][Info]: 0 ----0 
[11:26:56.7153][552][Info]: 0 ----0 
[11:26:56.7313][553][Info]: 0 ----0 
[11:26:56.7313][554][Info]: 0 ----0 
[11:26:56.7473][555][Info]: 0 ----0 
[11:26:56.7473][556][Info]: 0 ----0 
[11:26:56.7623][557][Info]: 0 ----0 
[11:26:56.7623][558][Info]: 0 ----0 
[11:26:56.7763][559][Info]: 0 ----0 
[11:26:56.7763][560][Info]: 0 ----0 
[11:26:56.7763][561][Info]: 0 ----0 
[11:26:56.7963][562][Info]: 0 ----0 
[11:26:56.7963][563][Info]: 0 ----0 
[11:26:56.8133][564][Info]: 0 ----0 
[11:26:56.8133][565][Info]: 0 ----0 
[11:26:56.8252][566][Info]: 0 ----0 
[11:26:56.8252][567][Info]: 0 ----0 
[11:26:56.8252][568][Info]: 0 ----0 
[11:26:56.8442][569][Info]: 0 ----0 
[11:26:56.8442][570][Info]: 0 ----0 
[11:26:56.8582][571][Info]: 0 ----0 
[11:26:56.8582][572][Info]: 0 ----0 
[11:26:56.8742][573][Info]: 0 ----0 
[11:26:56.8742][574][Info]: 0 ----0 
[11:26:56.8932][575][Info]: 0 ----0 
[11:26:56.9012][576][Info]: 0 ----0 
[11:26:56.9012][577][Info]: 0 ----0 
[11:26:56.9012][578][Info]: 0 ----0 
[11:26:56.9222][579][Info]: 0 ----0 
[11:26:56.9222][580][Info]: 0 ----0 
[11:26:56.9382][581][Info]: 0 ----0 
[11:26:56.9382][582][Info]: 0 ----0 
[11:26:56.9532][583][Info]: 0 ----0 
[11:26:56.9532][584][Info]: 0 ----0 
[11:26:56.9662][585][Info]: 0 ----0 
[11:26:56.9662][586][Info]: 0 ----0 
[11:26:56.9852][587][Info]: 0 ----0 
[11:26:56.9852][588][Info]: 0 ----0 
[11:26:57.0002][589][Info]: 0 ----0 
[11:26:57.0002][590][Info]: 0 ----0 
[11:26:57.0162][591][Info]: 0 ----0 
[11:26:57.0162][592][Info]: 0 ----0 
[11:26:57.0302][593][Info]: 0 ----0 
[11:26:57.0302][594][Info]: 0 ----0 
[11:26:57.0478][595][Info]: 0 ----0 
[11:26:57.0568][596][Info]: 0 ----0 
[11:26:57.0568][597][Info]: 0 ----0 
[11:26:57.0728][598][Info]: 0 ----0 
[11:26:57.0728][599][Info]: 0 ----0 
[11:26:57.0728][600][Info]: 0 ----0 
[11:26:57.0953][601][Info]: 0 ----0 
[11:26:57.0953][602][Info]: 0 ----0 
[11:26:57.1083][603][Info]: 0 ----0 
[11:26:57.1083][604][Info]: 0 ----0 
[11:26:57.1223][605][Info]: 0 ----0 
[11:26:57.1223][606][Info]: 0 ----0 
[11:26:57.1373][607][Info]: 0 ----0 
[11:26:57.1373][608][Info]: 0 ----0 
[11:26:57.1523][609][Info]: 0 ----0 
[11:26:57.1523][610][Info]: 0 ----0 
[11:26:57.1673][611][Info]: 0 ----0 
[11:26:57.1673][612][Info]: 0 ----0 
[11:26:57.1823][613][Info]: 0 ----0 
[11:26:57.1823][614][Info]: 0 ----0 
[11:26:57.2003][615][Info]: 0 ----0 
[11:26:57.2003][616][Info]: 0 ----0 
[11:26:57.2193][617][Info]: 0 ----0 
[11:26:57.2283][618][Info]: 0 ----0 
[11:26:57.2283][619][Info]: 0 ----0 
[11:26:57.2283][620][Info]: 0 ----0 
[11:26:57.2493][621][Info]: 0 ----0 
[11:26:57.2493][622][Info]: 0 ----0 
[11:26:57.2633][623][Info]: 0 ----0 
[11:26:57.2633][624][Info]: 0 ----0 
[11:26:57.2783][625][Info]: 0 ----0 
[11:26:57.2783][626][Info]: 0 ----0 
[11:26:57.2943][627][Info]: 0 ----0 
[11:26:57.2943][628][Info]: 0 ----0 
[11:26:57.3132][629][Info]: 0 ----0 
[11:26:57.3132][630][Info]: 0 ----0 
[11:26:57.3282][631][Info]: 0 ----0 
[11:26:57.3400][632][Info]: 0 ----0 
[11:26:57.3400][633][Info]: 0 ----0 
[11:26:57.3610][634][Info]: 0 ----0 
[11:26:57.3690][635][Info]: 0 ----0 
[11:26:57.3690][636][Info]: 0 ----0 
[11:26:57.3899][637][Info]: 0 ----0 
[11:26:57.4009][638][Info]: 0 ----0 
[11:26:57.4009][639][Info]: 0 ----0 
[11:26:57.4199][640][Info]: 0 ----0 
[11:26:57.4199][641][Info]: 0 ----0 
[11:26:57.4329][642][Info]: 0 ----0 
[11:26:57.4329][643][Info]: 0 ----0 
[11:26:57.4469][644][Info]: 0 ----0 
[11:26:57.4469][645][Info]: 0 ----0 
[11:26:57.4469][646][Info]: 0 ----0 
[11:26:57.4659][647][Info]: 0 ----0 
[11:26:57.4659][648][Info]: 0 ----0 
[11:26:57.4809][649][Info]: 0 ----0 
[11:26:57.4809][650][Info]: 0 ----0 
[11:26:57.4949][651][Info]: 0 ----0 
[11:26:57.4949][652][Info]: 0 ----0 
[11:26:57.5105][653][Info]: 0 ----0 
[11:26:57.5105][654][Info]: 0 ----0 
[11:26:57.5105][655][Info]: 0 ----0 
[11:26:57.5292][656][Info]: 0 ----0 
[11:26:57.5292][657][Info]: 0 ----0 
[11:26:57.5413][658][Info]: 0 ----0 
[11:26:57.5413][659][Info]: 0 ----0 
[11:26:57.5413][660][Info]: 0 ----0 
[11:26:57.5623][661][Info]: 0 ----0 
[11:26:57.5623][662][Info]: 0 ----0 
[11:26:57.5783][663][Info]: 0 ----0 
[11:26:57.5783][664][Info]: 0 ----0 
[11:26:57.5923][665][Info]: 0 ----0 
[11:26:57.5923][666][Info]: 0 ----0 
[11:26:57.6063][667][Info]: 0 ----0 
[11:26:57.6063][668][Info]: 0 ----0 
[11:26:57.6232][669][Info]: 0 ----0 
[11:26:57.6232][670][Info]: 0 ----0 
[11:26:57.6432][671][Info]: 0 ----0 
[11:26:57.6532][672][Info]: 0 ----0 
[11:26:57.6532][673][Info]: 0 ----0 
[11:26:57.6722][674][Info]: 0 ----0 
[11:26:57.6812][675][Info]: 0 ----0 
[11:26:57.6812][676][Info]: 0 ----0 
[11:26:57.7022][677][Info]: 0 ----0 
[11:26:57.7022][678][Info]: 0 ----0 
[11:26:57.7182][679][Info]: 0 ----0 
[11:26:57.7182][680][Info]: 0 ----0 
[11:26:57.7342][681][Info]: 0 ----0 
[11:26:57.7342][682][Info]: 0 ----0 
[11:26:57.7509][683][Info]: 0 ----0 
[11:26:57.7509][684][Info]: 0 ----0 
[11:26:57.7639][685][Info]: 0 ----0 
[11:26:57.7639][686][Info]: 0 ----0 
[11:26:57.7779][687][Info]: 0 ----0 
[11:26:57.7779][688][Info]: 0 ----0 
[11:26:57.7938][689][Info]: 0 ----0 
[11:26:57.7938][690][Info]: 0 ----0 
[11:26:57.8128][691][Info]: 0 ----0 
[11:26:57.8248][692][Info]: 0 ----0 
[11:26:57.8248][693][Info]: 0 ----0 
[11:26:57.8436][694][Info]: 0 ----0 
[11:26:57.8436][695][Info]: 0 ----0 
[11:26:57.8576][696][Info]: 0 ----0 
[11:26:57.8576][697][Info]: 0 ----0 
[11:26:57.8736][698][Info]: 0 ----0 
[11:26:57.8736][699][Info]: 0 ----0 
[11:26:57.8886][700][Info]: 0 ----0 
[11:26:57.8886][701][Info]: 0 ----0 
[11:26:57.9016][702][Info]: 0 ----0 
[11:26:57.9016][703][Info]: 0 ----0 
[11:26:57.9166][704][Info]: 0 ----0 
[11:26:57.9166][705][Info]: 0 ----0 
[11:26:57.9336][706][Info]: 0 ----0 
[11:26:57.9336][707][Info]: 0 ----0 
[11:26:57.9336][708][Info]: 0 ----0 
[11:26:57.9556][709][Info]: 0 ----0 
[11:26:57.9626][710][Info]: 0 ----0 
[11:26:57.9626][711][Info]: 0 ----0 
[11:26:57.9856][712][Info]: 0 ----0 
[11:26:57.9856][713][Info]: 0 ----0 
[11:26:57.9996][714][Info]: 0 ----0 
[11:26:57.9996][715][Info]: 0 ----0 
[11:26:58.0126][716][Info]: 0 ----0 
[11:26:58.0126][717][Info]: 0 ----0 
[11:26:58.0256][718][Info]: 0 ----0 
[11:26:58.0256][719][Info]: 0 ----0 
[11:26:58.0256][720][Info]: 0 ----0 
[11:26:58.0477][721][Info]: 0 ----0 
[11:26:58.0567][722][Info]: 0 ----0 
[11:26:58.0567][723][Info]: 0 ----0 
[11:26:58.0727][724][Info]: 0 ----0 
[11:26:58.0727][725][Info]: 0 ----0 
[11:26:58.0727][726][Info]: 0 ----0 
[11:26:58.0917][727][Info]: 0 ----0 
[11:26:58.0917][728][Info]: 0 ----0 
[11:26:58.1037][729][Info]: 0 ----0 
[11:26:58.1037][730][Info]: 0 ----0 
[11:26:58.1037][731][Info]: 0 ----0 
[11:26:58.1317][732][Info]: 0 ----0 
[11:26:58.1437][733][Info]: 0 ----0 
[11:26:58.1437][734][Info]: 0 ----0 
[11:26:58.1557][735][Info]: 0 ----0 
[11:26:58.1557][736][Info]: 0 ----0 
[11:26:58.1677][737][Info]: 0 ----0 
[11:26:58.1677][738][Info]: 0 ----0 
[11:26:58.1677][739][Info]: 0 ----0 
[11:26:58.1867][740][Info]: 0 ----0 
[11:26:58.1867][741][Info]: 0 ----0 
[11:26:58.1987][742][Info]: 0 ----0 
[11:26:58.1987][743][Info]: 0 ----0 
[11:26:58.2157][744][Info]: 0 ----0 
[11:26:58.2157][745][Info]: 0 ----0 
[11:26:58.2326][746][Info]: 0 ----0 
[11:26:58.2326][747][Info]: 0 ----0 
[11:26:58.2487][748][Info]: 0 ----0 
[11:26:58.2487][749][Info]: 0 ----0 
[11:26:58.2627][750][Info]: 0 ----0 
[11:26:58.2627][751][Info]: 0 ----0 
[11:26:58.2787][752][Info]: 0 ----0 
[11:26:58.2787][753][Info]: 0 ----0 
[11:26:58.2967][754][Info]: 0 ----0 
[11:26:58.2967][755][Info]: 0 ----0 
[11:26:58.3186][756][Info]: 0 ----0 
[11:26:58.3256][757][Info]: 0 ----0 
[11:26:58.3256][758][Info]: 0 ----0 
[11:26:58.3427][759][Info]: 0 ----0 
[11:26:58.3427][760][Info]: 0 ----0 
[11:26:58.3566][761][Info]: 0 ----0 
[11:26:58.3566][762][Info]: 0 ----0 
[11:26:58.3736][763][Info]: 0 ----0 
[11:26:58.3736][764][Info]: 0 ----0 
[11:26:58.3926][765][Info]: 0 ----0 
[11:26:58.4036][766][Info]: 0 ----0 
[11:26:58.4036][767][Info]: 0 ----0 
[11:26:58.4256][768][Info]: 0 ----0 
[11:26:58.4376][769][Info]: 0 ----0 
[11:26:58.4476][770][Info]: 0 ----0 
[11:26:58.4476][771][Info]: 0 ----0 
[11:26:58.4666][772][Info]: 0 ----0 
[11:26:58.4666][773][Info]: 0 ----0 
[11:26:58.4876][774][Info]: 0 ----0 
[11:26:58.4946][775][Info]: 0 ----0 
[11:26:58.4946][776][Info]: 0 ----0 
[11:26:58.5096][777][Info]: 0 ----0 
[11:26:58.5096][778][Info]: 0 ----0 
[11:26:58.5256][779][Info]: 0 ----0 
[11:26:58.5256][780][Info]: 0 ----0 
[11:26:58.5456][781][Info]: 0 ----0 
[11:26:58.5456][782][Info]: 0 ----0 
[11:26:58.5676][783][Info]: 0 ----0 
[11:26:58.5776][784][Info]: 0 ----0 
[11:26:58.5776][785][Info]: 0 ----0 
[11:26:58.5936][786][Info]: 0 ----0 
[11:26:58.5936][787][Info]: 0 ----0 
[11:26:58.6056][788][Info]: 0 ----0 
[11:26:58.6056][789][Info]: 0 ----0 
[11:26:58.6205][790][Info]: 0 ----0 
[11:26:58.6205][791][Info]: 0 ----0 
[11:26:58.6375][792][Info]: 0 ----0 
[11:26:58.6375][793][Info]: 0 ----0 
[11:26:58.6535][794][Info]: 0 ----0 
[11:26:58.6535][795][Info]: 0 ----0 
[11:26:58.6662][796][Info]: 0 ----0 
[11:26:58.6662][797][Info]: 0 ----0 
[11:26:58.6662][798][Info]: 0 ----0 
[11:26:58.6852][799][Info]: 0 ----0 
[11:26:58.6852][800][Info]: 0 ----0 
[11:26:58.7012][801][Info]: 0 ----0 
[11:26:58.7012][802][Info]: 0 ----0 
[11:26:58.7142][803][Info]: 0 ----0 
[11:26:58.7142][804][Info]: 0 ----0 
[11:26:58.7302][805][Info]: 0 ----0 
[11:26:58.7302][806][Info]: 0 ----0 
[11:26:58.7480][807][Info]: 0 ----0 
[11:26:58.7480][808][Info]: 0 ----0 
[11:26:58.7609][809][Info]: 0 ----0 
[11:26:58.7609][810][Info]: 0 ----0 
[11:26:58.7758][811][Info]: 0 ----0 
[11:26:58.7758][812][Info]: 0 ----0 
[11:26:58.7758][813][Info]: 0 ----0 
[11:26:58.7958][814][Info]: 0 ----0 
[11:26:58.7958][815][Info]: 0 ----0 
[11:26:58.8108][816][Info]: 0 ----0 
[11:26:58.8108][817][Info]: 0 ----0 
[11:26:58.8248][818][Info]: 0 ----0 
[11:26:58.8248][819][Info]: 0 ----0 
[11:26:58.8398][820][Info]: 0 ----0 
[11:26:58.8538][821][Info]: 0 ----0 
[11:26:58.8538][822][Info]: 0 ----0 
[11:26:58.8788][823][Info]: 0 ----0 
[11:26:58.9038][824][Info]: 0 ----0 
[11:26:58.9038][825][Info]: 0 ----0 
[11:26:58.9218][826][Info]: 0 ----0 
[11:26:58.9218][827][Info]: 0 ----0 
[11:26:58.9348][828][Info]: 0 ----0 
[11:26:58.9348][829][Info]: 0 ----0 
[11:26:58.9478][830][Info]: 0 ----0 
[11:26:58.9478][831][Info]: 0 ----0 
[11:26:58.9478][832][Info]: 0 ----0 
[11:26:58.9678][833][Info]: 0 ----0 
[11:26:58.9678][834][Info]: 0 ----0 
[11:26:58.9848][835][Info]: 0 ----0 
[11:26:58.9848][836][Info]: 0 ----0 
[11:26:58.9998][837][Info]: 0 ----0 
[11:26:58.9998][838][Info]: 0 ----0 
[11:26:59.0158][839][Info]: 0 ----0 
[11:26:59.0158][840][Info]: 0 ----0 
[11:26:59.0287][841][Info]: 0 ----0 
[11:26:59.0287][842][Info]: 0 ----0 
[11:26:59.0427][843][Info]: 0 ----0 
[11:26:59.0627][844][Info]: 0 ----0 
[11:26:59.0737][845][Info]: 0 ----0 
[11:26:59.0737][846][Info]: 0 ----0 
[11:26:59.0737][847][Info]: 0 ----0 
[11:26:59.0917][848][Info]: 0 ----0 
[11:26:59.0917][849][Info]: 0 ----0 
[11:26:59.1047][850][Info]: 0 ----0 
[11:26:59.1047][851][Info]: 0 ----0 
[11:26:59.1047][852][Info]: 0 ----0 
[11:26:59.1227][853][Info]: 0 ----0 
[11:26:59.1227][854][Info]: 0 ----0 
[11:26:59.1347][855][Info]: 0 ----0 
[11:26:59.1347][856][Info]: 0 ----0 
[11:26:59.1507][857][Info]: 0 ----0 
[11:26:59.1507][858][Info]: 0 ----0 
[11:26:59.1507][859][Info]: 0 ----0 
[11:26:59.1693][860][Info]: 0 ----0 
[11:26:59.1693][861][Info]: 0 ----0 
[11:26:59.1823][862][Info]: 0 ----0 
[11:26:59.1823][863][Info]: 0 ----0 
[11:26:59.1823][864][Info]: 0 ----0 
[11:26:59.2023][865][Info]: 0 ----0 
[11:26:59.2023][866][Info]: 0 ----0 
[11:26:59.2163][867][Info]: 0 ----0 
[11:26:59.2283][868][Info]: 0 ----0 
[11:26:59.2283][869][Info]: 0 ----0 
[11:26:59.2283][870][Info]: 0 ----0 
[11:26:59.2473][871][Info]: 0 ----0 
[11:26:59.2473][872][Info]: 0 ----0 
[11:26:59.2603][873][Info]: 0 ----0 
[11:26:59.2603][874][Info]: 0 ----0 
[11:26:59.2763][875][Info]: 0 ----0 
[11:26:59.2763][876][Info]: 0 ----0 
[11:26:59.2923][877][Info]: 0 ----0 
[11:26:59.2923][878][Info]: 0 ----0 
[11:26:59.3062][879][Info]: 0 ----0 
[11:26:59.3062][880][Info]: 0 ----0 
[11:26:59.3222][881][Info]: 0 ----0 
[11:26:59.3222][882][Info]: 0 ----0 
[11:26:59.3222][883][Info]: 0 ----0 
[11:26:59.3423][884][Info]: 0 ----0 
[11:26:59.3423][885][Info]: 0 ----0 
[11:26:59.3573][886][Info]: 0 ----0 
[11:26:59.3573][887][Info]: 0 ----0 
[11:26:59.3733][888][Info]: 0 ----0 
[11:26:59.3733][889][Info]: 0 ----0 
[11:26:59.3883][890][Info]: 0 ----0 
[11:26:59.3883][891][Info]: 0 ----0 
[11:26:59.4052][892][Info]: 0 ----0 
[11:26:59.4052][893][Info]: 0 ----0 
[11:26:59.4202][894][Info]: 0 ----0 
[11:26:59.4202][895][Info]: 0 ----0 
[11:26:59.4352][896][Info]: 0 ----0 
[11:26:59.4352][897][Info]: 0 ----0 
[11:26:59.4492][898][Info]: 0 ----0 
[11:26:59.4492][899][Info]: 0 ----0 
[11:26:59.4492][900][Info]: 0 ----0 
[11:26:59.4732][901][Info]: 0 ----0 
[11:26:59.4822][902][Info]: 0 ----0 
[11:26:59.4822][903][Info]: 0 ----0 
[11:26:59.4942][904][Info]: 0 ----0 
[11:26:59.4942][905][Info]: 0 ----0 
[11:26:59.4942][906][Info]: 0 ----0 
[11:26:59.5162][907][Info]: 0 ----0 
[11:26:59.5162][908][Info]: 0 ----0 
[11:26:59.5292][909][Info]: 0 ----0 
[11:26:59.5292][910][Info]: 0 ----0 
[11:26:59.5413][911][Info]: 0 ----0 
[11:26:59.5413][912][Info]: 0 ----0 
[11:26:59.5563][913][Info]: 0 ----0 
[11:26:59.5563][914][Info]: 0 ----0 
[11:26:59.5563][915][Info]: 0 ----0 
[11:26:59.5763][916][Info]: 0 ----0 
[11:26:59.5763][917][Info]: 0 ----0 
[11:26:59.5883][918][Info]: 0 ----0 
[11:26:59.5883][919][Info]: 0 ----0 
[11:26:59.5883][920][Info]: 0 ----0 
[11:26:59.6072][921][Info]: 0 ----0 
[11:26:59.6072][922][Info]: 0 ----0 
[11:26:59.6202][923][Info]: 0 ----0 
[11:26:59.6202][924][Info]: 0 ----0 
[11:26:59.6202][925][Info]: 0 ----0 
[11:26:59.6392][926][Info]: 0 ----0 
[11:26:59.6392][927][Info]: 0 ----0 
[11:26:59.6522][928][Info]: 0 ----0 
[11:26:59.6522][929][Info]: 0 ----0 
[11:26:59.6682][930][Info]: 0 ----0 
[11:26:59.6682][931][Info]: 0 ----0 
[11:26:59.6822][932][Info]: 0 ----0 
[11:26:59.6822][933][Info]: 0 ----0 
[11:26:59.6822][934][Info]: 0 ----0 
[11:26:59.7012][935][Info]: 0 ----0 
[11:26:59.7012][936][Info]: 0 ----0 
[11:26:59.7142][937][Info]: 0 ----0 
[11:26:59.7142][938][Info]: 0 ----0 
[11:26:59.7302][939][Info]: 0 ----0 
[11:26:59.7302][940][Info]: 0 ----0 
[11:26:59.7437][941][Info]: 0 ----0 
[11:26:59.7437][942][Info]: 0 ----0 
[11:26:59.7437][943][Info]: 0 ----0 
[11:26:59.7633][944][Info]: 0 ----0 
[11:26:59.7633][945][Info]: 0 ----0 
[11:26:59.7763][946][Info]: 0 ----0 
[11:26:59.7763][947][Info]: 0 ----0 
[11:26:59.7763][948][Info]: 0 ----0 
[11:26:59.7953][949][Info]: 0 ----0 
[11:26:59.7953][950][Info]: 0 ----0 
[11:26:59.8143][951][Info]: 0 ----0 
[11:26:59.8222][952][Info]: 0 ----0 
[11:26:59.8222][953][Info]: 0 ----0 
[11:26:59.8222][954][Info]: 0 ----0 
[11:26:59.8413][955][Info]: 0 ----0 
[11:26:59.8413][956][Info]: 0 ----0 
[11:26:59.8543][957][Info]: 0 ----0 
[11:26:59.8543][958][Info]: 0 ----0 
[11:26:59.8543][959][Info]: 0 ----0 
[11:26:59.8723][960][Info]: 0 ----0 
[11:26:59.8723][961][Info]: 0 ----0 
[11:26:59.8883][962][Info]: 0 ----0 
[11:26:59.8883][963][Info]: 0 ----0 
[11:26:59.9013][964][Info]: 0 ----0 
[11:26:59.9013][965][Info]: 0 ----0 
[11:26:59.9013][966][Info]: 0 ----0 
[11:26:59.9203][967][Info]: 0 ----0 
[11:26:59.9203][968][Info]: 0 ----0 
[11:26:59.9342][969][Info]: 0 ----0 
[11:26:59.9342][970][Info]: 0 ----0 
[11:26:59.9342][971][Info]: 0 ----0 
[11:26:59.9523][972][Info]: 0 ----0 
[11:26:59.9523][973][Info]: 0 ----0 
[11:26:59.9703][974][Info]: 0 ----0 
[11:26:59.9803][975][Info]: 0 ----0 
[11:26:59.9803][976][Info]: 0 ----0 
[11:26:59.9803][977][Info]: 0 ----0 
[11:26:59.9993][978][Info]: 0 ----0 
[11:26:59.9993][979][Info]: 0 ----0 
[11:27:00.0123][980][Info]: 0 ----0 
[11:27:00.0123][981][Info]: 0 ----0 
[11:27:00.0123][982][Info]: 0 ----0 
[11:27:00.0313][983][Info]: 0 ----0 
[11:27:00.0313][984][Info]: 0 ----0 
[11:27:00.0448][985][Info]: 0 ----0 
[11:27:00.0448][986][Info]: 0 ----0 
[11:27:00.0624][987][Info]: 0 ----0 
[11:27:00.0624][988][Info]: 0 ----0 
[11:27:00.0764][989][Info]: 0 ----0 
[11:27:00.0764][990][Info]: 0 ----0 
[11:27:00.0914][991][Info]: 0 ----0 
[11:27:00.0914][992][Info]: 0 ----0 
[11:27:00.1034][993][Info]: 0 ----0 
[11:27:00.1034][994][Info]: 0 ----0 
[11:27:00.1034][995][Info]: 0 ----0 
[11:27:00.1254][996][Info]: 0 ----0 
[11:27:00.1254][997][Info]: 0 ----0 
[11:27:00.1392][998][Info]: 0 ----0 
[11:27:00.1392][999][Info]: 0 ----0 
[11:27:00.1552][1000][Info]: 0 ----0 
[11:27:00.1552][1001][Info]: 0 ----0 
[11:27:00.1712][1002][Info]: 0 ----0 
[11:27:00.1712][1003][Info]: 0 ----0 
[11:27:00.1842][1004][Info]: 0 ----0 
[11:27:00.1842][1005][Info]: 0 ----0 
[11:27:00.1972][1006][Info]: 0 ----0 
[11:27:00.1972][1007][Info]: 0 ----0 
[11:27:00.1972][1008][Info]: 0 ----0 
[11:27:00.2182][1009][Info]: 0 ----0 
[11:27:00.2182][1010][Info]: 0 ----0 
[11:27:00.2343][1011][Info]: 0 ----0 
[11:27:00.2343][1012][Info]: 0 ----0 
[11:27:00.2463][1013][Info]: 0 ----0 
[11:27:00.2463][1014][Info]: 0 ----0 
[11:27:00.2463][1015][Info]: 0 ----0 
[11:27:00.2653][1016][Info]: 0 ----0 
[11:27:00.2653][1017][Info]: 0 ----0 
[11:27:00.2813][1018][Info]: 0 ----0 
[11:27:00.2813][1019][Info]: 0 ----0 
[11:27:00.2963][1020][Info]: 0 ----0 
[11:27:00.2963][1021][Info]: 0 ----0 
[11:27:00.3122][1022][Info]: 0 ----0 
[11:27:00.3122][1023][Info]: 0 ----0 
[11:27:00.3262][1024][Info]: 0 ----0 
[11:27:00.3262][1025][Info]: 0 ----0 
[11:27:00.3383][1026][Info]: 0 ----0 
[11:27:00.3383][1027][Info]: 0 ----0 
[11:27:00.3383][1028][Info]: 0 ----0 
[11:27:00.3563][1029][Info]: 0 ----0 
[11:27:00.3563][1030][Info]: 0 ----0 
[11:27:00.3693][1031][Info]: 0 ----0 
[11:27:00.3693][1032][Info]: 0 ----0 
[11:27:00.3693][1033][Info]: 0 ----0 
[11:27:00.3893][1034][Info]: 0 ----0 
[11:27:00.3893][1035][Info]: 0 ----0 
[11:27:00.4013][1036][Info]: 0 ----0 
[11:27:00.4013][1037][Info]: 0 ----0 
[11:27:00.4013][1038][Info]: 0 ----0 
[11:27:00.4213][1039][Info]: 0 ----0 
[11:27:00.4213][1040][Info]: 0 ----0 
[11:27:00.4353][1041][Info]: 0 ----0 
[11:27:00.4353][1042][Info]: 0 ----0 
[11:27:00.4493][1043][Info]: 0 ----0 
[11:27:00.4493][1044][Info]: 0 ----0 
[11:27:00.4493][1045][Info]: 0 ----0 
[11:27:00.4722][1046][Info]: 0 ----0 
[11:27:00.4782][1047][Info]: 0 ----0 
[11:27:00.4782][1048][Info]: 0 ----0 
[11:27:00.4782][1049][Info]: 0 ----0 
[11:27:00.5003][1050][Info]: 0 ----0 
[11:27:00.5003][1051][Info]: 0 ----0 
[11:27:00.5132][1052][Info]: 0 ----0 
[11:27:00.5132][1053][Info]: 0 ----0 
[11:27:00.5272][1054][Info]: 0 ----0 
[11:27:00.5272][1055][Info]: 0 ----0 
[11:27:00.5409][1056][Info]: 0 ----0 
[11:27:00.5409][1057][Info]: 0 ----0 
[11:27:00.5409][1058][Info]: 0 ----0 
[11:27:00.5659][1059][Info]: 0 ----0 
[11:27:00.5739][1060][Info]: 0 ----0 
[11:27:00.5739][1061][Info]: 0 ----0 
[11:27:00.5909][1062][Info]: 0 ----0 
[11:27:00.5909][1063][Info]: 0 ----0 
[11:27:00.6049][1064][Info]: 0 ----0 
[11:27:00.6049][1065][Info]: 0 ----0 
[11:27:00.6189][1066][Info]: 0 ----0 
[11:27:00.6189][1067][Info]: 0 ----0 
[11:27:00.6189][1068][Info]: 0 ----0 
[11:27:00.6389][1069][Info]: 0 ----0 
[11:27:00.6509][1070][Info]: 0 ----0 
[11:27:00.6509][1071][Info]: 0 ----0 
[11:27:00.6509][1072][Info]: 0 ----0 
[11:27:00.6719][1073][Info]: 0 ----0 
[11:27:00.6719][1074][Info]: 0 ----0 
[11:27:00.6869][1075][Info]: 0 ----0 
[11:27:00.6869][1076][Info]: 0 ----0 
[11:27:00.7039][1077][Info]: 0 ----0 
[11:27:00.7039][1078][Info]: 0 ----0 
[11:27:00.7199][1079][Info]: 0 ----0 
[11:27:00.7339][1080][Info]: 0 ----0 
[11:27:00.7458][1081][Info]: 0 ----0 
[11:27:00.7458][1082][Info]: 0 ----0 
[11:27:00.7638][1083][Info]: 0 ----0 
[11:27:00.7638][1084][Info]: 0 ----0 
[11:27:00.7788][1085][Info]: 0 ----0 
[11:27:00.7908][1086][Info]: 0 ----0 
[11:27:00.7908][1087][Info]: 0 ----0 
[11:27:00.8088][1088][Info]: 0 ----0 
[11:27:00.8088][1089][Info]: 0 ----0 
[11:27:00.8238][1090][Info]: 0 ----0 
[11:27:00.8238][1091][Info]: 0 ----0 
[11:27:00.8378][1092][Info]: 0 ----0 
[11:27:00.8378][1093][Info]: 0 ----0 
[11:27:00.8378][1094][Info]: 0 ----0 
[11:27:00.8578][1095][Info]: 0 ----0 
[11:27:00.8578][1096][Info]: 0 ----0 
[11:27:00.8698][1097][Info]: 0 ----0 
[11:27:00.8698][1098][Info]: 0 ----0 
[11:27:00.8698][1099][Info]: 0 ----0 
[11:27:00.8928][1100][Info]: 0 ----0 
[11:27:00.9008][1101][Info]: 0 ----0 
[11:27:00.9008][1102][Info]: 0 ----0 
[11:27:00.9158][1103][Info]: 0 ----0 
[11:27:00.9158][1104][Info]: 0 ----0 
[11:27:00.9158][1105][Info]: 0 ----0 
[11:27:00.9338][1106][Info]: 0 ----0 
[11:27:00.9338][1107][Info]: 0 ----0 
[11:27:00.9468][1108][Info]: 0 ----0 
[11:27:00.9468][1109][Info]: 0 ----0 
[11:27:00.9468][1110][Info]: 0 ----0 
[11:27:00.9658][1111][Info]: 0 ----0 
[11:27:00.9658][1112][Info]: 0 ----0 
[11:27:00.9828][1113][Info]: 0 ----0 
[11:27:00.9828][1114][Info]: 0 ----0 
[11:27:00.9958][1115][Info]: 0 ----0 
[11:27:00.9958][1116][Info]: 0 ----0 
[11:27:00.9958][1117][Info]: 0 ----0 
[11:27:01.0168][1118][Info]: 0 ----0 
[11:27:01.0168][1119][Info]: 0 ----0 
[11:27:01.0288][1120][Info]: 0 ----0 
[11:27:01.0288][1121][Info]: 0 ----0 
[11:27:01.0448][1122][Info]: 0 ----0 
[11:27:01.0568][1123][Info]: 0 ----0 
[11:27:01.0568][1124][Info]: 0 ----0 
[11:27:01.0727][1125][Info]: 0 ----0 
[11:27:01.0727][1126][Info]: 0 ----0 
[11:27:01.0727][1127][Info]: 0 ----0 
[11:27:01.0937][1128][Info]: 0 ----0 
[11:27:01.0937][1129][Info]: 0 ----0 
[11:27:01.1077][1130][Info]: 0 ----0 
[11:27:01.1077][1131][Info]: 0 ----0 
[11:27:01.1237][1132][Info]: 0 ----0 
[11:27:01.1237][1133][Info]: 0 ----0 
[11:27:01.1417][1134][Info]: 0 ----0 
[11:27:01.1417][1135][Info]: 0 ----0 
[11:27:01.1577][1136][Info]: 0 ----0 
[11:27:01.1577][1137][Info]: 0 ----0 
[11:27:01.1717][1138][Info]: 0 ----0 
[11:27:01.1717][1139][Info]: 0 ----0 
[11:27:01.1867][1140][Info]: 0 ----0 
[11:27:01.1867][1141][Info]: 0 ----0 
[11:27:01.2047][1142][Info]: 0 ----0 
[11:27:01.2047][1143][Info]: 0 ----0 
[11:27:01.2197][1144][Info]: 0 ----0 
[11:27:01.2197][1145][Info]: 0 ----0 
[11:27:01.2377][1146][Info]: 0 ----0 
[11:27:01.2447][1147][Info]: 0 ----0 
[11:27:01.2447][1148][Info]: 0 ----0 
[11:27:01.2597][1149][Info]: 0 ----0 
[11:27:01.2597][1150][Info]: 0 ----0 
[11:27:01.2597][1151][Info]: 0 ----0 
[11:27:01.2827][1152][Info]: 0 ----0 
[11:27:01.2827][1153][Info]: 0 ----0 
[11:27:01.2947][1154][Info]: 0 ----0 
[11:27:01.2947][1155][Info]: 0 ----0 
[11:27:01.3157][1156][Info]: 0 ----0 
[11:27:01.3257][1157][Info]: 0 ----0 
[11:27:01.3257][1158][Info]: 0 ----0 
[11:27:01.3397][1159][Info]: 0 ----0 
[11:27:01.3397][1160][Info]: 0 ----0 
[11:27:01.3576][1161][Info]: 0 ----0 
[11:27:01.3576][1162][Info]: 0 ----0 
[11:27:01.3716][1163][Info]: 0 ----0 
[11:27:01.3716][1164][Info]: 0 ----0 
[11:27:01.3716][1165][Info]: 0 ----0 
[11:27:01.3906][1166][Info]: 0 ----0 
[11:27:01.3906][1167][Info]: 0 ----0 
[11:27:01.4037][1168][Info]: 0 ----0 
[11:27:01.4037][1169][Info]: 0 ----0 
[11:27:01.4176][1170][Info]: 0 ----0 
[11:27:01.4176][1171][Info]: 0 ----0 
[11:27:01.4336][1172][Info]: 0 ----0 
[11:27:01.4336][1173][Info]: 0 ----0 
[11:27:01.4336][1174][Info]: 0 ----0 
[11:27:01.4536][1175][Info]: 0 ----0 
[11:27:01.4536][1176][Info]: 0 ----0 
[11:27:01.4676][1177][Info]: 0 ----0 
[11:27:01.4676][1178][Info]: 0 ----0 
[11:27:01.4836][1179][Info]: 0 ----0 
[11:27:01.4836][1180][Info]: 0 ----0 
[11:27:01.4996][1181][Info]: 0 ----0 
[11:27:01.4996][1182][Info]: 0 ----0 
[11:27:01.5166][1183][Info]: 0 ----0 
[11:27:01.5256][1184][Info]: 0 ----0 
[11:27:01.5256][1185][Info]: 0 ----0 
[11:27:01.5256][1186][Info]: 0 ----0 
[11:27:01.5450][1187][Info]: 0 ----0 
[11:27:01.5450][1188][Info]: 0 ----0 
[11:27:01.5620][1189][Info]: 0 ----0 
[11:27:01.5620][1190][Info]: 0 ----0 
[11:27:01.5780][1191][Info]: 0 ----0 
[11:27:01.5780][1192][Info]: 0 ----0 
[11:27:01.5930][1193][Info]: 0 ----0 
[11:27:01.5930][1194][Info]: 0 ----0 
[11:27:01.6070][1195][Info]: 0 ----0 
[11:27:01.6070][1196][Info]: 0 ----0 
[11:27:01.6220][1197][Info]: 0 ----0 
[11:27:01.6220][1198][Info]: 0 ----0 
[11:27:01.6377][1199][Info]: 0 ----0 
[11:27:01.6377][1200][Info]: 0 ----0 
[11:27:01.6556][1201][Info]: 0 ----0 
[11:27:01.6656][1202][Info]: 0 ----0 
[11:27:01.6656][1203][Info]: 0 ----0 
[11:27:01.6826][1204][Info]: 0 ----0 
[11:27:01.6826][1205][Info]: 0 ----0 
[11:27:01.6986][1206][Info]: 0 ----0 
[11:27:01.6986][1207][Info]: 0 ----0 
[11:27:01.7156][1208][Info]: 0 ----0 
[11:27:01.7156][1209][Info]: 0 ----0 
[11:27:01.7346][1210][Info]: 0 ----0 
[11:27:01.7346][1211][Info]: 0 ----0 
[11:27:01.7506][1212][Info]: 0 ----0 
[11:27:01.7506][1213][Info]: 0 ----0 
[11:27:01.7646][1214][Info]: 0 ----0 
[11:27:01.7646][1215][Info]: 0 ----0 
[11:27:01.7796][1216][Info]: 0 ----0 
[11:27:01.7796][1217][Info]: 0 ----0 
[11:27:01.7936][1218][Info]: 0 ----0 
[11:27:01.7936][1219][Info]: 0 ----0 
[11:27:01.8106][1220][Info]: 0 ----0 
[11:27:01.8106][1221][Info]: 0 ----0 
[11:27:01.8276][1222][Info]: 0 ----0 
[11:27:01.8276][1223][Info]: 0 ----0 
[11:27:01.8415][1224][Info]: 0 ----0 
[11:27:01.8415][1225][Info]: 0 ----0 
[11:27:01.8575][1226][Info]: 0 ----0 
[11:27:01.8575][1227][Info]: 0 ----0 
[11:27:01.8731][1228][Info]: 0 ----0 
[11:27:01.8731][1229][Info]: 0 ----0 
[11:27:01.8891][1230][Info]: 0 ----0 
[11:27:01.8891][1231][Info]: 0 ----0 
[11:27:01.9021][1232][Info]: 0 ----0 
[11:27:01.9021][1233][Info]: 0 ----0 
[11:27:01.9161][1234][Info]: 0 ----0 
[11:27:01.9161][1235][Info]: 0 ----0 
[11:27:01.9161][1236][Info]: 0 ----0 
[11:27:01.9407][1237][Info]: 0 ----0 
[11:27:01.9477][1238][Info]: 0 ----0 
[11:27:01.9477][1239][Info]: 0 ----0 
[11:27:01.9667][1240][Info]: 0 ----0 
[11:27:01.9667][1241][Info]: 0 ----0 
[11:27:01.9847][1242][Info]: 0 ----0 
[11:27:01.9847][1243][Info]: 0 ----0 
[11:27:01.9987][1244][Info]: 0 ----0 
[11:27:01.9987][1245][Info]: 0 ----0 
[11:27:02.0127][1246][Info]: 0 ----0 
[11:27:02.0127][1247][Info]: 0 ----0 
[11:27:02.0257][1248][Info]: 0 ----0 
[11:27:02.0257][1249][Info]: 0 ----0 
[11:27:02.0257][1250][Info]: 0 ----0 
[11:27:02.0467][1251][Info]: 0 ----0 
[11:27:02.0467][1252][Info]: 0 ----0 
[11:27:02.0627][1253][Info]: 0 ----0 
[11:27:02.0627][1254][Info]: 0 ----0 
[11:27:02.0767][1255][Info]: 0 ----0 
[11:27:02.0767][1256][Info]: 0 ----0 
[11:27:02.0937][1257][Info]: 0 ----0 
[11:27:02.0937][1258][Info]: 0 ----0 
[11:27:02.1077][1259][Info]: 0 ----0 
[11:27:02.1077][1260][Info]: 0 ----0 
[11:27:02.1267][1261][Info]: 0 ----0 
[11:27:02.1347][1262][Info]: 0 ----0 
[11:27:02.1347][1263][Info]: 0 ----0 
[11:27:02.1517][1264][Info]: 0 ----0 
[11:27:02.1517][1265][Info]: 0 ----0 
[11:27:02.1517][1266][Info]: 0 ----0 
[11:27:02.1717][1267][Info]: 0 ----0 
[11:27:02.1717][1268][Info]: 0 ----0 
[11:27:02.1847][1269][Info]: 0 ----0 
[11:27:02.1847][1270][Info]: 0 ----0 
[11:27:02.1977][1271][Info]: 0 ----0 
[11:27:02.1977][1272][Info]: 0 ----0 
[11:27:02.1977][1273][Info]: 0 ----0 
[11:27:02.2167][1274][Info]: 0 ----0 
[11:27:02.2167][1275][Info]: 0 ----0 
[11:27:02.2306][1276][Info]: 0 ----0 
[11:27:02.2306][1277][Info]: 0 ----0 
[11:27:02.2437][1278][Info]: 0 ----0 
[11:27:02.2437][1279][Info]: 0 ----0 
[11:27:02.2437][1280][Info]: 0 ----0 
[11:27:02.2617][1281][Info]: 0 ----0 
[11:27:02.2617][1282][Info]: 0 ----0 
[11:27:02.2836][1283][Info]: 0 ----0 
[11:27:02.2926][1284][Info]: 0 ----0 
[11:27:02.2926][1285][Info]: 0 ----0 
[11:27:02.3076][1286][Info]: 0 ----0 
[11:27:02.3076][1287][Info]: 0 ----0 
[11:27:02.3276][1288][Info]: 0 ----0 
[11:27:02.3386][1289][Info]: 0 ----0 
[11:27:02.3386][1290][Info]: 0 ----0 
[11:27:02.3746][1291][Info]: 0 ----0 
[11:27:02.3886][1292][Info]: 0 ----0 
