Using pre-set license
Built from 'HEAD' branch; Version is '2021.3.16f1c1 (56dbfdd6697f) revision 5692413'; Using compiler version '192829333'; Build Type 'Release'
OS: 'Windows 10  (10.0.19045) 64bit CoreCountrySpecific' Language: 'zh' Physical Memory: 7987 MB
BatchMode: 1, IsHumanControllingUs: 0, StartBugReporterOnCrash: 0, Is64bit: 1, IsPro: 1

COMMAND LINE ARGUMENTS:
D:\Unity\Unity Hub\2021.3.16f1c1\Editor\Unity.exe
-adb2
-batchMode
-noUpm
-name
AssetImportWorker3
-projectPath
D:/Project/Dragon/ZhqSystem/Day02
-logFile
Logs/AssetImportWorker3.log
-srvPort
60143
Successfully changed project path to: D:/Project/Dragon/ZhqSystem/Day02
D:/Project/Dragon/ZhqSystem/Day02
[UnityMemory] Configuration Parameters - Can be set up in boot.config
    "memorysetup-bucket-allocator-granularity=16"
    "memorysetup-bucket-allocator-bucket-count=8"
    "memorysetup-bucket-allocator-block-size=33554432"
    "memorysetup-bucket-allocator-block-count=8"
    "memorysetup-main-allocator-block-size=16777216"
    "memorysetup-thread-allocator-block-size=16777216"
    "memorysetup-gfx-main-allocator-block-size=16777216"
    "memorysetup-gfx-thread-allocator-block-size=16777216"
    "memorysetup-cache-allocator-block-size=4194304"
    "memorysetup-typetree-allocator-block-size=2097152"
    "memorysetup-profiler-bucket-allocator-granularity=16"
    "memorysetup-profiler-bucket-allocator-bucket-count=8"
    "memorysetup-profiler-bucket-allocator-block-size=33554432"
    "memorysetup-profiler-bucket-allocator-block-count=8"
    "memorysetup-profiler-allocator-block-size=16777216"
    "memorysetup-profiler-editor-allocator-block-size=1048576"
    "memorysetup-temp-allocator-size-main=16777216"
    "memorysetup-job-temp-allocator-block-size=2097152"
    "memorysetup-job-temp-allocator-block-size-background=1048576"
    "memorysetup-job-temp-allocator-reduction-small-platforms=262144"
    "memorysetup-temp-allocator-size-background-worker=32768"
    "memorysetup-temp-allocator-size-job-worker=262144"
    "memorysetup-temp-allocator-size-preload-manager=33554432"
    "memorysetup-temp-allocator-size-nav-mesh-worker=65536"
    "memorysetup-temp-allocator-size-audio-worker=65536"
    "memorysetup-temp-allocator-size-cloud-worker=32768"
    "memorysetup-temp-allocator-size-gi-baking-worker=262144"
    "memorysetup-temp-allocator-size-gfx=262144"
Player connection [16688] Host "[IP] 10.161.24.16 [Port] 0 [Flags] 2 [Guid] 154796683 [EditorId] 154796683 [Version] 1048832 [Id] WindowsEditor(7,LAPTOP-S1R9QNF8) [Debug] 1 [PackageName] WindowsEditor [ProjectName] Editor" joined multi-casting on [225.0.0.222:54997]...

Player connection [16688] Host "[IP] 10.161.24.16 [Port] 0 [Flags] 2 [Guid] 154796683 [EditorId] 154796683 [Version] 1048832 [Id] WindowsEditor(7,LAPTOP-S1R9QNF8) [Debug] 1 [PackageName] WindowsEditor [ProjectName] Editor" joined alternative multi-casting on [225.0.0.222:34997]...

AS: AutoStreaming module initializing.
Refreshing native plugins compatible for Editor in 420.12 ms, found 4 plugins.
Preloading 0 native plugins for Editor in 0.00 ms.
Initialize engine version: 2021.3.16f1c1 (56dbfdd6697f)
[Subsystems] Discovering subsystems at path D:/Unity/Unity Hub/2021.3.16f1c1/Editor/Data/Resources/UnitySubsystems
[Subsystems] Discovering subsystems at path D:/Project/Dragon/ZhqSystem/Day02/Assets
GfxDevice: creating device client; threaded=0; jobified=0
Direct3D:
    Version:  Direct3D 11.0 [level 11.1]
    Renderer: Intel(R) Iris(R) Xe Graphics (ID=0x9a49)
    Vendor:   Intel
    VRAM:     3993 MB
    Driver:   27.20.100.9316
Initialize mono
Mono path[0] = 'D:/Unity/Unity Hub/2021.3.16f1c1/Editor/Data/Managed'
Mono path[1] = 'D:/Unity/Unity Hub/2021.3.16f1c1/Editor/Data/MonoBleedingEdge/lib/mono/unityjit-win32'
Mono config path = 'D:/Unity/Unity Hub/2021.3.16f1c1/Editor/Data/MonoBleedingEdge/etc'
Using monoOptions --debugger-agent=transport=dt_socket,embedding=1,server=y,suspend=n,address=127.0.0.1:56896
Begin MonoManager ReloadAssembly
Registering precompiled unity dll's ...
Register platform support module: D:/Unity/Unity Hub/2021.3.16f1c1/Editor/Data/PlaybackEngines/AndroidPlayer/UnityEditor.Android.Extensions.dll
Register platform support module: D:/Unity/Unity Hub/2021.3.16f1c1/Editor/Data/PlaybackEngines/WindowsStandaloneSupport/UnityEditor.WindowsStandalone.Extensions.dll
Registered in 0.013685 seconds.
Native extension for WindowsStandalone target not found
Native extension for Android target not found
Refreshing native plugins compatible for Editor in 406.74 ms, found 4 plugins.
Preloading 0 native plugins for Editor in 0.00 ms.
Mono: successfully reloaded assembly
- Completed reload, in  1.578 seconds
Domain Reload Profiling:
	ReloadAssembly (1579ms)
		BeginReloadAssembly (329ms)
			ExecutionOrderSort (0ms)
			DisableScriptedObjects (0ms)
			BackupInstance (0ms)
			ReleaseScriptingObjects (0ms)
			CreateAndSetChildDomain (1ms)
		EndReloadAssembly (991ms)
			LoadAssemblies (324ms)
			RebuildTransferFunctionScriptingTraits (0ms)
			SetupTypeCache (134ms)
			ReleaseScriptCaches (0ms)
			RebuildScriptCaches (38ms)
			SetupLoadedEditorAssemblies (738ms)
				LogAssemblyErrors (0ms)
				InitializePlatformSupportModulesInManaged (69ms)
				SetLoadedEditorAssemblies (0ms)
				RefreshPlugins (407ms)
				BeforeProcessingInitializeOnLoad (2ms)
				ProcessInitializeOnLoadAttributes (182ms)
				ProcessInitializeOnLoadMethodAttributes (78ms)
				AfterProcessingInitializeOnLoad (0ms)
				EditorAssembliesLoaded (0ms)
			ExecutionOrderSort2 (0ms)
			AwakeInstancesAfterBackupRestoration (0ms)
Platform modules already initialized, skipping
Registering precompiled user dll's ...
Registered in 0.200062 seconds.
Android Extension - Scanning For ADB Devices 5422 ms
Begin MonoManager ReloadAssembly
Symbol file LoadedFromMemory doesn't match image D:\Project\Dragon\ZhqSystem\Day02\Library\PackageCache\com.unity.visualscripting@1.7.8\Editor\VisualScripting.Core\Dependencies\DotNetZip\Unity.VisualScripting.IonicZip.dll
Symbol file LoadedFromMemory doesn't match image D:\Project\Dragon\ZhqSystem\Day02\Library\PackageCache\com.unity.visualscripting@1.7.8\Editor\VisualScripting.Core\Dependencies\YamlDotNet\Unity.VisualScripting.YamlDotNet.dll
Native extension for WindowsStandalone target not found
Native extension for Android target not found
Refreshing native plugins compatible for Editor in 9.33 ms, found 4 plugins.
Preloading 0 native plugins for Editor in 0.00 ms.
Mono: successfully reloaded assembly
- Completed reload, in  8.022 seconds
Domain Reload Profiling:
	ReloadAssembly (8032ms)
		BeginReloadAssembly (227ms)
			ExecutionOrderSort (0ms)
			DisableScriptedObjects (9ms)
			BackupInstance (0ms)
			ReleaseScriptingObjects (0ms)
			CreateAndSetChildDomain (34ms)
		EndReloadAssembly (7619ms)
			LoadAssemblies (316ms)
			RebuildTransferFunctionScriptingTraits (1ms)
			SetupTypeCache (878ms)
			ReleaseScriptCaches (3ms)
			RebuildScriptCaches (226ms)
			SetupLoadedEditorAssemblies (6057ms)
				LogAssemblyErrors (0ms)
				InitializePlatformSupportModulesInManaged (53ms)
				SetLoadedEditorAssemblies (2ms)
				RefreshPlugins (10ms)
				BeforeProcessingInitializeOnLoad (193ms)
				ProcessInitializeOnLoadAttributes (5043ms)
				ProcessInitializeOnLoadMethodAttributes (704ms)
				AfterProcessingInitializeOnLoad (51ms)
				EditorAssembliesLoaded (1ms)
			ExecutionOrderSort2 (0ms)
			AwakeInstancesAfterBackupRestoration (15ms)
Platform modules already initialized, skipping
========================================================================
Worker process is ready to serve import requests
State comes from an incompatible keyword space
State comes from an incompatible keyword space
State comes from an incompatible keyword space
State comes from an incompatible keyword space
Launched and connected shader compiler UnityShaderCompiler.exe after 0.07 seconds
Refreshing native plugins compatible for Editor in 4.73 ms, found 4 plugins.
Preloading 0 native plugins for Editor in 0.00 ms.
Unloading 7773 Unused Serialized files (Serialized files now loaded: 0)
Unloading 83 unused Assets / (0.8 MB). Loaded Objects now: 8325.
Memory consumption went from 321.2 MB to 320.4 MB.
Total: 36.888700 ms (FindLiveObjects: 0.981800 ms CreateObjectMapping: 0.465100 ms MarkObjects: 34.218900 ms  DeleteObjects: 1.218700 ms)

AssetImportParameters requested are different than current active one (requested -> active):
  custom:video-decoder-ogg-theora: a1e56fd34408186e4bbccfd4996cb3dc -> 
  custom:container-muxer-webm: aa71ff27fc2769a1b78a27578f13a17b -> 
  custom:container-demuxer-webm: 4f35f7cbe854078d1ac9338744f61a02 -> 
  custom:video-encoder-webm-vp8: eb34c28f22e8b96e1ab97ce403110664 -> 
  custom:audio-encoder-webm-vorbis: bf7c407c2cedff20999df2af8eb42d56 -> 
  custom:framework-win-MediaFoundation: 216162199b28c13a410421893ffa2e32 -> 
  custom:container-demuxer-ogg: 62fdf1f143b41e24485cea50d1cbac27 -> 
  custom:video-decoder-webm-vp8: 9c59270c3fd7afecdb556c50c9e8de78 -> 
  custom:audio-decoder-ogg-vorbis: bf7c407c2cedff20999df2af8eb42d56 -> 
========================================================================
Received Import Request.
  Time since last request: 284030.948762 seconds.
  path: Assets/dome/Resources/Prefabs/Bullets/zhanshi_attack_b18.prefab
  artifactKey: Guid(0d1b981d7a102dd4089d450d09405257) Importer(815301076,1909f56bfc062723c751e8b465ee728b)
Start importing Assets/dome/Resources/Prefabs/Bullets/zhanshi_attack_b18.prefab using Guid(0d1b981d7a102dd4089d450d09405257) Importer(815301076,1909f56bfc062723c751e8b465ee728b)  -> (artifact id: '3411944647b43d19f1d91c2a96438307') in 0.356430 seconds 
========================================================================
Received Import Request.
  Time since last request: 0.000708 seconds.
  path: Assets/dome/Resources/Prefabs/Bullets/So_attack_b14_03.prefab
  artifactKey: Guid(f2768f4e66d97aa4aab36343c69281d1) Importer(815301076,1909f56bfc062723c751e8b465ee728b)
Start importing Assets/dome/Resources/Prefabs/Bullets/So_attack_b14_03.prefab using Guid(f2768f4e66d97aa4aab36343c69281d1) Importer(815301076,1909f56bfc062723c751e8b465ee728b)  -> (artifact id: '1c85779aac312465494c785463655393') in 0.065448 seconds 
========================================================================
Received Import Request.
  Time since last request: 0.000161 seconds.
  path: Assets/dome/Resources/Prefabs/Bullets/sxg_ball.prefab
  artifactKey: Guid(b44b781ba9550b24986ea9e3153f99c1) Importer(815301076,1909f56bfc062723c751e8b465ee728b)
Start importing Assets/dome/Resources/Prefabs/Bullets/sxg_ball.prefab using Guid(b44b781ba9550b24986ea9e3153f99c1) Importer(815301076,1909f56bfc062723c751e8b465ee728b)  -> (artifact id: 'd8e6fd9632b31618b30979db47dea7a1') in 0.070983 seconds 
========================================================================
Received Import Request.
  Time since last request: 0.000058 seconds.
  path: Assets/dome/Resources/Prefabs/Equipment/Monster_cyclops_red_bandpose.prefab
  artifactKey: Guid(740d8c01efff85b45ba64698b29e1b42) Importer(815301076,1909f56bfc062723c751e8b465ee728b)
Start importing Assets/dome/Resources/Prefabs/Equipment/Monster_cyclops_red_bandpose.prefab using Guid(740d8c01efff85b45ba64698b29e1b42) Importer(815301076,1909f56bfc062723c751e8b465ee728b)  -> (artifact id: '2729cd147d2c597cbc5d4350aec23430') in 0.044918 seconds 
========================================================================
Received Import Request.
  Time since last request: 0.000056 seconds.
  path: Assets/dome/Resources/Prefabs/Equipment/cash_2014summer_tail_bandpose.prefab
  artifactKey: Guid(027333c50dcb62f428cc90deb0fe7633) Importer(815301076,1909f56bfc062723c751e8b465ee728b)
Start importing Assets/dome/Resources/Prefabs/Equipment/cash_2014summer_tail_bandpose.prefab using Guid(027333c50dcb62f428cc90deb0fe7633) Importer(815301076,1909f56bfc062723c751e8b465ee728b)  -> (artifact id: '29b054aa6abca9d379789621727392bb') in 0.476600 seconds 
========================================================================
Received Import Request.
  Time since last request: 3.252293 seconds.
  path: Assets/dome/Resources/Prefabs/Equipment/cash_velskud02_spirit_bandpose.prefab
  artifactKey: Guid(d884e2001a3217c4cbaf389002d9b160) Importer(815301076,1909f56bfc062723c751e8b465ee728b)
Start importing Assets/dome/Resources/Prefabs/Equipment/cash_velskud02_spirit_bandpose.prefab using Guid(d884e2001a3217c4cbaf389002d9b160) Importer(815301076,1909f56bfc062723c751e8b465ee728b)  -> (artifact id: '9a19f0bcaa8d33fc09c6e5667c8b2e89') in 0.154956 seconds 
========================================================================
Received Import Request.
  Time since last request: 0.000067 seconds.
  path: Assets/dome/Resources/Prefabs/Equipment/cash_sakura_gold_wing_bandpose.prefab
  artifactKey: Guid(e5cf3d27a18ecf740a17ed508d971ab7) Importer(815301076,1909f56bfc062723c751e8b465ee728b)
Start importing Assets/dome/Resources/Prefabs/Equipment/cash_sakura_gold_wing_bandpose.prefab using Guid(e5cf3d27a18ecf740a17ed508d971ab7) Importer(815301076,1909f56bfc062723c751e8b465ee728b)  -> (artifact id: '49f9b78f1fe6f0367e0913d843810ab0') in 0.214897 seconds 
========================================================================
Received Prepare
Registering precompiled user dll's ...
Registered in 0.056458 seconds.
Begin MonoManager ReloadAssembly
Symbol file LoadedFromMemory doesn't match image D:\Project\Dragon\ZhqSystem\Day02\Library\PackageCache\com.unity.visualscripting@1.7.8\Editor\VisualScripting.Core\Dependencies\DotNetZip\Unity.VisualScripting.IonicZip.dll
Symbol file LoadedFromMemory doesn't match image D:\Project\Dragon\ZhqSystem\Day02\Library\PackageCache\com.unity.visualscripting@1.7.8\Editor\VisualScripting.Core\Dependencies\YamlDotNet\Unity.VisualScripting.YamlDotNet.dll
Native extension for WindowsStandalone target not found
Native extension for Android target not found
Refreshing native plugins compatible for Editor in 42.62 ms, found 4 plugins.
Preloading 0 native plugins for Editor in 0.00 ms.
Mono: successfully reloaded assembly
- Completed reload, in  8.515 seconds
Domain Reload Profiling:
	ReloadAssembly (8524ms)
		BeginReloadAssembly (2489ms)
			ExecutionOrderSort (0ms)
			DisableScriptedObjects (83ms)
			BackupInstance (0ms)
			ReleaseScriptingObjects (3ms)
			CreateAndSetChildDomain (1824ms)
		EndReloadAssembly (5706ms)
			LoadAssemblies (590ms)
			RebuildTransferFunctionScriptingTraits (2ms)
			SetupTypeCache (798ms)
			ReleaseScriptCaches (105ms)
			RebuildScriptCaches (202ms)
			SetupLoadedEditorAssemblies (3860ms)
				LogAssemblyErrors (0ms)
				InitializePlatformSupportModulesInManaged (57ms)
				SetLoadedEditorAssemblies (5ms)
				RefreshPlugins (43ms)
				BeforeProcessingInitializeOnLoad (203ms)
				ProcessInitializeOnLoadAttributes (3385ms)
				ProcessInitializeOnLoadMethodAttributes (146ms)
				AfterProcessingInitializeOnLoad (20ms)
				EditorAssembliesLoaded (1ms)
			ExecutionOrderSort2 (0ms)
			AwakeInstancesAfterBackupRestoration (84ms)
Platform modules already initialized, skipping
State comes from an incompatible keyword space
State comes from an incompatible keyword space
State comes from an incompatible keyword space
State comes from an incompatible keyword space
Refreshing native plugins compatible for Editor in 28.05 ms, found 4 plugins.
Preloading 0 native plugins for Editor in 0.00 ms.
Unloading 7502 Unused Serialized files (Serialized files now loaded: 0)
Unloading 64 unused Assets / (0.8 MB). Loaded Objects now: 8337.
Memory consumption went from 312.0 MB to 311.2 MB.
Total: 114.691600 ms (FindLiveObjects: 0.692400 ms CreateObjectMapping: 0.369800 ms MarkObjects: 112.032800 ms  DeleteObjects: 1.593400 ms)

AssetImportParameters requested are different than current active one (requested -> active):
  custom:video-decoder-ogg-theora: a1e56fd34408186e4bbccfd4996cb3dc -> 
  custom:container-muxer-webm: aa71ff27fc2769a1b78a27578f13a17b -> 
  custom:container-demuxer-webm: 4f35f7cbe854078d1ac9338744f61a02 -> 
  custom:video-encoder-webm-vp8: eb34c28f22e8b96e1ab97ce403110664 -> 
  custom:audio-encoder-webm-vorbis: bf7c407c2cedff20999df2af8eb42d56 -> 
  custom:framework-win-MediaFoundation: 216162199b28c13a410421893ffa2e32 -> 
  custom:container-demuxer-ogg: 62fdf1f143b41e24485cea50d1cbac27 -> 
  custom:video-decoder-webm-vp8: 9c59270c3fd7afecdb556c50c9e8de78 -> 
  custom:audio-decoder-ogg-vorbis: bf7c407c2cedff20999df2af8eb42d56 -> 
