Using pre-set license
Built from 'HEAD' branch; Version is '2021.3.16f1c1 (56dbfdd6697f) revision 5692413'; Using compiler version '192829333'; Build Type 'Release'
OS: 'Windows 10  (10.0.19045) 64bit CoreCountrySpecific' Language: 'zh' Physical Memory: 7987 MB
BatchMode: 1, IsHumanControllingUs: 0, StartBugReporterOnCrash: 0, Is64bit: 1, IsPro: 1

COMMAND LINE ARGUMENTS:
D:\Unity\Unity Hub\2021.3.16f1c1\Editor\Unity.exe
-adb2
-batchMode
-noUpm
-name
AssetImportWorker2
-projectPath
D:/Project/Dragon/ZhqSystem/Day02
-logFile
Logs/AssetImportWorker2.log
-srvPort
60143
Successfully changed project path to: D:/Project/Dragon/ZhqSystem/Day02
D:/Project/Dragon/ZhqSystem/Day02
[UnityMemory] Configuration Parameters - Can be set up in boot.config
    "memorysetup-bucket-allocator-granularity=16"
    "memorysetup-bucket-allocator-bucket-count=8"
    "memorysetup-bucket-allocator-block-size=33554432"
    "memorysetup-bucket-allocator-block-count=8"
    "memorysetup-main-allocator-block-size=16777216"
    "memorysetup-thread-allocator-block-size=16777216"
    "memorysetup-gfx-main-allocator-block-size=16777216"
    "memorysetup-gfx-thread-allocator-block-size=16777216"
    "memorysetup-cache-allocator-block-size=4194304"
    "memorysetup-typetree-allocator-block-size=2097152"
    "memorysetup-profiler-bucket-allocator-granularity=16"
    "memorysetup-profiler-bucket-allocator-bucket-count=8"
    "memorysetup-profiler-bucket-allocator-block-size=33554432"
    "memorysetup-profiler-bucket-allocator-block-count=8"
    "memorysetup-profiler-allocator-block-size=16777216"
    "memorysetup-profiler-editor-allocator-block-size=1048576"
    "memorysetup-temp-allocator-size-main=16777216"
    "memorysetup-job-temp-allocator-block-size=2097152"
    "memorysetup-job-temp-allocator-block-size-background=1048576"
    "memorysetup-job-temp-allocator-reduction-small-platforms=262144"
    "memorysetup-temp-allocator-size-background-worker=32768"
    "memorysetup-temp-allocator-size-job-worker=262144"
    "memorysetup-temp-allocator-size-preload-manager=33554432"
    "memorysetup-temp-allocator-size-nav-mesh-worker=65536"
    "memorysetup-temp-allocator-size-audio-worker=65536"
    "memorysetup-temp-allocator-size-cloud-worker=32768"
    "memorysetup-temp-allocator-size-gi-baking-worker=262144"
    "memorysetup-temp-allocator-size-gfx=262144"
Player connection [4568] Host "[IP] 10.161.24.16 [Port] 0 [Flags] 2 [Guid] 3118580523 [EditorId] 3118580523 [Version] 1048832 [Id] WindowsEditor(7,LAPTOP-S1R9QNF8) [Debug] 1 [PackageName] WindowsEditor [ProjectName] Editor" joined multi-casting on [225.0.0.222:54997]...

Player connection [4568] Host "[IP] 10.161.24.16 [Port] 0 [Flags] 2 [Guid] 3118580523 [EditorId] 3118580523 [Version] 1048832 [Id] WindowsEditor(7,LAPTOP-S1R9QNF8) [Debug] 1 [PackageName] WindowsEditor [ProjectName] Editor" joined alternative multi-casting on [225.0.0.222:34997]...

AS: AutoStreaming module initializing.
Refreshing native plugins compatible for Editor in 386.60 ms, found 4 plugins.
Preloading 0 native plugins for Editor in 0.00 ms.
Initialize engine version: 2021.3.16f1c1 (56dbfdd6697f)
[Subsystems] Discovering subsystems at path D:/Unity/Unity Hub/2021.3.16f1c1/Editor/Data/Resources/UnitySubsystems
[Subsystems] Discovering subsystems at path D:/Project/Dragon/ZhqSystem/Day02/Assets
GfxDevice: creating device client; threaded=0; jobified=0
Direct3D:
    Version:  Direct3D 11.0 [level 11.1]
    Renderer: Intel(R) Iris(R) Xe Graphics (ID=0x9a49)
    Vendor:   Intel
    VRAM:     3993 MB
    Driver:   27.20.100.9316
Initialize mono
Mono path[0] = 'D:/Unity/Unity Hub/2021.3.16f1c1/Editor/Data/Managed'
Mono path[1] = 'D:/Unity/Unity Hub/2021.3.16f1c1/Editor/Data/MonoBleedingEdge/lib/mono/unityjit-win32'
Mono config path = 'D:/Unity/Unity Hub/2021.3.16f1c1/Editor/Data/MonoBleedingEdge/etc'
Using monoOptions --debugger-agent=transport=dt_socket,embedding=1,server=y,suspend=n,address=127.0.0.1:56560
Begin MonoManager ReloadAssembly
Registering precompiled unity dll's ...
Register platform support module: D:/Unity/Unity Hub/2021.3.16f1c1/Editor/Data/PlaybackEngines/AndroidPlayer/UnityEditor.Android.Extensions.dll
Register platform support module: D:/Unity/Unity Hub/2021.3.16f1c1/Editor/Data/PlaybackEngines/WindowsStandaloneSupport/UnityEditor.WindowsStandalone.Extensions.dll
Registered in 0.014111 seconds.
Native extension for WindowsStandalone target not found
Native extension for Android target not found
Refreshing native plugins compatible for Editor in 402.71 ms, found 4 plugins.
Preloading 0 native plugins for Editor in 0.00 ms.
Mono: successfully reloaded assembly
- Completed reload, in  1.567 seconds
Domain Reload Profiling:
	ReloadAssembly (1567ms)
		BeginReloadAssembly (329ms)
			ExecutionOrderSort (0ms)
			DisableScriptedObjects (0ms)
			BackupInstance (0ms)
			ReleaseScriptingObjects (0ms)
			CreateAndSetChildDomain (1ms)
		EndReloadAssembly (978ms)
			LoadAssemblies (323ms)
			RebuildTransferFunctionScriptingTraits (0ms)
			SetupTypeCache (136ms)
			ReleaseScriptCaches (0ms)
			RebuildScriptCaches (38ms)
			SetupLoadedEditorAssemblies (722ms)
				LogAssemblyErrors (0ms)
				InitializePlatformSupportModulesInManaged (67ms)
				SetLoadedEditorAssemblies (0ms)
				RefreshPlugins (403ms)
				BeforeProcessingInitializeOnLoad (4ms)
				ProcessInitializeOnLoadAttributes (166ms)
				ProcessInitializeOnLoadMethodAttributes (82ms)
				AfterProcessingInitializeOnLoad (0ms)
				EditorAssembliesLoaded (0ms)
			ExecutionOrderSort2 (0ms)
			AwakeInstancesAfterBackupRestoration (0ms)
Platform modules already initialized, skipping
Registering precompiled user dll's ...
Registered in 0.212854 seconds.
Android Extension - Scanning For ADB Devices 5340 ms
Begin MonoManager ReloadAssembly
Symbol file LoadedFromMemory doesn't match image D:\Project\Dragon\ZhqSystem\Day02\Library\PackageCache\com.unity.visualscripting@1.7.8\Editor\VisualScripting.Core\Dependencies\DotNetZip\Unity.VisualScripting.IonicZip.dll
Symbol file LoadedFromMemory doesn't match image D:\Project\Dragon\ZhqSystem\Day02\Library\PackageCache\com.unity.visualscripting@1.7.8\Editor\VisualScripting.Core\Dependencies\YamlDotNet\Unity.VisualScripting.YamlDotNet.dll
Native extension for WindowsStandalone target not found
Native extension for Android target not found
Refreshing native plugins compatible for Editor in 7.78 ms, found 4 plugins.
Preloading 0 native plugins for Editor in 0.00 ms.
Mono: successfully reloaded assembly
- Completed reload, in  6.510 seconds
Domain Reload Profiling:
	ReloadAssembly (6519ms)
		BeginReloadAssembly (232ms)
			ExecutionOrderSort (0ms)
			DisableScriptedObjects (8ms)
			BackupInstance (0ms)
			ReleaseScriptingObjects (0ms)
			CreateAndSetChildDomain (33ms)
		EndReloadAssembly (6106ms)
			LoadAssemblies (304ms)
			RebuildTransferFunctionScriptingTraits (0ms)
			SetupTypeCache (896ms)
			ReleaseScriptCaches (8ms)
			RebuildScriptCaches (242ms)
			SetupLoadedEditorAssemblies (4539ms)
				LogAssemblyErrors (0ms)
				InitializePlatformSupportModulesInManaged (54ms)
				SetLoadedEditorAssemblies (2ms)
				RefreshPlugins (8ms)
				BeforeProcessingInitializeOnLoad (181ms)
				ProcessInitializeOnLoadAttributes (3997ms)
				ProcessInitializeOnLoadMethodAttributes (280ms)
				AfterProcessingInitializeOnLoad (17ms)
				EditorAssembliesLoaded (1ms)
			ExecutionOrderSort2 (0ms)
			AwakeInstancesAfterBackupRestoration (11ms)
Platform modules already initialized, skipping
========================================================================
Worker process is ready to serve import requests
State comes from an incompatible keyword space
State comes from an incompatible keyword space
State comes from an incompatible keyword space
State comes from an incompatible keyword space
Launched and connected shader compiler UnityShaderCompiler.exe after 0.58 seconds
Refreshing native plugins compatible for Editor in 5.21 ms, found 4 plugins.
Preloading 0 native plugins for Editor in 0.00 ms.
Unloading 7773 Unused Serialized files (Serialized files now loaded: 0)
Unloading 83 unused Assets / (0.8 MB). Loaded Objects now: 8325.
Memory consumption went from 321.2 MB to 320.4 MB.
Total: 39.694900 ms (FindLiveObjects: 1.638400 ms CreateObjectMapping: 0.510400 ms MarkObjects: 36.750600 ms  DeleteObjects: 0.792300 ms)

AssetImportParameters requested are different than current active one (requested -> active):
  custom:video-decoder-ogg-theora: a1e56fd34408186e4bbccfd4996cb3dc -> 
  custom:container-muxer-webm: aa71ff27fc2769a1b78a27578f13a17b -> 
  custom:container-demuxer-webm: 4f35f7cbe854078d1ac9338744f61a02 -> 
  custom:video-encoder-webm-vp8: eb34c28f22e8b96e1ab97ce403110664 -> 
  custom:audio-encoder-webm-vorbis: bf7c407c2cedff20999df2af8eb42d56 -> 
  custom:framework-win-MediaFoundation: 216162199b28c13a410421893ffa2e32 -> 
  custom:container-demuxer-ogg: 62fdf1f143b41e24485cea50d1cbac27 -> 
  custom:video-decoder-webm-vp8: 9c59270c3fd7afecdb556c50c9e8de78 -> 
  custom:audio-decoder-ogg-vorbis: bf7c407c2cedff20999df2af8eb42d56 -> 
========================================================================
Received Import Request.
  Time since last request: 284030.842801 seconds.
  path: Assets/dome/Resources/Prefabs/Equipment/cash_rose_c_spirit_bandpose.prefab
  artifactKey: Guid(4df5017905c1b7244a1573361c00e914) Importer(815301076,1909f56bfc062723c751e8b465ee728b)
Start importing Assets/dome/Resources/Prefabs/Equipment/cash_rose_c_spirit_bandpose.prefab using Guid(4df5017905c1b7244a1573361c00e914) Importer(815301076,1909f56bfc062723c751e8b465ee728b)  -> (artifact id: '1496d1d2e38195d698be3b7b52ec2b20') in 0.599725 seconds 
========================================================================
Received Import Request.
  Time since last request: 0.000091 seconds.
  path: Assets/dome/Resources/Prefabs/Bullets/zhanshi_attack_b11_01.prefab
  artifactKey: Guid(792a479e55064db4cb6f52c28d22d1d4) Importer(815301076,1909f56bfc062723c751e8b465ee728b)
Start importing Assets/dome/Resources/Prefabs/Bullets/zhanshi_attack_b11_01.prefab using Guid(792a479e55064db4cb6f52c28d22d1d4) Importer(815301076,1909f56bfc062723c751e8b465ee728b)  -> (artifact id: 'dd024f50659700477099d25a0739f8a9') in 0.095084 seconds 
========================================================================
Received Import Request.
  Time since last request: 0.000085 seconds.
  path: Assets/dome/Resources/Prefabs/Bullets/So_attack_b17_03.prefab
  artifactKey: Guid(1b31cd62c9e62174abb3b0f7e46eeb95) Importer(815301076,1909f56bfc062723c751e8b465ee728b)
Start importing Assets/dome/Resources/Prefabs/Bullets/So_attack_b17_03.prefab using Guid(1b31cd62c9e62174abb3b0f7e46eeb95) Importer(815301076,1909f56bfc062723c751e8b465ee728b)  -> (artifact id: '1e48882beb8a377bd6e6aaa5d93c5b2e') in 0.057657 seconds 
========================================================================
Received Import Request.
  Time since last request: 0.000055 seconds.
  path: Assets/dome/Resources/Prefabs/Bullets/sea_dragon_falseiceeyes_01.prefab
  artifactKey: Guid(8dcee99ae3f01344b91f13dbed8f09b6) Importer(815301076,1909f56bfc062723c751e8b465ee728b)
Start importing Assets/dome/Resources/Prefabs/Bullets/sea_dragon_falseiceeyes_01.prefab using Guid(8dcee99ae3f01344b91f13dbed8f09b6) Importer(815301076,1909f56bfc062723c751e8b465ee728b)  -> (artifact id: '6f294125d7dd60fa57e7049cc897a6a5') in 0.077271 seconds 
========================================================================
Received Import Request.
  Time since last request: 0.000085 seconds.
  path: Assets/dome/Resources/Prefabs/Equipment/cash_2014summer_spirit_bandpose.prefab
  artifactKey: Guid(e500a8d732382c1468b8d3e864ca5c10) Importer(815301076,1909f56bfc062723c751e8b465ee728b)
Start importing Assets/dome/Resources/Prefabs/Equipment/cash_2014summer_spirit_bandpose.prefab using Guid(e500a8d732382c1468b8d3e864ca5c10) Importer(815301076,1909f56bfc062723c751e8b465ee728b)  -> (artifact id: 'aa3ce0b31d019261772653ebae2e3b73') in 0.147118 seconds 
========================================================================
Received Import Request.
  Time since last request: 3.070065 seconds.
  path: Assets/dome/Resources/Prefabs/Equipment/cash_anuarendel_wing_bandpose.prefab
  artifactKey: Guid(6229b4905dee1564d8fa3e297e840b6f) Importer(815301076,1909f56bfc062723c751e8b465ee728b)
Start importing Assets/dome/Resources/Prefabs/Equipment/cash_anuarendel_wing_bandpose.prefab using Guid(6229b4905dee1564d8fa3e297e840b6f) Importer(815301076,1909f56bfc062723c751e8b465ee728b)  -> (artifact id: 'b9b6a763366e50940b98139b61a83f90') in 0.970537 seconds 
========================================================================
Received Import Request.
  Time since last request: 1.277589 seconds.
  path: Assets/dome/Resources/Prefabs/Equipment/cash_wisp02_b_spirit_bandpose.prefab
  artifactKey: Guid(fde9abd3518348f4393ef320327e17cb) Importer(815301076,1909f56bfc062723c751e8b465ee728b)
Start importing Assets/dome/Resources/Prefabs/Equipment/cash_wisp02_b_spirit_bandpose.prefab using Guid(fde9abd3518348f4393ef320327e17cb) Importer(815301076,1909f56bfc062723c751e8b465ee728b)  -> (artifact id: 'aa07693279aaa18fb88ffa710d448854') in 0.140308 seconds 
========================================================================
Received Import Request.
  Time since last request: 0.123923 seconds.
  path: Assets/dome/Resources/Prefabs/Equipment/cash_xinyuebag_wing_bandpose.prefab
  artifactKey: Guid(4b7b568517168a349911dd893f55c271) Importer(815301076,1909f56bfc062723c751e8b465ee728b)
Start importing Assets/dome/Resources/Prefabs/Equipment/cash_xinyuebag_wing_bandpose.prefab using Guid(4b7b568517168a349911dd893f55c271) Importer(815301076,1909f56bfc062723c751e8b465ee728b)  -> (artifact id: 'a8223f52dd6d50867ae0bbecbcab837d') in 0.102059 seconds 
========================================================================
Received Prepare
Registering precompiled user dll's ...
Registered in 0.065383 seconds.
Begin MonoManager ReloadAssembly
Symbol file LoadedFromMemory doesn't match image D:\Project\Dragon\ZhqSystem\Day02\Library\PackageCache\com.unity.visualscripting@1.7.8\Editor\VisualScripting.Core\Dependencies\DotNetZip\Unity.VisualScripting.IonicZip.dll
Symbol file LoadedFromMemory doesn't match image D:\Project\Dragon\ZhqSystem\Day02\Library\PackageCache\com.unity.visualscripting@1.7.8\Editor\VisualScripting.Core\Dependencies\YamlDotNet\Unity.VisualScripting.YamlDotNet.dll
Native extension for WindowsStandalone target not found
Native extension for Android target not found
Refreshing native plugins compatible for Editor in 26.86 ms, found 4 plugins.
Preloading 0 native plugins for Editor in 0.00 ms.
Mono: successfully reloaded assembly
- Completed reload, in  8.405 seconds
Domain Reload Profiling:
	ReloadAssembly (8413ms)
		BeginReloadAssembly (2312ms)
			ExecutionOrderSort (0ms)
			DisableScriptedObjects (94ms)
			BackupInstance (0ms)
			ReleaseScriptingObjects (8ms)
			CreateAndSetChildDomain (1298ms)
		EndReloadAssembly (5771ms)
			LoadAssemblies (1013ms)
			RebuildTransferFunctionScriptingTraits (3ms)
			SetupTypeCache (826ms)
			ReleaseScriptCaches (42ms)
			RebuildScriptCaches (169ms)
			SetupLoadedEditorAssemblies (3815ms)
				LogAssemblyErrors (0ms)
				InitializePlatformSupportModulesInManaged (61ms)
				SetLoadedEditorAssemblies (4ms)
				RefreshPlugins (27ms)
				BeforeProcessingInitializeOnLoad (190ms)
				ProcessInitializeOnLoadAttributes (3304ms)
				ProcessInitializeOnLoadMethodAttributes (205ms)
				AfterProcessingInitializeOnLoad (23ms)
				EditorAssembliesLoaded (1ms)
			ExecutionOrderSort2 (0ms)
			AwakeInstancesAfterBackupRestoration (99ms)
Platform modules already initialized, skipping
State comes from an incompatible keyword space
State comes from an incompatible keyword space
State comes from an incompatible keyword space
State comes from an incompatible keyword space
Refreshing native plugins compatible for Editor in 27.96 ms, found 4 plugins.
Preloading 0 native plugins for Editor in 0.00 ms.
Unloading 7502 Unused Serialized files (Serialized files now loaded: 0)
Unloading 64 unused Assets / (0.8 MB). Loaded Objects now: 8337.
Memory consumption went from 312.1 MB to 311.2 MB.
Total: 102.703100 ms (FindLiveObjects: 1.874900 ms CreateObjectMapping: 0.466400 ms MarkObjects: 98.137700 ms  DeleteObjects: 2.221000 ms)

AssetImportParameters requested are different than current active one (requested -> active):
  custom:video-decoder-ogg-theora: a1e56fd34408186e4bbccfd4996cb3dc -> 
  custom:container-muxer-webm: aa71ff27fc2769a1b78a27578f13a17b -> 
  custom:container-demuxer-webm: 4f35f7cbe854078d1ac9338744f61a02 -> 
  custom:video-encoder-webm-vp8: eb34c28f22e8b96e1ab97ce403110664 -> 
  custom:audio-encoder-webm-vorbis: bf7c407c2cedff20999df2af8eb42d56 -> 
  custom:framework-win-MediaFoundation: 216162199b28c13a410421893ffa2e32 -> 
  custom:container-demuxer-ogg: 62fdf1f143b41e24485cea50d1cbac27 -> 
  custom:video-decoder-webm-vp8: 9c59270c3fd7afecdb556c50c9e8de78 -> 
  custom:audio-decoder-ogg-vorbis: bf7c407c2cedff20999df2af8eb42d56 -> 
========================================================================
Received Import Request.
  Time since last request: 177.203449 seconds.
  path: Assets/Resources/Prefabs/Monster_alfredo.prefab
  artifactKey: Guid(4ebc488800e025040b56b99aa150c477) Importer(815301076,1909f56bfc062723c751e8b465ee728b)
Start importing Assets/Resources/Prefabs/Monster_alfredo.prefab using Guid(4ebc488800e025040b56b99aa150c477) Importer(815301076,1909f56bfc062723c751e8b465ee728b)  -> (artifact id: 'dfd39c3dffe5952ff463393c6404dbcd') in 0.248656 seconds 
========================================================================
Received Import Request.
  Time since last request: 3.474274 seconds.
  path: Assets/Resources/Prefabs/Monster_dragonsycophant_bishop_black.prefab
  artifactKey: Guid(56a1c763b0052b04aa606a83543ba5e0) Importer(815301076,1909f56bfc062723c751e8b465ee728b)
Start importing Assets/Resources/Prefabs/Monster_dragonsycophant_bishop_black.prefab using Guid(56a1c763b0052b04aa606a83543ba5e0) Importer(815301076,1909f56bfc062723c751e8b465ee728b)  -> (artifact id: '9fac7841aab8e253fd79499a44f6571e') in 0.019315 seconds 
